[2024-03-12 09:35:11,553 WARNING] Corpus corpus_1's weight should be given. We default it to 1 for you.
[2024-03-12 09:35:11,553 INFO] Parsed 2 corpora from -data.
[2024-03-12 09:35:11,553 INFO] Loading checkpoint from gt-pt-enc/models/gt-pt-enc_01_step_8400.pt
[2024-03-12 09:35:11,627 INFO] Building model...
[2024-03-12 09:35:11,683 INFO] Switching model to float32 for amp/apex_amp
[2024-03-12 09:35:11,683 INFO] Non quantized layer compute is fp32
[2024-03-12 09:35:14,027 INFO] NMTModel(
  (encoder): RNNEncoder(
    (embeddings): Embeddings(
      (make_embedding): Sequential(
        (emb_luts): Elementwise(
          (0): Embedding(14144, 300, padding_idx=1)
        )
      )
      (dropout): Dropout(p=0.3, inplace=False)
    )
    (rnn): LSTM(300, 500, num_layers=2, batch_first=True, dropout=0.3)
  )
  (decoder): InputFeedRNNDecoder(
    (embeddings): Embeddings(
      (make_embedding): Sequential(
        (emb_luts): Elementwise(
          (0): Embedding(17816, 300, padding_idx=1)
        )
      )
      (dropout): Dropout(p=0.3, inplace=False)
    )
    (dropout): Dropout(p=0.3, inplace=False)
    (rnn): StackedLSTM(
      (dropout): Dropout(p=0.3, inplace=False)
      (layers): ModuleList(
        (0): LSTMCell(800, 500)
        (1): LSTMCell(500, 500)
      )
    )
    (attn): GlobalAttention(
      (linear_in): Linear(in_features=500, out_features=500, bias=False)
      (linear_out): Linear(in_features=1000, out_features=500, bias=False)
    )
  )
  (generator): Linear(in_features=500, out_features=17816, bias=True)
)
[2024-03-12 09:35:14,028 INFO] encoder: 7851200
[2024-03-12 09:35:14,028 INFO] decoder: 19628616
[2024-03-12 09:35:14,028 INFO] * number of parameters: 27479816
[2024-03-12 09:35:14,028 INFO] Trainable parameters = {'torch.float32': 27479816, 'torch.float16': 0, 'torch.uint8': 0, 'torch.int8': 0}
[2024-03-12 09:35:14,028 INFO] Non trainable parameters = {'torch.float32': 0, 'torch.float16': 0, 'torch.uint8': 0, 'torch.int8': 0}
[2024-03-12 09:35:14,028 INFO]  * src vocab size = 14144
[2024-03-12 09:35:14,028 INFO]  * tgt vocab size = 17816
[2024-03-12 09:35:14,030 INFO] Starting training on GPU: [0]
[2024-03-12 09:35:14,030 INFO] Start training loop and validate every 200 steps...
[2024-03-12 09:35:14,030 INFO] Scoring with: TransformPipe(InferFeatsTransform())
[2024-03-12 09:35:21,298 INFO] Step 8450/13400; acc: 19.3; ppl: 373.5; xent: 5.9; lr: 1.00000; sents:    2297; bsz:  449/ 612/46; 3089/4211 tok/s;      7 sec;
[2024-03-12 09:35:24,138 INFO] Step 8500/13400; acc: 28.6; ppl:  77.4; xent: 4.3; lr: 1.00000; sents:    2392; bsz:  447/ 624/48; 7874/10989 tok/s;     10 sec;
[2024-03-12 09:35:26,737 INFO] Step 8550/13400; acc: 34.3; ppl:  41.5; xent: 3.7; lr: 1.00000; sents:    2391; bsz:  464/ 635/48; 8932/12216 tok/s;     13 sec;
[2024-03-12 09:35:29,241 INFO] Step 8600/13400; acc: 39.5; ppl:  26.6; xent: 3.3; lr: 1.00000; sents:    2279; bsz:  435/ 599/46; 8689/11959 tok/s;     15 sec;
[2024-03-12 09:35:32,886 INFO] valid stats calculation
                           took: 3.6444408893585205 s.
[2024-03-12 09:35:32,886 INFO] Train perplexity: 75.1738
[2024-03-12 09:35:32,886 INFO] Train accuracy: 30.4139
[2024-03-12 09:35:32,886 INFO] Sentences processed: 9359
[2024-03-12 09:35:32,886 INFO] Average bsz:  449/ 617/47
[2024-03-12 09:35:32,886 INFO] Validation perplexity: 62.0305
[2024-03-12 09:35:32,886 INFO] Validation accuracy: 33.6768
[2024-03-12 09:35:32,888 INFO] Saving checkpoint gt-ft-enc/gt-ft-enc_8400_02_step_8600.pt
[2024-03-12 09:35:36,304 INFO] Step 8650/13400; acc: 43.1; ppl:  19.3; xent: 3.0; lr: 1.00000; sents:    2392; bsz:  464/ 634/48; 3288/4488 tok/s;     22 sec;
[2024-03-12 09:35:39,950 INFO] Step 8700/13400; acc: 47.8; ppl:  13.6; xent: 2.6; lr: 1.00000; sents:    2400; bsz:  442/ 620/48; 6055/8503 tok/s;     26 sec;
[2024-03-12 09:35:43,709 INFO] Step 8750/13400; acc: 50.5; ppl:  10.9; xent: 2.4; lr: 1.00000; sents:    2302; bsz:  446/ 609/46; 5931/8101 tok/s;     30 sec;
[2024-03-12 09:35:47,328 INFO] Step 8800/13400; acc: 53.7; ppl:   8.8; xent: 2.2; lr: 1.00000; sents:    2509; bsz:  465/ 651/50; 6430/8997 tok/s;     33 sec;
[2024-03-12 09:35:50,919 INFO] valid stats calculation
                           took: 3.5906851291656494 s.
[2024-03-12 09:35:50,920 INFO] Train perplexity: 30.5109
[2024-03-12 09:35:50,920 INFO] Train accuracy: 39.696
[2024-03-12 09:35:50,920 INFO] Sentences processed: 18962
[2024-03-12 09:35:50,920 INFO] Average bsz:  452/ 623/47
[2024-03-12 09:35:50,920 INFO] Validation perplexity: 53.679
[2024-03-12 09:35:50,920 INFO] Validation accuracy: 37.991
[2024-03-12 09:35:50,921 INFO] Saving checkpoint gt-ft-enc/gt-ft-enc_8400_02_step_8800.pt
[2024-03-12 09:35:54,437 INFO] Step 8850/13400; acc: 56.4; ppl:   7.2; xent: 2.0; lr: 1.00000; sents:    2301; bsz:  445/ 609/46; 3134/4282 tok/s;     40 sec;
[2024-03-12 09:35:58,105 INFO] Step 8900/13400; acc: 58.6; ppl:   6.2; xent: 1.8; lr: 1.00000; sents:    2288; bsz:  436/ 601/46; 5947/8188 tok/s;     44 sec;
[2024-03-12 09:36:01,817 INFO] Step 8950/13400; acc: 61.6; ppl:   5.2; xent: 1.6; lr: 1.00000; sents:    2507; bsz:  462/ 645/50; 6217/8688 tok/s;     48 sec;
[2024-03-12 09:36:05,512 INFO] Step 9000/13400; acc: 63.5; ppl:   4.6; xent: 1.5; lr: 1.00000; sents:    2281; bsz:  437/ 600/46; 5913/8125 tok/s;     51 sec;
[2024-03-12 09:36:09,113 INFO] valid stats calculation
                           took: 3.60085129737854 s.
[2024-03-12 09:36:09,113 INFO] Train perplexity: 17.5536
[2024-03-12 09:36:09,113 INFO] Train accuracy: 46.4121
[2024-03-12 09:36:09,113 INFO] Sentences processed: 28339
[2024-03-12 09:36:09,113 INFO] Average bsz:  449/ 620/47
[2024-03-12 09:36:09,113 INFO] Validation perplexity: 73.0376
[2024-03-12 09:36:09,113 INFO] Validation accuracy: 38.152
[2024-03-12 09:36:09,115 INFO] Saving checkpoint gt-ft-enc/gt-ft-enc_8400_02_step_9000.pt
[2024-03-12 09:36:12,693 INFO] Step 9050/13400; acc: 65.2; ppl:   4.2; xent: 1.4; lr: 1.00000; sents:    2393; bsz:  450/ 623/48; 3134/4335 tok/s;     59 sec;
[2024-03-12 09:36:16,555 INFO] Step 9100/13400; acc: 66.4; ppl:   3.9; xent: 1.4; lr: 1.00000; sents:    2295; bsz:  469/ 628/46; 6078/8133 tok/s;     63 sec;
[2024-03-12 09:36:20,365 INFO] Step 9150/13400; acc: 69.1; ppl:   3.4; xent: 1.2; lr: 1.00000; sents:    2391; bsz:  449/ 623/48; 5898/8171 tok/s;     66 sec;
[2024-03-12 09:36:24,064 INFO] Step 9200/13400; acc: 71.7; ppl:   3.0; xent: 1.1; lr: 1.00000; sents:    2391; bsz:  440/ 613/48; 5949/8293 tok/s;     70 sec;
[2024-03-12 09:36:27,563 INFO] valid stats calculation
                           took: 3.4984705448150635 s.
[2024-03-12 09:36:27,563 INFO] Train perplexity: 11.8183
[2024-03-12 09:36:27,564 INFO] Train accuracy: 51.8443
[2024-03-12 09:36:27,564 INFO] Sentences processed: 37809
[2024-03-12 09:36:27,564 INFO] Average bsz:  450/ 620/47
[2024-03-12 09:36:27,564 INFO] Validation perplexity: 75.5649
[2024-03-12 09:36:27,564 INFO] Validation accuracy: 39.3754
[2024-03-12 09:36:27,565 INFO] Saving checkpoint gt-ft-enc/gt-ft-enc_8400_02_step_9200.pt
[2024-03-12 09:36:31,310 INFO] Step 9250/13400; acc: 72.5; ppl:   2.9; xent: 1.1; lr: 1.00000; sents:    2299; bsz:  442/ 606/46; 3048/4180 tok/s;     77 sec;
[2024-03-12 09:36:35,081 INFO] Step 9300/13400; acc: 74.7; ppl:   2.6; xent: 1.0; lr: 1.00000; sents:    2399; bsz:  454/ 628/48; 6021/8324 tok/s;     81 sec;
[2024-03-12 09:36:38,753 INFO] Step 9350/13400; acc: 76.1; ppl:   2.4; xent: 0.9; lr: 1.00000; sents:    2401; bsz:  445/ 620/48; 6057/8441 tok/s;     85 sec;
[2024-03-12 09:36:42,235 INFO] Step 9400/13400; acc: 77.0; ppl:   2.3; xent: 0.8; lr: 1.00000; sents:    2305; bsz:  449/ 608/46; 6442/8727 tok/s;     88 sec;
[2024-03-12 09:36:45,800 INFO] valid stats calculation
                           took: 3.5641117095947266 s.
[2024-03-12 09:36:45,800 INFO] Train perplexity: 8.72135
[2024-03-12 09:36:45,800 INFO] Train accuracy: 56.4626
[2024-03-12 09:36:45,800 INFO] Sentences processed: 47213
[2024-03-12 09:36:45,800 INFO] Average bsz:  450/ 619/47
[2024-03-12 09:36:45,800 INFO] Validation perplexity: 85.8847
[2024-03-12 09:36:45,800 INFO] Validation accuracy: 39.2144
[2024-03-12 09:36:45,801 INFO] Saving checkpoint gt-ft-enc/gt-ft-enc_8400_02_step_9400.pt
[2024-03-12 09:36:49,540 INFO] Step 9450/13400; acc: 78.2; ppl:   2.2; xent: 0.8; lr: 1.00000; sents:    2401; bsz:  457/ 634/48; 3130/4336 tok/s;     96 sec;
[2024-03-12 09:36:53,254 INFO] Step 9500/13400; acc: 80.4; ppl:   2.0; xent: 0.7; lr: 1.00000; sents:    2399; bsz:  443/ 618/48; 5965/8318 tok/s;     99 sec;
[2024-03-12 09:36:56,991 INFO] Step 9550/13400; acc: 80.4; ppl:   2.0; xent: 0.7; lr: 1.00000; sents:    2299; bsz:  442/ 609/46; 5918/8144 tok/s;    103 sec;
[2024-03-12 09:37:00,536 INFO] Step 9600/13400; acc: 81.8; ppl:   1.9; xent: 0.6; lr: 1.00000; sents:    2393; bsz:  454/ 629/48; 6406/8870 tok/s;    107 sec;
[2024-03-12 09:37:04,129 INFO] valid stats calculation
                           took: 3.592322826385498 s.
[2024-03-12 09:37:04,129 INFO] Train perplexity: 6.84237
[2024-03-12 09:37:04,130 INFO] Train accuracy: 60.4325
[2024-03-12 09:37:04,130 INFO] Sentences processed: 56705
[2024-03-12 09:37:04,130 INFO] Average bsz:  449/ 620/47
[2024-03-12 09:37:04,130 INFO] Validation perplexity: 118.463
[2024-03-12 09:37:04,130 INFO] Validation accuracy: 39.0212
[2024-03-12 09:37:04,131 INFO] Saving checkpoint gt-ft-enc/gt-ft-enc_8400_02_step_9600.pt
[2024-03-12 09:37:07,840 INFO] Step 9650/13400; acc: 83.2; ppl:   1.8; xent: 0.6; lr: 1.00000; sents:    2392; bsz:  444/ 617/48; 3040/4225 tok/s;    114 sec;
[2024-03-12 09:37:11,655 INFO] Step 9700/13400; acc: 82.9; ppl:   1.8; xent: 0.6; lr: 1.00000; sents:    2295; bsz:  463/ 629/46; 6068/8248 tok/s;    118 sec;
[2024-03-12 09:37:15,407 INFO] Step 9750/13400; acc: 85.0; ppl:   1.7; xent: 0.5; lr: 1.00000; sents:    2391; bsz:  444/ 618/48; 5917/8234 tok/s;    121 sec;
[2024-03-12 09:37:18,892 INFO] Step 9800/13400; acc: 85.5; ppl:   1.7; xent: 0.5; lr: 1.00000; sents:    2391; bsz:  454/ 630/48; 6518/9042 tok/s;    125 sec;
[2024-03-12 09:37:22,428 INFO] valid stats calculation
                           took: 3.5356638431549072 s.
[2024-03-12 09:37:22,428 INFO] Train perplexity: 5.62483
[2024-03-12 09:37:22,428 INFO] Train accuracy: 63.8372
[2024-03-12 09:37:22,428 INFO] Sentences processed: 66174
[2024-03-12 09:37:22,428 INFO] Average bsz:  450/ 620/47
[2024-03-12 09:37:22,428 INFO] Validation perplexity: 129.738
[2024-03-12 09:37:22,428 INFO] Validation accuracy: 40.1803
[2024-03-12 09:37:22,430 INFO] Saving checkpoint gt-ft-enc/gt-ft-enc_8400_02_step_9800.pt
[2024-03-12 09:37:26,274 INFO] Step 9850/13400; acc: 86.0; ppl:   1.6; xent: 0.5; lr: 1.00000; sents:    2400; bsz:  443/ 618/48; 3002/4182 tok/s;    132 sec;
[2024-03-12 09:37:30,162 INFO] Step 9900/13400; acc: 86.6; ppl:   1.6; xent: 0.5; lr: 1.00000; sents:    2302; bsz:  444/ 612/46; 5709/7876 tok/s;    136 sec;
[2024-03-12 09:37:33,862 INFO] Step 9950/13400; acc: 87.1; ppl:   1.6; xent: 0.4; lr: 1.00000; sents:    2401; bsz:  446/ 620/48; 6023/8374 tok/s;    140 sec;
[2024-03-12 09:37:36,917 INFO] Step 10000/13400; acc: 87.8; ppl:   1.5; xent: 0.4; lr: 1.00000; sents:    2307; bsz:  445/ 610/46; 7284/9977 tok/s;    143 sec;
[2024-03-12 09:37:40,461 INFO] valid stats calculation
                           took: 3.5438075065612793 s.
[2024-03-12 09:37:40,462 INFO] Train perplexity: 4.80208
[2024-03-12 09:37:40,462 INFO] Train accuracy: 66.6939
[2024-03-12 09:37:40,462 INFO] Sentences processed: 75584
[2024-03-12 09:37:40,462 INFO] Average bsz:  449/ 620/47
[2024-03-12 09:37:40,462 INFO] Validation perplexity: 128.312
[2024-03-12 09:37:40,462 INFO] Validation accuracy: 40.5988
[2024-03-12 09:37:40,463 INFO] Saving checkpoint gt-ft-enc/gt-ft-enc_8400_02_step_10000.pt
[2024-03-12 09:37:44,264 INFO] Step 10050/13400; acc: 88.3; ppl:   1.5; xent: 0.4; lr: 1.00000; sents:    2400; bsz:  455/ 629/48; 3098/4284 tok/s;    150 sec;
[2024-03-12 09:37:47,982 INFO] Step 10100/13400; acc: 88.5; ppl:   1.5; xent: 0.4; lr: 1.00000; sents:    2303; bsz:  446/ 610/46; 5994/8198 tok/s;    154 sec;
[2024-03-12 09:37:51,745 INFO] Step 10150/13400; acc: 88.6; ppl:   1.5; xent: 0.4; lr: 1.00000; sents:    2394; bsz:  469/ 639/48; 6227/8489 tok/s;    158 sec;
[2024-03-12 09:37:54,622 INFO] Step 10200/13400; acc: 89.4; ppl:   1.4; xent: 0.4; lr: 1.00000; sents:    2393; bsz:  447/ 624/48; 7778/10853 tok/s;    161 sec;
[2024-03-12 09:37:58,307 INFO] valid stats calculation
                           took: 3.6851415634155273 s.
[2024-03-12 09:37:58,308 INFO] Train perplexity: 4.20559
[2024-03-12 09:37:58,308 INFO] Train accuracy: 69.1572
[2024-03-12 09:37:58,308 INFO] Sentences processed: 85074
[2024-03-12 09:37:58,308 INFO] Average bsz:  450/ 620/47
[2024-03-12 09:37:58,308 INFO] Validation perplexity: 147.047
[2024-03-12 09:37:58,308 INFO] Validation accuracy: 40.9208
[2024-03-12 09:37:58,309 INFO] Saving checkpoint gt-ft-enc/gt-ft-enc_8400_02_step_10200.pt
[2024-03-12 09:38:02,223 INFO] Step 10250/13400; acc: 89.9; ppl:   1.4; xent: 0.3; lr: 1.00000; sents:    2392; bsz:  462/ 635/48; 3039/4177 tok/s;    168 sec;
[2024-03-12 09:38:05,928 INFO] Step 10300/13400; acc: 90.1; ppl:   1.4; xent: 0.3; lr: 1.00000; sents:    2279; bsz:  438/ 600/46; 5920/8095 tok/s;    172 sec;
[2024-03-12 09:38:09,608 INFO] Step 10350/13400; acc: 90.9; ppl:   1.4; xent: 0.3; lr: 1.00000; sents:    2391; bsz:  441/ 617/48; 5988/8388 tok/s;    176 sec;
[2024-03-12 09:38:12,353 INFO] Step 10400/13400; acc: 90.8; ppl:   1.4; xent: 0.3; lr: 1.00000; sents:    2392; bsz:  456/ 630/48; 8304/11470 tok/s;    178 sec;
[2024-03-12 09:38:15,814 INFO] valid stats calculation
                           took: 3.460144519805908 s.
[2024-03-12 09:38:15,815 INFO] Train perplexity: 3.76437
[2024-03-12 09:38:15,815 INFO] Train accuracy: 71.284
[2024-03-12 09:38:15,815 INFO] Sentences processed: 94528
[2024-03-12 09:38:15,815 INFO] Average bsz:  450/ 620/47
[2024-03-12 09:38:15,815 INFO] Validation perplexity: 161.444
[2024-03-12 09:38:15,815 INFO] Validation accuracy: 40.9852
[2024-03-12 09:38:15,816 INFO] Saving checkpoint gt-ft-enc/gt-ft-enc_8400_02_step_10400.pt
[2024-03-12 09:38:19,632 INFO] Step 10450/13400; acc: 91.1; ppl:   1.4; xent: 0.3; lr: 1.00000; sents:    2298; bsz:  444/ 608/46; 3048/4175 tok/s;    186 sec;
[2024-03-12 09:38:23,369 INFO] Step 10500/13400; acc: 91.7; ppl:   1.3; xent: 0.3; lr: 1.00000; sents:    2404; bsz:  447/ 621/48; 5983/8315 tok/s;    189 sec;
[2024-03-12 09:38:26,955 INFO] Step 10550/13400; acc: 91.4; ppl:   1.3; xent: 0.3; lr: 1.00000; sents:    2406; bsz:  462/ 634/48; 6437/8839 tok/s;    193 sec;
[2024-03-12 09:38:29,408 INFO] Step 10600/13400; acc: 92.1; ppl:   1.3; xent: 0.3; lr: 1.00000; sents:    2293; bsz:  424/ 590/46; 8652/12029 tok/s;    195 sec;
[2024-03-12 09:38:32,992 INFO] valid stats calculation
                           took: 3.5841102600097656 s.
[2024-03-12 09:38:32,993 INFO] Train perplexity: 3.42828
[2024-03-12 09:38:32,993 INFO] Train accuracy: 73.1094
[2024-03-12 09:38:32,993 INFO] Sentences processed: 103929
[2024-03-12 09:38:32,993 INFO] Average bsz:  449/ 620/47
[2024-03-12 09:38:32,993 INFO] Validation perplexity: 196.938
[2024-03-12 09:38:32,993 INFO] Validation accuracy: 41.6613
[2024-03-12 09:38:32,994 INFO] Saving checkpoint gt-ft-enc/gt-ft-enc_8400_02_step_10600.pt
[2024-03-12 09:38:36,719 INFO] Step 10650/13400; acc: 91.8; ppl:   1.3; xent: 0.3; lr: 1.00000; sents:    2399; bsz:  455/ 629/48; 3111/4301 tok/s;    203 sec;
[2024-03-12 09:38:40,555 INFO] Step 10700/13400; acc: 92.4; ppl:   1.3; xent: 0.3; lr: 1.00000; sents:    2299; bsz:  450/ 614/46; 5869/8011 tok/s;    207 sec;
[2024-03-12 09:38:44,141 INFO] Step 10750/13400; acc: 92.1; ppl:   1.3; xent: 0.3; lr: 1.00000; sents:    2393; bsz:  469/ 636/48; 6540/8872 tok/s;    210 sec;
[2024-03-12 09:38:46,636 INFO] Step 10800/13400; acc: 93.2; ppl:   1.3; xent: 0.2; lr: 1.00000; sents:    2393; bsz:  451/ 623/48; 9036/12485 tok/s;    213 sec;
[2024-03-12 09:38:50,078 INFO] valid stats calculation
                           took: 3.4410624504089355 s.
[2024-03-12 09:38:50,078 INFO] Train perplexity: 3.15827
[2024-03-12 09:38:50,078 INFO] Train accuracy: 74.7305
[2024-03-12 09:38:50,078 INFO] Sentences processed: 113413
[2024-03-12 09:38:50,078 INFO] Average bsz:  450/ 620/47
[2024-03-12 09:38:50,078 INFO] Validation perplexity: 216.563
[2024-03-12 09:38:50,078 INFO] Validation accuracy: 41.3715
[2024-03-12 09:38:50,080 INFO] Saving checkpoint gt-ft-enc/gt-ft-enc_8400_02_step_10800.pt
[2024-03-12 09:38:53,916 INFO] Step 10850/13400; acc: 93.0; ppl:   1.3; xent: 0.2; lr: 1.00000; sents:    2391; bsz:  448/ 624/48; 3079/4284 tok/s;    220 sec;
[2024-03-12 09:38:57,663 INFO] Step 10900/13400; acc: 93.2; ppl:   1.3; xent: 0.2; lr: 1.00000; sents:    2391; bsz:  439/ 612/48; 5863/8171 tok/s;    224 sec;
[2024-03-12 09:39:00,993 INFO] Step 10950/13400; acc: 93.3; ppl:   1.3; xent: 0.2; lr: 1.00000; sents:    2290; bsz:  441/ 604/46; 6621/9070 tok/s;    227 sec;
[2024-03-12 09:39:03,545 INFO] Step 11000/13400; acc: 93.6; ppl:   1.2; xent: 0.2; lr: 1.00000; sents:    2400; bsz:  446/ 622/48; 8730/12180 tok/s;    230 sec;
[2024-03-12 09:39:07,013 INFO] valid stats calculation
                           took: 3.4673421382904053 s.
[2024-03-12 09:39:07,013 INFO] Train perplexity: 2.94348
[2024-03-12 09:39:07,013 INFO] Train accuracy: 76.1477
[2024-03-12 09:39:07,013 INFO] Sentences processed: 122885
[2024-03-12 09:39:07,013 INFO] Average bsz:  449/ 620/47
[2024-03-12 09:39:07,013 INFO] Validation perplexity: 208.433
[2024-03-12 09:39:07,013 INFO] Validation accuracy: 42.2086
[2024-03-12 09:39:07,015 INFO] Saving checkpoint gt-ft-enc/gt-ft-enc_8400_02_step_11000.pt
[2024-03-12 09:39:11,011 INFO] Step 11050/13400; acc: 93.2; ppl:   1.3; xent: 0.2; lr: 1.00000; sents:    2302; bsz:  463/ 622/46; 3103/4167 tok/s;    237 sec;
[2024-03-12 09:39:14,612 INFO] Step 11100/13400; acc: 93.8; ppl:   1.2; xent: 0.2; lr: 1.00000; sents:    2400; bsz:  444/ 619/48; 6166/8597 tok/s;    241 sec;
[2024-03-12 09:39:17,669 INFO] Step 11150/13400; acc: 93.6; ppl:   1.2; xent: 0.2; lr: 1.00000; sents:    2403; bsz:  453/ 630/48; 7410/10297 tok/s;    244 sec;
[2024-03-12 09:39:20,331 INFO] Step 11200/13400; acc: 93.8; ppl:   1.2; xent: 0.2; lr: 1.00000; sents:    2305; bsz:  443/ 611/46; 8328/11480 tok/s;    246 sec;
[2024-03-12 09:39:23,737 INFO] valid stats calculation
                           took: 3.4056222438812256 s.
[2024-03-12 09:39:23,737 INFO] Train perplexity: 2.76784
[2024-03-12 09:39:23,737 INFO] Train accuracy: 77.3932
[2024-03-12 09:39:23,737 INFO] Sentences processed: 132295
[2024-03-12 09:39:23,737 INFO] Average bsz:  449/ 620/47
[2024-03-12 09:39:23,737 INFO] Validation perplexity: 227.125
[2024-03-12 09:39:23,737 INFO] Validation accuracy: 41.9833
[2024-03-12 09:39:23,739 INFO] Saving checkpoint gt-ft-enc/gt-ft-enc_8400_02_step_11200.pt
[2024-03-12 09:39:27,512 INFO] Step 11250/13400; acc: 94.1; ppl:   1.2; xent: 0.2; lr: 1.00000; sents:    2399; bsz:  444/ 618/48; 3093/4304 tok/s;    253 sec;
[2024-03-12 09:39:31,199 INFO] Step 11300/13400; acc: 93.8; ppl:   1.2; xent: 0.2; lr: 1.00000; sents:    2395; bsz:  444/ 618/48; 6023/8379 tok/s;    257 sec;
[2024-03-12 09:39:34,311 INFO] Step 11350/13400; acc: 93.9; ppl:   1.2; xent: 0.2; lr: 1.00000; sents:    2393; bsz:  461/ 636/48; 7408/10228 tok/s;    260 sec;
[2024-03-12 09:39:37,016 INFO] Step 11400/13400; acc: 94.0; ppl:   1.2; xent: 0.2; lr: 1.00000; sents:    2296; bsz:  447/ 611/46; 8272/11300 tok/s;    263 sec;
[2024-03-12 09:39:40,479 INFO] valid stats calculation
                           took: 3.462750196456909 s.
[2024-03-12 09:39:40,479 INFO] Train perplexity: 2.62166
[2024-03-12 09:39:40,480 INFO] Train accuracy: 78.4981
[2024-03-12 09:39:40,480 INFO] Sentences processed: 141778
[2024-03-12 09:39:40,480 INFO] Average bsz:  449/ 620/47
[2024-03-12 09:39:40,480 INFO] Validation perplexity: 264.594
[2024-03-12 09:39:40,480 INFO] Validation accuracy: 41.5003
[2024-03-12 09:39:40,481 INFO] Saving checkpoint gt-ft-enc/gt-ft-enc_8400_02_step_11400.pt
[2024-03-12 09:39:44,393 INFO] Step 11450/13400; acc: 94.1; ppl:   1.2; xent: 0.2; lr: 1.00000; sents:    2391; bsz:  454/ 630/48; 3079/4270 tok/s;    270 sec;
[2024-03-12 09:39:48,141 INFO] Step 11500/13400; acc: 94.0; ppl:   1.2; xent: 0.2; lr: 1.00000; sents:    2293; bsz:  430/ 595/46; 5732/7934 tok/s;    274 sec;
[2024-03-12 09:39:51,135 INFO] Step 11550/13400; acc: 94.5; ppl:   1.2; xent: 0.2; lr: 1.00000; sents:    2392; bsz:  455/ 631/48; 7594/10532 tok/s;    277 sec;
[2024-03-12 09:39:53,973 INFO] Step 11600/13400; acc: 94.5; ppl:   1.2; xent: 0.2; lr: 1.00000; sents:    2400; bsz:  446/ 621/48; 7850/10943 tok/s;    280 sec;
[2024-03-12 09:39:57,463 INFO] valid stats calculation
                           took: 3.488903760910034 s.
[2024-03-12 09:39:57,463 INFO] Train perplexity: 2.49833
[2024-03-12 09:39:57,463 INFO] Train accuracy: 79.4843
[2024-03-12 09:39:57,463 INFO] Sentences processed: 151254
[2024-03-12 09:39:57,463 INFO] Average bsz:  449/ 620/47
[2024-03-12 09:39:57,463 INFO] Validation perplexity: 250.375
[2024-03-12 09:39:57,463 INFO] Validation accuracy: 41.1462
[2024-03-12 09:39:57,465 INFO] Saving checkpoint gt-ft-enc/gt-ft-enc_8400_02_step_11600.pt
[2024-03-12 09:40:01,437 INFO] Step 11650/13400; acc: 94.8; ppl:   1.2; xent: 0.2; lr: 1.00000; sents:    2303; bsz:  459/ 622/46; 3075/4168 tok/s;    287 sec;
[2024-03-12 09:40:05,071 INFO] Step 11700/13400; acc: 94.8; ppl:   1.2; xent: 0.2; lr: 1.00000; sents:    2401; bsz:  445/ 619/48; 6118/8520 tok/s;    291 sec;
[2024-03-12 09:40:07,769 INFO] Step 11750/13400; acc: 94.7; ppl:   1.2; xent: 0.2; lr: 1.00000; sents:    2403; bsz:  467/ 637/48; 8647/11810 tok/s;    294 sec;
[2024-03-12 09:40:10,865 INFO] Step 11800/13400; acc: 94.9; ppl:   1.2; xent: 0.2; lr: 1.00000; sents:    2301; bsz:  426/ 596/46; 6875/9635 tok/s;    297 sec;
[2024-03-12 09:40:14,330 INFO] valid stats calculation
                           took: 3.465087652206421 s.
[2024-03-12 09:40:14,331 INFO] Train perplexity: 2.39276
[2024-03-12 09:40:14,331 INFO] Train accuracy: 80.3823
[2024-03-12 09:40:14,331 INFO] Sentences processed: 160662
[2024-03-12 09:40:14,331 INFO] Average bsz:  449/ 620/47
[2024-03-12 09:40:14,331 INFO] Validation perplexity: 292.503
[2024-03-12 09:40:14,331 INFO] Validation accuracy: 41.6935
[2024-03-12 09:40:14,332 INFO] Saving checkpoint gt-ft-enc/gt-ft-enc_8400_02_step_11800.pt
[2024-03-12 09:40:18,253 INFO] Step 11850/13400; acc: 94.4; ppl:   1.2; xent: 0.2; lr: 1.00000; sents:    2402; bsz:  471/ 641/48; 3185/4338 tok/s;    304 sec;
[2024-03-12 09:40:21,915 INFO] Step 11900/13400; acc: 95.1; ppl:   1.2; xent: 0.2; lr: 1.00000; sents:    2394; bsz:  443/ 618/48; 6045/8433 tok/s;    308 sec;
[2024-03-12 09:40:24,666 INFO] Step 11950/13400; acc: 94.9; ppl:   1.2; xent: 0.2; lr: 1.00000; sents:    2281; bsz:  456/ 618/46; 8295/11243 tok/s;    311 sec;
[2024-03-12 09:40:27,828 INFO] Step 12000/13400; acc: 95.3; ppl:   1.2; xent: 0.2; lr: 1.00000; sents:    2392; bsz:  444/ 619/48; 7025/9792 tok/s;    314 sec;
[2024-03-12 09:40:31,273 INFO] valid stats calculation
                           took: 3.4443554878234863 s.
[2024-03-12 09:40:31,273 INFO] Train perplexity: 2.30064
[2024-03-12 09:40:31,273 INFO] Train accuracy: 81.1949
[2024-03-12 09:40:31,273 INFO] Sentences processed: 170131
[2024-03-12 09:40:31,273 INFO] Average bsz:  449/ 620/47
[2024-03-12 09:40:31,273 INFO] Validation perplexity: 284.734
[2024-03-12 09:40:31,273 INFO] Validation accuracy: 41.4681
[2024-03-12 09:40:31,275 INFO] Saving checkpoint gt-ft-enc/gt-ft-enc_8400_02_step_12000.pt
[2024-03-12 09:40:35,038 INFO] Step 12050/13400; acc: 95.3; ppl:   1.2; xent: 0.2; lr: 1.00000; sents:    2391; bsz:  442/ 615/48; 3064/4264 tok/s;    321 sec;
[2024-03-12 09:40:38,777 INFO] Step 12100/13400; acc: 95.0; ppl:   1.2; xent: 0.2; lr: 1.00000; sents:    2278; bsz:  450/ 613/46; 6020/8196 tok/s;    325 sec;
[2024-03-12 09:40:41,253 INFO] Step 12150/13400; acc: 95.4; ppl:   1.2; xent: 0.2; lr: 1.00000; sents:    2399; bsz:  445/ 619/48; 8988/12502 tok/s;    327 sec;
[2024-03-12 09:40:44,582 INFO] Step 12200/13400; acc: 95.0; ppl:   1.2; xent: 0.2; lr: 1.00000; sents:    2404; bsz:  449/ 624/48; 6741/9377 tok/s;    331 sec;
[2024-03-12 09:40:48,049 INFO] valid stats calculation
                           took: 3.4672276973724365 s.
[2024-03-12 09:40:48,050 INFO] Train perplexity: 2.22105
[2024-03-12 09:40:48,050 INFO] Train accuracy: 81.9289
[2024-03-12 09:40:48,050 INFO] Sentences processed: 179603
[2024-03-12 09:40:48,050 INFO] Average bsz:  449/ 620/47
[2024-03-12 09:40:48,050 INFO] Validation perplexity: 314.326
[2024-03-12 09:40:48,050 INFO] Validation accuracy: 41.275
[2024-03-12 09:40:48,051 INFO] Saving checkpoint gt-ft-enc/gt-ft-enc_8400_02_step_12200.pt
[2024-03-12 09:40:51,928 INFO] Step 12250/13400; acc: 95.2; ppl:   1.2; xent: 0.2; lr: 1.00000; sents:    2404; bsz:  464/ 634/48; 3161/4313 tok/s;    338 sec;
[2024-03-12 09:40:55,340 INFO] Step 12300/13400; acc: 95.5; ppl:   1.2; xent: 0.2; lr: 1.00000; sents:    2298; bsz:  438/ 603/46; 6417/8836 tok/s;    341 sec;
[2024-03-12 09:40:57,760 INFO] Step 12350/13400; acc: 95.5; ppl:   1.2; xent: 0.2; lr: 1.00000; sents:    2401; bsz:  442/ 618/48; 9144/12770 tok/s;    344 sec;
[2024-03-12 09:41:01,222 INFO] Step 12400/13400; acc: 95.6; ppl:   1.2; xent: 0.2; lr: 1.00000; sents:    2399; bsz:  468/ 636/48; 6758/9179 tok/s;    347 sec;
[2024-03-12 09:41:04,633 INFO] valid stats calculation
                           took: 3.4104061126708984 s.
[2024-03-12 09:41:04,633 INFO] Train perplexity: 2.15057
[2024-03-12 09:41:04,633 INFO] Train accuracy: 82.607
[2024-03-12 09:41:04,633 INFO] Sentences processed: 189105
[2024-03-12 09:41:04,633 INFO] Average bsz:  449/ 620/47
[2024-03-12 09:41:04,634 INFO] Validation perplexity: 347.413
[2024-03-12 09:41:04,634 INFO] Validation accuracy: 41.3715
[2024-03-12 09:41:04,635 INFO] Saving checkpoint gt-ft-enc/gt-ft-enc_8400_02_step_12400.pt
[2024-03-12 09:41:08,574 INFO] Step 12450/13400; acc: 95.3; ppl:   1.2; xent: 0.2; lr: 1.00000; sents:    2299; bsz:  453/ 617/46; 3078/4195 tok/s;    355 sec;
[2024-03-12 09:41:11,943 INFO] Step 12500/13400; acc: 95.7; ppl:   1.2; xent: 0.1; lr: 1.00000; sents:    2393; bsz:  443/ 616/48; 6569/9139 tok/s;    358 sec;
[2024-03-12 09:41:14,443 INFO] Step 12550/13400; acc: 95.7; ppl:   1.2; xent: 0.1; lr: 1.00000; sents:    2292; bsz:  442/ 606/46; 8839/12129 tok/s;    360 sec;
[2024-03-12 09:41:18,037 INFO] Step 12600/13400; acc: 95.7; ppl:   1.2; xent: 0.1; lr: 1.00000; sents:    2391; bsz:  448/ 622/48; 6233/8656 tok/s;    364 sec;
[2024-03-12 09:41:21,476 INFO] valid stats calculation
                           took: 3.4389100074768066 s.
[2024-03-12 09:41:21,477 INFO] Train perplexity: 2.08881
[2024-03-12 09:41:21,477 INFO] Train accuracy: 83.2217
[2024-03-12 09:41:21,477 INFO] Sentences processed: 198480
[2024-03-12 09:41:21,477 INFO] Average bsz:  449/ 620/47
[2024-03-12 09:41:21,477 INFO] Validation perplexity: 356.613
[2024-03-12 09:41:21,477 INFO] Validation accuracy: 41.7257
[2024-03-12 09:41:21,478 INFO] Saving checkpoint gt-ft-enc/gt-ft-enc_8400_02_step_12600.pt
[2024-03-12 09:41:25,331 INFO] Step 12650/13400; acc: 95.8; ppl:   1.1; xent: 0.1; lr: 1.00000; sents:    2294; bsz:  445/ 603/46; 3052/4135 tok/s;    371 sec;
[2024-03-12 09:41:28,677 INFO] Step 12700/13400; acc: 95.8; ppl:   1.2; xent: 0.1; lr: 1.00000; sents:    2391; bsz:  459/ 633/48; 6853/9459 tok/s;    375 sec;
[2024-03-12 09:41:31,183 INFO] Step 12750/13400; acc: 95.6; ppl:   1.2; xent: 0.1; lr: 1.00000; sents:    2400; bsz:  445/ 621/48; 8884/12401 tok/s;    377 sec;
[2024-03-12 09:41:34,929 INFO] Step 12800/13400; acc: 95.8; ppl:   1.2; xent: 0.1; lr: 1.00000; sents:    2399; bsz:  444/ 619/48; 5933/8258 tok/s;    381 sec;
[2024-03-12 09:41:38,345 INFO] valid stats calculation
                           took: 3.4161980152130127 s.
[2024-03-12 09:41:38,346 INFO] Train perplexity: 2.03345
[2024-03-12 09:41:38,346 INFO] Train accuracy: 83.7909
[2024-03-12 09:41:38,346 INFO] Sentences processed: 207964
[2024-03-12 09:41:38,346 INFO] Average bsz:  449/ 620/47
[2024-03-12 09:41:38,346 INFO] Validation perplexity: 358.553
[2024-03-12 09:41:38,346 INFO] Validation accuracy: 41.1784
[2024-03-12 09:41:38,347 INFO] Saving checkpoint gt-ft-enc/gt-ft-enc_8400_02_step_12800.pt
[2024-03-12 09:41:42,273 INFO] Step 12850/13400; acc: 95.7; ppl:   1.2; xent: 0.1; lr: 1.00000; sents:    2304; bsz:  456/ 626/46; 3103/4265 tok/s;    388 sec;
[2024-03-12 09:41:45,293 INFO] Step 12900/13400; acc: 96.1; ppl:   1.1; xent: 0.1; lr: 1.00000; sents:    2403; bsz:  440/ 613/48; 7291/10145 tok/s;    391 sec;
[2024-03-12 09:41:47,913 INFO] Step 12950/13400; acc: 95.7; ppl:   1.2; xent: 0.1; lr: 1.00000; sents:    2305; bsz:  448/ 614/46; 8556/11714 tok/s;    394 sec;
[2024-03-12 09:41:51,704 INFO] Step 13000/13400; acc: 95.9; ppl:   1.2; xent: 0.1; lr: 1.00000; sents:    2399; bsz:  462/ 639/48; 6091/8426 tok/s;    398 sec;
[2024-03-12 09:41:55,118 INFO] valid stats calculation
                           took: 3.414018154144287 s.
[2024-03-12 09:41:55,119 INFO] Train perplexity: 1.98364
[2024-03-12 09:41:55,119 INFO] Train accuracy: 84.3178
[2024-03-12 09:41:55,119 INFO] Sentences processed: 217375
[2024-03-12 09:41:55,119 INFO] Average bsz:  449/ 620/47
[2024-03-12 09:41:55,119 INFO] Validation perplexity: 445.336
[2024-03-12 09:41:55,119 INFO] Validation accuracy: 40.6632
[2024-03-12 09:41:55,120 INFO] Saving checkpoint gt-ft-enc/gt-ft-enc_8400_02_step_13000.pt
[2024-03-12 09:41:58,936 INFO] Step 13050/13400; acc: 96.0; ppl:   1.1; xent: 0.1; lr: 1.00000; sents:    2395; bsz:  444/ 618/48; 3073/4271 tok/s;    405 sec;
[2024-03-12 09:42:01,936 INFO] Step 13100/13400; acc: 95.9; ppl:   1.1; xent: 0.1; lr: 1.00000; sents:    2393; bsz:  454/ 629/48; 7573/10489 tok/s;    408 sec;
[2024-03-12 09:42:04,844 INFO] Step 13150/13400; acc: 96.2; ppl:   1.1; xent: 0.1; lr: 1.00000; sents:    2294; bsz:  442/ 610/46; 7597/10491 tok/s;    411 sec;
[2024-03-12 09:42:08,537 INFO] Step 13200/13400; acc: 96.0; ppl:   1.1; xent: 0.1; lr: 1.00000; sents:    2391; bsz:  443/ 616/48; 5999/8340 tok/s;    415 sec;
[2024-03-12 09:42:11,985 INFO] valid stats calculation
                           took: 3.4471793174743652 s.
[2024-03-12 09:42:11,985 INFO] Train perplexity: 1.93894
[2024-03-12 09:42:11,985 INFO] Train accuracy: 84.8046
[2024-03-12 09:42:11,985 INFO] Sentences processed: 226848
[2024-03-12 09:42:11,985 INFO] Average bsz:  449/ 620/47
[2024-03-12 09:42:11,985 INFO] Validation perplexity: 355.38
[2024-03-12 09:42:11,985 INFO] Validation accuracy: 41.9833
[2024-03-12 09:42:11,987 INFO] Saving checkpoint gt-ft-enc/gt-ft-enc_8400_02_step_13200.pt
[2024-03-12 09:42:15,848 INFO] Step 13250/13400; acc: 96.0; ppl:   1.1; xent: 0.1; lr: 1.00000; sents:    2391; bsz:  445/ 620/48; 3044/4240 tok/s;    422 sec;
[2024-03-12 09:42:18,612 INFO] Step 13300/13400; acc: 95.9; ppl:   1.1; xent: 0.1; lr: 1.00000; sents:    2296; bsz:  445/ 607/46; 8045/10986 tok/s;    425 sec;
[2024-03-12 09:42:21,502 INFO] Step 13350/13400; acc: 95.9; ppl:   1.1; xent: 0.1; lr: 1.00000; sents:    2400; bsz:  459/ 632/48; 7945/10936 tok/s;    427 sec;
[2024-03-12 09:42:25,390 INFO] Step 13400/13400; acc: 96.1; ppl:   1.1; xent: 0.1; lr: 1.00000; sents:    2399; bsz:  466/ 639/48; 6001/8217 tok/s;    431 sec;
[2024-03-12 09:42:28,853 INFO] valid stats calculation
                           took: 3.4627039432525635 s.
[2024-03-12 09:42:28,853 INFO] Train perplexity: 1.89824
[2024-03-12 09:42:28,853 INFO] Train accuracy: 85.2548
[2024-03-12 09:42:28,854 INFO] Sentences processed: 236334
[2024-03-12 09:42:28,854 INFO] Average bsz:  449/ 620/47
[2024-03-12 09:42:28,854 INFO] Validation perplexity: 378.112
[2024-03-12 09:42:28,854 INFO] Validation accuracy: 41.2428
[2024-03-12 09:42:28,856 INFO] Saving checkpoint gt-ft-enc/gt-ft-enc_8400_02_step_13400.pt
