[2024-03-12 11:01:55,386 WARNING] Corpus corpus_1's weight should be given. We default it to 1 for you.
[2024-03-12 11:01:55,386 INFO] Parsed 2 corpora from -data.
[2024-03-12 11:01:55,386 INFO] Get special vocabs from Transforms: {'src': [], 'tgt': []}.
[2024-03-12 11:01:55,420 INFO] Reading decoder embeddings from en_w2v.txt
[2024-03-12 11:02:30,623 INFO] 	Found 3000000 total vectors in file
[2024-03-12 11:02:30,623 INFO] After filtering to vectors in vocab:
[2024-03-12 11:02:30,628 INFO] 	* dec: 14009 match, 3807 missing, (78.63%)
[2024-03-12 11:02:30,628 INFO] 
Saving decoder embeddings as:
	* dec: gt-pt-dec.dec_embeddings.pt
[2024-03-12 11:02:59,786 INFO] The first 10 tokens of the vocabs are:['<unk>', '<blank>', '<s>', '</s>', 'be', 'to', 'ix-1p-pl', 'in', 'and', 'this']
[2024-03-12 11:02:59,787 INFO] The decoder start token is: <s>
[2024-03-12 11:02:59,787 INFO] Building model...
[2024-03-12 11:03:00,021 INFO] Switching model to float32 for amp/apex_amp
[2024-03-12 11:03:00,021 INFO] Non quantized layer compute is fp32
[2024-03-12 11:03:01,760 INFO] NMTModel(
  (encoder): RNNEncoder(
    (embeddings): Embeddings(
      (make_embedding): Sequential(
        (emb_luts): Elementwise(
          (0): Embedding(14144, 300, padding_idx=1)
        )
      )
      (dropout): Dropout(p=0.3, inplace=False)
    )
    (rnn): LSTM(300, 500, num_layers=2, batch_first=True, dropout=0.3)
  )
  (decoder): InputFeedRNNDecoder(
    (embeddings): Embeddings(
      (make_embedding): Sequential(
        (emb_luts): Elementwise(
          (0): Embedding(17816, 300, padding_idx=1)
        )
      )
      (dropout): Dropout(p=0.3, inplace=False)
    )
    (dropout): Dropout(p=0.3, inplace=False)
    (rnn): StackedLSTM(
      (dropout): Dropout(p=0.3, inplace=False)
      (layers): ModuleList(
        (0): LSTMCell(800, 500)
        (1): LSTMCell(500, 500)
      )
    )
    (attn): GlobalAttention(
      (linear_in): Linear(in_features=500, out_features=500, bias=False)
      (linear_out): Linear(in_features=1000, out_features=500, bias=False)
    )
  )
  (generator): Linear(in_features=500, out_features=17816, bias=True)
)
[2024-03-12 11:03:01,760 INFO] encoder: 7851200
[2024-03-12 11:03:01,760 INFO] decoder: 19628616
[2024-03-12 11:03:01,760 INFO] * number of parameters: 27479816
[2024-03-12 11:03:01,761 INFO] Trainable parameters = {'torch.float32': 27479816, 'torch.float16': 0, 'torch.uint8': 0, 'torch.int8': 0}
[2024-03-12 11:03:01,761 INFO] Non trainable parameters = {'torch.float32': 0, 'torch.float16': 0, 'torch.uint8': 0, 'torch.int8': 0}
[2024-03-12 11:03:01,761 INFO]  * src vocab size = 14144
[2024-03-12 11:03:01,761 INFO]  * tgt vocab size = 17816
[2024-03-12 11:03:01,762 INFO] Starting training on GPU: [0]
[2024-03-12 11:03:01,762 INFO] Start training loop and validate every 200 steps...
[2024-03-12 11:03:01,762 INFO] Scoring with: TransformPipe(InferFeatsTransform())
[2024-03-12 11:03:19,801 INFO] Step 50/10000; acc: 5.6; ppl: 209480.5; xent: 12.3; lr: 1.00000; sents:    3200; bsz:  774/1032/64; 2144/2859 tok/s;     18 sec;
[2024-03-12 11:03:21,514 INFO] Step 100/10000; acc: 5.5; ppl: 4915.0; xent: 8.5; lr: 1.00000; sents:    3200; bsz:  713/ 946/64; 20827/27607 tok/s;     20 sec;
[2024-03-12 11:03:22,917 INFO] Step 150/10000; acc: 6.5; ppl: 1704.8; xent: 7.4; lr: 1.00000; sents:    3200; bsz:  685/ 919/64; 24410/32765 tok/s;     21 sec;
[2024-03-12 11:03:24,317 INFO] Step 200/10000; acc: 12.3; ppl: 805.4; xent: 6.7; lr: 1.00000; sents:    3200; bsz:  683/ 924/64; 24399/33001 tok/s;     23 sec;
[2024-03-12 11:03:27,742 INFO] valid stats calculation
                           took: 3.4246139526367188 s.
[2024-03-12 11:03:27,742 INFO] Train perplexity: 6775.89
[2024-03-12 11:03:27,743 INFO] Train accuracy: 7.41018
[2024-03-12 11:03:27,743 INFO] Sentences processed: 12800
[2024-03-12 11:03:27,743 INFO] Average bsz:  714/ 955/64
[2024-03-12 11:03:27,743 INFO] Validation perplexity: 1919.17
[2024-03-12 11:03:27,743 INFO] Validation accuracy: 11.6871
[2024-03-12 11:03:27,744 INFO] Saving checkpoint gt-pt-dec/gt-pt-dec_01_step_200.pt
[2024-03-12 11:03:29,881 INFO] Step 250/10000; acc: 12.8; ppl: 648.0; xent: 6.5; lr: 1.00000; sents:    3200; bsz:  737/ 980/64; 6626/8811 tok/s;     28 sec;
[2024-03-12 11:03:31,253 INFO] Step 300/10000; acc: 14.5; ppl: 510.2; xent: 6.2; lr: 1.00000; sents:    3200; bsz:  690/ 940/64; 25149/34259 tok/s;     29 sec;
[2024-03-12 11:03:32,555 INFO] Step 350/10000; acc: 18.7; ppl: 353.1; xent: 5.9; lr: 1.00000; sents:    3200; bsz:  612/ 857/64; 23502/32916 tok/s;     31 sec;
[2024-03-12 11:03:34,449 INFO] Step 400/10000; acc: 20.2; ppl: 288.2; xent: 5.7; lr: 1.00000; sents:    3200; bsz:  671/ 919/64; 17707/24263 tok/s;     33 sec;
[2024-03-12 11:03:37,978 INFO] valid stats calculation
                           took: 3.5279228687286377 s.
[2024-03-12 11:03:37,978 INFO] Train perplexity: 1752.36
[2024-03-12 11:03:37,978 INFO] Train accuracy: 11.8478
[2024-03-12 11:03:37,978 INFO] Sentences processed: 25600
[2024-03-12 11:03:37,978 INFO] Average bsz:  696/ 940/64
[2024-03-12 11:03:37,978 INFO] Validation perplexity: 1625.71
[2024-03-12 11:03:37,978 INFO] Validation accuracy: 15.1642
[2024-03-12 11:03:37,980 INFO] Saving checkpoint gt-pt-dec/gt-pt-dec_01_step_400.pt
[2024-03-12 11:03:39,593 INFO] Step 450/10000; acc: 20.2; ppl: 280.3; xent: 5.6; lr: 1.00000; sents:    3200; bsz:  733/ 976/64; 7127/9485 tok/s;     38 sec;
[2024-03-12 11:03:41,194 INFO] Step 500/10000; acc: 20.7; ppl: 252.3; xent: 5.5; lr: 1.00000; sents:    3200; bsz:  810/1065/64; 25293/33269 tok/s;     39 sec;
[2024-03-12 11:03:42,986 INFO] Step 550/10000; acc: 24.0; ppl: 194.5; xent: 5.3; lr: 1.00000; sents:    3200; bsz:  684/ 897/64; 19084/25052 tok/s;     41 sec;
[2024-03-12 11:03:45,270 INFO] Step 600/10000; acc: 22.2; ppl: 207.9; xent: 5.3; lr: 1.00000; sents:    3200; bsz:  793/1028/64; 17369/22512 tok/s;     44 sec;
[2024-03-12 11:03:48,723 INFO] valid stats calculation
                           took: 3.453096628189087 s.
[2024-03-12 11:03:48,724 INFO] Train perplexity: 871.8
[2024-03-12 11:03:48,724 INFO] Train accuracy: 15.2618
[2024-03-12 11:03:48,724 INFO] Sentences processed: 38400
[2024-03-12 11:03:48,724 INFO] Average bsz:  715/ 957/64
[2024-03-12 11:03:48,724 INFO] Validation perplexity: 793.259
[2024-03-12 11:03:48,724 INFO] Validation accuracy: 17.2569
[2024-03-12 11:03:48,725 INFO] Saving checkpoint gt-pt-dec/gt-pt-dec_01_step_600.pt
[2024-03-12 11:03:50,185 INFO] Step 650/10000; acc: 27.9; ppl: 140.0; xent: 4.9; lr: 1.00000; sents:    3200; bsz:  617/ 881/64; 6277/8959 tok/s;     48 sec;
[2024-03-12 11:03:51,689 INFO] Step 700/10000; acc: 28.6; ppl: 137.0; xent: 4.9; lr: 1.00000; sents:    3200; bsz:  672/ 905/64; 22343/30105 tok/s;     50 sec;
[2024-03-12 11:03:53,793 INFO] Step 750/10000; acc: 29.4; ppl: 129.5; xent: 4.9; lr: 1.00000; sents:    3200; bsz:  686/ 917/64; 16304/21784 tok/s;     52 sec;
[2024-03-12 11:03:55,845 INFO] Step 800/10000; acc: 34.8; ppl:  86.4; xent: 4.5; lr: 1.00000; sents:    3200; bsz:  641/ 861/64; 15628/20993 tok/s;     54 sec;
[2024-03-12 11:03:59,362 INFO] valid stats calculation
                           took: 3.516780376434326 s.
[2024-03-12 11:03:59,363 INFO] Train perplexity: 546.571
[2024-03-12 11:03:59,363 INFO] Train accuracy: 18.7878
[2024-03-12 11:03:59,363 INFO] Sentences processed: 51200
[2024-03-12 11:03:59,363 INFO] Average bsz:  700/ 940/64
[2024-03-12 11:03:59,363 INFO] Validation perplexity: 1269.12
[2024-03-12 11:03:59,363 INFO] Validation accuracy: 14.8744
[2024-03-12 11:03:59,364 INFO] Saving checkpoint gt-pt-dec/gt-pt-dec_01_step_800.pt
[2024-03-12 11:04:00,956 INFO] Step 850/10000; acc: 36.8; ppl:  79.0; xent: 4.4; lr: 1.00000; sents:    3200; bsz:  699/ 975/64; 6838/9543 tok/s;     59 sec;
[2024-03-12 11:04:02,921 INFO] Step 900/10000; acc: 42.4; ppl:  53.8; xent: 4.0; lr: 1.00000; sents:    3200; bsz:  709/ 936/64; 18041/23816 tok/s;     61 sec;
[2024-03-12 11:04:05,024 INFO] Step 950/10000; acc: 46.4; ppl:  39.8; xent: 3.7; lr: 1.00000; sents:    3200; bsz:  640/ 899/64; 15221/21379 tok/s;     63 sec;
[2024-03-12 11:04:07,416 INFO] Step 1000/10000; acc: 47.6; ppl:  36.5; xent: 3.6; lr: 1.00000; sents:    3200; bsz:  805/1063/64; 16833/22214 tok/s;     66 sec;
[2024-03-12 11:04:10,945 INFO] valid stats calculation
                           took: 3.528637647628784 s.
[2024-03-12 11:04:10,945 INFO] Train perplexity: 334.58
[2024-03-12 11:04:10,945 INFO] Train accuracy: 23.8143
[2024-03-12 11:04:10,945 INFO] Sentences processed: 64000
[2024-03-12 11:04:10,945 INFO] Average bsz:  703/ 946/64
[2024-03-12 11:04:10,945 INFO] Validation perplexity: 2896.76
[2024-03-12 11:04:10,945 INFO] Validation accuracy: 15.6149
[2024-03-12 11:04:10,947 INFO] Saving checkpoint gt-pt-dec/gt-pt-dec_01_step_1000.pt
[2024-03-12 11:04:12,663 INFO] Step 1050/10000; acc: 54.0; ppl:  21.3; xent: 3.1; lr: 1.00000; sents:    3200; bsz:  682/ 932/64; 6501/8879 tok/s;     71 sec;
[2024-03-12 11:04:14,874 INFO] Step 1100/10000; acc: 57.1; ppl:  17.1; xent: 2.8; lr: 1.00000; sents:    3200; bsz:  722/ 964/64; 16329/21802 tok/s;     73 sec;
[2024-03-12 11:04:16,874 INFO] Step 1150/10000; acc: 61.0; ppl:  12.3; xent: 2.5; lr: 1.00000; sents:    3200; bsz:  602/ 815/64; 15044/20379 tok/s;     75 sec;
[2024-03-12 11:04:19,111 INFO] Step 1200/10000; acc: 59.6; ppl:  13.0; xent: 2.6; lr: 1.00000; sents:    3200; bsz:  719/ 995/64; 16080/22233 tok/s;     77 sec;
[2024-03-12 11:04:22,651 INFO] valid stats calculation
                           took: 3.539504051208496 s.
[2024-03-12 11:04:22,651 INFO] Train perplexity: 202.515
[2024-03-12 11:04:22,651 INFO] Train accuracy: 29.389
[2024-03-12 11:04:22,651 INFO] Sentences processed: 76800
[2024-03-12 11:04:22,651 INFO] Average bsz:  699/ 943/64
[2024-03-12 11:04:22,651 INFO] Validation perplexity: 8378.27
[2024-03-12 11:04:22,651 INFO] Validation accuracy: 14.7778
[2024-03-12 11:04:22,653 INFO] Saving checkpoint gt-pt-dec/gt-pt-dec_01_step_1200.pt
[2024-03-12 11:04:24,621 INFO] Step 1250/10000; acc: 63.3; ppl:   9.6; xent: 2.3; lr: 1.00000; sents:    3200; bsz:  677/ 903/64; 6147/8193 tok/s;     83 sec;
[2024-03-12 11:04:26,552 INFO] Step 1300/10000; acc: 66.4; ppl:   7.6; xent: 2.0; lr: 1.00000; sents:    3200; bsz:  548/ 755/64; 14190/19560 tok/s;     85 sec;
[2024-03-12 11:04:28,816 INFO] Step 1350/10000; acc: 63.9; ppl:   9.0; xent: 2.2; lr: 1.00000; sents:    3200; bsz:  719/1017/64; 15874/22469 tok/s;     87 sec;
[2024-03-12 11:04:30,901 INFO] Step 1400/10000; acc: 66.6; ppl:   7.2; xent: 2.0; lr: 1.00000; sents:    3200; bsz:  637/ 880/64; 15286/21107 tok/s;     89 sec;
[2024-03-12 11:04:34,498 INFO] valid stats calculation
                           took: 3.5960335731506348 s.
[2024-03-12 11:04:34,498 INFO] Train perplexity: 131.42
[2024-03-12 11:04:34,498 INFO] Train accuracy: 34.2141
[2024-03-12 11:04:34,498 INFO] Sentences processed: 89600
[2024-03-12 11:04:34,498 INFO] Average bsz:  691/ 935/64
[2024-03-12 11:04:34,498 INFO] Validation perplexity: 16379
[2024-03-12 11:04:34,498 INFO] Validation accuracy: 16.0657
[2024-03-12 11:04:34,500 INFO] Saving checkpoint gt-pt-dec/gt-pt-dec_01_step_1400.pt
[2024-03-12 11:04:36,706 INFO] Step 1450/10000; acc: 66.6; ppl:   7.1; xent: 2.0; lr: 1.00000; sents:    3200; bsz:  663/ 926/64; 5711/7977 tok/s;     95 sec;
[2024-03-12 11:04:38,843 INFO] Step 1500/10000; acc: 66.4; ppl:   7.5; xent: 2.0; lr: 1.00000; sents:    3200; bsz:  669/ 906/64; 15662/21197 tok/s;     97 sec;
[2024-03-12 11:04:40,979 INFO] Step 1550/10000; acc: 67.9; ppl:   6.2; xent: 1.8; lr: 1.00000; sents:    3200; bsz:  653/ 895/64; 15281/20944 tok/s;     99 sec;
[2024-03-12 11:04:42,699 INFO] Step 1600/10000; acc: 69.9; ppl:   5.6; xent: 1.7; lr: 1.00000; sents:    3200; bsz:  588/ 809/64; 17080/23522 tok/s;    101 sec;
[2024-03-12 11:04:46,284 INFO] valid stats calculation
                           took: 3.584975004196167 s.
[2024-03-12 11:04:46,285 INFO] Train perplexity: 92.0675
[2024-03-12 11:04:46,285 INFO] Train accuracy: 38.1895
[2024-03-12 11:04:46,285 INFO] Sentences processed: 102400
[2024-03-12 11:04:46,285 INFO] Average bsz:  685/ 929/64
[2024-03-12 11:04:46,285 INFO] Validation perplexity: 12228.7
[2024-03-12 11:04:46,285 INFO] Validation accuracy: 14.6169
[2024-03-12 11:04:46,286 INFO] Saving checkpoint gt-pt-dec/gt-pt-dec_01_step_1600.pt
[2024-03-12 11:04:48,739 INFO] Step 1650/10000; acc: 68.8; ppl:   5.8; xent: 1.8; lr: 1.00000; sents:    3200; bsz:  790/1059/64; 6538/8767 tok/s;    107 sec;
[2024-03-12 11:04:50,675 INFO] Step 1700/10000; acc: 71.9; ppl:   4.7; xent: 1.6; lr: 1.00000; sents:    3200; bsz:  600/ 818/64; 15501/21115 tok/s;    109 sec;
[2024-03-12 11:04:52,765 INFO] Step 1750/10000; acc: 71.5; ppl:   4.8; xent: 1.6; lr: 1.00000; sents:    3200; bsz:  626/ 872/64; 14980/20861 tok/s;    111 sec;
[2024-03-12 11:04:54,450 INFO] Step 1800/10000; acc: 72.9; ppl:   4.5; xent: 1.5; lr: 1.00000; sents:    3200; bsz:  648/ 856/64; 19216/25406 tok/s;    113 sec;
[2024-03-12 11:04:58,006 INFO] valid stats calculation
                           took: 3.55497407913208 s.
[2024-03-12 11:04:58,006 INFO] Train perplexity: 67.1313
[2024-03-12 11:04:58,006 INFO] Train accuracy: 41.7529
[2024-03-12 11:04:58,006 INFO] Sentences processed: 115200
[2024-03-12 11:04:58,006 INFO] Average bsz:  683/ 926/64
[2024-03-12 11:04:58,006 INFO] Validation perplexity: 16659.3
[2024-03-12 11:04:58,006 INFO] Validation accuracy: 16.0979
[2024-03-12 11:04:58,008 INFO] Saving checkpoint gt-pt-dec/gt-pt-dec_01_step_1800.pt
[2024-03-12 11:05:00,365 INFO] Step 1850/10000; acc: 71.1; ppl:   4.9; xent: 1.6; lr: 1.00000; sents:    3200; bsz:  684/ 920/64; 5780/7779 tok/s;    119 sec;
[2024-03-12 11:05:02,563 INFO] Step 1900/10000; acc: 74.5; ppl:   4.0; xent: 1.4; lr: 1.00000; sents:    3200; bsz:  681/ 885/64; 15491/20123 tok/s;    121 sec;
[2024-03-12 11:05:04,722 INFO] Step 1950/10000; acc: 73.0; ppl:   4.3; xent: 1.5; lr: 1.00000; sents:    3200; bsz:  709/ 952/64; 16428/22062 tok/s;    123 sec;
[2024-03-12 11:05:06,074 INFO] Step 2000/10000; acc: 72.6; ppl:   4.3; xent: 1.5; lr: 1.00000; sents:    3200; bsz:  669/ 906/64; 24753/33508 tok/s;    124 sec;
[2024-03-12 11:05:09,670 INFO] valid stats calculation
                           took: 3.595200777053833 s.
[2024-03-12 11:05:09,670 INFO] Train perplexity: 51.1873
[2024-03-12 11:05:09,670 INFO] Train accuracy: 44.8264
[2024-03-12 11:05:09,670 INFO] Sentences processed: 128000
[2024-03-12 11:05:09,670 INFO] Average bsz:  684/ 925/64
[2024-03-12 11:05:09,670 INFO] Validation perplexity: 21189
[2024-03-12 11:05:09,671 INFO] Validation accuracy: 15.3896
[2024-03-12 11:05:09,672 INFO] Saving checkpoint gt-pt-dec/gt-pt-dec_01_step_2000.pt
[2024-03-12 11:05:11,881 INFO] Step 2050/10000; acc: 73.3; ppl:   4.2; xent: 1.4; lr: 1.00000; sents:    3200; bsz:  605/ 832/64; 5208/7162 tok/s;    130 sec;
[2024-03-12 11:05:14,223 INFO] Step 2100/10000; acc: 74.1; ppl:   3.9; xent: 1.4; lr: 1.00000; sents:    3200; bsz:  760/ 987/64; 16236/21085 tok/s;    132 sec;
[2024-03-12 11:05:16,101 INFO] Step 2150/10000; acc: 74.6; ppl:   3.9; xent: 1.4; lr: 1.00000; sents:    3200; bsz:  686/ 902/64; 18257/24028 tok/s;    134 sec;
[2024-03-12 11:05:17,391 INFO] Step 2200/10000; acc: 75.6; ppl:   3.6; xent: 1.3; lr: 1.00000; sents:    3200; bsz:  678/ 893/64; 26285/34616 tok/s;    136 sec;
[2024-03-12 11:05:20,934 INFO] valid stats calculation
                           took: 3.542510509490967 s.
[2024-03-12 11:05:20,935 INFO] Train perplexity: 40.7043
[2024-03-12 11:05:20,935 INFO] Train accuracy: 47.4604
[2024-03-12 11:05:20,935 INFO] Sentences processed: 140800
[2024-03-12 11:05:20,935 INFO] Average bsz:  683/ 923/64
[2024-03-12 11:05:20,935 INFO] Validation perplexity: 26516.5
[2024-03-12 11:05:20,935 INFO] Validation accuracy: 14.3915
[2024-03-12 11:05:20,937 INFO] Saving checkpoint gt-pt-dec/gt-pt-dec_01_step_2200.pt
[2024-03-12 11:05:23,223 INFO] Step 2250/10000; acc: 75.7; ppl:   3.7; xent: 1.3; lr: 1.00000; sents:    3200; bsz:  676/ 896/64; 5792/7678 tok/s;    141 sec;
[2024-03-12 11:05:25,047 INFO] Step 2300/10000; acc: 77.0; ppl:   3.3; xent: 1.2; lr: 1.00000; sents:    3200; bsz:  517/ 727/64; 14181/19932 tok/s;    143 sec;
[2024-03-12 11:05:26,699 INFO] Step 2350/10000; acc: 75.7; ppl:   3.6; xent: 1.3; lr: 1.00000; sents:    3200; bsz:  627/ 856/64; 18990/25928 tok/s;    145 sec;
[2024-03-12 11:05:28,049 INFO] Step 2400/10000; acc: 76.1; ppl:   3.5; xent: 1.2; lr: 1.00000; sents:    3200; bsz:  685/ 903/64; 25353/33418 tok/s;    146 sec;
[2024-03-12 11:05:31,538 INFO] valid stats calculation
                           took: 3.4884848594665527 s.
[2024-03-12 11:05:31,539 INFO] Train perplexity: 33.7037
[2024-03-12 11:05:31,539 INFO] Train accuracy: 49.6597
[2024-03-12 11:05:31,539 INFO] Sentences processed: 153600
[2024-03-12 11:05:31,539 INFO] Average bsz:  679/ 916/64
[2024-03-12 11:05:31,539 INFO] Validation perplexity: 19765.9
[2024-03-12 11:05:31,539 INFO] Validation accuracy: 16.5164
[2024-03-12 11:05:31,540 INFO] Saving checkpoint gt-pt-dec/gt-pt-dec_01_step_2400.pt
[2024-03-12 11:05:33,727 INFO] Step 2450/10000; acc: 75.5; ppl:   3.4; xent: 1.2; lr: 1.00000; sents:    3200; bsz:  630/ 881/64; 5546/7754 tok/s;    152 sec;
[2024-03-12 11:05:35,849 INFO] Step 2500/10000; acc: 75.2; ppl:   3.6; xent: 1.3; lr: 1.00000; sents:    3200; bsz:  672/ 929/64; 15842/21894 tok/s;    154 sec;
[2024-03-12 11:05:37,388 INFO] Step 2550/10000; acc: 75.9; ppl:   3.4; xent: 1.2; lr: 1.00000; sents:    3200; bsz:  783/1036/64; 25452/33659 tok/s;    156 sec;
[2024-03-12 11:05:38,736 INFO] Step 2600/10000; acc: 76.1; ppl:   3.5; xent: 1.2; lr: 1.00000; sents:    3200; bsz:  681/ 912/64; 25280/33842 tok/s;    157 sec;
[2024-03-12 11:05:42,177 INFO] valid stats calculation
                           took: 3.4406378269195557 s.
[2024-03-12 11:05:42,177 INFO] Train perplexity: 28.1692
[2024-03-12 11:05:42,177 INFO] Train accuracy: 51.7081
[2024-03-12 11:05:42,177 INFO] Sentences processed: 166400
[2024-03-12 11:05:42,177 INFO] Average bsz:  680/ 918/64
[2024-03-12 11:05:42,177 INFO] Validation perplexity: 18999.5
[2024-03-12 11:05:42,177 INFO] Validation accuracy: 15.5184
[2024-03-12 11:05:42,179 INFO] Saving checkpoint gt-pt-dec/gt-pt-dec_01_step_2600.pt
[2024-03-12 11:05:44,621 INFO] Step 2650/10000; acc: 77.9; ppl:   3.1; xent: 1.1; lr: 1.00000; sents:    3200; bsz:  779/1005/64; 6621/8541 tok/s;    163 sec;
[2024-03-12 11:05:46,152 INFO] Step 2700/10000; acc: 77.3; ppl:   3.1; xent: 1.1; lr: 1.00000; sents:    3200; bsz:  699/ 941/64; 22821/30731 tok/s;    164 sec;
[2024-03-12 11:05:47,602 INFO] Step 2750/10000; acc: 77.1; ppl:   3.2; xent: 1.1; lr: 1.00000; sents:    3200; bsz:  699/ 943/64; 24107/32522 tok/s;    166 sec;
[2024-03-12 11:05:49,115 INFO] Step 2800/10000; acc: 79.0; ppl:   2.9; xent: 1.0; lr: 1.00000; sents:    3200; bsz:  646/ 863/64; 21368/28541 tok/s;    167 sec;
[2024-03-12 11:05:52,560 INFO] valid stats calculation
                           took: 3.4440388679504395 s.
[2024-03-12 11:05:52,560 INFO] Train perplexity: 23.9446
[2024-03-12 11:05:52,560 INFO] Train accuracy: 53.6099
[2024-03-12 11:05:52,560 INFO] Sentences processed: 179200
[2024-03-12 11:05:52,560 INFO] Average bsz:  682/ 919/64
[2024-03-12 11:05:52,560 INFO] Validation perplexity: 28171.5
[2024-03-12 11:05:52,560 INFO] Validation accuracy: 14.4559
[2024-03-12 11:05:52,562 INFO] Saving checkpoint gt-pt-dec/gt-pt-dec_01_step_2800.pt
[2024-03-12 11:05:54,516 INFO] Step 2850/10000; acc: 78.1; ppl:   2.9; xent: 1.1; lr: 1.00000; sents:    3200; bsz:  634/ 869/64; 5867/8048 tok/s;    173 sec;
[2024-03-12 11:05:55,895 INFO] Step 2900/10000; acc: 77.8; ppl:   3.0; xent: 1.1; lr: 1.00000; sents:    3200; bsz:  703/ 947/64; 25464/34324 tok/s;    174 sec;
[2024-03-12 11:05:57,495 INFO] Step 2950/10000; acc: 77.3; ppl:   3.1; xent: 1.1; lr: 1.00000; sents:    3200; bsz:  804/1059/64; 25128/33092 tok/s;    176 sec;
[2024-03-12 11:05:59,651 INFO] Step 3000/10000; acc: 77.6; ppl:   3.1; xent: 1.1; lr: 1.00000; sents:    3200; bsz:  664/ 900/64; 15397/20866 tok/s;    178 sec;
[2024-03-12 11:06:03,082 INFO] valid stats calculation
                           took: 3.430246114730835 s.
[2024-03-12 11:06:03,082 INFO] Train perplexity: 20.7901
[2024-03-12 11:06:03,082 INFO] Train accuracy: 55.253
[2024-03-12 11:06:03,082 INFO] Sentences processed: 192000
[2024-03-12 11:06:03,082 INFO] Average bsz:  683/ 921/64
[2024-03-12 11:06:03,082 INFO] Validation perplexity: 18345.3
[2024-03-12 11:06:03,082 INFO] Validation accuracy: 14.9388
[2024-03-12 11:06:03,084 INFO] Saving checkpoint gt-pt-dec/gt-pt-dec_01_step_3000.pt
[2024-03-12 11:06:04,528 INFO] Step 3050/10000; acc: 78.5; ppl:   2.8; xent: 1.0; lr: 1.00000; sents:    3200; bsz:  646/ 883/64; 6627/9055 tok/s;    183 sec;
[2024-03-12 11:06:05,917 INFO] Step 3100/10000; acc: 80.8; ppl:   2.5; xent: 0.9; lr: 1.00000; sents:    3200; bsz:  710/ 913/64; 25582/32870 tok/s;    184 sec;
[2024-03-12 11:06:07,574 INFO] Step 3150/10000; acc: 78.3; ppl:   2.8; xent: 1.0; lr: 1.00000; sents:    3200; bsz:  668/ 891/64; 20161/26881 tok/s;    186 sec;
[2024-03-12 11:06:09,904 INFO] Step 3200/10000; acc: 78.7; ppl:   2.8; xent: 1.0; lr: 1.00000; sents:    3200; bsz:  721/ 974/64; 15465/20904 tok/s;    188 sec;
[2024-03-12 11:06:13,298 INFO] valid stats calculation
                           took: 3.3935511112213135 s.
[2024-03-12 11:06:13,299 INFO] Train perplexity: 18.3343
[2024-03-12 11:06:13,299 INFO] Train accuracy: 56.7327
[2024-03-12 11:06:13,299 INFO] Sentences processed: 204800
[2024-03-12 11:06:13,299 INFO] Average bsz:  683/ 921/64
[2024-03-12 11:06:13,299 INFO] Validation perplexity: 20449.3
[2024-03-12 11:06:13,299 INFO] Validation accuracy: 15.1642
[2024-03-12 11:06:13,301 INFO] Saving checkpoint gt-pt-dec/gt-pt-dec_01_step_3200.pt
[2024-03-12 11:06:14,724 INFO] Step 3250/10000; acc: 80.7; ppl:   2.5; xent: 0.9; lr: 1.00000; sents:    3200; bsz:  628/ 838/64; 6520/8698 tok/s;    193 sec;
[2024-03-12 11:06:16,238 INFO] Step 3300/10000; acc: 79.8; ppl:   2.6; xent: 1.0; lr: 1.00000; sents:    3200; bsz:  744/ 983/64; 24559/32464 tok/s;    194 sec;
[2024-03-12 11:06:18,435 INFO] Step 3350/10000; acc: 79.4; ppl:   2.7; xent: 1.0; lr: 1.00000; sents:    3200; bsz:  737/ 984/64; 16782/22406 tok/s;    197 sec;
[2024-03-12 11:06:20,600 INFO] Step 3400/10000; acc: 79.1; ppl:   2.8; xent: 1.0; lr: 1.00000; sents:    3200; bsz:  624/ 860/64; 14410/19877 tok/s;    199 sec;
[2024-03-12 11:06:24,010 INFO] valid stats calculation
                           took: 3.409344434738159 s.
[2024-03-12 11:06:24,010 INFO] Train perplexity: 16.3717
[2024-03-12 11:06:24,010 INFO] Train accuracy: 58.0802
[2024-03-12 11:06:24,010 INFO] Sentences processed: 217600
[2024-03-12 11:06:24,010 INFO] Average bsz:  683/ 920/64
[2024-03-12 11:06:24,010 INFO] Validation perplexity: 14752.4
[2024-03-12 11:06:24,010 INFO] Validation accuracy: 15.1642
[2024-03-12 11:06:24,012 INFO] Saving checkpoint gt-pt-dec/gt-pt-dec_01_step_3400.pt
[2024-03-12 11:06:25,512 INFO] Step 3450/10000; acc: 80.1; ppl:   2.5; xent: 0.9; lr: 1.00000; sents:    3200; bsz:  692/ 936/64; 7049/9525 tok/s;    204 sec;
[2024-03-12 11:06:27,136 INFO] Step 3500/10000; acc: 80.4; ppl:   2.4; xent: 0.9; lr: 1.00000; sents:    3200; bsz:  669/ 905/64; 20611/27863 tok/s;    205 sec;
[2024-03-12 11:06:29,322 INFO] Step 3550/10000; acc: 80.2; ppl:   2.6; xent: 0.9; lr: 1.00000; sents:    3200; bsz:  687/ 912/64; 15726/20856 tok/s;    208 sec;
[2024-03-12 11:06:31,509 INFO] Step 3600/10000; acc: 80.4; ppl:   2.5; xent: 0.9; lr: 1.00000; sents:    3200; bsz:  673/ 904/64; 15393/20657 tok/s;    210 sec;
[2024-03-12 11:06:34,967 INFO] valid stats calculation
                           took: 3.457749128341675 s.
[2024-03-12 11:06:34,968 INFO] Train perplexity: 14.7649
[2024-03-12 11:06:34,968 INFO] Train accuracy: 59.3044
[2024-03-12 11:06:34,968 INFO] Sentences processed: 230400
[2024-03-12 11:06:34,968 INFO] Average bsz:  683/ 920/64
[2024-03-12 11:06:34,968 INFO] Validation perplexity: 30073.7
[2024-03-12 11:06:34,968 INFO] Validation accuracy: 13.9408
[2024-03-12 11:06:34,969 INFO] Saving checkpoint gt-pt-dec/gt-pt-dec_01_step_3600.pt
[2024-03-12 11:06:36,450 INFO] Step 3650/10000; acc: 80.4; ppl:   2.5; xent: 0.9; lr: 1.00000; sents:    3200; bsz:  685/ 909/64; 6930/9197 tok/s;    215 sec;
[2024-03-12 11:06:38,467 INFO] Step 3700/10000; acc: 80.2; ppl:   2.5; xent: 0.9; lr: 1.00000; sents:    3200; bsz:  695/ 944/64; 17232/23397 tok/s;    217 sec;
[2024-03-12 11:06:40,620 INFO] Step 3750/10000; acc: 81.7; ppl:   2.4; xent: 0.9; lr: 1.00000; sents:    3200; bsz:  649/ 863/64; 15074/20044 tok/s;    219 sec;
[2024-03-12 11:06:42,798 INFO] Step 3800/10000; acc: 81.3; ppl:   2.4; xent: 0.9; lr: 1.00000; sents:    3200; bsz:  686/ 919/64; 15750/21106 tok/s;    221 sec;
[2024-03-12 11:06:46,303 INFO] valid stats calculation
                           took: 3.5047028064727783 s.
[2024-03-12 11:06:46,303 INFO] Train perplexity: 13.4534
[2024-03-12 11:06:46,304 INFO] Train accuracy: 60.4254
[2024-03-12 11:06:46,304 INFO] Sentences processed: 243200
[2024-03-12 11:06:46,304 INFO] Average bsz:  683/ 920/64
[2024-03-12 11:06:46,304 INFO] Validation perplexity: 26539.1
[2024-03-12 11:06:46,304 INFO] Validation accuracy: 15.9691
[2024-03-12 11:06:46,305 INFO] Saving checkpoint gt-pt-dec/gt-pt-dec_01_step_3800.pt
[2024-03-12 11:06:48,031 INFO] Step 3850/10000; acc: 81.0; ppl:   2.5; xent: 0.9; lr: 1.00000; sents:    3200; bsz:  728/ 964/64; 6959/9210 tok/s;    226 sec;
[2024-03-12 11:06:50,291 INFO] Step 3900/10000; acc: 81.4; ppl:   2.3; xent: 0.9; lr: 1.00000; sents:    3200; bsz:  694/ 935/64; 15348/20689 tok/s;    229 sec;
[2024-03-12 11:06:52,704 INFO] Step 3950/10000; acc: 80.8; ppl:   2.4; xent: 0.9; lr: 1.00000; sents:    3200; bsz:  805/1044/64; 16684/21628 tok/s;    231 sec;
[2024-03-12 11:06:54,973 INFO] Step 4000/10000; acc: 81.2; ppl:   2.3; xent: 0.8; lr: 1.00000; sents:    3200; bsz:  698/ 938/64; 15375/20678 tok/s;    233 sec;
[2024-03-12 11:06:58,511 INFO] valid stats calculation
                           took: 3.537557601928711 s.
[2024-03-12 11:06:58,512 INFO] Train perplexity: 12.2809
[2024-03-12 11:06:58,512 INFO] Train accuracy: 61.5125
[2024-03-12 11:06:58,512 INFO] Sentences processed: 256000
[2024-03-12 11:06:58,512 INFO] Average bsz:  685/ 922/64
[2024-03-12 11:06:58,512 INFO] Validation perplexity: 29826.2
[2024-03-12 11:06:58,512 INFO] Validation accuracy: 16.1623
[2024-03-12 11:06:58,513 INFO] Saving checkpoint gt-pt-dec/gt-pt-dec_01_step_4000.pt
[2024-03-12 11:07:00,580 INFO] Step 4050/10000; acc: 81.7; ppl:   2.3; xent: 0.8; lr: 1.00000; sents:    3200; bsz:  724/ 960/64; 6461/8561 tok/s;    239 sec;
[2024-03-12 11:07:02,826 INFO] Step 4100/10000; acc: 80.8; ppl:   2.4; xent: 0.9; lr: 1.00000; sents:    3200; bsz:  705/ 974/64; 15705/21678 tok/s;    241 sec;
[2024-03-12 11:07:05,182 INFO] Step 4150/10000; acc: 80.7; ppl:   2.4; xent: 0.9; lr: 1.00000; sents:    3200; bsz:  759/1026/64; 16109/21773 tok/s;    243 sec;
[2024-03-12 11:07:07,420 INFO] Step 4200/10000; acc: 82.1; ppl:   2.2; xent: 0.8; lr: 1.00000; sents:    3200; bsz:  718/ 950/64; 16049/21226 tok/s;    246 sec;
[2024-03-12 11:07:10,998 INFO] valid stats calculation
                           took: 3.5776302814483643 s.
[2024-03-12 11:07:10,998 INFO] Train perplexity: 11.2942
[2024-03-12 11:07:10,998 INFO] Train accuracy: 62.5083
[2024-03-12 11:07:10,998 INFO] Sentences processed: 268800
[2024-03-12 11:07:10,998 INFO] Average bsz:  687/ 925/64
[2024-03-12 11:07:10,998 INFO] Validation perplexity: 27593.1
[2024-03-12 11:07:10,998 INFO] Validation accuracy: 12.492
[2024-03-12 11:07:11,000 INFO] Saving checkpoint gt-pt-dec/gt-pt-dec_01_step_4200.pt
[2024-03-12 11:07:13,425 INFO] Step 4250/10000; acc: 80.2; ppl:   2.6; xent: 1.0; lr: 1.00000; sents:    3200; bsz:  698/ 945/64; 5815/7873 tok/s;    252 sec;
[2024-03-12 11:07:15,702 INFO] Step 4300/10000; acc: 81.8; ppl:   2.3; xent: 0.8; lr: 1.00000; sents:    3200; bsz:  739/ 980/64; 16217/21516 tok/s;    254 sec;
[2024-03-12 11:07:17,962 INFO] Step 4350/10000; acc: 81.5; ppl:   2.3; xent: 0.8; lr: 1.00000; sents:    3200; bsz:  708/ 961/64; 15665/21274 tok/s;    256 sec;
[2024-03-12 11:07:19,926 INFO] Step 4400/10000; acc: 80.7; ppl:   2.5; xent: 0.9; lr: 1.00000; sents:    3153; bsz:  686/ 927/63; 17452/23605 tok/s;    258 sec;
[2024-03-12 11:07:23,602 INFO] valid stats calculation
                           took: 3.6755928993225098 s.
[2024-03-12 11:07:23,603 INFO] Train perplexity: 10.5029
[2024-03-12 11:07:23,603 INFO] Train accuracy: 63.3775
[2024-03-12 11:07:23,603 INFO] Sentences processed: 281553
[2024-03-12 11:07:23,603 INFO] Average bsz:  688/ 926/64
[2024-03-12 11:07:23,603 INFO] Validation perplexity: 24954.7
[2024-03-12 11:07:23,603 INFO] Validation accuracy: 16.1623
[2024-03-12 11:07:23,604 INFO] Saving checkpoint gt-pt-dec/gt-pt-dec_01_step_4400.pt
[2024-03-12 11:07:25,837 INFO] Step 4450/10000; acc: 83.9; ppl:   2.0; xent: 0.7; lr: 1.00000; sents:    3200; bsz:  655/ 862/64; 5544/7295 tok/s;    264 sec;
[2024-03-12 11:07:28,210 INFO] Step 4500/10000; acc: 81.7; ppl:   2.3; xent: 0.8; lr: 1.00000; sents:    3200; bsz:  780/1032/64; 16434/21750 tok/s;    266 sec;
[2024-03-12 11:07:30,398 INFO] Step 4550/10000; acc: 83.6; ppl:   2.1; xent: 0.7; lr: 1.00000; sents:    3200; bsz:  710/ 925/64; 16221/21150 tok/s;    269 sec;
[2024-03-12 11:07:31,815 INFO] Step 4600/10000; acc: 82.3; ppl:   2.3; xent: 0.8; lr: 1.00000; sents:    3200; bsz:  726/ 967/64; 25602/34098 tok/s;    270 sec;
[2024-03-12 11:07:35,389 INFO] valid stats calculation
                           took: 3.5738186836242676 s.
[2024-03-12 11:07:35,390 INFO] Train perplexity: 9.79213
[2024-03-12 11:07:35,390 INFO] Train accuracy: 64.24
[2024-03-12 11:07:35,390 INFO] Sentences processed: 294353
[2024-03-12 11:07:35,390 INFO] Average bsz:  689/ 927/64
[2024-03-12 11:07:35,390 INFO] Validation perplexity: 34435.5
[2024-03-12 11:07:35,390 INFO] Validation accuracy: 15.8081
[2024-03-12 11:07:35,391 INFO] Saving checkpoint gt-pt-dec/gt-pt-dec_01_step_4600.pt
[2024-03-12 11:07:37,711 INFO] Step 4650/10000; acc: 82.1; ppl:   2.2; xent: 0.8; lr: 1.00000; sents:    3200; bsz:  663/ 906/64; 5624/7686 tok/s;    276 sec;
[2024-03-12 11:07:39,848 INFO] Step 4700/10000; acc: 83.6; ppl:   2.1; xent: 0.7; lr: 1.00000; sents:    3200; bsz:  637/ 858/64; 14911/20079 tok/s;    278 sec;
[2024-03-12 11:07:41,621 INFO] Step 4750/10000; acc: 83.9; ppl:   2.1; xent: 0.7; lr: 1.00000; sents:    3200; bsz:  664/ 874/64; 18746/24669 tok/s;    280 sec;
[2024-03-12 11:07:43,107 INFO] Step 4800/10000; acc: 82.7; ppl:   2.1; xent: 0.7; lr: 1.00000; sents:    3200; bsz:  769/1023/64; 25884/34428 tok/s;    281 sec;
[2024-03-12 11:07:46,647 INFO] valid stats calculation
                           took: 3.539412021636963 s.
[2024-03-12 11:07:46,647 INFO] Train perplexity: 9.19312
[2024-03-12 11:07:46,647 INFO] Train accuracy: 65.0149
[2024-03-12 11:07:46,647 INFO] Sentences processed: 307153
[2024-03-12 11:07:46,647 INFO] Average bsz:  689/ 926/64
[2024-03-12 11:07:46,647 INFO] Validation perplexity: 31512.5
[2024-03-12 11:07:46,647 INFO] Validation accuracy: 15.3252
[2024-03-12 11:07:46,649 INFO] Saving checkpoint gt-pt-dec/gt-pt-dec_01_step_4800.pt
[2024-03-12 11:07:48,993 INFO] Step 4850/10000; acc: 82.2; ppl:   2.2; xent: 0.8; lr: 1.00000; sents:    3200; bsz:  703/ 968/64; 5969/8224 tok/s;    287 sec;
[2024-03-12 11:07:51,091 INFO] Step 4900/10000; acc: 82.5; ppl:   2.2; xent: 0.8; lr: 1.00000; sents:    3200; bsz:  670/ 919/64; 15970/21900 tok/s;    289 sec;
[2024-03-12 11:07:52,511 INFO] Step 4950/10000; acc: 83.9; ppl:   2.0; xent: 0.7; lr: 1.00000; sents:    3200; bsz:  736/ 970/64; 25924/34151 tok/s;    291 sec;
[2024-03-12 11:07:53,793 INFO] Step 5000/10000; acc: 83.4; ppl:   2.0; xent: 0.7; lr: 1.00000; sents:    3200; bsz:  617/ 865/64; 24074/33746 tok/s;    292 sec;
[2024-03-12 11:07:57,252 INFO] valid stats calculation
                           took: 3.45912766456604 s.
[2024-03-12 11:07:57,253 INFO] Train perplexity: 8.66593
[2024-03-12 11:07:57,253 INFO] Train accuracy: 65.7377
[2024-03-12 11:07:57,253 INFO] Sentences processed: 319953
[2024-03-12 11:07:57,253 INFO] Average bsz:  689/ 927/64
[2024-03-12 11:07:57,253 INFO] Validation perplexity: 35287.8
[2024-03-12 11:07:57,253 INFO] Validation accuracy: 14.4237
[2024-03-12 11:07:57,254 INFO] Saving checkpoint gt-pt-dec/gt-pt-dec_01_step_5000.pt
[2024-03-12 11:07:59,563 INFO] Step 5050/10000; acc: 83.4; ppl:   2.1; xent: 0.7; lr: 1.00000; sents:    3200; bsz:  701/ 948/64; 6078/8214 tok/s;    298 sec;
[2024-03-12 11:08:01,336 INFO] Step 5100/10000; acc: 82.9; ppl:   2.1; xent: 0.7; lr: 1.00000; sents:    3200; bsz:  677/ 937/64; 19101/26428 tok/s;    300 sec;
[2024-03-12 11:08:02,601 INFO] Step 5150/10000; acc: 83.7; ppl:   2.0; xent: 0.7; lr: 1.00000; sents:    3200; bsz:  621/ 850/64; 24547/33606 tok/s;    301 sec;
[2024-03-12 11:08:03,979 INFO] Step 5200/10000; acc: 83.2; ppl:   2.1; xent: 0.7; lr: 1.00000; sents:    3200; bsz:  668/ 918/64; 24247/33315 tok/s;    302 sec;
[2024-03-12 11:08:07,434 INFO] valid stats calculation
                           took: 3.454698324203491 s.
[2024-03-12 11:08:07,434 INFO] Train perplexity: 8.21014
[2024-03-12 11:08:07,434 INFO] Train accuracy: 66.4026
[2024-03-12 11:08:07,434 INFO] Sentences processed: 332753
[2024-03-12 11:08:07,434 INFO] Average bsz:  688/ 926/64
[2024-03-12 11:08:07,434 INFO] Validation perplexity: 36273.8
[2024-03-12 11:08:07,434 INFO] Validation accuracy: 15.5505
[2024-03-12 11:08:07,436 INFO] Saving checkpoint gt-pt-dec/gt-pt-dec_01_step_5200.pt
[2024-03-12 11:08:09,610 INFO] Step 5250/10000; acc: 84.5; ppl:   1.9; xent: 0.7; lr: 1.00000; sents:    3200; bsz:  643/ 869/64; 5705/7717 tok/s;    308 sec;
[2024-03-12 11:08:10,922 INFO] Step 5300/10000; acc: 83.5; ppl:   2.1; xent: 0.7; lr: 1.00000; sents:    3200; bsz:  645/ 890/64; 24590/33913 tok/s;    309 sec;
[2024-03-12 11:08:12,312 INFO] Step 5350/10000; acc: 83.0; ppl:   2.1; xent: 0.7; lr: 1.00000; sents:    3200; bsz:  705/ 951/64; 25367/34198 tok/s;    311 sec;
[2024-03-12 11:08:14,074 INFO] Step 5400/10000; acc: 84.5; ppl:   1.9; xent: 0.7; lr: 1.00000; sents:    3200; bsz:  632/ 865/64; 17949/24547 tok/s;    312 sec;
[2024-03-12 11:08:17,533 INFO] valid stats calculation
                           took: 3.458770513534546 s.
[2024-03-12 11:08:17,534 INFO] Train perplexity: 7.80605
[2024-03-12 11:08:17,534 INFO] Train accuracy: 67.0278
[2024-03-12 11:08:17,534 INFO] Sentences processed: 345553
[2024-03-12 11:08:17,534 INFO] Average bsz:  687/ 925/64
[2024-03-12 11:08:17,534 INFO] Validation perplexity: 43189.6
[2024-03-12 11:08:17,534 INFO] Validation accuracy: 15.6471
[2024-03-12 11:08:17,535 INFO] Saving checkpoint gt-pt-dec/gt-pt-dec_01_step_5400.pt
[2024-03-12 11:08:19,419 INFO] Step 5450/10000; acc: 84.2; ppl:   2.0; xent: 0.7; lr: 1.00000; sents:    3200; bsz:  639/ 886/64; 5980/8287 tok/s;    318 sec;
[2024-03-12 11:08:20,787 INFO] Step 5500/10000; acc: 84.2; ppl:   2.0; xent: 0.7; lr: 1.00000; sents:    3200; bsz:  705/ 943/64; 25780/34482 tok/s;    319 sec;
[2024-03-12 11:08:22,168 INFO] Step 5550/10000; acc: 84.3; ppl:   2.0; xent: 0.7; lr: 1.00000; sents:    3200; bsz:  692/ 926/64; 25068/33522 tok/s;    320 sec;
[2024-03-12 11:08:24,283 INFO] Step 5600/10000; acc: 83.4; ppl:   2.0; xent: 0.7; lr: 1.00000; sents:    3200; bsz:  650/ 895/64; 15378/21161 tok/s;    323 sec;
[2024-03-12 11:08:27,717 INFO] valid stats calculation
                           took: 3.43375563621521 s.
[2024-03-12 11:08:27,717 INFO] Train perplexity: 7.4388
[2024-03-12 11:08:27,717 INFO] Train accuracy: 67.6268
[2024-03-12 11:08:27,717 INFO] Sentences processed: 358353
[2024-03-12 11:08:27,717 INFO] Average bsz:  686/ 924/64
[2024-03-12 11:08:27,717 INFO] Validation perplexity: 45941.9
[2024-03-12 11:08:27,717 INFO] Validation accuracy: 12.7173
[2024-03-12 11:08:27,719 INFO] Saving checkpoint gt-pt-dec/gt-pt-dec_01_step_5600.pt
[2024-03-12 11:08:29,329 INFO] Step 5650/10000; acc: 84.1; ppl:   2.0; xent: 0.7; lr: 1.00000; sents:    3200; bsz:  732/ 964/64; 7254/9550 tok/s;    328 sec;
[2024-03-12 11:08:30,810 INFO] Step 5700/10000; acc: 83.7; ppl:   2.0; xent: 0.7; lr: 1.00000; sents:    3200; bsz:  771/1033/64; 26015/34892 tok/s;    329 sec;
[2024-03-12 11:08:32,585 INFO] Step 5750/10000; acc: 84.2; ppl:   2.0; xent: 0.7; lr: 1.00000; sents:    3200; bsz:  667/ 901/64; 18793/25402 tok/s;    331 sec;
[2024-03-12 11:08:34,930 INFO] Step 5800/10000; acc: 84.4; ppl:   1.9; xent: 0.7; lr: 1.00000; sents:    3200; bsz:  713/ 970/64; 15205/20680 tok/s;    333 sec;
[2024-03-12 11:08:38,385 INFO] valid stats calculation
                           took: 3.454906940460205 s.
[2024-03-12 11:08:38,385 INFO] Train perplexity: 7.09321
[2024-03-12 11:08:38,385 INFO] Train accuracy: 68.2195
[2024-03-12 11:08:38,385 INFO] Sentences processed: 371153
[2024-03-12 11:08:38,385 INFO] Average bsz:  687/ 926/64
[2024-03-12 11:08:38,385 INFO] Validation perplexity: 36331
[2024-03-12 11:08:38,385 INFO] Validation accuracy: 15.293
[2024-03-12 11:08:38,387 INFO] Saving checkpoint gt-pt-dec/gt-pt-dec_01_step_5800.pt
[2024-03-12 11:08:39,840 INFO] Step 5850/10000; acc: 84.8; ppl:   1.9; xent: 0.6; lr: 1.00000; sents:    3200; bsz:  669/ 899/64; 6817/9151 tok/s;    338 sec;
[2024-03-12 11:08:41,247 INFO] Step 5900/10000; acc: 84.1; ppl:   1.9; xent: 0.7; lr: 1.00000; sents:    3200; bsz:  698/ 945/64; 24783/33559 tok/s;    339 sec;
[2024-03-12 11:08:43,301 INFO] Step 5950/10000; acc: 84.5; ppl:   2.0; xent: 0.7; lr: 1.00000; sents:    3200; bsz:  620/ 847/64; 15085/20633 tok/s;    342 sec;
[2024-03-12 11:08:45,628 INFO] Step 6000/10000; acc: 84.2; ppl:   2.0; xent: 0.7; lr: 1.00000; sents:    3200; bsz:  727/ 988/64; 15621/21217 tok/s;    344 sec;
[2024-03-12 11:08:49,054 INFO] valid stats calculation
                           took: 3.425200939178467 s.
[2024-03-12 11:08:49,054 INFO] Train perplexity: 6.79536
[2024-03-12 11:08:49,054 INFO] Train accuracy: 68.7551
[2024-03-12 11:08:49,054 INFO] Sentences processed: 383953
[2024-03-12 11:08:49,054 INFO] Average bsz:  687/ 926/64
[2024-03-12 11:08:49,055 INFO] Validation perplexity: 54728.1
[2024-03-12 11:08:49,055 INFO] Validation accuracy: 15.3574
[2024-03-12 11:08:49,056 INFO] Saving checkpoint gt-pt-dec/gt-pt-dec_01_step_6000.pt
[2024-03-12 11:08:50,550 INFO] Step 6050/10000; acc: 85.1; ppl:   1.9; xent: 0.6; lr: 1.00000; sents:    3200; bsz:  692/ 929/64; 7035/9439 tok/s;    349 sec;
[2024-03-12 11:08:52,566 INFO] Step 6100/10000; acc: 84.7; ppl:   1.9; xent: 0.7; lr: 1.00000; sents:    3200; bsz:  762/1019/64; 18895/25272 tok/s;    351 sec;
[2024-03-12 11:08:54,760 INFO] Step 6150/10000; acc: 85.2; ppl:   1.9; xent: 0.6; lr: 1.00000; sents:    3200; bsz:  684/ 919/64; 15579/20936 tok/s;    353 sec;
[2024-03-12 11:08:57,108 INFO] Step 6200/10000; acc: 84.9; ppl:   1.9; xent: 0.6; lr: 1.00000; sents:    3200; bsz:  759/1015/64; 16161/21611 tok/s;    355 sec;
[2024-03-12 11:09:00,641 INFO] valid stats calculation
                           took: 3.5319063663482666 s.
[2024-03-12 11:09:00,641 INFO] Train perplexity: 6.50856
[2024-03-12 11:09:00,641 INFO] Train accuracy: 69.3022
[2024-03-12 11:09:00,641 INFO] Sentences processed: 396753
[2024-03-12 11:09:00,641 INFO] Average bsz:  688/ 927/64
[2024-03-12 11:09:00,641 INFO] Validation perplexity: 34526.9
[2024-03-12 11:09:00,641 INFO] Validation accuracy: 14.3593
[2024-03-12 11:09:00,643 INFO] Saving checkpoint gt-pt-dec/gt-pt-dec_01_step_6200.pt
[2024-03-12 11:09:02,214 INFO] Step 6250/10000; acc: 83.7; ppl:   2.0; xent: 0.7; lr: 1.00000; sents:    3200; bsz:  705/ 963/64; 6903/9435 tok/s;    360 sec;
[2024-03-12 11:09:04,550 INFO] Step 6300/10000; acc: 84.2; ppl:   2.0; xent: 0.7; lr: 1.00000; sents:    3200; bsz:  723/ 994/64; 15474/21273 tok/s;    363 sec;
[2024-03-12 11:09:06,858 INFO] Step 6350/10000; acc: 84.4; ppl:   1.9; xent: 0.7; lr: 1.00000; sents:    3200; bsz:  736/ 988/64; 15946/21409 tok/s;    365 sec;
[2024-03-12 11:09:09,046 INFO] Step 6400/10000; acc: 84.4; ppl:   1.9; xent: 0.7; lr: 1.00000; sents:    3200; bsz:  668/ 908/64; 15274/20750 tok/s;    367 sec;
[2024-03-12 11:09:12,606 INFO] valid stats calculation
                           took: 3.560286283493042 s.
[2024-03-12 11:09:12,607 INFO] Train perplexity: 6.26122
[2024-03-12 11:09:12,607 INFO] Train accuracy: 69.7841
[2024-03-12 11:09:12,607 INFO] Sentences processed: 409553
[2024-03-12 11:09:12,607 INFO] Average bsz:  689/ 928/64
[2024-03-12 11:09:12,607 INFO] Validation perplexity: 66634.7
[2024-03-12 11:09:12,607 INFO] Validation accuracy: 13.9408
[2024-03-12 11:09:12,608 INFO] Saving checkpoint gt-pt-dec/gt-pt-dec_01_step_6400.pt
[2024-03-12 11:09:14,462 INFO] Step 6450/10000; acc: 84.9; ppl:   1.9; xent: 0.6; lr: 1.00000; sents:    3200; bsz:  700/ 958/64; 6463/8847 tok/s;    373 sec;
[2024-03-12 11:09:16,816 INFO] Step 6500/10000; acc: 85.0; ppl:   1.9; xent: 0.6; lr: 1.00000; sents:    3200; bsz:  709/ 968/64; 15065/20563 tok/s;    375 sec;
[2024-03-12 11:09:19,263 INFO] Step 6550/10000; acc: 84.1; ppl:   1.9; xent: 0.7; lr: 1.00000; sents:    3200; bsz:  759/1024/64; 15516/20932 tok/s;    378 sec;
[2024-03-12 11:09:21,684 INFO] Step 6600/10000; acc: 84.9; ppl:   1.9; xent: 0.6; lr: 1.00000; sents:    3200; bsz:  736/ 973/64; 15198/20101 tok/s;    380 sec;
[2024-03-12 11:09:25,383 INFO] valid stats calculation
                           took: 3.6986427307128906 s.
[2024-03-12 11:09:25,384 INFO] Train perplexity: 6.02617
[2024-03-12 11:09:25,384 INFO] Train accuracy: 70.2614
[2024-03-12 11:09:25,384 INFO] Sentences processed: 422353
[2024-03-12 11:09:25,384 INFO] Average bsz:  690/ 930/64
[2024-03-12 11:09:25,384 INFO] Validation perplexity: 59140.8
[2024-03-12 11:09:25,384 INFO] Validation accuracy: 12.0412
[2024-03-12 11:09:25,386 INFO] Saving checkpoint gt-pt-dec/gt-pt-dec_01_step_6600.pt
[2024-03-12 11:09:27,790 INFO] Step 6650/10000; acc: 85.9; ppl:   1.8; xent: 0.6; lr: 1.00000; sents:    3200; bsz:  717/ 942/64; 5870/7713 tok/s;    386 sec;
[2024-03-12 11:09:30,202 INFO] Step 6700/10000; acc: 85.1; ppl:   1.9; xent: 0.6; lr: 1.00000; sents:    3200; bsz:  722/ 974/64; 14969/20198 tok/s;    388 sec;
[2024-03-12 11:09:32,506 INFO] Step 6750/10000; acc: 85.5; ppl:   1.8; xent: 0.6; lr: 1.00000; sents:    3200; bsz:  687/ 930/64; 14920/20176 tok/s;    391 sec;
[2024-03-12 11:09:34,495 INFO] Step 6800/10000; acc: 86.4; ppl:   1.7; xent: 0.5; lr: 1.00000; sents:    3200; bsz:  660/ 892/64; 16605/22430 tok/s;    393 sec;
[2024-03-12 11:09:38,172 INFO] valid stats calculation
                           took: 3.6771953105926514 s.
[2024-03-12 11:09:38,173 INFO] Train perplexity: 5.81523
[2024-03-12 11:09:38,173 INFO] Train accuracy: 70.7176
[2024-03-12 11:09:38,173 INFO] Sentences processed: 435153
[2024-03-12 11:09:38,173 INFO] Average bsz:  690/ 930/64
[2024-03-12 11:09:38,173 INFO] Validation perplexity: 63218.9
[2024-03-12 11:09:38,173 INFO] Validation accuracy: 14.9388
[2024-03-12 11:09:38,174 INFO] Saving checkpoint gt-pt-dec/gt-pt-dec_01_step_6800.pt
[2024-03-12 11:09:40,564 INFO] Step 6850/10000; acc: 85.4; ppl:   1.9; xent: 0.6; lr: 1.00000; sents:    3200; bsz:  713/ 943/64; 5874/7772 tok/s;    399 sec;
[2024-03-12 11:09:42,778 INFO] Step 6900/10000; acc: 85.5; ppl:   1.8; xent: 0.6; lr: 1.00000; sents:    3200; bsz:  684/ 922/64; 15439/20816 tok/s;    401 sec;
[2024-03-12 11:09:45,144 INFO] Step 6950/10000; acc: 86.2; ppl:   1.8; xent: 0.6; lr: 1.00000; sents:    3200; bsz:  739/ 988/64; 15625/20886 tok/s;    403 sec;
[2024-03-12 11:09:46,929 INFO] Step 7000/10000; acc: 85.9; ppl:   1.8; xent: 0.6; lr: 1.00000; sents:    3200; bsz:  712/ 964/64; 19938/27002 tok/s;    405 sec;
[2024-03-12 11:09:50,554 INFO] valid stats calculation
                           took: 3.6247506141662598 s.
[2024-03-12 11:09:50,555 INFO] Train perplexity: 5.61888
[2024-03-12 11:09:50,555 INFO] Train accuracy: 71.1582
[2024-03-12 11:09:50,555 INFO] Sentences processed: 447953
[2024-03-12 11:09:50,555 INFO] Average bsz:  691/ 931/64
[2024-03-12 11:09:50,555 INFO] Validation perplexity: 52092.2
[2024-03-12 11:09:50,555 INFO] Validation accuracy: 15.6149
[2024-03-12 11:09:50,556 INFO] Saving checkpoint gt-pt-dec/gt-pt-dec_01_step_7000.pt
[2024-03-12 11:09:52,771 INFO] Step 7050/10000; acc: 87.2; ppl:   1.7; xent: 0.5; lr: 1.00000; sents:    3200; bsz:  644/ 853/64; 5511/7298 tok/s;    411 sec;
[2024-03-12 11:09:54,828 INFO] Step 7100/10000; acc: 85.7; ppl:   1.8; xent: 0.6; lr: 1.00000; sents:    3200; bsz:  613/ 837/64; 14910/20358 tok/s;    413 sec;
[2024-03-12 11:09:57,088 INFO] Step 7150/10000; acc: 85.2; ppl:   1.8; xent: 0.6; lr: 1.00000; sents:    3200; bsz:  668/ 922/64; 14778/20391 tok/s;    415 sec;
[2024-03-12 11:09:58,369 INFO] Step 7200/10000; acc: 86.8; ppl:   1.7; xent: 0.5; lr: 1.00000; sents:    3200; bsz:  648/ 869/64; 25285/33915 tok/s;    417 sec;
[2024-03-12 11:10:02,100 INFO] valid stats calculation
                           took: 3.7299983501434326 s.
[2024-03-12 11:10:02,100 INFO] Train perplexity: 5.45174
[2024-03-12 11:10:02,100 INFO] Train accuracy: 71.5499
[2024-03-12 11:10:02,100 INFO] Sentences processed: 460753
[2024-03-12 11:10:02,100 INFO] Average bsz:  690/ 929/64
[2024-03-12 11:10:02,100 INFO] Validation perplexity: 79348.3
[2024-03-12 11:10:02,100 INFO] Validation accuracy: 11.6871
[2024-03-12 11:10:02,102 INFO] Saving checkpoint gt-pt-dec/gt-pt-dec_01_step_7200.pt
[2024-03-12 11:10:04,370 INFO] Step 7250/10000; acc: 87.0; ppl:   1.7; xent: 0.5; lr: 1.00000; sents:    3200; bsz:  675/ 912/64; 5621/7601 tok/s;    423 sec;
[2024-03-12 11:10:06,517 INFO] Step 7300/10000; acc: 86.4; ppl:   1.7; xent: 0.6; lr: 1.00000; sents:    3200; bsz:  627/ 861/64; 14604/20058 tok/s;    425 sec;
[2024-03-12 11:10:08,524 INFO] Step 7350/10000; acc: 85.9; ppl:   1.9; xent: 0.6; lr: 1.00000; sents:    3200; bsz:  667/ 904/64; 16615/22537 tok/s;    427 sec;
[2024-03-12 11:10:10,138 INFO] Step 7400/10000; acc: 85.3; ppl:   1.8; xent: 0.6; lr: 1.00000; sents:    3200; bsz:  705/ 967/64; 21842/29956 tok/s;    428 sec;
[2024-03-12 11:10:13,930 INFO] valid stats calculation
                           took: 3.791733980178833 s.
[2024-03-12 11:10:13,931 INFO] Train perplexity: 5.29263
[2024-03-12 11:10:13,931 INFO] Train accuracy: 71.9373
[2024-03-12 11:10:13,931 INFO] Sentences processed: 473553
[2024-03-12 11:10:13,931 INFO] Average bsz:  689/ 929/64
[2024-03-12 11:10:13,931 INFO] Validation perplexity: 44550.7
[2024-03-12 11:10:13,931 INFO] Validation accuracy: 15.9369
[2024-03-12 11:10:13,932 INFO] Saving checkpoint gt-pt-dec/gt-pt-dec_01_step_7400.pt
[2024-03-12 11:10:16,229 INFO] Step 7450/10000; acc: 86.0; ppl:   1.8; xent: 0.6; lr: 1.00000; sents:    3200; bsz:  660/ 898/64; 5422/7369 tok/s;    434 sec;
[2024-03-12 11:10:18,420 INFO] Step 7500/10000; acc: 86.5; ppl:   1.8; xent: 0.6; lr: 1.00000; sents:    3200; bsz:  649/ 870/64; 14808/19870 tok/s;    437 sec;
[2024-03-12 11:10:19,907 INFO] Step 7550/10000; acc: 86.4; ppl:   1.8; xent: 0.6; lr: 1.00000; sents:    3200; bsz:  649/ 890/64; 21817/29911 tok/s;    438 sec;
[2024-03-12 11:10:21,263 INFO] Step 7600/10000; acc: 87.4; ppl:   1.7; xent: 0.5; lr: 1.00000; sents:    3200; bsz:  661/ 892/64; 24372/32880 tok/s;    440 sec;
[2024-03-12 11:10:24,768 INFO] valid stats calculation
                           took: 3.5047547817230225 s.
[2024-03-12 11:10:24,769 INFO] Train perplexity: 5.14625
[2024-03-12 11:10:24,769 INFO] Train accuracy: 72.3059
[2024-03-12 11:10:24,769 INFO] Sentences processed: 486353
[2024-03-12 11:10:24,769 INFO] Average bsz:  688/ 927/64
[2024-03-12 11:10:24,769 INFO] Validation perplexity: 47966.4
[2024-03-12 11:10:24,769 INFO] Validation accuracy: 14.1339
[2024-03-12 11:10:24,770 INFO] Saving checkpoint gt-pt-dec/gt-pt-dec_01_step_7600.pt
[2024-03-12 11:10:27,218 INFO] Step 7650/10000; acc: 86.3; ppl:   1.7; xent: 0.5; lr: 1.00000; sents:    3200; bsz:  699/ 953/64; 5869/8004 tok/s;    445 sec;
[2024-03-12 11:10:29,085 INFO] Step 7700/10000; acc: 87.4; ppl:   1.7; xent: 0.5; lr: 1.00000; sents:    3200; bsz:  620/ 836/64; 16593/22399 tok/s;    447 sec;
[2024-03-12 11:10:30,349 INFO] Step 7750/10000; acc: 86.6; ppl:   1.8; xent: 0.6; lr: 1.00000; sents:    3200; bsz:  567/ 789/64; 22427/31185 tok/s;    449 sec;
[2024-03-12 11:10:31,801 INFO] Step 7800/10000; acc: 87.3; ppl:   1.7; xent: 0.5; lr: 1.00000; sents:    3200; bsz:  742/ 968/64; 25557/33361 tok/s;    450 sec;
[2024-03-12 11:10:35,273 INFO] valid stats calculation
                           took: 3.4721102714538574 s.
[2024-03-12 11:10:35,274 INFO] Train perplexity: 5.00882
[2024-03-12 11:10:35,274 INFO] Train accuracy: 72.6641
[2024-03-12 11:10:35,274 INFO] Sentences processed: 499153
[2024-03-12 11:10:35,274 INFO] Average bsz:  687/ 926/64
[2024-03-12 11:10:35,274 INFO] Validation perplexity: 39555
[2024-03-12 11:10:35,274 INFO] Validation accuracy: 15.5184
[2024-03-12 11:10:35,275 INFO] Saving checkpoint gt-pt-dec/gt-pt-dec_01_step_7800.pt
[2024-03-12 11:10:37,770 INFO] Step 7850/10000; acc: 86.2; ppl:   1.7; xent: 0.5; lr: 1.00000; sents:    3200; bsz:  741/1006/64; 6208/8431 tok/s;    456 sec;
[2024-03-12 11:10:39,300 INFO] Step 7900/10000; acc: 86.6; ppl:   1.7; xent: 0.5; lr: 1.00000; sents:    3200; bsz:  664/ 922/64; 21713/30144 tok/s;    458 sec;
[2024-03-12 11:10:40,673 INFO] Step 7950/10000; acc: 87.3; ppl:   1.7; xent: 0.5; lr: 1.00000; sents:    3200; bsz:  678/ 921/64; 24714/33564 tok/s;    459 sec;
[2024-03-12 11:10:42,374 INFO] Step 8000/10000; acc: 85.8; ppl:   1.8; xent: 0.6; lr: 1.00000; sents:    3200; bsz:  698/ 958/64; 20506/28158 tok/s;    461 sec;
[2024-03-12 11:10:45,794 INFO] valid stats calculation
                           took: 3.4189209938049316 s.
[2024-03-12 11:10:45,794 INFO] Train perplexity: 4.87343
[2024-03-12 11:10:45,794 INFO] Train accuracy: 73.0178
[2024-03-12 11:10:45,794 INFO] Sentences processed: 511953
[2024-03-12 11:10:45,794 INFO] Average bsz:  687/ 927/64
[2024-03-12 11:10:45,794 INFO] Validation perplexity: 73737.2
[2024-03-12 11:10:45,794 INFO] Validation accuracy: 14.7135
[2024-03-12 11:10:45,796 INFO] Saving checkpoint gt-pt-dec/gt-pt-dec_01_step_8000.pt
[2024-03-12 11:10:47,852 INFO] Step 8050/10000; acc: 86.5; ppl:   1.7; xent: 0.5; lr: 1.00000; sents:    3200; bsz:  718/ 982/64; 6554/8964 tok/s;    466 sec;
[2024-03-12 11:10:49,194 INFO] Step 8100/10000; acc: 88.3; ppl:   1.6; xent: 0.5; lr: 1.00000; sents:    3200; bsz:  685/ 899/64; 25534/33513 tok/s;    467 sec;
[2024-03-12 11:10:50,480 INFO] Step 8150/10000; acc: 87.7; ppl:   1.6; xent: 0.5; lr: 1.00000; sents:    3200; bsz:  620/ 835/64; 24086/32454 tok/s;    469 sec;
[2024-03-12 11:10:52,567 INFO] Step 8200/10000; acc: 87.6; ppl:   1.6; xent: 0.5; lr: 1.00000; sents:    3200; bsz:  684/ 911/64; 16375/21820 tok/s;    471 sec;
[2024-03-12 11:10:56,032 INFO] valid stats calculation
                           took: 3.463921308517456 s.
[2024-03-12 11:10:56,032 INFO] Train perplexity: 4.74868
[2024-03-12 11:10:56,032 INFO] Train accuracy: 73.3637
[2024-03-12 11:10:56,032 INFO] Sentences processed: 524753
[2024-03-12 11:10:56,032 INFO] Average bsz:  687/ 927/64
[2024-03-12 11:10:56,032 INFO] Validation perplexity: 54029.8
[2024-03-12 11:10:56,032 INFO] Validation accuracy: 14.6169
[2024-03-12 11:10:56,034 INFO] Saving checkpoint gt-pt-dec/gt-pt-dec_01_step_8200.pt
[2024-03-12 11:10:57,488 INFO] Step 8250/10000; acc: 86.9; ppl:   1.7; xent: 0.5; lr: 1.00000; sents:    3200; bsz:  636/ 873/64; 6468/8874 tok/s;    476 sec;
[2024-03-12 11:10:58,968 INFO] Step 8300/10000; acc: 87.7; ppl:   1.7; xent: 0.5; lr: 1.00000; sents:    3200; bsz:  776/ 996/64; 26221/33637 tok/s;    477 sec;
[2024-03-12 11:11:00,826 INFO] Step 8350/10000; acc: 88.6; ppl:   1.6; xent: 0.5; lr: 1.00000; sents:    3200; bsz:  698/ 906/64; 18773/24378 tok/s;    479 sec;
[2024-03-12 11:11:03,032 INFO] Step 8400/10000; acc: 86.5; ppl:   1.7; xent: 0.5; lr: 1.00000; sents:    3200; bsz:  709/ 951/64; 16071/21554 tok/s;    481 sec;
[2024-03-12 11:11:06,420 INFO] valid stats calculation
                           took: 3.3872194290161133 s.
[2024-03-12 11:11:06,420 INFO] Train perplexity: 4.63148
[2024-03-12 11:11:06,420 INFO] Train accuracy: 73.7
[2024-03-12 11:11:06,420 INFO] Sentences processed: 537553
[2024-03-12 11:11:06,420 INFO] Average bsz:  688/ 927/64
[2024-03-12 11:11:06,420 INFO] Validation perplexity: 43533.8
[2024-03-12 11:11:06,421 INFO] Validation accuracy: 15.454
[2024-03-12 11:11:06,422 INFO] Saving checkpoint gt-pt-dec/gt-pt-dec_01_step_8400.pt
[2024-03-12 11:11:07,896 INFO] Step 8450/10000; acc: 87.2; ppl:   1.7; xent: 0.5; lr: 1.00000; sents:    3200; bsz:  677/ 904/64; 6959/9295 tok/s;    486 sec;
[2024-03-12 11:11:09,368 INFO] Step 8500/10000; acc: 86.4; ppl:   1.7; xent: 0.5; lr: 1.00000; sents:    3200; bsz:  724/ 999/64; 24600/33925 tok/s;    488 sec;
[2024-03-12 11:11:11,491 INFO] Step 8550/10000; acc: 86.6; ppl:   1.7; xent: 0.5; lr: 1.00000; sents:    3200; bsz:  657/ 909/64; 15471/21422 tok/s;    490 sec;
[2024-03-12 11:11:13,557 INFO] Step 8600/10000; acc: 88.0; ppl:   1.6; xent: 0.5; lr: 1.00000; sents:    3200; bsz:  614/ 848/64; 14867/20530 tok/s;    492 sec;
[2024-03-12 11:11:16,976 INFO] valid stats calculation
                           took: 3.4180665016174316 s.
[2024-03-12 11:11:16,976 INFO] Train perplexity: 4.52465
[2024-03-12 11:11:16,976 INFO] Train accuracy: 74.0061
[2024-03-12 11:11:16,976 INFO] Sentences processed: 550353
[2024-03-12 11:11:16,976 INFO] Average bsz:  687/ 926/64
[2024-03-12 11:11:16,976 INFO] Validation perplexity: 68616.1
[2024-03-12 11:11:16,976 INFO] Validation accuracy: 15.6149
[2024-03-12 11:11:16,978 INFO] Saving checkpoint gt-pt-dec/gt-pt-dec_01_step_8600.pt
[2024-03-12 11:11:18,462 INFO] Step 8650/10000; acc: 87.8; ppl:   1.6; xent: 0.5; lr: 1.00000; sents:    3200; bsz:  692/ 919/64; 7059/9369 tok/s;    497 sec;
[2024-03-12 11:11:20,372 INFO] Step 8700/10000; acc: 86.0; ppl:   1.8; xent: 0.6; lr: 1.00000; sents:    3200; bsz:  758/1038/64; 19845/27186 tok/s;    499 sec;
[2024-03-12 11:11:22,651 INFO] Step 8750/10000; acc: 87.3; ppl:   1.7; xent: 0.5; lr: 1.00000; sents:    3200; bsz:  698/ 951/64; 15303/20855 tok/s;    501 sec;
[2024-03-12 11:11:24,832 INFO] Step 8800/10000; acc: 87.3; ppl:   1.7; xent: 0.5; lr: 1.00000; sents:    3200; bsz:  655/ 887/64; 15010/20330 tok/s;    503 sec;
[2024-03-12 11:11:28,361 INFO] valid stats calculation
                           took: 3.5284957885742188 s.
[2024-03-12 11:11:28,362 INFO] Train perplexity: 4.42218
[2024-03-12 11:11:28,362 INFO] Train accuracy: 74.31
[2024-03-12 11:11:28,362 INFO] Sentences processed: 563153
[2024-03-12 11:11:28,362 INFO] Average bsz:  687/ 927/64
[2024-03-12 11:11:28,362 INFO] Validation perplexity: 45907.9
[2024-03-12 11:11:28,362 INFO] Validation accuracy: 15.454
[2024-03-12 11:11:28,363 INFO] Saving checkpoint gt-pt-dec/gt-pt-dec_01_step_8800.pt
[2024-03-12 11:11:29,856 INFO] Step 8850/10000; acc: 87.3; ppl:   1.7; xent: 0.5; lr: 1.00000; sents:    3200; bsz:  650/ 875/64; 6472/8711 tok/s;    508 sec;
[2024-03-12 11:11:31,876 INFO] Step 8900/10000; acc: 87.0; ppl:   1.7; xent: 0.5; lr: 1.00000; sents:    3200; bsz:  685/ 948/64; 16955/23478 tok/s;    510 sec;
[2024-03-12 11:11:34,010 INFO] Step 8950/10000; acc: 88.0; ppl:   1.6; xent: 0.5; lr: 1.00000; sents:    3200; bsz:  626/ 870/64; 14672/20402 tok/s;    512 sec;
[2024-03-12 11:11:36,090 INFO] Step 9000/10000; acc: 87.6; ppl:   1.6; xent: 0.5; lr: 1.00000; sents:    3200; bsz:  626/ 841/64; 15047/20216 tok/s;    514 sec;
[2024-03-12 11:11:39,623 INFO] valid stats calculation
                           took: 3.532632350921631 s.
[2024-03-12 11:11:39,623 INFO] Train perplexity: 4.33012
[2024-03-12 11:11:39,623 INFO] Train accuracy: 74.5894
[2024-03-12 11:11:39,623 INFO] Sentences processed: 575953
[2024-03-12 11:11:39,623 INFO] Average bsz:  687/ 926/64
[2024-03-12 11:11:39,623 INFO] Validation perplexity: 51869.4
[2024-03-12 11:11:39,623 INFO] Validation accuracy: 15.0032
[2024-03-12 11:11:39,625 INFO] Saving checkpoint gt-pt-dec/gt-pt-dec_01_step_9000.pt
[2024-03-12 11:11:41,357 INFO] Step 9050/10000; acc: 87.9; ppl:   1.6; xent: 0.5; lr: 1.00000; sents:    3200; bsz:  760/ 991/64; 7218/9404 tok/s;    520 sec;
[2024-03-12 11:11:43,629 INFO] Step 9100/10000; acc: 88.3; ppl:   1.6; xent: 0.5; lr: 1.00000; sents:    3200; bsz:  719/ 957/64; 15834/21074 tok/s;    522 sec;
[2024-03-12 11:11:45,613 INFO] Step 9150/10000; acc: 87.9; ppl:   1.6; xent: 0.5; lr: 1.00000; sents:    3200; bsz:  588/ 809/64; 14805/20395 tok/s;    524 sec;
[2024-03-12 11:11:47,728 INFO] Step 9200/10000; acc: 88.2; ppl:   1.6; xent: 0.5; lr: 1.00000; sents:    3200; bsz:  635/ 857/64; 15021/20269 tok/s;    526 sec;
[2024-03-12 11:11:51,320 INFO] valid stats calculation
                           took: 3.591838836669922 s.
[2024-03-12 11:11:51,321 INFO] Train perplexity: 4.2396
[2024-03-12 11:11:51,321 INFO] Train accuracy: 74.8757
[2024-03-12 11:11:51,321 INFO] Sentences processed: 588753
[2024-03-12 11:11:51,321 INFO] Average bsz:  686/ 925/64
[2024-03-12 11:11:51,321 INFO] Validation perplexity: 85129.3
[2024-03-12 11:11:51,321 INFO] Validation accuracy: 14.2627
[2024-03-12 11:11:51,322 INFO] Saving checkpoint gt-pt-dec/gt-pt-dec_01_step_9200.pt
[2024-03-12 11:11:52,767 INFO] Step 9250/10000; acc: 88.3; ppl:   1.6; xent: 0.5; lr: 1.00000; sents:    3200; bsz:  646/ 859/64; 6415/8524 tok/s;    531 sec;
[2024-03-12 11:11:54,066 INFO] Step 9300/10000; acc: 88.0; ppl:   1.6; xent: 0.5; lr: 1.00000; sents:    3200; bsz:  643/ 860/64; 24722/33085 tok/s;    532 sec;
[2024-03-12 11:11:55,474 INFO] Step 9350/10000; acc: 87.5; ppl:   1.6; xent: 0.5; lr: 1.00000; sents:    3200; bsz:  700/ 956/64; 24876/33952 tok/s;    534 sec;
[2024-03-12 11:11:56,770 INFO] Step 9400/10000; acc: 87.6; ppl:   1.6; xent: 0.5; lr: 1.00000; sents:    3200; bsz:  644/ 882/64; 24858/34016 tok/s;    535 sec;
[2024-03-12 11:12:00,169 INFO] valid stats calculation
                           took: 3.3988654613494873 s.
[2024-03-12 11:12:00,170 INFO] Train perplexity: 4.15681
[2024-03-12 11:12:00,170 INFO] Train accuracy: 75.1408
[2024-03-12 11:12:00,170 INFO] Sentences processed: 601553
[2024-03-12 11:12:00,170 INFO] Average bsz:  686/ 925/64
[2024-03-12 11:12:00,170 INFO] Validation perplexity: 64586.5
[2024-03-12 11:12:00,170 INFO] Validation accuracy: 14.7457
[2024-03-12 11:12:00,171 INFO] Saving checkpoint gt-pt-dec/gt-pt-dec_01_step_9400.pt
[2024-03-12 11:12:01,522 INFO] Step 9450/10000; acc: 89.1; ppl:   1.5; xent: 0.4; lr: 1.00000; sents:    3200; bsz:  599/ 808/64; 6303/8498 tok/s;    540 sec;
[2024-03-12 11:12:02,893 INFO] Step 9500/10000; acc: 87.2; ppl:   1.7; xent: 0.5; lr: 1.00000; sents:    3200; bsz:  684/ 951/64; 24966/34680 tok/s;    541 sec;
[2024-03-12 11:12:04,333 INFO] Step 9550/10000; acc: 87.8; ppl:   1.6; xent: 0.5; lr: 1.00000; sents:    3200; bsz:  753/ 996/64; 26145/34593 tok/s;    543 sec;
[2024-03-12 11:12:05,672 INFO] Step 9600/10000; acc: 87.9; ppl:   1.6; xent: 0.5; lr: 1.00000; sents:    3200; bsz:  685/ 928/64; 25567/34646 tok/s;    544 sec;
[2024-03-12 11:12:09,122 INFO] valid stats calculation
                           took: 3.449295997619629 s.
[2024-03-12 11:12:09,122 INFO] Train perplexity: 4.07565
[2024-03-12 11:12:09,122 INFO] Train accuracy: 75.4064
[2024-03-12 11:12:09,122 INFO] Sentences processed: 614353
[2024-03-12 11:12:09,122 INFO] Average bsz:  686/ 925/64
[2024-03-12 11:12:09,122 INFO] Validation perplexity: 65994.2
[2024-03-12 11:12:09,122 INFO] Validation accuracy: 15.3896
[2024-03-12 11:12:09,124 INFO] Saving checkpoint gt-pt-dec/gt-pt-dec_01_step_9600.pt
[2024-03-12 11:12:10,570 INFO] Step 9650/10000; acc: 87.9; ppl:   1.6; xent: 0.5; lr: 1.00000; sents:    3200; bsz:  698/ 922/64; 7122/9412 tok/s;    549 sec;
[2024-03-12 11:12:11,838 INFO] Step 9700/10000; acc: 88.5; ppl:   1.6; xent: 0.4; lr: 1.00000; sents:    3200; bsz:  658/ 878/64; 25944/34626 tok/s;    550 sec;
[2024-03-12 11:12:13,168 INFO] Step 9750/10000; acc: 87.9; ppl:   1.6; xent: 0.5; lr: 1.00000; sents:    3200; bsz:  682/ 927/64; 25659/34875 tok/s;    551 sec;
[2024-03-12 11:12:14,484 INFO] Step 9800/10000; acc: 86.9; ppl:   1.7; xent: 0.5; lr: 1.00000; sents:    3200; bsz:  639/ 883/64; 24275/33559 tok/s;    553 sec;
[2024-03-12 11:12:17,929 INFO] valid stats calculation
                           took: 3.4453790187835693 s.
[2024-03-12 11:12:17,930 INFO] Train perplexity: 4.00121
[2024-03-12 11:12:17,930 INFO] Train accuracy: 75.6541
[2024-03-12 11:12:17,930 INFO] Sentences processed: 627153
[2024-03-12 11:12:17,930 INFO] Average bsz:  685/ 924/64
[2024-03-12 11:12:17,930 INFO] Validation perplexity: 93967.4
[2024-03-12 11:12:17,930 INFO] Validation accuracy: 14.7457
[2024-03-12 11:12:17,931 INFO] Saving checkpoint gt-pt-dec/gt-pt-dec_01_step_9800.pt
[2024-03-12 11:12:19,476 INFO] Step 9850/10000; acc: 88.0; ppl:   1.6; xent: 0.5; lr: 1.00000; sents:    3200; bsz:  727/ 957/64; 7276/9586 tok/s;    558 sec;
[2024-03-12 11:12:20,744 INFO] Step 9900/10000; acc: 88.8; ppl:   1.5; xent: 0.4; lr: 1.00000; sents:    3200; bsz:  653/ 868/64; 25754/34232 tok/s;    559 sec;
[2024-03-12 11:12:22,030 INFO] Step 9950/10000; acc: 88.9; ppl:   1.5; xent: 0.4; lr: 1.00000; sents:    3200; bsz:  654/ 895/64; 25439/34797 tok/s;    560 sec;
[2024-03-12 11:12:23,309 INFO] Step 10000/10000; acc: 89.0; ppl:   1.5; xent: 0.4; lr: 1.00000; sents:    3200; bsz:  657/ 887/64; 25679/34696 tok/s;    562 sec;
[2024-03-12 11:12:26,735 INFO] valid stats calculation
                           took: 3.426056385040283 s.
[2024-03-12 11:12:26,736 INFO] Train perplexity: 3.92837
[2024-03-12 11:12:26,736 INFO] Train accuracy: 75.9077
[2024-03-12 11:12:26,736 INFO] Sentences processed: 639953
[2024-03-12 11:12:26,736 INFO] Average bsz:  685/ 924/64
[2024-03-12 11:12:26,736 INFO] Validation perplexity: 90087.2
[2024-03-12 11:12:26,736 INFO] Validation accuracy: 15.4218
[2024-03-12 11:12:26,737 INFO] Saving checkpoint gt-pt-dec/gt-pt-dec_01_step_10000.pt
