[2024-03-12 09:42:31,354 WARNING] Corpus corpus_1's weight should be given. We default it to 1 for you.
[2024-03-12 09:42:31,354 INFO] Parsed 2 corpora from -data.
[2024-03-12 09:42:31,354 INFO] Loading checkpoint from gt-pt-enc/models/gt-pt-enc_01_step_8400.pt
[2024-03-12 09:42:31,428 INFO] Building model...
[2024-03-12 09:42:31,485 INFO] Switching model to float32 for amp/apex_amp
[2024-03-12 09:42:31,485 INFO] Non quantized layer compute is fp32
[2024-03-12 09:42:33,355 INFO] NMTModel(
  (encoder): RNNEncoder(
    (embeddings): Embeddings(
      (make_embedding): Sequential(
        (emb_luts): Elementwise(
          (0): Embedding(14144, 300, padding_idx=1)
        )
      )
      (dropout): Dropout(p=0.3, inplace=False)
    )
    (rnn): LSTM(300, 500, num_layers=2, batch_first=True, dropout=0.3)
  )
  (decoder): InputFeedRNNDecoder(
    (embeddings): Embeddings(
      (make_embedding): Sequential(
        (emb_luts): Elementwise(
          (0): Embedding(17816, 300, padding_idx=1)
        )
      )
      (dropout): Dropout(p=0.3, inplace=False)
    )
    (dropout): Dropout(p=0.3, inplace=False)
    (rnn): StackedLSTM(
      (dropout): Dropout(p=0.3, inplace=False)
      (layers): ModuleList(
        (0): LSTMCell(800, 500)
        (1): LSTMCell(500, 500)
      )
    )
    (attn): GlobalAttention(
      (linear_in): Linear(in_features=500, out_features=500, bias=False)
      (linear_out): Linear(in_features=1000, out_features=500, bias=False)
    )
  )
  (generator): Linear(in_features=500, out_features=17816, bias=True)
)
[2024-03-12 09:42:33,355 INFO] encoder: 7851200
[2024-03-12 09:42:33,355 INFO] decoder: 19628616
[2024-03-12 09:42:33,355 INFO] * number of parameters: 27479816
[2024-03-12 09:42:33,355 INFO] Trainable parameters = {'torch.float32': 27479816, 'torch.float16': 0, 'torch.uint8': 0, 'torch.int8': 0}
[2024-03-12 09:42:33,355 INFO] Non trainable parameters = {'torch.float32': 0, 'torch.float16': 0, 'torch.uint8': 0, 'torch.int8': 0}
[2024-03-12 09:42:33,355 INFO]  * src vocab size = 14144
[2024-03-12 09:42:33,355 INFO]  * tgt vocab size = 17816
[2024-03-12 09:42:33,357 INFO] Starting training on GPU: [0]
[2024-03-12 09:42:33,357 INFO] Start training loop and validate every 200 steps...
[2024-03-12 09:42:33,357 INFO] Scoring with: TransformPipe(InferFeatsTransform())
[2024-03-12 09:42:39,598 INFO] Step 8450/13400; acc: 19.2; ppl: 433.9; xent: 6.1; lr: 1.00000; sents:    2297; bsz:  449/ 612/46; 3598/4905 tok/s;      6 sec;
[2024-03-12 09:42:42,117 INFO] Step 8500/13400; acc: 28.7; ppl:  77.3; xent: 4.3; lr: 1.00000; sents:    2392; bsz:  447/ 624/48; 8877/12389 tok/s;      9 sec;
[2024-03-12 09:42:45,186 INFO] Step 8550/13400; acc: 34.4; ppl:  41.7; xent: 3.7; lr: 1.00000; sents:    2391; bsz:  464/ 635/48; 7564/10346 tok/s;     12 sec;
[2024-03-12 09:42:48,928 INFO] Step 8600/13400; acc: 39.6; ppl:  26.8; xent: 3.3; lr: 1.00000; sents:    2391; bsz:  462/ 632/48; 6178/8447 tok/s;     16 sec;
[2024-03-12 09:42:52,359 INFO] valid stats calculation
                           took: 3.4308102130889893 s.
[2024-03-12 09:42:52,359 INFO] Train perplexity: 77.1328
[2024-03-12 09:42:52,359 INFO] Train accuracy: 30.5755
[2024-03-12 09:42:52,360 INFO] Sentences processed: 9471
[2024-03-12 09:42:52,360 INFO] Average bsz:  456/ 626/47
[2024-03-12 09:42:52,360 INFO] Validation perplexity: 61.8742
[2024-03-12 09:42:52,360 INFO] Validation accuracy: 33.5158
[2024-03-12 09:42:52,361 INFO] Saving checkpoint gt-ft-enc/gt-ft-enc_8400_03_step_8600.pt
[2024-03-12 09:42:56,247 INFO] Step 8650/13400; acc: 43.9; ppl:  18.3; xent: 2.9; lr: 1.00000; sents:    2280; bsz:  437/ 601/46; 2987/4103 tok/s;     23 sec;
[2024-03-12 09:42:58,709 INFO] Step 8700/13400; acc: 48.0; ppl:  13.2; xent: 2.6; lr: 1.00000; sents:    2400; bsz:  442/ 620/48; 8969/12596 tok/s;     25 sec;
[2024-03-12 09:43:01,970 INFO] Step 8750/13400; acc: 50.0; ppl:  11.3; xent: 2.4; lr: 1.00000; sents:    2405; bsz:  464/ 638/48; 7118/9789 tok/s;     29 sec;
[2024-03-12 09:43:05,663 INFO] Step 8800/13400; acc: 53.4; ppl:   8.9; xent: 2.2; lr: 1.00000; sents:    2303; bsz:  446/ 609/46; 6044/8250 tok/s;     32 sec;
[2024-03-12 09:43:09,080 INFO] valid stats calculation
                           took: 3.4166226387023926 s.
[2024-03-12 09:43:09,080 INFO] Train perplexity: 31.181
[2024-03-12 09:43:09,080 INFO] Train accuracy: 39.6605
[2024-03-12 09:43:09,080 INFO] Sentences processed: 18859
[2024-03-12 09:43:09,080 INFO] Average bsz:  451/ 621/47
[2024-03-12 09:43:09,080 INFO] Validation perplexity: 59.3207
[2024-03-12 09:43:09,080 INFO] Validation accuracy: 37.3471
[2024-03-12 09:43:09,082 INFO] Saving checkpoint gt-ft-enc/gt-ft-enc_8400_03_step_8800.pt
[2024-03-12 09:43:12,774 INFO] Step 8850/13400; acc: 57.4; ppl:   6.9; xent: 1.9; lr: 1.00000; sents:    2404; bsz:  446/ 621/48; 3137/4368 tok/s;     39 sec;
[2024-03-12 09:43:15,277 INFO] Step 8900/13400; acc: 58.9; ppl:   6.2; xent: 1.8; lr: 1.00000; sents:    2288; bsz:  436/ 601/46; 8718/12002 tok/s;     42 sec;
[2024-03-12 09:43:18,540 INFO] Step 8950/13400; acc: 61.4; ppl:   5.3; xent: 1.7; lr: 1.00000; sents:    2396; bsz:  457/ 629/48; 7003/9645 tok/s;     45 sec;
[2024-03-12 09:43:22,307 INFO] Step 9000/13400; acc: 63.5; ppl:   4.7; xent: 1.5; lr: 1.00000; sents:    2392; bsz:  442/ 616/48; 5861/8177 tok/s;     49 sec;
[2024-03-12 09:43:25,792 INFO] valid stats calculation
                           took: 3.485138177871704 s.
[2024-03-12 09:43:25,793 INFO] Train perplexity: 17.7397
[2024-03-12 09:43:25,793 INFO] Train accuracy: 46.5105
[2024-03-12 09:43:25,793 INFO] Sentences processed: 28339
[2024-03-12 09:43:25,793 INFO] Average bsz:  449/ 620/47
[2024-03-12 09:43:25,793 INFO] Validation perplexity: 61.654
[2024-03-12 09:43:25,793 INFO] Validation accuracy: 39.2466
[2024-03-12 09:43:25,794 INFO] Saving checkpoint gt-ft-enc/gt-ft-enc_8400_03_step_9000.pt
[2024-03-12 09:43:29,330 INFO] Step 9050/13400; acc: 65.1; ppl:   4.2; xent: 1.4; lr: 1.00000; sents:    2393; bsz:  450/ 623/48; 3204/4433 tok/s;     56 sec;
[2024-03-12 09:43:32,000 INFO] Step 9100/13400; acc: 66.3; ppl:   4.0; xent: 1.4; lr: 1.00000; sents:    2295; bsz:  469/ 628/46; 8793/11766 tok/s;     59 sec;
[2024-03-12 09:43:35,624 INFO] Step 9150/13400; acc: 68.9; ppl:   3.4; xent: 1.2; lr: 1.00000; sents:    2391; bsz:  449/ 623/48; 6201/8591 tok/s;     62 sec;
[2024-03-12 09:43:39,304 INFO] Step 9200/13400; acc: 70.8; ppl:   3.1; xent: 1.1; lr: 1.00000; sents:    2290; bsz:  439/ 602/46; 5962/8180 tok/s;     66 sec;
[2024-03-12 09:43:42,767 INFO] valid stats calculation
                           took: 3.4623491764068604 s.
[2024-03-12 09:43:42,768 INFO] Train perplexity: 11.9652
[2024-03-12 09:43:42,768 INFO] Train accuracy: 51.8135
[2024-03-12 09:43:42,768 INFO] Sentences processed: 37708
[2024-03-12 09:43:42,768 INFO] Average bsz:  450/ 620/47
[2024-03-12 09:43:42,768 INFO] Validation perplexity: 58.1178
[2024-03-12 09:43:42,768 INFO] Validation accuracy: 41.6291
[2024-03-12 09:43:42,769 INFO] Saving checkpoint gt-ft-enc/gt-ft-enc_8400_03_step_9200.pt
[2024-03-12 09:43:46,076 INFO] Step 9250/13400; acc: 72.9; ppl:   2.8; xent: 1.0; lr: 1.00000; sents:    2400; bsz:  453/ 627/48; 3345/4632 tok/s;     73 sec;
[2024-03-12 09:43:48,847 INFO] Step 9300/13400; acc: 74.8; ppl:   2.6; xent: 1.0; lr: 1.00000; sents:    2399; bsz:  444/ 617/48; 8011/11141 tok/s;     75 sec;
[2024-03-12 09:43:52,533 INFO] Step 9350/13400; acc: 75.2; ppl:   2.5; xent: 0.9; lr: 1.00000; sents:    2401; bsz:  459/ 634/48; 6222/8603 tok/s;     79 sec;
[2024-03-12 09:43:56,213 INFO] Step 9400/13400; acc: 76.9; ppl:   2.3; xent: 0.8; lr: 1.00000; sents:    2305; bsz:  449/ 609/46; 6101/8270 tok/s;     83 sec;
[2024-03-12 09:43:59,663 INFO] valid stats calculation
                           took: 3.4494822025299072 s.
[2024-03-12 09:43:59,663 INFO] Train perplexity: 8.79734
[2024-03-12 09:43:59,663 INFO] Train accuracy: 56.4536
[2024-03-12 09:43:59,663 INFO] Sentences processed: 47213
[2024-03-12 09:43:59,663 INFO] Average bsz:  450/ 620/47
[2024-03-12 09:43:59,663 INFO] Validation perplexity: 76.5396
[2024-03-12 09:43:59,663 INFO] Validation accuracy: 40.5666
[2024-03-12 09:43:59,665 INFO] Saving checkpoint gt-ft-enc/gt-ft-enc_8400_03_step_9400.pt
[2024-03-12 09:44:03,005 INFO] Step 9450/13400; acc: 78.5; ppl:   2.2; xent: 0.8; lr: 1.00000; sents:    2401; bsz:  443/ 618/48; 3261/4553 tok/s;     90 sec;
[2024-03-12 09:44:05,465 INFO] Step 9500/13400; acc: 79.9; ppl:   2.1; xent: 0.7; lr: 1.00000; sents:    2399; bsz:  443/ 618/48; 9008/12560 tok/s;     92 sec;
[2024-03-12 09:44:09,239 INFO] Step 9550/13400; acc: 80.8; ppl:   2.0; xent: 0.7; lr: 1.00000; sents:    2299; bsz:  442/ 609/46; 5858/8062 tok/s;     96 sec;
[2024-03-12 09:44:12,967 INFO] Step 9600/13400; acc: 81.8; ppl:   1.9; xent: 0.6; lr: 1.00000; sents:    2393; bsz:  454/ 629/48; 6093/8436 tok/s;    100 sec;
[2024-03-12 09:44:16,405 INFO] valid stats calculation
                           took: 3.4376301765441895 s.
[2024-03-12 09:44:16,405 INFO] Train perplexity: 6.90073
[2024-03-12 09:44:16,405 INFO] Train accuracy: 60.4099
[2024-03-12 09:44:16,405 INFO] Sentences processed: 56705
[2024-03-12 09:44:16,405 INFO] Average bsz:  449/ 620/47
[2024-03-12 09:44:16,405 INFO] Validation perplexity: 114.3
[2024-03-12 09:44:16,405 INFO] Validation accuracy: 39.5364
[2024-03-12 09:44:16,407 INFO] Saving checkpoint gt-ft-enc/gt-ft-enc_8400_03_step_9600.pt
[2024-03-12 09:44:19,555 INFO] Step 9650/13400; acc: 82.8; ppl:   1.8; xent: 0.6; lr: 1.00000; sents:    2392; bsz:  444/ 617/48; 3370/4684 tok/s;    106 sec;
[2024-03-12 09:44:22,355 INFO] Step 9700/13400; acc: 83.2; ppl:   1.8; xent: 0.6; lr: 1.00000; sents:    2391; bsz:  459/ 635/48; 8201/11342 tok/s;    109 sec;
[2024-03-12 09:44:26,185 INFO] Step 9750/13400; acc: 84.4; ppl:   1.7; xent: 0.5; lr: 1.00000; sents:    2295; bsz:  448/ 612/46; 5845/7991 tok/s;    113 sec;
[2024-03-12 09:44:29,999 INFO] Step 9800/13400; acc: 84.9; ppl:   1.7; xent: 0.5; lr: 1.00000; sents:    2391; bsz:  454/ 630/48; 5956/8262 tok/s;    117 sec;
[2024-03-12 09:44:33,472 INFO] valid stats calculation
                           took: 3.472686290740967 s.
[2024-03-12 09:44:33,472 INFO] Train perplexity: 5.6708
[2024-03-12 09:44:33,472 INFO] Train accuracy: 63.7718
[2024-03-12 09:44:33,472 INFO] Sentences processed: 66174
[2024-03-12 09:44:33,472 INFO] Average bsz:  450/ 620/47
[2024-03-12 09:44:33,472 INFO] Validation perplexity: 118.342
[2024-03-12 09:44:33,472 INFO] Validation accuracy: 41.6291
[2024-03-12 09:44:33,474 INFO] Saving checkpoint gt-ft-enc/gt-ft-enc_8400_03_step_9800.pt
[2024-03-12 09:44:36,264 INFO] Step 9850/13400; acc: 86.1; ppl:   1.6; xent: 0.5; lr: 1.00000; sents:    2400; bsz:  443/ 618/48; 3537/4928 tok/s;    123 sec;
[2024-03-12 09:44:39,412 INFO] Step 9900/13400; acc: 86.4; ppl:   1.6; xent: 0.5; lr: 1.00000; sents:    2302; bsz:  444/ 612/46; 7050/9726 tok/s;    126 sec;
[2024-03-12 09:44:43,080 INFO] Step 9950/13400; acc: 86.9; ppl:   1.6; xent: 0.4; lr: 1.00000; sents:    2305; bsz:  446/ 610/46; 6078/8319 tok/s;    130 sec;
[2024-03-12 09:44:46,713 INFO] Step 10000/13400; acc: 88.0; ppl:   1.5; xent: 0.4; lr: 1.00000; sents:    2499; bsz:  457/ 641/50; 6293/8817 tok/s;    133 sec;
[2024-03-12 09:44:50,164 INFO] valid stats calculation
                           took: 3.4499423503875732 s.
[2024-03-12 09:44:50,164 INFO] Train perplexity: 4.82999
[2024-03-12 09:44:50,164 INFO] Train accuracy: 66.6558
[2024-03-12 09:44:50,164 INFO] Sentences processed: 75680
[2024-03-12 09:44:50,164 INFO] Average bsz:  449/ 620/47
[2024-03-12 09:44:50,164 INFO] Validation perplexity: 138.635
[2024-03-12 09:44:50,164 INFO] Validation accuracy: 40.9852
[2024-03-12 09:44:50,166 INFO] Saving checkpoint gt-ft-enc/gt-ft-enc_8400_03_step_10000.pt
[2024-03-12 09:44:52,864 INFO] Step 10050/13400; acc: 88.2; ppl:   1.5; xent: 0.4; lr: 1.00000; sents:    2304; bsz:  443/ 608/46; 3600/4941 tok/s;    140 sec;
[2024-03-12 09:44:56,031 INFO] Step 10100/13400; acc: 88.7; ppl:   1.5; xent: 0.4; lr: 1.00000; sents:    2399; bsz:  446/ 624/48; 7041/9849 tok/s;    143 sec;
[2024-03-12 09:44:59,894 INFO] Step 10150/13400; acc: 88.8; ppl:   1.5; xent: 0.4; lr: 1.00000; sents:    2394; bsz:  469/ 639/48; 6077/8273 tok/s;    147 sec;
[2024-03-12 09:45:03,743 INFO] Step 10200/13400; acc: 89.7; ppl:   1.4; xent: 0.3; lr: 1.00000; sents:    2297; bsz:  446/ 610/46; 5799/7923 tok/s;    150 sec;
[2024-03-12 09:45:07,195 INFO] valid stats calculation
                           took: 3.4505441188812256 s.
[2024-03-12 09:45:07,195 INFO] Train perplexity: 4.22868
[2024-03-12 09:45:07,195 INFO] Train accuracy: 69.123
[2024-03-12 09:45:07,195 INFO] Sentences processed: 85074
[2024-03-12 09:45:07,195 INFO] Average bsz:  450/ 620/47
[2024-03-12 09:45:07,195 INFO] Validation perplexity: 178.687
[2024-03-12 09:45:07,195 INFO] Validation accuracy: 40.0837
[2024-03-12 09:45:07,197 INFO] Saving checkpoint gt-ft-enc/gt-ft-enc_8400_03_step_10200.pt
[2024-03-12 09:45:09,868 INFO] Step 10250/13400; acc: 89.7; ppl:   1.4; xent: 0.3; lr: 1.00000; sents:    2392; bsz:  462/ 635/48; 3772/5185 tok/s;    157 sec;
[2024-03-12 09:45:13,306 INFO] Step 10300/13400; acc: 90.6; ppl:   1.4; xent: 0.3; lr: 1.00000; sents:    2391; bsz:  443/ 618/48; 6439/8988 tok/s;    160 sec;
[2024-03-12 09:45:17,033 INFO] Step 10350/13400; acc: 90.5; ppl:   1.4; xent: 0.3; lr: 1.00000; sents:    2279; bsz:  437/ 599/46; 5858/8039 tok/s;    164 sec;
[2024-03-12 09:45:20,668 INFO] Step 10400/13400; acc: 91.0; ppl:   1.4; xent: 0.3; lr: 1.00000; sents:    2392; bsz:  440/ 614/48; 6057/8441 tok/s;    167 sec;
[2024-03-12 09:45:24,119 INFO] valid stats calculation
                           took: 3.449842691421509 s.
[2024-03-12 09:45:24,119 INFO] Train perplexity: 3.78334
[2024-03-12 09:45:24,119 INFO] Train accuracy: 71.2403
[2024-03-12 09:45:24,119 INFO] Sentences processed: 94528
[2024-03-12 09:45:24,119 INFO] Average bsz:  449/ 620/47
[2024-03-12 09:45:24,119 INFO] Validation perplexity: 164.749
[2024-03-12 09:45:24,119 INFO] Validation accuracy: 41.5647
[2024-03-12 09:45:24,121 INFO] Saving checkpoint gt-ft-enc/gt-ft-enc_8400_03_step_10400.pt
[2024-03-12 09:45:26,838 INFO] Step 10450/13400; acc: 90.7; ppl:   1.4; xent: 0.3; lr: 1.00000; sents:    2298; bsz:  459/ 624/46; 3722/5056 tok/s;    173 sec;
[2024-03-12 09:45:30,522 INFO] Step 10500/13400; acc: 91.6; ppl:   1.3; xent: 0.3; lr: 1.00000; sents:    2404; bsz:  447/ 621/48; 6068/8432 tok/s;    177 sec;
[2024-03-12 09:45:34,262 INFO] Step 10550/13400; acc: 91.1; ppl:   1.4; xent: 0.3; lr: 1.00000; sents:    2406; bsz:  462/ 634/48; 6173/8476 tok/s;    181 sec;
[2024-03-12 09:45:37,889 INFO] Step 10600/13400; acc: 91.5; ppl:   1.3; xent: 0.3; lr: 1.00000; sents:    2293; bsz:  438/ 602/46; 6044/8302 tok/s;    185 sec;
[2024-03-12 09:45:41,489 INFO] valid stats calculation
                           took: 3.599771738052368 s.
[2024-03-12 09:45:41,489 INFO] Train perplexity: 3.4436
[2024-03-12 09:45:41,490 INFO] Train accuracy: 73.0602
[2024-03-12 09:45:41,490 INFO] Sentences processed: 103929
[2024-03-12 09:45:41,490 INFO] Average bsz:  449/ 620/47
[2024-03-12 09:45:41,490 INFO] Validation perplexity: 170.83
[2024-03-12 09:45:41,490 INFO] Validation accuracy: 41.5969
[2024-03-12 09:45:41,491 INFO] Saving checkpoint gt-ft-enc/gt-ft-enc_8400_03_step_10600.pt
[2024-03-12 09:45:44,332 INFO] Step 10650/13400; acc: 92.2; ppl:   1.3; xent: 0.3; lr: 1.00000; sents:    2399; bsz:  441/ 617/48; 3421/4785 tok/s;    191 sec;
[2024-03-12 09:45:48,082 INFO] Step 10700/13400; acc: 92.4; ppl:   1.3; xent: 0.3; lr: 1.00000; sents:    2299; bsz:  450/ 614/46; 6003/8194 tok/s;    195 sec;
[2024-03-12 09:45:51,760 INFO] Step 10750/13400; acc: 92.7; ppl:   1.3; xent: 0.2; lr: 1.00000; sents:    2393; bsz:  448/ 621/48; 6097/8447 tok/s;    198 sec;
[2024-03-12 09:45:55,531 INFO] Step 10800/13400; acc: 92.3; ppl:   1.3; xent: 0.3; lr: 1.00000; sents:    2393; bsz:  471/ 638/48; 6250/8458 tok/s;    202 sec;
[2024-03-12 09:45:59,005 INFO] valid stats calculation
                           took: 3.473206043243408 s.
[2024-03-12 09:45:59,005 INFO] Train perplexity: 3.17249
[2024-03-12 09:45:59,005 INFO] Train accuracy: 74.6766
[2024-03-12 09:45:59,005 INFO] Sentences processed: 113413
[2024-03-12 09:45:59,005 INFO] Average bsz:  450/ 620/47
[2024-03-12 09:45:59,005 INFO] Validation perplexity: 176.917
[2024-03-12 09:45:59,005 INFO] Validation accuracy: 40.953
[2024-03-12 09:45:59,007 INFO] Saving checkpoint gt-ft-enc/gt-ft-enc_8400_03_step_10800.pt
[2024-03-12 09:46:02,034 INFO] Step 10850/13400; acc: 92.9; ppl:   1.3; xent: 0.2; lr: 1.00000; sents:    2290; bsz:  440/ 604/46; 3382/4645 tok/s;    209 sec;
[2024-03-12 09:46:05,780 INFO] Step 10900/13400; acc: 93.1; ppl:   1.3; xent: 0.2; lr: 1.00000; sents:    2391; bsz:  446/ 621/48; 5958/8292 tok/s;    212 sec;
[2024-03-12 09:46:09,498 INFO] Step 10950/13400; acc: 93.3; ppl:   1.3; xent: 0.2; lr: 1.00000; sents:    2391; bsz:  442/ 615/48; 5947/8264 tok/s;    216 sec;
[2024-03-12 09:46:13,199 INFO] Step 11000/13400; acc: 93.4; ppl:   1.3; xent: 0.2; lr: 1.00000; sents:    2303; bsz:  450/ 609/46; 6080/8227 tok/s;    220 sec;
[2024-03-12 09:46:16,655 INFO] valid stats calculation
                           took: 3.4552769660949707 s.
[2024-03-12 09:46:16,656 INFO] Train perplexity: 2.95841
[2024-03-12 09:46:16,656 INFO] Train accuracy: 76.0822
[2024-03-12 09:46:16,656 INFO] Sentences processed: 122788
[2024-03-12 09:46:16,656 INFO] Average bsz:  449/ 620/47
[2024-03-12 09:46:16,656 INFO] Validation perplexity: 190.107
[2024-03-12 09:46:16,656 INFO] Validation accuracy: 42.6916
[2024-03-12 09:46:16,657 INFO] Saving checkpoint gt-ft-enc/gt-ft-enc_8400_03_step_11000.pt
[2024-03-12 09:46:19,918 INFO] Step 11050/13400; acc: 93.4; ppl:   1.3; xent: 0.2; lr: 1.00000; sents:    2496; bsz:  454/ 647/50; 3380/4813 tok/s;    227 sec;
[2024-03-12 09:46:23,767 INFO] Step 11100/13400; acc: 93.5; ppl:   1.2; xent: 0.2; lr: 1.00000; sents:    2303; bsz:  449/ 607/46; 5828/7890 tok/s;    230 sec;
[2024-03-12 09:46:27,427 INFO] Step 11150/13400; acc: 93.7; ppl:   1.2; xent: 0.2; lr: 1.00000; sents:    2403; bsz:  453/ 630/48; 6189/8600 tok/s;    234 sec;
[2024-03-12 09:46:31,152 INFO] Step 11200/13400; acc: 93.9; ppl:   1.2; xent: 0.2; lr: 1.00000; sents:    2305; bsz:  443/ 611/46; 5951/8203 tok/s;    238 sec;
[2024-03-12 09:46:34,643 INFO] valid stats calculation
                           took: 3.4897758960723877 s.
[2024-03-12 09:46:34,643 INFO] Train perplexity: 2.77967
[2024-03-12 09:46:34,643 INFO] Train accuracy: 77.3426
[2024-03-12 09:46:34,643 INFO] Sentences processed: 132295
[2024-03-12 09:46:34,643 INFO] Average bsz:  449/ 620/47
[2024-03-12 09:46:34,643 INFO] Validation perplexity: 205.647
[2024-03-12 09:46:34,643 INFO] Validation accuracy: 42.4984
[2024-03-12 09:46:34,645 INFO] Saving checkpoint gt-ft-enc/gt-ft-enc_8400_03_step_11200.pt
[2024-03-12 09:46:37,857 INFO] Step 11250/13400; acc: 94.0; ppl:   1.2; xent: 0.2; lr: 1.00000; sents:    2399; bsz:  444/ 618/48; 3312/4610 tok/s;    245 sec;
[2024-03-12 09:46:41,631 INFO] Step 11300/13400; acc: 94.4; ppl:   1.2; xent: 0.2; lr: 1.00000; sents:    2395; bsz:  444/ 618/48; 5885/8187 tok/s;    248 sec;
[2024-03-12 09:46:45,466 INFO] Step 11350/13400; acc: 93.8; ppl:   1.2; xent: 0.2; lr: 1.00000; sents:    2297; bsz:  464/ 630/46; 6054/8221 tok/s;    252 sec;
[2024-03-12 09:46:49,202 INFO] Step 11400/13400; acc: 94.5; ppl:   1.2; xent: 0.2; lr: 1.00000; sents:    2392; bsz:  444/ 617/48; 5945/8262 tok/s;    256 sec;
[2024-03-12 09:46:52,722 INFO] valid stats calculation
                           took: 3.5194618701934814 s.
[2024-03-12 09:46:52,722 INFO] Train perplexity: 2.63095
[2024-03-12 09:46:52,722 INFO] Train accuracy: 78.4651
[2024-03-12 09:46:52,722 INFO] Sentences processed: 141778
[2024-03-12 09:46:52,722 INFO] Average bsz:  449/ 620/47
[2024-03-12 09:46:52,722 INFO] Validation perplexity: 206.455
[2024-03-12 09:46:52,722 INFO] Validation accuracy: 41.7901
[2024-03-12 09:46:52,724 INFO] Saving checkpoint gt-ft-enc/gt-ft-enc_8400_03_step_11400.pt
[2024-03-12 09:46:56,116 INFO] Step 11450/13400; acc: 94.2; ppl:   1.2; xent: 0.2; lr: 1.00000; sents:    2293; bsz:  441/ 610/46; 3192/4409 tok/s;    263 sec;
[2024-03-12 09:46:59,740 INFO] Step 11500/13400; acc: 94.5; ppl:   1.2; xent: 0.2; lr: 1.00000; sents:    2489; bsz:  455/ 636/50; 6279/8768 tok/s;    266 sec;
[2024-03-12 09:47:03,560 INFO] Step 11550/13400; acc: 94.6; ppl:   1.2; xent: 0.2; lr: 1.00000; sents:    2294; bsz:  442/ 610/46; 5788/7987 tok/s;    270 sec;
[2024-03-12 09:47:07,314 INFO] Step 11600/13400; acc: 94.5; ppl:   1.2; xent: 0.2; lr: 1.00000; sents:    2400; bsz:  460/ 634/48; 6126/8442 tok/s;    274 sec;
[2024-03-12 09:47:10,897 INFO] valid stats calculation
                           took: 3.5829250812530518 s.
[2024-03-12 09:47:10,898 INFO] Train perplexity: 2.50579
[2024-03-12 09:47:10,898 INFO] Train accuracy: 79.4669
[2024-03-12 09:47:10,898 INFO] Sentences processed: 151254
[2024-03-12 09:47:10,898 INFO] Average bsz:  449/ 620/47
[2024-03-12 09:47:10,898 INFO] Validation perplexity: 246.544
[2024-03-12 09:47:10,898 INFO] Validation accuracy: 42.3696
[2024-03-12 09:47:10,899 INFO] Saving checkpoint gt-ft-enc/gt-ft-enc_8400_03_step_11600.pt
[2024-03-12 09:47:14,458 INFO] Step 11650/13400; acc: 94.9; ppl:   1.2; xent: 0.2; lr: 1.00000; sents:    2399; bsz:  445/ 620/48; 3113/4341 tok/s;    281 sec;
[2024-03-12 09:47:18,129 INFO] Step 11700/13400; acc: 94.7; ppl:   1.2; xent: 0.2; lr: 1.00000; sents:    2305; bsz:  445/ 608/46; 6055/8289 tok/s;    285 sec;
[2024-03-12 09:47:21,842 INFO] Step 11750/13400; acc: 94.8; ppl:   1.2; xent: 0.2; lr: 1.00000; sents:    2304; bsz:  446/ 610/46; 6010/8214 tok/s;    288 sec;
[2024-03-12 09:47:25,544 INFO] Step 11800/13400; acc: 94.9; ppl:   1.2; xent: 0.2; lr: 1.00000; sents:    2400; bsz:  446/ 624/48; 6022/8424 tok/s;    292 sec;
[2024-03-12 09:47:29,110 INFO] valid stats calculation
                           took: 3.5651867389678955 s.
[2024-03-12 09:47:29,111 INFO] Train perplexity: 2.39931
[2024-03-12 09:47:29,111 INFO] Train accuracy: 80.3652
[2024-03-12 09:47:29,111 INFO] Sentences processed: 160662
[2024-03-12 09:47:29,111 INFO] Average bsz:  449/ 620/47
[2024-03-12 09:47:29,111 INFO] Validation perplexity: 249.278
[2024-03-12 09:47:29,111 INFO] Validation accuracy: 40.7276
[2024-03-12 09:47:29,112 INFO] Saving checkpoint gt-ft-enc/gt-ft-enc_8400_03_step_11800.pt
[2024-03-12 09:47:32,804 INFO] Step 11850/13400; acc: 94.5; ppl:   1.2; xent: 0.2; lr: 1.00000; sents:    2402; bsz:  471/ 641/48; 3241/4415 tok/s;    299 sec;
[2024-03-12 09:47:36,578 INFO] Step 11900/13400; acc: 95.1; ppl:   1.2; xent: 0.2; lr: 1.00000; sents:    2282; bsz:  439/ 601/46; 5818/7967 tok/s;    303 sec;
[2024-03-12 09:47:40,327 INFO] Step 11950/13400; acc: 95.1; ppl:   1.2; xent: 0.2; lr: 1.00000; sents:    2505; bsz:  463/ 651/50; 6182/8684 tok/s;    307 sec;
[2024-03-12 09:47:44,026 INFO] Step 12000/13400; acc: 95.1; ppl:   1.2; xent: 0.2; lr: 1.00000; sents:    2280; bsz:  440/ 603/46; 5955/8150 tok/s;    311 sec;
[2024-03-12 09:47:47,492 INFO] valid stats calculation
                           took: 3.465405225753784 s.
[2024-03-12 09:47:47,493 INFO] Train perplexity: 2.30671
[2024-03-12 09:47:47,493 INFO] Train accuracy: 81.1802
[2024-03-12 09:47:47,493 INFO] Sentences processed: 170131
[2024-03-12 09:47:47,493 INFO] Average bsz:  449/ 620/47
[2024-03-12 09:47:47,493 INFO] Validation perplexity: 238.135
[2024-03-12 09:47:47,493 INFO] Validation accuracy: 42.273
[2024-03-12 09:47:47,494 INFO] Saving checkpoint gt-ft-enc/gt-ft-enc_8400_03_step_12000.pt
[2024-03-12 09:47:51,407 INFO] Step 12050/13400; acc: 95.3; ppl:   1.2; xent: 0.2; lr: 1.00000; sents:    2391; bsz:  454/ 627/48; 3074/4249 tok/s;    318 sec;
[2024-03-12 09:47:55,066 INFO] Step 12100/13400; acc: 95.4; ppl:   1.2; xent: 0.2; lr: 1.00000; sents:    2391; bsz:  443/ 616/48; 6047/8412 tok/s;    322 sec;
[2024-03-12 09:47:58,889 INFO] Step 12150/13400; acc: 95.2; ppl:   1.2; xent: 0.2; lr: 1.00000; sents:    2286; bsz:  441/ 604/46; 5766/7901 tok/s;    326 sec;
[2024-03-12 09:48:02,437 INFO] Step 12200/13400; acc: 95.2; ppl:   1.2; xent: 0.2; lr: 1.00000; sents:    2404; bsz:  469/ 638/48; 6615/8987 tok/s;    329 sec;
[2024-03-12 09:48:06,058 INFO] valid stats calculation
                           took: 3.620347023010254 s.
[2024-03-12 09:48:06,059 INFO] Train perplexity: 2.2262
[2024-03-12 09:48:06,059 INFO] Train accuracy: 81.923
[2024-03-12 09:48:06,059 INFO] Sentences processed: 179603
[2024-03-12 09:48:06,059 INFO] Average bsz:  449/ 620/47
[2024-03-12 09:48:06,059 INFO] Validation perplexity: 220.307
[2024-03-12 09:48:06,059 INFO] Validation accuracy: 43.6252
[2024-03-12 09:48:06,060 INFO] Saving checkpoint gt-ft-enc/gt-ft-enc_8400_03_step_12200.pt
[2024-03-12 09:48:09,804 INFO] Step 12250/13400; acc: 95.5; ppl:   1.2; xent: 0.2; lr: 1.00000; sents:    2404; bsz:  444/ 620/48; 3012/4210 tok/s;    336 sec;
[2024-03-12 09:48:13,398 INFO] Step 12300/13400; acc: 95.6; ppl:   1.2; xent: 0.2; lr: 1.00000; sents:    2298; bsz:  438/ 603/46; 6092/8389 tok/s;    340 sec;
[2024-03-12 09:48:17,133 INFO] Step 12350/13400; acc: 95.3; ppl:   1.2; xent: 0.2; lr: 1.00000; sents:    2303; bsz:  448/ 614/46; 5994/8214 tok/s;    344 sec;
[2024-03-12 09:48:20,512 INFO] Step 12400/13400; acc: 95.5; ppl:   1.2; xent: 0.2; lr: 1.00000; sents:    2400; bsz:  444/ 619/48; 6571/9159 tok/s;    347 sec;
[2024-03-12 09:48:24,076 INFO] valid stats calculation
                           took: 3.5630862712860107 s.
[2024-03-12 09:48:24,077 INFO] Train perplexity: 2.15621
[2024-03-12 09:48:24,077 INFO] Train accuracy: 82.5944
[2024-03-12 09:48:24,077 INFO] Sentences processed: 189008
[2024-03-12 09:48:24,077 INFO] Average bsz:  449/ 620/47
[2024-03-12 09:48:24,077 INFO] Validation perplexity: 258.035
[2024-03-12 09:48:24,077 INFO] Validation accuracy: 42.756
[2024-03-12 09:48:24,078 INFO] Saving checkpoint gt-ft-enc/gt-ft-enc_8400_03_step_12400.pt
[2024-03-12 09:48:27,998 INFO] Step 12450/13400; acc: 95.6; ppl:   1.2; xent: 0.1; lr: 1.00000; sents:    2396; bsz:  471/ 638/48; 3147/4260 tok/s;    355 sec;
[2024-03-12 09:48:31,693 INFO] Step 12500/13400; acc: 95.6; ppl:   1.2; xent: 0.2; lr: 1.00000; sents:    2393; bsz:  451/ 628/48; 6104/8502 tok/s;    358 sec;
[2024-03-12 09:48:35,404 INFO] Step 12550/13400; acc: 95.6; ppl:   1.2; xent: 0.2; lr: 1.00000; sents:    2292; bsz:  434/ 594/46; 5842/8004 tok/s;    362 sec;
[2024-03-12 09:48:38,636 INFO] Step 12600/13400; acc: 95.6; ppl:   1.2; xent: 0.2; lr: 1.00000; sents:    2391; bsz:  448/ 622/48; 6930/9624 tok/s;    365 sec;
[2024-03-12 09:48:42,264 INFO] valid stats calculation
                           took: 3.6274287700653076 s.
[2024-03-12 09:48:42,265 INFO] Train perplexity: 2.09365
[2024-03-12 09:48:42,265 INFO] Train accuracy: 83.2141
[2024-03-12 09:48:42,265 INFO] Sentences processed: 198480
[2024-03-12 09:48:42,265 INFO] Average bsz:  449/ 620/47
[2024-03-12 09:48:42,265 INFO] Validation perplexity: 273.177
[2024-03-12 09:48:42,265 INFO] Validation accuracy: 44.1726
[2024-03-12 09:48:42,266 INFO] Saving checkpoint gt-ft-enc/gt-ft-enc_8400_03_step_12600.pt
[2024-03-12 09:48:46,139 INFO] Step 12650/13400; acc: 95.6; ppl:   1.2; xent: 0.1; lr: 1.00000; sents:    2391; bsz:  442/ 618/48; 2943/4116 tok/s;    373 sec;
[2024-03-12 09:48:49,984 INFO] Step 12700/13400; acc: 95.4; ppl:   1.2; xent: 0.2; lr: 1.00000; sents:    2294; bsz:  462/ 619/46; 6012/8046 tok/s;    377 sec;
[2024-03-12 09:48:53,677 INFO] Step 12750/13400; acc: 95.8; ppl:   1.2; xent: 0.1; lr: 1.00000; sents:    2400; bsz:  445/ 621/48; 6028/8414 tok/s;    380 sec;
[2024-03-12 09:48:56,750 INFO] Step 12800/13400; acc: 95.6; ppl:   1.2; xent: 0.2; lr: 1.00000; sents:    2399; bsz:  457/ 635/48; 7439/10332 tok/s;    383 sec;
[2024-03-12 09:49:00,313 INFO] valid stats calculation
                           took: 3.5626633167266846 s.
[2024-03-12 09:49:00,313 INFO] Train perplexity: 2.03805
[2024-03-12 09:49:00,314 INFO] Train accuracy: 83.7804
[2024-03-12 09:49:00,314 INFO] Sentences processed: 207964
[2024-03-12 09:49:00,314 INFO] Average bsz:  449/ 620/47
[2024-03-12 09:49:00,314 INFO] Validation perplexity: 260.714
[2024-03-12 09:49:00,314 INFO] Validation accuracy: 43.4643
[2024-03-12 09:49:00,315 INFO] Saving checkpoint gt-ft-enc/gt-ft-enc_8400_03_step_12800.pt
[2024-03-12 09:49:04,017 INFO] Step 12850/13400; acc: 96.0; ppl:   1.2; xent: 0.1; lr: 1.00000; sents:    2400; bsz:  442/ 614/48; 3038/4225 tok/s;    391 sec;
[2024-03-12 09:49:07,803 INFO] Step 12900/13400; acc: 95.7; ppl:   1.2; xent: 0.1; lr: 1.00000; sents:    2307; bsz:  442/ 609/46; 5837/8040 tok/s;    394 sec;
[2024-03-12 09:49:11,549 INFO] Step 12950/13400; acc: 95.8; ppl:   1.2; xent: 0.1; lr: 1.00000; sents:    2401; bsz:  462/ 640/48; 6169/8548 tok/s;    398 sec;
[2024-03-12 09:49:14,216 INFO] Step 13000/13400; acc: 95.9; ppl:   1.1; xent: 0.1; lr: 1.00000; sents:    2303; bsz:  448/ 612/46; 8396/11478 tok/s;    401 sec;
[2024-03-12 09:49:17,707 INFO] valid stats calculation
                           took: 3.4909160137176514 s.
[2024-03-12 09:49:17,708 INFO] Train perplexity: 1.98827
[2024-03-12 09:49:17,708 INFO] Train accuracy: 84.3043
[2024-03-12 09:49:17,708 INFO] Sentences processed: 217375
[2024-03-12 09:49:17,708 INFO] Average bsz:  449/ 620/47
[2024-03-12 09:49:17,708 INFO] Validation perplexity: 258.978
[2024-03-12 09:49:17,708 INFO] Validation accuracy: 43.8184
[2024-03-12 09:49:17,709 INFO] Saving checkpoint gt-ft-enc/gt-ft-enc_8400_03_step_13000.pt
[2024-03-12 09:49:21,535 INFO] Step 13050/13400; acc: 96.0; ppl:   1.1; xent: 0.1; lr: 1.00000; sents:    2395; bsz:  444/ 618/48; 3036/4220 tok/s;    408 sec;
[2024-03-12 09:49:25,239 INFO] Step 13100/13400; acc: 95.8; ppl:   1.2; xent: 0.1; lr: 1.00000; sents:    2393; bsz:  454/ 629/48; 6134/8496 tok/s;    412 sec;
[2024-03-12 09:49:28,960 INFO] Step 13150/13400; acc: 96.1; ppl:   1.1; xent: 0.1; lr: 1.00000; sents:    2294; bsz:  430/ 596/46; 5785/8010 tok/s;    416 sec;
[2024-03-12 09:49:31,496 INFO] Step 13200/13400; acc: 96.0; ppl:   1.1; xent: 0.1; lr: 1.00000; sents:    2391; bsz:  454/ 630/48; 8961/12426 tok/s;    418 sec;
[2024-03-12 09:49:35,006 INFO] valid stats calculation
                           took: 3.5103671550750732 s.
[2024-03-12 09:49:35,007 INFO] Train perplexity: 1.9434
[2024-03-12 09:49:35,007 INFO] Train accuracy: 84.7893
[2024-03-12 09:49:35,007 INFO] Sentences processed: 226848
[2024-03-12 09:49:35,007 INFO] Average bsz:  449/ 620/47
[2024-03-12 09:49:35,007 INFO] Validation perplexity: 299.768
[2024-03-12 09:49:35,007 INFO] Validation accuracy: 43.0457
[2024-03-12 09:49:35,008 INFO] Saving checkpoint gt-ft-enc/gt-ft-enc_8400_03_step_13200.pt
[2024-03-12 09:49:38,759 INFO] Step 13250/13400; acc: 96.0; ppl:   1.1; xent: 0.1; lr: 1.00000; sents:    2391; bsz:  445/ 620/48; 3064/4268 tok/s;    425 sec;
[2024-03-12 09:49:42,529 INFO] Step 13300/13400; acc: 96.1; ppl:   1.1; xent: 0.1; lr: 1.00000; sents:    2296; bsz:  445/ 607/46; 5897/8053 tok/s;    429 sec;
[2024-03-12 09:49:46,010 INFO] Step 13350/13400; acc: 95.9; ppl:   1.2; xent: 0.1; lr: 1.00000; sents:    2400; bsz:  459/ 632/48; 6598/9082 tok/s;    433 sec;
[2024-03-12 09:49:48,718 INFO] Step 13400/13400; acc: 95.9; ppl:   1.2; xent: 0.1; lr: 1.00000; sents:    2399; bsz:  466/ 639/48; 8612/11792 tok/s;    435 sec;
[2024-03-12 09:49:52,554 INFO] valid stats calculation
                           took: 3.8352224826812744 s.
[2024-03-12 09:49:52,555 INFO] Train perplexity: 1.90269
[2024-03-12 09:49:52,555 INFO] Train accuracy: 85.2402
[2024-03-12 09:49:52,555 INFO] Sentences processed: 236334
[2024-03-12 09:49:52,555 INFO] Average bsz:  449/ 620/47
[2024-03-12 09:49:52,555 INFO] Validation perplexity: 285.033
[2024-03-12 09:49:52,555 INFO] Validation accuracy: 43.4321
[2024-03-12 09:49:52,557 INFO] Saving checkpoint gt-ft-enc/gt-ft-enc_8400_03_step_13400.pt
