[2024-03-13 09:39:51,464 WARNING] Corpus corpus_1's weight should be given. We default it to 1 for you.
[2024-03-13 09:39:51,464 INFO] Parsed 2 corpora from -data.
[2024-03-13 09:39:51,464 INFO] Loading checkpoint from gt-pt-both/models/gt-pt-both_02_step_9400.pt
[2024-03-13 09:39:51,576 INFO] Building model...
[2024-03-13 09:39:51,695 INFO] Switching model to float32 for amp/apex_amp
[2024-03-13 09:39:51,696 INFO] Non quantized layer compute is fp32
[2024-03-13 09:39:54,605 INFO] NMTModel(
  (encoder): RNNEncoder(
    (embeddings): Embeddings(
      (make_embedding): Sequential(
        (emb_luts): Elementwise(
          (0): Embedding(14144, 300, padding_idx=1)
        )
      )
      (dropout): Dropout(p=0.3, inplace=False)
    )
    (rnn): LSTM(300, 500, num_layers=2, batch_first=True, dropout=0.3)
  )
  (decoder): InputFeedRNNDecoder(
    (embeddings): Embeddings(
      (make_embedding): Sequential(
        (emb_luts): Elementwise(
          (0): Embedding(17816, 300, padding_idx=1)
        )
      )
      (dropout): Dropout(p=0.3, inplace=False)
    )
    (dropout): Dropout(p=0.3, inplace=False)
    (rnn): StackedLSTM(
      (dropout): Dropout(p=0.3, inplace=False)
      (layers): ModuleList(
        (0): LSTMCell(800, 500)
        (1): LSTMCell(500, 500)
      )
    )
    (attn): GlobalAttention(
      (linear_in): Linear(in_features=500, out_features=500, bias=False)
      (linear_out): Linear(in_features=1000, out_features=500, bias=False)
    )
  )
  (generator): Linear(in_features=500, out_features=17816, bias=True)
)
[2024-03-13 09:39:54,606 INFO] encoder: 7851200
[2024-03-13 09:39:54,606 INFO] decoder: 19628616
[2024-03-13 09:39:54,606 INFO] * number of parameters: 27479816
[2024-03-13 09:39:54,606 INFO] Trainable parameters = {'torch.float32': 27479816, 'torch.float16': 0, 'torch.uint8': 0, 'torch.int8': 0}
[2024-03-13 09:39:54,606 INFO] Non trainable parameters = {'torch.float32': 0, 'torch.float16': 0, 'torch.uint8': 0, 'torch.int8': 0}
[2024-03-13 09:39:54,606 INFO]  * src vocab size = 14144
[2024-03-13 09:39:54,606 INFO]  * tgt vocab size = 17816
[2024-03-13 09:39:54,608 INFO] Starting training on GPU: [0]
[2024-03-13 09:39:54,609 INFO] Start training loop and validate every 200 steps...
[2024-03-13 09:39:54,609 INFO] Scoring with: TransformPipe(InferFeatsTransform())
[2024-03-13 09:40:02,146 INFO] Step 9450/14400; acc: 20.8; ppl: 315.2; xent: 5.8; lr: 1.00000; sents:    2393; bsz:  470/ 641/48; 3116/4251 tok/s;      8 sec;
[2024-03-13 09:40:04,857 INFO] Step 9500/14400; acc: 31.4; ppl:  62.8; xent: 4.1; lr: 1.00000; sents:    2392; bsz:  447/ 623/48; 8235/11487 tok/s;     10 sec;
[2024-03-13 09:40:07,764 INFO] Step 9550/14400; acc: 36.9; ppl:  36.0; xent: 3.6; lr: 1.00000; sents:    2295; bsz:  444/ 607/46; 7642/10449 tok/s;     13 sec;
[2024-03-13 09:40:10,388 INFO] Step 9600/14400; acc: 41.4; ppl:  23.5; xent: 3.2; lr: 1.00000; sents:    2391; bsz:  462/ 632/48; 8808/12043 tok/s;     16 sec;
[2024-03-13 09:40:14,798 INFO] valid stats calculation
                           took: 4.409107446670532 s.
[2024-03-13 09:40:14,798 INFO] Train perplexity: 64.7402
[2024-03-13 09:40:14,798 INFO] Train accuracy: 32.5362
[2024-03-13 09:40:14,798 INFO] Sentences processed: 9471
[2024-03-13 09:40:14,798 INFO] Average bsz:  456/ 626/47
[2024-03-13 09:40:14,799 INFO] Validation perplexity: 65.3428
[2024-03-13 09:40:14,799 INFO] Validation accuracy: 30.8757
[2024-03-13 09:40:14,800 INFO] Saving checkpoint gt-ft-both/gt-ft-both_9400_01_step_9600.pt
[2024-03-13 09:40:17,764 INFO] Step 9650/14400; acc: 46.3; ppl:  15.7; xent: 2.8; lr: 1.00000; sents:    2392; bsz:  441/ 618/48; 2989/4187 tok/s;     23 sec;
[2024-03-13 09:40:20,806 INFO] Step 9700/14400; acc: 49.1; ppl:  12.6; xent: 2.5; lr: 1.00000; sents:    2288; bsz:  438/ 603/46; 7199/9918 tok/s;     26 sec;
[2024-03-13 09:40:23,522 INFO] Step 9750/14400; acc: 52.0; ppl:  10.0; xent: 2.3; lr: 1.00000; sents:    2302; bsz:  446/ 609/46; 8208/11211 tok/s;     29 sec;
[2024-03-13 09:40:26,001 INFO] Step 9800/14400; acc: 56.3; ppl:   7.7; xent: 2.0; lr: 1.00000; sents:    2406; bsz:  447/ 622/48; 9009/12549 tok/s;     31 sec;
[2024-03-13 09:40:30,152 INFO] valid stats calculation
                           took: 4.149975061416626 s.
[2024-03-13 09:40:30,152 INFO] Train perplexity: 27.0445
[2024-03-13 09:40:30,152 INFO] Train accuracy: 41.6452
[2024-03-13 09:40:30,152 INFO] Sentences processed: 18859
[2024-03-13 09:40:30,152 INFO] Average bsz:  449/ 619/47
[2024-03-13 09:40:30,152 INFO] Validation perplexity: 52.4945
[2024-03-13 09:40:30,152 INFO] Validation accuracy: 38.4095
[2024-03-13 09:40:30,153 INFO] Saving checkpoint gt-ft-both/gt-ft-both_9400_01_step_9800.pt
[2024-03-13 09:40:33,259 INFO] Step 9850/14400; acc: 57.0; ppl:   7.0; xent: 1.9; lr: 1.00000; sents:    2404; bsz:  464/ 638/48; 3197/4393 tok/s;     39 sec;
[2024-03-13 09:40:36,075 INFO] Step 9900/14400; acc: 61.2; ppl:   5.4; xent: 1.7; lr: 1.00000; sents:    2399; bsz:  441/ 617/48; 7833/10952 tok/s;     41 sec;
[2024-03-13 09:40:38,976 INFO] Step 9950/14400; acc: 62.3; ppl:   5.0; xent: 1.6; lr: 1.00000; sents:    2285; bsz:  452/ 613/46; 7796/10575 tok/s;     44 sec;
[2024-03-13 09:40:41,770 INFO] Step 10000/14400; acc: 65.8; ppl:   4.1; xent: 1.4; lr: 1.00000; sents:    2392; bsz:  442/ 616/48; 7900/11021 tok/s;     47 sec;
[2024-03-13 09:40:45,615 INFO] valid stats calculation
                           took: 3.844438314437866 s.
[2024-03-13 09:40:45,616 INFO] Train perplexity: 15.7114
[2024-03-13 09:40:45,616 INFO] Train accuracy: 48.2847
[2024-03-13 09:40:45,616 INFO] Sentences processed: 28339
[2024-03-13 09:40:45,616 INFO] Average bsz:  449/ 620/47
[2024-03-13 09:40:45,616 INFO] Validation perplexity: 69.2324
[2024-03-13 09:40:45,616 INFO] Validation accuracy: 37.508
[2024-03-13 09:40:45,617 INFO] Saving checkpoint gt-ft-both/gt-ft-both_9400_01_step_10000.pt
[2024-03-13 09:40:48,351 INFO] Step 10050/14400; acc: 66.1; ppl:   4.0; xent: 1.4; lr: 1.00000; sents:    2393; bsz:  469/ 637/48; 3566/4837 tok/s;     54 sec;
[2024-03-13 09:40:50,980 INFO] Step 10100/14400; acc: 69.9; ppl:   3.3; xent: 1.2; lr: 1.00000; sents:    2295; bsz:  431/ 601/46; 8196/11433 tok/s;     56 sec;
[2024-03-13 09:40:53,795 INFO] Step 10150/14400; acc: 70.5; ppl:   3.2; xent: 1.2; lr: 1.00000; sents:    2391; bsz:  469/ 636/48; 8327/11294 tok/s;     59 sec;
[2024-03-13 09:40:56,379 INFO] Step 10200/14400; acc: 73.3; ppl:   2.8; xent: 1.0; lr: 1.00000; sents:    2391; bsz:  440/ 613/48; 8515/11871 tok/s;     62 sec;
[2024-03-13 09:41:00,068 INFO] valid stats calculation
                           took: 3.687777519226074 s.
[2024-03-13 09:41:00,068 INFO] Train perplexity: 10.6413
[2024-03-13 09:41:00,068 INFO] Train accuracy: 53.7058
[2024-03-13 09:41:00,068 INFO] Sentences processed: 37809
[2024-03-13 09:41:00,068 INFO] Average bsz:  450/ 620/47
[2024-03-13 09:41:00,068 INFO] Validation perplexity: 69.4312
[2024-03-13 09:41:00,068 INFO] Validation accuracy: 40.3091
[2024-03-13 09:41:00,070 INFO] Saving checkpoint gt-ft-both/gt-ft-both_9400_01_step_10200.pt
[2024-03-13 09:41:03,303 INFO] Step 10250/14400; acc: 73.9; ppl:   2.7; xent: 1.0; lr: 1.00000; sents:    2299; bsz:  452/ 616/46; 3263/4448 tok/s;     69 sec;
[2024-03-13 09:41:06,173 INFO] Step 10300/14400; acc: 76.3; ppl:   2.4; xent: 0.9; lr: 1.00000; sents:    2399; bsz:  444/ 617/48; 7736/10759 tok/s;     72 sec;
[2024-03-13 09:41:08,935 INFO] Step 10350/14400; acc: 77.2; ppl:   2.3; xent: 0.8; lr: 1.00000; sents:    2303; bsz:  449/ 608/46; 8135/11008 tok/s;     74 sec;
[2024-03-13 09:41:11,411 INFO] Step 10400/14400; acc: 78.5; ppl:   2.2; xent: 0.8; lr: 1.00000; sents:    2502; bsz:  454/ 646/50; 9165/13056 tok/s;     77 sec;
[2024-03-13 09:41:15,033 INFO] valid stats calculation
                           took: 3.6210720539093018 s.
[2024-03-13 09:41:15,033 INFO] Train perplexity: 7.90442
[2024-03-13 09:41:15,033 INFO] Train accuracy: 58.2721
[2024-03-13 09:41:15,033 INFO] Sentences processed: 47312
[2024-03-13 09:41:15,033 INFO] Average bsz:  450/ 621/47
[2024-03-13 09:41:15,033 INFO] Validation perplexity: 79.5852
[2024-03-13 09:41:15,033 INFO] Validation accuracy: 40.5666
[2024-03-13 09:41:15,035 INFO] Saving checkpoint gt-ft-both/gt-ft-both_9400_01_step_10400.pt
[2024-03-13 09:41:17,706 INFO] Step 10450/14400; acc: 79.8; ppl:   2.1; xent: 0.7; lr: 1.00000; sents:    2302; bsz:  447/ 607/46; 3555/4819 tok/s;     83 sec;
[2024-03-13 09:41:20,213 INFO] Step 10500/14400; acc: 81.5; ppl:   1.9; xent: 0.7; lr: 1.00000; sents:    2399; bsz:  452/ 629/48; 9023/12548 tok/s;     86 sec;
[2024-03-13 09:41:23,681 INFO] Step 10550/14400; acc: 82.7; ppl:   1.8; xent: 0.6; lr: 1.00000; sents:    2299; bsz:  433/ 597/46; 6242/8611 tok/s;     89 sec;
[2024-03-13 09:41:27,346 INFO] Step 10600/14400; acc: 83.4; ppl:   1.8; xent: 0.6; lr: 1.00000; sents:    2393; bsz:  454/ 629/48; 6198/8582 tok/s;     93 sec;
[2024-03-13 09:41:30,734 INFO] valid stats calculation
                           took: 3.387922525405884 s.
[2024-03-13 09:41:30,734 INFO] Train perplexity: 6.24809
[2024-03-13 09:41:30,734 INFO] Train accuracy: 62.1769
[2024-03-13 09:41:30,734 INFO] Sentences processed: 56705
[2024-03-13 09:41:30,735 INFO] Average bsz:  449/ 620/47
[2024-03-13 09:41:30,735 INFO] Validation perplexity: 108.05
[2024-03-13 09:41:30,735 INFO] Validation accuracy: 38.1842
[2024-03-13 09:41:30,736 INFO] Saving checkpoint gt-ft-both/gt-ft-both_9400_01_step_10600.pt
[2024-03-13 09:41:33,920 INFO] Step 10650/14400; acc: 83.9; ppl:   1.8; xent: 0.6; lr: 1.00000; sents:    2392; bsz:  461/ 636/48; 3503/4838 tok/s;     99 sec;
[2024-03-13 09:41:36,592 INFO] Step 10700/14400; acc: 85.3; ppl:   1.7; xent: 0.5; lr: 1.00000; sents:    2391; bsz:  443/ 616/48; 8287/11533 tok/s;    102 sec;
[2024-03-13 09:41:40,223 INFO] Step 10750/14400; acc: 85.9; ppl:   1.6; xent: 0.5; lr: 1.00000; sents:    2295; bsz:  448/ 612/46; 6166/8430 tok/s;    106 sec;
[2024-03-13 09:41:43,887 INFO] Step 10800/14400; acc: 86.4; ppl:   1.6; xent: 0.5; lr: 1.00000; sents:    2391; bsz:  454/ 630/48; 6198/8598 tok/s;    109 sec;
[2024-03-13 09:41:47,322 INFO] valid stats calculation
                           took: 3.4345507621765137 s.
[2024-03-13 09:41:47,322 INFO] Train perplexity: 5.16795
[2024-03-13 09:41:47,322 INFO] Train accuracy: 65.5088
[2024-03-13 09:41:47,322 INFO] Sentences processed: 66174
[2024-03-13 09:41:47,322 INFO] Average bsz:  450/ 620/47
[2024-03-13 09:41:47,322 INFO] Validation perplexity: 121.808
[2024-03-13 09:41:47,322 INFO] Validation accuracy: 39.472
[2024-03-13 09:41:47,324 INFO] Saving checkpoint gt-ft-both/gt-ft-both_9400_01_step_10800.pt
[2024-03-13 09:41:50,384 INFO] Step 10850/14400; acc: 87.4; ppl:   1.5; xent: 0.4; lr: 1.00000; sents:    2303; bsz:  430/ 597/46; 3312/4592 tok/s;    116 sec;
[2024-03-13 09:41:53,221 INFO] Step 10900/14400; acc: 88.2; ppl:   1.5; xent: 0.4; lr: 1.00000; sents:    2399; bsz:  457/ 633/48; 8048/11159 tok/s;    119 sec;
[2024-03-13 09:41:56,916 INFO] Step 10950/14400; acc: 88.2; ppl:   1.5; xent: 0.4; lr: 1.00000; sents:    2401; bsz:  459/ 633/48; 6212/8570 tok/s;    122 sec;
[2024-03-13 09:42:00,451 INFO] Step 11000/14400; acc: 89.1; ppl:   1.4; xent: 0.4; lr: 1.00000; sents:    2307; bsz:  445/ 609/46; 6291/8615 tok/s;    126 sec;
[2024-03-13 09:42:03,861 INFO] valid stats calculation
                           took: 3.4101638793945312 s.
[2024-03-13 09:42:03,862 INFO] Train perplexity: 4.42953
[2024-03-13 09:42:03,862 INFO] Train accuracy: 68.3388
[2024-03-13 09:42:03,862 INFO] Sentences processed: 75584
[2024-03-13 09:42:03,862 INFO] Average bsz:  449/ 620/47
[2024-03-13 09:42:03,862 INFO] Validation perplexity: 150.641
[2024-03-13 09:42:03,862 INFO] Validation accuracy: 39.8261
[2024-03-13 09:42:03,863 INFO] Saving checkpoint gt-ft-both/gt-ft-both_9400_01_step_11000.pt
[2024-03-13 09:42:06,633 INFO] Step 11050/14400; acc: 89.5; ppl:   1.4; xent: 0.4; lr: 1.00000; sents:    2400; bsz:  442/ 616/48; 3577/4986 tok/s;    132 sec;
[2024-03-13 09:42:09,585 INFO] Step 11100/14400; acc: 89.8; ppl:   1.4; xent: 0.4; lr: 1.00000; sents:    2399; bsz:  446/ 624/48; 7554/10566 tok/s;    135 sec;
[2024-03-13 09:42:13,282 INFO] Step 11150/14400; acc: 90.1; ppl:   1.4; xent: 0.3; lr: 1.00000; sents:    2394; bsz:  469/ 639/48; 6348/8642 tok/s;    139 sec;
[2024-03-13 09:42:16,917 INFO] Step 11200/14400; acc: 90.9; ppl:   1.4; xent: 0.3; lr: 1.00000; sents:    2297; bsz:  446/ 610/46; 6143/8393 tok/s;    142 sec;
[2024-03-13 09:42:20,366 INFO] valid stats calculation
                           took: 3.449172019958496 s.
[2024-03-13 09:42:20,367 INFO] Train perplexity: 3.89666
[2024-03-13 09:42:20,367 INFO] Train accuracy: 70.7637
[2024-03-13 09:42:20,367 INFO] Sentences processed: 85074
[2024-03-13 09:42:20,367 INFO] Average bsz:  450/ 620/47
[2024-03-13 09:42:20,367 INFO] Validation perplexity: 175.134
[2024-03-13 09:42:20,367 INFO] Validation accuracy: 38.0554
[2024-03-13 09:42:20,368 INFO] Saving checkpoint gt-ft-both/gt-ft-both_9400_01_step_11200.pt
[2024-03-13 09:42:23,061 INFO] Step 11250/14400; acc: 90.9; ppl:   1.4; xent: 0.3; lr: 1.00000; sents:    2392; bsz:  462/ 635/48; 3759/5167 tok/s;    148 sec;
[2024-03-13 09:42:26,276 INFO] Step 11300/14400; acc: 91.8; ppl:   1.3; xent: 0.3; lr: 1.00000; sents:    2391; bsz:  443/ 618/48; 6887/9612 tok/s;    152 sec;
[2024-03-13 09:42:29,908 INFO] Step 11350/14400; acc: 91.7; ppl:   1.3; xent: 0.3; lr: 1.00000; sents:    2279; bsz:  437/ 599/46; 6011/8249 tok/s;    155 sec;
[2024-03-13 09:42:33,640 INFO] Step 11400/14400; acc: 91.9; ppl:   1.3; xent: 0.3; lr: 1.00000; sents:    2392; bsz:  456/ 630/48; 6109/8438 tok/s;    159 sec;
[2024-03-13 09:42:37,051 INFO] valid stats calculation
                           took: 3.410308599472046 s.
[2024-03-13 09:42:37,051 INFO] Train perplexity: 3.49926
[2024-03-13 09:42:37,051 INFO] Train accuracy: 72.8439
[2024-03-13 09:42:37,051 INFO] Sentences processed: 94528
[2024-03-13 09:42:37,051 INFO] Average bsz:  450/ 620/47
[2024-03-13 09:42:37,051 INFO] Validation perplexity: 141.24
[2024-03-13 09:42:37,051 INFO] Validation accuracy: 40.5666
[2024-03-13 09:42:37,053 INFO] Saving checkpoint gt-ft-both/gt-ft-both_9400_01_step_11400.pt
[2024-03-13 09:42:39,650 INFO] Step 11450/14400; acc: 92.3; ppl:   1.3; xent: 0.3; lr: 1.00000; sents:    2298; bsz:  427/ 590/46; 3549/4912 tok/s;    165 sec;
[2024-03-13 09:42:43,148 INFO] Step 11500/14400; acc: 92.2; ppl:   1.3; xent: 0.3; lr: 1.00000; sents:    2404; bsz:  464/ 639/48; 6636/9130 tok/s;    169 sec;
[2024-03-13 09:42:46,730 INFO] Step 11550/14400; acc: 92.6; ppl:   1.3; xent: 0.3; lr: 1.00000; sents:    2406; bsz:  446/ 621/48; 6229/8675 tok/s;    172 sec;
[2024-03-13 09:42:50,491 INFO] Step 11600/14400; acc: 92.7; ppl:   1.3; xent: 0.2; lr: 1.00000; sents:    2293; bsz:  454/ 615/46; 6035/8174 tok/s;    176 sec;
[2024-03-13 09:42:53,996 INFO] valid stats calculation
                           took: 3.5043983459472656 s.
[2024-03-13 09:42:53,996 INFO] Train perplexity: 3.19759
[2024-03-13 09:42:53,996 INFO] Train accuracy: 74.6151
[2024-03-13 09:42:53,996 INFO] Sentences processed: 103929
[2024-03-13 09:42:53,996 INFO] Average bsz:  449/ 620/47
[2024-03-13 09:42:53,996 INFO] Validation perplexity: 176.079
[2024-03-13 09:42:53,996 INFO] Validation accuracy: 40.7276
[2024-03-13 09:42:53,998 INFO] Saving checkpoint gt-ft-both/gt-ft-both_9400_01_step_11600.pt
[2024-03-13 09:42:56,616 INFO] Step 11650/14400; acc: 93.2; ppl:   1.3; xent: 0.2; lr: 1.00000; sents:    2399; bsz:  441/ 617/48; 3599/5034 tok/s;    182 sec;
[2024-03-13 09:43:00,308 INFO] Step 11700/14400; acc: 93.1; ppl:   1.3; xent: 0.2; lr: 1.00000; sents:    2299; bsz:  450/ 614/46; 6098/8324 tok/s;    186 sec;
[2024-03-13 09:43:03,961 INFO] Step 11750/14400; acc: 93.3; ppl:   1.3; xent: 0.2; lr: 1.00000; sents:    2393; bsz:  448/ 621/48; 6138/8504 tok/s;    189 sec;
[2024-03-13 09:43:07,693 INFO] Step 11800/14400; acc: 93.6; ppl:   1.2; xent: 0.2; lr: 1.00000; sents:    2393; bsz:  471/ 638/48; 6315/8546 tok/s;    193 sec;
[2024-03-13 09:43:11,125 INFO] valid stats calculation
                           took: 3.4313106536865234 s.
[2024-03-13 09:43:11,125 INFO] Train perplexity: 2.95685
[2024-03-13 09:43:11,125 INFO] Train accuracy: 76.1773
[2024-03-13 09:43:11,125 INFO] Sentences processed: 113413
[2024-03-13 09:43:11,125 INFO] Average bsz:  450/ 620/47
[2024-03-13 09:43:11,125 INFO] Validation perplexity: 170.444
[2024-03-13 09:43:11,125 INFO] Validation accuracy: 41.114
[2024-03-13 09:43:11,127 INFO] Saving checkpoint gt-ft-both/gt-ft-both_9400_01_step_11800.pt
[2024-03-13 09:43:13,929 INFO] Step 11850/14400; acc: 93.6; ppl:   1.2; xent: 0.2; lr: 1.00000; sents:    2391; bsz:  441/ 614/48; 3535/4921 tok/s;    199 sec;
[2024-03-13 09:43:17,563 INFO] Step 11900/14400; acc: 93.7; ppl:   1.2; xent: 0.2; lr: 1.00000; sents:    2290; bsz:  437/ 602/46; 6018/8285 tok/s;    203 sec;
[2024-03-13 09:43:21,259 INFO] Step 11950/14400; acc: 94.0; ppl:   1.2; xent: 0.2; lr: 1.00000; sents:    2391; bsz:  450/ 624/48; 6092/8443 tok/s;    207 sec;
[2024-03-13 09:43:24,913 INFO] Step 12000/14400; acc: 94.1; ppl:   1.2; xent: 0.2; lr: 1.00000; sents:    2303; bsz:  450/ 609/46; 6157/8331 tok/s;    210 sec;
[2024-03-13 09:43:28,449 INFO] valid stats calculation
                           took: 3.5353753566741943 s.
[2024-03-13 09:43:28,450 INFO] Train perplexity: 2.76694
[2024-03-13 09:43:28,450 INFO] Train accuracy: 77.5193
[2024-03-13 09:43:28,450 INFO] Sentences processed: 122788
[2024-03-13 09:43:28,450 INFO] Average bsz:  449/ 620/47
[2024-03-13 09:43:28,450 INFO] Validation perplexity: 165.955
[2024-03-13 09:43:28,450 INFO] Validation accuracy: 42.9813
[2024-03-13 09:43:28,451 INFO] Saving checkpoint gt-ft-both/gt-ft-both_9400_01_step_12000.pt
[2024-03-13 09:43:31,491 INFO] Step 12050/14400; acc: 94.1; ppl:   1.2; xent: 0.2; lr: 1.00000; sents:    2399; bsz:  445/ 620/48; 3382/4715 tok/s;    217 sec;
[2024-03-13 09:43:35,203 INFO] Step 12100/14400; acc: 94.3; ppl:   1.2; xent: 0.2; lr: 1.00000; sents:    2400; bsz:  458/ 634/48; 6171/8540 tok/s;    221 sec;
[2024-03-13 09:43:38,794 INFO] Step 12150/14400; acc: 94.7; ppl:   1.2; xent: 0.2; lr: 1.00000; sents:    2403; bsz:  444/ 619/48; 6185/8612 tok/s;    224 sec;
[2024-03-13 09:43:42,570 INFO] Step 12200/14400; acc: 94.8; ppl:   1.2; xent: 0.2; lr: 1.00000; sents:    2305; bsz:  443/ 611/46; 5870/8088 tok/s;    228 sec;
[2024-03-13 09:43:45,965 INFO] valid stats calculation
                           took: 3.3952181339263916 s.
[2024-03-13 09:43:45,966 INFO] Train perplexity: 2.60759
[2024-03-13 09:43:45,966 INFO] Train accuracy: 78.7324
[2024-03-13 09:43:45,966 INFO] Sentences processed: 132295
[2024-03-13 09:43:45,966 INFO] Average bsz:  449/ 620/47
[2024-03-13 09:43:45,966 INFO] Validation perplexity: 206.655
[2024-03-13 09:43:45,966 INFO] Validation accuracy: 40.8564
[2024-03-13 09:43:45,968 INFO] Saving checkpoint gt-ft-both/gt-ft-both_9400_01_step_12200.pt
[2024-03-13 09:43:49,011 INFO] Step 12250/14400; acc: 94.6; ppl:   1.2; xent: 0.2; lr: 1.00000; sents:    2399; bsz:  453/ 630/48; 3517/4887 tok/s;    234 sec;
[2024-03-13 09:43:52,744 INFO] Step 12300/14400; acc: 94.6; ppl:   1.2; xent: 0.2; lr: 1.00000; sents:    2395; bsz:  462/ 638/48; 6184/8546 tok/s;    238 sec;
[2024-03-13 09:43:56,478 INFO] Step 12350/14400; acc: 94.9; ppl:   1.2; xent: 0.2; lr: 1.00000; sents:    2297; bsz:  447/ 610/46; 5982/8174 tok/s;    242 sec;
[2024-03-13 09:44:00,130 INFO] Step 12400/14400; acc: 95.0; ppl:   1.2; xent: 0.2; lr: 1.00000; sents:    2392; bsz:  444/ 617/48; 6080/8451 tok/s;    246 sec;
[2024-03-13 09:44:03,654 INFO] valid stats calculation
                           took: 3.5237085819244385 s.
[2024-03-13 09:44:03,655 INFO] Train perplexity: 2.4747
[2024-03-13 09:44:03,655 INFO] Train accuracy: 79.8085
[2024-03-13 09:44:03,655 INFO] Sentences processed: 141778
[2024-03-13 09:44:03,655 INFO] Average bsz:  449/ 620/47
[2024-03-13 09:44:03,655 INFO] Validation perplexity: 221.415
[2024-03-13 09:44:03,655 INFO] Validation accuracy: 40.953
[2024-03-13 09:44:03,656 INFO] Saving checkpoint gt-ft-both/gt-ft-both_9400_01_step_12400.pt
[2024-03-13 09:44:06,947 INFO] Step 12450/14400; acc: 95.2; ppl:   1.2; xent: 0.2; lr: 1.00000; sents:    2391; bsz:  454/ 630/48; 3332/4620 tok/s;    252 sec;
[2024-03-13 09:44:10,793 INFO] Step 12500/14400; acc: 95.1; ppl:   1.2; xent: 0.2; lr: 1.00000; sents:    2293; bsz:  442/ 611/46; 5746/7939 tok/s;    256 sec;
[2024-03-13 09:44:14,490 INFO] Step 12550/14400; acc: 95.1; ppl:   1.2; xent: 0.2; lr: 1.00000; sents:    2392; bsz:  442/ 615/48; 5984/8315 tok/s;    260 sec;
[2024-03-13 09:44:18,148 INFO] Step 12600/14400; acc: 95.3; ppl:   1.2; xent: 0.2; lr: 1.00000; sents:    2400; bsz:  446/ 621/48; 6090/8490 tok/s;    264 sec;
[2024-03-13 09:44:21,717 INFO] valid stats calculation
                           took: 3.5685129165649414 s.
[2024-03-13 09:44:21,717 INFO] Train perplexity: 2.36263
[2024-03-13 09:44:21,718 INFO] Train accuracy: 80.7684
[2024-03-13 09:44:21,718 INFO] Sentences processed: 151254
[2024-03-13 09:44:21,718 INFO] Average bsz:  449/ 620/47
[2024-03-13 09:44:21,718 INFO] Validation perplexity: 196.821
[2024-03-13 09:44:21,718 INFO] Validation accuracy: 42.434
[2024-03-13 09:44:21,719 INFO] Saving checkpoint gt-ft-both/gt-ft-both_9400_01_step_12600.pt
[2024-03-13 09:44:25,419 INFO] Step 12650/14400; acc: 95.4; ppl:   1.2; xent: 0.2; lr: 1.00000; sents:    2303; bsz:  445/ 609/46; 3061/4189 tok/s;    271 sec;
[2024-03-13 09:44:29,127 INFO] Step 12700/14400; acc: 95.5; ppl:   1.2; xent: 0.2; lr: 1.00000; sents:    2401; bsz:  458/ 632/48; 6182/8525 tok/s;    275 sec;
[2024-03-13 09:44:32,887 INFO] Step 12750/14400; acc: 95.3; ppl:   1.2; xent: 0.2; lr: 1.00000; sents:    2403; bsz:  467/ 637/48; 6206/8476 tok/s;    278 sec;
[2024-03-13 09:44:36,576 INFO] Step 12800/14400; acc: 95.4; ppl:   1.2; xent: 0.2; lr: 1.00000; sents:    2400; bsz:  447/ 625/48; 6058/8475 tok/s;    282 sec;
[2024-03-13 09:44:40,200 INFO] valid stats calculation
                           took: 3.6233301162719727 s.
[2024-03-13 09:44:40,200 INFO] Train perplexity: 2.26625
[2024-03-13 09:44:40,200 INFO] Train accuracy: 81.6379
[2024-03-13 09:44:40,200 INFO] Sentences processed: 160761
[2024-03-13 09:44:40,200 INFO] Average bsz:  449/ 620/47
[2024-03-13 09:44:40,200 INFO] Validation perplexity: 261.894
[2024-03-13 09:44:40,200 INFO] Validation accuracy: 40.5023
[2024-03-13 09:44:40,202 INFO] Saving checkpoint gt-ft-both/gt-ft-both_9400_01_step_12800.pt
[2024-03-13 09:44:44,027 INFO] Step 12850/14400; acc: 95.6; ppl:   1.2; xent: 0.1; lr: 1.00000; sents:    2303; bsz:  449/ 612/46; 3015/4108 tok/s;    289 sec;
[2024-03-13 09:44:47,838 INFO] Step 12900/14400; acc: 95.4; ppl:   1.2; xent: 0.2; lr: 1.00000; sents:    2394; bsz:  460/ 635/48; 6036/8325 tok/s;    293 sec;
[2024-03-13 09:44:51,531 INFO] Step 12950/14400; acc: 95.9; ppl:   1.2; xent: 0.1; lr: 1.00000; sents:    2281; bsz:  439/ 602/46; 5944/8146 tok/s;    297 sec;
[2024-03-13 09:44:54,935 INFO] Step 13000/14400; acc: 95.8; ppl:   1.2; xent: 0.1; lr: 1.00000; sents:    2392; bsz:  444/ 619/48; 6524/9095 tok/s;    300 sec;
[2024-03-13 09:44:58,532 INFO] valid stats calculation
                           took: 3.596090316772461 s.
[2024-03-13 09:44:58,532 INFO] Train perplexity: 2.18393
[2024-03-13 09:44:58,532 INFO] Train accuracy: 82.4128
[2024-03-13 09:44:58,532 INFO] Sentences processed: 170131
[2024-03-13 09:44:58,532 INFO] Average bsz:  449/ 620/47
[2024-03-13 09:44:58,532 INFO] Validation perplexity: 219.998
[2024-03-13 09:44:58,532 INFO] Validation accuracy: 43.0779
[2024-03-13 09:44:58,534 INFO] Saving checkpoint gt-ft-both/gt-ft-both_9400_01_step_13000.pt
[2024-03-13 09:45:02,378 INFO] Step 13050/14400; acc: 95.7; ppl:   1.2; xent: 0.1; lr: 1.00000; sents:    2391; bsz:  454/ 627/48; 3048/4214 tok/s;    308 sec;
[2024-03-13 09:45:05,999 INFO] Step 13100/14400; acc: 96.0; ppl:   1.1; xent: 0.1; lr: 1.00000; sents:    2391; bsz:  443/ 616/48; 6112/8502 tok/s;    311 sec;
[2024-03-13 09:45:09,738 INFO] Step 13150/14400; acc: 95.7; ppl:   1.2; xent: 0.1; lr: 1.00000; sents:    2286; bsz:  441/ 604/46; 5895/8078 tok/s;    315 sec;
[2024-03-13 09:45:13,090 INFO] Step 13200/14400; acc: 95.9; ppl:   1.1; xent: 0.1; lr: 1.00000; sents:    2302; bsz:  449/ 611/46; 6691/9117 tok/s;    318 sec;
[2024-03-13 09:45:16,647 INFO] valid stats calculation
                           took: 3.5564913749694824 s.
[2024-03-13 09:45:16,648 INFO] Train perplexity: 2.11222
[2024-03-13 09:45:16,648 INFO] Train accuracy: 83.1135
[2024-03-13 09:45:16,648 INFO] Sentences processed: 179501
[2024-03-13 09:45:16,648 INFO] Average bsz:  449/ 620/47
[2024-03-13 09:45:16,648 INFO] Validation perplexity: 224.506
[2024-03-13 09:45:16,648 INFO] Validation accuracy: 44.1082
[2024-03-13 09:45:16,649 INFO] Saving checkpoint gt-ft-both/gt-ft-both_9400_01_step_13200.pt
[2024-03-13 09:45:20,474 INFO] Step 13250/14400; acc: 95.8; ppl:   1.2; xent: 0.1; lr: 1.00000; sents:    2400; bsz:  462/ 631/48; 3126/4271 tok/s;    326 sec;
[2024-03-13 09:45:24,096 INFO] Step 13300/14400; acc: 95.9; ppl:   1.1; xent: 0.1; lr: 1.00000; sents:    2404; bsz:  441/ 619/48; 6084/8543 tok/s;    329 sec;
[2024-03-13 09:45:27,779 INFO] Step 13350/14400; acc: 96.0; ppl:   1.1; xent: 0.1; lr: 1.00000; sents:    2401; bsz:  465/ 634/48; 6316/8606 tok/s;    333 sec;
[2024-03-13 09:45:30,903 INFO] Step 13400/14400; acc: 96.4; ppl:   1.1; xent: 0.1; lr: 1.00000; sents:    2302; bsz:  427/ 599/46; 6830/9583 tok/s;    336 sec;
[2024-03-13 09:45:34,583 INFO] valid stats calculation
                           took: 3.6794214248657227 s.
[2024-03-13 09:45:34,583 INFO] Train perplexity: 2.04851
[2024-03-13 09:45:34,583 INFO] Train accuracy: 83.7607
[2024-03-13 09:45:34,583 INFO] Sentences processed: 189008
[2024-03-13 09:45:34,583 INFO] Average bsz:  449/ 620/47
[2024-03-13 09:45:34,583 INFO] Validation perplexity: 228.245
[2024-03-13 09:45:34,583 INFO] Validation accuracy: 43.7218
[2024-03-13 09:45:34,585 INFO] Saving checkpoint gt-ft-both/gt-ft-both_9400_01_step_13400.pt
[2024-03-13 09:45:38,490 INFO] Step 13450/14400; acc: 96.1; ppl:   1.1; xent: 0.1; lr: 1.00000; sents:    2396; bsz:  471/ 638/48; 3105/4203 tok/s;    344 sec;
[2024-03-13 09:45:42,309 INFO] Step 13500/14400; acc: 96.1; ppl:   1.1; xent: 0.1; lr: 1.00000; sents:    2393; bsz:  451/ 628/48; 5905/8225 tok/s;    348 sec;
[2024-03-13 09:45:46,022 INFO] Step 13550/14400; acc: 96.1; ppl:   1.1; xent: 0.1; lr: 1.00000; sents:    2393; bsz:  442/ 614/48; 5946/8263 tok/s;    351 sec;
[2024-03-13 09:45:48,777 INFO] Step 13600/14400; acc: 96.1; ppl:   1.1; xent: 0.1; lr: 1.00000; sents:    2290; bsz:  440/ 603/46; 7986/10936 tok/s;    354 sec;
[2024-03-13 09:45:52,332 INFO] valid stats calculation
                           took: 3.5543549060821533 s.
[2024-03-13 09:45:52,332 INFO] Train perplexity: 1.9921
[2024-03-13 09:45:52,332 INFO] Train accuracy: 84.3495
[2024-03-13 09:45:52,332 INFO] Sentences processed: 198480
[2024-03-13 09:45:52,332 INFO] Average bsz:  449/ 620/47
[2024-03-13 09:45:52,332 INFO] Validation perplexity: 231.388
[2024-03-13 09:45:52,332 INFO] Validation accuracy: 43.3999
[2024-03-13 09:45:52,334 INFO] Saving checkpoint gt-ft-both/gt-ft-both_9400_01_step_13600.pt
[2024-03-13 09:45:56,108 INFO] Step 13650/14400; acc: 96.3; ppl:   1.1; xent: 0.1; lr: 1.00000; sents:    2391; bsz:  442/ 618/48; 3012/4212 tok/s;    361 sec;
[2024-03-13 09:45:59,871 INFO] Step 13700/14400; acc: 96.2; ppl:   1.1; xent: 0.1; lr: 1.00000; sents:    2294; bsz:  462/ 619/46; 6144/8222 tok/s;    365 sec;
[2024-03-13 09:46:03,483 INFO] Step 13750/14400; acc: 96.4; ppl:   1.1; xent: 0.1; lr: 1.00000; sents:    2400; bsz:  445/ 621/48; 6164/8604 tok/s;    369 sec;
[2024-03-13 09:46:06,099 INFO] Step 13800/14400; acc: 96.5; ppl:   1.1; xent: 0.1; lr: 1.00000; sents:    2399; bsz:  457/ 635/48; 8738/12137 tok/s;    371 sec;
[2024-03-13 09:46:09,850 INFO] valid stats calculation
                           took: 3.7505977153778076 s.
[2024-03-13 09:46:09,850 INFO] Train perplexity: 1.9415
[2024-03-13 09:46:09,850 INFO] Train accuracy: 84.897
[2024-03-13 09:46:09,850 INFO] Sentences processed: 207964
[2024-03-13 09:46:09,850 INFO] Average bsz:  449/ 620/47
[2024-03-13 09:46:09,851 INFO] Validation perplexity: 271.265
[2024-03-13 09:46:09,851 INFO] Validation accuracy: 43.0779
[2024-03-13 09:46:09,852 INFO] Saving checkpoint gt-ft-both/gt-ft-both_9400_01_step_13800.pt
[2024-03-13 09:46:13,667 INFO] Step 13850/14400; acc: 96.4; ppl:   1.1; xent: 0.1; lr: 1.00000; sents:    2304; bsz:  443/ 610/46; 2927/4031 tok/s;    379 sec;
[2024-03-13 09:46:17,287 INFO] Step 13900/14400; acc: 96.5; ppl:   1.1; xent: 0.1; lr: 1.00000; sents:    2403; bsz:  440/ 613/48; 6084/8466 tok/s;    383 sec;
[2024-03-13 09:46:20,858 INFO] Step 13950/14400; acc: 96.4; ppl:   1.1; xent: 0.1; lr: 1.00000; sents:    2401; bsz:  462/ 640/48; 6472/8966 tok/s;    386 sec;
[2024-03-13 09:46:23,367 INFO] Step 14000/14400; acc: 96.5; ppl:   1.1; xent: 0.1; lr: 1.00000; sents:    2399; bsz:  444/ 618/48; 8853/12315 tok/s;    389 sec;
[2024-03-13 09:46:26,830 INFO] valid stats calculation
                           took: 3.4622802734375 s.
[2024-03-13 09:46:26,830 INFO] Train perplexity: 1.89615
[2024-03-13 09:46:26,830 INFO] Train accuracy: 85.4001
[2024-03-13 09:46:26,830 INFO] Sentences processed: 217471
[2024-03-13 09:46:26,830 INFO] Average bsz:  449/ 620/47
[2024-03-13 09:46:26,830 INFO] Validation perplexity: 280.82
[2024-03-13 09:46:26,830 INFO] Validation accuracy: 42.0798
[2024-03-13 09:46:26,832 INFO] Saving checkpoint gt-ft-both/gt-ft-both_9400_01_step_14000.pt
[2024-03-13 09:46:30,634 INFO] Step 14050/14400; acc: 96.5; ppl:   1.1; xent: 0.1; lr: 1.00000; sents:    2299; bsz:  448/ 612/46; 3082/4210 tok/s;    396 sec;
[2024-03-13 09:46:34,394 INFO] Step 14100/14400; acc: 96.6; ppl:   1.1; xent: 0.1; lr: 1.00000; sents:    2393; bsz:  454/ 629/48; 6043/8370 tok/s;    400 sec;
[2024-03-13 09:46:37,678 INFO] Step 14150/14400; acc: 96.4; ppl:   1.1; xent: 0.1; lr: 1.00000; sents:    2392; bsz:  443/ 616/48; 6746/9374 tok/s;    403 sec;
[2024-03-13 09:46:40,269 INFO] Step 14200/14400; acc: 96.6; ppl:   1.1; xent: 0.1; lr: 1.00000; sents:    2293; bsz:  442/ 610/46; 8527/11781 tok/s;    406 sec;
[2024-03-13 09:46:43,742 INFO] valid stats calculation
                           took: 3.4724509716033936 s.
[2024-03-13 09:46:43,743 INFO] Train perplexity: 1.85551
[2024-03-13 09:46:43,743 INFO] Train accuracy: 85.862
[2024-03-13 09:46:43,743 INFO] Sentences processed: 226848
[2024-03-13 09:46:43,743 INFO] Average bsz:  449/ 620/47
[2024-03-13 09:46:43,743 INFO] Validation perplexity: 260.761
[2024-03-13 09:46:43,743 INFO] Validation accuracy: 45.0741
[2024-03-13 09:46:43,744 INFO] Saving checkpoint gt-ft-both/gt-ft-both_9400_01_step_14200.pt
[2024-03-13 09:46:47,492 INFO] Step 14250/14400; acc: 96.9; ppl:   1.1; xent: 0.1; lr: 1.00000; sents:    2391; bsz:  445/ 620/48; 3081/4292 tok/s;    413 sec;
[2024-03-13 09:46:51,236 INFO] Step 14300/14400; acc: 96.4; ppl:   1.1; xent: 0.1; lr: 1.00000; sents:    2392; bsz:  460/ 631/48; 6139/8434 tok/s;    417 sec;
[2024-03-13 09:46:54,492 INFO] Step 14350/14400; acc: 96.5; ppl:   1.1; xent: 0.1; lr: 1.00000; sents:    2304; bsz:  444/ 608/46; 6825/9339 tok/s;    420 sec;
[2024-03-13 09:46:57,076 INFO] Step 14400/14400; acc: 96.4; ppl:   1.1; xent: 0.1; lr: 1.00000; sents:    2399; bsz:  466/ 639/48; 9026/12359 tok/s;    422 sec;
[2024-03-13 09:47:00,534 INFO] valid stats calculation
                           took: 3.458055019378662 s.
[2024-03-13 09:47:00,535 INFO] Train perplexity: 1.81843
[2024-03-13 09:47:00,535 INFO] Train accuracy: 86.2932
[2024-03-13 09:47:00,535 INFO] Sentences processed: 236334
[2024-03-13 09:47:00,535 INFO] Average bsz:  449/ 620/47
[2024-03-13 09:47:00,535 INFO] Validation perplexity: 298.438
[2024-03-13 09:47:00,535 INFO] Validation accuracy: 43.0135
[2024-03-13 09:47:00,536 INFO] Saving checkpoint gt-ft-both/gt-ft-both_9400_01_step_14400.pt
