[2024-03-11 16:40:09,092 WARNING] Corpus corpus_1's weight should be given. We default it to 1 for you.
[2024-03-11 16:40:09,092 INFO] Parsed 2 corpora from -data.
[2024-03-11 16:40:09,092 INFO] Get special vocabs from Transforms: {'src': [], 'tgt': []}.
[2024-03-11 16:40:09,127 INFO] Reading encoder embeddings from asl_w2v.txt
[2024-03-11 16:40:44,914 INFO] 	Found 3002605 total vectors in file.
[2024-03-11 16:40:44,914 INFO] After filtering to vectors in vocab:
[2024-03-11 16:40:44,918 INFO] 	* enc: 10421 match, 3723 missing, (73.68%)
[2024-03-11 16:40:44,918 INFO] 
Saving encoder embeddings as:
	* enc: gt-pt-enc.enc_embeddings.pt
[2024-03-11 16:41:01,265 INFO] The first 10 tokens of the vocabs are:['<unk>', '<blank>', '<s>', '</s>', 'be', 'to', 'ix-1p-pl', 'in', 'and', 'this']
[2024-03-11 16:41:01,265 INFO] The decoder start token is: <s>
[2024-03-11 16:41:01,265 INFO] Building model...
[2024-03-11 16:41:01,477 INFO] Switching model to float32 for amp/apex_amp
[2024-03-11 16:41:01,477 INFO] Non quantized layer compute is fp32
[2024-03-11 16:41:03,847 INFO] NMTModel(
  (encoder): RNNEncoder(
    (embeddings): Embeddings(
      (make_embedding): Sequential(
        (emb_luts): Elementwise(
          (0): Embedding(14144, 300, padding_idx=1)
        )
      )
      (dropout): Dropout(p=0.3, inplace=False)
    )
    (rnn): LSTM(300, 500, num_layers=2, batch_first=True, dropout=0.3)
  )
  (decoder): InputFeedRNNDecoder(
    (embeddings): Embeddings(
      (make_embedding): Sequential(
        (emb_luts): Elementwise(
          (0): Embedding(17816, 300, padding_idx=1)
        )
      )
      (dropout): Dropout(p=0.3, inplace=False)
    )
    (dropout): Dropout(p=0.3, inplace=False)
    (rnn): StackedLSTM(
      (dropout): Dropout(p=0.3, inplace=False)
      (layers): ModuleList(
        (0): LSTMCell(800, 500)
        (1): LSTMCell(500, 500)
      )
    )
    (attn): GlobalAttention(
      (linear_in): Linear(in_features=500, out_features=500, bias=False)
      (linear_out): Linear(in_features=1000, out_features=500, bias=False)
    )
  )
  (generator): Linear(in_features=500, out_features=17816, bias=True)
)
[2024-03-11 16:41:03,848 INFO] encoder: 7851200
[2024-03-11 16:41:03,848 INFO] decoder: 19628616
[2024-03-11 16:41:03,848 INFO] * number of parameters: 27479816
[2024-03-11 16:41:03,848 INFO] Trainable parameters = {'torch.float32': 27479816, 'torch.float16': 0, 'torch.uint8': 0, 'torch.int8': 0}
[2024-03-11 16:41:03,848 INFO] Non trainable parameters = {'torch.float32': 0, 'torch.float16': 0, 'torch.uint8': 0, 'torch.int8': 0}
[2024-03-11 16:41:03,848 INFO]  * src vocab size = 14144
[2024-03-11 16:41:03,848 INFO]  * tgt vocab size = 17816
[2024-03-11 16:41:03,849 INFO] Starting training on GPU: [0]
[2024-03-11 16:41:03,849 INFO] Start training loop and validate every 200 steps...
[2024-03-11 16:41:03,849 INFO] Scoring with: TransformPipe(InferFeatsTransform())
[2024-03-11 16:41:21,473 INFO] Step 50/10000; acc: 5.9; ppl: 386449.0; xent: 12.9; lr: 1.00000; sents:    3200; bsz:  690/ 917/64; 1957/2602 tok/s;     18 sec;
[2024-03-11 16:41:23,834 INFO] Step 100/10000; acc: 6.0; ppl: 7481.3; xent: 8.9; lr: 1.00000; sents:    3200; bsz:  728/1001/64; 15430/21202 tok/s;     20 sec;
[2024-03-11 16:41:25,171 INFO] Step 150/10000; acc: 7.1; ppl: 1846.0; xent: 7.5; lr: 1.00000; sents:    3200; bsz:  668/ 884/64; 24992/33078 tok/s;     21 sec;
[2024-03-11 16:41:26,572 INFO] Step 200/10000; acc: 9.6; ppl: 964.4; xent: 6.9; lr: 1.00000; sents:    3200; bsz:  691/ 927/64; 24671/33059 tok/s;     23 sec;
[2024-03-11 16:41:30,055 INFO] valid stats calculation
                           took: 3.482192039489746 s.
[2024-03-11 16:41:30,055 INFO] Train perplexity: 8512.26
[2024-03-11 16:41:30,055 INFO] Train accuracy: 7.10339
[2024-03-11 16:41:30,055 INFO] Sentences processed: 12800
[2024-03-11 16:41:30,055 INFO] Average bsz:  694/ 932/64
[2024-03-11 16:41:30,055 INFO] Validation perplexity: 12439
[2024-03-11 16:41:30,055 INFO] Validation accuracy: 8.3387
[2024-03-11 16:41:30,057 INFO] Saving checkpoint gt-pt-enc/gt-pt-enc_03_step_200.pt
[2024-03-11 16:41:32,416 INFO] Step 250/10000; acc: 14.2; ppl: 657.0; xent: 6.5; lr: 1.00000; sents:    3153; bsz:  615/ 838/63; 5264/7169 tok/s;     29 sec;
[2024-03-11 16:41:34,095 INFO] Step 300/10000; acc: 16.3; ppl: 473.0; xent: 6.2; lr: 1.00000; sents:    3200; bsz:  656/ 887/64; 19534/26411 tok/s;     30 sec;
[2024-03-11 16:41:35,431 INFO] Step 350/10000; acc: 16.4; ppl: 411.4; xent: 6.0; lr: 1.00000; sents:    3200; bsz:  679/ 904/64; 25419/33831 tok/s;     32 sec;
[2024-03-11 16:41:36,837 INFO] Step 400/10000; acc: 17.8; ppl: 358.7; xent: 5.9; lr: 1.00000; sents:    3200; bsz:  731/ 939/64; 25987/33371 tok/s;     33 sec;
[2024-03-11 16:41:40,266 INFO] valid stats calculation
                           took: 3.427778482437134 s.
[2024-03-11 16:41:40,266 INFO] Train perplexity: 2040.89
[2024-03-11 16:41:40,266 INFO] Train accuracy: 11.5666
[2024-03-11 16:41:40,266 INFO] Sentences processed: 25553
[2024-03-11 16:41:40,266 INFO] Average bsz:  682/ 912/64
[2024-03-11 16:41:40,266 INFO] Validation perplexity: 1111.77
[2024-03-11 16:41:40,266 INFO] Validation accuracy: 13.4256
[2024-03-11 16:41:40,267 INFO] Saving checkpoint gt-pt-enc/gt-pt-enc_03_step_400.pt
[2024-03-11 16:41:42,490 INFO] Step 450/10000; acc: 20.3; ppl: 296.7; xent: 5.7; lr: 1.00000; sents:    3200; bsz:  751/1009/64; 6646/8921 tok/s;     39 sec;
[2024-03-11 16:41:43,976 INFO] Step 500/10000; acc: 20.3; ppl: 278.0; xent: 5.6; lr: 1.00000; sents:    3200; bsz:  759/1014/64; 25546/34142 tok/s;     40 sec;
[2024-03-11 16:41:45,430 INFO] Step 550/10000; acc: 24.1; ppl: 196.7; xent: 5.3; lr: 1.00000; sents:    3200; bsz:  716/ 974/64; 24602/33492 tok/s;     42 sec;
[2024-03-11 16:41:47,341 INFO] Step 600/10000; acc: 27.3; ppl: 149.7; xent: 5.0; lr: 1.00000; sents:    3200; bsz:  635/ 854/64; 16615/22337 tok/s;     43 sec;
[2024-03-11 16:41:50,733 INFO] valid stats calculation
                           took: 3.391212224960327 s.
[2024-03-11 16:41:50,733 INFO] Train perplexity: 954.085
[2024-03-11 16:41:50,733 INFO] Train accuracy: 15.4471
[2024-03-11 16:41:50,733 INFO] Sentences processed: 38353
[2024-03-11 16:41:50,733 INFO] Average bsz:  693/ 929/64
[2024-03-11 16:41:50,733 INFO] Validation perplexity: 1265.08
[2024-03-11 16:41:50,733 INFO] Validation accuracy: 14.4237
[2024-03-11 16:41:50,735 INFO] Saving checkpoint gt-pt-enc/gt-pt-enc_03_step_600.pt
[2024-03-11 16:41:52,397 INFO] Step 650/10000; acc: 27.5; ppl: 147.8; xent: 5.0; lr: 1.00000; sents:    3200; bsz:  732/ 984/64; 7240/9730 tok/s;     49 sec;
[2024-03-11 16:41:53,766 INFO] Step 700/10000; acc: 30.4; ppl: 116.3; xent: 4.8; lr: 1.00000; sents:    3200; bsz:  680/ 927/64; 24844/33874 tok/s;     50 sec;
[2024-03-11 16:41:55,671 INFO] Step 750/10000; acc: 32.1; ppl: 111.4; xent: 4.7; lr: 1.00000; sents:    3200; bsz:  773/1030/64; 20289/27034 tok/s;     52 sec;
[2024-03-11 16:41:57,928 INFO] Step 800/10000; acc: 37.1; ppl:  77.0; xent: 4.3; lr: 1.00000; sents:    3200; bsz:  699/ 940/64; 15485/20819 tok/s;     54 sec;
[2024-03-11 16:42:01,357 INFO] valid stats calculation
                           took: 3.4287221431732178 s.
[2024-03-11 16:42:01,358 INFO] Train perplexity: 546.824
[2024-03-11 16:42:01,358 INFO] Train accuracy: 19.6543
[2024-03-11 16:42:01,358 INFO] Sentences processed: 51153
[2024-03-11 16:42:01,358 INFO] Average bsz:  700/ 939/64
[2024-03-11 16:42:01,358 INFO] Validation perplexity: 1562.79
[2024-03-11 16:42:01,358 INFO] Validation accuracy: 16.8062
[2024-03-11 16:42:01,359 INFO] Saving checkpoint gt-pt-enc/gt-pt-enc_03_step_800.pt
[2024-03-11 16:42:02,825 INFO] Step 850/10000; acc: 41.3; ppl:  61.4; xent: 4.1; lr: 1.00000; sents:    3200; bsz:  653/ 884/64; 6663/9027 tok/s;     59 sec;
[2024-03-11 16:42:04,342 INFO] Step 900/10000; acc: 46.5; ppl:  41.8; xent: 3.7; lr: 1.00000; sents:    3200; bsz:  744/ 983/64; 24516/32416 tok/s;     60 sec;
[2024-03-11 16:42:06,548 INFO] Step 950/10000; acc: 50.0; ppl:  30.9; xent: 3.4; lr: 1.00000; sents:    3200; bsz:  666/ 917/64; 15092/20789 tok/s;     63 sec;
[2024-03-11 16:42:08,884 INFO] Step 1000/10000; acc: 54.2; ppl:  22.2; xent: 3.1; lr: 1.00000; sents:    3200; bsz:  780/1023/64; 16684/21889 tok/s;     65 sec;
[2024-03-11 16:42:12,313 INFO] valid stats calculation
                           took: 3.429121732711792 s.
[2024-03-11 16:42:12,314 INFO] Train perplexity: 315.227
[2024-03-11 16:42:12,314 INFO] Train accuracy: 25.4212
[2024-03-11 16:42:12,314 INFO] Sentences processed: 63953
[2024-03-11 16:42:12,314 INFO] Average bsz:  702/ 942/64
[2024-03-11 16:42:12,314 INFO] Validation perplexity: 3156.53
[2024-03-11 16:42:12,314 INFO] Validation accuracy: 16.1301
[2024-03-11 16:42:12,315 INFO] Saving checkpoint gt-pt-enc/gt-pt-enc_03_step_1000.pt
[2024-03-11 16:42:13,809 INFO] Step 1050/10000; acc: 58.8; ppl:  15.5; xent: 2.7; lr: 1.00000; sents:    3200; bsz:  707/ 925/64; 7183/9396 tok/s;     70 sec;
[2024-03-11 16:42:15,714 INFO] Step 1100/10000; acc: 58.8; ppl:  14.6; xent: 2.7; lr: 1.00000; sents:    3200; bsz:  698/ 951/64; 18328/24955 tok/s;     72 sec;
[2024-03-11 16:42:17,798 INFO] Step 1150/10000; acc: 62.8; ppl:  10.5; xent: 2.3; lr: 1.00000; sents:    3200; bsz:  595/ 828/64; 14284/19874 tok/s;     74 sec;
[2024-03-11 16:42:19,961 INFO] Step 1200/10000; acc: 64.0; ppl:   9.3; xent: 2.2; lr: 1.00000; sents:    3200; bsz:  681/ 929/64; 15742/21472 tok/s;     76 sec;
[2024-03-11 16:42:23,444 INFO] valid stats calculation
                           took: 3.482426881790161 s.
[2024-03-11 16:42:23,444 INFO] Train perplexity: 186.387
[2024-03-11 16:42:23,444 INFO] Train accuracy: 31.1821
[2024-03-11 16:42:23,444 INFO] Sentences processed: 76753
[2024-03-11 16:42:23,444 INFO] Average bsz:  697/ 936/64
[2024-03-11 16:42:23,444 INFO] Validation perplexity: 5755.65
[2024-03-11 16:42:23,444 INFO] Validation accuracy: 16.0657
[2024-03-11 16:42:23,446 INFO] Saving checkpoint gt-pt-enc/gt-pt-enc_03_step_1200.pt
[2024-03-11 16:42:25,112 INFO] Step 1250/10000; acc: 64.1; ppl:   9.0; xent: 2.2; lr: 1.00000; sents:    3200; bsz:  732/ 978/64; 7108/9493 tok/s;     81 sec;
[2024-03-11 16:42:27,293 INFO] Step 1300/10000; acc: 66.5; ppl:   7.3; xent: 2.0; lr: 1.00000; sents:    3200; bsz:  659/ 900/64; 15116/20634 tok/s;     83 sec;
[2024-03-11 16:42:29,533 INFO] Step 1350/10000; acc: 69.2; ppl:   6.2; xent: 1.8; lr: 1.00000; sents:    3200; bsz:  704/ 926/64; 15712/20677 tok/s;     86 sec;
[2024-03-11 16:42:31,654 INFO] Step 1400/10000; acc: 69.7; ppl:   5.9; xent: 1.8; lr: 1.00000; sents:    3200; bsz:  599/ 841/64; 14125/19841 tok/s;     88 sec;
[2024-03-11 16:42:35,163 INFO] valid stats calculation
                           took: 3.5083813667297363 s.
[2024-03-11 16:42:35,163 INFO] Train perplexity: 117.943
[2024-03-11 16:42:35,163 INFO] Train accuracy: 36.222
[2024-03-11 16:42:35,163 INFO] Sentences processed: 89553
[2024-03-11 16:42:35,163 INFO] Average bsz:  694/ 933/64
[2024-03-11 16:42:35,163 INFO] Validation perplexity: 10920.3
[2024-03-11 16:42:35,163 INFO] Validation accuracy: 15.6793
[2024-03-11 16:42:35,165 INFO] Saving checkpoint gt-pt-enc/gt-pt-enc_03_step_1400.pt
[2024-03-11 16:42:36,890 INFO] Step 1450/10000; acc: 68.6; ppl:   6.5; xent: 1.9; lr: 1.00000; sents:    3200; bsz:  649/ 887/64; 6195/8471 tok/s;     93 sec;
[2024-03-11 16:42:39,094 INFO] Step 1500/10000; acc: 70.3; ppl:   5.6; xent: 1.7; lr: 1.00000; sents:    3200; bsz:  699/ 928/64; 15861/21060 tok/s;     95 sec;
[2024-03-11 16:42:41,206 INFO] Step 1550/10000; acc: 70.8; ppl:   5.3; xent: 1.7; lr: 1.00000; sents:    3200; bsz:  632/ 869/64; 14961/20573 tok/s;     97 sec;
[2024-03-11 16:42:43,429 INFO] Step 1600/10000; acc: 72.2; ppl:   4.9; xent: 1.6; lr: 1.00000; sents:    3200; bsz:  698/ 914/64; 15713/20560 tok/s;    100 sec;
[2024-03-11 16:42:46,976 INFO] valid stats calculation
                           took: 3.5467565059661865 s.
[2024-03-11 16:42:46,977 INFO] Train perplexity: 81.4267
[2024-03-11 16:42:46,977 INFO] Train accuracy: 40.3704
[2024-03-11 16:42:46,977 INFO] Sentences processed: 102353
[2024-03-11 16:42:46,977 INFO] Average bsz:  691/ 928/64
[2024-03-11 16:42:46,977 INFO] Validation perplexity: 12951.8
[2024-03-11 16:42:46,977 INFO] Validation accuracy: 15.454
[2024-03-11 16:42:46,978 INFO] Saving checkpoint gt-pt-enc/gt-pt-enc_03_step_1600.pt
[2024-03-11 16:42:49,070 INFO] Step 1650/10000; acc: 73.9; ppl:   4.2; xent: 1.4; lr: 1.00000; sents:    3200; bsz:  698/ 915/64; 6184/8113 tok/s;    105 sec;
[2024-03-11 16:42:51,198 INFO] Step 1700/10000; acc: 72.5; ppl:   4.5; xent: 1.5; lr: 1.00000; sents:    3200; bsz:  659/ 893/64; 15488/20974 tok/s;    107 sec;
[2024-03-11 16:42:53,440 INFO] Step 1750/10000; acc: 73.2; ppl:   4.2; xent: 1.4; lr: 1.00000; sents:    3200; bsz:  695/ 954/64; 15501/21269 tok/s;    110 sec;
[2024-03-11 16:42:55,701 INFO] Step 1800/10000; acc: 73.7; ppl:   4.1; xent: 1.4; lr: 1.00000; sents:    3200; bsz:  716/ 965/64; 15828/21348 tok/s;    112 sec;
[2024-03-11 16:42:59,317 INFO] valid stats calculation
                           took: 3.6156342029571533 s.
[2024-03-11 16:42:59,317 INFO] Train perplexity: 58.5641
[2024-03-11 16:42:59,317 INFO] Train accuracy: 44.0462
[2024-03-11 16:42:59,317 INFO] Sentences processed: 115153
[2024-03-11 16:42:59,317 INFO] Average bsz:  691/ 929/64
[2024-03-11 16:42:59,317 INFO] Validation perplexity: 17759.5
[2024-03-11 16:42:59,317 INFO] Validation accuracy: 14.3593
[2024-03-11 16:42:59,318 INFO] Saving checkpoint gt-pt-enc/gt-pt-enc_03_step_1800.pt
[2024-03-11 16:43:01,529 INFO] Step 1850/10000; acc: 74.0; ppl:   4.1; xent: 1.4; lr: 1.00000; sents:    3200; bsz:  635/ 865/64; 5447/7417 tok/s;    118 sec;
[2024-03-11 16:43:03,811 INFO] Step 1900/10000; acc: 75.9; ppl:   3.6; xent: 1.3; lr: 1.00000; sents:    3200; bsz:  754/ 979/64; 16522/21453 tok/s;    120 sec;
[2024-03-11 16:43:06,155 INFO] Step 1950/10000; acc: 74.6; ppl:   3.8; xent: 1.3; lr: 1.00000; sents:    3200; bsz:  713/ 947/64; 15215/20196 tok/s;    122 sec;
[2024-03-11 16:43:08,112 INFO] Step 2000/10000; acc: 75.0; ppl:   3.7; xent: 1.3; lr: 1.00000; sents:    3200; bsz:  722/ 968/64; 18453/24731 tok/s;    124 sec;
[2024-03-11 16:43:11,716 INFO] valid stats calculation
                           took: 3.603776454925537 s.
[2024-03-11 16:43:11,716 INFO] Train perplexity: 44.3752
[2024-03-11 16:43:11,716 INFO] Train accuracy: 47.1631
[2024-03-11 16:43:11,716 INFO] Sentences processed: 127953
[2024-03-11 16:43:11,716 INFO] Average bsz:  692/ 930/64
[2024-03-11 16:43:11,717 INFO] Validation perplexity: 14264.2
[2024-03-11 16:43:11,717 INFO] Validation accuracy: 13.7154
[2024-03-11 16:43:11,718 INFO] Saving checkpoint gt-pt-enc/gt-pt-enc_03_step_2000.pt
[2024-03-11 16:43:14,135 INFO] Step 2050/10000; acc: 75.1; ppl:   3.6; xent: 1.3; lr: 1.00000; sents:    3200; bsz:  716/ 986/64; 5940/8182 tok/s;    130 sec;
[2024-03-11 16:43:16,278 INFO] Step 2100/10000; acc: 77.0; ppl:   3.3; xent: 1.2; lr: 1.00000; sents:    3200; bsz:  640/ 843/64; 14939/19666 tok/s;    132 sec;
[2024-03-11 16:43:18,476 INFO] Step 2150/10000; acc: 76.2; ppl:   3.4; xent: 1.2; lr: 1.00000; sents:    3200; bsz:  684/ 911/64; 15550/20726 tok/s;    135 sec;
[2024-03-11 16:43:19,973 INFO] Step 2200/10000; acc: 74.9; ppl:   3.9; xent: 1.4; lr: 1.00000; sents:    3200; bsz:  653/ 890/64; 21800/29742 tok/s;    136 sec;
[2024-03-11 16:43:23,527 INFO] valid stats calculation
                           took: 3.5537915229797363 s.
[2024-03-11 16:43:23,527 INFO] Train perplexity: 35.4494
[2024-03-11 16:43:23,527 INFO] Train accuracy: 49.7077
[2024-03-11 16:43:23,527 INFO] Sentences processed: 140753
[2024-03-11 16:43:23,528 INFO] Average bsz:  690/ 928/64
[2024-03-11 16:43:23,528 INFO] Validation perplexity: 17574.1
[2024-03-11 16:43:23,528 INFO] Validation accuracy: 15.6471
[2024-03-11 16:43:23,529 INFO] Saving checkpoint gt-pt-enc/gt-pt-enc_03_step_2200.pt
[2024-03-11 16:43:25,881 INFO] Step 2250/10000; acc: 77.5; ppl:   3.1; xent: 1.1; lr: 1.00000; sents:    3200; bsz:  692/ 921/64; 5861/7793 tok/s;    142 sec;
[2024-03-11 16:43:28,126 INFO] Step 2300/10000; acc: 77.2; ppl:   3.1; xent: 1.1; lr: 1.00000; sents:    3200; bsz:  681/ 929/64; 15166/20696 tok/s;    144 sec;
[2024-03-11 16:43:29,891 INFO] Step 2350/10000; acc: 77.3; ppl:   3.1; xent: 1.1; lr: 1.00000; sents:    3200; bsz:  684/ 940/64; 19362/26641 tok/s;    146 sec;
[2024-03-11 16:43:31,197 INFO] Step 2400/10000; acc: 76.6; ppl:   3.3; xent: 1.2; lr: 1.00000; sents:    3200; bsz:  640/ 876/64; 24520/33561 tok/s;    147 sec;
[2024-03-11 16:43:34,659 INFO] valid stats calculation
                           took: 3.4615983963012695 s.
[2024-03-11 16:43:34,659 INFO] Train perplexity: 29.0298
[2024-03-11 16:43:34,659 INFO] Train accuracy: 51.9705
[2024-03-11 16:43:34,659 INFO] Sentences processed: 153553
[2024-03-11 16:43:34,659 INFO] Average bsz:  689/ 927/64
[2024-03-11 16:43:34,659 INFO] Validation perplexity: 24373.8
[2024-03-11 16:43:34,659 INFO] Validation accuracy: 13.4578
[2024-03-11 16:43:34,661 INFO] Saving checkpoint gt-pt-enc/gt-pt-enc_03_step_2400.pt
[2024-03-11 16:43:36,967 INFO] Step 2450/10000; acc: 78.0; ppl:   2.9; xent: 1.1; lr: 1.00000; sents:    3200; bsz:  677/ 933/64; 5867/8086 tok/s;    153 sec;
[2024-03-11 16:43:39,055 INFO] Step 2500/10000; acc: 78.3; ppl:   2.9; xent: 1.1; lr: 1.00000; sents:    3200; bsz:  687/ 919/64; 16461/22009 tok/s;    155 sec;
[2024-03-11 16:43:40,470 INFO] Step 2550/10000; acc: 77.7; ppl:   3.0; xent: 1.1; lr: 1.00000; sents:    3200; bsz:  713/ 969/64; 25207/34258 tok/s;    157 sec;
[2024-03-11 16:43:41,791 INFO] Step 2600/10000; acc: 78.6; ppl:   2.9; xent: 1.0; lr: 1.00000; sents:    3200; bsz:  657/ 890/64; 24864/33695 tok/s;    158 sec;
[2024-03-11 16:43:45,284 INFO] valid stats calculation
                           took: 3.4935109615325928 s.
[2024-03-11 16:43:45,285 INFO] Train perplexity: 24.3255
[2024-03-11 16:43:45,285 INFO] Train accuracy: 53.9854
[2024-03-11 16:43:45,285 INFO] Sentences processed: 166353
[2024-03-11 16:43:45,285 INFO] Average bsz:  689/ 927/64
[2024-03-11 16:43:45,285 INFO] Validation perplexity: 39465.5
[2024-03-11 16:43:45,285 INFO] Validation accuracy: 10.85
[2024-03-11 16:43:45,286 INFO] Saving checkpoint gt-pt-enc/gt-pt-enc_03_step_2600.pt
[2024-03-11 16:43:47,786 INFO] Step 2650/10000; acc: 78.6; ppl:   2.8; xent: 1.0; lr: 1.00000; sents:    3200; bsz:  753/ 995/64; 6277/8294 tok/s;    164 sec;
[2024-03-11 16:43:49,279 INFO] Step 2700/10000; acc: 78.6; ppl:   2.9; xent: 1.1; lr: 1.00000; sents:    3200; bsz:  691/ 924/64; 23161/30969 tok/s;    165 sec;
[2024-03-11 16:43:50,518 INFO] Step 2750/10000; acc: 79.5; ppl:   2.7; xent: 1.0; lr: 1.00000; sents:    3200; bsz:  612/ 831/64; 24698/33564 tok/s;    167 sec;
[2024-03-11 16:43:52,000 INFO] Step 2800/10000; acc: 78.6; ppl:   2.8; xent: 1.0; lr: 1.00000; sents:    3200; bsz:  650/ 889/64; 21919/29980 tok/s;    168 sec;
[2024-03-11 16:43:55,394 INFO] valid stats calculation
                           took: 3.393857479095459 s.
[2024-03-11 16:43:55,394 INFO] Train perplexity: 20.9067
[2024-03-11 16:43:55,394 INFO] Train accuracy: 55.7261
[2024-03-11 16:43:55,395 INFO] Sentences processed: 179153
[2024-03-11 16:43:55,395 INFO] Average bsz:  688/ 926/64
[2024-03-11 16:43:55,395 INFO] Validation perplexity: 20860.9
[2024-03-11 16:43:55,395 INFO] Validation accuracy: 14.6491
[2024-03-11 16:43:55,396 INFO] Saving checkpoint gt-pt-enc/gt-pt-enc_03_step_2800.pt
[2024-03-11 16:43:57,487 INFO] Step 2850/10000; acc: 79.2; ppl:   2.7; xent: 1.0; lr: 1.00000; sents:    3200; bsz:  657/ 886/64; 5984/8077 tok/s;    174 sec;
[2024-03-11 16:43:58,985 INFO] Step 2900/10000; acc: 80.2; ppl:   2.6; xent: 0.9; lr: 1.00000; sents:    3200; bsz:  787/1016/64; 26270/33925 tok/s;    175 sec;
[2024-03-11 16:44:00,496 INFO] Step 2950/10000; acc: 79.0; ppl:   2.7; xent: 1.0; lr: 1.00000; sents:    3200; bsz:  746/1013/64; 24692/33529 tok/s;    177 sec;
[2024-03-11 16:44:02,495 INFO] Step 3000/10000; acc: 81.3; ppl:   2.4; xent: 0.9; lr: 1.00000; sents:    3200; bsz:  686/ 919/64; 17169/23003 tok/s;    179 sec;
[2024-03-11 16:44:05,918 INFO] valid stats calculation
                           took: 3.422652006149292 s.
[2024-03-11 16:44:05,918 INFO] Train perplexity: 18.1008
[2024-03-11 16:44:05,918 INFO] Train accuracy: 57.3923
[2024-03-11 16:44:05,918 INFO] Sentences processed: 191953
[2024-03-11 16:44:05,918 INFO] Average bsz:  690/ 928/64
[2024-03-11 16:44:05,918 INFO] Validation perplexity: 36662
[2024-03-11 16:44:05,918 INFO] Validation accuracy: 14.2949
[2024-03-11 16:44:05,920 INFO] Saving checkpoint gt-pt-enc/gt-pt-enc_03_step_3000.pt
[2024-03-11 16:44:07,447 INFO] Step 3050/10000; acc: 79.2; ppl:   2.8; xent: 1.0; lr: 1.00000; sents:    3200; bsz:  690/ 951/64; 6966/9600 tok/s;    184 sec;
[2024-03-11 16:44:08,886 INFO] Step 3100/10000; acc: 80.2; ppl:   2.6; xent: 0.9; lr: 1.00000; sents:    3200; bsz:  759/ 993/64; 26380/34521 tok/s;    185 sec;
[2024-03-11 16:44:10,786 INFO] Step 3150/10000; acc: 80.2; ppl:   2.5; xent: 0.9; lr: 1.00000; sents:    3200; bsz:  698/ 941/64; 18359/24759 tok/s;    187 sec;
[2024-03-11 16:44:13,026 INFO] Step 3200/10000; acc: 79.6; ppl:   2.6; xent: 1.0; lr: 1.00000; sents:    3200; bsz:  675/ 922/64; 15060/20593 tok/s;    189 sec;
[2024-03-11 16:44:16,446 INFO] valid stats calculation
                           took: 3.4196126461029053 s.
[2024-03-11 16:44:16,446 INFO] Train perplexity: 15.9935
[2024-03-11 16:44:16,446 INFO] Train accuracy: 58.8247
[2024-03-11 16:44:16,446 INFO] Sentences processed: 204753
[2024-03-11 16:44:16,446 INFO] Average bsz:  691/ 929/64
[2024-03-11 16:44:16,446 INFO] Validation perplexity: 22215.8
[2024-03-11 16:44:16,446 INFO] Validation accuracy: 16.613
[2024-03-11 16:44:16,448 INFO] Saving checkpoint gt-pt-enc/gt-pt-enc_03_step_3200.pt
[2024-03-11 16:44:17,794 INFO] Step 3250/10000; acc: 79.9; ppl:   2.6; xent: 0.9; lr: 1.00000; sents:    3200; bsz:  609/ 830/64; 6389/8701 tok/s;    194 sec;
[2024-03-11 16:44:19,180 INFO] Step 3300/10000; acc: 79.6; ppl:   2.6; xent: 0.9; lr: 1.00000; sents:    3200; bsz:  658/ 908/64; 23759/32788 tok/s;    195 sec;
[2024-03-11 16:44:21,148 INFO] Step 3350/10000; acc: 80.3; ppl:   2.5; xent: 0.9; lr: 1.00000; sents:    3200; bsz:  677/ 913/64; 17203/23193 tok/s;    197 sec;
[2024-03-11 16:44:23,332 INFO] Step 3400/10000; acc: 81.1; ppl:   2.4; xent: 0.9; lr: 1.00000; sents:    3200; bsz:  692/ 929/64; 15837/21279 tok/s;    199 sec;
[2024-03-11 16:44:26,808 INFO] valid stats calculation
                           took: 3.475276470184326 s.
[2024-03-11 16:44:26,808 INFO] Train perplexity: 14.3956
[2024-03-11 16:44:26,808 INFO] Train accuracy: 60.041
[2024-03-11 16:44:26,808 INFO] Sentences processed: 217553
[2024-03-11 16:44:26,808 INFO] Average bsz:  689/ 927/64
[2024-03-11 16:44:26,808 INFO] Validation perplexity: 28209
[2024-03-11 16:44:26,809 INFO] Validation accuracy: 15.5184
[2024-03-11 16:44:26,810 INFO] Saving checkpoint gt-pt-enc/gt-pt-enc_03_step_3400.pt
[2024-03-11 16:44:28,410 INFO] Step 3450/10000; acc: 80.9; ppl:   2.4; xent: 0.9; lr: 1.00000; sents:    3200; bsz:  747/1014/64; 7352/9989 tok/s;    205 sec;
[2024-03-11 16:44:30,158 INFO] Step 3500/10000; acc: 80.7; ppl:   2.4; xent: 0.9; lr: 1.00000; sents:    3200; bsz:  758/1001/64; 21690/28651 tok/s;    206 sec;
[2024-03-11 16:44:32,416 INFO] Step 3550/10000; acc: 81.9; ppl:   2.3; xent: 0.8; lr: 1.00000; sents:    3200; bsz:  707/ 941/64; 15642/20841 tok/s;    209 sec;
[2024-03-11 16:44:34,655 INFO] Step 3600/10000; acc: 80.9; ppl:   2.4; xent: 0.9; lr: 1.00000; sents:    3200; bsz:  649/ 895/64; 14497/19983 tok/s;    211 sec;
[2024-03-11 16:44:38,175 INFO] valid stats calculation
                           took: 3.519690752029419 s.
[2024-03-11 16:44:38,175 INFO] Train perplexity: 12.9761
[2024-03-11 16:44:38,175 INFO] Train accuracy: 61.2526
[2024-03-11 16:44:38,175 INFO] Sentences processed: 230353
[2024-03-11 16:44:38,175 INFO] Average bsz:  690/ 929/64
[2024-03-11 16:44:38,175 INFO] Validation perplexity: 24277.4
[2024-03-11 16:44:38,176 INFO] Validation accuracy: 15.9047
[2024-03-11 16:44:38,177 INFO] Saving checkpoint gt-pt-enc/gt-pt-enc_03_step_3600.pt
[2024-03-11 16:44:39,770 INFO] Step 3650/10000; acc: 81.1; ppl:   2.4; xent: 0.9; lr: 1.00000; sents:    3200; bsz:  748/ 983/64; 7308/9606 tok/s;    216 sec;
[2024-03-11 16:44:41,867 INFO] Step 3700/10000; acc: 82.0; ppl:   2.3; xent: 0.8; lr: 1.00000; sents:    3200; bsz:  749/ 974/64; 17850/23211 tok/s;    218 sec;
[2024-03-11 16:44:44,111 INFO] Step 3750/10000; acc: 83.0; ppl:   2.2; xent: 0.8; lr: 1.00000; sents:    3200; bsz:  698/ 925/64; 15549/20627 tok/s;    220 sec;
[2024-03-11 16:44:46,439 INFO] Step 3800/10000; acc: 81.9; ppl:   2.3; xent: 0.8; lr: 1.00000; sents:    3200; bsz:  703/ 945/64; 15095/20299 tok/s;    223 sec;
[2024-03-11 16:44:49,987 INFO] valid stats calculation
                           took: 3.5475497245788574 s.
[2024-03-11 16:44:49,987 INFO] Train perplexity: 11.8118
[2024-03-11 16:44:49,987 INFO] Train accuracy: 62.3731
[2024-03-11 16:44:49,987 INFO] Sentences processed: 243153
[2024-03-11 16:44:49,987 INFO] Average bsz:  692/ 931/64
[2024-03-11 16:44:49,987 INFO] Validation perplexity: 30041.4
[2024-03-11 16:44:49,987 INFO] Validation accuracy: 15.1964
[2024-03-11 16:44:49,989 INFO] Saving checkpoint gt-pt-enc/gt-pt-enc_03_step_3800.pt
[2024-03-11 16:44:51,628 INFO] Step 3850/10000; acc: 82.8; ppl:   2.2; xent: 0.8; lr: 1.00000; sents:    3200; bsz:  673/ 888/64; 6488/8560 tok/s;    228 sec;
[2024-03-11 16:44:53,927 INFO] Step 3900/10000; acc: 81.4; ppl:   2.3; xent: 0.8; lr: 1.00000; sents:    3200; bsz:  724/ 969/64; 15754/21077 tok/s;    230 sec;
[2024-03-11 16:44:56,137 INFO] Step 3950/10000; acc: 83.2; ppl:   2.2; xent: 0.8; lr: 1.00000; sents:    3200; bsz:  680/ 903/64; 15383/20429 tok/s;    232 sec;
[2024-03-11 16:44:58,251 INFO] Step 4000/10000; acc: 82.4; ppl:   2.2; xent: 0.8; lr: 1.00000; sents:    3200; bsz:  608/ 844/64; 14388/19971 tok/s;    234 sec;
[2024-03-11 16:45:01,762 INFO] valid stats calculation
                           took: 3.510591745376587 s.
[2024-03-11 16:45:01,763 INFO] Train perplexity: 10.8914
[2024-03-11 16:45:01,763 INFO] Train accuracy: 63.3455
[2024-03-11 16:45:01,763 INFO] Sentences processed: 255953
[2024-03-11 16:45:01,763 INFO] Average bsz:  691/ 929/64
[2024-03-11 16:45:01,763 INFO] Validation perplexity: 27760.6
[2024-03-11 16:45:01,763 INFO] Validation accuracy: 15.8725
[2024-03-11 16:45:01,764 INFO] Saving checkpoint gt-pt-enc/gt-pt-enc_03_step_4000.pt
[2024-03-11 16:45:03,753 INFO] Step 4050/10000; acc: 82.8; ppl:   2.1; xent: 0.8; lr: 1.00000; sents:    3200; bsz:  699/ 946/64; 6352/8598 tok/s;    240 sec;
[2024-03-11 16:45:06,106 INFO] Step 4100/10000; acc: 82.1; ppl:   2.2; xent: 0.8; lr: 1.00000; sents:    3200; bsz:  750/ 995/64; 15935/21145 tok/s;    242 sec;
[2024-03-11 16:45:08,503 INFO] Step 4150/10000; acc: 82.2; ppl:   2.2; xent: 0.8; lr: 1.00000; sents:    3200; bsz:  794/1044/64; 16558/21780 tok/s;    245 sec;
[2024-03-11 16:45:10,687 INFO] Step 4200/10000; acc: 82.4; ppl:   2.2; xent: 0.8; lr: 1.00000; sents:    3200; bsz:  648/ 886/64; 14829/20280 tok/s;    247 sec;
[2024-03-11 16:45:14,321 INFO] valid stats calculation
                           took: 3.633451223373413 s.
[2024-03-11 16:45:14,322 INFO] Train perplexity: 10.0585
[2024-03-11 16:45:14,322 INFO] Train accuracy: 64.2885
[2024-03-11 16:45:14,322 INFO] Sentences processed: 268753
[2024-03-11 16:45:14,322 INFO] Average bsz:  693/ 931/64
[2024-03-11 16:45:14,322 INFO] Validation perplexity: 37914.8
[2024-03-11 16:45:14,322 INFO] Validation accuracy: 15.5827
[2024-03-11 16:45:14,323 INFO] Saving checkpoint gt-pt-enc/gt-pt-enc_03_step_4200.pt
[2024-03-11 16:45:16,802 INFO] Step 4250/10000; acc: 81.8; ppl:   2.2; xent: 0.8; lr: 1.00000; sents:    3200; bsz:  817/1082/64; 6678/8844 tok/s;    253 sec;
[2024-03-11 16:45:19,066 INFO] Step 4300/10000; acc: 82.5; ppl:   2.2; xent: 0.8; lr: 1.00000; sents:    3200; bsz:  701/ 970/64; 15499/21438 tok/s;    255 sec;
[2024-03-11 16:45:21,461 INFO] Step 4350/10000; acc: 81.3; ppl:   2.3; xent: 0.8; lr: 1.00000; sents:    3200; bsz:  727/1009/64; 15181/21067 tok/s;    258 sec;
[2024-03-11 16:45:23,539 INFO] Step 4400/10000; acc: 82.9; ppl:   2.1; xent: 0.7; lr: 1.00000; sents:    3200; bsz:  785/1046/64; 18887/25172 tok/s;    260 sec;
[2024-03-11 16:45:27,121 INFO] valid stats calculation
                           took: 3.581657886505127 s.
[2024-03-11 16:45:27,121 INFO] Train perplexity: 9.32452
[2024-03-11 16:45:27,121 INFO] Train accuracy: 65.1786
[2024-03-11 16:45:27,121 INFO] Sentences processed: 281553
[2024-03-11 16:45:27,122 INFO] Average bsz:  696/ 935/64
[2024-03-11 16:45:27,122 INFO] Validation perplexity: 39110.6
[2024-03-11 16:45:27,122 INFO] Validation accuracy: 14.8422
[2024-03-11 16:45:27,123 INFO] Saving checkpoint gt-pt-enc/gt-pt-enc_03_step_4400.pt
[2024-03-11 16:45:29,359 INFO] Step 4450/10000; acc: 82.6; ppl:   2.1; xent: 0.8; lr: 1.00000; sents:    3200; bsz:  617/ 854/64; 5301/7335 tok/s;    266 sec;
[2024-03-11 16:45:31,446 INFO] Step 4500/10000; acc: 83.6; ppl:   2.1; xent: 0.7; lr: 1.00000; sents:    3200; bsz:  599/ 810/64; 14350/19399 tok/s;    268 sec;
[2024-03-11 16:45:33,569 INFO] Step 4550/10000; acc: 85.1; ppl:   1.9; xent: 0.7; lr: 1.00000; sents:    3200; bsz:  645/ 835/64; 15197/19673 tok/s;    270 sec;
[2024-03-11 16:45:35,025 INFO] Step 4600/10000; acc: 84.2; ppl:   2.0; xent: 0.7; lr: 1.00000; sents:    3200; bsz:  575/ 804/64; 19735/27595 tok/s;    271 sec;
[2024-03-11 16:45:38,614 INFO] valid stats calculation
                           took: 3.588247299194336 s.
[2024-03-11 16:45:38,614 INFO] Train perplexity: 8.79358
[2024-03-11 16:45:38,614 INFO] Train accuracy: 65.8993
[2024-03-11 16:45:38,614 INFO] Sentences processed: 294353
[2024-03-11 16:45:38,614 INFO] Average bsz:  692/ 931/64
[2024-03-11 16:45:38,614 INFO] Validation perplexity: 36309.4
[2024-03-11 16:45:38,614 INFO] Validation accuracy: 16.8062
[2024-03-11 16:45:38,616 INFO] Saving checkpoint gt-pt-enc/gt-pt-enc_03_step_4600.pt
[2024-03-11 16:45:40,940 INFO] Step 4650/10000; acc: 83.2; ppl:   2.1; xent: 0.7; lr: 1.00000; sents:    3200; bsz:  682/ 925/64; 5768/7824 tok/s;    277 sec;
[2024-03-11 16:45:43,108 INFO] Step 4700/10000; acc: 82.8; ppl:   2.2; xent: 0.8; lr: 1.00000; sents:    3200; bsz:  650/ 879/64; 14997/20271 tok/s;    279 sec;
[2024-03-11 16:45:45,441 INFO] Step 4750/10000; acc: 82.7; ppl:   2.1; xent: 0.7; lr: 1.00000; sents:    3200; bsz:  728/ 985/64; 15608/21107 tok/s;    282 sec;
[2024-03-11 16:45:46,779 INFO] Step 4800/10000; acc: 83.8; ppl:   2.0; xent: 0.7; lr: 1.00000; sents:    3200; bsz:  669/ 897/64; 25025/33542 tok/s;    283 sec;
[2024-03-11 16:45:50,474 INFO] valid stats calculation
                           took: 3.6941349506378174 s.
[2024-03-11 16:45:50,474 INFO] Train perplexity: 8.28616
[2024-03-11 16:45:50,474 INFO] Train accuracy: 66.6104
[2024-03-11 16:45:50,474 INFO] Sentences processed: 307153
[2024-03-11 16:45:50,474 INFO] Average bsz:  691/ 930/64
[2024-03-11 16:45:50,474 INFO] Validation perplexity: 56904.1
[2024-03-11 16:45:50,474 INFO] Validation accuracy: 15.2608
[2024-03-11 16:45:50,475 INFO] Saving checkpoint gt-pt-enc/gt-pt-enc_03_step_4800.pt
[2024-03-11 16:45:52,783 INFO] Step 4850/10000; acc: 84.3; ppl:   2.0; xent: 0.7; lr: 1.00000; sents:    3200; bsz:  713/ 953/64; 5938/7939 tok/s;    289 sec;
[2024-03-11 16:45:55,042 INFO] Step 4900/10000; acc: 84.0; ppl:   2.0; xent: 0.7; lr: 1.00000; sents:    3200; bsz:  699/ 938/64; 15473/20774 tok/s;    291 sec;
[2024-03-11 16:45:56,906 INFO] Step 4950/10000; acc: 83.5; ppl:   2.0; xent: 0.7; lr: 1.00000; sents:    3200; bsz:  674/ 918/64; 18069/24606 tok/s;    293 sec;
[2024-03-11 16:45:58,281 INFO] Step 5000/10000; acc: 84.6; ppl:   1.9; xent: 0.6; lr: 1.00000; sents:    3200; bsz:  685/ 914/64; 24916/33237 tok/s;    294 sec;
[2024-03-11 16:46:01,789 INFO] valid stats calculation
                           took: 3.508131980895996 s.
[2024-03-11 16:46:01,790 INFO] Train perplexity: 7.82274
[2024-03-11 16:46:01,790 INFO] Train accuracy: 67.3097
[2024-03-11 16:46:01,790 INFO] Sentences processed: 319953
[2024-03-11 16:46:01,790 INFO] Average bsz:  692/ 930/64
[2024-03-11 16:46:01,790 INFO] Validation perplexity: 33449.1
[2024-03-11 16:46:01,790 INFO] Validation accuracy: 15.9047
[2024-03-11 16:46:01,791 INFO] Saving checkpoint gt-pt-enc/gt-pt-enc_03_step_5000.pt
[2024-03-11 16:46:04,216 INFO] Step 5050/10000; acc: 83.6; ppl:   2.0; xent: 0.7; lr: 1.00000; sents:    3200; bsz:  714/ 969/64; 6017/8164 tok/s;    300 sec;
[2024-03-11 16:46:06,563 INFO] Step 5100/10000; acc: 83.7; ppl:   2.0; xent: 0.7; lr: 1.00000; sents:    3200; bsz:  744/1002/64; 15846/21355 tok/s;    303 sec;
[2024-03-11 16:46:08,035 INFO] Step 5150/10000; acc: 85.2; ppl:   1.9; xent: 0.6; lr: 1.00000; sents:    3200; bsz:  698/ 934/64; 23694/31713 tok/s;    304 sec;
[2024-03-11 16:46:09,434 INFO] Step 5200/10000; acc: 84.8; ppl:   1.9; xent: 0.6; lr: 1.00000; sents:    3200; bsz:  717/ 957/64; 25625/34221 tok/s;    306 sec;
[2024-03-11 16:46:12,990 INFO] valid stats calculation
                           took: 3.555757761001587 s.
[2024-03-11 16:46:12,991 INFO] Train perplexity: 7.39949
[2024-03-11 16:46:12,991 INFO] Train accuracy: 67.9872
[2024-03-11 16:46:12,991 INFO] Sentences processed: 332753
[2024-03-11 16:46:12,991 INFO] Average bsz:  693/ 932/64
[2024-03-11 16:46:12,991 INFO] Validation perplexity: 59837.5
[2024-03-11 16:46:12,991 INFO] Validation accuracy: 14.4881
[2024-03-11 16:46:12,992 INFO] Saving checkpoint gt-pt-enc/gt-pt-enc_03_step_5200.pt
[2024-03-11 16:46:15,215 INFO] Step 5250/10000; acc: 85.3; ppl:   1.8; xent: 0.6; lr: 1.00000; sents:    3200; bsz:  654/ 881/64; 5658/7618 tok/s;    311 sec;
[2024-03-11 16:46:17,199 INFO] Step 5300/10000; acc: 84.5; ppl:   1.9; xent: 0.7; lr: 1.00000; sents:    3200; bsz:  756/ 995/64; 19064/25075 tok/s;    313 sec;
[2024-03-11 16:46:18,626 INFO] Step 5350/10000; acc: 84.7; ppl:   1.9; xent: 0.6; lr: 1.00000; sents:    3200; bsz:  714/ 957/64; 25038/33552 tok/s;    315 sec;
[2024-03-11 16:46:20,082 INFO] Step 5400/10000; acc: 84.4; ppl:   1.9; xent: 0.7; lr: 1.00000; sents:    3200; bsz:  705/ 966/64; 24214/33170 tok/s;    316 sec;
[2024-03-11 16:46:23,719 INFO] valid stats calculation
                           took: 3.636563301086426 s.
[2024-03-11 16:46:23,720 INFO] Train perplexity: 7.0299
[2024-03-11 16:46:23,720 INFO] Train accuracy: 68.6186
[2024-03-11 16:46:23,720 INFO] Sentences processed: 345553
[2024-03-11 16:46:23,720 INFO] Average bsz:  693/ 932/64
[2024-03-11 16:46:23,720 INFO] Validation perplexity: 25380.9
[2024-03-11 16:46:23,720 INFO] Validation accuracy: 16.1945
[2024-03-11 16:46:23,721 INFO] Saving checkpoint gt-pt-enc/gt-pt-enc_03_step_5400.pt
[2024-03-11 16:46:25,712 INFO] Step 5450/10000; acc: 84.4; ppl:   1.9; xent: 0.7; lr: 1.00000; sents:    3200; bsz:  618/ 851/64; 5489/7558 tok/s;    322 sec;
[2024-03-11 16:46:27,136 INFO] Step 5500/10000; acc: 84.6; ppl:   1.9; xent: 0.6; lr: 1.00000; sents:    3200; bsz:  732/ 981/64; 25714/34436 tok/s;    323 sec;
[2024-03-11 16:46:28,704 INFO] Step 5550/10000; acc: 83.8; ppl:   2.0; xent: 0.7; lr: 1.00000; sents:    3200; bsz:  734/ 998/64; 23389/31817 tok/s;    325 sec;
[2024-03-11 16:46:30,637 INFO] Step 5600/10000; acc: 85.2; ppl:   1.8; xent: 0.6; lr: 1.00000; sents:    3200; bsz:  631/ 871/64; 16330/22536 tok/s;    327 sec;
[2024-03-11 16:46:34,087 INFO] valid stats calculation
                           took: 3.45015025138855 s.
[2024-03-11 16:46:34,088 INFO] Train perplexity: 6.71273
[2024-03-11 16:46:34,088 INFO] Train accuracy: 69.1807
[2024-03-11 16:46:34,088 INFO] Sentences processed: 358353
[2024-03-11 16:46:34,088 INFO] Average bsz:  693/ 932/64
[2024-03-11 16:46:34,088 INFO] Validation perplexity: 36198.7
[2024-03-11 16:46:34,088 INFO] Validation accuracy: 16.2589
[2024-03-11 16:46:34,089 INFO] Saving checkpoint gt-pt-enc/gt-pt-enc_03_step_5600.pt
[2024-03-11 16:46:35,762 INFO] Step 5650/10000; acc: 85.5; ppl:   1.8; xent: 0.6; lr: 1.00000; sents:    3200; bsz:  730/ 966/64; 7119/9426 tok/s;    332 sec;
[2024-03-11 16:46:37,214 INFO] Step 5700/10000; acc: 84.6; ppl:   1.9; xent: 0.6; lr: 1.00000; sents:    3200; bsz:  716/ 976/64; 24629/33587 tok/s;    333 sec;
[2024-03-11 16:46:39,001 INFO] Step 5750/10000; acc: 84.7; ppl:   1.9; xent: 0.6; lr: 1.00000; sents:    3200; bsz:  658/ 902/64; 18402/25247 tok/s;    335 sec;
[2024-03-11 16:46:41,290 INFO] Step 5800/10000; acc: 85.1; ppl:   1.9; xent: 0.6; lr: 1.00000; sents:    3200; bsz:  708/ 952/64; 15468/20802 tok/s;    337 sec;
[2024-03-11 16:46:44,722 INFO] valid stats calculation
                           took: 3.431386947631836 s.
[2024-03-11 16:46:44,722 INFO] Train perplexity: 6.4201
[2024-03-11 16:46:44,722 INFO] Train accuracy: 69.7341
[2024-03-11 16:46:44,722 INFO] Sentences processed: 371153
[2024-03-11 16:46:44,722 INFO] Average bsz:  693/ 933/64
[2024-03-11 16:46:44,722 INFO] Validation perplexity: 28677.2
[2024-03-11 16:46:44,722 INFO] Validation accuracy: 14.6491
[2024-03-11 16:46:44,724 INFO] Saving checkpoint gt-pt-enc/gt-pt-enc_03_step_5800.pt
[2024-03-11 16:46:46,168 INFO] Step 5850/10000; acc: 85.0; ppl:   1.9; xent: 0.6; lr: 1.00000; sents:    3200; bsz:  635/ 880/64; 6508/9022 tok/s;    342 sec;
[2024-03-11 16:46:47,593 INFO] Step 5900/10000; acc: 85.3; ppl:   1.8; xent: 0.6; lr: 1.00000; sents:    3200; bsz:  666/ 916/64; 23356/32146 tok/s;    344 sec;
[2024-03-11 16:46:49,873 INFO] Step 5950/10000; acc: 85.0; ppl:   1.9; xent: 0.7; lr: 1.00000; sents:    3200; bsz:  726/ 965/64; 15934/21165 tok/s;    346 sec;
[2024-03-11 16:46:52,232 INFO] Step 6000/10000; acc: 84.7; ppl:   1.9; xent: 0.6; lr: 1.00000; sents:    3200; bsz:  717/ 982/64; 15204/20821 tok/s;    348 sec;
[2024-03-11 16:46:55,635 INFO] valid stats calculation
                           took: 3.402482032775879 s.
[2024-03-11 16:46:55,635 INFO] Train perplexity: 6.16101
[2024-03-11 16:46:55,635 INFO] Train accuracy: 70.2447
[2024-03-11 16:46:55,635 INFO] Sentences processed: 383953
[2024-03-11 16:46:55,635 INFO] Average bsz:  693/ 933/64
[2024-03-11 16:46:55,635 INFO] Validation perplexity: 37862
[2024-03-11 16:46:55,635 INFO] Validation accuracy: 14.1017
[2024-03-11 16:46:55,637 INFO] Saving checkpoint gt-pt-enc/gt-pt-enc_03_step_6000.pt
[2024-03-11 16:46:57,144 INFO] Step 6050/10000; acc: 85.3; ppl:   1.8; xent: 0.6; lr: 1.00000; sents:    3200; bsz:  695/ 923/64; 7075/9395 tok/s;    353 sec;
[2024-03-11 16:46:59,029 INFO] Step 6100/10000; acc: 84.5; ppl:   1.9; xent: 0.7; lr: 1.00000; sents:    3200; bsz:  677/ 918/64; 17958/24356 tok/s;    355 sec;
[2024-03-11 16:47:01,336 INFO] Step 6150/10000; acc: 85.8; ppl:   1.8; xent: 0.6; lr: 1.00000; sents:    3200; bsz:  685/ 931/64; 14841/20173 tok/s;    357 sec;
[2024-03-11 16:47:03,528 INFO] Step 6200/10000; acc: 86.1; ppl:   1.8; xent: 0.6; lr: 1.00000; sents:    3200; bsz:  663/ 886/64; 15125/20205 tok/s;    360 sec;
[2024-03-11 16:47:07,012 INFO] valid stats calculation
                           took: 3.4831526279449463 s.
[2024-03-11 16:47:07,013 INFO] Train perplexity: 5.9282
[2024-03-11 16:47:07,013 INFO] Train accuracy: 70.7252
[2024-03-11 16:47:07,013 INFO] Sentences processed: 396753
[2024-03-11 16:47:07,013 INFO] Average bsz:  692/ 932/64
[2024-03-11 16:47:07,013 INFO] Validation perplexity: 45281.9
[2024-03-11 16:47:07,013 INFO] Validation accuracy: 14.971
[2024-03-11 16:47:07,015 INFO] Saving checkpoint gt-pt-enc/gt-pt-enc_03_step_6200.pt
[2024-03-11 16:47:08,616 INFO] Step 6250/10000; acc: 85.6; ppl:   1.8; xent: 0.6; lr: 1.00000; sents:    3200; bsz:  716/ 992/64; 7032/9749 tok/s;    365 sec;
[2024-03-11 16:47:10,647 INFO] Step 6300/10000; acc: 86.1; ppl:   1.8; xent: 0.6; lr: 1.00000; sents:    3200; bsz:  637/ 867/64; 15697/21340 tok/s;    367 sec;
[2024-03-11 16:47:12,776 INFO] Step 6350/10000; acc: 86.1; ppl:   1.8; xent: 0.6; lr: 1.00000; sents:    3200; bsz:  640/ 872/64; 15032/20474 tok/s;    369 sec;
[2024-03-11 16:47:15,047 INFO] Step 6400/10000; acc: 85.8; ppl:   1.8; xent: 0.6; lr: 1.00000; sents:    3200; bsz:  713/ 961/64; 15700/21168 tok/s;    371 sec;
[2024-03-11 16:47:18,557 INFO] valid stats calculation
                           took: 3.5099217891693115 s.
[2024-03-11 16:47:18,557 INFO] Train perplexity: 5.71069
[2024-03-11 16:47:18,557 INFO] Train accuracy: 71.1941
[2024-03-11 16:47:18,557 INFO] Sentences processed: 409553
[2024-03-11 16:47:18,557 INFO] Average bsz:  692/ 932/64
[2024-03-11 16:47:18,557 INFO] Validation perplexity: 58573.9
[2024-03-11 16:47:18,557 INFO] Validation accuracy: 14.5525
[2024-03-11 16:47:18,559 INFO] Saving checkpoint gt-pt-enc/gt-pt-enc_03_step_6400.pt
[2024-03-11 16:47:20,256 INFO] Step 6450/10000; acc: 86.7; ppl:   1.7; xent: 0.6; lr: 1.00000; sents:    3200; bsz:  686/ 895/64; 6585/8591 tok/s;    376 sec;
[2024-03-11 16:47:22,512 INFO] Step 6500/10000; acc: 85.8; ppl:   1.8; xent: 0.6; lr: 1.00000; sents:    3200; bsz:  684/ 925/64; 15162/20495 tok/s;    379 sec;
[2024-03-11 16:47:24,702 INFO] Step 6550/10000; acc: 86.1; ppl:   1.8; xent: 0.6; lr: 1.00000; sents:    3200; bsz:  658/ 905/64; 15022/20662 tok/s;    381 sec;
[2024-03-11 16:47:26,807 INFO] Step 6600/10000; acc: 86.6; ppl:   1.7; xent: 0.6; lr: 1.00000; sents:    3200; bsz:  620/ 838/64; 14716/19916 tok/s;    383 sec;
[2024-03-11 16:47:30,353 INFO] valid stats calculation
                           took: 3.545382022857666 s.
[2024-03-11 16:47:30,353 INFO] Train perplexity: 5.51811
[2024-03-11 16:47:30,353 INFO] Train accuracy: 71.632
[2024-03-11 16:47:30,353 INFO] Sentences processed: 422353
[2024-03-11 16:47:30,354 INFO] Average bsz:  691/ 931/64
[2024-03-11 16:47:30,354 INFO] Validation perplexity: 49912
[2024-03-11 16:47:30,354 INFO] Validation accuracy: 14.0052
[2024-03-11 16:47:30,355 INFO] Saving checkpoint gt-pt-enc/gt-pt-enc_03_step_6600.pt
[2024-03-11 16:47:32,420 INFO] Step 6650/10000; acc: 85.4; ppl:   1.8; xent: 0.6; lr: 1.00000; sents:    3200; bsz:  719/ 947/64; 6406/8441 tok/s;    389 sec;
[2024-03-11 16:47:34,668 INFO] Step 6700/10000; acc: 85.7; ppl:   1.8; xent: 0.6; lr: 1.00000; sents:    3200; bsz:  665/ 908/64; 14793/20205 tok/s;    391 sec;
[2024-03-11 16:47:36,783 INFO] Step 6750/10000; acc: 86.7; ppl:   1.7; xent: 0.5; lr: 1.00000; sents:    3200; bsz:  645/ 886/64; 15251/20938 tok/s;    393 sec;
[2024-03-11 16:47:39,136 INFO] Step 6800/10000; acc: 86.4; ppl:   1.7; xent: 0.6; lr: 1.00000; sents:    3200; bsz:  686/ 924/64; 14580/19640 tok/s;    395 sec;
[2024-03-11 16:47:42,835 INFO] valid stats calculation
                           took: 3.6988797187805176 s.
[2024-03-11 16:47:42,836 INFO] Train perplexity: 5.34011
[2024-03-11 16:47:42,836 INFO] Train accuracy: 72.0498
[2024-03-11 16:47:42,836 INFO] Sentences processed: 435153
[2024-03-11 16:47:42,836 INFO] Average bsz:  691/ 930/64
[2024-03-11 16:47:42,836 INFO] Validation perplexity: 45356.2
[2024-03-11 16:47:42,836 INFO] Validation accuracy: 13.651
[2024-03-11 16:47:42,837 INFO] Saving checkpoint gt-pt-enc/gt-pt-enc_03_step_6800.pt
[2024-03-11 16:47:45,152 INFO] Step 6850/10000; acc: 85.4; ppl:   1.8; xent: 0.6; lr: 1.00000; sents:    3200; bsz:  672/ 930/64; 5586/7731 tok/s;    401 sec;
[2024-03-11 16:47:47,124 INFO] Step 6900/10000; acc: 86.3; ppl:   1.7; xent: 0.6; lr: 1.00000; sents:    3200; bsz:  540/ 751/64; 13696/19046 tok/s;    403 sec;
[2024-03-11 16:47:49,353 INFO] Step 6950/10000; acc: 86.4; ppl:   1.7; xent: 0.6; lr: 1.00000; sents:    3200; bsz:  659/ 899/64; 14786/20169 tok/s;    406 sec;
[2024-03-11 16:47:51,555 INFO] Step 7000/10000; acc: 86.3; ppl:   1.7; xent: 0.6; lr: 1.00000; sents:    3200; bsz:  707/ 942/64; 16048/21405 tok/s;    408 sec;
[2024-03-11 16:47:55,196 INFO] valid stats calculation
                           took: 3.6412181854248047 s.
[2024-03-11 16:47:55,197 INFO] Train perplexity: 5.18234
[2024-03-11 16:47:55,197 INFO] Train accuracy: 72.4298
[2024-03-11 16:47:55,197 INFO] Sentences processed: 447953
[2024-03-11 16:47:55,197 INFO] Average bsz:  689/ 929/64
[2024-03-11 16:47:55,197 INFO] Validation perplexity: 42848.5
[2024-03-11 16:47:55,197 INFO] Validation accuracy: 14.2949
[2024-03-11 16:47:55,198 INFO] Saving checkpoint gt-pt-enc/gt-pt-enc_03_step_7000.pt
[2024-03-11 16:47:57,629 INFO] Step 7050/10000; acc: 85.7; ppl:   1.8; xent: 0.6; lr: 1.00000; sents:    3200; bsz:  717/ 968/64; 5901/7966 tok/s;    414 sec;
[2024-03-11 16:47:59,810 INFO] Step 7100/10000; acc: 87.1; ppl:   1.7; xent: 0.5; lr: 1.00000; sents:    3200; bsz:  651/ 878/64; 14933/20146 tok/s;    416 sec;
[2024-03-11 16:48:01,956 INFO] Step 7150/10000; acc: 87.1; ppl:   1.7; xent: 0.5; lr: 1.00000; sents:    3200; bsz:  685/ 905/64; 15951/21079 tok/s;    418 sec;
[2024-03-11 16:48:03,603 INFO] Step 7200/10000; acc: 88.2; ppl:   1.6; xent: 0.5; lr: 1.00000; sents:    3200; bsz:  577/ 795/64; 17533/24142 tok/s;    420 sec;
[2024-03-11 16:48:07,332 INFO] valid stats calculation
                           took: 3.7280585765838623 s.
[2024-03-11 16:48:07,332 INFO] Train perplexity: 5.0299
[2024-03-11 16:48:07,332 INFO] Train accuracy: 72.8156
[2024-03-11 16:48:07,332 INFO] Sentences processed: 460753
[2024-03-11 16:48:07,332 INFO] Average bsz:  688/ 928/64
[2024-03-11 16:48:07,332 INFO] Validation perplexity: 69545.3
[2024-03-11 16:48:07,332 INFO] Validation accuracy: 14.5847
[2024-03-11 16:48:07,334 INFO] Saving checkpoint gt-pt-enc/gt-pt-enc_03_step_7200.pt
[2024-03-11 16:48:09,650 INFO] Step 7250/10000; acc: 87.3; ppl:   1.7; xent: 0.5; lr: 1.00000; sents:    3200; bsz:  707/ 933/64; 5843/7715 tok/s;    426 sec;
[2024-03-11 16:48:11,938 INFO] Step 7300/10000; acc: 86.0; ppl:   1.8; xent: 0.6; lr: 1.00000; sents:    3200; bsz:  689/ 948/64; 15050/20715 tok/s;    428 sec;
[2024-03-11 16:48:14,201 INFO] Step 7350/10000; acc: 87.3; ppl:   1.6; xent: 0.5; lr: 1.00000; sents:    3200; bsz:  690/ 920/64; 15247/20339 tok/s;    430 sec;
[2024-03-11 16:48:15,850 INFO] Step 7400/10000; acc: 85.4; ppl:   1.9; xent: 0.6; lr: 1.00000; sents:    3200; bsz:  663/ 914/64; 20104/27736 tok/s;    432 sec;
[2024-03-11 16:48:19,514 INFO] valid stats calculation
                           took: 3.6640918254852295 s.
[2024-03-11 16:48:19,514 INFO] Train perplexity: 4.88719
[2024-03-11 16:48:19,514 INFO] Train accuracy: 73.1868
[2024-03-11 16:48:19,514 INFO] Sentences processed: 473553
[2024-03-11 16:48:19,515 INFO] Average bsz:  688/ 928/64
[2024-03-11 16:48:19,515 INFO] Validation perplexity: 52856.1
[2024-03-11 16:48:19,515 INFO] Validation accuracy: 14.9388
[2024-03-11 16:48:19,516 INFO] Saving checkpoint gt-pt-enc/gt-pt-enc_03_step_7400.pt
[2024-03-11 16:48:22,078 INFO] Step 7450/10000; acc: 86.5; ppl:   1.7; xent: 0.5; lr: 1.00000; sents:    3200; bsz:  762/1019/64; 6115/8182 tok/s;    438 sec;
[2024-03-11 16:48:24,227 INFO] Step 7500/10000; acc: 86.9; ppl:   1.7; xent: 0.5; lr: 1.00000; sents:    3200; bsz:  635/ 872/64; 14776/20288 tok/s;    440 sec;
[2024-03-11 16:48:25,962 INFO] Step 7550/10000; acc: 87.6; ppl:   1.6; xent: 0.5; lr: 1.00000; sents:    3200; bsz:  634/ 874/64; 18261/25175 tok/s;    442 sec;
[2024-03-11 16:48:27,315 INFO] Step 7600/10000; acc: 87.7; ppl:   1.6; xent: 0.5; lr: 1.00000; sents:    3200; bsz:  656/ 894/64; 24258/33064 tok/s;    443 sec;
[2024-03-11 16:48:30,825 INFO] valid stats calculation
                           took: 3.5104634761810303 s.
[2024-03-11 16:48:30,826 INFO] Train perplexity: 4.75168
[2024-03-11 16:48:30,826 INFO] Train accuracy: 73.5493
[2024-03-11 16:48:30,826 INFO] Sentences processed: 486353
[2024-03-11 16:48:30,826 INFO] Average bsz:  688/ 927/64
[2024-03-11 16:48:30,826 INFO] Validation perplexity: 46838.8
[2024-03-11 16:48:30,826 INFO] Validation accuracy: 16.0335
[2024-03-11 16:48:30,827 INFO] Saving checkpoint gt-pt-enc/gt-pt-enc_03_step_7600.pt
[2024-03-11 16:48:33,222 INFO] Step 7650/10000; acc: 87.0; ppl:   1.7; xent: 0.5; lr: 1.00000; sents:    3200; bsz:  680/ 934/64; 5753/7902 tok/s;    449 sec;
[2024-03-11 16:48:35,433 INFO] Step 7700/10000; acc: 87.0; ppl:   1.7; xent: 0.5; lr: 1.00000; sents:    3200; bsz:  678/ 920/64; 15346/20818 tok/s;    452 sec;
[2024-03-11 16:48:36,872 INFO] Step 7750/10000; acc: 87.1; ppl:   1.7; xent: 0.5; lr: 1.00000; sents:    3200; bsz:  676/ 931/64; 23502/32373 tok/s;    453 sec;
[2024-03-11 16:48:38,204 INFO] Step 7800/10000; acc: 88.0; ppl:   1.6; xent: 0.5; lr: 1.00000; sents:    3200; bsz:  676/ 899/64; 25359/33731 tok/s;    454 sec;
[2024-03-11 16:48:41,728 INFO] valid stats calculation
                           took: 3.5229721069335938 s.
[2024-03-11 16:48:41,728 INFO] Train perplexity: 4.62568
[2024-03-11 16:48:41,728 INFO] Train accuracy: 73.8988
[2024-03-11 16:48:41,728 INFO] Sentences processed: 499153
[2024-03-11 16:48:41,728 INFO] Average bsz:  688/ 927/64
[2024-03-11 16:48:41,728 INFO] Validation perplexity: 64003.9
[2024-03-11 16:48:41,728 INFO] Validation accuracy: 15.132
[2024-03-11 16:48:41,730 INFO] Saving checkpoint gt-pt-enc/gt-pt-enc_03_step_7800.pt
[2024-03-11 16:48:44,026 INFO] Step 7850/10000; acc: 87.5; ppl:   1.6; xent: 0.5; lr: 1.00000; sents:    3200; bsz:  668/ 905/64; 5739/7773 tok/s;    460 sec;
[2024-03-11 16:48:45,736 INFO] Step 7900/10000; acc: 88.2; ppl:   1.6; xent: 0.4; lr: 1.00000; sents:    3200; bsz:  635/ 870/64; 18570/25459 tok/s;    462 sec;
[2024-03-11 16:48:47,113 INFO] Step 7950/10000; acc: 87.9; ppl:   1.6; xent: 0.5; lr: 1.00000; sents:    3200; bsz:  695/ 937/64; 25243/34021 tok/s;    463 sec;
[2024-03-11 16:48:48,546 INFO] Step 8000/10000; acc: 86.6; ppl:   1.7; xent: 0.5; lr: 1.00000; sents:    3200; bsz:  701/ 965/64; 24470/33656 tok/s;    465 sec;
[2024-03-11 16:48:52,412 INFO] valid stats calculation
                           took: 3.8651516437530518 s.
[2024-03-11 16:48:52,413 INFO] Train perplexity: 4.50675
[2024-03-11 16:48:52,413 INFO] Train accuracy: 74.2364
[2024-03-11 16:48:52,413 INFO] Sentences processed: 511953
[2024-03-11 16:48:52,413 INFO] Average bsz:  687/ 927/64
[2024-03-11 16:48:52,413 INFO] Validation perplexity: 51928
[2024-03-11 16:48:52,413 INFO] Validation accuracy: 14.3915
[2024-03-11 16:48:52,415 INFO] Saving checkpoint gt-pt-enc/gt-pt-enc_03_step_8000.pt
[2024-03-11 16:48:54,760 INFO] Step 8050/10000; acc: 87.2; ppl:   1.7; xent: 0.5; lr: 1.00000; sents:    3200; bsz:  645/ 880/64; 5191/7078 tok/s;    471 sec;
[2024-03-11 16:48:56,900 INFO] Step 8100/10000; acc: 87.8; ppl:   1.6; xent: 0.5; lr: 1.00000; sents:    3200; bsz:  664/ 889/64; 15526/20782 tok/s;    473 sec;
[2024-03-11 16:48:59,173 INFO] Step 8150/10000; acc: 86.6; ppl:   1.7; xent: 0.5; lr: 1.00000; sents:    3200; bsz:  701/ 964/64; 15434/21220 tok/s;    475 sec;
[2024-03-11 16:49:01,410 INFO] Step 8200/10000; acc: 88.0; ppl:   1.6; xent: 0.5; lr: 1.00000; sents:    3200; bsz:  713/ 945/64; 15940/21129 tok/s;    478 sec;
[2024-03-11 16:49:06,648 INFO] valid stats calculation
                           took: 5.237805366516113 s.
[2024-03-11 16:49:06,649 INFO] Train perplexity: 4.39838
[2024-03-11 16:49:06,649 INFO] Train accuracy: 74.5551
[2024-03-11 16:49:06,649 INFO] Sentences processed: 524753
[2024-03-11 16:49:06,649 INFO] Average bsz:  687/ 927/64
[2024-03-11 16:49:06,649 INFO] Validation perplexity: 59761.3
[2024-03-11 16:49:06,649 INFO] Validation accuracy: 15.6793
[2024-03-11 16:49:06,651 INFO] Saving checkpoint gt-pt-enc/gt-pt-enc_03_step_8200.pt
[2024-03-11 16:49:09,050 INFO] Step 8250/10000; acc: 87.5; ppl:   1.6; xent: 0.5; lr: 1.00000; sents:    3200; bsz:  723/ 963/64; 4733/6304 tok/s;    485 sec;
[2024-03-11 16:49:11,331 INFO] Step 8300/10000; acc: 87.4; ppl:   1.6; xent: 0.5; lr: 1.00000; sents:    3200; bsz:  761/1010/64; 16692/22139 tok/s;    487 sec;
[2024-03-11 16:49:13,244 INFO] Step 8350/10000; acc: 88.5; ppl:   1.6; xent: 0.4; lr: 1.00000; sents:    3200; bsz:  667/ 888/64; 17433/23222 tok/s;    489 sec;
[2024-03-11 16:49:14,593 INFO] Step 8400/10000; acc: 87.9; ppl:   1.6; xent: 0.5; lr: 1.00000; sents:    3200; bsz:  677/ 913/64; 25104/33839 tok/s;    491 sec;
[2024-03-11 16:49:20,028 INFO] valid stats calculation
                           took: 5.435131311416626 s.
[2024-03-11 16:49:20,029 INFO] Train perplexity: 4.29205
[2024-03-11 16:49:20,029 INFO] Train accuracy: 74.8759
[2024-03-11 16:49:20,029 INFO] Sentences processed: 537553
[2024-03-11 16:49:20,029 INFO] Average bsz:  688/ 927/64
[2024-03-11 16:49:20,029 INFO] Validation perplexity: 59581.3
[2024-03-11 16:49:20,029 INFO] Validation accuracy: 16.0335
[2024-03-11 16:49:20,031 INFO] Saving checkpoint gt-pt-enc/gt-pt-enc_03_step_8400.pt
[2024-03-11 16:49:21,720 INFO] Step 8450/10000; acc: 87.3; ppl:   1.6; xent: 0.5; lr: 1.00000; sents:    3200; bsz:  668/ 923/64; 4688/6475 tok/s;    498 sec;
[2024-03-11 16:49:23,193 INFO] Step 8500/10000; acc: 86.4; ppl:   1.7; xent: 0.5; lr: 1.00000; sents:    3200; bsz:  632/ 908/64; 21461/30813 tok/s;    499 sec;
[2024-03-11 16:49:25,156 INFO] Step 8550/10000; acc: 86.7; ppl:   1.7; xent: 0.5; lr: 1.00000; sents:    3200; bsz:  712/ 975/64; 18131/24843 tok/s;    501 sec;
[2024-03-11 16:49:27,160 INFO] Step 8600/10000; acc: 87.4; ppl:   1.6; xent: 0.5; lr: 1.00000; sents:    3200; bsz:  717/ 970/64; 17885/24208 tok/s;    503 sec;
[2024-03-11 16:49:31,441 INFO] valid stats calculation
                           took: 4.2801735401153564 s.
[2024-03-11 16:49:31,442 INFO] Train perplexity: 4.19659
[2024-03-11 16:49:31,442 INFO] Train accuracy: 75.1622
[2024-03-11 16:49:31,442 INFO] Sentences processed: 550353
[2024-03-11 16:49:31,442 INFO] Average bsz:  687/ 928/64
[2024-03-11 16:49:31,442 INFO] Validation perplexity: 53319.1
[2024-03-11 16:49:31,442 INFO] Validation accuracy: 14.8744
[2024-03-11 16:49:31,443 INFO] Saving checkpoint gt-pt-enc/gt-pt-enc_03_step_8600.pt
[2024-03-11 16:49:33,405 INFO] Step 8650/10000; acc: 88.5; ppl:   1.5; xent: 0.4; lr: 1.00000; sents:    3200; bsz:  662/ 879/64; 5299/7041 tok/s;    510 sec;
[2024-03-11 16:49:35,545 INFO] Step 8700/10000; acc: 87.0; ppl:   1.7; xent: 0.5; lr: 1.00000; sents:    3200; bsz:  747/1007/64; 17459/23526 tok/s;    512 sec;
[2024-03-11 16:49:37,478 INFO] Step 8750/10000; acc: 87.5; ppl:   1.7; xent: 0.5; lr: 1.00000; sents:    3200; bsz:  735/ 966/64; 19021/24998 tok/s;    514 sec;
[2024-03-11 16:49:38,878 INFO] Step 8800/10000; acc: 88.0; ppl:   1.6; xent: 0.5; lr: 1.00000; sents:    3200; bsz:  705/ 950/64; 25190/33931 tok/s;    515 sec;
[2024-03-11 16:49:43,105 INFO] valid stats calculation
                           took: 4.226862668991089 s.
[2024-03-11 16:49:43,106 INFO] Train perplexity: 4.10487
[2024-03-11 16:49:43,106 INFO] Train accuracy: 75.4548
[2024-03-11 16:49:43,106 INFO] Sentences processed: 563153
[2024-03-11 16:49:43,106 INFO] Average bsz:  688/ 928/64
[2024-03-11 16:49:43,106 INFO] Validation perplexity: 55342.8
[2024-03-11 16:49:43,106 INFO] Validation accuracy: 16.3876
[2024-03-11 16:49:43,107 INFO] Saving checkpoint gt-pt-enc/gt-pt-enc_03_step_8800.pt
[2024-03-11 16:49:44,845 INFO] Step 8850/10000; acc: 88.6; ppl:   1.5; xent: 0.4; lr: 1.00000; sents:    3200; bsz:  740/ 957/64; 6200/8024 tok/s;    521 sec;
[2024-03-11 16:49:46,299 INFO] Step 8900/10000; acc: 87.4; ppl:   1.7; xent: 0.5; lr: 1.00000; sents:    3200; bsz:  708/ 963/64; 24351/33109 tok/s;    522 sec;
[2024-03-11 16:49:48,064 INFO] Step 8950/10000; acc: 88.5; ppl:   1.5; xent: 0.4; lr: 1.00000; sents:    3200; bsz:  686/ 920/64; 19443/26081 tok/s;    524 sec;
[2024-03-11 16:49:49,499 INFO] Step 9000/10000; acc: 87.6; ppl:   1.7; xent: 0.5; lr: 1.00000; sents:    3200; bsz:  640/ 870/64; 22293/30297 tok/s;    526 sec;
[2024-03-11 16:49:53,236 INFO] valid stats calculation
                           took: 3.7359726428985596 s.
[2024-03-11 16:49:53,236 INFO] Train perplexity: 4.0198
[2024-03-11 16:49:53,236 INFO] Train accuracy: 75.7343
[2024-03-11 16:49:53,236 INFO] Sentences processed: 575953
[2024-03-11 16:49:53,236 INFO] Average bsz:  688/ 928/64
[2024-03-11 16:49:53,236 INFO] Validation perplexity: 62798.9
[2024-03-11 16:49:53,236 INFO] Validation accuracy: 14.9388
[2024-03-11 16:49:53,238 INFO] Saving checkpoint gt-pt-enc/gt-pt-enc_03_step_9000.pt
[2024-03-11 16:49:55,261 INFO] Step 9050/10000; acc: 88.2; ppl:   1.6; xent: 0.5; lr: 1.00000; sents:    3200; bsz:  716/ 957/64; 6209/8309 tok/s;    531 sec;
[2024-03-11 16:49:56,692 INFO] Step 9100/10000; acc: 87.4; ppl:   1.6; xent: 0.5; lr: 1.00000; sents:    3200; bsz:  686/ 948/64; 23996/33158 tok/s;    533 sec;
[2024-03-11 16:49:58,348 INFO] Step 9150/10000; acc: 87.3; ppl:   1.6; xent: 0.5; lr: 1.00000; sents:    3200; bsz:  681/ 936/64; 20553/28251 tok/s;    534 sec;
[2024-03-11 16:49:59,727 INFO] Step 9200/10000; acc: 88.5; ppl:   1.5; xent: 0.4; lr: 1.00000; sents:    3200; bsz:  696/ 933/64; 25255/33826 tok/s;    536 sec;
[2024-03-11 16:50:03,392 INFO] valid stats calculation
                           took: 3.6646080017089844 s.
[2024-03-11 16:50:03,393 INFO] Train perplexity: 3.93805
[2024-03-11 16:50:03,393 INFO] Train accuracy: 76.0013
[2024-03-11 16:50:03,393 INFO] Sentences processed: 588753
[2024-03-11 16:50:03,393 INFO] Average bsz:  688/ 928/64
[2024-03-11 16:50:03,393 INFO] Validation perplexity: 56303.3
[2024-03-11 16:50:03,393 INFO] Validation accuracy: 14.4881
[2024-03-11 16:50:03,394 INFO] Saving checkpoint gt-pt-enc/gt-pt-enc_03_step_9200.pt
[2024-03-11 16:50:05,219 INFO] Step 9250/10000; acc: 88.2; ppl:   1.6; xent: 0.5; lr: 1.00000; sents:    3200; bsz:  714/ 962/64; 6501/8757 tok/s;    541 sec;
[2024-03-11 16:50:06,641 INFO] Step 9300/10000; acc: 88.0; ppl:   1.6; xent: 0.4; lr: 1.00000; sents:    3200; bsz:  717/ 965/64; 25204/33916 tok/s;    543 sec;
[2024-03-11 16:50:08,293 INFO] Step 9350/10000; acc: 88.6; ppl:   1.6; xent: 0.4; lr: 1.00000; sents:    3200; bsz:  649/ 878/64; 19653/26572 tok/s;    544 sec;
[2024-03-11 16:50:09,598 INFO] Step 9400/10000; acc: 88.8; ppl:   1.5; xent: 0.4; lr: 1.00000; sents:    3200; bsz:  641/ 880/64; 24562/33698 tok/s;    546 sec;
[2024-03-11 16:50:13,337 INFO] valid stats calculation
                           took: 3.73779559135437 s.
[2024-03-11 16:50:13,337 INFO] Train perplexity: 3.86197
[2024-03-11 16:50:13,337 INFO] Train accuracy: 76.2632
[2024-03-11 16:50:13,337 INFO] Sentences processed: 601553
[2024-03-11 16:50:13,337 INFO] Average bsz:  688/ 928/64
[2024-03-11 16:50:13,337 INFO] Validation perplexity: 86450.8
[2024-03-11 16:50:13,337 INFO] Validation accuracy: 15.3896
[2024-03-11 16:50:13,339 INFO] Saving checkpoint gt-pt-enc/gt-pt-enc_03_step_9400.pt
[2024-03-11 16:50:15,118 INFO] Step 9450/10000; acc: 87.5; ppl:   1.7; xent: 0.5; lr: 1.00000; sents:    3200; bsz:  640/ 884/64; 5800/8005 tok/s;    551 sec;
[2024-03-11 16:50:16,620 INFO] Step 9500/10000; acc: 88.7; ppl:   1.5; xent: 0.4; lr: 1.00000; sents:    3200; bsz:  691/ 930/64; 23019/30984 tok/s;    553 sec;
[2024-03-11 16:50:18,106 INFO] Step 9550/10000; acc: 88.3; ppl:   1.6; xent: 0.5; lr: 1.00000; sents:    3200; bsz:  699/ 924/64; 23512/31105 tok/s;    554 sec;
[2024-03-11 16:50:19,683 INFO] Step 9600/10000; acc: 88.5; ppl:   1.5; xent: 0.4; lr: 1.00000; sents:    3200; bsz:  684/ 928/64; 21675/29427 tok/s;    556 sec;
[2024-03-11 16:50:23,636 INFO] valid stats calculation
                           took: 3.9526607990264893 s.
[2024-03-11 16:50:23,637 INFO] Train perplexity: 3.7919
[2024-03-11 16:50:23,637 INFO] Train accuracy: 76.5098
[2024-03-11 16:50:23,637 INFO] Sentences processed: 614353
[2024-03-11 16:50:23,637 INFO] Average bsz:  688/ 928/64
[2024-03-11 16:50:23,637 INFO] Validation perplexity: 51625.5
[2024-03-11 16:50:23,637 INFO] Validation accuracy: 14.9066
[2024-03-11 16:50:23,639 INFO] Saving checkpoint gt-pt-enc/gt-pt-enc_03_step_9600.pt
[2024-03-11 16:50:25,148 INFO] Step 9650/10000; acc: 89.2; ppl:   1.5; xent: 0.4; lr: 1.00000; sents:    3200; bsz:  663/ 887/64; 6067/8120 tok/s;    561 sec;
[2024-03-11 16:50:26,995 INFO] Step 9700/10000; acc: 88.6; ppl:   1.5; xent: 0.4; lr: 1.00000; sents:    3200; bsz:  707/ 949/64; 19130/25699 tok/s;    563 sec;
[2024-03-11 16:50:28,532 INFO] Step 9750/10000; acc: 88.9; ppl:   1.5; xent: 0.4; lr: 1.00000; sents:    3200; bsz:  684/ 919/64; 22242/29902 tok/s;    565 sec;
[2024-03-11 16:50:30,320 INFO] Step 9800/10000; acc: 88.1; ppl:   1.6; xent: 0.5; lr: 1.00000; sents:    3200; bsz:  768/1032/64; 21479/28859 tok/s;    566 sec;
[2024-03-11 16:50:34,562 INFO] valid stats calculation
                           took: 4.240821123123169 s.
[2024-03-11 16:50:34,562 INFO] Train perplexity: 3.72087
[2024-03-11 16:50:34,562 INFO] Train accuracy: 76.7634
[2024-03-11 16:50:34,562 INFO] Sentences processed: 627153
[2024-03-11 16:50:34,562 INFO] Average bsz:  688/ 928/64
[2024-03-11 16:50:34,562 INFO] Validation perplexity: 69320.2
[2024-03-11 16:50:34,562 INFO] Validation accuracy: 14.6169
[2024-03-11 16:50:34,564 INFO] Saving checkpoint gt-pt-enc/gt-pt-enc_03_step_9800.pt
[2024-03-11 16:50:36,180 INFO] Step 9850/10000; acc: 88.0; ppl:   1.6; xent: 0.5; lr: 1.00000; sents:    3200; bsz:  689/ 932/64; 5884/7951 tok/s;    572 sec;
[2024-03-11 16:50:37,931 INFO] Step 9900/10000; acc: 88.5; ppl:   1.5; xent: 0.4; lr: 1.00000; sents:    3200; bsz:  696/ 931/64; 19864/26596 tok/s;    574 sec;
[2024-03-11 16:50:39,283 INFO] Step 9950/10000; acc: 88.8; ppl:   1.5; xent: 0.4; lr: 1.00000; sents:    3200; bsz:  684/ 927/64; 25283/34283 tok/s;    575 sec;
[2024-03-11 16:50:40,922 INFO] Step 10000/10000; acc: 87.9; ppl:   1.6; xent: 0.5; lr: 1.00000; sents:    3200; bsz:  662/ 907/64; 20202/27683 tok/s;    577 sec;
[2024-03-11 16:50:44,878 INFO] valid stats calculation
                           took: 3.955552339553833 s.
[2024-03-11 16:50:44,878 INFO] Train perplexity: 3.65732
[2024-03-11 16:50:44,878 INFO] Train accuracy: 76.9932
[2024-03-11 16:50:44,878 INFO] Sentences processed: 639953
[2024-03-11 16:50:44,878 INFO] Average bsz:  688/ 928/64
[2024-03-11 16:50:44,878 INFO] Validation perplexity: 73502.8
[2024-03-11 16:50:44,878 INFO] Validation accuracy: 14.4881
[2024-03-11 16:50:44,880 INFO] Saving checkpoint gt-pt-enc/gt-pt-enc_03_step_10000.pt
