[2024-03-11 10:09:47,474 WARNING] Corpus corpus_1's weight should be given. We default it to 1 for you.
[2024-03-11 10:09:47,474 INFO] Parsed 2 corpora from -data.
[2024-03-11 10:09:47,474 INFO] Get special vocabs from Transforms: {'src': [], 'tgt': []}.
[2024-03-11 10:09:47,509 INFO] The first 10 tokens of the vocabs are:['<unk>', '<blank>', '<s>', '</s>', 'be', 'to', 'ix-1p-pl', 'in', 'and', 'this']
[2024-03-11 10:09:47,509 INFO] The decoder start token is: <s>
[2024-03-11 10:09:47,509 INFO] Building model...
[2024-03-11 10:09:47,758 INFO] Switching model to float32 for amp/apex_amp
[2024-03-11 10:09:47,758 INFO] Non quantized layer compute is fp32
[2024-03-11 10:09:49,592 INFO] NMTModel(
  (encoder): RNNEncoder(
    (embeddings): Embeddings(
      (make_embedding): Sequential(
        (emb_luts): Elementwise(
          (0): Embedding(14144, 500, padding_idx=1)
        )
      )
      (dropout): Dropout(p=0.3, inplace=False)
    )
    (rnn): LSTM(500, 500, num_layers=2, batch_first=True, dropout=0.3)
  )
  (decoder): InputFeedRNNDecoder(
    (embeddings): Embeddings(
      (make_embedding): Sequential(
        (emb_luts): Elementwise(
          (0): Embedding(17816, 500, padding_idx=1)
        )
      )
      (dropout): Dropout(p=0.3, inplace=False)
    )
    (dropout): Dropout(p=0.3, inplace=False)
    (rnn): StackedLSTM(
      (dropout): Dropout(p=0.3, inplace=False)
      (layers): ModuleList(
        (0): LSTMCell(1000, 500)
        (1): LSTMCell(500, 500)
      )
    )
    (attn): GlobalAttention(
      (linear_in): Linear(in_features=500, out_features=500, bias=False)
      (linear_out): Linear(in_features=1000, out_features=500, bias=False)
    )
  )
  (generator): Linear(in_features=500, out_features=17816, bias=True)
)
[2024-03-11 10:09:49,592 INFO] encoder: 11080000
[2024-03-11 10:09:49,592 INFO] decoder: 23591816
[2024-03-11 10:09:49,593 INFO] * number of parameters: 34671816
[2024-03-11 10:09:49,593 INFO] Trainable parameters = {'torch.float32': 34671816, 'torch.float16': 0, 'torch.uint8': 0, 'torch.int8': 0}
[2024-03-11 10:09:49,593 INFO] Non trainable parameters = {'torch.float32': 0, 'torch.float16': 0, 'torch.uint8': 0, 'torch.int8': 0}
[2024-03-11 10:09:49,593 INFO]  * src vocab size = 14144
[2024-03-11 10:09:49,593 INFO]  * tgt vocab size = 17816
[2024-03-11 10:09:49,594 INFO] Starting training on GPU: [0]
[2024-03-11 10:09:49,594 INFO] Start training loop and validate every 200 steps...
[2024-03-11 10:09:49,594 INFO] Scoring with: TransformPipe(InferFeatsTransform())
[2024-03-11 10:10:06,952 INFO] Step 50/10000; acc: 5.7; ppl: 49284.4; xent: 10.8; lr: 1.00000; sents:    3200; bsz:  658/ 902/64; 1895/2598 tok/s;     17 sec;
[2024-03-11 10:10:09,155 INFO] Step 100/10000; acc: 6.3; ppl: 16227.3; xent: 9.7; lr: 1.00000; sents:    3200; bsz:  673/ 861/64; 15282/19552 tok/s;     20 sec;
[2024-03-11 10:10:11,345 INFO] Step 150/10000; acc: 8.7; ppl: 1748.2; xent: 7.5; lr: 1.00000; sents:    3200; bsz:  635/ 845/64; 14498/19294 tok/s;     22 sec;
[2024-03-11 10:10:13,664 INFO] Step 200/10000; acc: 12.3; ppl: 900.5; xent: 6.8; lr: 1.00000; sents:    3200; bsz:  726/ 980/64; 15659/21134 tok/s;     24 sec;
[2024-03-11 10:10:17,210 INFO] valid stats calculation
                           took: 3.5459418296813965 s.
[2024-03-11 10:10:17,211 INFO] Train perplexity: 5762.43
[2024-03-11 10:10:17,211 INFO] Train accuracy: 8.36631
[2024-03-11 10:10:17,211 INFO] Sentences processed: 12800
[2024-03-11 10:10:17,211 INFO] Average bsz:  673/ 897/64
[2024-03-11 10:10:17,211 INFO] Validation perplexity: 1526.15
[2024-03-11 10:10:17,211 INFO] Validation accuracy: 9.91629
[2024-03-11 10:10:17,212 INFO] Saving checkpoint gt-pretrain/gt-pretrain_02_step_200.pt
[2024-03-11 10:10:19,194 INFO] Step 250/10000; acc: 15.1; ppl: 497.6; xent: 6.2; lr: 1.00000; sents:    3200; bsz:  625/ 838/64; 5648/7577 tok/s;     30 sec;
[2024-03-11 10:10:21,659 INFO] Step 300/10000; acc: 15.2; ppl: 512.4; xent: 6.2; lr: 1.00000; sents:    3200; bsz:  741/1002/64; 15032/20318 tok/s;     32 sec;
[2024-03-11 10:10:23,741 INFO] Step 350/10000; acc: 18.7; ppl: 390.6; xent: 6.0; lr: 1.00000; sents:    3200; bsz:  594/ 805/64; 14264/19338 tok/s;     34 sec;
[2024-03-11 10:10:26,164 INFO] Step 400/10000; acc: 17.6; ppl: 386.0; xent: 6.0; lr: 1.00000; sents:    3200; bsz:  698/ 921/64; 14418/19022 tok/s;     37 sec;
[2024-03-11 10:10:29,744 INFO] valid stats calculation
                           took: 3.580298900604248 s.
[2024-03-11 10:10:29,745 INFO] Train perplexity: 1607.45
[2024-03-11 10:10:29,745 INFO] Train accuracy: 12.4615
[2024-03-11 10:10:29,745 INFO] Sentences processed: 25600
[2024-03-11 10:10:29,745 INFO] Average bsz:  669/ 894/64
[2024-03-11 10:10:29,745 INFO] Validation perplexity: 1395.91
[2024-03-11 10:10:29,745 INFO] Validation accuracy: 16.0335
[2024-03-11 10:10:29,746 INFO] Saving checkpoint gt-pretrain/gt-pretrain_02_step_400.pt
[2024-03-11 10:10:32,344 INFO] Step 450/10000; acc: 19.9; ppl: 294.9; xent: 5.7; lr: 1.00000; sents:    3200; bsz:  719/ 989/64; 5820/7999 tok/s;     43 sec;
[2024-03-11 10:10:34,836 INFO] Step 500/10000; acc: 21.5; ppl: 252.2; xent: 5.5; lr: 1.00000; sents:    3200; bsz:  732/1003/64; 14689/20125 tok/s;     45 sec;
[2024-03-11 10:10:37,130 INFO] Step 550/10000; acc: 24.3; ppl: 194.2; xent: 5.3; lr: 1.00000; sents:    3200; bsz:  675/ 919/64; 14709/20026 tok/s;     48 sec;
[2024-03-11 10:10:38,984 INFO] Step 600/10000; acc: 25.4; ppl: 175.8; xent: 5.2; lr: 1.00000; sents:    3200; bsz:  649/ 919/64; 17503/24787 tok/s;     49 sec;
[2024-03-11 10:10:42,582 INFO] valid stats calculation
                           took: 3.597468852996826 s.
[2024-03-11 10:10:42,582 INFO] Train perplexity: 811.388
[2024-03-11 10:10:42,582 INFO] Train accuracy: 16.0329
[2024-03-11 10:10:42,582 INFO] Sentences processed: 38400
[2024-03-11 10:10:42,582 INFO] Average bsz:  677/ 915/64
[2024-03-11 10:10:42,582 INFO] Validation perplexity: 1255.04
[2024-03-11 10:10:42,582 INFO] Validation accuracy: 14.8422
[2024-03-11 10:10:42,584 INFO] Saving checkpoint gt-pretrain/gt-pretrain_02_step_600.pt
[2024-03-11 10:10:45,074 INFO] Step 650/10000; acc: 27.5; ppl: 145.0; xent: 5.0; lr: 1.00000; sents:    3200; bsz:  643/ 900/64; 5276/7388 tok/s;     55 sec;
[2024-03-11 10:10:47,279 INFO] Step 700/10000; acc: 29.1; ppl: 127.7; xent: 4.8; lr: 1.00000; sents:    3200; bsz:  630/ 843/64; 14282/19107 tok/s;     58 sec;
[2024-03-11 10:10:49,516 INFO] Step 750/10000; acc: 33.4; ppl:  98.5; xent: 4.6; lr: 1.00000; sents:    3200; bsz:  607/ 837/64; 13563/18714 tok/s;     60 sec;
[2024-03-11 10:10:51,155 INFO] Step 800/10000; acc: 34.9; ppl:  90.3; xent: 4.5; lr: 1.00000; sents:    3200; bsz:  705/ 951/64; 21520/29030 tok/s;     62 sec;
[2024-03-11 10:10:54,716 INFO] valid stats calculation
                           took: 3.5613436698913574 s.
[2024-03-11 10:10:54,717 INFO] Train perplexity: 502.267
[2024-03-11 10:10:54,717 INFO] Train accuracy: 19.744
[2024-03-11 10:10:54,717 INFO] Sentences processed: 51200
[2024-03-11 10:10:54,717 INFO] Average bsz:  669/ 907/64
[2024-03-11 10:10:54,717 INFO] Validation perplexity: 1691.05
[2024-03-11 10:10:54,717 INFO] Validation accuracy: 14.7135
[2024-03-11 10:10:54,718 INFO] Saving checkpoint gt-pretrain/gt-pretrain_02_step_800.pt
[2024-03-11 10:10:57,454 INFO] Step 850/10000; acc: 37.5; ppl:  77.6; xent: 4.4; lr: 1.00000; sents:    3200; bsz:  783/1052/64; 6216/8353 tok/s;     68 sec;
[2024-03-11 10:10:59,960 INFO] Step 900/10000; acc: 44.1; ppl:  50.6; xent: 3.9; lr: 1.00000; sents:    3200; bsz:  754/ 997/64; 15043/19886 tok/s;     70 sec;
[2024-03-11 10:11:01,928 INFO] Step 950/10000; acc: 49.6; ppl:  33.1; xent: 3.5; lr: 1.00000; sents:    3200; bsz:  692/ 925/64; 17590/23507 tok/s;     72 sec;
[2024-03-11 10:11:03,171 INFO] Step 1000/10000; acc: 51.7; ppl:  27.1; xent: 3.3; lr: 1.00000; sents:    3200; bsz:  600/ 843/64; 24160/33926 tok/s;     74 sec;
[2024-03-11 10:11:06,738 INFO] valid stats calculation
                           took: 3.566302537918091 s.
[2024-03-11 10:11:06,738 INFO] Train perplexity: 303.542
[2024-03-11 10:11:06,738 INFO] Train accuracy: 25.0627
[2024-03-11 10:11:06,738 INFO] Sentences processed: 64000
[2024-03-11 10:11:06,738 INFO] Average bsz:  677/ 917/64
[2024-03-11 10:11:06,738 INFO] Validation perplexity: 2946.16
[2024-03-11 10:11:06,738 INFO] Validation accuracy: 15.7115
[2024-03-11 10:11:06,740 INFO] Saving checkpoint gt-pretrain/gt-pretrain_02_step_1000.pt
[2024-03-11 10:11:09,335 INFO] Step 1050/10000; acc: 54.9; ppl:  21.1; xent: 3.0; lr: 1.00000; sents:    3200; bsz:  700/ 931/64; 5677/7549 tok/s;     80 sec;
[2024-03-11 10:11:11,508 INFO] Step 1100/10000; acc: 58.8; ppl:  14.7; xent: 2.7; lr: 1.00000; sents:    3200; bsz:  623/ 849/64; 14343/19526 tok/s;     82 sec;
[2024-03-11 10:11:13,207 INFO] Step 1150/10000; acc: 59.6; ppl:  13.5; xent: 2.6; lr: 1.00000; sents:    3200; bsz:  667/ 895/64; 19632/26351 tok/s;     84 sec;
[2024-03-11 10:11:14,669 INFO] Step 1200/10000; acc: 62.5; ppl:  10.8; xent: 2.4; lr: 1.00000; sents:    3200; bsz:  776/1007/64; 26528/34451 tok/s;     85 sec;
[2024-03-11 10:11:18,179 INFO] valid stats calculation
                           took: 3.5091841220855713 s.
[2024-03-11 10:11:18,179 INFO] Train perplexity: 182.518
[2024-03-11 10:11:18,179 INFO] Train accuracy: 30.7427
[2024-03-11 10:11:18,179 INFO] Sentences processed: 76800
[2024-03-11 10:11:18,179 INFO] Average bsz:  679/ 917/64
[2024-03-11 10:11:18,179 INFO] Validation perplexity: 6477.96
[2024-03-11 10:11:18,179 INFO] Validation accuracy: 15.5827
[2024-03-11 10:11:18,181 INFO] Saving checkpoint gt-pretrain/gt-pretrain_02_step_1200.pt
[2024-03-11 10:11:20,687 INFO] Step 1250/10000; acc: 62.9; ppl:  10.2; xent: 2.3; lr: 1.00000; sents:    3200; bsz:  659/ 906/64; 5477/7530 tok/s;     91 sec;
[2024-03-11 10:11:22,840 INFO] Step 1300/10000; acc: 66.5; ppl:   7.6; xent: 2.0; lr: 1.00000; sents:    3200; bsz:  699/ 913/64; 16237/21203 tok/s;     93 sec;
[2024-03-11 10:11:24,281 INFO] Step 1350/10000; acc: 65.7; ppl:   8.2; xent: 2.1; lr: 1.00000; sents:    3200; bsz:  701/ 938/64; 24316/32547 tok/s;     95 sec;
[2024-03-11 10:11:25,560 INFO] Step 1400/10000; acc: 66.7; ppl:   7.1; xent: 2.0; lr: 1.00000; sents:    3200; bsz:  598/ 828/64; 23378/32384 tok/s;     96 sec;
[2024-03-11 10:11:29,030 INFO] valid stats calculation
                           took: 3.469426393508911 s.
[2024-03-11 10:11:29,030 INFO] Train perplexity: 118.289
[2024-03-11 10:11:29,030 INFO] Train accuracy: 35.6014
[2024-03-11 10:11:29,030 INFO] Sentences processed: 89600
[2024-03-11 10:11:29,030 INFO] Average bsz:  677/ 914/64
[2024-03-11 10:11:29,030 INFO] Validation perplexity: 11001.1
[2024-03-11 10:11:29,030 INFO] Validation accuracy: 12.4276
[2024-03-11 10:11:29,032 INFO] Saving checkpoint gt-pretrain/gt-pretrain_02_step_1400.pt
[2024-03-11 10:11:31,651 INFO] Step 1450/10000; acc: 67.4; ppl:   6.9; xent: 1.9; lr: 1.00000; sents:    3200; bsz:  704/ 952/64; 5776/7818 tok/s;    102 sec;
[2024-03-11 10:11:33,613 INFO] Step 1500/10000; acc: 68.8; ppl:   6.3; xent: 1.8; lr: 1.00000; sents:    3200; bsz:  703/ 927/64; 17917/23621 tok/s;    104 sec;
[2024-03-11 10:11:35,001 INFO] Step 1550/10000; acc: 69.2; ppl:   5.9; xent: 1.8; lr: 1.00000; sents:    3200; bsz:  684/ 922/64; 24634/33229 tok/s;    105 sec;
[2024-03-11 10:11:36,467 INFO] Step 1600/10000; acc: 70.3; ppl:   5.3; xent: 1.7; lr: 1.00000; sents:    3200; bsz:  696/ 956/64; 23744/32604 tok/s;    107 sec;
[2024-03-11 10:11:39,899 INFO] valid stats calculation
                           took: 3.43145751953125 s.
[2024-03-11 10:11:39,899 INFO] Train perplexity: 80.8928
[2024-03-11 10:11:39,899 INFO] Train accuracy: 39.8674
[2024-03-11 10:11:39,900 INFO] Sentences processed: 102400
[2024-03-11 10:11:39,900 INFO] Average bsz:  680/ 917/64
[2024-03-11 10:11:39,900 INFO] Validation perplexity: 12994.2
[2024-03-11 10:11:39,900 INFO] Validation accuracy: 15.7115
[2024-03-11 10:11:39,901 INFO] Saving checkpoint gt-pretrain/gt-pretrain_02_step_1600.pt
[2024-03-11 10:11:42,381 INFO] Step 1650/10000; acc: 70.8; ppl:   5.2; xent: 1.6; lr: 1.00000; sents:    3200; bsz:  713/ 960/64; 6028/8116 tok/s;    113 sec;
[2024-03-11 10:11:43,821 INFO] Step 1700/10000; acc: 71.4; ppl:   4.8; xent: 1.6; lr: 1.00000; sents:    3200; bsz:  713/ 974/64; 24757/33804 tok/s;    114 sec;
[2024-03-11 10:11:45,204 INFO] Step 1750/10000; acc: 71.6; ppl:   4.8; xent: 1.6; lr: 1.00000; sents:    3200; bsz:  689/ 939/64; 24904/33953 tok/s;    116 sec;
[2024-03-11 10:11:47,219 INFO] Step 1800/10000; acc: 73.5; ppl:   4.3; xent: 1.5; lr: 1.00000; sents:    3200; bsz:  669/ 895/64; 16613/22199 tok/s;    118 sec;
[2024-03-11 10:11:50,658 INFO] valid stats calculation
                           took: 3.438397169113159 s.
[2024-03-11 10:11:50,658 INFO] Train perplexity: 58.6049
[2024-03-11 10:11:50,658 INFO] Train accuracy: 43.4982
[2024-03-11 10:11:50,658 INFO] Sentences processed: 115200
[2024-03-11 10:11:50,658 INFO] Average bsz:  681/ 920/64
[2024-03-11 10:11:50,659 INFO] Validation perplexity: 16144.9
[2024-03-11 10:11:50,659 INFO] Validation accuracy: 15.0676
[2024-03-11 10:11:50,660 INFO] Saving checkpoint gt-pretrain/gt-pretrain_02_step_1800.pt
[2024-03-11 10:11:52,539 INFO] Step 1850/10000; acc: 73.4; ppl:   4.4; xent: 1.5; lr: 1.00000; sents:    3200; bsz:  640/ 862/64; 6016/8106 tok/s;    123 sec;
[2024-03-11 10:11:53,891 INFO] Step 1900/10000; acc: 73.4; ppl:   4.2; xent: 1.4; lr: 1.00000; sents:    3200; bsz:  645/ 870/64; 23840/32193 tok/s;    124 sec;
[2024-03-11 10:11:55,312 INFO] Step 1950/10000; acc: 73.6; ppl:   4.2; xent: 1.4; lr: 1.00000; sents:    3200; bsz:  682/ 914/64; 23996/32180 tok/s;    126 sec;
[2024-03-11 10:11:57,675 INFO] Step 2000/10000; acc: 73.8; ppl:   4.2; xent: 1.4; lr: 1.00000; sents:    3200; bsz:  672/ 880/64; 14218/18620 tok/s;    128 sec;
[2024-03-11 10:12:01,155 INFO] valid stats calculation
                           took: 3.480268716812134 s.
[2024-03-11 10:12:01,156 INFO] Train perplexity: 45.5359
[2024-03-11 10:12:01,156 INFO] Train accuracy: 46.3881
[2024-03-11 10:12:01,156 INFO] Sentences processed: 128000
[2024-03-11 10:12:01,156 INFO] Average bsz:  679/ 916/64
[2024-03-11 10:12:01,156 INFO] Validation perplexity: 19912.2
[2024-03-11 10:12:01,156 INFO] Validation accuracy: 15.5827
[2024-03-11 10:12:01,157 INFO] Saving checkpoint gt-pretrain/gt-pretrain_02_step_2000.pt
[2024-03-11 10:12:02,797 INFO] Step 2050/10000; acc: 75.1; ppl:   3.7; xent: 1.3; lr: 1.00000; sents:    3200; bsz:  727/ 959/64; 7097/9366 tok/s;    133 sec;
[2024-03-11 10:12:04,146 INFO] Step 2100/10000; acc: 76.9; ppl:   3.3; xent: 1.2; lr: 1.00000; sents:    3200; bsz:  695/ 904/64; 25760/33492 tok/s;    135 sec;
[2024-03-11 10:12:06,258 INFO] Step 2150/10000; acc: 73.6; ppl:   4.1; xent: 1.4; lr: 1.00000; sents:    3200; bsz:  726/ 981/64; 17190/23228 tok/s;    137 sec;
[2024-03-11 10:12:08,640 INFO] Step 2200/10000; acc: 75.1; ppl:   3.7; xent: 1.3; lr: 1.00000; sents:    3200; bsz:  718/ 950/64; 15066/19944 tok/s;    139 sec;
[2024-03-11 10:12:12,043 INFO] valid stats calculation
                           took: 3.4022371768951416 s.
[2024-03-11 10:12:12,043 INFO] Train perplexity: 35.988
[2024-03-11 10:12:12,043 INFO] Train accuracy: 49.0872
[2024-03-11 10:12:12,043 INFO] Sentences processed: 140800
[2024-03-11 10:12:12,043 INFO] Average bsz:  683/ 919/64
[2024-03-11 10:12:12,043 INFO] Validation perplexity: 17472.1
[2024-03-11 10:12:12,043 INFO] Validation accuracy: 15.8403
[2024-03-11 10:12:12,045 INFO] Saving checkpoint gt-pretrain/gt-pretrain_02_step_2200.pt
[2024-03-11 10:12:13,679 INFO] Step 2250/10000; acc: 75.5; ppl:   3.6; xent: 1.3; lr: 1.00000; sents:    3200; bsz:  725/ 970/64; 7195/9625 tok/s;    144 sec;
[2024-03-11 10:12:15,086 INFO] Step 2300/10000; acc: 76.5; ppl:   3.4; xent: 1.2; lr: 1.00000; sents:    3200; bsz:  696/ 932/64; 24733/33099 tok/s;    145 sec;
[2024-03-11 10:12:17,516 INFO] Step 2350/10000; acc: 74.9; ppl:   3.6; xent: 1.3; lr: 1.00000; sents:    3200; bsz:  716/ 985/64; 14725/20276 tok/s;    148 sec;
[2024-03-11 10:12:19,883 INFO] Step 2400/10000; acc: 77.0; ppl:   3.3; xent: 1.2; lr: 1.00000; sents:    3153; bsz:  664/ 883/63; 14030/18653 tok/s;    150 sec;
[2024-03-11 10:12:23,293 INFO] valid stats calculation
                           took: 3.4103639125823975 s.
[2024-03-11 10:12:23,294 INFO] Train perplexity: 29.4765
[2024-03-11 10:12:23,294 INFO] Train accuracy: 51.3781
[2024-03-11 10:12:23,294 INFO] Sentences processed: 153553
[2024-03-11 10:12:23,294 INFO] Average bsz:  684/ 921/64
[2024-03-11 10:12:23,294 INFO] Validation perplexity: 21916.6
[2024-03-11 10:12:23,294 INFO] Validation accuracy: 15.7759
[2024-03-11 10:12:23,295 INFO] Saving checkpoint gt-pretrain/gt-pretrain_02_step_2400.pt
[2024-03-11 10:12:24,811 INFO] Step 2450/10000; acc: 78.1; ppl:   3.0; xent: 1.1; lr: 1.00000; sents:    3200; bsz:  672/ 894/64; 6818/9073 tok/s;    155 sec;
[2024-03-11 10:12:26,645 INFO] Step 2500/10000; acc: 78.0; ppl:   3.0; xent: 1.1; lr: 1.00000; sents:    3200; bsz:  672/ 910/64; 18319/24809 tok/s;    157 sec;
[2024-03-11 10:12:28,938 INFO] Step 2550/10000; acc: 76.6; ppl:   3.3; xent: 1.2; lr: 1.00000; sents:    3200; bsz:  660/ 913/64; 14401/19926 tok/s;    159 sec;
[2024-03-11 10:12:31,438 INFO] Step 2600/10000; acc: 77.2; ppl:   3.1; xent: 1.1; lr: 1.00000; sents:    3200; bsz:  733/ 967/64; 14666/19342 tok/s;    162 sec;
[2024-03-11 10:12:34,976 INFO] valid stats calculation
                           took: 3.5375144481658936 s.
[2024-03-11 10:12:34,977 INFO] Train perplexity: 24.7877
[2024-03-11 10:12:34,977 INFO] Train accuracy: 53.3855
[2024-03-11 10:12:34,977 INFO] Sentences processed: 166353
[2024-03-11 10:12:34,977 INFO] Average bsz:  684/ 921/64
[2024-03-11 10:12:34,977 INFO] Validation perplexity: 24458.4
[2024-03-11 10:12:34,977 INFO] Validation accuracy: 15.0676
[2024-03-11 10:12:34,978 INFO] Saving checkpoint gt-pretrain/gt-pretrain_02_step_2600.pt
[2024-03-11 10:12:36,718 INFO] Step 2650/10000; acc: 76.8; ppl:   3.2; xent: 1.2; lr: 1.00000; sents:    3200; bsz:  765/1030/64; 7249/9753 tok/s;    167 sec;
[2024-03-11 10:12:39,017 INFO] Step 2700/10000; acc: 77.0; ppl:   3.2; xent: 1.1; lr: 1.00000; sents:    3200; bsz:  698/ 981/64; 15174/21334 tok/s;    169 sec;
[2024-03-11 10:12:41,476 INFO] Step 2750/10000; acc: 78.2; ppl:   2.9; xent: 1.1; lr: 1.00000; sents:    3200; bsz:  731/ 975/64; 14864/19836 tok/s;    172 sec;
[2024-03-11 10:12:43,814 INFO] Step 2800/10000; acc: 79.0; ppl:   2.7; xent: 1.0; lr: 1.00000; sents:    3200; bsz:  712/ 954/64; 15217/20390 tok/s;    174 sec;
[2024-03-11 10:12:47,404 INFO] valid stats calculation
                           took: 3.58943510055542 s.
[2024-03-11 10:12:47,405 INFO] Train perplexity: 21.1008
[2024-03-11 10:12:47,405 INFO] Train accuracy: 55.2352
[2024-03-11 10:12:47,405 INFO] Sentences processed: 179153
[2024-03-11 10:12:47,405 INFO] Average bsz:  687/ 926/64
[2024-03-11 10:12:47,405 INFO] Validation perplexity: 34016.6
[2024-03-11 10:12:47,405 INFO] Validation accuracy: 15.0032
[2024-03-11 10:12:47,406 INFO] Saving checkpoint gt-pretrain/gt-pretrain_02_step_2800.pt
[2024-03-11 10:12:49,189 INFO] Step 2850/10000; acc: 78.8; ppl:   2.8; xent: 1.0; lr: 1.00000; sents:    3200; bsz:  685/ 920/64; 6371/8556 tok/s;    180 sec;
[2024-03-11 10:12:51,758 INFO] Step 2900/10000; acc: 78.9; ppl:   2.8; xent: 1.0; lr: 1.00000; sents:    3200; bsz:  791/1034/64; 15404/20130 tok/s;    182 sec;
[2024-03-11 10:12:54,089 INFO] Step 2950/10000; acc: 79.6; ppl:   2.7; xent: 1.0; lr: 1.00000; sents:    3200; bsz:  653/ 881/64; 14008/18897 tok/s;    184 sec;
[2024-03-11 10:12:56,315 INFO] Step 3000/10000; acc: 79.1; ppl:   2.8; xent: 1.0; lr: 1.00000; sents:    3200; bsz:  624/ 847/64; 14015/19032 tok/s;    187 sec;
[2024-03-11 10:12:59,860 INFO] valid stats calculation
                           took: 3.5451178550720215 s.
[2024-03-11 10:12:59,861 INFO] Train perplexity: 18.4391
[2024-03-11 10:12:59,861 INFO] Train accuracy: 56.8151
[2024-03-11 10:12:59,861 INFO] Sentences processed: 191953
[2024-03-11 10:12:59,861 INFO] Average bsz:  687/ 925/64
[2024-03-11 10:12:59,861 INFO] Validation perplexity: 22097
[2024-03-11 10:12:59,861 INFO] Validation accuracy: 14.1983
[2024-03-11 10:12:59,862 INFO] Saving checkpoint gt-pretrain/gt-pretrain_02_step_3000.pt
[2024-03-11 10:13:01,879 INFO] Step 3050/10000; acc: 80.0; ppl:   2.6; xent: 1.0; lr: 1.00000; sents:    3200; bsz:  663/ 874/64; 5959/7857 tok/s;    192 sec;
[2024-03-11 10:13:04,375 INFO] Step 3100/10000; acc: 78.3; ppl:   2.9; xent: 1.1; lr: 1.00000; sents:    3200; bsz:  760/1014/64; 15232/20309 tok/s;    195 sec;
[2024-03-11 10:13:06,771 INFO] Step 3150/10000; acc: 79.0; ppl:   2.7; xent: 1.0; lr: 1.00000; sents:    3200; bsz:  675/ 930/64; 14078/19405 tok/s;    197 sec;
[2024-03-11 10:13:08,942 INFO] Step 3200/10000; acc: 79.0; ppl:   2.8; xent: 1.0; lr: 1.00000; sents:    3200; bsz:  580/ 817/64; 13352/18805 tok/s;    199 sec;
[2024-03-11 10:13:12,540 INFO] valid stats calculation
                           took: 3.5973799228668213 s.
[2024-03-11 10:13:12,541 INFO] Train perplexity: 16.406
[2024-03-11 10:13:12,541 INFO] Train accuracy: 58.1813
[2024-03-11 10:13:12,541 INFO] Sentences processed: 204753
[2024-03-11 10:13:12,541 INFO] Average bsz:  686/ 924/64
[2024-03-11 10:13:12,541 INFO] Validation perplexity: 21441.7
[2024-03-11 10:13:12,541 INFO] Validation accuracy: 16.1945
[2024-03-11 10:13:12,542 INFO] Saving checkpoint gt-pretrain/gt-pretrain_02_step_3200.pt
[2024-03-11 10:13:14,874 INFO] Step 3250/10000; acc: 79.0; ppl:   2.7; xent: 1.0; lr: 1.00000; sents:    3200; bsz:  658/ 924/64; 5546/7791 tok/s;    205 sec;
[2024-03-11 10:13:17,193 INFO] Step 3300/10000; acc: 79.0; ppl:   2.7; xent: 1.0; lr: 1.00000; sents:    3200; bsz:  677/ 939/64; 14600/20250 tok/s;    208 sec;
[2024-03-11 10:13:19,535 INFO] Step 3350/10000; acc: 79.7; ppl:   2.6; xent: 1.0; lr: 1.00000; sents:    3200; bsz:  680/ 922/64; 14511/19680 tok/s;    210 sec;
[2024-03-11 10:13:21,872 INFO] Step 3400/10000; acc: 79.7; ppl:   2.5; xent: 0.9; lr: 1.00000; sents:    3200; bsz:  732/ 995/64; 15669/21289 tok/s;    212 sec;
[2024-03-11 10:13:25,481 INFO] valid stats calculation
                           took: 3.608476400375366 s.
[2024-03-11 10:13:25,481 INFO] Train perplexity: 14.7009
[2024-03-11 10:13:25,481 INFO] Train accuracy: 59.4545
[2024-03-11 10:13:25,481 INFO] Sentences processed: 217553
[2024-03-11 10:13:25,481 INFO] Average bsz:  686/ 926/64
[2024-03-11 10:13:25,481 INFO] Validation perplexity: 18093.1
[2024-03-11 10:13:25,481 INFO] Validation accuracy: 15.9047
[2024-03-11 10:13:25,483 INFO] Saving checkpoint gt-pretrain/gt-pretrain_02_step_3400.pt
[2024-03-11 10:13:28,160 INFO] Step 3450/10000; acc: 79.9; ppl:   2.5; xent: 0.9; lr: 1.00000; sents:    3200; bsz:  748/1017/64; 5947/8089 tok/s;    219 sec;
[2024-03-11 10:13:30,552 INFO] Step 3500/10000; acc: 80.5; ppl:   2.5; xent: 0.9; lr: 1.00000; sents:    3200; bsz:  714/ 940/64; 14919/19644 tok/s;    221 sec;
[2024-03-11 10:13:32,874 INFO] Step 3550/10000; acc: 81.2; ppl:   2.3; xent: 0.8; lr: 1.00000; sents:    3200; bsz:  691/ 922/64; 14884/19851 tok/s;    223 sec;
[2024-03-11 10:13:34,635 INFO] Step 3600/10000; acc: 81.4; ppl:   2.4; xent: 0.9; lr: 1.00000; sents:    3200; bsz:  721/ 964/64; 20466/27372 tok/s;    225 sec;
[2024-03-11 10:13:38,234 INFO] valid stats calculation
                           took: 3.598632335662842 s.
[2024-03-11 10:13:38,234 INFO] Train perplexity: 13.2574
[2024-03-11 10:13:38,234 INFO] Train accuracy: 60.6783
[2024-03-11 10:13:38,234 INFO] Sentences processed: 230353
[2024-03-11 10:13:38,234 INFO] Average bsz:  688/ 927/64
[2024-03-11 10:13:38,234 INFO] Validation perplexity: 36509.2
[2024-03-11 10:13:38,234 INFO] Validation accuracy: 14.7778
[2024-03-11 10:13:38,236 INFO] Saving checkpoint gt-pretrain/gt-pretrain_02_step_3600.pt
[2024-03-11 10:13:40,720 INFO] Step 3650/10000; acc: 80.6; ppl:   2.5; xent: 0.9; lr: 1.00000; sents:    3200; bsz:  713/ 967/64; 5858/7950 tok/s;    231 sec;
[2024-03-11 10:13:43,134 INFO] Step 3700/10000; acc: 81.0; ppl:   2.4; xent: 0.9; lr: 1.00000; sents:    3200; bsz:  711/ 941/64; 14734/19485 tok/s;    234 sec;
[2024-03-11 10:13:45,274 INFO] Step 3750/10000; acc: 81.1; ppl:   2.4; xent: 0.9; lr: 1.00000; sents:    3200; bsz:  672/ 910/64; 15704/21268 tok/s;    236 sec;
[2024-03-11 10:13:46,579 INFO] Step 3800/10000; acc: 81.3; ppl:   2.4; xent: 0.9; lr: 1.00000; sents:    3200; bsz:  614/ 855/64; 23550/32775 tok/s;    237 sec;
[2024-03-11 10:13:50,147 INFO] valid stats calculation
                           took: 3.568474769592285 s.
[2024-03-11 10:13:50,148 INFO] Train perplexity: 12.129
[2024-03-11 10:13:50,148 INFO] Train accuracy: 61.7386
[2024-03-11 10:13:50,148 INFO] Sentences processed: 243153
[2024-03-11 10:13:50,148 INFO] Average bsz:  687/ 927/64
[2024-03-11 10:13:50,148 INFO] Validation perplexity: 53256.6
[2024-03-11 10:13:50,148 INFO] Validation accuracy: 13.0715
[2024-03-11 10:13:50,149 INFO] Saving checkpoint gt-pretrain/gt-pretrain_02_step_3800.pt
[2024-03-11 10:13:52,756 INFO] Step 3850/10000; acc: 81.3; ppl:   2.3; xent: 0.8; lr: 1.00000; sents:    3200; bsz:  750/ 993/64; 6071/8041 tok/s;    243 sec;
[2024-03-11 10:13:54,968 INFO] Step 3900/10000; acc: 82.5; ppl:   2.2; xent: 0.8; lr: 1.00000; sents:    3200; bsz:  664/ 879/64; 15015/19875 tok/s;    245 sec;
[2024-03-11 10:13:56,637 INFO] Step 3950/10000; acc: 82.0; ppl:   2.2; xent: 0.8; lr: 1.00000; sents:    3200; bsz:  710/ 945/64; 21290/28308 tok/s;    247 sec;
[2024-03-11 10:13:57,952 INFO] Step 4000/10000; acc: 82.9; ppl:   2.1; xent: 0.8; lr: 1.00000; sents:    3200; bsz:  666/ 878/64; 25315/33390 tok/s;    248 sec;
[2024-03-11 10:14:01,457 INFO] valid stats calculation
                           took: 3.504922866821289 s.
[2024-03-11 10:14:01,458 INFO] Train perplexity: 11.1501
[2024-03-11 10:14:01,458 INFO] Train accuracy: 62.7548
[2024-03-11 10:14:01,458 INFO] Sentences processed: 255953
[2024-03-11 10:14:01,458 INFO] Average bsz:  688/ 927/64
[2024-03-11 10:14:01,458 INFO] Validation perplexity: 42870.9
[2024-03-11 10:14:01,458 INFO] Validation accuracy: 13.8442
[2024-03-11 10:14:01,459 INFO] Saving checkpoint gt-pretrain/gt-pretrain_02_step_4000.pt
[2024-03-11 10:14:03,975 INFO] Step 4050/10000; acc: 81.3; ppl:   2.4; xent: 0.9; lr: 1.00000; sents:    3200; bsz:  703/ 950/64; 5834/7888 tok/s;    254 sec;
[2024-03-11 10:14:06,166 INFO] Step 4100/10000; acc: 81.3; ppl:   2.3; xent: 0.9; lr: 1.00000; sents:    3200; bsz:  662/ 910/64; 15098/20757 tok/s;    257 sec;
[2024-03-11 10:14:07,389 INFO] Step 4150/10000; acc: 82.3; ppl:   2.2; xent: 0.8; lr: 1.00000; sents:    3200; bsz:  573/ 787/64; 23448/32197 tok/s;    258 sec;
[2024-03-11 10:14:08,743 INFO] Step 4200/10000; acc: 81.8; ppl:   2.3; xent: 0.8; lr: 1.00000; sents:    3200; bsz:  675/ 910/64; 24918/33618 tok/s;    259 sec;
[2024-03-11 10:14:12,256 INFO] valid stats calculation
                           took: 3.5126383304595947 s.
[2024-03-11 10:14:12,256 INFO] Train perplexity: 10.3727
[2024-03-11 10:14:12,256 INFO] Train accuracy: 63.6194
[2024-03-11 10:14:12,256 INFO] Sentences processed: 268753
[2024-03-11 10:14:12,256 INFO] Average bsz:  686/ 925/64
[2024-03-11 10:14:12,256 INFO] Validation perplexity: 34095.6
[2024-03-11 10:14:12,256 INFO] Validation accuracy: 14.9388
[2024-03-11 10:14:12,258 INFO] Saving checkpoint gt-pretrain/gt-pretrain_02_step_4200.pt
[2024-03-11 10:14:14,779 INFO] Step 4250/10000; acc: 82.7; ppl:   2.1; xent: 0.8; lr: 1.00000; sents:    3200; bsz:  692/ 918/64; 5736/7602 tok/s;    265 sec;
[2024-03-11 10:14:16,523 INFO] Step 4300/10000; acc: 82.1; ppl:   2.2; xent: 0.8; lr: 1.00000; sents:    3200; bsz:  716/ 952/64; 20519/27299 tok/s;    267 sec;
[2024-03-11 10:14:17,842 INFO] Step 4350/10000; acc: 82.0; ppl:   2.2; xent: 0.8; lr: 1.00000; sents:    3200; bsz:  628/ 879/64; 23835/33349 tok/s;    268 sec;
[2024-03-11 10:14:19,215 INFO] Step 4400/10000; acc: 81.6; ppl:   2.3; xent: 0.8; lr: 1.00000; sents:    3200; bsz:  636/ 882/64; 23162/32121 tok/s;    270 sec;
[2024-03-11 10:14:22,663 INFO] valid stats calculation
                           took: 3.447693109512329 s.
[2024-03-11 10:14:22,664 INFO] Train perplexity: 9.68093
[2024-03-11 10:14:22,664 INFO] Train accuracy: 64.4448
[2024-03-11 10:14:22,664 INFO] Sentences processed: 281553
[2024-03-11 10:14:22,664 INFO] Average bsz:  685/ 924/64
[2024-03-11 10:14:22,664 INFO] Validation perplexity: 51480.4
[2024-03-11 10:14:22,664 INFO] Validation accuracy: 13.0071
[2024-03-11 10:14:22,665 INFO] Saving checkpoint gt-pretrain/gt-pretrain_02_step_4400.pt
[2024-03-11 10:14:25,130 INFO] Step 4450/10000; acc: 81.5; ppl:   2.3; xent: 0.8; lr: 1.00000; sents:    3200; bsz:  776/1050/64; 6557/8875 tok/s;    276 sec;
[2024-03-11 10:14:26,513 INFO] Step 4500/10000; acc: 83.3; ppl:   2.1; xent: 0.7; lr: 1.00000; sents:    3200; bsz:  696/ 931/64; 25191/33665 tok/s;    277 sec;
[2024-03-11 10:14:27,928 INFO] Step 4550/10000; acc: 81.9; ppl:   2.3; xent: 0.8; lr: 1.00000; sents:    3200; bsz:  663/ 900/64; 23419/31820 tok/s;    278 sec;
[2024-03-11 10:14:30,074 INFO] Step 4600/10000; acc: 82.7; ppl:   2.1; xent: 0.8; lr: 1.00000; sents:    3200; bsz:  748/ 986/64; 17414/22961 tok/s;    280 sec;
[2024-03-11 10:14:33,522 INFO] valid stats calculation
                           took: 3.447384834289551 s.
[2024-03-11 10:14:33,522 INFO] Train perplexity: 9.04871
[2024-03-11 10:14:33,522 INFO] Train accuracy: 65.2562
[2024-03-11 10:14:33,522 INFO] Sentences processed: 294353
[2024-03-11 10:14:33,522 INFO] Average bsz:  687/ 926/64
[2024-03-11 10:14:33,522 INFO] Validation perplexity: 32513.6
[2024-03-11 10:14:33,522 INFO] Validation accuracy: 15.2608
[2024-03-11 10:14:33,524 INFO] Saving checkpoint gt-pretrain/gt-pretrain_02_step_4600.pt
[2024-03-11 10:14:35,139 INFO] Step 4650/10000; acc: 82.9; ppl:   2.1; xent: 0.8; lr: 1.00000; sents:    3200; bsz:  695/ 934/64; 6862/9225 tok/s;    286 sec;
[2024-03-11 10:14:36,571 INFO] Step 4700/10000; acc: 82.5; ppl:   2.2; xent: 0.8; lr: 1.00000; sents:    3200; bsz:  711/ 966/64; 24813/33730 tok/s;    287 sec;
[2024-03-11 10:14:38,338 INFO] Step 4750/10000; acc: 83.4; ppl:   2.0; xent: 0.7; lr: 1.00000; sents:    3200; bsz:  673/ 901/64; 19063/25509 tok/s;    289 sec;
[2024-03-11 10:14:40,548 INFO] Step 4800/10000; acc: 84.1; ppl:   2.0; xent: 0.7; lr: 1.00000; sents:    3200; bsz:  636/ 848/64; 14391/19192 tok/s;    291 sec;
[2024-03-11 10:14:43,957 INFO] valid stats calculation
                           took: 3.408493995666504 s.
[2024-03-11 10:14:43,957 INFO] Train perplexity: 8.52089
[2024-03-11 10:14:43,957 INFO] Train accuracy: 65.9928
[2024-03-11 10:14:43,957 INFO] Sentences processed: 307153
[2024-03-11 10:14:43,958 INFO] Average bsz:  687/ 926/64
[2024-03-11 10:14:43,958 INFO] Validation perplexity: 25054.3
[2024-03-11 10:14:43,958 INFO] Validation accuracy: 15.2286
[2024-03-11 10:14:43,959 INFO] Saving checkpoint gt-pretrain/gt-pretrain_02_step_4800.pt
[2024-03-11 10:14:45,531 INFO] Step 4850/10000; acc: 83.2; ppl:   2.1; xent: 0.8; lr: 1.00000; sents:    3200; bsz:  700/ 930/64; 7025/9331 tok/s;    296 sec;
[2024-03-11 10:14:47,011 INFO] Step 4900/10000; acc: 83.9; ppl:   2.0; xent: 0.7; lr: 1.00000; sents:    3200; bsz:  740/ 968/64; 25004/32704 tok/s;    297 sec;
[2024-03-11 10:14:49,234 INFO] Step 4950/10000; acc: 83.5; ppl:   2.1; xent: 0.7; lr: 1.00000; sents:    3200; bsz:  742/ 974/64; 16705/21912 tok/s;    300 sec;
[2024-03-11 10:14:51,656 INFO] Step 5000/10000; acc: 82.4; ppl:   2.1; xent: 0.8; lr: 1.00000; sents:    3200; bsz:  684/ 940/64; 14112/19409 tok/s;    302 sec;
[2024-03-11 10:14:55,103 INFO] valid stats calculation
                           took: 3.446545124053955 s.
[2024-03-11 10:14:55,103 INFO] Train perplexity: 8.04244
[2024-03-11 10:14:55,103 INFO] Train accuracy: 66.702
[2024-03-11 10:14:55,103 INFO] Sentences processed: 319953
[2024-03-11 10:14:55,103 INFO] Average bsz:  688/ 927/64
[2024-03-11 10:14:55,103 INFO] Validation perplexity: 42299
[2024-03-11 10:14:55,103 INFO] Validation accuracy: 15.0676
[2024-03-11 10:14:55,105 INFO] Saving checkpoint gt-pretrain/gt-pretrain_02_step_5000.pt
[2024-03-11 10:14:56,733 INFO] Step 5050/10000; acc: 83.9; ppl:   2.0; xent: 0.7; lr: 1.00000; sents:    3200; bsz:  756/ 989/64; 7449/9738 tok/s;    307 sec;
[2024-03-11 10:14:58,434 INFO] Step 5100/10000; acc: 84.0; ppl:   2.0; xent: 0.7; lr: 1.00000; sents:    3200; bsz:  672/ 904/64; 19762/26583 tok/s;    309 sec;
[2024-03-11 10:15:00,875 INFO] Step 5150/10000; acc: 83.2; ppl:   2.1; xent: 0.7; lr: 1.00000; sents:    3200; bsz:  728/ 977/64; 14914/20019 tok/s;    311 sec;
[2024-03-11 10:15:03,219 INFO] Step 5200/10000; acc: 82.6; ppl:   2.1; xent: 0.7; lr: 1.00000; sents:    3200; bsz:  682/ 937/64; 14556/19990 tok/s;    314 sec;
[2024-03-11 10:15:06,736 INFO] valid stats calculation
                           took: 3.516735792160034 s.
[2024-03-11 10:15:06,737 INFO] Train perplexity: 7.62048
[2024-03-11 10:15:06,737 INFO] Train accuracy: 67.3613
[2024-03-11 10:15:06,737 INFO] Sentences processed: 332753
[2024-03-11 10:15:06,737 INFO] Average bsz:  689/ 928/64
[2024-03-11 10:15:06,737 INFO] Validation perplexity: 36958.4
[2024-03-11 10:15:06,737 INFO] Validation accuracy: 13.2003
[2024-03-11 10:15:06,739 INFO] Saving checkpoint gt-pretrain/gt-pretrain_02_step_5200.pt
[2024-03-11 10:15:08,345 INFO] Step 5250/10000; acc: 83.9; ppl:   2.0; xent: 0.7; lr: 1.00000; sents:    3200; bsz:  673/ 910/64; 6568/8881 tok/s;    319 sec;
[2024-03-11 10:15:10,621 INFO] Step 5300/10000; acc: 85.0; ppl:   1.9; xent: 0.6; lr: 1.00000; sents:    3200; bsz:  692/ 926/64; 15212/20336 tok/s;    321 sec;
[2024-03-11 10:15:12,989 INFO] Step 5350/10000; acc: 83.3; ppl:   2.0; xent: 0.7; lr: 1.00000; sents:    3200; bsz:  710/ 974/64; 15000/20570 tok/s;    323 sec;
[2024-03-11 10:15:15,301 INFO] Step 5400/10000; acc: 83.2; ppl:   2.0; xent: 0.7; lr: 1.00000; sents:    3200; bsz:  680/ 936/64; 14700/20239 tok/s;    326 sec;
[2024-03-11 10:15:18,880 INFO] valid stats calculation
                           took: 3.5778589248657227 s.
[2024-03-11 10:15:18,880 INFO] Train perplexity: 7.24742
[2024-03-11 10:15:18,880 INFO] Train accuracy: 67.9778
[2024-03-11 10:15:18,880 INFO] Sentences processed: 345553
[2024-03-11 10:15:18,880 INFO] Average bsz:  689/ 928/64
[2024-03-11 10:15:18,880 INFO] Validation perplexity: 40432.1
[2024-03-11 10:15:18,880 INFO] Validation accuracy: 14.1017
[2024-03-11 10:15:18,882 INFO] Saving checkpoint gt-pretrain/gt-pretrain_02_step_5400.pt
[2024-03-11 10:15:20,838 INFO] Step 5450/10000; acc: 83.8; ppl:   2.0; xent: 0.7; lr: 1.00000; sents:    3200; bsz:  675/ 907/64; 6092/8192 tok/s;    331 sec;
[2024-03-11 10:15:23,374 INFO] Step 5500/10000; acc: 83.6; ppl:   2.0; xent: 0.7; lr: 1.00000; sents:    3200; bsz:  749/1015/64; 14762/20011 tok/s;    334 sec;
[2024-03-11 10:15:25,857 INFO] Step 5550/10000; acc: 83.8; ppl:   2.0; xent: 0.7; lr: 1.00000; sents:    3200; bsz:  751/1006/64; 15133/20259 tok/s;    336 sec;
[2024-03-11 10:15:28,217 INFO] Step 5600/10000; acc: 83.3; ppl:   2.1; xent: 0.7; lr: 1.00000; sents:    3200; bsz:  668/ 932/64; 14155/19743 tok/s;    339 sec;
[2024-03-11 10:15:31,827 INFO] valid stats calculation
                           took: 3.609220504760742 s.
[2024-03-11 10:15:31,827 INFO] Train perplexity: 6.9113
[2024-03-11 10:15:31,827 INFO] Train accuracy: 68.5581
[2024-03-11 10:15:31,827 INFO] Sentences processed: 358353
[2024-03-11 10:15:31,827 INFO] Average bsz:  689/ 929/64
[2024-03-11 10:15:31,827 INFO] Validation perplexity: 45425.8
[2024-03-11 10:15:31,827 INFO] Validation accuracy: 13.8764
[2024-03-11 10:15:31,829 INFO] Saving checkpoint gt-pretrain/gt-pretrain_02_step_5600.pt
[2024-03-11 10:15:34,354 INFO] Step 5650/10000; acc: 84.2; ppl:   1.9; xent: 0.7; lr: 1.00000; sents:    3200; bsz:  699/ 961/64; 5695/7833 tok/s;    345 sec;
[2024-03-11 10:15:36,815 INFO] Step 5700/10000; acc: 84.2; ppl:   2.0; xent: 0.7; lr: 1.00000; sents:    3200; bsz:  740/ 973/64; 15039/19770 tok/s;    347 sec;
[2024-03-11 10:15:39,194 INFO] Step 5750/10000; acc: 83.8; ppl:   2.0; xent: 0.7; lr: 1.00000; sents:    3200; bsz:  684/ 949/64; 14369/19945 tok/s;    350 sec;
[2024-03-11 10:15:41,074 INFO] Step 5800/10000; acc: 85.1; ppl:   1.9; xent: 0.6; lr: 1.00000; sents:    3200; bsz:  652/ 884/64; 17324/23518 tok/s;    351 sec;
[2024-03-11 10:15:44,705 INFO] valid stats calculation
                           took: 3.6304330825805664 s.
[2024-03-11 10:15:44,706 INFO] Train perplexity: 6.61161
[2024-03-11 10:15:44,706 INFO] Train accuracy: 69.1087
[2024-03-11 10:15:44,706 INFO] Sentences processed: 371153
[2024-03-11 10:15:44,706 INFO] Average bsz:  690/ 930/64
[2024-03-11 10:15:44,706 INFO] Validation perplexity: 28336.6
[2024-03-11 10:15:44,706 INFO] Validation accuracy: 15.3574
[2024-03-11 10:15:44,707 INFO] Saving checkpoint gt-pretrain/gt-pretrain_02_step_5800.pt
[2024-03-11 10:15:47,300 INFO] Step 5850/10000; acc: 83.8; ppl:   2.0; xent: 0.7; lr: 1.00000; sents:    3200; bsz:  727/ 968/64; 5838/7778 tok/s;    358 sec;
[2024-03-11 10:15:49,583 INFO] Step 5900/10000; acc: 83.9; ppl:   2.0; xent: 0.7; lr: 1.00000; sents:    3200; bsz:  643/ 891/64; 14087/19511 tok/s;    360 sec;
[2024-03-11 10:15:51,828 INFO] Step 5950/10000; acc: 83.9; ppl:   2.0; xent: 0.7; lr: 1.00000; sents:    3200; bsz:  639/ 894/64; 14227/19911 tok/s;    362 sec;
[2024-03-11 10:15:53,485 INFO] Step 6000/10000; acc: 84.1; ppl:   2.0; xent: 0.7; lr: 1.00000; sents:    3200; bsz:  713/ 975/64; 21511/29414 tok/s;    364 sec;
[2024-03-11 10:15:57,141 INFO] valid stats calculation
                           took: 3.6551570892333984 s.
[2024-03-11 10:15:57,141 INFO] Train perplexity: 6.35021
[2024-03-11 10:15:57,141 INFO] Train accuracy: 69.604
[2024-03-11 10:15:57,141 INFO] Sentences processed: 383953
[2024-03-11 10:15:57,141 INFO] Average bsz:  689/ 930/64
[2024-03-11 10:15:57,141 INFO] Validation perplexity: 38114
[2024-03-11 10:15:57,141 INFO] Validation accuracy: 13.651
[2024-03-11 10:15:57,143 INFO] Saving checkpoint gt-pretrain/gt-pretrain_02_step_6000.pt
[2024-03-11 10:15:59,625 INFO] Step 6050/10000; acc: 85.1; ppl:   1.9; xent: 0.6; lr: 1.00000; sents:    3200; bsz:  707/ 933/64; 5754/7601 tok/s;    370 sec;
[2024-03-11 10:16:01,988 INFO] Step 6100/10000; acc: 84.8; ppl:   2.0; xent: 0.7; lr: 1.00000; sents:    3200; bsz:  672/ 904/64; 14229/19144 tok/s;    372 sec;
[2024-03-11 10:16:03,951 INFO] Step 6150/10000; acc: 85.1; ppl:   1.9; xent: 0.6; lr: 1.00000; sents:    3200; bsz:  691/ 947/64; 17588/24105 tok/s;    374 sec;
[2024-03-11 10:16:05,497 INFO] Step 6200/10000; acc: 84.0; ppl:   2.0; xent: 0.7; lr: 1.00000; sents:    3200; bsz:  728/ 989/64; 23573/32021 tok/s;    376 sec;
[2024-03-11 10:16:09,174 INFO] valid stats calculation
                           took: 3.676957607269287 s.
[2024-03-11 10:16:09,175 INFO] Train perplexity: 6.10683
[2024-03-11 10:16:09,175 INFO] Train accuracy: 70.0992
[2024-03-11 10:16:09,175 INFO] Sentences processed: 396753
[2024-03-11 10:16:09,175 INFO] Average bsz:  690/ 930/64
[2024-03-11 10:16:09,175 INFO] Validation perplexity: 37920.5
[2024-03-11 10:16:09,175 INFO] Validation accuracy: 14.8744
[2024-03-11 10:16:09,176 INFO] Saving checkpoint gt-pretrain/gt-pretrain_02_step_6200.pt
[2024-03-11 10:16:11,703 INFO] Step 6250/10000; acc: 85.8; ppl:   1.8; xent: 0.6; lr: 1.00000; sents:    3200; bsz:  682/ 917/64; 5497/7385 tok/s;    382 sec;
[2024-03-11 10:16:13,808 INFO] Step 6300/10000; acc: 85.8; ppl:   1.8; xent: 0.6; lr: 1.00000; sents:    3200; bsz:  632/ 863/64; 15020/20507 tok/s;    384 sec;
[2024-03-11 10:16:15,358 INFO] Step 6350/10000; acc: 85.9; ppl:   1.8; xent: 0.6; lr: 1.00000; sents:    3200; bsz:  732/ 954/64; 23625/30778 tok/s;    386 sec;
[2024-03-11 10:16:16,763 INFO] Step 6400/10000; acc: 85.3; ppl:   1.9; xent: 0.6; lr: 1.00000; sents:    3200; bsz:  674/ 904/64; 23987/32165 tok/s;    387 sec;
[2024-03-11 10:16:20,257 INFO] valid stats calculation
                           took: 3.49371337890625 s.
[2024-03-11 10:16:20,257 INFO] Train perplexity: 5.8847
[2024-03-11 10:16:20,257 INFO] Train accuracy: 70.5766
[2024-03-11 10:16:20,257 INFO] Sentences processed: 409553
[2024-03-11 10:16:20,257 INFO] Average bsz:  689/ 930/64
[2024-03-11 10:16:20,257 INFO] Validation perplexity: 57030.9
[2024-03-11 10:16:20,257 INFO] Validation accuracy: 14.1017
[2024-03-11 10:16:20,259 INFO] Saving checkpoint gt-pretrain/gt-pretrain_02_step_6400.pt
[2024-03-11 10:16:22,735 INFO] Step 6450/10000; acc: 86.2; ppl:   1.8; xent: 0.6; lr: 1.00000; sents:    3200; bsz:  673/ 898/64; 5635/7515 tok/s;    393 sec;
[2024-03-11 10:16:24,411 INFO] Step 6500/10000; acc: 86.4; ppl:   1.8; xent: 0.6; lr: 1.00000; sents:    3200; bsz:  710/ 945/64; 21188/28174 tok/s;    395 sec;
[2024-03-11 10:16:25,739 INFO] Step 6550/10000; acc: 85.7; ppl:   1.8; xent: 0.6; lr: 1.00000; sents:    3200; bsz:  636/ 880/64; 23959/33151 tok/s;    396 sec;
[2024-03-11 10:16:27,440 INFO] Step 6600/10000; acc: 85.1; ppl:   1.8; xent: 0.6; lr: 1.00000; sents:    3200; bsz:  772/1028/64; 22693/30220 tok/s;    398 sec;
[2024-03-11 10:16:30,850 INFO] valid stats calculation
                           took: 3.409024238586426 s.
[2024-03-11 10:16:30,850 INFO] Train perplexity: 5.67431
[2024-03-11 10:16:30,850 INFO] Train accuracy: 71.0426
[2024-03-11 10:16:30,850 INFO] Sentences processed: 422353
[2024-03-11 10:16:30,850 INFO] Average bsz:  690/ 930/64
[2024-03-11 10:16:30,850 INFO] Validation perplexity: 46661.5
[2024-03-11 10:16:30,850 INFO] Validation accuracy: 15.0032
[2024-03-11 10:16:30,852 INFO] Saving checkpoint gt-pretrain/gt-pretrain_02_step_6600.pt
[2024-03-11 10:16:33,173 INFO] Step 6650/10000; acc: 85.8; ppl:   1.8; xent: 0.6; lr: 1.00000; sents:    3200; bsz:  669/ 887/64; 5839/7737 tok/s;    404 sec;
[2024-03-11 10:16:34,484 INFO] Step 6700/10000; acc: 86.1; ppl:   1.8; xent: 0.6; lr: 1.00000; sents:    3200; bsz:  658/ 878/64; 25081/33457 tok/s;    405 sec;
[2024-03-11 10:16:35,904 INFO] Step 6750/10000; acc: 85.5; ppl:   1.8; xent: 0.6; lr: 1.00000; sents:    3200; bsz:  721/ 966/64; 25385/34040 tok/s;    406 sec;
[2024-03-11 10:16:37,787 INFO] Step 6800/10000; acc: 86.0; ppl:   1.8; xent: 0.6; lr: 1.00000; sents:    3200; bsz:  666/ 899/64; 17675/23869 tok/s;    408 sec;
[2024-03-11 10:16:41,244 INFO] valid stats calculation
                           took: 3.4564995765686035 s.
[2024-03-11 10:16:41,245 INFO] Train perplexity: 5.48972
[2024-03-11 10:16:41,245 INFO] Train accuracy: 71.4684
[2024-03-11 10:16:41,245 INFO] Sentences processed: 435153
[2024-03-11 10:16:41,245 INFO] Average bsz:  689/ 929/64
[2024-03-11 10:16:41,245 INFO] Validation perplexity: 56862.3
[2024-03-11 10:16:41,245 INFO] Validation accuracy: 13.7154
[2024-03-11 10:16:41,246 INFO] Saving checkpoint gt-pretrain/gt-pretrain_02_step_6800.pt
[2024-03-11 10:16:43,176 INFO] Step 6850/10000; acc: 85.8; ppl:   1.8; xent: 0.6; lr: 1.00000; sents:    3200; bsz:  659/ 901/64; 6117/8361 tok/s;    414 sec;
[2024-03-11 10:16:44,586 INFO] Step 6900/10000; acc: 86.0; ppl:   1.8; xent: 0.6; lr: 1.00000; sents:    3200; bsz:  698/ 927/64; 24746/32882 tok/s;    415 sec;
[2024-03-11 10:16:45,968 INFO] Step 6950/10000; acc: 86.9; ppl:   1.7; xent: 0.5; lr: 1.00000; sents:    3200; bsz:  673/ 897/64; 24365/32472 tok/s;    416 sec;
[2024-03-11 10:16:48,262 INFO] Step 7000/10000; acc: 86.7; ppl:   1.7; xent: 0.5; lr: 1.00000; sents:    3200; bsz:  653/ 880/64; 14232/19187 tok/s;    419 sec;
[2024-03-11 10:16:51,690 INFO] valid stats calculation
                           took: 3.428478479385376 s.
[2024-03-11 10:16:51,691 INFO] Train perplexity: 5.31827
[2024-03-11 10:16:51,691 INFO] Train accuracy: 71.8807
[2024-03-11 10:16:51,691 INFO] Sentences processed: 447953
[2024-03-11 10:16:51,691 INFO] Average bsz:  689/ 928/64
[2024-03-11 10:16:51,691 INFO] Validation perplexity: 49125.6
[2024-03-11 10:16:51,691 INFO] Validation accuracy: 14.1983
[2024-03-11 10:16:51,692 INFO] Saving checkpoint gt-pretrain/gt-pretrain_02_step_7000.pt
[2024-03-11 10:16:53,267 INFO] Step 7050/10000; acc: 85.7; ppl:   1.8; xent: 0.6; lr: 1.00000; sents:    3200; bsz:  691/ 927/64; 6905/9262 tok/s;    424 sec;
[2024-03-11 10:16:54,698 INFO] Step 7100/10000; acc: 86.6; ppl:   1.8; xent: 0.6; lr: 1.00000; sents:    3200; bsz:  718/ 936/64; 25090/32711 tok/s;    425 sec;
[2024-03-11 10:16:56,354 INFO] Step 7150/10000; acc: 85.6; ppl:   1.9; xent: 0.6; lr: 1.00000; sents:    3200; bsz:  673/ 913/64; 20335/27571 tok/s;    427 sec;
[2024-03-11 10:16:58,712 INFO] Step 7200/10000; acc: 86.1; ppl:   1.8; xent: 0.6; lr: 1.00000; sents:    3200; bsz:  663/ 893/64; 14062/18935 tok/s;    429 sec;
[2024-03-11 10:17:02,303 INFO] valid stats calculation
                           took: 3.590847969055176 s.
[2024-03-11 10:17:02,304 INFO] Train perplexity: 5.16253
[2024-03-11 10:17:02,304 INFO] Train accuracy: 72.2679
[2024-03-11 10:17:02,304 INFO] Sentences processed: 460753
[2024-03-11 10:17:02,304 INFO] Average bsz:  689/ 928/64
[2024-03-11 10:17:02,304 INFO] Validation perplexity: 65342.9
[2024-03-11 10:17:02,304 INFO] Validation accuracy: 14.1339
[2024-03-11 10:17:02,306 INFO] Saving checkpoint gt-pretrain/gt-pretrain_02_step_7200.pt
[2024-03-11 10:17:03,850 INFO] Step 7250/10000; acc: 85.5; ppl:   1.9; xent: 0.6; lr: 1.00000; sents:    3200; bsz:  640/ 866/64; 6229/8426 tok/s;    434 sec;
[2024-03-11 10:17:05,303 INFO] Step 7300/10000; acc: 85.8; ppl:   1.8; xent: 0.6; lr: 1.00000; sents:    3200; bsz:  709/ 960/64; 24399/33028 tok/s;    436 sec;
[2024-03-11 10:17:07,473 INFO] Step 7350/10000; acc: 86.4; ppl:   1.7; xent: 0.5; lr: 1.00000; sents:    3200; bsz:  676/ 925/64; 15577/21320 tok/s;    438 sec;
[2024-03-11 10:17:09,744 INFO] Step 7400/10000; acc: 86.1; ppl:   1.7; xent: 0.6; lr: 1.00000; sents:    3200; bsz:  680/ 912/64; 14968/20086 tok/s;    440 sec;
[2024-03-11 10:17:13,225 INFO] valid stats calculation
                           took: 3.480666399002075 s.
[2024-03-11 10:17:13,225 INFO] Train perplexity: 5.01867
[2024-03-11 10:17:13,225 INFO] Train accuracy: 72.6325
[2024-03-11 10:17:13,225 INFO] Sentences processed: 473553
[2024-03-11 10:17:13,225 INFO] Average bsz:  688/ 928/64
[2024-03-11 10:17:13,225 INFO] Validation perplexity: 59527.9
[2024-03-11 10:17:13,225 INFO] Validation accuracy: 14.3271
[2024-03-11 10:17:13,227 INFO] Saving checkpoint gt-pretrain/gt-pretrain_02_step_7400.pt
[2024-03-11 10:17:14,911 INFO] Step 7450/10000; acc: 85.0; ppl:   1.9; xent: 0.6; lr: 1.00000; sents:    3200; bsz:  742/1006/64; 7181/9733 tok/s;    445 sec;
[2024-03-11 10:17:16,627 INFO] Step 7500/10000; acc: 87.4; ppl:   1.7; xent: 0.5; lr: 1.00000; sents:    3200; bsz:  700/ 912/64; 20403/26564 tok/s;    447 sec;
[2024-03-11 10:17:18,764 INFO] Step 7550/10000; acc: 87.6; ppl:   1.6; xent: 0.5; lr: 1.00000; sents:    3200; bsz:  593/ 822/64; 13870/19232 tok/s;    449 sec;
[2024-03-11 10:17:21,051 INFO] Step 7600/10000; acc: 87.2; ppl:   1.6; xent: 0.5; lr: 1.00000; sents:    3200; bsz:  636/ 874/64; 13912/19112 tok/s;    451 sec;
[2024-03-11 10:17:24,531 INFO] valid stats calculation
                           took: 3.480008125305176 s.
[2024-03-11 10:17:24,531 INFO] Train perplexity: 4.88174
[2024-03-11 10:17:24,531 INFO] Train accuracy: 72.9938
[2024-03-11 10:17:24,532 INFO] Sentences processed: 486353
[2024-03-11 10:17:24,532 INFO] Average bsz:  688/ 927/64
[2024-03-11 10:17:24,532 INFO] Validation perplexity: 68886.6
[2024-03-11 10:17:24,532 INFO] Validation accuracy: 14.7778
[2024-03-11 10:17:24,533 INFO] Saving checkpoint gt-pretrain/gt-pretrain_02_step_7600.pt
[2024-03-11 10:17:26,216 INFO] Step 7650/10000; acc: 86.4; ppl:   1.7; xent: 0.5; lr: 1.00000; sents:    3200; bsz:  735/ 981/64; 7112/9492 tok/s;    457 sec;
[2024-03-11 10:17:28,357 INFO] Step 7700/10000; acc: 86.3; ppl:   1.7; xent: 0.5; lr: 1.00000; sents:    3200; bsz:  717/ 968/64; 16740/22599 tok/s;    459 sec;
[2024-03-11 10:17:30,805 INFO] Step 7750/10000; acc: 86.4; ppl:   1.7; xent: 0.6; lr: 1.00000; sents:    3200; bsz:  668/ 892/64; 13653/18230 tok/s;    461 sec;
[2024-03-11 10:17:33,147 INFO] Step 7800/10000; acc: 88.4; ppl:   1.6; xent: 0.4; lr: 1.00000; sents:    3200; bsz:  717/ 933/64; 15304/19930 tok/s;    464 sec;
[2024-03-11 10:17:36,740 INFO] valid stats calculation
                           took: 3.5931293964385986 s.
[2024-03-11 10:17:36,741 INFO] Train perplexity: 4.74815
[2024-03-11 10:17:36,741 INFO] Train accuracy: 73.3554
[2024-03-11 10:17:36,741 INFO] Sentences processed: 499153
[2024-03-11 10:17:36,741 INFO] Average bsz:  688/ 927/64
[2024-03-11 10:17:36,741 INFO] Validation perplexity: 83493.9
[2024-03-11 10:17:36,741 INFO] Validation accuracy: 14.4881
[2024-03-11 10:17:36,743 INFO] Saving checkpoint gt-pretrain/gt-pretrain_02_step_7800.pt
[2024-03-11 10:17:38,594 INFO] Step 7850/10000; acc: 86.8; ppl:   1.7; xent: 0.5; lr: 1.00000; sents:    3200; bsz:  667/ 908/64; 6122/8338 tok/s;    469 sec;
[2024-03-11 10:17:40,891 INFO] Step 7900/10000; acc: 87.2; ppl:   1.6; xent: 0.5; lr: 1.00000; sents:    3200; bsz:  705/ 947/64; 15353/20611 tok/s;    471 sec;
[2024-03-11 10:17:43,318 INFO] Step 7950/10000; acc: 86.9; ppl:   1.7; xent: 0.5; lr: 1.00000; sents:    3200; bsz:  723/ 970/64; 14903/19993 tok/s;    474 sec;
[2024-03-11 10:17:45,768 INFO] Step 8000/10000; acc: 86.2; ppl:   1.8; xent: 0.6; lr: 1.00000; sents:    3200; bsz:  726/ 971/64; 14824/19808 tok/s;    476 sec;
[2024-03-11 10:17:49,318 INFO] valid stats calculation
                           took: 3.549208164215088 s.
[2024-03-11 10:17:49,318 INFO] Train perplexity: 4.62498
[2024-03-11 10:17:49,318 INFO] Train accuracy: 73.6986
[2024-03-11 10:17:49,318 INFO] Sentences processed: 511953
[2024-03-11 10:17:49,318 INFO] Average bsz:  689/ 928/64
[2024-03-11 10:17:49,318 INFO] Validation perplexity: 62600
[2024-03-11 10:17:49,318 INFO] Validation accuracy: 15.5505
[2024-03-11 10:17:49,320 INFO] Saving checkpoint gt-pretrain/gt-pretrain_02_step_8000.pt
[2024-03-11 10:17:51,517 INFO] Step 8050/10000; acc: 87.5; ppl:   1.6; xent: 0.5; lr: 1.00000; sents:    3200; bsz:  699/ 925/64; 6078/8045 tok/s;    482 sec;
[2024-03-11 10:17:53,819 INFO] Step 8100/10000; acc: 87.3; ppl:   1.6; xent: 0.5; lr: 1.00000; sents:    3200; bsz:  701/ 937/64; 15239/20349 tok/s;    484 sec;
[2024-03-11 10:17:56,242 INFO] Step 8150/10000; acc: 88.4; ppl:   1.6; xent: 0.5; lr: 1.00000; sents:    3200; bsz:  746/ 963/64; 15398/19875 tok/s;    487 sec;
[2024-03-11 10:17:58,464 INFO] Step 8200/10000; acc: 86.0; ppl:   1.8; xent: 0.6; lr: 1.00000; sents:    3200; bsz:  691/ 931/64; 15563/20964 tok/s;    489 sec;
[2024-03-11 10:18:02,086 INFO] valid stats calculation
                           took: 3.6218996047973633 s.
[2024-03-11 10:18:02,086 INFO] Train perplexity: 4.50936
[2024-03-11 10:18:02,086 INFO] Train accuracy: 74.0347
[2024-03-11 10:18:02,086 INFO] Sentences processed: 524753
[2024-03-11 10:18:02,086 INFO] Average bsz:  689/ 928/64
[2024-03-11 10:18:02,087 INFO] Validation perplexity: 83898.8
[2024-03-11 10:18:02,087 INFO] Validation accuracy: 15.4218
[2024-03-11 10:18:02,088 INFO] Saving checkpoint gt-pretrain/gt-pretrain_02_step_8200.pt
[2024-03-11 10:18:04,405 INFO] Step 8250/10000; acc: 86.4; ppl:   1.7; xent: 0.6; lr: 1.00000; sents:    3200; bsz:  605/ 843/64; 5088/7098 tok/s;    495 sec;
[2024-03-11 10:18:06,704 INFO] Step 8300/10000; acc: 88.3; ppl:   1.6; xent: 0.5; lr: 1.00000; sents:    3200; bsz:  691/ 906/64; 15031/19703 tok/s;    497 sec;
[2024-03-11 10:18:09,116 INFO] Step 8350/10000; acc: 87.1; ppl:   1.6; xent: 0.5; lr: 1.00000; sents:    3200; bsz:  722/ 955/64; 14969/19799 tok/s;    500 sec;
[2024-03-11 10:18:11,088 INFO] Step 8400/10000; acc: 87.6; ppl:   1.6; xent: 0.5; lr: 1.00000; sents:    3200; bsz:  722/ 962/64; 18305/24381 tok/s;    501 sec;
[2024-03-11 10:18:14,692 INFO] valid stats calculation
                           took: 3.603898048400879 s.
[2024-03-11 10:18:14,693 INFO] Train perplexity: 4.40336
[2024-03-11 10:18:14,693 INFO] Train accuracy: 74.3482
[2024-03-11 10:18:14,693 INFO] Sentences processed: 537553
[2024-03-11 10:18:14,693 INFO] Average bsz:  689/ 928/64
[2024-03-11 10:18:14,693 INFO] Validation perplexity: 77253.5
[2024-03-11 10:18:14,693 INFO] Validation accuracy: 14.8422
[2024-03-11 10:18:14,695 INFO] Saving checkpoint gt-pretrain/gt-pretrain_02_step_8400.pt
[2024-03-11 10:18:17,326 INFO] Step 8450/10000; acc: 87.0; ppl:   1.6; xent: 0.5; lr: 1.00000; sents:    3200; bsz:  744/1010/64; 5961/8096 tok/s;    508 sec;
[2024-03-11 10:18:19,712 INFO] Step 8500/10000; acc: 86.5; ppl:   1.7; xent: 0.5; lr: 1.00000; sents:    3200; bsz:  714/ 975/64; 14969/20434 tok/s;    510 sec;
[2024-03-11 10:18:22,080 INFO] Step 8550/10000; acc: 87.4; ppl:   1.6; xent: 0.5; lr: 1.00000; sents:    3200; bsz:  704/ 942/64; 14871/19900 tok/s;    512 sec;
[2024-03-11 10:18:23,488 INFO] Step 8600/10000; acc: 87.6; ppl:   1.6; xent: 0.5; lr: 1.00000; sents:    3200; bsz:  726/ 953/64; 25770/33848 tok/s;    514 sec;
[2024-03-11 10:18:27,000 INFO] valid stats calculation
                           took: 3.5113167762756348 s.
[2024-03-11 10:18:27,000 INFO] Train perplexity: 4.29925
[2024-03-11 10:18:27,000 INFO] Train accuracy: 74.6588
[2024-03-11 10:18:27,000 INFO] Sentences processed: 550353
[2024-03-11 10:18:27,000 INFO] Average bsz:  690/ 929/64
[2024-03-11 10:18:27,000 INFO] Validation perplexity: 102814
[2024-03-11 10:18:27,001 INFO] Validation accuracy: 13.812
[2024-03-11 10:18:27,002 INFO] Saving checkpoint gt-pretrain/gt-pretrain_02_step_8600.pt
[2024-03-11 10:18:29,487 INFO] Step 8650/10000; acc: 88.5; ppl:   1.5; xent: 0.4; lr: 1.00000; sents:    3200; bsz:  662/ 887/64; 5516/7393 tok/s;    520 sec;
[2024-03-11 10:18:31,828 INFO] Step 8700/10000; acc: 87.8; ppl:   1.6; xent: 0.5; lr: 1.00000; sents:    3200; bsz:  661/ 898/64; 14117/19176 tok/s;    522 sec;
[2024-03-11 10:18:33,753 INFO] Step 8750/10000; acc: 87.7; ppl:   1.6; xent: 0.5; lr: 1.00000; sents:    3200; bsz:  637/ 882/64; 16560/22905 tok/s;    524 sec;
[2024-03-11 10:18:35,058 INFO] Step 8800/10000; acc: 88.1; ppl:   1.6; xent: 0.5; lr: 1.00000; sents:    3200; bsz:  655/ 877/64; 25127/33629 tok/s;    525 sec;
[2024-03-11 10:18:38,705 INFO] valid stats calculation
                           took: 3.647045135498047 s.
[2024-03-11 10:18:38,705 INFO] Train perplexity: 4.20761
[2024-03-11 10:18:38,705 INFO] Train accuracy: 74.9489
[2024-03-11 10:18:38,706 INFO] Sentences processed: 563153
[2024-03-11 10:18:38,706 INFO] Average bsz:  689/ 928/64
[2024-03-11 10:18:38,706 INFO] Validation perplexity: 104374
[2024-03-11 10:18:38,706 INFO] Validation accuracy: 14.4237
[2024-03-11 10:18:38,707 INFO] Saving checkpoint gt-pretrain/gt-pretrain_02_step_8800.pt
[2024-03-11 10:18:40,200 INFO] Step 8850/10000; acc: 88.1; ppl:   1.6; xent: 0.5; lr: 1.00000; sents:    3200; bsz:  631/ 869/64; 6136/8453 tok/s;    531 sec;
[2024-03-11 10:18:41,623 INFO] Step 8900/10000; acc: 86.7; ppl:   1.7; xent: 0.5; lr: 1.00000; sents:    3200; bsz:  686/ 942/64; 24103/33097 tok/s;    532 sec;
[2024-03-11 10:18:43,005 INFO] Step 8950/10000; acc: 88.0; ppl:   1.6; xent: 0.5; lr: 1.00000; sents:    3200; bsz:  664/ 901/64; 24045/32618 tok/s;    533 sec;
[2024-03-11 10:18:44,462 INFO] Step 9000/10000; acc: 87.3; ppl:   1.7; xent: 0.5; lr: 1.00000; sents:    3200; bsz:  738/ 977/64; 25331/33550 tok/s;    535 sec;
[2024-03-11 10:18:48,031 INFO] valid stats calculation
                           took: 3.568899393081665 s.
[2024-03-11 10:18:48,032 INFO] Train perplexity: 4.12016
[2024-03-11 10:18:48,032 INFO] Train accuracy: 75.2264
[2024-03-11 10:18:48,032 INFO] Sentences processed: 575953
[2024-03-11 10:18:48,032 INFO] Average bsz:  689/ 928/64
[2024-03-11 10:18:48,032 INFO] Validation perplexity: 91316.9
[2024-03-11 10:18:48,032 INFO] Validation accuracy: 13.1681
[2024-03-11 10:18:48,033 INFO] Saving checkpoint gt-pretrain/gt-pretrain_02_step_9000.pt
[2024-03-11 10:18:49,578 INFO] Step 9050/10000; acc: 87.6; ppl:   1.6; xent: 0.5; lr: 1.00000; sents:    3200; bsz:  699/ 948/64; 6830/9261 tok/s;    540 sec;
[2024-03-11 10:18:50,808 INFO] Step 9100/10000; acc: 87.4; ppl:   1.6; xent: 0.5; lr: 1.00000; sents:    3200; bsz:  607/ 823/64; 24680/33489 tok/s;    541 sec;
[2024-03-11 10:18:52,154 INFO] Step 9150/10000; acc: 86.6; ppl:   1.7; xent: 0.6; lr: 1.00000; sents:    3200; bsz:  659/ 920/64; 24486/34175 tok/s;    543 sec;
[2024-03-11 10:18:53,510 INFO] Step 9200/10000; acc: 87.3; ppl:   1.6; xent: 0.5; lr: 1.00000; sents:    3200; bsz:  675/ 931/64; 24872/34324 tok/s;    544 sec;
[2024-03-11 10:18:57,047 INFO] valid stats calculation
                           took: 3.535867214202881 s.
[2024-03-11 10:18:57,047 INFO] Train perplexity: 4.04083
[2024-03-11 10:18:57,047 INFO] Train accuracy: 75.4812
[2024-03-11 10:18:57,047 INFO] Sentences processed: 588753
[2024-03-11 10:18:57,047 INFO] Average bsz:  688/ 927/64
[2024-03-11 10:18:57,047 INFO] Validation perplexity: 70026
[2024-03-11 10:18:57,047 INFO] Validation accuracy: 15.9691
[2024-03-11 10:18:57,049 INFO] Saving checkpoint gt-pretrain/gt-pretrain_02_step_9200.pt
[2024-03-11 10:18:58,710 INFO] Step 9250/10000; acc: 88.0; ppl:   1.6; xent: 0.5; lr: 1.00000; sents:    3200; bsz:  707/ 951/64; 6795/9146 tok/s;    549 sec;
[2024-03-11 10:19:00,901 INFO] Step 9300/10000; acc: 88.3; ppl:   1.6; xent: 0.5; lr: 1.00000; sents:    3200; bsz:  662/ 888/64; 15115/20266 tok/s;    551 sec;
[2024-03-11 10:19:02,962 INFO] Step 9350/10000; acc: 87.7; ppl:   1.6; xent: 0.5; lr: 1.00000; sents:    3200; bsz:  613/ 835/64; 14861/20248 tok/s;    553 sec;
[2024-03-11 10:19:05,429 INFO] Step 9400/10000; acc: 86.6; ppl:   1.8; xent: 0.6; lr: 1.00000; sents:    3200; bsz:  745/ 997/64; 15097/20226 tok/s;    556 sec;
[2024-03-11 10:19:09,005 INFO] valid stats calculation
                           took: 3.5765433311462402 s.
[2024-03-11 10:19:09,006 INFO] Train perplexity: 3.96575
[2024-03-11 10:19:09,006 INFO] Train accuracy: 75.7363
[2024-03-11 10:19:09,006 INFO] Sentences processed: 601553
[2024-03-11 10:19:09,006 INFO] Average bsz:  688/ 927/64
[2024-03-11 10:19:09,006 INFO] Validation perplexity: 58089.2
[2024-03-11 10:19:09,006 INFO] Validation accuracy: 14.1339
[2024-03-11 10:19:09,007 INFO] Saving checkpoint gt-pretrain/gt-pretrain_02_step_9400.pt
[2024-03-11 10:19:11,086 INFO] Step 9450/10000; acc: 87.5; ppl:   1.6; xent: 0.5; lr: 1.00000; sents:    3200; bsz:  731/ 989/64; 6458/8741 tok/s;    561 sec;
[2024-03-11 10:19:13,428 INFO] Step 9500/10000; acc: 87.0; ppl:   1.7; xent: 0.5; lr: 1.00000; sents:    3200; bsz:  668/ 910/64; 14265/19436 tok/s;    564 sec;
[2024-03-11 10:19:15,733 INFO] Step 9550/10000; acc: 85.9; ppl:   1.9; xent: 0.6; lr: 1.00000; sents:    3153; bsz:  633/ 872/63; 13728/18916 tok/s;    566 sec;
[2024-03-11 10:19:18,032 INFO] Step 9600/10000; acc: 87.3; ppl:   1.6; xent: 0.5; lr: 1.00000; sents:    3200; bsz:  680/ 927/64; 14786/20160 tok/s;    568 sec;
[2024-03-11 10:19:21,591 INFO] valid stats calculation
                           took: 3.558171272277832 s.
[2024-03-11 10:19:21,591 INFO] Train perplexity: 3.89631
[2024-03-11 10:19:21,591 INFO] Train accuracy: 75.969
[2024-03-11 10:19:21,591 INFO] Sentences processed: 614306
[2024-03-11 10:19:21,591 INFO] Average bsz:  688/ 927/64
[2024-03-11 10:19:21,591 INFO] Validation perplexity: 69405.2
[2024-03-11 10:19:21,591 INFO] Validation accuracy: 15.6793
[2024-03-11 10:19:21,593 INFO] Saving checkpoint gt-pretrain/gt-pretrain_02_step_9600.pt
[2024-03-11 10:19:23,949 INFO] Step 9650/10000; acc: 88.0; ppl:   1.6; xent: 0.5; lr: 1.00000; sents:    3200; bsz:  714/ 950/64; 6035/8031 tok/s;    574 sec;
[2024-03-11 10:19:26,487 INFO] Step 9700/10000; acc: 86.9; ppl:   1.6; xent: 0.5; lr: 1.00000; sents:    3200; bsz:  778/1052/64; 15339/20738 tok/s;    577 sec;
[2024-03-11 10:19:28,929 INFO] Step 9750/10000; acc: 87.3; ppl:   1.6; xent: 0.5; lr: 1.00000; sents:    3200; bsz:  726/ 991/64; 14859/20284 tok/s;    579 sec;
[2024-03-11 10:19:31,168 INFO] Step 9800/10000; acc: 87.6; ppl:   1.6; xent: 0.5; lr: 1.00000; sents:    3200; bsz:  722/ 987/64; 16138/22042 tok/s;    582 sec;
[2024-03-11 10:19:34,778 INFO] valid stats calculation
                           took: 3.6093955039978027 s.
[2024-03-11 10:19:34,778 INFO] Train perplexity: 3.82223
[2024-03-11 10:19:34,778 INFO] Train accuracy: 76.22
[2024-03-11 10:19:34,778 INFO] Sentences processed: 627106
[2024-03-11 10:19:34,778 INFO] Average bsz:  689/ 929/64
[2024-03-11 10:19:34,778 INFO] Validation perplexity: 89076.5
[2024-03-11 10:19:34,778 INFO] Validation accuracy: 14.2305
[2024-03-11 10:19:34,780 INFO] Saving checkpoint gt-pretrain/gt-pretrain_02_step_9800.pt
[2024-03-11 10:19:37,286 INFO] Step 9850/10000; acc: 88.0; ppl:   1.6; xent: 0.5; lr: 1.00000; sents:    3200; bsz:  682/ 924/64; 5575/7552 tok/s;    588 sec;
[2024-03-11 10:19:39,633 INFO] Step 9900/10000; acc: 87.8; ppl:   1.6; xent: 0.5; lr: 1.00000; sents:    3200; bsz:  708/ 957/64; 15082/20381 tok/s;    590 sec;
[2024-03-11 10:19:41,932 INFO] Step 9950/10000; acc: 88.0; ppl:   1.6; xent: 0.5; lr: 1.00000; sents:    3200; bsz:  664/ 904/64; 14434/19660 tok/s;    592 sec;
[2024-03-11 10:19:43,697 INFO] Step 10000/10000; acc: 89.1; ppl:   1.5; xent: 0.4; lr: 1.00000; sents:    3200; bsz:  668/ 891/64; 18929/25231 tok/s;    594 sec;
[2024-03-11 10:19:47,282 INFO] valid stats calculation
                           took: 3.58429217338562 s.
[2024-03-11 10:19:47,282 INFO] Train perplexity: 3.75579
[2024-03-11 10:19:47,282 INFO] Train accuracy: 76.4576
[2024-03-11 10:19:47,282 INFO] Sentences processed: 639906
[2024-03-11 10:19:47,283 INFO] Average bsz:  689/ 928/64
[2024-03-11 10:19:47,283 INFO] Validation perplexity: 108748
[2024-03-11 10:19:47,283 INFO] Validation accuracy: 14.5203
[2024-03-11 10:19:47,284 INFO] Saving checkpoint gt-pretrain/gt-pretrain_02_step_10000.pt
