[2024-03-13 10:19:13,290 WARNING] Corpus corpus_1's weight should be given. We default it to 1 for you.
[2024-03-13 10:19:13,291 INFO] Parsed 2 corpora from -data.
[2024-03-13 10:19:13,291 INFO] Loading checkpoint from gt-pt-both/models/gt-pt-both_03_step_9000.pt
[2024-03-13 10:19:13,366 INFO] Building model...
[2024-03-13 10:19:13,421 INFO] Switching model to float32 for amp/apex_amp
[2024-03-13 10:19:13,421 INFO] Non quantized layer compute is fp32
[2024-03-13 10:19:15,259 INFO] NMTModel(
  (encoder): RNNEncoder(
    (embeddings): Embeddings(
      (make_embedding): Sequential(
        (emb_luts): Elementwise(
          (0): Embedding(14144, 300, padding_idx=1)
        )
      )
      (dropout): Dropout(p=0.3, inplace=False)
    )
    (rnn): LSTM(300, 500, num_layers=2, batch_first=True, dropout=0.3)
  )
  (decoder): InputFeedRNNDecoder(
    (embeddings): Embeddings(
      (make_embedding): Sequential(
        (emb_luts): Elementwise(
          (0): Embedding(17816, 300, padding_idx=1)
        )
      )
      (dropout): Dropout(p=0.3, inplace=False)
    )
    (dropout): Dropout(p=0.3, inplace=False)
    (rnn): StackedLSTM(
      (dropout): Dropout(p=0.3, inplace=False)
      (layers): ModuleList(
        (0): LSTMCell(800, 500)
        (1): LSTMCell(500, 500)
      )
    )
    (attn): GlobalAttention(
      (linear_in): Linear(in_features=500, out_features=500, bias=False)
      (linear_out): Linear(in_features=1000, out_features=500, bias=False)
    )
  )
  (generator): Linear(in_features=500, out_features=17816, bias=True)
)
[2024-03-13 10:19:15,260 INFO] encoder: 7851200
[2024-03-13 10:19:15,260 INFO] decoder: 19628616
[2024-03-13 10:19:15,260 INFO] * number of parameters: 27479816
[2024-03-13 10:19:15,260 INFO] Trainable parameters = {'torch.float32': 27479816, 'torch.float16': 0, 'torch.uint8': 0, 'torch.int8': 0}
[2024-03-13 10:19:15,260 INFO] Non trainable parameters = {'torch.float32': 0, 'torch.float16': 0, 'torch.uint8': 0, 'torch.int8': 0}
[2024-03-13 10:19:15,260 INFO]  * src vocab size = 14144
[2024-03-13 10:19:15,260 INFO]  * tgt vocab size = 17816
[2024-03-13 10:19:15,262 INFO] Starting training on GPU: [0]
[2024-03-13 10:19:15,262 INFO] Start training loop and validate every 200 steps...
[2024-03-13 10:19:15,262 INFO] Scoring with: TransformPipe(InferFeatsTransform())
[2024-03-13 10:19:22,498 INFO] Step 9050/14000; acc: 21.5; ppl: 337.7; xent: 5.8; lr: 1.00000; sents:    2393; bsz:  448/ 625/48; 3098/4319 tok/s;      7 sec;
[2024-03-13 10:19:26,320 INFO] Step 9100/14000; acc: 30.1; ppl:  70.1; xent: 4.3; lr: 1.00000; sents:    2296; bsz:  469/ 627/46; 6133/8202 tok/s;     11 sec;
[2024-03-13 10:19:29,761 INFO] Step 9150/14000; acc: 37.5; ppl:  34.6; xent: 3.5; lr: 1.00000; sents:    2391; bsz:  443/ 619/48; 6442/8997 tok/s;     14 sec;
[2024-03-13 10:19:32,352 INFO] Step 9200/14000; acc: 42.9; ppl:  21.5; xent: 3.1; lr: 1.00000; sents:    2391; bsz:  439/ 616/48; 8471/11891 tok/s;     17 sec;
[2024-03-13 10:19:35,820 INFO] valid stats calculation
                           took: 3.4673006534576416 s.
[2024-03-13 10:19:35,820 INFO] Train perplexity: 65.1141
[2024-03-13 10:19:35,820 INFO] Train accuracy: 32.9273
[2024-03-13 10:19:35,820 INFO] Sentences processed: 9471
[2024-03-13 10:19:35,820 INFO] Average bsz:  450/ 622/47
[2024-03-13 10:19:35,820 INFO] Validation perplexity: 59.4787
[2024-03-13 10:19:35,820 INFO] Validation accuracy: 32.4211
[2024-03-13 10:19:35,822 INFO] Saving checkpoint gt-ft-both/gt-ft-both_9000_03_step_9200.pt
[2024-03-13 10:19:39,776 INFO] Step 9250/14000; acc: 44.3; ppl:  18.1; xent: 2.9; lr: 1.00000; sents:    2280; bsz:  461/ 617/46; 3102/4152 tok/s;     25 sec;
[2024-03-13 10:19:43,466 INFO] Step 9300/14000; acc: 50.1; ppl:  11.8; xent: 2.5; lr: 1.00000; sents:    2400; bsz:  442/ 620/48; 5984/8404 tok/s;     28 sec;
[2024-03-13 10:19:46,755 INFO] Step 9350/14000; acc: 53.2; ppl:   9.5; xent: 2.3; lr: 1.00000; sents:    2405; bsz:  447/ 621/48; 6794/9449 tok/s;     31 sec;
[2024-03-13 10:19:49,246 INFO] Step 9400/14000; acc: 55.1; ppl:   8.1; xent: 2.1; lr: 1.00000; sents:    2303; bsz:  446/ 610/46; 8947/12238 tok/s;     34 sec;
[2024-03-13 10:19:52,689 INFO] valid stats calculation
                           took: 3.4423844814300537 s.
[2024-03-13 10:19:52,689 INFO] Train perplexity: 27.2301
[2024-03-13 10:19:52,689 INFO] Train accuracy: 41.7611
[2024-03-13 10:19:52,689 INFO] Sentences processed: 18859
[2024-03-13 10:19:52,689 INFO] Average bsz:  449/ 619/47
[2024-03-13 10:19:52,689 INFO] Validation perplexity: 56.9766
[2024-03-13 10:19:52,689 INFO] Validation accuracy: 37.2827
[2024-03-13 10:19:52,691 INFO] Saving checkpoint gt-ft-both/gt-ft-both_9000_03_step_9400.pt
[2024-03-13 10:19:56,488 INFO] Step 9450/14000; acc: 57.2; ppl:   6.9; xent: 1.9; lr: 1.00000; sents:    2404; bsz:  464/ 638/48; 3204/4402 tok/s;     41 sec;
[2024-03-13 10:20:00,189 INFO] Step 9500/14000; acc: 60.6; ppl:   5.6; xent: 1.7; lr: 1.00000; sents:    2288; bsz:  436/ 601/46; 5896/8118 tok/s;     45 sec;
[2024-03-13 10:20:03,151 INFO] Step 9550/14000; acc: 63.2; ppl:   4.8; xent: 1.6; lr: 1.00000; sents:    2507; bsz:  462/ 645/50; 7792/10889 tok/s;     48 sec;
[2024-03-13 10:20:05,874 INFO] Step 9600/14000; acc: 64.7; ppl:   4.4; xent: 1.5; lr: 1.00000; sents:    2281; bsz:  437/ 600/46; 8023/11024 tok/s;     51 sec;
[2024-03-13 10:20:09,319 INFO] valid stats calculation
                           took: 3.444441318511963 s.
[2024-03-13 10:20:09,319 INFO] Train perplexity: 15.8334
[2024-03-13 10:20:09,319 INFO] Train accuracy: 48.3228
[2024-03-13 10:20:09,319 INFO] Sentences processed: 28339
[2024-03-13 10:20:09,319 INFO] Average bsz:  449/ 620/47
[2024-03-13 10:20:09,319 INFO] Validation perplexity: 71.8074
[2024-03-13 10:20:09,319 INFO] Validation accuracy: 39.7296
[2024-03-13 10:20:09,320 INFO] Saving checkpoint gt-ft-both/gt-ft-both_9000_03_step_9600.pt
[2024-03-13 10:20:13,226 INFO] Step 9650/14000; acc: 66.4; ppl:   4.0; xent: 1.4; lr: 1.00000; sents:    2297; bsz:  449/ 614/46; 3057/4178 tok/s;     58 sec;
[2024-03-13 10:20:16,984 INFO] Step 9700/14000; acc: 69.0; ppl:   3.5; xent: 1.2; lr: 1.00000; sents:    2391; bsz:  451/ 623/48; 5997/8294 tok/s;     62 sec;
[2024-03-13 10:20:20,048 INFO] Step 9750/14000; acc: 70.8; ppl:   3.2; xent: 1.2; lr: 1.00000; sents:    2391; bsz:  469/ 636/48; 7651/10376 tok/s;     65 sec;
[2024-03-13 10:20:22,987 INFO] Step 9800/14000; acc: 73.0; ppl:   2.8; xent: 1.0; lr: 1.00000; sents:    2391; bsz:  440/ 613/48; 7487/10437 tok/s;     68 sec;
[2024-03-13 10:20:26,458 INFO] valid stats calculation
                           took: 3.4710819721221924 s.
[2024-03-13 10:20:26,459 INFO] Train perplexity: 10.7215
[2024-03-13 10:20:26,459 INFO] Train accuracy: 53.708
[2024-03-13 10:20:26,459 INFO] Sentences processed: 37809
[2024-03-13 10:20:26,459 INFO] Average bsz:  450/ 620/47
[2024-03-13 10:20:26,459 INFO] Validation perplexity: 74.1142
[2024-03-13 10:20:26,459 INFO] Validation accuracy: 41.2428
[2024-03-13 10:20:26,460 INFO] Saving checkpoint gt-ft-both/gt-ft-both_9000_03_step_9800.pt
[2024-03-13 10:20:30,258 INFO] Step 9850/14000; acc: 74.1; ppl:   2.7; xent: 1.0; lr: 1.00000; sents:    2299; bsz:  442/ 606/46; 3038/4165 tok/s;     75 sec;
[2024-03-13 10:20:33,997 INFO] Step 9900/14000; acc: 75.5; ppl:   2.5; xent: 0.9; lr: 1.00000; sents:    2399; bsz:  454/ 628/48; 6072/8394 tok/s;     79 sec;
[2024-03-13 10:20:36,642 INFO] Step 9950/14000; acc: 77.1; ppl:   2.3; xent: 0.9; lr: 1.00000; sents:    2401; bsz:  445/ 620/48; 8407/11717 tok/s;     81 sec;
[2024-03-13 10:20:39,744 INFO] Step 10000/14000; acc: 77.3; ppl:   2.3; xent: 0.8; lr: 1.00000; sents:    2305; bsz:  463/ 623/46; 7463/10042 tok/s;     84 sec;
[2024-03-13 10:20:43,225 INFO] valid stats calculation
                           took: 3.4809114933013916 s.
[2024-03-13 10:20:43,226 INFO] Train perplexity: 7.98411
[2024-03-13 10:20:43,226 INFO] Train accuracy: 58.1674
[2024-03-13 10:20:43,226 INFO] Sentences processed: 47213
[2024-03-13 10:20:43,226 INFO] Average bsz:  450/ 620/47
[2024-03-13 10:20:43,226 INFO] Validation perplexity: 76.8753
[2024-03-13 10:20:43,226 INFO] Validation accuracy: 39.9549
[2024-03-13 10:20:43,227 INFO] Saving checkpoint gt-ft-both/gt-ft-both_9000_03_step_10000.pt
[2024-03-13 10:20:47,045 INFO] Step 10050/14000; acc: 80.0; ppl:   2.1; xent: 0.7; lr: 1.00000; sents:    2401; bsz:  443/ 618/48; 3033/4235 tok/s;     92 sec;
[2024-03-13 10:20:50,648 INFO] Step 10100/14000; acc: 80.7; ppl:   2.0; xent: 0.7; lr: 1.00000; sents:    2303; bsz:  443/ 610/46; 6152/8471 tok/s;     95 sec;
[2024-03-13 10:20:53,125 INFO] Step 10150/14000; acc: 82.0; ppl:   1.9; xent: 0.6; lr: 1.00000; sents:    2395; bsz:  453/ 629/48; 9139/12687 tok/s;     98 sec;
[2024-03-13 10:20:56,480 INFO] Step 10200/14000; acc: 83.1; ppl:   1.8; xent: 0.6; lr: 1.00000; sents:    2393; bsz:  444/ 616/48; 6611/9189 tok/s;    101 sec;
[2024-03-13 10:20:59,990 INFO] valid stats calculation
                           took: 3.5094306468963623 s.
[2024-03-13 10:20:59,990 INFO] Train perplexity: 6.31213
[2024-03-13 10:20:59,990 INFO] Train accuracy: 62.0373
[2024-03-13 10:20:59,990 INFO] Sentences processed: 56705
[2024-03-13 10:20:59,990 INFO] Average bsz:  449/ 620/47
[2024-03-13 10:20:59,990 INFO] Validation perplexity: 99.2468
[2024-03-13 10:20:59,990 INFO] Validation accuracy: 39.3432
[2024-03-13 10:20:59,992 INFO] Saving checkpoint gt-ft-both/gt-ft-both_9000_03_step_10200.pt
[2024-03-13 10:21:03,878 INFO] Step 10250/14000; acc: 83.7; ppl:   1.8; xent: 0.6; lr: 1.00000; sents:    2296; bsz:  447/ 610/46; 3021/4125 tok/s;    109 sec;
[2024-03-13 10:21:07,316 INFO] Step 10300/14000; acc: 84.7; ppl:   1.7; xent: 0.5; lr: 1.00000; sents:    2391; bsz:  460/ 636/48; 6691/9252 tok/s;    112 sec;
[2024-03-13 10:21:09,815 INFO] Step 10350/14000; acc: 85.7; ppl:   1.6; xent: 0.5; lr: 1.00000; sents:    2391; bsz:  444/ 618/48; 8884/12364 tok/s;    115 sec;
[2024-03-13 10:21:13,563 INFO] Step 10400/14000; acc: 86.1; ppl:   1.6; xent: 0.5; lr: 1.00000; sents:    2391; bsz:  454/ 630/48; 6060/8406 tok/s;    118 sec;
[2024-03-13 10:21:17,005 INFO] valid stats calculation
                           took: 3.4413156509399414 s.
[2024-03-13 10:21:17,005 INFO] Train perplexity: 5.22444
[2024-03-13 10:21:17,005 INFO] Train accuracy: 65.3434
[2024-03-13 10:21:17,005 INFO] Sentences processed: 66174
[2024-03-13 10:21:17,005 INFO] Average bsz:  450/ 620/47
[2024-03-13 10:21:17,005 INFO] Validation perplexity: 93.741
[2024-03-13 10:21:17,006 INFO] Validation accuracy: 41.6935
[2024-03-13 10:21:17,007 INFO] Saving checkpoint gt-ft-both/gt-ft-both_9000_03_step_10400.pt
[2024-03-13 10:21:20,874 INFO] Step 10450/14000; acc: 86.7; ppl:   1.6; xent: 0.5; lr: 1.00000; sents:    2303; bsz:  444/ 613/46; 3034/4191 tok/s;    126 sec;
[2024-03-13 10:21:24,005 INFO] Step 10500/14000; acc: 87.6; ppl:   1.5; xent: 0.4; lr: 1.00000; sents:    2399; bsz:  444/ 617/48; 7082/9853 tok/s;    129 sec;
[2024-03-13 10:21:26,685 INFO] Step 10550/14000; acc: 88.0; ppl:   1.5; xent: 0.4; lr: 1.00000; sents:    2401; bsz:  459/ 633/48; 8566/11819 tok/s;    131 sec;
[2024-03-13 10:21:30,521 INFO] Step 10600/14000; acc: 88.7; ppl:   1.5; xent: 0.4; lr: 1.00000; sents:    2307; bsz:  432/ 596/46; 5627/7767 tok/s;    135 sec;
[2024-03-13 10:21:34,022 INFO] valid stats calculation
                           took: 3.500215530395508 s.
[2024-03-13 10:21:34,022 INFO] Train perplexity: 4.48389
[2024-03-13 10:21:34,022 INFO] Train accuracy: 68.119
[2024-03-13 10:21:34,022 INFO] Sentences processed: 75584
[2024-03-13 10:21:34,022 INFO] Average bsz:  449/ 620/47
[2024-03-13 10:21:34,022 INFO] Validation perplexity: 124.855
[2024-03-13 10:21:34,022 INFO] Validation accuracy: 40.8564
[2024-03-13 10:21:34,024 INFO] Saving checkpoint gt-ft-both/gt-ft-both_9000_03_step_10600.pt
[2024-03-13 10:21:37,858 INFO] Step 10650/14000; acc: 89.3; ppl:   1.5; xent: 0.4; lr: 1.00000; sents:    2400; bsz:  455/ 629/48; 3102/4290 tok/s;    143 sec;
[2024-03-13 10:21:40,719 INFO] Step 10700/14000; acc: 89.5; ppl:   1.4; xent: 0.4; lr: 1.00000; sents:    2303; bsz:  446/ 610/46; 7790/10654 tok/s;    145 sec;
[2024-03-13 10:21:43,595 INFO] Step 10750/14000; acc: 89.5; ppl:   1.4; xent: 0.4; lr: 1.00000; sents:    2394; bsz:  469/ 639/48; 8149/11109 tok/s;    148 sec;
[2024-03-13 10:21:47,267 INFO] Step 10800/14000; acc: 90.7; ppl:   1.4; xent: 0.3; lr: 1.00000; sents:    2393; bsz:  447/ 624/48; 6093/8502 tok/s;    152 sec;
[2024-03-13 10:21:50,712 INFO] valid stats calculation
                           took: 3.4449591636657715 s.
[2024-03-13 10:21:50,713 INFO] Train perplexity: 3.94219
[2024-03-13 10:21:50,713 INFO] Train accuracy: 70.5427
[2024-03-13 10:21:50,713 INFO] Sentences processed: 85074
[2024-03-13 10:21:50,713 INFO] Average bsz:  450/ 620/47
[2024-03-13 10:21:50,713 INFO] Validation perplexity: 143.343
[2024-03-13 10:21:50,713 INFO] Validation accuracy: 41.5647
[2024-03-13 10:21:50,714 INFO] Saving checkpoint gt-ft-both/gt-ft-both_9000_03_step_10800.pt
[2024-03-13 10:21:54,536 INFO] Step 10850/14000; acc: 90.5; ppl:   1.4; xent: 0.3; lr: 1.00000; sents:    2392; bsz:  462/ 635/48; 3178/4368 tok/s;    159 sec;
[2024-03-13 10:21:57,182 INFO] Step 10900/14000; acc: 91.7; ppl:   1.3; xent: 0.3; lr: 1.00000; sents:    2279; bsz:  417/ 584/46; 7872/11033 tok/s;    162 sec;
[2024-03-13 10:22:00,232 INFO] Step 10950/14000; acc: 91.1; ppl:   1.4; xent: 0.3; lr: 1.00000; sents:    2391; bsz:  463/ 633/48; 7588/10385 tok/s;    165 sec;
[2024-03-13 10:22:03,970 INFO] Step 11000/14000; acc: 91.6; ppl:   1.3; xent: 0.3; lr: 1.00000; sents:    2286; bsz:  439/ 602/46; 5870/8046 tok/s;    169 sec;
[2024-03-13 10:22:07,412 INFO] valid stats calculation
                           took: 3.441676616668701 s.
[2024-03-13 10:22:07,412 INFO] Train perplexity: 3.54483
[2024-03-13 10:22:07,412 INFO] Train accuracy: 72.5902
[2024-03-13 10:22:07,412 INFO] Sentences processed: 94422
[2024-03-13 10:22:07,412 INFO] Average bsz:  449/ 620/47
[2024-03-13 10:22:07,412 INFO] Validation perplexity: 136.982
[2024-03-13 10:22:07,412 INFO] Validation accuracy: 41.3393
[2024-03-13 10:22:07,414 INFO] Saving checkpoint gt-ft-both/gt-ft-both_9000_03_step_11000.pt
[2024-03-13 10:22:11,248 INFO] Step 11050/14000; acc: 91.8; ppl:   1.3; xent: 0.3; lr: 1.00000; sents:    2506; bsz:  461/ 647/50; 3169/4446 tok/s;    176 sec;
[2024-03-13 10:22:13,816 INFO] Step 11100/14000; acc: 92.1; ppl:   1.3; xent: 0.3; lr: 1.00000; sents:    2302; bsz:  447/ 610/46; 8698/11881 tok/s;    179 sec;
[2024-03-13 10:22:16,931 INFO] Step 11150/14000; acc: 92.3; ppl:   1.3; xent: 0.3; lr: 1.00000; sents:    2406; bsz:  446/ 621/48; 7163/9976 tok/s;    182 sec;
[2024-03-13 10:22:20,615 INFO] Step 11200/14000; acc: 92.4; ppl:   1.3; xent: 0.3; lr: 1.00000; sents:    2404; bsz:  459/ 632/48; 6228/8579 tok/s;    185 sec;
[2024-03-13 10:22:24,090 INFO] valid stats calculation
                           took: 3.474949836730957 s.
[2024-03-13 10:22:24,090 INFO] Train perplexity: 3.2329
[2024-03-13 10:22:24,090 INFO] Train accuracy: 74.3902
[2024-03-13 10:22:24,090 INFO] Sentences processed: 104040
[2024-03-13 10:22:24,090 INFO] Average bsz:  450/ 620/47
[2024-03-13 10:22:24,090 INFO] Validation perplexity: 163.598
[2024-03-13 10:22:24,091 INFO] Validation accuracy: 42.1764
[2024-03-13 10:22:24,092 INFO] Saving checkpoint gt-ft-both/gt-ft-both_9000_03_step_11200.pt
[2024-03-13 10:22:27,673 INFO] Step 11250/14000; acc: 92.8; ppl:   1.3; xent: 0.2; lr: 1.00000; sents:    2288; bsz:  436/ 599/46; 3089/4246 tok/s;    192 sec;
[2024-03-13 10:22:30,178 INFO] Step 11300/14000; acc: 92.9; ppl:   1.3; xent: 0.2; lr: 1.00000; sents:    2396; bsz:  469/ 637/48; 9371/12708 tok/s;    195 sec;
[2024-03-13 10:22:33,672 INFO] Step 11350/14000; acc: 93.6; ppl:   1.2; xent: 0.2; lr: 1.00000; sents:    2392; bsz:  448/ 621/48; 6416/8891 tok/s;    198 sec;
[2024-03-13 10:22:37,494 INFO] Step 11400/14000; acc: 93.3; ppl:   1.3; xent: 0.2; lr: 1.00000; sents:    2297; bsz:  452/ 616/46; 5917/8056 tok/s;    202 sec;
[2024-03-13 10:22:40,941 INFO] valid stats calculation
                           took: 3.445929765701294 s.
[2024-03-13 10:22:40,941 INFO] Train perplexity: 2.98996
[2024-03-13 10:22:40,941 INFO] Train accuracy: 75.9504
[2024-03-13 10:22:40,941 INFO] Sentences processed: 113413
[2024-03-13 10:22:40,941 INFO] Average bsz:  450/ 620/47
[2024-03-13 10:22:40,942 INFO] Validation perplexity: 171.686
[2024-03-13 10:22:40,942 INFO] Validation accuracy: 41.6613
[2024-03-13 10:22:40,943 INFO] Saving checkpoint gt-ft-both/gt-ft-both_9000_03_step_11400.pt
[2024-03-13 10:22:44,322 INFO] Step 11450/14000; acc: 93.7; ppl:   1.2; xent: 0.2; lr: 1.00000; sents:    2391; bsz:  448/ 624/48; 3283/4567 tok/s;    209 sec;
[2024-03-13 10:22:46,832 INFO] Step 11500/14000; acc: 93.8; ppl:   1.2; xent: 0.2; lr: 1.00000; sents:    2290; bsz:  438/ 602/46; 8728/11990 tok/s;    212 sec;
[2024-03-13 10:22:50,476 INFO] Step 11550/14000; acc: 93.8; ppl:   1.2; xent: 0.2; lr: 1.00000; sents:    2391; bsz:  442/ 615/48; 6067/8431 tok/s;    215 sec;
[2024-03-13 10:22:54,182 INFO] Step 11600/14000; acc: 94.0; ppl:   1.2; xent: 0.2; lr: 1.00000; sents:    2400; bsz:  446/ 622/48; 6012/8388 tok/s;    219 sec;
[2024-03-13 10:22:57,612 INFO] valid stats calculation
                           took: 3.429042100906372 s.
[2024-03-13 10:22:57,612 INFO] Train perplexity: 2.79499
[2024-03-13 10:22:57,612 INFO] Train accuracy: 77.3145
[2024-03-13 10:22:57,612 INFO] Sentences processed: 122885
[2024-03-13 10:22:57,612 INFO] Average bsz:  449/ 620/47
[2024-03-13 10:22:57,612 INFO] Validation perplexity: 175.709
[2024-03-13 10:22:57,612 INFO] Validation accuracy: 43.1745
[2024-03-13 10:22:57,614 INFO] Saving checkpoint gt-ft-both/gt-ft-both_9000_03_step_11600.pt
[2024-03-13 10:23:00,864 INFO] Step 11650/14000; acc: 93.8; ppl:   1.2; xent: 0.2; lr: 1.00000; sents:    2399; bsz:  459/ 634/48; 3432/4743 tok/s;    226 sec;
[2024-03-13 10:23:03,549 INFO] Step 11700/14000; acc: 94.2; ppl:   1.2; xent: 0.2; lr: 1.00000; sents:    2303; bsz:  449/ 607/46; 8358/11315 tok/s;    228 sec;
[2024-03-13 10:23:07,298 INFO] Step 11750/14000; acc: 94.0; ppl:   1.2; xent: 0.2; lr: 1.00000; sents:    2307; bsz:  444/ 612/46; 5921/8161 tok/s;    232 sec;
[2024-03-13 10:23:10,861 INFO] Step 11800/14000; acc: 94.6; ppl:   1.2; xent: 0.2; lr: 1.00000; sents:    2497; bsz:  453/ 636/50; 6358/8920 tok/s;    236 sec;
[2024-03-13 10:23:14,345 INFO] valid stats calculation
                           took: 3.484128952026367 s.
[2024-03-13 10:23:14,345 INFO] Train perplexity: 2.6341
[2024-03-13 10:23:14,346 INFO] Train accuracy: 78.5209
[2024-03-13 10:23:14,346 INFO] Sentences processed: 132391
[2024-03-13 10:23:14,346 INFO] Average bsz:  449/ 620/47
[2024-03-13 10:23:14,346 INFO] Validation perplexity: 208.673
[2024-03-13 10:23:14,346 INFO] Validation accuracy: 42.3052
[2024-03-13 10:23:14,347 INFO] Saving checkpoint gt-ft-both/gt-ft-both_9000_03_step_11800.pt
[2024-03-13 10:23:17,339 INFO] Step 11850/14000; acc: 94.4; ppl:   1.2; xent: 0.2; lr: 1.00000; sents:    2303; bsz:  444/ 611/46; 3423/4719 tok/s;    242 sec;
[2024-03-13 10:23:20,220 INFO] Step 11900/14000; acc: 94.5; ppl:   1.2; xent: 0.2; lr: 1.00000; sents:    2299; bsz:  448/ 613/46; 7776/10636 tok/s;    245 sec;
[2024-03-13 10:23:24,011 INFO] Step 11950/14000; acc: 94.5; ppl:   1.2; xent: 0.2; lr: 1.00000; sents:    2489; bsz:  457/ 642/50; 6031/8464 tok/s;    249 sec;
[2024-03-13 10:23:27,683 INFO] Step 12000/14000; acc: 94.8; ppl:   1.2; xent: 0.2; lr: 1.00000; sents:    2296; bsz:  447/ 611/46; 6092/8322 tok/s;    252 sec;
[2024-03-13 10:23:31,165 INFO] valid stats calculation
                           took: 3.480971097946167 s.
[2024-03-13 10:23:31,165 INFO] Train perplexity: 2.50083
[2024-03-13 10:23:31,165 INFO] Train accuracy: 79.5882
[2024-03-13 10:23:31,165 INFO] Sentences processed: 141778
[2024-03-13 10:23:31,165 INFO] Average bsz:  449/ 620/47
[2024-03-13 10:23:31,165 INFO] Validation perplexity: 213.967
[2024-03-13 10:23:31,166 INFO] Validation accuracy: 42.756
[2024-03-13 10:23:31,167 INFO] Saving checkpoint gt-ft-both/gt-ft-both_9000_03_step_12000.pt
[2024-03-13 10:23:33,948 INFO] Step 12050/14000; acc: 95.0; ppl:   1.2; xent: 0.2; lr: 1.00000; sents:    2391; bsz:  442/ 615/48; 3531/4909 tok/s;    259 sec;
[2024-03-13 10:23:37,033 INFO] Step 12100/14000; acc: 94.7; ppl:   1.2; xent: 0.2; lr: 1.00000; sents:    2391; bsz:  454/ 630/48; 7360/10213 tok/s;    262 sec;
[2024-03-13 10:23:40,851 INFO] Step 12150/14000; acc: 94.6; ppl:   1.2; xent: 0.2; lr: 1.00000; sents:    2294; bsz:  442/ 610/46; 5791/7991 tok/s;    266 sec;
[2024-03-13 10:23:44,648 INFO] Step 12200/14000; acc: 94.7; ppl:   1.2; xent: 0.2; lr: 1.00000; sents:    2400; bsz:  460/ 634/48; 6057/8347 tok/s;    269 sec;
[2024-03-13 10:23:48,084 INFO] valid stats calculation
                           took: 3.436307191848755 s.
[2024-03-13 10:23:48,085 INFO] Train perplexity: 2.38745
[2024-03-13 10:23:48,085 INFO] Train accuracy: 80.5411
[2024-03-13 10:23:48,085 INFO] Sentences processed: 151254
[2024-03-13 10:23:48,085 INFO] Average bsz:  449/ 620/47
[2024-03-13 10:23:48,085 INFO] Validation perplexity: 205.859
[2024-03-13 10:23:48,085 INFO] Validation accuracy: 44.3979
[2024-03-13 10:23:48,086 INFO] Saving checkpoint gt-ft-both/gt-ft-both_9000_03_step_12200.pt
[2024-03-13 10:23:50,732 INFO] Step 12250/14000; acc: 95.1; ppl:   1.2; xent: 0.2; lr: 1.00000; sents:    2303; bsz:  431/ 596/46; 3541/4902 tok/s;    275 sec;
[2024-03-13 10:23:53,997 INFO] Step 12300/14000; acc: 95.3; ppl:   1.2; xent: 0.2; lr: 1.00000; sents:    2401; bsz:  458/ 632/48; 7020/9681 tok/s;    279 sec;
[2024-03-13 10:23:57,746 INFO] Step 12350/14000; acc: 95.1; ppl:   1.2; xent: 0.2; lr: 1.00000; sents:    2304; bsz:  446/ 610/46; 5953/8135 tok/s;    282 sec;
[2024-03-13 10:24:01,446 INFO] Step 12400/14000; acc: 95.3; ppl:   1.2; xent: 0.2; lr: 1.00000; sents:    2499; bsz:  467/ 653/50; 6316/8820 tok/s;    286 sec;
[2024-03-13 10:24:04,864 INFO] valid stats calculation
                           took: 3.4180450439453125 s.
[2024-03-13 10:24:04,865 INFO] Train perplexity: 2.29029
[2024-03-13 10:24:04,865 INFO] Train accuracy: 81.4067
[2024-03-13 10:24:04,865 INFO] Sentences processed: 160761
[2024-03-13 10:24:04,865 INFO] Average bsz:  449/ 620/47
[2024-03-13 10:24:04,865 INFO] Validation perplexity: 221.61
[2024-03-13 10:24:04,865 INFO] Validation accuracy: 42.595
[2024-03-13 10:24:04,866 INFO] Saving checkpoint gt-ft-both/gt-ft-both_9000_03_step_12400.pt
[2024-03-13 10:24:07,536 INFO] Step 12450/14000; acc: 95.4; ppl:   1.2; xent: 0.2; lr: 1.00000; sents:    2303; bsz:  449/ 612/46; 3689/5026 tok/s;    292 sec;
[2024-03-13 10:24:11,014 INFO] Step 12500/14000; acc: 95.6; ppl:   1.2; xent: 0.1; lr: 1.00000; sents:    2282; bsz:  439/ 601/46; 6314/8646 tok/s;    296 sec;
[2024-03-13 10:24:14,727 INFO] Step 12550/14000; acc: 95.2; ppl:   1.2; xent: 0.2; lr: 1.00000; sents:    2505; bsz:  463/ 651/50; 6242/8767 tok/s;    299 sec;
[2024-03-13 10:24:18,440 INFO] Step 12600/14000; acc: 95.3; ppl:   1.2; xent: 0.2; lr: 1.00000; sents:    2280; bsz:  440/ 603/46; 5933/8119 tok/s;    303 sec;
[2024-03-13 10:24:21,904 INFO] valid stats calculation
                           took: 3.46333646774292 s.
[2024-03-13 10:24:21,904 INFO] Train perplexity: 2.20676
[2024-03-13 10:24:21,904 INFO] Train accuracy: 82.1787
[2024-03-13 10:24:21,904 INFO] Sentences processed: 170131
[2024-03-13 10:24:21,904 INFO] Average bsz:  449/ 620/47
[2024-03-13 10:24:21,904 INFO] Validation perplexity: 244.058
[2024-03-13 10:24:21,905 INFO] Validation accuracy: 42.2408
[2024-03-13 10:24:21,906 INFO] Saving checkpoint gt-ft-both/gt-ft-both_9000_03_step_12600.pt
[2024-03-13 10:24:24,547 INFO] Step 12650/14000; acc: 95.4; ppl:   1.2; xent: 0.2; lr: 1.00000; sents:    2391; bsz:  454/ 627/48; 3715/5135 tok/s;    309 sec;
[2024-03-13 10:24:28,005 INFO] Step 12700/14000; acc: 95.7; ppl:   1.2; xent: 0.2; lr: 1.00000; sents:    2278; bsz:  424/ 586/46; 6125/8472 tok/s;    313 sec;
[2024-03-13 10:24:31,862 INFO] Step 12750/14000; acc: 95.6; ppl:   1.2; xent: 0.2; lr: 1.00000; sents:    2399; bsz:  460/ 634/48; 5961/8218 tok/s;    317 sec;
[2024-03-13 10:24:35,630 INFO] Step 12800/14000; acc: 95.6; ppl:   1.2; xent: 0.2; lr: 1.00000; sents:    2404; bsz:  469/ 638/48; 6228/8462 tok/s;    320 sec;
[2024-03-13 10:24:39,110 INFO] valid stats calculation
                           took: 3.4788687229156494 s.
[2024-03-13 10:24:39,110 INFO] Train perplexity: 2.13374
[2024-03-13 10:24:39,110 INFO] Train accuracy: 82.8852
[2024-03-13 10:24:39,110 INFO] Sentences processed: 179603
[2024-03-13 10:24:39,110 INFO] Average bsz:  449/ 620/47
[2024-03-13 10:24:39,110 INFO] Validation perplexity: 241.096
[2024-03-13 10:24:39,110 INFO] Validation accuracy: 44.1726
[2024-03-13 10:24:39,112 INFO] Saving checkpoint gt-ft-both/gt-ft-both_9000_03_step_12800.pt
[2024-03-13 10:24:41,826 INFO] Step 12850/14000; acc: 95.7; ppl:   1.2; xent: 0.1; lr: 1.00000; sents:    2298; bsz:  422/ 591/46; 3407/4767 tok/s;    327 sec;
[2024-03-13 10:24:45,521 INFO] Step 12900/14000; acc: 95.7; ppl:   1.2; xent: 0.2; lr: 1.00000; sents:    2404; bsz:  459/ 632/48; 6218/8560 tok/s;    330 sec;
[2024-03-13 10:24:49,307 INFO] Step 12950/14000; acc: 95.6; ppl:   1.2; xent: 0.2; lr: 1.00000; sents:    2401; bsz:  465/ 634/48; 6143/8370 tok/s;    334 sec;
[2024-03-13 10:24:52,888 INFO] Step 13000/14000; acc: 95.7; ppl:   1.2; xent: 0.1; lr: 1.00000; sents:    2302; bsz:  427/ 599/46; 5959/8361 tok/s;    338 sec;
[2024-03-13 10:24:56,343 INFO] valid stats calculation
                           took: 3.4546334743499756 s.
[2024-03-13 10:24:56,343 INFO] Train perplexity: 2.07034
[2024-03-13 10:24:56,343 INFO] Train accuracy: 83.5195
[2024-03-13 10:24:56,343 INFO] Sentences processed: 189008
[2024-03-13 10:24:56,343 INFO] Average bsz:  449/ 620/47
[2024-03-13 10:24:56,343 INFO] Validation perplexity: 281.571
[2024-03-13 10:24:56,343 INFO] Validation accuracy: 43.7862
[2024-03-13 10:24:56,345 INFO] Saving checkpoint gt-ft-both/gt-ft-both_9000_03_step_13000.pt
[2024-03-13 10:24:59,106 INFO] Step 13050/14000; acc: 95.8; ppl:   1.2; xent: 0.1; lr: 1.00000; sents:    2396; bsz:  471/ 638/48; 3788/5128 tok/s;    344 sec;
[2024-03-13 10:25:01,592 INFO] Step 13100/14000; acc: 95.9; ppl:   1.2; xent: 0.1; lr: 1.00000; sents:    2393; bsz:  451/ 628/48; 9073/12639 tok/s;    346 sec;
[2024-03-13 10:25:04,095 INFO] Step 13150/14000; acc: 95.9; ppl:   1.1; xent: 0.1; lr: 1.00000; sents:    2292; bsz:  441/ 605/46; 8808/12076 tok/s;    349 sec;
[2024-03-13 10:25:06,513 INFO] Step 13200/14000; acc: 96.1; ppl:   1.1; xent: 0.1; lr: 1.00000; sents:    2391; bsz:  441/ 611/48; 9111/12647 tok/s;    351 sec;
[2024-03-13 10:25:10,029 INFO] valid stats calculation
                           took: 3.515542984008789 s.
[2024-03-13 10:25:10,029 INFO] Train perplexity: 2.01318
[2024-03-13 10:25:10,029 INFO] Train accuracy: 84.1107
[2024-03-13 10:25:10,029 INFO] Sentences processed: 198480
[2024-03-13 10:25:10,030 INFO] Average bsz:  449/ 620/47
[2024-03-13 10:25:10,030 INFO] Validation perplexity: 221.413
[2024-03-13 10:25:10,030 INFO] Validation accuracy: 46.1365
[2024-03-13 10:25:10,031 INFO] Saving checkpoint gt-ft-both/gt-ft-both_9000_03_step_13200.pt
[2024-03-13 10:25:13,869 INFO] Step 13250/14000; acc: 95.7; ppl:   1.2; xent: 0.1; lr: 1.00000; sents:    2391; bsz:  442/ 618/48; 3002/4198 tok/s;    359 sec;
[2024-03-13 10:25:17,565 INFO] Step 13300/14000; acc: 95.9; ppl:   1.1; xent: 0.1; lr: 1.00000; sents:    2294; bsz:  462/ 619/46; 6255/8371 tok/s;    362 sec;
[2024-03-13 10:25:20,853 INFO] Step 13350/14000; acc: 95.8; ppl:   1.2; xent: 0.1; lr: 1.00000; sents:    2400; bsz:  445/ 621/48; 6770/9450 tok/s;    366 sec;
[2024-03-13 10:25:23,719 INFO] Step 13400/14000; acc: 95.8; ppl:   1.2; xent: 0.1; lr: 1.00000; sents:    2399; bsz:  457/ 635/48; 7976/11079 tok/s;    368 sec;
[2024-03-13 10:25:27,121 INFO] valid stats calculation
                           took: 3.4015533924102783 s.
[2024-03-13 10:25:27,122 INFO] Train perplexity: 1.96267
[2024-03-13 10:25:27,122 INFO] Train accuracy: 84.6449
[2024-03-13 10:25:27,122 INFO] Sentences processed: 207964
[2024-03-13 10:25:27,122 INFO] Average bsz:  449/ 620/47
[2024-03-13 10:25:27,122 INFO] Validation perplexity: 236.356
[2024-03-13 10:25:27,122 INFO] Validation accuracy: 43.754
[2024-03-13 10:25:27,123 INFO] Saving checkpoint gt-ft-both/gt-ft-both_9000_03_step_13400.pt
[2024-03-13 10:25:30,964 INFO] Step 13450/14000; acc: 96.1; ppl:   1.1; xent: 0.1; lr: 1.00000; sents:    2304; bsz:  443/ 610/46; 3059/4211 tok/s;    376 sec;
[2024-03-13 10:25:34,576 INFO] Step 13500/14000; acc: 96.1; ppl:   1.1; xent: 0.1; lr: 1.00000; sents:    2403; bsz:  440/ 613/48; 6096/8483 tok/s;    379 sec;
[2024-03-13 10:25:37,669 INFO] Step 13550/14000; acc: 96.1; ppl:   1.1; xent: 0.1; lr: 1.00000; sents:    2401; bsz:  462/ 640/48; 7472/10353 tok/s;    382 sec;
[2024-03-13 10:25:40,258 INFO] Step 13600/14000; acc: 96.0; ppl:   1.1; xent: 0.1; lr: 1.00000; sents:    2399; bsz:  444/ 618/48; 8578/11932 tok/s;    385 sec;
[2024-03-13 10:25:43,786 INFO] valid stats calculation
                           took: 3.527932643890381 s.
[2024-03-13 10:25:43,787 INFO] Train perplexity: 1.91709
[2024-03-13 10:25:43,787 INFO] Train accuracy: 85.1424
[2024-03-13 10:25:43,787 INFO] Sentences processed: 217471
[2024-03-13 10:25:43,787 INFO] Average bsz:  449/ 620/47
[2024-03-13 10:25:43,787 INFO] Validation perplexity: 304.267
[2024-03-13 10:25:43,787 INFO] Validation accuracy: 43.5287
[2024-03-13 10:25:43,788 INFO] Saving checkpoint gt-ft-both/gt-ft-both_9000_03_step_13600.pt
[2024-03-13 10:25:47,614 INFO] Step 13650/14000; acc: 96.1; ppl:   1.1; xent: 0.1; lr: 1.00000; sents:    2299; bsz:  448/ 612/46; 3045/4160 tok/s;    392 sec;
[2024-03-13 10:25:51,347 INFO] Step 13700/14000; acc: 96.4; ppl:   1.1; xent: 0.1; lr: 1.00000; sents:    2393; bsz:  454/ 629/48; 6085/8429 tok/s;    396 sec;
[2024-03-13 10:25:54,204 INFO] Step 13750/14000; acc: 96.5; ppl:   1.1; xent: 0.1; lr: 1.00000; sents:    2392; bsz:  443/ 616/48; 7756/10777 tok/s;    399 sec;
[2024-03-13 10:25:57,303 INFO] Step 13800/14000; acc: 96.2; ppl:   1.1; xent: 0.1; lr: 1.00000; sents:    2293; bsz:  442/ 610/46; 7130/9851 tok/s;    402 sec;
[2024-03-13 10:26:00,759 INFO] valid stats calculation
                           took: 3.455493450164795 s.
[2024-03-13 10:26:00,759 INFO] Train perplexity: 1.87588
[2024-03-13 10:26:00,759 INFO] Train accuracy: 85.605
[2024-03-13 10:26:00,759 INFO] Sentences processed: 226848
[2024-03-13 10:26:00,759 INFO] Average bsz:  449/ 620/47
[2024-03-13 10:26:00,759 INFO] Validation perplexity: 282.049
[2024-03-13 10:26:00,759 INFO] Validation accuracy: 43.6574
[2024-03-13 10:26:00,760 INFO] Saving checkpoint gt-ft-both/gt-ft-both_9000_03_step_13800.pt
[2024-03-13 10:26:04,626 INFO] Step 13850/14000; acc: 96.1; ppl:   1.1; xent: 0.1; lr: 1.00000; sents:    2295; bsz:  446/ 609/46; 3043/4159 tok/s;    409 sec;
[2024-03-13 10:26:08,368 INFO] Step 13900/14000; acc: 96.5; ppl:   1.1; xent: 0.1; lr: 1.00000; sents:    2392; bsz:  444/ 618/48; 5934/8261 tok/s;    413 sec;
[2024-03-13 10:26:11,008 INFO] Step 13950/14000; acc: 96.2; ppl:   1.1; xent: 0.1; lr: 1.00000; sents:    2400; bsz:  459/ 632/48; 8700/11976 tok/s;    416 sec;
[2024-03-13 10:26:14,090 INFO] Step 14000/14000; acc: 96.5; ppl:   1.1; xent: 0.1; lr: 1.00000; sents:    2399; bsz:  444/ 622/48; 7198/10094 tok/s;    419 sec;
[2024-03-13 10:26:17,586 INFO] valid stats calculation
                           took: 3.495245933532715 s.
[2024-03-13 10:26:17,586 INFO] Train perplexity: 1.83855
[2024-03-13 10:26:17,586 INFO] Train accuracy: 86.0348
[2024-03-13 10:26:17,587 INFO] Sentences processed: 236334
[2024-03-13 10:26:17,587 INFO] Average bsz:  449/ 620/47
[2024-03-13 10:26:17,587 INFO] Validation perplexity: 282.579
[2024-03-13 10:26:17,587 INFO] Validation accuracy: 44.7843
[2024-03-13 10:26:17,588 INFO] Saving checkpoint gt-ft-both/gt-ft-both_9000_03_step_14000.pt
