[2024-03-12 10:37:49,253 WARNING] Corpus corpus_1's weight should be given. We default it to 1 for you.
[2024-03-12 10:37:49,253 INFO] Parsed 2 corpora from -data.
[2024-03-12 10:37:49,253 INFO] Loading checkpoint from gt-pt-enc/models/gt-pt-enc_03_step_10000.pt
[2024-03-12 10:37:49,325 INFO] Building model...
[2024-03-12 10:37:49,381 INFO] Switching model to float32 for amp/apex_amp
[2024-03-12 10:37:49,381 INFO] Non quantized layer compute is fp32
[2024-03-12 10:37:51,718 INFO] NMTModel(
  (encoder): RNNEncoder(
    (embeddings): Embeddings(
      (make_embedding): Sequential(
        (emb_luts): Elementwise(
          (0): Embedding(14144, 300, padding_idx=1)
        )
      )
      (dropout): Dropout(p=0.3, inplace=False)
    )
    (rnn): LSTM(300, 500, num_layers=2, batch_first=True, dropout=0.3)
  )
  (decoder): InputFeedRNNDecoder(
    (embeddings): Embeddings(
      (make_embedding): Sequential(
        (emb_luts): Elementwise(
          (0): Embedding(17816, 300, padding_idx=1)
        )
      )
      (dropout): Dropout(p=0.3, inplace=False)
    )
    (dropout): Dropout(p=0.3, inplace=False)
    (rnn): StackedLSTM(
      (dropout): Dropout(p=0.3, inplace=False)
      (layers): ModuleList(
        (0): LSTMCell(800, 500)
        (1): LSTMCell(500, 500)
      )
    )
    (attn): GlobalAttention(
      (linear_in): Linear(in_features=500, out_features=500, bias=False)
      (linear_out): Linear(in_features=1000, out_features=500, bias=False)
    )
  )
  (generator): Linear(in_features=500, out_features=17816, bias=True)
)
[2024-03-12 10:37:51,719 INFO] encoder: 7851200
[2024-03-12 10:37:51,719 INFO] decoder: 19628616
[2024-03-12 10:37:51,719 INFO] * number of parameters: 27479816
[2024-03-12 10:37:51,719 INFO] Trainable parameters = {'torch.float32': 27479816, 'torch.float16': 0, 'torch.uint8': 0, 'torch.int8': 0}
[2024-03-12 10:37:51,719 INFO] Non trainable parameters = {'torch.float32': 0, 'torch.float16': 0, 'torch.uint8': 0, 'torch.int8': 0}
[2024-03-12 10:37:51,719 INFO]  * src vocab size = 14144
[2024-03-12 10:37:51,719 INFO]  * tgt vocab size = 17816
[2024-03-12 10:37:51,720 INFO] Starting training on GPU: [0]
[2024-03-12 10:37:51,720 INFO] Start training loop and validate every 200 steps...
[2024-03-12 10:37:51,721 INFO] Scoring with: TransformPipe(InferFeatsTransform())
[2024-03-12 10:37:57,999 INFO] Step 10050/15000; acc: 19.5; ppl: 417.3; xent: 6.0; lr: 1.00000; sents:    2393; bsz:  470/ 641/48; 3740/5104 tok/s;      6 sec;
[2024-03-12 10:38:01,783 INFO] Step 10100/15000; acc: 28.5; ppl:  75.2; xent: 4.3; lr: 1.00000; sents:    2296; bsz:  448/ 611/46; 5914/8078 tok/s;     10 sec;
[2024-03-12 10:38:05,417 INFO] Step 10150/15000; acc: 35.6; ppl:  38.2; xent: 3.6; lr: 1.00000; sents:    2391; bsz:  443/ 619/48; 6098/8517 tok/s;     14 sec;
[2024-03-12 10:38:09,132 INFO] Step 10200/15000; acc: 40.4; ppl:  25.2; xent: 3.2; lr: 1.00000; sents:    2279; bsz:  435/ 599/46; 5855/8058 tok/s;     17 sec;
[2024-03-12 10:38:12,572 INFO] valid stats calculation
                           took: 3.439255952835083 s.
[2024-03-12 10:38:12,572 INFO] Train perplexity: 75.9543
[2024-03-12 10:38:12,573 INFO] Train accuracy: 30.8625
[2024-03-12 10:38:12,573 INFO] Sentences processed: 9359
[2024-03-12 10:38:12,573 INFO] Average bsz:  449/ 617/47
[2024-03-12 10:38:12,573 INFO] Validation perplexity: 61.983
[2024-03-12 10:38:12,573 INFO] Validation accuracy: 33.4192
[2024-03-12 10:38:12,574 INFO] Saving checkpoint gt-ft-enc/gt-ft-enc_10000_03_step_10200.pt
[2024-03-12 10:38:15,536 INFO] Step 10250/15000; acc: 43.1; ppl:  18.9; xent: 2.9; lr: 1.00000; sents:    2392; bsz:  464/ 634/48; 3627/4950 tok/s;     24 sec;
[2024-03-12 10:38:19,181 INFO] Step 10300/15000; acc: 48.5; ppl:  13.1; xent: 2.6; lr: 1.00000; sents:    2400; bsz:  442/ 620/48; 6058/8507 tok/s;     27 sec;
[2024-03-12 10:38:22,960 INFO] Step 10350/15000; acc: 51.7; ppl:  10.4; xent: 2.3; lr: 1.00000; sents:    2405; bsz:  447/ 621/48; 5912/8224 tok/s;     31 sec;
[2024-03-12 10:38:26,698 INFO] Step 10400/15000; acc: 53.2; ppl:   8.8; xent: 2.2; lr: 1.00000; sents:    2406; bsz:  464/ 639/48; 6212/8544 tok/s;     35 sec;
[2024-03-12 10:38:30,122 INFO] valid stats calculation
                           took: 3.4239838123321533 s.
[2024-03-12 10:38:30,122 INFO] Train perplexity: 30.2884
[2024-03-12 10:38:30,123 INFO] Train accuracy: 40.0688
[2024-03-12 10:38:30,123 INFO] Sentences processed: 18962
[2024-03-12 10:38:30,123 INFO] Average bsz:  452/ 623/47
[2024-03-12 10:38:30,123 INFO] Validation perplexity: 48.1267
[2024-03-12 10:38:30,123 INFO] Validation accuracy: 36.8963
[2024-03-12 10:38:30,124 INFO] Saving checkpoint gt-ft-enc/gt-ft-enc_10000_03_step_10400.pt
[2024-03-12 10:38:33,154 INFO] Step 10450/15000; acc: 56.3; ppl:   7.2; xent: 2.0; lr: 1.00000; sents:    2301; bsz:  445/ 609/46; 3450/4714 tok/s;     41 sec;
[2024-03-12 10:38:36,854 INFO] Step 10500/15000; acc: 59.1; ppl:   6.0; xent: 1.8; lr: 1.00000; sents:    2399; bsz:  455/ 629/48; 6149/8495 tok/s;     45 sec;
[2024-03-12 10:38:40,537 INFO] Step 10550/15000; acc: 61.9; ppl:   5.1; xent: 1.6; lr: 1.00000; sents:    2285; bsz:  438/ 602/46; 5950/8167 tok/s;     49 sec;
[2024-03-12 10:38:44,153 INFO] Step 10600/15000; acc: 64.5; ppl:   4.4; xent: 1.5; lr: 1.00000; sents:    2392; bsz:  442/ 616/48; 6105/8517 tok/s;     52 sec;
[2024-03-12 10:38:47,600 INFO] valid stats calculation
                           took: 3.4466466903686523 s.
[2024-03-12 10:38:47,601 INFO] Train perplexity: 17.3608
[2024-03-12 10:38:47,601 INFO] Train accuracy: 46.7823
[2024-03-12 10:38:47,601 INFO] Sentences processed: 28339
[2024-03-12 10:38:47,601 INFO] Average bsz:  449/ 620/47
[2024-03-12 10:38:47,601 INFO] Validation perplexity: 66.5161
[2024-03-12 10:38:47,602 INFO] Validation accuracy: 39.1178
[2024-03-12 10:38:47,603 INFO] Saving checkpoint gt-ft-enc/gt-ft-enc_10000_03_step_10600.pt
[2024-03-12 10:38:50,852 INFO] Step 10650/15000; acc: 64.9; ppl:   4.2; xent: 1.4; lr: 1.00000; sents:    2393; bsz:  469/ 637/48; 3503/4752 tok/s;     59 sec;
[2024-03-12 10:38:54,485 INFO] Step 10700/15000; acc: 68.3; ppl:   3.6; xent: 1.3; lr: 1.00000; sents:    2295; bsz:  431/ 601/46; 5930/8271 tok/s;     63 sec;
[2024-03-12 10:38:58,345 INFO] Step 10750/15000; acc: 69.3; ppl:   3.4; xent: 1.2; lr: 1.00000; sents:    2391; bsz:  469/ 636/48; 6073/8237 tok/s;     67 sec;
[2024-03-12 10:39:02,017 INFO] Step 10800/15000; acc: 71.9; ppl:   3.0; xent: 1.1; lr: 1.00000; sents:    2391; bsz:  449/ 624/48; 6120/8496 tok/s;     70 sec;
[2024-03-12 10:39:05,500 INFO] valid stats calculation
                           took: 3.4823927879333496 s.
[2024-03-12 10:39:05,500 INFO] Train perplexity: 11.6273
[2024-03-12 10:39:05,500 INFO] Train accuracy: 52.2573
[2024-03-12 10:39:05,501 INFO] Sentences processed: 37809
[2024-03-12 10:39:05,501 INFO] Average bsz:  451/ 621/47
[2024-03-12 10:39:05,501 INFO] Validation perplexity: 81.8418
[2024-03-12 10:39:05,501 INFO] Validation accuracy: 40.1803
[2024-03-12 10:39:05,502 INFO] Saving checkpoint gt-ft-enc/gt-ft-enc_10000_03_step_10800.pt
[2024-03-12 10:39:08,696 INFO] Step 10850/15000; acc: 73.4; ppl:   2.7; xent: 1.0; lr: 1.00000; sents:    2399; bsz:  443/ 617/48; 3319/4618 tok/s;     77 sec;
[2024-03-12 10:39:12,506 INFO] Step 10900/15000; acc: 74.5; ppl:   2.6; xent: 1.0; lr: 1.00000; sents:    2299; bsz:  443/ 606/46; 5814/7953 tok/s;     81 sec;
[2024-03-12 10:39:16,284 INFO] Step 10950/15000; acc: 75.8; ppl:   2.5; xent: 0.9; lr: 1.00000; sents:    2401; bsz:  459/ 634/48; 6070/8393 tok/s;     85 sec;
[2024-03-12 10:39:19,941 INFO] Step 11000/15000; acc: 77.5; ppl:   2.3; xent: 0.8; lr: 1.00000; sents:    2305; bsz:  449/ 609/46; 6140/8323 tok/s;     88 sec;
[2024-03-12 10:39:23,523 INFO] valid stats calculation
                           took: 3.5818369388580322 s.
[2024-03-12 10:39:23,523 INFO] Train perplexity: 8.58052
[2024-03-12 10:39:23,524 INFO] Train accuracy: 56.8414
[2024-03-12 10:39:23,524 INFO] Sentences processed: 47213
[2024-03-12 10:39:23,524 INFO] Average bsz:  450/ 620/47
[2024-03-12 10:39:23,524 INFO] Validation perplexity: 90.8311
[2024-03-12 10:39:23,524 INFO] Validation accuracy: 38.7637
[2024-03-12 10:39:23,525 INFO] Saving checkpoint gt-ft-enc/gt-ft-enc_10000_03_step_11000.pt
[2024-03-12 10:39:26,809 INFO] Step 11050/15000; acc: 78.8; ppl:   2.2; xent: 0.8; lr: 1.00000; sents:    2401; bsz:  443/ 618/48; 3225/4502 tok/s;     95 sec;
[2024-03-12 10:39:30,529 INFO] Step 11100/15000; acc: 80.3; ppl:   2.1; xent: 0.7; lr: 1.00000; sents:    2303; bsz:  443/ 610/46; 5959/8205 tok/s;     99 sec;
[2024-03-12 10:39:34,128 INFO] Step 11150/15000; acc: 81.7; ppl:   1.9; xent: 0.7; lr: 1.00000; sents:    2395; bsz:  442/ 616/48; 6142/8559 tok/s;    102 sec;
[2024-03-12 10:39:37,846 INFO] Step 11200/15000; acc: 82.1; ppl:   1.9; xent: 0.6; lr: 1.00000; sents:    2393; bsz:  454/ 629/48; 6109/8458 tok/s;    106 sec;
[2024-03-12 10:39:41,459 INFO] valid stats calculation
                           took: 3.612450122833252 s.
[2024-03-12 10:39:41,459 INFO] Train perplexity: 6.7368
[2024-03-12 10:39:41,459 INFO] Train accuracy: 60.8142
[2024-03-12 10:39:41,459 INFO] Sentences processed: 56705
[2024-03-12 10:39:41,459 INFO] Average bsz:  449/ 620/47
[2024-03-12 10:39:41,459 INFO] Validation perplexity: 109.936
[2024-03-12 10:39:41,459 INFO] Validation accuracy: 38.1842
[2024-03-12 10:39:41,461 INFO] Saving checkpoint gt-ft-enc/gt-ft-enc_10000_03_step_11200.pt
[2024-03-12 10:39:44,998 INFO] Step 11250/15000; acc: 82.7; ppl:   1.8; xent: 0.6; lr: 1.00000; sents:    2296; bsz:  447/ 610/46; 3125/4266 tok/s;    113 sec;
[2024-03-12 10:39:48,604 INFO] Step 11300/15000; acc: 84.1; ppl:   1.7; xent: 0.6; lr: 1.00000; sents:    2487; bsz:  456/ 642/50; 6329/8903 tok/s;    117 sec;
[2024-03-12 10:39:52,304 INFO] Step 11350/15000; acc: 84.6; ppl:   1.7; xent: 0.5; lr: 1.00000; sents:    2295; bsz:  448/ 612/46; 6049/8270 tok/s;    121 sec;
[2024-03-12 10:39:55,987 INFO] Step 11400/15000; acc: 85.7; ppl:   1.6; xent: 0.5; lr: 1.00000; sents:    2391; bsz:  442/ 615/48; 5997/8348 tok/s;    124 sec;
[2024-03-12 10:39:59,551 INFO] valid stats calculation
                           took: 3.5635464191436768 s.
[2024-03-12 10:39:59,551 INFO] Train perplexity: 5.54583
[2024-03-12 10:39:59,551 INFO] Train accuracy: 64.1692
[2024-03-12 10:39:59,551 INFO] Sentences processed: 66174
[2024-03-12 10:39:59,551 INFO] Average bsz:  449/ 620/47
[2024-03-12 10:39:59,551 INFO] Validation perplexity: 116.921
[2024-03-12 10:39:59,551 INFO] Validation accuracy: 40.4379
[2024-03-12 10:39:59,553 INFO] Saving checkpoint gt-ft-enc/gt-ft-enc_10000_03_step_11400.pt
[2024-03-12 10:40:03,217 INFO] Step 11450/15000; acc: 85.8; ppl:   1.6; xent: 0.5; lr: 1.00000; sents:    2303; bsz:  456/ 628/46; 3154/4344 tok/s;    131 sec;
[2024-03-12 10:40:06,894 INFO] Step 11500/15000; acc: 86.9; ppl:   1.6; xent: 0.4; lr: 1.00000; sents:    2399; bsz:  444/ 617/48; 6032/8391 tok/s;    135 sec;
[2024-03-12 10:40:10,641 INFO] Step 11550/15000; acc: 87.5; ppl:   1.5; xent: 0.4; lr: 1.00000; sents:    2305; bsz:  446/ 610/46; 5949/8143 tok/s;    139 sec;
[2024-03-12 10:40:14,247 INFO] Step 11600/15000; acc: 88.3; ppl:   1.5; xent: 0.4; lr: 1.00000; sents:    2403; bsz:  445/ 619/48; 6170/8584 tok/s;    143 sec;
[2024-03-12 10:40:17,838 INFO] valid stats calculation
                           took: 3.590440511703491 s.
[2024-03-12 10:40:17,838 INFO] Train perplexity: 4.73054
[2024-03-12 10:40:17,839 INFO] Train accuracy: 67.0323
[2024-03-12 10:40:17,839 INFO] Sentences processed: 75584
[2024-03-12 10:40:17,839 INFO] Average bsz:  449/ 620/47
[2024-03-12 10:40:17,839 INFO] Validation perplexity: 142.789
[2024-03-12 10:40:17,839 INFO] Validation accuracy: 40.7598
[2024-03-12 10:40:17,840 INFO] Saving checkpoint gt-ft-enc/gt-ft-enc_10000_03_step_11600.pt
[2024-03-12 10:40:21,523 INFO] Step 11650/15000; acc: 88.9; ppl:   1.5; xent: 0.4; lr: 1.00000; sents:    2400; bsz:  455/ 629/48; 3128/4326 tok/s;    150 sec;
[2024-03-12 10:40:25,249 INFO] Step 11700/15000; acc: 89.0; ppl:   1.5; xent: 0.4; lr: 1.00000; sents:    2399; bsz:  467/ 638/48; 6263/8561 tok/s;    154 sec;
[2024-03-12 10:40:28,807 INFO] Step 11750/15000; acc: 89.9; ppl:   1.4; xent: 0.3; lr: 1.00000; sents:    2298; bsz:  427/ 596/46; 6003/8371 tok/s;    157 sec;
[2024-03-12 10:40:32,638 INFO] Step 11800/15000; acc: 89.7; ppl:   1.4; xent: 0.3; lr: 1.00000; sents:    2393; bsz:  468/ 639/48; 6108/8342 tok/s;    161 sec;
[2024-03-12 10:40:36,180 INFO] valid stats calculation
                           took: 3.5407471656799316 s.
[2024-03-12 10:40:36,180 INFO] Train perplexity: 4.13858
[2024-03-12 10:40:36,180 INFO] Train accuracy: 69.5369
[2024-03-12 10:40:36,180 INFO] Sentences processed: 85074
[2024-03-12 10:40:36,180 INFO] Average bsz:  450/ 620/47
[2024-03-12 10:40:36,180 INFO] Validation perplexity: 151.595
[2024-03-12 10:40:36,180 INFO] Validation accuracy: 40.9852
[2024-03-12 10:40:36,181 INFO] Saving checkpoint gt-ft-enc/gt-ft-enc_10000_03_step_11800.pt
[2024-03-12 10:40:39,982 INFO] Step 11850/15000; acc: 90.7; ppl:   1.4; xent: 0.3; lr: 1.00000; sents:    2392; bsz:  442/ 619/48; 3011/4214 tok/s;    168 sec;
[2024-03-12 10:40:43,693 INFO] Step 11900/15000; acc: 90.8; ppl:   1.4; xent: 0.3; lr: 1.00000; sents:    2279; bsz:  436/ 600/46; 5880/8084 tok/s;    172 sec;
[2024-03-12 10:40:47,478 INFO] Step 11950/15000; acc: 90.5; ppl:   1.4; xent: 0.3; lr: 1.00000; sents:    2391; bsz:  463/ 633/48; 6113/8366 tok/s;    176 sec;
[2024-03-12 10:40:51,050 INFO] Step 12000/15000; acc: 91.2; ppl:   1.3; xent: 0.3; lr: 1.00000; sents:    2392; bsz:  456/ 630/48; 6383/8817 tok/s;    179 sec;
[2024-03-12 10:40:54,751 INFO] valid stats calculation
                           took: 3.7005724906921387 s.
[2024-03-12 10:40:54,751 INFO] Train perplexity: 3.70494
[2024-03-12 10:40:54,752 INFO] Train accuracy: 71.6619
[2024-03-12 10:40:54,752 INFO] Sentences processed: 94528
[2024-03-12 10:40:54,752 INFO] Average bsz:  450/ 620/47
[2024-03-12 10:40:54,752 INFO] Validation perplexity: 145.166
[2024-03-12 10:40:54,752 INFO] Validation accuracy: 40.3735
[2024-03-12 10:40:54,753 INFO] Saving checkpoint gt-ft-enc/gt-ft-enc_10000_03_step_12000.pt
[2024-03-12 10:40:58,477 INFO] Step 12050/15000; acc: 91.9; ppl:   1.3; xent: 0.3; lr: 1.00000; sents:    2298; bsz:  427/ 590/46; 2872/3975 tok/s;    187 sec;
[2024-03-12 10:41:02,240 INFO] Step 12100/15000; acc: 91.8; ppl:   1.3; xent: 0.3; lr: 1.00000; sents:    2404; bsz:  464/ 639/48; 6167/8486 tok/s;    191 sec;
[2024-03-12 10:41:05,939 INFO] Step 12150/15000; acc: 92.2; ppl:   1.3; xent: 0.3; lr: 1.00000; sents:    2298; bsz:  442/ 605/46; 5979/8185 tok/s;    194 sec;
[2024-03-12 10:41:09,180 INFO] Step 12200/15000; acc: 92.5; ppl:   1.3; xent: 0.3; lr: 1.00000; sents:    2512; bsz:  463/ 648/50; 7140/9997 tok/s;    197 sec;
[2024-03-12 10:41:12,813 INFO] valid stats calculation
                           took: 3.6327269077301025 s.
[2024-03-12 10:41:12,813 INFO] Train perplexity: 3.36934
[2024-03-12 10:41:12,813 INFO] Train accuracy: 73.5214
[2024-03-12 10:41:12,813 INFO] Sentences processed: 104040
[2024-03-12 10:41:12,813 INFO] Average bsz:  450/ 620/47
[2024-03-12 10:41:12,813 INFO] Validation perplexity: 172.817
[2024-03-12 10:41:12,813 INFO] Validation accuracy: 41.2428
[2024-03-12 10:41:12,815 INFO] Saving checkpoint gt-ft-enc/gt-ft-enc_10000_03_step_12200.pt
[2024-03-12 10:41:16,584 INFO] Step 12250/15000; acc: 92.5; ppl:   1.3; xent: 0.3; lr: 1.00000; sents:    2288; bsz:  436/ 599/46; 2944/4048 tok/s;    205 sec;
[2024-03-12 10:41:20,385 INFO] Step 12300/15000; acc: 92.5; ppl:   1.3; xent: 0.3; lr: 1.00000; sents:    2299; bsz:  450/ 614/46; 5922/8083 tok/s;    209 sec;
[2024-03-12 10:41:24,124 INFO] Step 12350/15000; acc: 92.9; ppl:   1.3; xent: 0.2; lr: 1.00000; sents:    2393; bsz:  469/ 636/48; 6273/8511 tok/s;    212 sec;
[2024-03-12 10:41:27,309 INFO] Step 12400/15000; acc: 93.1; ppl:   1.3; xent: 0.2; lr: 1.00000; sents:    2393; bsz:  451/ 623/48; 7079/9780 tok/s;    216 sec;
[2024-03-12 10:41:30,930 INFO] valid stats calculation
                           took: 3.620209217071533 s.
[2024-03-12 10:41:30,930 INFO] Train perplexity: 3.10827
[2024-03-12 10:41:30,930 INFO] Train accuracy: 75.1196
[2024-03-12 10:41:30,930 INFO] Sentences processed: 113413
[2024-03-12 10:41:30,930 INFO] Average bsz:  450/ 620/47
[2024-03-12 10:41:30,930 INFO] Validation perplexity: 220.828
[2024-03-12 10:41:30,930 INFO] Validation accuracy: 41.3393
[2024-03-12 10:41:30,931 INFO] Saving checkpoint gt-ft-enc/gt-ft-enc_10000_03_step_12400.pt
[2024-03-12 10:41:34,844 INFO] Step 12450/15000; acc: 93.4; ppl:   1.2; xent: 0.2; lr: 1.00000; sents:    2391; bsz:  441/ 614/48; 2925/4073 tok/s;    223 sec;
[2024-03-12 10:41:38,604 INFO] Step 12500/15000; acc: 93.4; ppl:   1.3; xent: 0.2; lr: 1.00000; sents:    2290; bsz:  445/ 612/46; 5922/8133 tok/s;    227 sec;
[2024-03-12 10:41:42,419 INFO] Step 12550/15000; acc: 93.5; ppl:   1.2; xent: 0.2; lr: 1.00000; sents:    2391; bsz:  442/ 615/48; 5797/8056 tok/s;    231 sec;
[2024-03-12 10:41:45,340 INFO] Step 12600/15000; acc: 93.6; ppl:   1.2; xent: 0.2; lr: 1.00000; sents:    2303; bsz:  450/ 609/46; 7703/10423 tok/s;    234 sec;
[2024-03-12 10:41:48,900 INFO] valid stats calculation
                           took: 3.5594735145568848 s.
[2024-03-12 10:41:48,900 INFO] Train perplexity: 2.8996
[2024-03-12 10:41:48,900 INFO] Train accuracy: 76.516
[2024-03-12 10:41:48,900 INFO] Sentences processed: 122788
[2024-03-12 10:41:48,900 INFO] Average bsz:  449/ 620/47
[2024-03-12 10:41:48,900 INFO] Validation perplexity: 223.946
[2024-03-12 10:41:48,901 INFO] Validation accuracy: 41.4359
[2024-03-12 10:41:48,902 INFO] Saving checkpoint gt-ft-enc/gt-ft-enc_10000_03_step_12600.pt
[2024-03-12 10:41:53,051 INFO] Step 12650/15000; acc: 93.9; ppl:   1.2; xent: 0.2; lr: 1.00000; sents:    2399; bsz:  459/ 635/48; 2975/4117 tok/s;    241 sec;
[2024-03-12 10:41:56,697 INFO] Step 12700/15000; acc: 93.8; ppl:   1.2; xent: 0.2; lr: 1.00000; sents:    2400; bsz:  444/ 619/48; 6091/8492 tok/s;    245 sec;
[2024-03-12 10:42:00,395 INFO] Step 12750/15000; acc: 94.2; ppl:   1.2; xent: 0.2; lr: 1.00000; sents:    2307; bsz:  444/ 612/46; 6003/8273 tok/s;    249 sec;
[2024-03-12 10:42:03,115 INFO] Step 12800/15000; acc: 94.4; ppl:   1.2; xent: 0.2; lr: 1.00000; sents:    2401; bsz:  443/ 617/48; 8154/11350 tok/s;    251 sec;
[2024-03-12 10:42:06,681 INFO] valid stats calculation
                           took: 3.5652401447296143 s.
[2024-03-12 10:42:06,681 INFO] Train perplexity: 2.72562
[2024-03-12 10:42:06,681 INFO] Train accuracy: 77.7735
[2024-03-12 10:42:06,681 INFO] Sentences processed: 132295
[2024-03-12 10:42:06,681 INFO] Average bsz:  449/ 620/47
[2024-03-12 10:42:06,681 INFO] Validation perplexity: 214.695
[2024-03-12 10:42:06,681 INFO] Validation accuracy: 41.4681
[2024-03-12 10:42:06,683 INFO] Saving checkpoint gt-ft-enc/gt-ft-enc_10000_03_step_12800.pt
[2024-03-12 10:42:10,476 INFO] Step 12850/15000; acc: 94.4; ppl:   1.2; xent: 0.2; lr: 1.00000; sents:    2399; bsz:  453/ 630/48; 3077/4277 tok/s;    259 sec;
[2024-03-12 10:42:14,234 INFO] Step 12900/15000; acc: 94.5; ppl:   1.2; xent: 0.2; lr: 1.00000; sents:    2299; bsz:  448/ 613/46; 5960/8153 tok/s;    263 sec;
[2024-03-12 10:42:17,914 INFO] Step 12950/15000; acc: 94.8; ppl:   1.2; xent: 0.2; lr: 1.00000; sents:    2393; bsz:  444/ 616/48; 6029/8375 tok/s;    266 sec;
[2024-03-12 10:42:20,518 INFO] Step 13000/15000; acc: 94.7; ppl:   1.2; xent: 0.2; lr: 1.00000; sents:    2392; bsz:  461/ 637/48; 8852/12225 tok/s;    269 sec;
[2024-03-12 10:42:24,100 INFO] valid stats calculation
                           took: 3.5816071033477783 s.
[2024-03-12 10:42:24,100 INFO] Train perplexity: 2.57977
[2024-03-12 10:42:24,101 INFO] Train accuracy: 78.9016
[2024-03-12 10:42:24,101 INFO] Sentences processed: 141778
[2024-03-12 10:42:24,101 INFO] Average bsz:  449/ 620/47
[2024-03-12 10:42:24,101 INFO] Validation perplexity: 222.416
[2024-03-12 10:42:24,101 INFO] Validation accuracy: 42.4984
[2024-03-12 10:42:24,102 INFO] Saving checkpoint gt-ft-enc/gt-ft-enc_10000_03_step_13000.pt
[2024-03-12 10:42:26,751 INFO] Step 13050/15000; acc: 94.9; ppl:   1.2; xent: 0.2; lr: 1.00000; sents:    2391; bsz:  442/ 615/48; 3549/4934 tok/s;    275 sec;
[2024-03-12 10:42:29,421 INFO] Step 13100/15000; acc: 95.0; ppl:   1.2; xent: 0.2; lr: 1.00000; sents:    2293; bsz:  442/ 610/46; 8271/11418 tok/s;    278 sec;
[2024-03-12 10:42:33,065 INFO] Step 13150/15000; acc: 95.0; ppl:   1.2; xent: 0.2; lr: 1.00000; sents:    2392; bsz:  455/ 631/48; 6239/8653 tok/s;    281 sec;
[2024-03-12 10:42:36,814 INFO] Step 13200/15000; acc: 94.9; ppl:   1.2; xent: 0.2; lr: 1.00000; sents:    2304; bsz:  446/ 609/46; 5946/8128 tok/s;    285 sec;
[2024-03-12 10:42:40,267 INFO] valid stats calculation
                           took: 3.452277183532715 s.
[2024-03-12 10:42:40,268 INFO] Train perplexity: 2.45839
[2024-03-12 10:42:40,268 INFO] Train accuracy: 79.8986
[2024-03-12 10:42:40,268 INFO] Sentences processed: 151158
[2024-03-12 10:42:40,268 INFO] Average bsz:  449/ 620/47
[2024-03-12 10:42:40,268 INFO] Validation perplexity: 266.234
[2024-03-12 10:42:40,268 INFO] Validation accuracy: 41.9189
[2024-03-12 10:42:40,269 INFO] Saving checkpoint gt-ft-enc/gt-ft-enc_10000_03_step_13200.pt
[2024-03-12 10:42:43,452 INFO] Step 13250/15000; acc: 94.9; ppl:   1.2; xent: 0.2; lr: 1.00000; sents:    2399; bsz:  459/ 634/48; 3456/4775 tok/s;    292 sec;
[2024-03-12 10:42:46,218 INFO] Step 13300/15000; acc: 95.1; ppl:   1.2; xent: 0.2; lr: 1.00000; sents:    2401; bsz:  445/ 619/48; 8038/11193 tok/s;    294 sec;
[2024-03-12 10:42:49,833 INFO] Step 13350/15000; acc: 95.3; ppl:   1.2; xent: 0.2; lr: 1.00000; sents:    2403; bsz:  446/ 623/48; 6161/8620 tok/s;    298 sec;
[2024-03-12 10:42:53,586 INFO] Step 13400/15000; acc: 95.1; ppl:   1.2; xent: 0.2; lr: 1.00000; sents:    2400; bsz:  468/ 639/48; 6237/8518 tok/s;    302 sec;
[2024-03-12 10:42:56,989 INFO] valid stats calculation
                           took: 3.40289568901062 s.
[2024-03-12 10:42:56,990 INFO] Train perplexity: 2.35309
[2024-03-12 10:42:56,990 INFO] Train accuracy: 80.8059
[2024-03-12 10:42:56,990 INFO] Sentences processed: 160761
[2024-03-12 10:42:56,990 INFO] Average bsz:  449/ 620/47
[2024-03-12 10:42:56,990 INFO] Validation perplexity: 326.658
[2024-03-12 10:42:56,990 INFO] Validation accuracy: 41.0818
[2024-03-12 10:42:56,991 INFO] Saving checkpoint gt-ft-enc/gt-ft-enc_10000_03_step_13400.pt
[2024-03-12 10:43:00,033 INFO] Step 13450/15000; acc: 95.4; ppl:   1.2; xent: 0.2; lr: 1.00000; sents:    2303; bsz:  449/ 612/46; 3484/4748 tok/s;    308 sec;
[2024-03-12 10:43:03,011 INFO] Step 13500/15000; acc: 95.4; ppl:   1.2; xent: 0.2; lr: 1.00000; sents:    2282; bsz:  439/ 601/46; 7377/10101 tok/s;    311 sec;
[2024-03-12 10:43:06,705 INFO] Step 13550/15000; acc: 95.4; ppl:   1.2; xent: 0.2; lr: 1.00000; sents:    2505; bsz:  463/ 651/50; 6274/8812 tok/s;    315 sec;
[2024-03-12 10:43:10,488 INFO] Step 13600/15000; acc: 95.4; ppl:   1.2; xent: 0.2; lr: 1.00000; sents:    2280; bsz:  440/ 603/46; 5823/7969 tok/s;    319 sec;
[2024-03-12 10:43:13,968 INFO] valid stats calculation
                           took: 3.480321168899536 s.
[2024-03-12 10:43:13,969 INFO] Train perplexity: 2.26388
[2024-03-12 10:43:13,969 INFO] Train accuracy: 81.6135
[2024-03-12 10:43:13,969 INFO] Sentences processed: 170131
[2024-03-12 10:43:13,969 INFO] Average bsz:  449/ 620/47
[2024-03-12 10:43:13,969 INFO] Validation perplexity: 278.301
[2024-03-12 10:43:13,969 INFO] Validation accuracy: 41.6935
[2024-03-12 10:43:13,970 INFO] Saving checkpoint gt-ft-enc/gt-ft-enc_10000_03_step_13600.pt
[2024-03-12 10:43:16,677 INFO] Step 13650/15000; acc: 95.6; ppl:   1.2; xent: 0.1; lr: 1.00000; sents:    2391; bsz:  454/ 627/48; 3665/5066 tok/s;    325 sec;
[2024-03-12 10:43:19,838 INFO] Step 13700/15000; acc: 95.7; ppl:   1.2; xent: 0.1; lr: 1.00000; sents:    2278; bsz:  424/ 586/46; 6702/9270 tok/s;    328 sec;
[2024-03-12 10:43:23,629 INFO] Step 13750/15000; acc: 95.7; ppl:   1.2; xent: 0.1; lr: 1.00000; sents:    2399; bsz:  460/ 634/48; 6064/8359 tok/s;    332 sec;
[2024-03-12 10:43:27,417 INFO] Step 13800/15000; acc: 95.5; ppl:   1.2; xent: 0.1; lr: 1.00000; sents:    2404; bsz:  449/ 624/48; 5923/8239 tok/s;    336 sec;
[2024-03-12 10:43:30,774 INFO] valid stats calculation
                           took: 3.3565878868103027 s.
[2024-03-12 10:43:30,775 INFO] Train perplexity: 2.18579
[2024-03-12 10:43:30,775 INFO] Train accuracy: 82.3499
[2024-03-12 10:43:30,775 INFO] Sentences processed: 179603
[2024-03-12 10:43:30,775 INFO] Average bsz:  449/ 620/47
[2024-03-12 10:43:30,775 INFO] Validation perplexity: 242.923
[2024-03-12 10:43:30,775 INFO] Validation accuracy: 42.0798
[2024-03-12 10:43:30,776 INFO] Saving checkpoint gt-ft-enc/gt-ft-enc_10000_03_step_13800.pt
[2024-03-12 10:43:33,512 INFO] Step 13850/15000; acc: 95.7; ppl:   1.2; xent: 0.1; lr: 1.00000; sents:    2298; bsz:  462/ 618/46; 3787/5069 tok/s;    342 sec;
[2024-03-12 10:43:36,955 INFO] Step 13900/15000; acc: 95.9; ppl:   1.2; xent: 0.1; lr: 1.00000; sents:    2404; bsz:  441/ 619/48; 6401/8989 tok/s;    345 sec;
[2024-03-12 10:43:40,671 INFO] Step 13950/15000; acc: 95.7; ppl:   1.2; xent: 0.1; lr: 1.00000; sents:    2401; bsz:  442/ 618/48; 5954/8315 tok/s;    349 sec;
[2024-03-12 10:43:44,543 INFO] Step 14000/15000; acc: 95.9; ppl:   1.1; xent: 0.1; lr: 1.00000; sents:    2302; bsz:  473/ 631/46; 6105/8144 tok/s;    353 sec;
[2024-03-12 10:43:47,991 INFO] valid stats calculation
                           took: 3.4472122192382812 s.
[2024-03-12 10:43:47,991 INFO] Train perplexity: 2.11701
[2024-03-12 10:43:47,992 INFO] Train accuracy: 83.0228
[2024-03-12 10:43:47,992 INFO] Sentences processed: 189008
[2024-03-12 10:43:47,992 INFO] Average bsz:  449/ 620/47
[2024-03-12 10:43:47,992 INFO] Validation perplexity: 271.784
[2024-03-12 10:43:47,992 INFO] Validation accuracy: 42.7882
[2024-03-12 10:43:47,993 INFO] Saving checkpoint gt-ft-enc/gt-ft-enc_10000_03_step_14000.pt
[2024-03-12 10:43:50,641 INFO] Step 14050/15000; acc: 95.8; ppl:   1.1; xent: 0.1; lr: 1.00000; sents:    2396; bsz:  448/ 622/48; 3672/5097 tok/s;    359 sec;
[2024-03-12 10:43:54,371 INFO] Step 14100/15000; acc: 95.9; ppl:   1.1; xent: 0.1; lr: 1.00000; sents:    2393; bsz:  451/ 628/48; 6047/8423 tok/s;    363 sec;
[2024-03-12 10:43:58,100 INFO] Step 14150/15000; acc: 96.0; ppl:   1.1; xent: 0.1; lr: 1.00000; sents:    2393; bsz:  442/ 614/48; 5920/8226 tok/s;    366 sec;
[2024-03-12 10:44:01,821 INFO] Step 14200/15000; acc: 96.0; ppl:   1.1; xent: 0.1; lr: 1.00000; sents:    2290; bsz:  440/ 603/46; 5912/8096 tok/s;    370 sec;
[2024-03-12 10:44:05,313 INFO] valid stats calculation
                           took: 3.4913532733917236 s.
[2024-03-12 10:44:05,313 INFO] Train perplexity: 2.05648
[2024-03-12 10:44:05,314 INFO] Train accuracy: 83.6338
[2024-03-12 10:44:05,314 INFO] Sentences processed: 198480
[2024-03-12 10:44:05,314 INFO] Average bsz:  449/ 620/47
[2024-03-12 10:44:05,314 INFO] Validation perplexity: 313.308
[2024-03-12 10:44:05,314 INFO] Validation accuracy: 41.8545
[2024-03-12 10:44:05,315 INFO] Saving checkpoint gt-ft-enc/gt-ft-enc_10000_03_step_14200.pt
[2024-03-12 10:44:08,269 INFO] Step 14250/15000; acc: 95.9; ppl:   1.1; xent: 0.1; lr: 1.00000; sents:    2294; bsz:  445/ 603/46; 3453/4678 tok/s;    377 sec;
[2024-03-12 10:44:12,036 INFO] Step 14300/15000; acc: 95.9; ppl:   1.2; xent: 0.1; lr: 1.00000; sents:    2391; bsz:  444/ 620/48; 5899/8232 tok/s;    380 sec;
[2024-03-12 10:44:15,837 INFO] Step 14350/15000; acc: 95.9; ppl:   1.2; xent: 0.1; lr: 1.00000; sents:    2400; bsz:  459/ 634/48; 6044/8345 tok/s;    384 sec;
[2024-03-12 10:44:19,781 INFO] Step 14400/15000; acc: 95.9; ppl:   1.1; xent: 0.1; lr: 1.00000; sents:    2303; bsz:  449/ 616/46; 5690/7809 tok/s;    388 sec;
[2024-03-12 10:44:23,295 INFO] valid stats calculation
                           took: 3.5132594108581543 s.
[2024-03-12 10:44:23,295 INFO] Train perplexity: 2.00297
[2024-03-12 10:44:23,295 INFO] Train accuracy: 84.1915
[2024-03-12 10:44:23,295 INFO] Sentences processed: 207868
[2024-03-12 10:44:23,295 INFO] Average bsz:  449/ 620/47
[2024-03-12 10:44:23,295 INFO] Validation perplexity: 299.943
[2024-03-12 10:44:23,295 INFO] Validation accuracy: 42.3696
[2024-03-12 10:44:23,297 INFO] Saving checkpoint gt-ft-enc/gt-ft-enc_10000_03_step_14400.pt
[2024-03-12 10:44:26,473 INFO] Step 14450/15000; acc: 96.1; ppl:   1.1; xent: 0.1; lr: 1.00000; sents:    2400; bsz:  441/ 616/48; 3295/4600 tok/s;    395 sec;
[2024-03-12 10:44:30,137 INFO] Step 14500/15000; acc: 96.0; ppl:   1.1; xent: 0.1; lr: 1.00000; sents:    2403; bsz:  451/ 626/48; 6152/8547 tok/s;    398 sec;
[2024-03-12 10:44:33,903 INFO] Step 14550/15000; acc: 96.0; ppl:   1.1; xent: 0.1; lr: 1.00000; sents:    2401; bsz:  462/ 640/48; 6136/8502 tok/s;    402 sec;
[2024-03-12 10:44:37,621 INFO] Step 14600/15000; acc: 96.2; ppl:   1.1; xent: 0.1; lr: 1.00000; sents:    2399; bsz:  444/ 618/48; 5974/8310 tok/s;    406 sec;
[2024-03-12 10:44:41,151 INFO] valid stats calculation
                           took: 3.5288217067718506 s.
[2024-03-12 10:44:41,151 INFO] Train perplexity: 1.95419
[2024-03-12 10:44:41,151 INFO] Train accuracy: 84.7134
[2024-03-12 10:44:41,151 INFO] Sentences processed: 217471
[2024-03-12 10:44:41,151 INFO] Average bsz:  449/ 620/47
[2024-03-12 10:44:41,151 INFO] Validation perplexity: 412.896
[2024-03-12 10:44:41,151 INFO] Validation accuracy: 42.0155
[2024-03-12 10:44:41,153 INFO] Saving checkpoint gt-ft-enc/gt-ft-enc_10000_03_step_14600.pt
[2024-03-12 10:44:44,551 INFO] Step 14650/15000; acc: 96.3; ppl:   1.1; xent: 0.1; lr: 1.00000; sents:    2299; bsz:  448/ 612/46; 3232/4415 tok/s;    413 sec;
[2024-03-12 10:44:48,279 INFO] Step 14700/15000; acc: 96.2; ppl:   1.1; xent: 0.1; lr: 1.00000; sents:    2393; bsz:  443/ 615/48; 5942/8253 tok/s;    417 sec;
[2024-03-12 10:44:51,982 INFO] Step 14750/15000; acc: 96.4; ppl:   1.1; xent: 0.1; lr: 1.00000; sents:    2392; bsz:  454/ 630/48; 6138/8506 tok/s;    420 sec;
[2024-03-12 10:44:55,701 INFO] Step 14800/15000; acc: 96.4; ppl:   1.1; xent: 0.1; lr: 1.00000; sents:    2293; bsz:  442/ 610/46; 5940/8206 tok/s;    424 sec;
[2024-03-12 10:44:59,292 INFO] valid stats calculation
                           took: 3.590571641921997 s.
[2024-03-12 10:44:59,292 INFO] Train perplexity: 1.91056
[2024-03-12 10:44:59,293 INFO] Train accuracy: 85.1941
[2024-03-12 10:44:59,293 INFO] Sentences processed: 226848
[2024-03-12 10:44:59,293 INFO] Average bsz:  449/ 620/47
[2024-03-12 10:44:59,293 INFO] Validation perplexity: 388.684
[2024-03-12 10:44:59,293 INFO] Validation accuracy: 41.8867
[2024-03-12 10:44:59,294 INFO] Saving checkpoint gt-ft-enc/gt-ft-enc_10000_03_step_14800.pt
[2024-03-12 10:45:02,797 INFO] Step 14850/15000; acc: 96.4; ppl:   1.1; xent: 0.1; lr: 1.00000; sents:    2295; bsz:  446/ 609/46; 3141/4292 tok/s;    431 sec;
[2024-03-12 10:45:06,522 INFO] Step 14900/15000; acc: 96.4; ppl:   1.1; xent: 0.1; lr: 1.00000; sents:    2392; bsz:  444/ 618/48; 5962/8299 tok/s;    435 sec;
[2024-03-12 10:45:10,230 INFO] Step 14950/15000; acc: 96.2; ppl:   1.1; xent: 0.1; lr: 1.00000; sents:    2400; bsz:  459/ 632/48; 6191/8523 tok/s;    439 sec;
[2024-03-12 10:45:13,942 INFO] Step 15000/15000; acc: 96.2; ppl:   1.1; xent: 0.1; lr: 1.00000; sents:    2399; bsz:  444/ 622/48; 5978/8383 tok/s;    442 sec;
[2024-03-12 10:45:17,544 INFO] valid stats calculation
                           took: 3.6016552448272705 s.
[2024-03-12 10:45:17,545 INFO] Train perplexity: 1.87113
[2024-03-12 10:45:17,545 INFO] Train accuracy: 85.6387
[2024-03-12 10:45:17,545 INFO] Sentences processed: 236334
[2024-03-12 10:45:17,545 INFO] Average bsz:  449/ 620/47
[2024-03-12 10:45:17,545 INFO] Validation perplexity: 381.588
[2024-03-12 10:45:17,545 INFO] Validation accuracy: 42.0798
[2024-03-12 10:45:17,546 INFO] Saving checkpoint gt-ft-enc/gt-ft-enc_10000_03_step_15000.pt
