[2024-03-12 09:28:06,337 WARNING] Corpus corpus_1's weight should be given. We default it to 1 for you.
[2024-03-12 09:28:06,337 INFO] Parsed 2 corpora from -data.
[2024-03-12 09:28:06,337 INFO] Loading checkpoint from gt-pt-enc/models/gt-pt-enc_01_step_8400.pt
[2024-03-12 09:28:06,420 INFO] Building model...
[2024-03-12 09:28:06,477 INFO] Switching model to float32 for amp/apex_amp
[2024-03-12 09:28:06,477 INFO] Non quantized layer compute is fp32
[2024-03-12 09:28:08,272 INFO] NMTModel(
  (encoder): RNNEncoder(
    (embeddings): Embeddings(
      (make_embedding): Sequential(
        (emb_luts): Elementwise(
          (0): Embedding(14144, 300, padding_idx=1)
        )
      )
      (dropout): Dropout(p=0.3, inplace=False)
    )
    (rnn): LSTM(300, 500, num_layers=2, batch_first=True, dropout=0.3)
  )
  (decoder): InputFeedRNNDecoder(
    (embeddings): Embeddings(
      (make_embedding): Sequential(
        (emb_luts): Elementwise(
          (0): Embedding(17816, 300, padding_idx=1)
        )
      )
      (dropout): Dropout(p=0.3, inplace=False)
    )
    (dropout): Dropout(p=0.3, inplace=False)
    (rnn): StackedLSTM(
      (dropout): Dropout(p=0.3, inplace=False)
      (layers): ModuleList(
        (0): LSTMCell(800, 500)
        (1): LSTMCell(500, 500)
      )
    )
    (attn): GlobalAttention(
      (linear_in): Linear(in_features=500, out_features=500, bias=False)
      (linear_out): Linear(in_features=1000, out_features=500, bias=False)
    )
  )
  (generator): Linear(in_features=500, out_features=17816, bias=True)
)
[2024-03-12 09:28:08,273 INFO] encoder: 7851200
[2024-03-12 09:28:08,273 INFO] decoder: 19628616
[2024-03-12 09:28:08,273 INFO] * number of parameters: 27479816
[2024-03-12 09:28:08,273 INFO] Trainable parameters = {'torch.float32': 27479816, 'torch.float16': 0, 'torch.uint8': 0, 'torch.int8': 0}
[2024-03-12 09:28:08,273 INFO] Non trainable parameters = {'torch.float32': 0, 'torch.float16': 0, 'torch.uint8': 0, 'torch.int8': 0}
[2024-03-12 09:28:08,273 INFO]  * src vocab size = 14144
[2024-03-12 09:28:08,273 INFO]  * tgt vocab size = 17816
[2024-03-12 09:28:08,274 INFO] Starting training on GPU: [0]
[2024-03-12 09:28:08,275 INFO] Start training loop and validate every 200 steps...
[2024-03-12 09:28:08,275 INFO] Scoring with: TransformPipe(InferFeatsTransform())
[2024-03-12 09:28:14,110 INFO] Step 8450/13400; acc: 20.2; ppl: 337.8; xent: 5.8; lr: 1.00000; sents:    2393; bsz:  448/ 625/48; 3842/5356 tok/s;      6 sec;
[2024-03-12 09:28:16,576 INFO] Step 8500/13400; acc: 28.7; ppl:  73.8; xent: 4.3; lr: 1.00000; sents:    2296; bsz:  448/ 611/46; 9081/12391 tok/s;      8 sec;
[2024-03-12 09:28:19,011 INFO] Step 8550/13400; acc: 34.7; ppl:  40.6; xent: 3.7; lr: 1.00000; sents:    2391; bsz:  464/ 635/48; 9535/13042 tok/s;     11 sec;
[2024-03-12 09:28:21,381 INFO] Step 8600/13400; acc: 40.5; ppl:  24.3; xent: 3.2; lr: 1.00000; sents:    2391; bsz:  439/ 616/48; 9261/12999 tok/s;     13 sec;
[2024-03-12 09:28:24,740 INFO] valid stats calculation
                           took: 3.3587565422058105 s.
[2024-03-12 09:28:24,741 INFO] Train perplexity: 70.5022
[2024-03-12 09:28:24,741 INFO] Train accuracy: 31.0546
[2024-03-12 09:28:24,741 INFO] Sentences processed: 9471
[2024-03-12 09:28:24,741 INFO] Average bsz:  450/ 622/47
[2024-03-12 09:28:24,741 INFO] Validation perplexity: 55.7429
[2024-03-12 09:28:24,741 INFO] Validation accuracy: 35.1256
[2024-03-12 09:28:24,742 INFO] Saving checkpoint gt-ft-enc/gt-ft-enc_8400_01_step_8600.pt
[2024-03-12 09:28:27,332 INFO] Step 8650/13400; acc: 44.1; ppl:  17.9; xent: 2.9; lr: 1.00000; sents:    2280; bsz:  436/ 599/46; 3666/5033 tok/s;     19 sec;
[2024-03-12 09:28:29,782 INFO] Step 8700/13400; acc: 47.1; ppl:  14.4; xent: 2.7; lr: 1.00000; sents:    2400; bsz:  466/ 638/48; 9505/13011 tok/s;     22 sec;
[2024-03-12 09:28:32,275 INFO] Step 8750/13400; acc: 51.3; ppl:  10.5; xent: 2.3; lr: 1.00000; sents:    2405; bsz:  447/ 621/48; 8962/12466 tok/s;     24 sec;
[2024-03-12 09:28:34,805 INFO] Step 8800/13400; acc: 53.4; ppl:   9.0; xent: 2.2; lr: 1.00000; sents:    2406; bsz:  464/ 639/48; 9179/12624 tok/s;     27 sec;
[2024-03-12 09:28:38,361 INFO] valid stats calculation
                           took: 3.5552585124969482 s.
[2024-03-12 09:28:38,361 INFO] Train perplexity: 29.5666
[2024-03-12 09:28:38,361 INFO] Train accuracy: 40.0563
[2024-03-12 09:28:38,361 INFO] Sentences processed: 18962
[2024-03-12 09:28:38,361 INFO] Average bsz:  452/ 623/47
[2024-03-12 09:28:38,361 INFO] Validation perplexity: 59.4632
[2024-03-12 09:28:38,361 INFO] Validation accuracy: 37.1861
[2024-03-12 09:28:38,363 INFO] Saving checkpoint gt-ft-enc/gt-ft-enc_8400_01_step_8800.pt
[2024-03-12 09:28:42,052 INFO] Step 8850/13400; acc: 56.3; ppl:   7.3; xent: 2.0; lr: 1.00000; sents:    2301; bsz:  445/ 609/46; 3074/4200 tok/s;     34 sec;
[2024-03-12 09:28:45,592 INFO] Step 8900/13400; acc: 58.8; ppl:   6.2; xent: 1.8; lr: 1.00000; sents:    2399; bsz:  455/ 629/48; 6428/8880 tok/s;     37 sec;
[2024-03-12 09:28:49,057 INFO] Step 8950/13400; acc: 62.2; ppl:   5.1; xent: 1.6; lr: 1.00000; sents:    2396; bsz:  443/ 617/48; 6391/8906 tok/s;     41 sec;
[2024-03-12 09:28:52,106 INFO] Step 9000/13400; acc: 64.0; ppl:   4.6; xent: 1.5; lr: 1.00000; sents:    2281; bsz:  437/ 600/46; 7165/9845 tok/s;     44 sec;
[2024-03-12 09:28:55,758 INFO] valid stats calculation
                           took: 3.6517088413238525 s.
[2024-03-12 09:28:55,758 INFO] Train perplexity: 17.1586
[2024-03-12 09:28:55,758 INFO] Train accuracy: 46.7417
[2024-03-12 09:28:55,758 INFO] Sentences processed: 28339
[2024-03-12 09:28:55,758 INFO] Average bsz:  449/ 620/47
[2024-03-12 09:28:55,758 INFO] Validation perplexity: 69.2941
[2024-03-12 09:28:55,758 INFO] Validation accuracy: 39.4076
[2024-03-12 09:28:55,760 INFO] Saving checkpoint gt-ft-enc/gt-ft-enc_8400_01_step_9000.pt
[2024-03-12 09:28:59,477 INFO] Step 9050/13400; acc: 65.4; ppl:   4.2; xent: 1.4; lr: 1.00000; sents:    2393; bsz:  450/ 623/48; 3053/4224 tok/s;     51 sec;
[2024-03-12 09:29:03,085 INFO] Step 9100/13400; acc: 67.1; ppl:   3.8; xent: 1.3; lr: 1.00000; sents:    2295; bsz:  450/ 615/46; 6237/8522 tok/s;     55 sec;
[2024-03-12 09:29:06,796 INFO] Step 9150/13400; acc: 69.4; ppl:   3.4; xent: 1.2; lr: 1.00000; sents:    2391; bsz:  469/ 636/48; 6317/8568 tok/s;     59 sec;
[2024-03-12 09:29:09,627 INFO] Step 9200/13400; acc: 71.6; ppl:   3.0; xent: 1.1; lr: 1.00000; sents:    2391; bsz:  449/ 624/48; 7938/11021 tok/s;     61 sec;
[2024-03-12 09:29:13,280 INFO] valid stats calculation
                           took: 3.6523947715759277 s.
[2024-03-12 09:29:13,280 INFO] Train perplexity: 11.5518
[2024-03-12 09:29:13,280 INFO] Train accuracy: 52.179
[2024-03-12 09:29:13,280 INFO] Sentences processed: 37809
[2024-03-12 09:29:13,280 INFO] Average bsz:  451/ 621/47
[2024-03-12 09:29:13,280 INFO] Validation perplexity: 77.7294
[2024-03-12 09:29:13,280 INFO] Validation accuracy: 40.0837
[2024-03-12 09:29:13,282 INFO] Saving checkpoint gt-ft-enc/gt-ft-enc_8400_01_step_9200.pt
[2024-03-12 09:29:16,986 INFO] Step 9250/13400; acc: 72.8; ppl:   2.8; xent: 1.0; lr: 1.00000; sents:    2399; bsz:  443/ 617/48; 3012/4191 tok/s;     69 sec;
[2024-03-12 09:29:20,654 INFO] Step 9300/13400; acc: 73.6; ppl:   2.7; xent: 1.0; lr: 1.00000; sents:    2299; bsz:  443/ 606/46; 6040/8261 tok/s;     72 sec;
[2024-03-12 09:29:24,255 INFO] Step 9350/13400; acc: 76.2; ppl:   2.4; xent: 0.9; lr: 1.00000; sents:    2401; bsz:  445/ 620/48; 6176/8608 tok/s;     76 sec;
[2024-03-12 09:29:26,884 INFO] Step 9400/13400; acc: 77.1; ppl:   2.3; xent: 0.8; lr: 1.00000; sents:    2305; bsz:  449/ 608/46; 8531/11557 tok/s;     79 sec;
[2024-03-12 09:29:30,422 INFO] valid stats calculation
                           took: 3.5368454456329346 s.
[2024-03-12 09:29:30,422 INFO] Train perplexity: 8.57269
[2024-03-12 09:29:30,422 INFO] Train accuracy: 56.6838
[2024-03-12 09:29:30,422 INFO] Sentences processed: 47213
[2024-03-12 09:29:30,422 INFO] Average bsz:  450/ 619/47
[2024-03-12 09:29:30,422 INFO] Validation perplexity: 86.2642
[2024-03-12 09:29:30,422 INFO] Validation accuracy: 41.1784
[2024-03-12 09:29:30,424 INFO] Saving checkpoint gt-ft-enc/gt-ft-enc_8400_01_step_9400.pt
[2024-03-12 09:29:34,202 INFO] Step 9450/13400; acc: 77.5; ppl:   2.3; xent: 0.8; lr: 1.00000; sents:    2401; bsz:  457/ 634/48; 3125/4329 tok/s;     86 sec;
[2024-03-12 09:29:37,860 INFO] Step 9500/13400; acc: 79.4; ppl:   2.1; xent: 0.7; lr: 1.00000; sents:    2303; bsz:  443/ 610/46; 6058/8343 tok/s;     90 sec;
[2024-03-12 09:29:41,370 INFO] Step 9550/13400; acc: 81.1; ppl:   2.0; xent: 0.7; lr: 1.00000; sents:    2395; bsz:  442/ 616/48; 6298/8777 tok/s;     93 sec;
[2024-03-12 09:29:43,905 INFO] Step 9600/13400; acc: 82.0; ppl:   1.9; xent: 0.6; lr: 1.00000; sents:    2393; bsz:  454/ 629/48; 8960/12406 tok/s;     96 sec;
[2024-03-12 09:29:47,381 INFO] valid stats calculation
                           took: 3.4754738807678223 s.
[2024-03-12 09:29:47,381 INFO] Train perplexity: 6.74925
[2024-03-12 09:29:47,381 INFO] Train accuracy: 60.5803
[2024-03-12 09:29:47,381 INFO] Sentences processed: 56705
[2024-03-12 09:29:47,381 INFO] Average bsz:  449/ 620/47
[2024-03-12 09:29:47,381 INFO] Validation perplexity: 102.492
[2024-03-12 09:29:47,381 INFO] Validation accuracy: 39.7939
[2024-03-12 09:29:47,383 INFO] Saving checkpoint gt-ft-enc/gt-ft-enc_8400_01_step_9600.pt
[2024-03-12 09:29:51,112 INFO] Step 9650/13400; acc: 83.0; ppl:   1.8; xent: 0.6; lr: 1.00000; sents:    2392; bsz:  444/ 617/48; 3081/4281 tok/s;    103 sec;
[2024-03-12 09:29:54,800 INFO] Step 9700/13400; acc: 83.1; ppl:   1.8; xent: 0.6; lr: 1.00000; sents:    2295; bsz:  463/ 629/46; 6278/8534 tok/s;    107 sec;
[2024-03-12 09:29:58,278 INFO] Step 9750/13400; acc: 84.9; ppl:   1.7; xent: 0.5; lr: 1.00000; sents:    2391; bsz:  444/ 618/48; 6383/8883 tok/s;    110 sec;
[2024-03-12 09:30:00,801 INFO] Step 9800/13400; acc: 85.2; ppl:   1.7; xent: 0.5; lr: 1.00000; sents:    2391; bsz:  454/ 630/48; 9000/12485 tok/s;    113 sec;
[2024-03-12 09:30:04,283 INFO] valid stats calculation
                           took: 3.481656074523926 s.
[2024-03-12 09:30:04,284 INFO] Train perplexity: 5.55817
[2024-03-12 09:30:04,284 INFO] Train accuracy: 63.9554
[2024-03-12 09:30:04,284 INFO] Sentences processed: 66174
[2024-03-12 09:30:04,284 INFO] Average bsz:  450/ 620/47
[2024-03-12 09:30:04,284 INFO] Validation perplexity: 119.386
[2024-03-12 09:30:04,284 INFO] Validation accuracy: 42.3696
[2024-03-12 09:30:04,285 INFO] Saving checkpoint gt-ft-enc/gt-ft-enc_8400_01_step_9800.pt
[2024-03-12 09:30:07,996 INFO] Step 9850/13400; acc: 86.0; ppl:   1.6; xent: 0.5; lr: 1.00000; sents:    2303; bsz:  430/ 597/46; 2991/4146 tok/s;    120 sec;
[2024-03-12 09:30:11,771 INFO] Step 9900/13400; acc: 86.7; ppl:   1.6; xent: 0.5; lr: 1.00000; sents:    2399; bsz:  457/ 633/48; 6049/8387 tok/s;    123 sec;
[2024-03-12 09:30:15,018 INFO] Step 9950/13400; acc: 87.4; ppl:   1.5; xent: 0.4; lr: 1.00000; sents:    2401; bsz:  446/ 620/48; 6864/9542 tok/s;    127 sec;
[2024-03-12 09:30:17,548 INFO] Step 10000/13400; acc: 87.6; ppl:   1.5; xent: 0.4; lr: 1.00000; sents:    2307; bsz:  445/ 610/46; 8797/12050 tok/s;    129 sec;
[2024-03-12 09:30:21,028 INFO] valid stats calculation
                           took: 3.4799208641052246 s.
[2024-03-12 09:30:21,029 INFO] Train perplexity: 4.74877
[2024-03-12 09:30:21,029 INFO] Train accuracy: 66.8049
[2024-03-12 09:30:21,029 INFO] Sentences processed: 75584
[2024-03-12 09:30:21,029 INFO] Average bsz:  449/ 620/47
[2024-03-12 09:30:21,029 INFO] Validation perplexity: 117.029
[2024-03-12 09:30:21,029 INFO] Validation accuracy: 42.7882
[2024-03-12 09:30:21,030 INFO] Saving checkpoint gt-ft-enc/gt-ft-enc_8400_01_step_10000.pt
[2024-03-12 09:30:24,879 INFO] Step 10050/13400; acc: 88.5; ppl:   1.5; xent: 0.4; lr: 1.00000; sents:    2400; bsz:  455/ 629/48; 3105/4293 tok/s;    137 sec;
[2024-03-12 09:30:28,510 INFO] Step 10100/13400; acc: 88.8; ppl:   1.5; xent: 0.4; lr: 1.00000; sents:    2399; bsz:  446/ 624/48; 6141/8590 tok/s;    140 sec;
[2024-03-12 09:30:31,617 INFO] Step 10150/13400; acc: 88.8; ppl:   1.5; xent: 0.4; lr: 1.00000; sents:    2298; bsz:  468/ 625/46; 7538/10053 tok/s;    143 sec;
[2024-03-12 09:30:34,464 INFO] Step 10200/13400; acc: 90.0; ppl:   1.4; xent: 0.3; lr: 1.00000; sents:    2393; bsz:  447/ 624/48; 7862/10970 tok/s;    146 sec;
[2024-03-12 09:30:37,902 INFO] valid stats calculation
                           took: 3.438058376312256 s.
[2024-03-12 09:30:37,903 INFO] Train perplexity: 4.1572
[2024-03-12 09:30:37,903 INFO] Train accuracy: 69.295
[2024-03-12 09:30:37,903 INFO] Sentences processed: 85074
[2024-03-12 09:30:37,903 INFO] Average bsz:  450/ 620/47
[2024-03-12 09:30:37,903 INFO] Validation perplexity: 135.269
[2024-03-12 09:30:37,903 INFO] Validation accuracy: 42.6594
[2024-03-12 09:30:37,905 INFO] Saving checkpoint gt-ft-enc/gt-ft-enc_8400_01_step_10200.pt
[2024-03-12 09:30:41,766 INFO] Step 10250/13400; acc: 90.4; ppl:   1.4; xent: 0.3; lr: 1.00000; sents:    2392; bsz:  442/ 619/48; 3028/4238 tok/s;    153 sec;
[2024-03-12 09:30:45,599 INFO] Step 10300/13400; acc: 89.9; ppl:   1.4; xent: 0.3; lr: 1.00000; sents:    2391; bsz:  462/ 634/48; 6032/8270 tok/s;    157 sec;
[2024-03-12 09:30:48,346 INFO] Step 10350/13400; acc: 90.7; ppl:   1.4; xent: 0.3; lr: 1.00000; sents:    2279; bsz:  437/ 599/46; 7950/10910 tok/s;    160 sec;
[2024-03-12 09:30:51,453 INFO] Step 10400/13400; acc: 91.0; ppl:   1.3; xent: 0.3; lr: 1.00000; sents:    2286; bsz:  439/ 602/46; 7061/9679 tok/s;    163 sec;
[2024-03-12 09:30:54,891 INFO] valid stats calculation
                           took: 3.437203884124756 s.
[2024-03-12 09:30:54,891 INFO] Train perplexity: 3.72622
[2024-03-12 09:30:54,891 INFO] Train accuracy: 71.3935
[2024-03-12 09:30:54,891 INFO] Sentences processed: 94422
[2024-03-12 09:30:54,891 INFO] Average bsz:  449/ 620/47
[2024-03-12 09:30:54,891 INFO] Validation perplexity: 140.449
[2024-03-12 09:30:54,891 INFO] Validation accuracy: 42.0798
[2024-03-12 09:30:54,893 INFO] Saving checkpoint gt-ft-enc/gt-ft-enc_8400_01_step_10400.pt
[2024-03-12 09:30:58,713 INFO] Step 10450/13400; acc: 91.5; ppl:   1.3; xent: 0.3; lr: 1.00000; sents:    2506; bsz:  461/ 647/50; 3177/4457 tok/s;    170 sec;
[2024-03-12 09:31:02,450 INFO] Step 10500/13400; acc: 91.4; ppl:   1.3; xent: 0.3; lr: 1.00000; sents:    2302; bsz:  447/ 610/46; 5976/8163 tok/s;    174 sec;
[2024-03-12 09:31:05,112 INFO] Step 10550/13400; acc: 92.1; ppl:   1.3; xent: 0.3; lr: 1.00000; sents:    2406; bsz:  446/ 621/48; 8379/11669 tok/s;    177 sec;
[2024-03-12 09:31:08,396 INFO] Step 10600/13400; acc: 92.1; ppl:   1.3; xent: 0.3; lr: 1.00000; sents:    2293; bsz:  440/ 603/46; 6700/9177 tok/s;    180 sec;
[2024-03-12 09:31:11,840 INFO] valid stats calculation
                           took: 3.4435136318206787 s.
[2024-03-12 09:31:11,840 INFO] Train perplexity: 3.39061
[2024-03-12 09:31:11,840 INFO] Train accuracy: 73.2454
[2024-03-12 09:31:11,840 INFO] Sentences processed: 103929
[2024-03-12 09:31:11,840 INFO] Average bsz:  449/ 620/47
[2024-03-12 09:31:11,840 INFO] Validation perplexity: 195.127
[2024-03-12 09:31:11,840 INFO] Validation accuracy: 40.7276
[2024-03-12 09:31:11,842 INFO] Saving checkpoint gt-ft-enc/gt-ft-enc_8400_01_step_10600.pt
[2024-03-12 09:31:15,687 INFO] Step 10650/13400; acc: 92.2; ppl:   1.3; xent: 0.3; lr: 1.00000; sents:    2399; bsz:  455/ 629/48; 3120/4313 tok/s;    187 sec;
[2024-03-12 09:31:19,037 INFO] Step 10700/13400; acc: 92.7; ppl:   1.3; xent: 0.3; lr: 1.00000; sents:    2396; bsz:  447/ 620/48; 6671/9258 tok/s;    191 sec;
[2024-03-12 09:31:21,672 INFO] Step 10750/13400; acc: 92.1; ppl:   1.3; xent: 0.3; lr: 1.00000; sents:    2296; bsz:  472/ 630/46; 8964/11969 tok/s;    193 sec;
[2024-03-12 09:31:25,193 INFO] Step 10800/13400; acc: 93.0; ppl:   1.3; xent: 0.2; lr: 1.00000; sents:    2393; bsz:  451/ 623/48; 6401/8844 tok/s;    197 sec;
[2024-03-12 09:31:28,682 INFO] valid stats calculation
                           took: 3.488546848297119 s.
[2024-03-12 09:31:28,682 INFO] Train perplexity: 3.12635
[2024-03-12 09:31:28,682 INFO] Train accuracy: 74.8635
[2024-03-12 09:31:28,682 INFO] Sentences processed: 113413
[2024-03-12 09:31:28,682 INFO] Average bsz:  450/ 620/47
[2024-03-12 09:31:28,682 INFO] Validation perplexity: 177.224
[2024-03-12 09:31:28,682 INFO] Validation accuracy: 43.0457
[2024-03-12 09:31:28,684 INFO] Saving checkpoint gt-ft-enc/gt-ft-enc_8400_01_step_10800.pt
[2024-03-12 09:31:32,481 INFO] Step 10850/13400; acc: 93.2; ppl:   1.3; xent: 0.2; lr: 1.00000; sents:    2391; bsz:  448/ 624/48; 3076/4279 tok/s;    204 sec;
[2024-03-12 09:31:35,732 INFO] Step 10900/13400; acc: 93.1; ppl:   1.3; xent: 0.2; lr: 1.00000; sents:    2290; bsz:  438/ 602/46; 6735/9253 tok/s;    207 sec;
[2024-03-12 09:31:38,251 INFO] Step 10950/13400; acc: 93.6; ppl:   1.2; xent: 0.2; lr: 1.00000; sents:    2391; bsz:  442/ 615/48; 8781/12202 tok/s;    210 sec;
[2024-03-12 09:31:42,000 INFO] Step 11000/13400; acc: 93.2; ppl:   1.3; xent: 0.2; lr: 1.00000; sents:    2303; bsz:  450/ 609/46; 6002/8121 tok/s;    214 sec;
[2024-03-12 09:31:45,483 INFO] valid stats calculation
                           took: 3.482445240020752 s.
[2024-03-12 09:31:45,483 INFO] Train perplexity: 2.91669
[2024-03-12 09:31:45,483 INFO] Train accuracy: 76.2633
[2024-03-12 09:31:45,483 INFO] Sentences processed: 122788
[2024-03-12 09:31:45,483 INFO] Average bsz:  449/ 620/47
[2024-03-12 09:31:45,483 INFO] Validation perplexity: 164.48
[2024-03-12 09:31:45,483 INFO] Validation accuracy: 43.8184
[2024-03-12 09:31:45,485 INFO] Saving checkpoint gt-ft-enc/gt-ft-enc_8400_01_step_11000.pt
[2024-03-12 09:31:49,406 INFO] Step 11050/13400; acc: 93.8; ppl:   1.2; xent: 0.2; lr: 1.00000; sents:    2496; bsz:  454/ 647/50; 3067/4366 tok/s;    221 sec;
[2024-03-12 09:31:52,358 INFO] Step 11100/13400; acc: 93.9; ppl:   1.2; xent: 0.2; lr: 1.00000; sents:    2303; bsz:  449/ 607/46; 7600/10289 tok/s;    224 sec;
[2024-03-12 09:31:55,013 INFO] Step 11150/13400; acc: 94.0; ppl:   1.2; xent: 0.2; lr: 1.00000; sents:    2403; bsz:  444/ 619/48; 8368/11652 tok/s;    227 sec;
[2024-03-12 09:31:58,782 INFO] Step 11200/13400; acc: 94.2; ppl:   1.2; xent: 0.2; lr: 1.00000; sents:    2305; bsz:  452/ 622/46; 5997/8253 tok/s;    231 sec;
[2024-03-12 09:32:02,329 INFO] valid stats calculation
                           took: 3.5466480255126953 s.
[2024-03-12 09:32:02,329 INFO] Train perplexity: 2.74116
[2024-03-12 09:32:02,329 INFO] Train accuracy: 77.5363
[2024-03-12 09:32:02,329 INFO] Sentences processed: 132295
[2024-03-12 09:32:02,329 INFO] Average bsz:  449/ 620/47
[2024-03-12 09:32:02,329 INFO] Validation perplexity: 202.055
[2024-03-12 09:32:02,329 INFO] Validation accuracy: 42.3696
[2024-03-12 09:32:02,331 INFO] Saving checkpoint gt-ft-enc/gt-ft-enc_8400_01_step_11200.pt
[2024-03-12 09:32:06,060 INFO] Step 11250/13400; acc: 94.2; ppl:   1.2; xent: 0.2; lr: 1.00000; sents:    2399; bsz:  444/ 618/48; 3052/4247 tok/s;    238 sec;
[2024-03-12 09:32:08,841 INFO] Step 11300/13400; acc: 94.3; ppl:   1.2; xent: 0.2; lr: 1.00000; sents:    2395; bsz:  444/ 618/48; 7986/11111 tok/s;    241 sec;
[2024-03-12 09:32:11,940 INFO] Step 11350/13400; acc: 94.0; ppl:   1.2; xent: 0.2; lr: 1.00000; sents:    2297; bsz:  464/ 630/46; 7491/10172 tok/s;    244 sec;
[2024-03-12 09:32:15,657 INFO] Step 11400/13400; acc: 94.3; ppl:   1.2; xent: 0.2; lr: 1.00000; sents:    2392; bsz:  444/ 617/48; 5974/8303 tok/s;    247 sec;
[2024-03-12 09:32:19,130 INFO] valid stats calculation
                           took: 3.47241473197937 s.
[2024-03-12 09:32:19,131 INFO] Train perplexity: 2.59662
[2024-03-12 09:32:19,131 INFO] Train accuracy: 78.6486
[2024-03-12 09:32:19,131 INFO] Sentences processed: 141778
[2024-03-12 09:32:19,131 INFO] Average bsz:  449/ 620/47
[2024-03-12 09:32:19,131 INFO] Validation perplexity: 243.13
[2024-03-12 09:32:19,131 INFO] Validation accuracy: 42.1442
[2024-03-12 09:32:19,132 INFO] Saving checkpoint gt-ft-enc/gt-ft-enc_8400_01_step_11400.pt
[2024-03-12 09:32:22,913 INFO] Step 11450/13400; acc: 94.4; ppl:   1.2; xent: 0.2; lr: 1.00000; sents:    2391; bsz:  442/ 615/48; 3049/4239 tok/s;    255 sec;
[2024-03-12 09:32:25,641 INFO] Step 11500/13400; acc: 94.6; ppl:   1.2; xent: 0.2; lr: 1.00000; sents:    2293; bsz:  442/ 610/46; 8096/11176 tok/s;    257 sec;
[2024-03-12 09:32:28,774 INFO] Step 11550/13400; acc: 94.9; ppl:   1.2; xent: 0.2; lr: 1.00000; sents:    2392; bsz:  455/ 631/48; 7256/10064 tok/s;    260 sec;
[2024-03-12 09:32:32,439 INFO] Step 11600/13400; acc: 94.5; ppl:   1.2; xent: 0.2; lr: 1.00000; sents:    2304; bsz:  446/ 609/46; 6083/8316 tok/s;    264 sec;
[2024-03-12 09:32:35,923 INFO] valid stats calculation
                           took: 3.483522415161133 s.
[2024-03-12 09:32:35,923 INFO] Train perplexity: 2.47504
[2024-03-12 09:32:35,923 INFO] Train accuracy: 79.6414
[2024-03-12 09:32:35,923 INFO] Sentences processed: 151158
[2024-03-12 09:32:35,923 INFO] Average bsz:  449/ 620/47
[2024-03-12 09:32:35,923 INFO] Validation perplexity: 222.326
[2024-03-12 09:32:35,923 INFO] Validation accuracy: 44.2048
[2024-03-12 09:32:35,925 INFO] Saving checkpoint gt-ft-enc/gt-ft-enc_8400_01_step_11600.pt
[2024-03-12 09:32:39,717 INFO] Step 11650/13400; acc: 94.7; ppl:   1.2; xent: 0.2; lr: 1.00000; sents:    2495; bsz:  459/ 644/50; 3152/4428 tok/s;    271 sec;
[2024-03-12 09:32:42,212 INFO] Step 11700/13400; acc: 94.9; ppl:   1.2; xent: 0.2; lr: 1.00000; sents:    2305; bsz:  445/ 608/46; 8908/12193 tok/s;    274 sec;
[2024-03-12 09:32:45,395 INFO] Step 11750/13400; acc: 94.8; ppl:   1.2; xent: 0.2; lr: 1.00000; sents:    2403; bsz:  446/ 623/48; 7000/9793 tok/s;    277 sec;
[2024-03-12 09:32:49,236 INFO] Step 11800/13400; acc: 94.7; ppl:   1.2; xent: 0.2; lr: 1.00000; sents:    2400; bsz:  468/ 639/48; 6093/8321 tok/s;    281 sec;
[2024-03-12 09:32:52,675 INFO] valid stats calculation
                           took: 3.4389383792877197 s.
[2024-03-12 09:32:52,676 INFO] Train perplexity: 2.36954
[2024-03-12 09:32:52,676 INFO] Train accuracy: 80.5453
[2024-03-12 09:32:52,676 INFO] Sentences processed: 160761
[2024-03-12 09:32:52,676 INFO] Average bsz:  449/ 620/47
[2024-03-12 09:32:52,676 INFO] Validation perplexity: 223.514
[2024-03-12 09:32:52,676 INFO] Validation accuracy: 43.5287
[2024-03-12 09:32:52,677 INFO] Saving checkpoint gt-ft-enc/gt-ft-enc_8400_01_step_11800.pt
[2024-03-12 09:32:56,328 INFO] Step 11850/13400; acc: 94.9; ppl:   1.2; xent: 0.2; lr: 1.00000; sents:    2303; bsz:  449/ 612/46; 3167/4316 tok/s;    288 sec;
[2024-03-12 09:32:58,900 INFO] Step 11900/13400; acc: 95.0; ppl:   1.2; xent: 0.2; lr: 1.00000; sents:    2394; bsz:  460/ 635/48; 8944/12337 tok/s;    291 sec;
[2024-03-12 09:33:02,329 INFO] Step 11950/13400; acc: 95.4; ppl:   1.2; xent: 0.2; lr: 1.00000; sents:    2281; bsz:  420/ 585/46; 6130/8527 tok/s;    294 sec;
[2024-03-12 09:33:06,062 INFO] Step 12000/13400; acc: 95.2; ppl:   1.2; xent: 0.2; lr: 1.00000; sents:    2392; bsz:  463/ 636/48; 6199/8520 tok/s;    298 sec;
[2024-03-12 09:33:09,526 INFO] valid stats calculation
                           took: 3.4635157585144043 s.
[2024-03-12 09:33:09,526 INFO] Train perplexity: 2.28026
[2024-03-12 09:33:09,526 INFO] Train accuracy: 81.3506
[2024-03-12 09:33:09,526 INFO] Sentences processed: 170131
[2024-03-12 09:33:09,526 INFO] Average bsz:  449/ 620/47
[2024-03-12 09:33:09,526 INFO] Validation perplexity: 302.928
[2024-03-12 09:33:09,526 INFO] Validation accuracy: 42.4984
[2024-03-12 09:33:09,528 INFO] Saving checkpoint gt-ft-enc/gt-ft-enc_8400_01_step_12000.pt
[2024-03-12 09:33:13,016 INFO] Step 12050/13400; acc: 95.3; ppl:   1.2; xent: 0.2; lr: 1.00000; sents:    2391; bsz:  454/ 627/48; 3262/4510 tok/s;    305 sec;
[2024-03-12 09:33:15,564 INFO] Step 12100/13400; acc: 95.6; ppl:   1.2; xent: 0.2; lr: 1.00000; sents:    2391; bsz:  443/ 616/48; 8685/12082 tok/s;    307 sec;
[2024-03-12 09:33:19,298 INFO] Step 12150/13400; acc: 95.4; ppl:   1.2; xent: 0.2; lr: 1.00000; sents:    2286; bsz:  441/ 604/46; 5902/8088 tok/s;    311 sec;
[2024-03-12 09:33:22,927 INFO] Step 12200/13400; acc: 95.3; ppl:   1.2; xent: 0.2; lr: 1.00000; sents:    2404; bsz:  449/ 624/48; 6184/8602 tok/s;    315 sec;
[2024-03-12 09:33:26,399 INFO] valid stats calculation
                           took: 3.4719552993774414 s.
[2024-03-12 09:33:26,399 INFO] Train perplexity: 2.20183
[2024-03-12 09:33:26,399 INFO] Train accuracy: 82.0888
[2024-03-12 09:33:26,400 INFO] Sentences processed: 179603
[2024-03-12 09:33:26,400 INFO] Average bsz:  449/ 620/47
[2024-03-12 09:33:26,400 INFO] Validation perplexity: 283.233
[2024-03-12 09:33:26,400 INFO] Validation accuracy: 43.9472
[2024-03-12 09:33:26,401 INFO] Saving checkpoint gt-ft-enc/gt-ft-enc_8400_01_step_12200.pt
[2024-03-12 09:33:29,629 INFO] Step 12250/13400; acc: 95.5; ppl:   1.2; xent: 0.2; lr: 1.00000; sents:    2404; bsz:  464/ 634/48; 3465/4728 tok/s;    321 sec;
[2024-03-12 09:33:32,328 INFO] Step 12300/13400; acc: 95.4; ppl:   1.2; xent: 0.2; lr: 1.00000; sents:    2298; bsz:  438/ 603/46; 8112/11169 tok/s;    324 sec;
[2024-03-12 09:33:36,089 INFO] Step 12350/13400; acc: 95.4; ppl:   1.2; xent: 0.2; lr: 1.00000; sents:    2401; bsz:  465/ 634/48; 6184/8426 tok/s;    328 sec;
[2024-03-12 09:33:39,691 INFO] Step 12400/13400; acc: 95.6; ppl:   1.2; xent: 0.1; lr: 1.00000; sents:    2399; bsz:  445/ 620/48; 6181/8603 tok/s;    331 sec;
[2024-03-12 09:33:43,153 INFO] valid stats calculation
                           took: 3.4616382122039795 s.
[2024-03-12 09:33:43,154 INFO] Train perplexity: 2.13271
[2024-03-12 09:33:43,154 INFO] Train accuracy: 82.7614
[2024-03-12 09:33:43,154 INFO] Sentences processed: 189105
[2024-03-12 09:33:43,154 INFO] Average bsz:  449/ 620/47
[2024-03-12 09:33:43,154 INFO] Validation perplexity: 296.037
[2024-03-12 09:33:43,154 INFO] Validation accuracy: 43.1101
[2024-03-12 09:33:43,155 INFO] Saving checkpoint gt-ft-enc/gt-ft-enc_8400_01_step_12400.pt
[2024-03-12 09:33:46,149 INFO] Step 12450/13400; acc: 95.8; ppl:   1.2; xent: 0.1; lr: 1.00000; sents:    2299; bsz:  453/ 617/46; 3504/4775 tok/s;    338 sec;
[2024-03-12 09:33:49,179 INFO] Step 12500/13400; acc: 95.7; ppl:   1.2; xent: 0.1; lr: 1.00000; sents:    2393; bsz:  443/ 616/48; 7306/10165 tok/s;    341 sec;
[2024-03-12 09:33:52,940 INFO] Step 12550/13400; acc: 95.7; ppl:   1.2; xent: 0.1; lr: 1.00000; sents:    2292; bsz:  442/ 606/46; 5874/8061 tok/s;    345 sec;
[2024-03-12 09:33:56,647 INFO] Step 12600/13400; acc: 95.9; ppl:   1.2; xent: 0.1; lr: 1.00000; sents:    2391; bsz:  448/ 622/48; 6042/8390 tok/s;    348 sec;
[2024-03-12 09:34:00,115 INFO] valid stats calculation
                           took: 3.467630386352539 s.
[2024-03-12 09:34:00,116 INFO] Train perplexity: 2.07162
[2024-03-12 09:34:00,116 INFO] Train accuracy: 83.3763
[2024-03-12 09:34:00,116 INFO] Sentences processed: 198480
[2024-03-12 09:34:00,116 INFO] Average bsz:  449/ 620/47
[2024-03-12 09:34:00,116 INFO] Validation perplexity: 322.368
[2024-03-12 09:34:00,116 INFO] Validation accuracy: 43.2711
[2024-03-12 09:34:00,117 INFO] Saving checkpoint gt-ft-enc/gt-ft-enc_8400_01_step_12600.pt
[2024-03-12 09:34:02,834 INFO] Step 12650/13400; acc: 95.6; ppl:   1.2; xent: 0.1; lr: 1.00000; sents:    2391; bsz:  455/ 630/48; 3681/5091 tok/s;    355 sec;
[2024-03-12 09:34:06,144 INFO] Step 12700/13400; acc: 95.9; ppl:   1.2; xent: 0.1; lr: 1.00000; sents:    2294; bsz:  434/ 594/46; 6559/8966 tok/s;    358 sec;
[2024-03-12 09:34:09,921 INFO] Step 12750/13400; acc: 95.9; ppl:   1.2; xent: 0.1; lr: 1.00000; sents:    2400; bsz:  459/ 634/48; 6082/8397 tok/s;    362 sec;
[2024-03-12 09:34:13,841 INFO] Step 12800/13400; acc: 95.8; ppl:   1.2; xent: 0.1; lr: 1.00000; sents:    2303; bsz:  449/ 616/46; 5725/7857 tok/s;    366 sec;
[2024-03-12 09:34:17,355 INFO] valid stats calculation
                           took: 3.5129592418670654 s.
[2024-03-12 09:34:17,355 INFO] Train perplexity: 2.0173
[2024-03-12 09:34:17,355 INFO] Train accuracy: 83.9398
[2024-03-12 09:34:17,355 INFO] Sentences processed: 207868
[2024-03-12 09:34:17,355 INFO] Average bsz:  449/ 620/47
[2024-03-12 09:34:17,355 INFO] Validation perplexity: 243.543
[2024-03-12 09:34:17,355 INFO] Validation accuracy: 44.8809
[2024-03-12 09:34:17,357 INFO] Saving checkpoint gt-ft-enc/gt-ft-enc_8400_01_step_12800.pt
[2024-03-12 09:34:19,981 INFO] Step 12850/13400; acc: 95.9; ppl:   1.2; xent: 0.1; lr: 1.00000; sents:    2400; bsz:  451/ 629/48; 3676/5123 tok/s;    372 sec;
[2024-03-12 09:34:23,420 INFO] Step 12900/13400; acc: 96.0; ppl:   1.1; xent: 0.1; lr: 1.00000; sents:    2403; bsz:  440/ 613/48; 6404/8912 tok/s;    375 sec;
[2024-03-12 09:34:27,107 INFO] Step 12950/13400; acc: 96.0; ppl:   1.1; xent: 0.1; lr: 1.00000; sents:    2401; bsz:  462/ 640/48; 6268/8684 tok/s;    379 sec;
[2024-03-12 09:34:30,792 INFO] Step 13000/13400; acc: 96.3; ppl:   1.1; xent: 0.1; lr: 1.00000; sents:    2399; bsz:  444/ 618/48; 6027/8384 tok/s;    383 sec;
[2024-03-12 09:34:34,229 INFO] valid stats calculation
                           took: 3.4356300830841064 s.
[2024-03-12 09:34:34,229 INFO] Train perplexity: 1.96782
[2024-03-12 09:34:34,229 INFO] Train accuracy: 84.4698
[2024-03-12 09:34:34,229 INFO] Sentences processed: 217471
[2024-03-12 09:34:34,229 INFO] Average bsz:  449/ 620/47
[2024-03-12 09:34:34,229 INFO] Validation perplexity: 309.803
[2024-03-12 09:34:34,229 INFO] Validation accuracy: 43.3677
[2024-03-12 09:34:34,231 INFO] Saving checkpoint gt-ft-enc/gt-ft-enc_8400_01_step_13000.pt
[2024-03-12 09:34:36,941 INFO] Step 13050/13400; acc: 95.9; ppl:   1.1; xent: 0.1; lr: 1.00000; sents:    2299; bsz:  448/ 612/46; 3643/4977 tok/s;    389 sec;
[2024-03-12 09:34:40,574 INFO] Step 13100/13400; acc: 95.9; ppl:   1.2; xent: 0.1; lr: 1.00000; sents:    2295; bsz:  441/ 609/46; 6077/8389 tok/s;    392 sec;
[2024-03-12 09:34:44,141 INFO] Step 13150/13400; acc: 96.2; ppl:   1.1; xent: 0.1; lr: 1.00000; sents:    2490; bsz:  456/ 636/50; 6393/8910 tok/s;    396 sec;
[2024-03-12 09:34:47,937 INFO] Step 13200/13400; acc: 96.3; ppl:   1.1; xent: 0.1; lr: 1.00000; sents:    2293; bsz:  442/ 610/46; 5820/8041 tok/s;    400 sec;
[2024-03-12 09:34:51,371 INFO] valid stats calculation
                           took: 3.4331438541412354 s.
[2024-03-12 09:34:51,371 INFO] Train perplexity: 1.924
[2024-03-12 09:34:51,371 INFO] Train accuracy: 84.9508
[2024-03-12 09:34:51,371 INFO] Sentences processed: 226848
[2024-03-12 09:34:51,371 INFO] Average bsz:  449/ 620/47
[2024-03-12 09:34:51,371 INFO] Validation perplexity: 295.594
[2024-03-12 09:34:51,371 INFO] Validation accuracy: 44.1082
[2024-03-12 09:34:51,373 INFO] Saving checkpoint gt-ft-enc/gt-ft-enc_8400_01_step_13200.pt
[2024-03-12 09:34:54,085 INFO] Step 13250/13400; acc: 96.2; ppl:   1.1; xent: 0.1; lr: 1.00000; sents:    2391; bsz:  463/ 635/48; 3765/5162 tok/s;    406 sec;
[2024-03-12 09:34:57,728 INFO] Step 13300/13400; acc: 96.3; ppl:   1.1; xent: 0.1; lr: 1.00000; sents:    2296; bsz:  427/ 593/46; 5859/8135 tok/s;    409 sec;
[2024-03-12 09:35:01,522 INFO] Step 13350/13400; acc: 96.1; ppl:   1.1; xent: 0.1; lr: 1.00000; sents:    2400; bsz:  459/ 632/48; 6052/8331 tok/s;    413 sec;
[2024-03-12 09:35:05,449 INFO] Step 13400/13400; acc: 96.0; ppl:   1.1; xent: 0.1; lr: 1.00000; sents:    2399; bsz:  466/ 639/48; 5940/8133 tok/s;    417 sec;
[2024-03-12 09:35:08,975 INFO] valid stats calculation
                           took: 3.5257561206817627 s.
[2024-03-12 09:35:08,975 INFO] Train perplexity: 1.88402
[2024-03-12 09:35:08,975 INFO] Train accuracy: 85.4002
[2024-03-12 09:35:08,975 INFO] Sentences processed: 236334
[2024-03-12 09:35:08,975 INFO] Average bsz:  449/ 620/47
[2024-03-12 09:35:08,975 INFO] Validation perplexity: 366.296
[2024-03-12 09:35:08,975 INFO] Validation accuracy: 44.2692
[2024-03-12 09:35:08,977 INFO] Saving checkpoint gt-ft-enc/gt-ft-enc_8400_01_step_13400.pt
