[2024-03-11 16:29:45,901 WARNING] Corpus corpus_1's weight should be given. We default it to 1 for you.
[2024-03-11 16:29:45,901 INFO] Parsed 2 corpora from -data.
[2024-03-11 16:29:45,901 INFO] Get special vocabs from Transforms: {'src': [], 'tgt': []}.
[2024-03-11 16:29:45,937 INFO] Reading encoder embeddings from asl_w2v.txt
[2024-03-11 16:30:21,775 INFO] 	Found 3002605 total vectors in file.
[2024-03-11 16:30:21,775 INFO] After filtering to vectors in vocab:
[2024-03-11 16:30:21,779 INFO] 	* enc: 10421 match, 3723 missing, (73.68%)
[2024-03-11 16:30:21,779 INFO] 
Saving encoder embeddings as:
	* enc: gt-pt-enc.enc_embeddings.pt
[2024-03-11 16:30:38,345 INFO] The first 10 tokens of the vocabs are:['<unk>', '<blank>', '<s>', '</s>', 'be', 'to', 'ix-1p-pl', 'in', 'and', 'this']
[2024-03-11 16:30:38,345 INFO] The decoder start token is: <s>
[2024-03-11 16:30:38,345 INFO] Building model...
[2024-03-11 16:30:38,559 INFO] Switching model to float32 for amp/apex_amp
[2024-03-11 16:30:38,559 INFO] Non quantized layer compute is fp32
[2024-03-11 16:30:40,764 INFO] NMTModel(
  (encoder): RNNEncoder(
    (embeddings): Embeddings(
      (make_embedding): Sequential(
        (emb_luts): Elementwise(
          (0): Embedding(14144, 300, padding_idx=1)
        )
      )
      (dropout): Dropout(p=0.3, inplace=False)
    )
    (rnn): LSTM(300, 500, num_layers=2, batch_first=True, dropout=0.3)
  )
  (decoder): InputFeedRNNDecoder(
    (embeddings): Embeddings(
      (make_embedding): Sequential(
        (emb_luts): Elementwise(
          (0): Embedding(17816, 300, padding_idx=1)
        )
      )
      (dropout): Dropout(p=0.3, inplace=False)
    )
    (dropout): Dropout(p=0.3, inplace=False)
    (rnn): StackedLSTM(
      (dropout): Dropout(p=0.3, inplace=False)
      (layers): ModuleList(
        (0): LSTMCell(800, 500)
        (1): LSTMCell(500, 500)
      )
    )
    (attn): GlobalAttention(
      (linear_in): Linear(in_features=500, out_features=500, bias=False)
      (linear_out): Linear(in_features=1000, out_features=500, bias=False)
    )
  )
  (generator): Linear(in_features=500, out_features=17816, bias=True)
)
[2024-03-11 16:30:40,765 INFO] encoder: 7851200
[2024-03-11 16:30:40,765 INFO] decoder: 19628616
[2024-03-11 16:30:40,765 INFO] * number of parameters: 27479816
[2024-03-11 16:30:40,765 INFO] Trainable parameters = {'torch.float32': 27479816, 'torch.float16': 0, 'torch.uint8': 0, 'torch.int8': 0}
[2024-03-11 16:30:40,765 INFO] Non trainable parameters = {'torch.float32': 0, 'torch.float16': 0, 'torch.uint8': 0, 'torch.int8': 0}
[2024-03-11 16:30:40,765 INFO]  * src vocab size = 14144
[2024-03-11 16:30:40,765 INFO]  * tgt vocab size = 17816
[2024-03-11 16:30:40,767 INFO] Starting training on GPU: [0]
[2024-03-11 16:30:40,767 INFO] Start training loop and validate every 200 steps...
[2024-03-11 16:30:40,767 INFO] Scoring with: TransformPipe(InferFeatsTransform())
[2024-03-11 16:30:59,374 INFO] Step 50/10000; acc: 5.0; ppl: 42455.3; xent: 10.7; lr: 1.00000; sents:    3200; bsz:  681/ 893/64; 1830/2400 tok/s;     19 sec;
[2024-03-11 16:31:00,844 INFO] Step 100/10000; acc: 5.2; ppl: 4906.7; xent: 8.5; lr: 1.00000; sents:    3200; bsz:  678/ 944/64; 23081/32104 tok/s;     20 sec;
[2024-03-11 16:31:02,254 INFO] Step 150/10000; acc: 6.0; ppl: 3003.6; xent: 8.0; lr: 1.00000; sents:    3200; bsz:  663/ 902/64; 23512/32000 tok/s;     21 sec;
[2024-03-11 16:31:04,426 INFO] Step 200/10000; acc: 10.5; ppl: 945.0; xent: 6.9; lr: 1.00000; sents:    3200; bsz:  733/ 968/64; 16890/22284 tok/s;     24 sec;
[2024-03-11 16:31:08,115 INFO] valid stats calculation
                           took: 3.6888551712036133 s.
[2024-03-11 16:31:08,116 INFO] Train perplexity: 4764.12
[2024-03-11 16:31:08,116 INFO] Train accuracy: 6.75008
[2024-03-11 16:31:08,116 INFO] Sentences processed: 12800
[2024-03-11 16:31:08,116 INFO] Average bsz:  689/ 927/64
[2024-03-11 16:31:08,116 INFO] Validation perplexity: 2538.67
[2024-03-11 16:31:08,116 INFO] Validation accuracy: 14.5847
[2024-03-11 16:31:08,117 INFO] Saving checkpoint gt-pt-enc/gt-pt-enc_02_step_200.pt
[2024-03-11 16:31:09,680 INFO] Step 250/10000; acc: 13.6; ppl: 635.0; xent: 6.5; lr: 1.00000; sents:    3200; bsz:  672/ 910/64; 6396/8663 tok/s;     29 sec;
[2024-03-11 16:31:11,115 INFO] Step 300/10000; acc: 15.0; ppl: 478.2; xent: 6.2; lr: 1.00000; sents:    3200; bsz:  700/ 947/64; 24400/33010 tok/s;     30 sec;
[2024-03-11 16:31:12,894 INFO] Step 350/10000; acc: 17.6; ppl: 371.7; xent: 5.9; lr: 1.00000; sents:    3200; bsz:  695/ 948/64; 19537/26654 tok/s;     32 sec;
[2024-03-11 16:31:15,095 INFO] Step 400/10000; acc: 19.9; ppl: 305.1; xent: 5.7; lr: 1.00000; sents:    3200; bsz:  684/ 928/64; 15529/21072 tok/s;     34 sec;
[2024-03-11 16:31:18,712 INFO] valid stats calculation
                           took: 3.616701602935791 s.
[2024-03-11 16:31:18,712 INFO] Train perplexity: 1425.04
[2024-03-11 16:31:18,712 INFO] Train accuracy: 11.6606
[2024-03-11 16:31:18,712 INFO] Sentences processed: 25600
[2024-03-11 16:31:18,712 INFO] Average bsz:  688/ 930/64
[2024-03-11 16:31:18,713 INFO] Validation perplexity: 1062.6
[2024-03-11 16:31:18,713 INFO] Validation accuracy: 15.2286
[2024-03-11 16:31:18,714 INFO] Saving checkpoint gt-pt-enc/gt-pt-enc_02_step_400.pt
[2024-03-11 16:31:20,340 INFO] Step 450/10000; acc: 20.6; ppl: 273.5; xent: 5.6; lr: 1.00000; sents:    3200; bsz:  712/ 992/64; 6784/9455 tok/s;     40 sec;
[2024-03-11 16:31:21,772 INFO] Step 500/10000; acc: 23.9; ppl: 200.2; xent: 5.3; lr: 1.00000; sents:    3200; bsz:  663/ 913/64; 23178/31902 tok/s;     41 sec;
[2024-03-11 16:31:23,926 INFO] Step 550/10000; acc: 26.1; ppl: 166.5; xent: 5.1; lr: 1.00000; sents:    3200; bsz:  637/ 878/64; 14797/20383 tok/s;     43 sec;
[2024-03-11 16:31:26,204 INFO] Step 600/10000; acc: 25.3; ppl: 174.3; xent: 5.2; lr: 1.00000; sents:    3200; bsz:  721/ 973/64; 15819/21362 tok/s;     45 sec;
[2024-03-11 16:31:29,840 INFO] valid stats calculation
                           took: 3.6353254318237305 s.
[2024-03-11 16:31:29,840 INFO] Train perplexity: 738.522
[2024-03-11 16:31:29,840 INFO] Train accuracy: 15.7712
[2024-03-11 16:31:29,840 INFO] Sentences processed: 38400
[2024-03-11 16:31:29,840 INFO] Average bsz:  687/ 933/64
[2024-03-11 16:31:29,840 INFO] Validation perplexity: 999.436
[2024-03-11 16:31:29,840 INFO] Validation accuracy: 17.3535
[2024-03-11 16:31:29,842 INFO] Saving checkpoint gt-pt-enc/gt-pt-enc_02_step_600.pt
[2024-03-11 16:31:31,388 INFO] Step 650/10000; acc: 28.2; ppl: 140.2; xent: 4.9; lr: 1.00000; sents:    3200; bsz:  664/ 923/64; 6408/8902 tok/s;     51 sec;
[2024-03-11 16:31:33,375 INFO] Step 700/10000; acc: 29.6; ppl: 122.7; xent: 4.8; lr: 1.00000; sents:    3200; bsz:  739/ 992/64; 18586/24964 tok/s;     53 sec;
[2024-03-11 16:31:35,667 INFO] Step 750/10000; acc: 32.0; ppl: 110.0; xent: 4.7; lr: 1.00000; sents:    3200; bsz:  739/ 978/64; 16116/21341 tok/s;     55 sec;
[2024-03-11 16:31:38,083 INFO] Step 800/10000; acc: 37.9; ppl:  78.2; xent: 4.4; lr: 1.00000; sents:    3200; bsz:  767/ 984/64; 15872/20368 tok/s;     57 sec;
[2024-03-11 16:31:41,768 INFO] valid stats calculation
                           took: 3.685424327850342 s.
[2024-03-11 16:31:41,769 INFO] Train perplexity: 452.453
[2024-03-11 16:31:41,769 INFO] Train accuracy: 19.9426
[2024-03-11 16:31:41,769 INFO] Sentences processed: 51200
[2024-03-11 16:31:41,769 INFO] Average bsz:  697/ 942/64
[2024-03-11 16:31:41,769 INFO] Validation perplexity: 1384.29
[2024-03-11 16:31:41,769 INFO] Validation accuracy: 16.5486
[2024-03-11 16:31:41,770 INFO] Saving checkpoint gt-pt-enc/gt-pt-enc_02_step_800.pt
[2024-03-11 16:31:43,454 INFO] Step 850/10000; acc: 43.0; ppl:  51.3; xent: 3.9; lr: 1.00000; sents:    3200; bsz:  732/ 995/64; 6816/9259 tok/s;     63 sec;
[2024-03-11 16:31:45,627 INFO] Step 900/10000; acc: 48.9; ppl:  34.0; xent: 3.5; lr: 1.00000; sents:    3200; bsz:  662/ 891/64; 15233/20497 tok/s;     65 sec;
[2024-03-11 16:31:47,901 INFO] Step 950/10000; acc: 50.1; ppl:  30.3; xent: 3.4; lr: 1.00000; sents:    3200; bsz:  717/ 975/64; 15767/21438 tok/s;     67 sec;
[2024-03-11 16:31:50,144 INFO] Step 1000/10000; acc: 55.1; ppl:  19.7; xent: 3.0; lr: 1.00000; sents:    3200; bsz:  701/ 932/64; 15638/20776 tok/s;     69 sec;
[2024-03-11 16:31:53,819 INFO] valid stats calculation
                           took: 3.6751701831817627 s.
[2024-03-11 16:31:53,820 INFO] Train perplexity: 265.918
[2024-03-11 16:31:53,820 INFO] Train accuracy: 25.8179
[2024-03-11 16:31:53,820 INFO] Sentences processed: 64000
[2024-03-11 16:31:53,820 INFO] Average bsz:  698/ 943/64
[2024-03-11 16:31:53,820 INFO] Validation perplexity: 3202.91
[2024-03-11 16:31:53,820 INFO] Validation accuracy: 16.774
[2024-03-11 16:31:53,821 INFO] Saving checkpoint gt-pt-enc/gt-pt-enc_02_step_1000.pt
[2024-03-11 16:31:55,627 INFO] Step 1050/10000; acc: 58.5; ppl:  14.7; xent: 2.7; lr: 1.00000; sents:    3200; bsz:  609/ 858/64; 5556/7820 tok/s;     75 sec;
[2024-03-11 16:31:57,723 INFO] Step 1100/10000; acc: 60.5; ppl:  12.3; xent: 2.5; lr: 1.00000; sents:    3200; bsz:  622/ 855/64; 14841/20406 tok/s;     77 sec;
[2024-03-11 16:31:59,985 INFO] Step 1150/10000; acc: 61.5; ppl:  11.2; xent: 2.4; lr: 1.00000; sents:    3200; bsz:  689/ 920/64; 15235/20331 tok/s;     79 sec;
[2024-03-11 16:32:02,066 INFO] Step 1200/10000; acc: 64.1; ppl:   9.0; xent: 2.2; lr: 1.00000; sents:    3200; bsz:  576/ 826/64; 13850/19849 tok/s;     81 sec;
[2024-03-11 16:32:05,801 INFO] valid stats calculation
                           took: 3.7343039512634277 s.
[2024-03-11 16:32:05,801 INFO] Train perplexity: 163.732
[2024-03-11 16:32:05,801 INFO] Train accuracy: 31.2875
[2024-03-11 16:32:05,801 INFO] Sentences processed: 76800
[2024-03-11 16:32:05,801 INFO] Average bsz:  686/ 930/64
[2024-03-11 16:32:05,802 INFO] Validation perplexity: 6875.58
[2024-03-11 16:32:05,802 INFO] Validation accuracy: 15.8081
[2024-03-11 16:32:05,803 INFO] Saving checkpoint gt-pt-enc/gt-pt-enc_02_step_1200.pt
[2024-03-11 16:32:07,960 INFO] Step 1250/10000; acc: 64.8; ppl:   8.6; xent: 2.1; lr: 1.00000; sents:    3200; bsz:  703/ 968/64; 5962/8213 tok/s;     87 sec;
[2024-03-11 16:32:10,222 INFO] Step 1300/10000; acc: 66.9; ppl:   7.2; xent: 2.0; lr: 1.00000; sents:    3200; bsz:  713/ 952/64; 15761/21048 tok/s;     89 sec;
[2024-03-11 16:32:12,437 INFO] Step 1350/10000; acc: 67.4; ppl:   6.8; xent: 1.9; lr: 1.00000; sents:    3200; bsz:  673/ 913/64; 15205/20613 tok/s;     92 sec;
[2024-03-11 16:32:14,652 INFO] Step 1400/10000; acc: 69.1; ppl:   5.9; xent: 1.8; lr: 1.00000; sents:    3200; bsz:  721/ 961/64; 16276/21692 tok/s;     94 sec;
[2024-03-11 16:32:18,376 INFO] valid stats calculation
                           took: 3.7241103649139404 s.
[2024-03-11 16:32:18,377 INFO] Train perplexity: 103.711
[2024-03-11 16:32:18,377 INFO] Train accuracy: 36.483
[2024-03-11 16:32:18,377 INFO] Sentences processed: 89600
[2024-03-11 16:32:18,377 INFO] Average bsz:  688/ 933/64
[2024-03-11 16:32:18,377 INFO] Validation perplexity: 14754.9
[2024-03-11 16:32:18,377 INFO] Validation accuracy: 15.7437
[2024-03-11 16:32:18,378 INFO] Saving checkpoint gt-pt-enc/gt-pt-enc_02_step_1400.pt
[2024-03-11 16:32:20,815 INFO] Step 1450/10000; acc: 69.7; ppl:   5.7; xent: 1.7; lr: 1.00000; sents:    3200; bsz:  710/ 944/64; 5764/7656 tok/s;    100 sec;
[2024-03-11 16:32:23,168 INFO] Step 1500/10000; acc: 70.5; ppl:   5.3; xent: 1.7; lr: 1.00000; sents:    3200; bsz:  732/ 999/64; 15558/21232 tok/s;    102 sec;
[2024-03-11 16:32:25,499 INFO] Step 1550/10000; acc: 72.0; ppl:   4.7; xent: 1.6; lr: 1.00000; sents:    3200; bsz:  741/ 996/64; 15899/21368 tok/s;    105 sec;
[2024-03-11 16:32:27,318 INFO] Step 1600/10000; acc: 71.7; ppl:   4.8; xent: 1.6; lr: 1.00000; sents:    3200; bsz:  692/ 941/64; 19035/25878 tok/s;    107 sec;
[2024-03-11 16:32:31,033 INFO] valid stats calculation
                           took: 3.7138116359710693 s.
[2024-03-11 16:32:31,033 INFO] Train perplexity: 70.2736
[2024-03-11 16:32:31,033 INFO] Train accuracy: 40.9459
[2024-03-11 16:32:31,033 INFO] Sentences processed: 102400
[2024-03-11 16:32:31,033 INFO] Average bsz:  692/ 937/64
[2024-03-11 16:32:31,033 INFO] Validation perplexity: 13691.9
[2024-03-11 16:32:31,033 INFO] Validation accuracy: 15.5827
[2024-03-11 16:32:31,035 INFO] Saving checkpoint gt-pt-enc/gt-pt-enc_02_step_1600.pt
[2024-03-11 16:32:33,415 INFO] Step 1650/10000; acc: 73.8; ppl:   4.3; xent: 1.5; lr: 1.00000; sents:    3200; bsz:  708/ 921/64; 5805/7555 tok/s;    113 sec;
[2024-03-11 16:32:35,723 INFO] Step 1700/10000; acc: 71.6; ppl:   4.7; xent: 1.6; lr: 1.00000; sents:    3200; bsz:  696/ 927/64; 15087/20077 tok/s;    115 sec;
[2024-03-11 16:32:38,038 INFO] Step 1750/10000; acc: 73.9; ppl:   4.0; xent: 1.4; lr: 1.00000; sents:    3200; bsz:  692/ 930/64; 14960/20098 tok/s;    117 sec;
[2024-03-11 16:32:39,425 INFO] Step 1800/10000; acc: 74.2; ppl:   4.0; xent: 1.4; lr: 1.00000; sents:    3200; bsz:  641/ 871/64; 23123/31389 tok/s;    119 sec;
[2024-03-11 16:32:43,068 INFO] valid stats calculation
                           took: 3.6427414417266846 s.
[2024-03-11 16:32:43,068 INFO] Train perplexity: 51.8307
[2024-03-11 16:32:43,068 INFO] Train accuracy: 44.4594
[2024-03-11 16:32:43,068 INFO] Sentences processed: 115200
[2024-03-11 16:32:43,068 INFO] Average bsz:  691/ 935/64
[2024-03-11 16:32:43,068 INFO] Validation perplexity: 22279.6
[2024-03-11 16:32:43,068 INFO] Validation accuracy: 15.454
[2024-03-11 16:32:43,070 INFO] Saving checkpoint gt-pt-enc/gt-pt-enc_02_step_1800.pt
[2024-03-11 16:32:45,596 INFO] Step 1850/10000; acc: 73.8; ppl:   3.9; xent: 1.4; lr: 1.00000; sents:    3200; bsz:  741/1005/64; 6005/8141 tok/s;    125 sec;
[2024-03-11 16:32:47,763 INFO] Step 1900/10000; acc: 74.4; ppl:   3.9; xent: 1.4; lr: 1.00000; sents:    3200; bsz:  654/ 889/64; 15102/20520 tok/s;    127 sec;
[2024-03-11 16:32:49,692 INFO] Step 1950/10000; acc: 76.2; ppl:   3.4; xent: 1.2; lr: 1.00000; sents:    3200; bsz:  668/ 904/64; 17323/23430 tok/s;    129 sec;
[2024-03-11 16:32:51,183 INFO] Step 2000/10000; acc: 75.1; ppl:   3.6; xent: 1.3; lr: 1.00000; sents:    3200; bsz:  720/ 974/64; 24161/32658 tok/s;    130 sec;
[2024-03-11 16:32:54,735 INFO] valid stats calculation
                           took: 3.5510926246643066 s.
[2024-03-11 16:32:54,735 INFO] Train perplexity: 39.7402
[2024-03-11 16:32:54,735 INFO] Train accuracy: 47.5244
[2024-03-11 16:32:54,735 INFO] Sentences processed: 128000
[2024-03-11 16:32:54,735 INFO] Average bsz:  692/ 935/64
[2024-03-11 16:32:54,735 INFO] Validation perplexity: 24282.3
[2024-03-11 16:32:54,735 INFO] Validation accuracy: 15.454
[2024-03-11 16:32:54,737 INFO] Saving checkpoint gt-pt-enc/gt-pt-enc_02_step_2000.pt
[2024-03-11 16:32:56,907 INFO] Step 2050/10000; acc: 76.0; ppl:   3.6; xent: 1.3; lr: 1.00000; sents:    3200; bsz:  612/ 821/64; 5344/7170 tok/s;    136 sec;
[2024-03-11 16:32:59,103 INFO] Step 2100/10000; acc: 73.5; ppl:   4.1; xent: 1.4; lr: 1.00000; sents:    3200; bsz:  659/ 901/64; 15002/20517 tok/s;    138 sec;
[2024-03-11 16:33:00,658 INFO] Step 2150/10000; acc: 76.6; ppl:   3.3; xent: 1.2; lr: 1.00000; sents:    3200; bsz:  682/ 915/64; 21939/29435 tok/s;    140 sec;
[2024-03-11 16:33:02,262 INFO] Step 2200/10000; acc: 76.1; ppl:   3.4; xent: 1.2; lr: 1.00000; sents:    3200; bsz:  817/1073/64; 25463/33452 tok/s;    141 sec;
[2024-03-11 16:33:05,852 INFO] valid stats calculation
                           took: 3.589594841003418 s.
[2024-03-11 16:33:05,852 INFO] Train perplexity: 31.9775
[2024-03-11 16:33:05,852 INFO] Train accuracy: 50.0533
[2024-03-11 16:33:05,852 INFO] Sentences processed: 140800
[2024-03-11 16:33:05,852 INFO] Average bsz:  692/ 935/64
[2024-03-11 16:33:05,852 INFO] Validation perplexity: 23989.6
[2024-03-11 16:33:05,852 INFO] Validation accuracy: 14.971
[2024-03-11 16:33:05,854 INFO] Saving checkpoint gt-pt-enc/gt-pt-enc_02_step_2200.pt
[2024-03-11 16:33:08,349 INFO] Step 2250/10000; acc: 77.2; ppl:   3.1; xent: 1.1; lr: 1.00000; sents:    3200; bsz:  755/ 992/64; 6204/8149 tok/s;    148 sec;
[2024-03-11 16:33:10,204 INFO] Step 2300/10000; acc: 77.9; ppl:   3.0; xent: 1.1; lr: 1.00000; sents:    3200; bsz:  730/ 950/64; 19662/25593 tok/s;    149 sec;
[2024-03-11 16:33:11,666 INFO] Step 2350/10000; acc: 78.3; ppl:   2.9; xent: 1.1; lr: 1.00000; sents:    3200; bsz:  684/ 918/64; 23389/31408 tok/s;    151 sec;
[2024-03-11 16:33:13,088 INFO] Step 2400/10000; acc: 77.5; ppl:   3.1; xent: 1.1; lr: 1.00000; sents:    3200; bsz:  669/ 903/64; 23536/31741 tok/s;    152 sec;
[2024-03-11 16:33:16,611 INFO] valid stats calculation
                           took: 3.5221712589263916 s.
[2024-03-11 16:33:16,611 INFO] Train perplexity: 26.237
[2024-03-11 16:33:16,611 INFO] Train accuracy: 52.3739
[2024-03-11 16:33:16,611 INFO] Sentences processed: 153600
[2024-03-11 16:33:16,611 INFO] Average bsz:  693/ 935/64
[2024-03-11 16:33:16,611 INFO] Validation perplexity: 21624.5
[2024-03-11 16:33:16,611 INFO] Validation accuracy: 15.9691
[2024-03-11 16:33:16,613 INFO] Saving checkpoint gt-pt-enc/gt-pt-enc_02_step_2400.pt
[2024-03-11 16:33:18,842 INFO] Step 2450/10000; acc: 78.0; ppl:   3.1; xent: 1.1; lr: 1.00000; sents:    3198; bsz:  602/ 819/64; 5232/7119 tok/s;    158 sec;
[2024-03-11 16:33:20,223 INFO] Step 2500/10000; acc: 78.4; ppl:   2.9; xent: 1.1; lr: 1.00000; sents:    3200; bsz:  703/ 942/64; 25459/34131 tok/s;    159 sec;
[2024-03-11 16:33:21,574 INFO] Step 2550/10000; acc: 77.1; ppl:   3.3; xent: 1.2; lr: 1.00000; sents:    3200; bsz:  659/ 892/64; 24373/33027 tok/s;    161 sec;
[2024-03-11 16:33:23,284 INFO] Step 2600/10000; acc: 78.8; ppl:   2.8; xent: 1.0; lr: 1.00000; sents:    3200; bsz:  662/ 890/64; 19365/26032 tok/s;    163 sec;
[2024-03-11 16:33:26,707 INFO] valid stats calculation
                           took: 3.4230358600616455 s.
[2024-03-11 16:33:26,708 INFO] Train perplexity: 22.3957
[2024-03-11 16:33:26,708 INFO] Train accuracy: 54.2567
[2024-03-11 16:33:26,708 INFO] Sentences processed: 166398
[2024-03-11 16:33:26,708 INFO] Average bsz:  690/ 931/64
[2024-03-11 16:33:26,708 INFO] Validation perplexity: 32688.2
[2024-03-11 16:33:26,708 INFO] Validation accuracy: 12.7495
[2024-03-11 16:33:26,709 INFO] Saving checkpoint gt-pt-enc/gt-pt-enc_02_step_2600.pt
[2024-03-11 16:33:28,649 INFO] Step 2650/10000; acc: 78.6; ppl:   2.8; xent: 1.0; lr: 1.00000; sents:    3200; bsz:  676/ 921/64; 6299/8581 tok/s;    168 sec;
[2024-03-11 16:33:29,973 INFO] Step 2700/10000; acc: 80.3; ppl:   2.6; xent: 0.9; lr: 1.00000; sents:    3200; bsz:  681/ 889/64; 25707/33563 tok/s;    169 sec;
[2024-03-11 16:33:31,329 INFO] Step 2750/10000; acc: 80.7; ppl:   2.5; xent: 0.9; lr: 1.00000; sents:    3200; bsz:  685/ 902/64; 25257/33283 tok/s;    171 sec;
[2024-03-11 16:33:33,619 INFO] Step 2800/10000; acc: 77.7; ppl:   3.1; xent: 1.1; lr: 1.00000; sents:    3200; bsz:  772/1017/64; 16853/22219 tok/s;    173 sec;
[2024-03-11 16:33:37,193 INFO] valid stats calculation
                           took: 3.5738413333892822 s.
[2024-03-11 16:33:37,194 INFO] Train perplexity: 19.2777
[2024-03-11 16:33:37,194 INFO] Train accuracy: 56.0472
[2024-03-11 16:33:37,194 INFO] Sentences processed: 179198
[2024-03-11 16:33:37,194 INFO] Average bsz:  691/ 931/64
[2024-03-11 16:33:37,194 INFO] Validation perplexity: 31440.7
[2024-03-11 16:33:37,194 INFO] Validation accuracy: 15.1964
[2024-03-11 16:33:37,195 INFO] Saving checkpoint gt-pt-enc/gt-pt-enc_02_step_2800.pt
[2024-03-11 16:33:38,718 INFO] Step 2850/10000; acc: 79.8; ppl:   2.6; xent: 1.0; lr: 1.00000; sents:    3200; bsz:  717/ 946/64; 7029/9281 tok/s;    178 sec;
[2024-03-11 16:33:40,138 INFO] Step 2900/10000; acc: 78.9; ppl:   2.7; xent: 1.0; lr: 1.00000; sents:    3200; bsz:  716/ 973/64; 25206/34273 tok/s;    179 sec;
[2024-03-11 16:33:41,907 INFO] Step 2950/10000; acc: 81.3; ppl:   2.4; xent: 0.9; lr: 1.00000; sents:    3200; bsz:  644/ 852/64; 18198/24095 tok/s;    181 sec;
[2024-03-11 16:33:44,186 INFO] Step 3000/10000; acc: 80.0; ppl:   2.6; xent: 1.0; lr: 1.00000; sents:    3200; bsz:  710/ 950/64; 15587/20842 tok/s;    183 sec;
[2024-03-11 16:33:47,694 INFO] valid stats calculation
                           took: 3.5073435306549072 s.
[2024-03-11 16:33:47,694 INFO] Train perplexity: 16.8595
[2024-03-11 16:33:47,694 INFO] Train accuracy: 57.6402
[2024-03-11 16:33:47,694 INFO] Sentences processed: 191998
[2024-03-11 16:33:47,694 INFO] Average bsz:  692/ 931/64
[2024-03-11 16:33:47,694 INFO] Validation perplexity: 29318.2
[2024-03-11 16:33:47,694 INFO] Validation accuracy: 14.8744
[2024-03-11 16:33:47,696 INFO] Saving checkpoint gt-pt-enc/gt-pt-enc_02_step_3000.pt
[2024-03-11 16:33:49,082 INFO] Step 3050/10000; acc: 79.8; ppl:   2.6; xent: 1.0; lr: 1.00000; sents:    3200; bsz:  592/ 829/64; 6045/8466 tok/s;    188 sec;
[2024-03-11 16:33:50,605 INFO] Step 3100/10000; acc: 80.3; ppl:   2.6; xent: 1.0; lr: 1.00000; sents:    3200; bsz:  775/1014/64; 25468/33320 tok/s;    190 sec;
[2024-03-11 16:33:52,754 INFO] Step 3150/10000; acc: 80.2; ppl:   2.5; xent: 0.9; lr: 1.00000; sents:    3200; bsz:  655/ 909/64; 15247/21143 tok/s;    192 sec;
[2024-03-11 16:33:55,093 INFO] Step 3200/10000; acc: 81.0; ppl:   2.4; xent: 0.9; lr: 1.00000; sents:    3200; bsz:  737/ 986/64; 15763/21084 tok/s;    194 sec;
[2024-03-11 16:33:58,634 INFO] valid stats calculation
                           took: 3.540086269378662 s.
[2024-03-11 16:33:58,634 INFO] Train perplexity: 14.9672
[2024-03-11 16:33:58,634 INFO] Train accuracy: 59.0652
[2024-03-11 16:33:58,634 INFO] Sentences processed: 204798
[2024-03-11 16:33:58,634 INFO] Average bsz:  692/ 932/64
[2024-03-11 16:33:58,634 INFO] Validation perplexity: 26002
[2024-03-11 16:33:58,634 INFO] Validation accuracy: 13.8764
[2024-03-11 16:33:58,636 INFO] Saving checkpoint gt-pt-enc/gt-pt-enc_02_step_3200.pt
[2024-03-11 16:34:00,063 INFO] Step 3250/10000; acc: 81.8; ppl:   2.4; xent: 0.9; lr: 1.00000; sents:    3200; bsz:  626/ 847/64; 6295/8519 tok/s;    199 sec;
[2024-03-11 16:34:01,453 INFO] Step 3300/10000; acc: 80.1; ppl:   2.5; xent: 0.9; lr: 1.00000; sents:    3200; bsz:  594/ 856/64; 21361/30771 tok/s;    201 sec;
[2024-03-11 16:34:03,792 INFO] Step 3350/10000; acc: 79.9; ppl:   2.6; xent: 1.0; lr: 1.00000; sents:    3200; bsz:  716/ 972/64; 15308/20794 tok/s;    203 sec;
[2024-03-11 16:34:05,928 INFO] Step 3400/10000; acc: 80.0; ppl:   2.6; xent: 0.9; lr: 1.00000; sents:    3200; bsz:  653/ 900/64; 15283/21071 tok/s;    205 sec;
[2024-03-11 16:34:09,390 INFO] valid stats calculation
                           took: 3.4615209102630615 s.
[2024-03-11 16:34:09,390 INFO] Train perplexity: 13.5365
[2024-03-11 16:34:09,391 INFO] Train accuracy: 60.2735
[2024-03-11 16:34:09,391 INFO] Sentences processed: 217598
[2024-03-11 16:34:09,391 INFO] Average bsz:  689/ 929/64
[2024-03-11 16:34:09,391 INFO] Validation perplexity: 18931.2
[2024-03-11 16:34:09,391 INFO] Validation accuracy: 15.132
[2024-03-11 16:34:09,392 INFO] Saving checkpoint gt-pt-enc/gt-pt-enc_02_step_3400.pt
[2024-03-11 16:34:10,787 INFO] Step 3450/10000; acc: 81.4; ppl:   2.3; xent: 0.8; lr: 1.00000; sents:    3200; bsz:  605/ 847/64; 6230/8713 tok/s;    210 sec;
[2024-03-11 16:34:12,570 INFO] Step 3500/10000; acc: 81.1; ppl:   2.4; xent: 0.9; lr: 1.00000; sents:    3200; bsz:  672/ 910/64; 18854/25533 tok/s;    212 sec;
[2024-03-11 16:34:14,838 INFO] Step 3550/10000; acc: 81.6; ppl:   2.4; xent: 0.9; lr: 1.00000; sents:    3200; bsz:  719/ 967/64; 15860/21321 tok/s;    214 sec;
[2024-03-11 16:34:17,117 INFO] Step 3600/10000; acc: 81.5; ppl:   2.3; xent: 0.8; lr: 1.00000; sents:    3200; bsz:  730/ 984/64; 16003/21591 tok/s;    216 sec;
[2024-03-11 16:34:20,628 INFO] valid stats calculation
                           took: 3.5100719928741455 s.
[2024-03-11 16:34:20,628 INFO] Train perplexity: 12.2811
[2024-03-11 16:34:20,628 INFO] Train accuracy: 61.4458
[2024-03-11 16:34:20,628 INFO] Sentences processed: 230398
[2024-03-11 16:34:20,628 INFO] Average bsz:  689/ 929/64
[2024-03-11 16:34:20,628 INFO] Validation perplexity: 26653.8
[2024-03-11 16:34:20,629 INFO] Validation accuracy: 15.6149
[2024-03-11 16:34:20,630 INFO] Saving checkpoint gt-pt-enc/gt-pt-enc_02_step_3600.pt
[2024-03-11 16:34:22,326 INFO] Step 3650/10000; acc: 81.5; ppl:   2.3; xent: 0.8; lr: 1.00000; sents:    3200; bsz:  736/ 988/64; 7066/9486 tok/s;    222 sec;
[2024-03-11 16:34:24,457 INFO] Step 3700/10000; acc: 81.4; ppl:   2.3; xent: 0.8; lr: 1.00000; sents:    3200; bsz:  616/ 861/64; 14458/20206 tok/s;    224 sec;
[2024-03-11 16:34:26,577 INFO] Step 3750/10000; acc: 81.9; ppl:   2.2; xent: 0.8; lr: 1.00000; sents:    3200; bsz:  620/ 868/64; 14611/20480 tok/s;    226 sec;
[2024-03-11 16:34:28,613 INFO] Step 3800/10000; acc: 83.4; ppl:   2.1; xent: 0.7; lr: 1.00000; sents:    3200; bsz:  567/ 791/64; 13926/19430 tok/s;    228 sec;
[2024-03-11 16:34:32,239 INFO] valid stats calculation
                           took: 3.625148057937622 s.
[2024-03-11 16:34:32,239 INFO] Train perplexity: 11.2836
[2024-03-11 16:34:32,239 INFO] Train accuracy: 62.4694
[2024-03-11 16:34:32,239 INFO] Sentences processed: 243198
[2024-03-11 16:34:32,239 INFO] Average bsz:  686/ 927/64
[2024-03-11 16:34:32,239 INFO] Validation perplexity: 31369.7
[2024-03-11 16:34:32,239 INFO] Validation accuracy: 15.0032
[2024-03-11 16:34:32,241 INFO] Saving checkpoint gt-pt-enc/gt-pt-enc_02_step_3800.pt
[2024-03-11 16:34:34,167 INFO] Step 3850/10000; acc: 82.8; ppl:   2.2; xent: 0.8; lr: 1.00000; sents:    3200; bsz:  764/1004/64; 6879/9037 tok/s;    233 sec;
[2024-03-11 16:34:36,409 INFO] Step 3900/10000; acc: 82.7; ppl:   2.2; xent: 0.8; lr: 1.00000; sents:    3200; bsz:  686/ 910/64; 15306/20306 tok/s;    236 sec;
[2024-03-11 16:34:38,719 INFO] Step 3950/10000; acc: 83.1; ppl:   2.1; xent: 0.8; lr: 1.00000; sents:    3200; bsz:  731/ 968/64; 15833/20952 tok/s;    238 sec;
[2024-03-11 16:34:40,959 INFO] Step 4000/10000; acc: 81.8; ppl:   2.3; xent: 0.8; lr: 1.00000; sents:    3200; bsz:  707/ 950/64; 15770/21197 tok/s;    240 sec;
[2024-03-11 16:34:44,631 INFO] valid stats calculation
                           took: 3.6709086894989014 s.
[2024-03-11 16:34:44,631 INFO] Train perplexity: 10.3642
[2024-03-11 16:34:44,631 INFO] Train accuracy: 63.5087
[2024-03-11 16:34:44,631 INFO] Sentences processed: 255998
[2024-03-11 16:34:44,631 INFO] Average bsz:  687/ 928/64
[2024-03-11 16:34:44,631 INFO] Validation perplexity: 29257.5
[2024-03-11 16:34:44,631 INFO] Validation accuracy: 15.7437
[2024-03-11 16:34:44,633 INFO] Saving checkpoint gt-pt-enc/gt-pt-enc_02_step_4000.pt
[2024-03-11 16:34:46,772 INFO] Step 4050/10000; acc: 83.5; ppl:   2.1; xent: 0.7; lr: 1.00000; sents:    3200; bsz:  708/ 925/64; 6089/7957 tok/s;    246 sec;
[2024-03-11 16:34:49,026 INFO] Step 4100/10000; acc: 82.1; ppl:   2.2; xent: 0.8; lr: 1.00000; sents:    3200; bsz:  712/ 963/64; 15787/21353 tok/s;    248 sec;
[2024-03-11 16:34:51,240 INFO] Step 4150/10000; acc: 83.1; ppl:   2.1; xent: 0.8; lr: 1.00000; sents:    3200; bsz:  691/ 935/64; 15616/21130 tok/s;    250 sec;
[2024-03-11 16:34:53,163 INFO] Step 4200/10000; acc: 82.7; ppl:   2.2; xent: 0.8; lr: 1.00000; sents:    3200; bsz:  631/ 860/64; 16393/22361 tok/s;    252 sec;
[2024-03-11 16:34:56,821 INFO] valid stats calculation
                           took: 3.6576621532440186 s.
[2024-03-11 16:34:56,822 INFO] Train perplexity: 9.62515
[2024-03-11 16:34:56,822 INFO] Train accuracy: 64.4235
[2024-03-11 16:34:56,822 INFO] Sentences processed: 268798
[2024-03-11 16:34:56,822 INFO] Average bsz:  687/ 928/64
[2024-03-11 16:34:56,822 INFO] Validation perplexity: 29526.8
[2024-03-11 16:34:56,822 INFO] Validation accuracy: 15.0354
[2024-03-11 16:34:56,823 INFO] Saving checkpoint gt-pt-enc/gt-pt-enc_02_step_4200.pt
[2024-03-11 16:34:59,126 INFO] Step 4250/10000; acc: 82.7; ppl:   2.2; xent: 0.8; lr: 1.00000; sents:    3200; bsz:  634/ 863/64; 5313/7235 tok/s;    258 sec;
[2024-03-11 16:35:01,312 INFO] Step 4300/10000; acc: 83.1; ppl:   2.1; xent: 0.8; lr: 1.00000; sents:    3200; bsz:  654/ 901/64; 14961/20613 tok/s;    261 sec;
[2024-03-11 16:35:03,489 INFO] Step 4350/10000; acc: 84.7; ppl:   2.0; xent: 0.7; lr: 1.00000; sents:    3200; bsz:  663/ 879/64; 15231/20189 tok/s;    263 sec;
[2024-03-11 16:35:05,465 INFO] Step 4400/10000; acc: 83.7; ppl:   2.0; xent: 0.7; lr: 1.00000; sents:    3200; bsz:  728/ 960/64; 18436/24301 tok/s;    265 sec;
[2024-03-11 16:35:09,149 INFO] valid stats calculation
                           took: 3.683396339416504 s.
[2024-03-11 16:35:09,149 INFO] Train perplexity: 8.99413
[2024-03-11 16:35:09,149 INFO] Train accuracy: 65.2682
[2024-03-11 16:35:09,149 INFO] Sentences processed: 281598
[2024-03-11 16:35:09,149 INFO] Average bsz:  687/ 927/64
[2024-03-11 16:35:09,149 INFO] Validation perplexity: 38206.8
[2024-03-11 16:35:09,149 INFO] Validation accuracy: 16.613
[2024-03-11 16:35:09,151 INFO] Saving checkpoint gt-pt-enc/gt-pt-enc_02_step_4400.pt
[2024-03-11 16:35:11,415 INFO] Step 4450/10000; acc: 83.1; ppl:   2.1; xent: 0.8; lr: 1.00000; sents:    3200; bsz:  664/ 896/64; 5583/7527 tok/s;    271 sec;
[2024-03-11 16:35:13,678 INFO] Step 4500/10000; acc: 83.5; ppl:   2.1; xent: 0.7; lr: 1.00000; sents:    3200; bsz:  723/ 946/64; 15980/20913 tok/s;    273 sec;
[2024-03-11 16:35:16,056 INFO] Step 4550/10000; acc: 83.0; ppl:   2.1; xent: 0.7; lr: 1.00000; sents:    3155; bsz:  736/ 985/63; 15480/20711 tok/s;    275 sec;
[2024-03-11 16:35:17,545 INFO] Step 4600/10000; acc: 84.0; ppl:   2.0; xent: 0.7; lr: 1.00000; sents:    3200; bsz:  696/ 936/64; 23395/31446 tok/s;    277 sec;
[2024-03-11 16:35:21,316 INFO] valid stats calculation
                           took: 3.770913600921631 s.
[2024-03-11 16:35:21,316 INFO] Train perplexity: 8.42977
[2024-03-11 16:35:21,316 INFO] Train accuracy: 66.0683
[2024-03-11 16:35:21,317 INFO] Sentences processed: 294353
[2024-03-11 16:35:21,317 INFO] Average bsz:  687/ 927/64
[2024-03-11 16:35:21,317 INFO] Validation perplexity: 35772.7
[2024-03-11 16:35:21,317 INFO] Validation accuracy: 14.9388
[2024-03-11 16:35:21,318 INFO] Saving checkpoint gt-pt-enc/gt-pt-enc_02_step_4600.pt
[2024-03-11 16:35:23,647 INFO] Step 4650/10000; acc: 82.1; ppl:   2.2; xent: 0.8; lr: 1.00000; sents:    3200; bsz:  663/ 929/64; 5432/7615 tok/s;    283 sec;
[2024-03-11 16:35:25,883 INFO] Step 4700/10000; acc: 83.4; ppl:   2.0; xent: 0.7; lr: 1.00000; sents:    3200; bsz:  707/ 954/64; 15802/21327 tok/s;    285 sec;
[2024-03-11 16:35:27,786 INFO] Step 4750/10000; acc: 84.4; ppl:   2.0; xent: 0.7; lr: 1.00000; sents:    3200; bsz:  687/ 924/64; 18067/24288 tok/s;    287 sec;
[2024-03-11 16:35:29,053 INFO] Step 4800/10000; acc: 85.7; ppl:   1.8; xent: 0.6; lr: 1.00000; sents:    3200; bsz:  639/ 846/64; 25216/33403 tok/s;    288 sec;
[2024-03-11 16:35:32,645 INFO] valid stats calculation
                           took: 3.591817617416382 s.
[2024-03-11 16:35:32,645 INFO] Train perplexity: 7.94949
[2024-03-11 16:35:32,646 INFO] Train accuracy: 66.7988
[2024-03-11 16:35:32,646 INFO] Sentences processed: 307153
[2024-03-11 16:35:32,646 INFO] Average bsz:  687/ 927/64
[2024-03-11 16:35:32,646 INFO] Validation perplexity: 49626.7
[2024-03-11 16:35:32,646 INFO] Validation accuracy: 13.3612
[2024-03-11 16:35:32,647 INFO] Saving checkpoint gt-pt-enc/gt-pt-enc_02_step_4800.pt
[2024-03-11 16:35:34,919 INFO] Step 4850/10000; acc: 84.4; ppl:   2.0; xent: 0.7; lr: 1.00000; sents:    3200; bsz:  662/ 883/64; 5641/7529 tok/s;    294 sec;
[2024-03-11 16:35:37,095 INFO] Step 4900/10000; acc: 84.2; ppl:   1.9; xent: 0.7; lr: 1.00000; sents:    3200; bsz:  666/ 908/64; 15294/20866 tok/s;    296 sec;
[2024-03-11 16:35:38,696 INFO] Step 4950/10000; acc: 84.0; ppl:   2.0; xent: 0.7; lr: 1.00000; sents:    3200; bsz:  644/ 883/64; 20109/27581 tok/s;    298 sec;
[2024-03-11 16:35:40,082 INFO] Step 5000/10000; acc: 84.2; ppl:   2.0; xent: 0.7; lr: 1.00000; sents:    3200; bsz:  694/ 922/64; 25021/33235 tok/s;    299 sec;
[2024-03-11 16:35:43,673 INFO] valid stats calculation
                           took: 3.590083360671997 s.
[2024-03-11 16:35:43,673 INFO] Train perplexity: 7.53132
[2024-03-11 16:35:43,673 INFO] Train accuracy: 67.475
[2024-03-11 16:35:43,673 INFO] Sentences processed: 319953
[2024-03-11 16:35:43,673 INFO] Average bsz:  686/ 925/64
[2024-03-11 16:35:43,673 INFO] Validation perplexity: 19099.3
[2024-03-11 16:35:43,673 INFO] Validation accuracy: 16.0979
[2024-03-11 16:35:43,675 INFO] Saving checkpoint gt-pt-enc/gt-pt-enc_02_step_5000.pt
[2024-03-11 16:35:46,190 INFO] Step 5050/10000; acc: 84.3; ppl:   2.0; xent: 0.7; lr: 1.00000; sents:    3200; bsz:  780/1031/64; 6382/8444 tok/s;    305 sec;
[2024-03-11 16:35:48,341 INFO] Step 5100/10000; acc: 84.9; ppl:   1.9; xent: 0.7; lr: 1.00000; sents:    3200; bsz:  758/ 981/64; 17628/22793 tok/s;    308 sec;
[2024-03-11 16:35:49,666 INFO] Step 5150/10000; acc: 85.1; ppl:   1.8; xent: 0.6; lr: 1.00000; sents:    3200; bsz:  659/ 875/64; 24888/33024 tok/s;    309 sec;
[2024-03-11 16:35:51,008 INFO] Step 5200/10000; acc: 85.2; ppl:   1.9; xent: 0.6; lr: 1.00000; sents:    3200; bsz:  660/ 890/64; 24602/33150 tok/s;    310 sec;
[2024-03-11 16:35:54,658 INFO] valid stats calculation
                           took: 3.6492135524749756 s.
[2024-03-11 16:35:54,658 INFO] Train perplexity: 7.13696
[2024-03-11 16:35:54,658 INFO] Train accuracy: 68.1563
[2024-03-11 16:35:54,658 INFO] Sentences processed: 332753
[2024-03-11 16:35:54,658 INFO] Average bsz:  687/ 926/64
[2024-03-11 16:35:54,658 INFO] Validation perplexity: 63482
[2024-03-11 16:35:54,658 INFO] Validation accuracy: 14.2627
[2024-03-11 16:35:54,660 INFO] Saving checkpoint gt-pt-enc/gt-pt-enc_02_step_5200.pt
[2024-03-11 16:35:56,930 INFO] Step 5250/10000; acc: 84.9; ppl:   1.9; xent: 0.6; lr: 1.00000; sents:    3200; bsz:  664/ 895/64; 5610/7556 tok/s;    316 sec;
[2024-03-11 16:35:58,596 INFO] Step 5300/10000; acc: 84.3; ppl:   2.0; xent: 0.7; lr: 1.00000; sents:    3200; bsz:  668/ 923/64; 20054/27699 tok/s;    318 sec;
[2024-03-11 16:35:59,995 INFO] Step 5350/10000; acc: 84.9; ppl:   1.9; xent: 0.6; lr: 1.00000; sents:    3200; bsz:  690/ 920/64; 24661/32897 tok/s;    319 sec;
[2024-03-11 16:36:01,450 INFO] Step 5400/10000; acc: 84.3; ppl:   2.0; xent: 0.7; lr: 1.00000; sents:    3200; bsz:  678/ 940/64; 23308/32279 tok/s;    321 sec;
[2024-03-11 16:36:04,932 INFO] valid stats calculation
                           took: 3.481151819229126 s.
[2024-03-11 16:36:04,932 INFO] Train perplexity: 6.8011
[2024-03-11 16:36:04,932 INFO] Train accuracy: 68.7608
[2024-03-11 16:36:04,932 INFO] Sentences processed: 345553
[2024-03-11 16:36:04,932 INFO] Average bsz:  687/ 926/64
[2024-03-11 16:36:04,932 INFO] Validation perplexity: 28414.6
[2024-03-11 16:36:04,932 INFO] Validation accuracy: 15.7115
[2024-03-11 16:36:04,934 INFO] Saving checkpoint gt-pt-enc/gt-pt-enc_02_step_5400.pt
[2024-03-11 16:36:07,164 INFO] Step 5450/10000; acc: 84.8; ppl:   1.9; xent: 0.6; lr: 1.00000; sents:    3200; bsz:  721/ 973/64; 6307/8511 tok/s;    326 sec;
[2024-03-11 16:36:08,473 INFO] Step 5500/10000; acc: 85.0; ppl:   1.9; xent: 0.6; lr: 1.00000; sents:    3200; bsz:  627/ 858/64; 23966/32802 tok/s;    328 sec;
[2024-03-11 16:36:09,796 INFO] Step 5550/10000; acc: 84.8; ppl:   1.9; xent: 0.6; lr: 1.00000; sents:    3200; bsz:  655/ 879/64; 24774/33242 tok/s;    329 sec;
[2024-03-11 16:36:11,641 INFO] Step 5600/10000; acc: 84.9; ppl:   1.9; xent: 0.6; lr: 1.00000; sents:    3200; bsz:  675/ 913/64; 18276/24733 tok/s;    331 sec;
[2024-03-11 16:36:15,135 INFO] valid stats calculation
                           took: 3.4934520721435547 s.
[2024-03-11 16:36:15,136 INFO] Train perplexity: 6.5041
[2024-03-11 16:36:15,136 INFO] Train accuracy: 69.3248
[2024-03-11 16:36:15,136 INFO] Sentences processed: 358353
[2024-03-11 16:36:15,136 INFO] Average bsz:  686/ 925/64
[2024-03-11 16:36:15,136 INFO] Validation perplexity: 38137.2
[2024-03-11 16:36:15,136 INFO] Validation accuracy: 15.9369
[2024-03-11 16:36:15,137 INFO] Saving checkpoint gt-pt-enc/gt-pt-enc_02_step_5600.pt
[2024-03-11 16:36:16,941 INFO] Step 5650/10000; acc: 84.1; ppl:   2.0; xent: 0.7; lr: 1.00000; sents:    3200; bsz:  714/ 953/64; 6738/8992 tok/s;    336 sec;
[2024-03-11 16:36:18,287 INFO] Step 5700/10000; acc: 86.2; ppl:   1.8; xent: 0.6; lr: 1.00000; sents:    3200; bsz:  672/ 894/64; 24967/33227 tok/s;    338 sec;
[2024-03-11 16:36:19,941 INFO] Step 5750/10000; acc: 84.6; ppl:   1.9; xent: 0.7; lr: 1.00000; sents:    3200; bsz:  702/ 956/64; 21239/28904 tok/s;    339 sec;
[2024-03-11 16:36:22,184 INFO] Step 5800/10000; acc: 85.2; ppl:   1.9; xent: 0.6; lr: 1.00000; sents:    3200; bsz:  705/ 945/64; 15723/21061 tok/s;    341 sec;
[2024-03-11 16:36:25,905 INFO] valid stats calculation
                           took: 3.7202987670898438 s.
[2024-03-11 16:36:25,905 INFO] Train perplexity: 6.2316
[2024-03-11 16:36:25,905 INFO] Train accuracy: 69.8724
[2024-03-11 16:36:25,906 INFO] Sentences processed: 371153
[2024-03-11 16:36:25,906 INFO] Average bsz:  686/ 926/64
[2024-03-11 16:36:25,906 INFO] Validation perplexity: 28391.8
[2024-03-11 16:36:25,906 INFO] Validation accuracy: 16.1301
[2024-03-11 16:36:25,907 INFO] Saving checkpoint gt-pt-enc/gt-pt-enc_02_step_5800.pt
[2024-03-11 16:36:27,494 INFO] Step 5850/10000; acc: 85.2; ppl:   1.8; xent: 0.6; lr: 1.00000; sents:    3200; bsz:  710/ 962/64; 6690/9055 tok/s;    347 sec;
[2024-03-11 16:36:28,912 INFO] Step 5900/10000; acc: 86.2; ppl:   1.8; xent: 0.6; lr: 1.00000; sents:    3200; bsz:  699/ 916/64; 24637/32307 tok/s;    348 sec;
[2024-03-11 16:36:31,032 INFO] Step 5950/10000; acc: 84.5; ppl:   1.9; xent: 0.7; lr: 1.00000; sents:    3200; bsz:  745/ 999/64; 17577/23564 tok/s;    350 sec;
[2024-03-11 16:36:33,180 INFO] Step 6000/10000; acc: 85.3; ppl:   1.8; xent: 0.6; lr: 1.00000; sents:    3200; bsz:  650/ 894/64; 15134/20799 tok/s;    352 sec;
[2024-03-11 16:36:36,943 INFO] valid stats calculation
                           took: 3.7623682022094727 s.
[2024-03-11 16:36:36,943 INFO] Train perplexity: 5.97915
[2024-03-11 16:36:36,944 INFO] Train accuracy: 70.3952
[2024-03-11 16:36:36,944 INFO] Sentences processed: 383953
[2024-03-11 16:36:36,944 INFO] Average bsz:  687/ 926/64
[2024-03-11 16:36:36,944 INFO] Validation perplexity: 43610.9
[2024-03-11 16:36:36,944 INFO] Validation accuracy: 14.2627
[2024-03-11 16:36:36,945 INFO] Saving checkpoint gt-pt-enc/gt-pt-enc_02_step_6000.pt
[2024-03-11 16:36:38,518 INFO] Step 6050/10000; acc: 86.3; ppl:   1.8; xent: 0.6; lr: 1.00000; sents:    3200; bsz:  719/ 937/64; 6738/8783 tok/s;    358 sec;
[2024-03-11 16:36:40,172 INFO] Step 6100/10000; acc: 85.2; ppl:   1.8; xent: 0.6; lr: 1.00000; sents:    3200; bsz:  652/ 913/64; 19693/27585 tok/s;    359 sec;
[2024-03-11 16:36:42,384 INFO] Step 6150/10000; acc: 85.2; ppl:   1.8; xent: 0.6; lr: 1.00000; sents:    3200; bsz:  668/ 928/64; 15105/20980 tok/s;    362 sec;
[2024-03-11 16:36:44,565 INFO] Step 6200/10000; acc: 85.6; ppl:   1.9; xent: 0.6; lr: 1.00000; sents:    3200; bsz:  636/ 890/64; 14578/20407 tok/s;    364 sec;
[2024-03-11 16:36:48,099 INFO] valid stats calculation
                           took: 3.5343916416168213 s.
[2024-03-11 16:36:48,100 INFO] Train perplexity: 5.75665
[2024-03-11 16:36:48,100 INFO] Train accuracy: 70.8803
[2024-03-11 16:36:48,100 INFO] Sentences processed: 396753
[2024-03-11 16:36:48,100 INFO] Average bsz:  686/ 926/64
[2024-03-11 16:36:48,100 INFO] Validation perplexity: 31360
[2024-03-11 16:36:48,100 INFO] Validation accuracy: 15.0032
[2024-03-11 16:36:48,101 INFO] Saving checkpoint gt-pt-enc/gt-pt-enc_02_step_6200.pt
[2024-03-11 16:36:49,717 INFO] Step 6250/10000; acc: 85.3; ppl:   1.8; xent: 0.6; lr: 1.00000; sents:    3200; bsz:  732/ 978/64; 7106/9488 tok/s;    369 sec;
[2024-03-11 16:36:51,749 INFO] Step 6300/10000; acc: 86.1; ppl:   1.8; xent: 0.6; lr: 1.00000; sents:    3200; bsz:  660/ 892/64; 16253/21954 tok/s;    371 sec;
[2024-03-11 16:36:54,084 INFO] Step 6350/10000; acc: 85.7; ppl:   1.8; xent: 0.6; lr: 1.00000; sents:    3200; bsz:  687/ 935/64; 14721/20025 tok/s;    373 sec;
[2024-03-11 16:36:56,310 INFO] Step 6400/10000; acc: 86.3; ppl:   1.8; xent: 0.6; lr: 1.00000; sents:    3200; bsz:  678/ 910/64; 15243/20448 tok/s;    376 sec;
[2024-03-11 16:36:59,884 INFO] valid stats calculation
                           took: 3.5742297172546387 s.
[2024-03-11 16:36:59,885 INFO] Train perplexity: 5.54917
[2024-03-11 16:36:59,885 INFO] Train accuracy: 71.3499
[2024-03-11 16:36:59,885 INFO] Sentences processed: 409553
[2024-03-11 16:36:59,885 INFO] Average bsz:  686/ 926/64
[2024-03-11 16:36:59,885 INFO] Validation perplexity: 44686.6
[2024-03-11 16:36:59,885 INFO] Validation accuracy: 15.6471
[2024-03-11 16:36:59,886 INFO] Saving checkpoint gt-pt-enc/gt-pt-enc_02_step_6400.pt
[2024-03-11 16:37:01,491 INFO] Step 6450/10000; acc: 86.4; ppl:   1.7; xent: 0.5; lr: 1.00000; sents:    3200; bsz:  719/ 964/64; 6942/9302 tok/s;    381 sec;
[2024-03-11 16:37:03,854 INFO] Step 6500/10000; acc: 85.9; ppl:   1.8; xent: 0.6; lr: 1.00000; sents:    3200; bsz:  739/1002/64; 15631/21210 tok/s;    383 sec;
[2024-03-11 16:37:06,127 INFO] Step 6550/10000; acc: 86.6; ppl:   1.7; xent: 0.6; lr: 1.00000; sents:    3200; bsz:  714/ 949/64; 15713/20873 tok/s;    385 sec;
[2024-03-11 16:37:08,405 INFO] Step 6600/10000; acc: 86.3; ppl:   1.8; xent: 0.6; lr: 1.00000; sents:    3200; bsz:  709/ 940/64; 15563/20634 tok/s;    388 sec;
[2024-03-11 16:37:12,092 INFO] valid stats calculation
                           took: 3.6862688064575195 s.
[2024-03-11 16:37:12,093 INFO] Train perplexity: 5.35131
[2024-03-11 16:37:12,093 INFO] Train accuracy: 71.8205
[2024-03-11 16:37:12,093 INFO] Sentences processed: 422353
[2024-03-11 16:37:12,093 INFO] Average bsz:  687/ 927/64
[2024-03-11 16:37:12,093 INFO] Validation perplexity: 45234.2
[2024-03-11 16:37:12,093 INFO] Validation accuracy: 15.7759
[2024-03-11 16:37:12,094 INFO] Saving checkpoint gt-pt-enc/gt-pt-enc_02_step_6600.pt
[2024-03-11 16:37:14,237 INFO] Step 6650/10000; acc: 85.3; ppl:   1.9; xent: 0.6; lr: 1.00000; sents:    3200; bsz:  678/ 904/64; 5810/7753 tok/s;    393 sec;
[2024-03-11 16:37:16,372 INFO] Step 6700/10000; acc: 86.9; ppl:   1.7; xent: 0.5; lr: 1.00000; sents:    3200; bsz:  642/ 866/64; 15037/20286 tok/s;    396 sec;
[2024-03-11 16:37:18,714 INFO] Step 6750/10000; acc: 85.5; ppl:   1.8; xent: 0.6; lr: 1.00000; sents:    3200; bsz:  759/1032/64; 16211/22034 tok/s;    398 sec;
[2024-03-11 16:37:20,884 INFO] Step 6800/10000; acc: 86.2; ppl:   1.7; xent: 0.6; lr: 1.00000; sents:    3200; bsz:  717/ 966/64; 16514/22246 tok/s;    400 sec;
[2024-03-11 16:37:24,544 INFO] valid stats calculation
                           took: 3.6595218181610107 s.
[2024-03-11 16:37:24,544 INFO] Train perplexity: 5.17856
[2024-03-11 16:37:24,544 INFO] Train accuracy: 72.2424
[2024-03-11 16:37:24,544 INFO] Sentences processed: 435153
[2024-03-11 16:37:24,545 INFO] Average bsz:  688/ 928/64
[2024-03-11 16:37:24,545 INFO] Validation perplexity: 71007.7
[2024-03-11 16:37:24,545 INFO] Validation accuracy: 14.5525
[2024-03-11 16:37:24,546 INFO] Saving checkpoint gt-pt-enc/gt-pt-enc_02_step_6800.pt
[2024-03-11 16:37:26,919 INFO] Step 6850/10000; acc: 87.1; ppl:   1.7; xent: 0.5; lr: 1.00000; sents:    3200; bsz:  724/ 952/64; 6002/7890 tok/s;    406 sec;
[2024-03-11 16:37:29,108 INFO] Step 6900/10000; acc: 87.1; ppl:   1.7; xent: 0.5; lr: 1.00000; sents:    3200; bsz:  673/ 884/64; 15376/20196 tok/s;    408 sec;
[2024-03-11 16:37:31,173 INFO] Step 6950/10000; acc: 86.1; ppl:   1.8; xent: 0.6; lr: 1.00000; sents:    3200; bsz:  615/ 850/64; 14909/20587 tok/s;    410 sec;
[2024-03-11 16:37:33,101 INFO] Step 7000/10000; acc: 86.5; ppl:   1.7; xent: 0.5; lr: 1.00000; sents:    3200; bsz:  723/ 963/64; 18751/24964 tok/s;    412 sec;
[2024-03-11 16:37:36,840 INFO] valid stats calculation
                           took: 3.7388999462127686 s.
[2024-03-11 16:37:36,841 INFO] Train perplexity: 5.02104
[2024-03-11 16:37:36,841 INFO] Train accuracy: 72.6495
[2024-03-11 16:37:36,841 INFO] Sentences processed: 447953
[2024-03-11 16:37:36,841 INFO] Average bsz:  688/ 927/64
[2024-03-11 16:37:36,841 INFO] Validation perplexity: 44954.9
[2024-03-11 16:37:36,841 INFO] Validation accuracy: 13.5222
[2024-03-11 16:37:36,842 INFO] Saving checkpoint gt-pt-enc/gt-pt-enc_02_step_7000.pt
[2024-03-11 16:37:39,294 INFO] Step 7050/10000; acc: 86.4; ppl:   1.7; xent: 0.5; lr: 1.00000; sents:    3200; bsz:  735/ 977/64; 5932/7891 tok/s;    419 sec;
[2024-03-11 16:37:41,539 INFO] Step 7100/10000; acc: 87.0; ppl:   1.7; xent: 0.5; lr: 1.00000; sents:    3200; bsz:  686/ 923/64; 15285/20571 tok/s;    421 sec;
[2024-03-11 16:37:43,758 INFO] Step 7150/10000; acc: 86.9; ppl:   1.7; xent: 0.5; lr: 1.00000; sents:    3200; bsz:  679/ 916/64; 15309/20642 tok/s;    423 sec;
[2024-03-11 16:37:45,170 INFO] Step 7200/10000; acc: 86.8; ppl:   1.7; xent: 0.5; lr: 1.00000; sents:    3200; bsz:  694/ 924/64; 24584/32757 tok/s;    424 sec;
[2024-03-11 16:37:48,972 INFO] valid stats calculation
                           took: 3.802243947982788 s.
[2024-03-11 16:37:48,973 INFO] Train perplexity: 4.87172
[2024-03-11 16:37:48,973 INFO] Train accuracy: 73.0452
[2024-03-11 16:37:48,973 INFO] Sentences processed: 460753
[2024-03-11 16:37:48,973 INFO] Average bsz:  688/ 927/64
[2024-03-11 16:37:48,973 INFO] Validation perplexity: 64575
[2024-03-11 16:37:48,973 INFO] Validation accuracy: 13.329
[2024-03-11 16:37:48,975 INFO] Saving checkpoint gt-pt-enc/gt-pt-enc_02_step_7200.pt
[2024-03-11 16:37:51,440 INFO] Step 7250/10000; acc: 85.9; ppl:   1.8; xent: 0.6; lr: 1.00000; sents:    3200; bsz:  722/ 982/64; 5757/7835 tok/s;    431 sec;
[2024-03-11 16:37:53,828 INFO] Step 7300/10000; acc: 87.0; ppl:   1.7; xent: 0.5; lr: 1.00000; sents:    3200; bsz:  765/1007/64; 16026/21091 tok/s;    433 sec;
[2024-03-11 16:37:55,667 INFO] Step 7350/10000; acc: 87.3; ppl:   1.6; xent: 0.5; lr: 1.00000; sents:    3200; bsz:  650/ 880/64; 17684/23940 tok/s;    435 sec;
[2024-03-11 16:37:57,219 INFO] Step 7400/10000; acc: 87.1; ppl:   1.7; xent: 0.5; lr: 1.00000; sents:    3200; bsz:  728/ 967/64; 23450/31138 tok/s;    436 sec;
[2024-03-11 16:38:00,783 INFO] valid stats calculation
                           took: 3.562771797180176 s.
[2024-03-11 16:38:00,783 INFO] Train perplexity: 4.73061
[2024-03-11 16:38:00,783 INFO] Train accuracy: 73.4294
[2024-03-11 16:38:00,783 INFO] Sentences processed: 473553
[2024-03-11 16:38:00,783 INFO] Average bsz:  689/ 928/64
[2024-03-11 16:38:00,783 INFO] Validation perplexity: 42857.2
[2024-03-11 16:38:00,783 INFO] Validation accuracy: 15.4218
[2024-03-11 16:38:00,785 INFO] Saving checkpoint gt-pt-enc/gt-pt-enc_02_step_7400.pt
[2024-03-11 16:38:03,279 INFO] Step 7450/10000; acc: 86.3; ppl:   1.8; xent: 0.6; lr: 1.00000; sents:    3200; bsz:  722/ 977/64; 5960/8062 tok/s;    443 sec;
[2024-03-11 16:38:05,555 INFO] Step 7500/10000; acc: 87.2; ppl:   1.7; xent: 0.5; lr: 1.00000; sents:    3200; bsz:  751/ 993/64; 16496/21824 tok/s;    445 sec;
[2024-03-11 16:38:06,974 INFO] Step 7550/10000; acc: 87.5; ppl:   1.6; xent: 0.5; lr: 1.00000; sents:    3200; bsz:  684/ 937/64; 24096/33027 tok/s;    446 sec;
[2024-03-11 16:38:08,382 INFO] Step 7600/10000; acc: 86.7; ppl:   1.7; xent: 0.5; lr: 1.00000; sents:    3200; bsz:  677/ 933/64; 24040/33117 tok/s;    448 sec;
[2024-03-11 16:38:11,954 INFO] valid stats calculation
                           took: 3.5716304779052734 s.
[2024-03-11 16:38:11,954 INFO] Train perplexity: 4.60014
[2024-03-11 16:38:11,954 INFO] Train accuracy: 73.7963
[2024-03-11 16:38:11,954 INFO] Sentences processed: 486353
[2024-03-11 16:38:11,954 INFO] Average bsz:  689/ 929/64
[2024-03-11 16:38:11,954 INFO] Validation perplexity: 69812.2
[2024-03-11 16:38:11,954 INFO] Validation accuracy: 14.2305
[2024-03-11 16:38:11,956 INFO] Saving checkpoint gt-pt-enc/gt-pt-enc_02_step_7600.pt
[2024-03-11 16:38:14,244 INFO] Step 7650/10000; acc: 87.2; ppl:   1.6; xent: 0.5; lr: 1.00000; sents:    3200; bsz:  646/ 898/64; 5514/7663 tok/s;    453 sec;
[2024-03-11 16:38:15,931 INFO] Step 7700/10000; acc: 88.0; ppl:   1.6; xent: 0.5; lr: 1.00000; sents:    3200; bsz:  673/ 904/64; 19951/26778 tok/s;    455 sec;
[2024-03-11 16:38:17,287 INFO] Step 7750/10000; acc: 88.0; ppl:   1.6; xent: 0.5; lr: 1.00000; sents:    3200; bsz:  669/ 893/64; 24703/32938 tok/s;    457 sec;
[2024-03-11 16:38:18,658 INFO] Step 7800/10000; acc: 88.1; ppl:   1.6; xent: 0.5; lr: 1.00000; sents:    3200; bsz:  669/ 898/64; 24408/32727 tok/s;    458 sec;
[2024-03-11 16:38:22,165 INFO] valid stats calculation
                           took: 3.5065178871154785 s.
[2024-03-11 16:38:22,166 INFO] Train perplexity: 4.48134
[2024-03-11 16:38:22,166 INFO] Train accuracy: 74.1444
[2024-03-11 16:38:22,166 INFO] Sentences processed: 499153
[2024-03-11 16:38:22,166 INFO] Average bsz:  689/ 928/64
[2024-03-11 16:38:22,166 INFO] Validation perplexity: 84324.1
[2024-03-11 16:38:22,166 INFO] Validation accuracy: 15.4862
[2024-03-11 16:38:22,167 INFO] Saving checkpoint gt-pt-enc/gt-pt-enc_02_step_7800.pt
[2024-03-11 16:38:24,501 INFO] Step 7850/10000; acc: 87.4; ppl:   1.6; xent: 0.5; lr: 1.00000; sents:    3200; bsz:  723/ 972/64; 6190/8315 tok/s;    464 sec;
[2024-03-11 16:38:25,908 INFO] Step 7900/10000; acc: 86.8; ppl:   1.7; xent: 0.5; lr: 1.00000; sents:    3200; bsz:  667/ 911/64; 23697/32385 tok/s;    465 sec;
[2024-03-11 16:38:27,279 INFO] Step 7950/10000; acc: 87.6; ppl:   1.6; xent: 0.5; lr: 1.00000; sents:    3200; bsz:  664/ 905/64; 24232/33023 tok/s;    467 sec;
[2024-03-11 16:38:29,165 INFO] Step 8000/10000; acc: 88.2; ppl:   1.6; xent: 0.4; lr: 1.00000; sents:    3200; bsz:  664/ 901/64; 17619/23899 tok/s;    468 sec;
[2024-03-11 16:38:32,669 INFO] valid stats calculation
                           took: 3.5035388469696045 s.
[2024-03-11 16:38:32,669 INFO] Train perplexity: 4.36987
[2024-03-11 16:38:32,669 INFO] Train accuracy: 74.4763
[2024-03-11 16:38:32,669 INFO] Sentences processed: 511953
[2024-03-11 16:38:32,669 INFO] Average bsz:  688/ 928/64
[2024-03-11 16:38:32,669 INFO] Validation perplexity: 68076.2
[2024-03-11 16:38:32,669 INFO] Validation accuracy: 13.9408
[2024-03-11 16:38:32,671 INFO] Saving checkpoint gt-pt-enc/gt-pt-enc_02_step_8000.pt
[2024-03-11 16:38:34,348 INFO] Step 8050/10000; acc: 88.1; ppl:   1.6; xent: 0.5; lr: 1.00000; sents:    3200; bsz:  616/ 853/64; 5940/8229 tok/s;    474 sec;
[2024-03-11 16:38:35,828 INFO] Step 8100/10000; acc: 86.8; ppl:   1.7; xent: 0.5; lr: 1.00000; sents:    3200; bsz:  735/ 978/64; 24818/33062 tok/s;    475 sec;
[2024-03-11 16:38:37,353 INFO] Step 8150/10000; acc: 88.2; ppl:   1.6; xent: 0.4; lr: 1.00000; sents:    3200; bsz:  664/ 899/64; 21780/29480 tok/s;    477 sec;
[2024-03-11 16:38:39,650 INFO] Step 8200/10000; acc: 87.2; ppl:   1.7; xent: 0.5; lr: 1.00000; sents:    3200; bsz:  710/ 971/64; 15468/21144 tok/s;    479 sec;
[2024-03-11 16:38:43,157 INFO] valid stats calculation
                           took: 3.506554126739502 s.
[2024-03-11 16:38:43,157 INFO] Train perplexity: 4.26632
[2024-03-11 16:38:43,157 INFO] Train accuracy: 74.7943
[2024-03-11 16:38:43,157 INFO] Sentences processed: 524753
[2024-03-11 16:38:43,157 INFO] Average bsz:  688/ 928/64
[2024-03-11 16:38:43,157 INFO] Validation perplexity: 69455.7
[2024-03-11 16:38:43,157 INFO] Validation accuracy: 15.8081
[2024-03-11 16:38:43,159 INFO] Saving checkpoint gt-pt-enc/gt-pt-enc_02_step_8200.pt
[2024-03-11 16:38:44,629 INFO] Step 8250/10000; acc: 88.3; ppl:   1.6; xent: 0.4; lr: 1.00000; sents:    3200; bsz:  650/ 898/64; 6530/9019 tok/s;    484 sec;
[2024-03-11 16:38:46,111 INFO] Step 8300/10000; acc: 86.8; ppl:   1.7; xent: 0.5; lr: 1.00000; sents:    3200; bsz:  697/ 953/64; 23529/32162 tok/s;    485 sec;
[2024-03-11 16:38:48,128 INFO] Step 8350/10000; acc: 87.5; ppl:   1.6; xent: 0.5; lr: 1.00000; sents:    3200; bsz:  698/ 948/64; 17289/23491 tok/s;    487 sec;
[2024-03-11 16:38:50,290 INFO] Step 8400/10000; acc: 87.8; ppl:   1.6; xent: 0.5; lr: 1.00000; sents:    3200; bsz:  621/ 852/64; 14361/19700 tok/s;    490 sec;
[2024-03-11 16:38:53,719 INFO] valid stats calculation
                           took: 3.428252935409546 s.
[2024-03-11 16:38:53,719 INFO] Train perplexity: 4.1714
[2024-03-11 16:38:53,719 INFO] Train accuracy: 75.0939
[2024-03-11 16:38:53,719 INFO] Sentences processed: 537553
[2024-03-11 16:38:53,720 INFO] Average bsz:  688/ 928/64
[2024-03-11 16:38:53,720 INFO] Validation perplexity: 60833.2
[2024-03-11 16:38:53,720 INFO] Validation accuracy: 14.7457
[2024-03-11 16:38:53,721 INFO] Saving checkpoint gt-pt-enc/gt-pt-enc_02_step_8400.pt
[2024-03-11 16:38:55,169 INFO] Step 8450/10000; acc: 88.6; ppl:   1.6; xent: 0.5; lr: 1.00000; sents:    3200; bsz:  646/ 874/64; 6621/8956 tok/s;    494 sec;
[2024-03-11 16:38:56,573 INFO] Step 8500/10000; acc: 88.0; ppl:   1.6; xent: 0.5; lr: 1.00000; sents:    3200; bsz:  652/ 886/64; 23216/31580 tok/s;    496 sec;
[2024-03-11 16:38:57,929 INFO] Step 8550/10000; acc: 87.5; ppl:   1.7; xent: 0.5; lr: 1.00000; sents:    3200; bsz:  653/ 897/64; 24057/33056 tok/s;    497 sec;
[2024-03-11 16:38:59,337 INFO] Step 8600/10000; acc: 88.0; ppl:   1.6; xent: 0.5; lr: 1.00000; sents:    3200; bsz:  694/ 955/64; 24640/33914 tok/s;    499 sec;
[2024-03-11 16:39:02,837 INFO] valid stats calculation
                           took: 3.4990012645721436 s.
[2024-03-11 16:39:02,837 INFO] Train perplexity: 4.08274
[2024-03-11 16:39:02,837 INFO] Train accuracy: 75.3861
[2024-03-11 16:39:02,837 INFO] Sentences processed: 550353
[2024-03-11 16:39:02,837 INFO] Average bsz:  687/ 927/64
[2024-03-11 16:39:02,838 INFO] Validation perplexity: 67211
[2024-03-11 16:39:02,838 INFO] Validation accuracy: 14.971
[2024-03-11 16:39:02,839 INFO] Saving checkpoint gt-pt-enc/gt-pt-enc_02_step_8600.pt
[2024-03-11 16:39:04,309 INFO] Step 8650/10000; acc: 87.1; ppl:   1.7; xent: 0.5; lr: 1.00000; sents:    3200; bsz:  690/ 942/64; 6942/9479 tok/s;    504 sec;
[2024-03-11 16:39:05,659 INFO] Step 8700/10000; acc: 87.4; ppl:   1.6; xent: 0.5; lr: 1.00000; sents:    3200; bsz:  687/ 944/64; 25460/34966 tok/s;    505 sec;
[2024-03-11 16:39:07,000 INFO] Step 8750/10000; acc: 87.1; ppl:   1.7; xent: 0.5; lr: 1.00000; sents:    3200; bsz:  660/ 926/64; 24608/34533 tok/s;    506 sec;
[2024-03-11 16:39:08,294 INFO] Step 8800/10000; acc: 87.6; ppl:   1.6; xent: 0.5; lr: 1.00000; sents:    3200; bsz:  659/ 905/64; 25466/34960 tok/s;    508 sec;
[2024-03-11 16:39:11,729 INFO] valid stats calculation
                           took: 3.4340031147003174 s.
[2024-03-11 16:39:11,729 INFO] Train perplexity: 3.99854
[2024-03-11 16:39:11,729 INFO] Train accuracy: 75.6567
[2024-03-11 16:39:11,729 INFO] Sentences processed: 563153
[2024-03-11 16:39:11,729 INFO] Average bsz:  687/ 927/64
[2024-03-11 16:39:11,729 INFO] Validation perplexity: 99070.1
[2024-03-11 16:39:11,729 INFO] Validation accuracy: 15.5505
[2024-03-11 16:39:11,731 INFO] Saving checkpoint gt-pt-enc/gt-pt-enc_02_step_8800.pt
[2024-03-11 16:39:13,229 INFO] Step 8850/10000; acc: 88.0; ppl:   1.6; xent: 0.5; lr: 1.00000; sents:    3200; bsz:  730/ 959/64; 7394/9721 tok/s;    512 sec;
[2024-03-11 16:39:14,567 INFO] Step 8900/10000; acc: 89.1; ppl:   1.5; xent: 0.4; lr: 1.00000; sents:    3200; bsz:  709/ 940/64; 26498/35107 tok/s;    514 sec;
[2024-03-11 16:39:15,811 INFO] Step 8950/10000; acc: 88.3; ppl:   1.6; xent: 0.4; lr: 1.00000; sents:    3200; bsz:  637/ 862/64; 25621/34665 tok/s;    515 sec;
[2024-03-11 16:39:17,194 INFO] Step 9000/10000; acc: 88.4; ppl:   1.6; xent: 0.4; lr: 1.00000; sents:    3200; bsz:  742/ 972/64; 26850/35165 tok/s;    516 sec;
[2024-03-11 16:39:20,651 INFO] valid stats calculation
                           took: 3.4569337368011475 s.
[2024-03-11 16:39:20,652 INFO] Train perplexity: 3.91563
[2024-03-11 16:39:20,652 INFO] Train accuracy: 75.9431
[2024-03-11 16:39:20,652 INFO] Sentences processed: 575953
[2024-03-11 16:39:20,652 INFO] Average bsz:  687/ 927/64
[2024-03-11 16:39:20,652 INFO] Validation perplexity: 69182
[2024-03-11 16:39:20,652 INFO] Validation accuracy: 15.0354
[2024-03-11 16:39:20,653 INFO] Saving checkpoint gt-pt-enc/gt-pt-enc_02_step_9000.pt
[2024-03-11 16:39:22,007 INFO] Step 9050/10000; acc: 88.6; ppl:   1.5; xent: 0.4; lr: 1.00000; sents:    3200; bsz:  613/ 850/64; 6370/8830 tok/s;    521 sec;
[2024-03-11 16:39:23,428 INFO] Step 9100/10000; acc: 88.0; ppl:   1.6; xent: 0.5; lr: 1.00000; sents:    3200; bsz:  755/1003/64; 26584/35309 tok/s;    523 sec;
[2024-03-11 16:39:24,825 INFO] Step 9150/10000; acc: 87.7; ppl:   1.6; xent: 0.5; lr: 1.00000; sents:    3200; bsz:  735/ 995/64; 26301/35633 tok/s;    524 sec;
[2024-03-11 16:39:26,247 INFO] Step 9200/10000; acc: 87.8; ppl:   1.6; xent: 0.5; lr: 1.00000; sents:    3200; bsz:  756/1015/64; 26600/35692 tok/s;    525 sec;
[2024-03-11 16:39:29,698 INFO] valid stats calculation
                           took: 3.4507343769073486 s.
[2024-03-11 16:39:29,699 INFO] Train perplexity: 3.8361
[2024-03-11 16:39:29,699 INFO] Train accuracy: 76.2166
[2024-03-11 16:39:29,699 INFO] Sentences processed: 588753
[2024-03-11 16:39:29,699 INFO] Average bsz:  688/ 928/64
[2024-03-11 16:39:29,699 INFO] Validation perplexity: 52978.9
[2024-03-11 16:39:29,699 INFO] Validation accuracy: 15.7115
[2024-03-11 16:39:29,700 INFO] Saving checkpoint gt-pt-enc/gt-pt-enc_02_step_9200.pt
[2024-03-11 16:39:31,173 INFO] Step 9250/10000; acc: 89.3; ppl:   1.5; xent: 0.4; lr: 1.00000; sents:    3200; bsz:  691/ 921/64; 7016/9350 tok/s;    530 sec;
[2024-03-11 16:39:32,580 INFO] Step 9300/10000; acc: 88.8; ppl:   1.5; xent: 0.4; lr: 1.00000; sents:    3200; bsz:  716/ 949/64; 25433/33739 tok/s;    532 sec;
[2024-03-11 16:39:34,043 INFO] Step 9350/10000; acc: 88.6; ppl:   1.5; xent: 0.4; lr: 1.00000; sents:    3200; bsz:  758/ 994/64; 25903/33974 tok/s;    533 sec;
[2024-03-11 16:39:35,386 INFO] Step 9400/10000; acc: 88.7; ppl:   1.5; xent: 0.4; lr: 1.00000; sents:    3200; bsz:  658/ 902/64; 24506/33591 tok/s;    535 sec;
[2024-03-11 16:39:38,824 INFO] valid stats calculation
                           took: 3.4377028942108154 s.
[2024-03-11 16:39:38,824 INFO] Train perplexity: 3.76055
[2024-03-11 16:39:38,824 INFO] Train accuracy: 76.4891
[2024-03-11 16:39:38,824 INFO] Sentences processed: 601553
[2024-03-11 16:39:38,824 INFO] Average bsz:  688/ 928/64
[2024-03-11 16:39:38,824 INFO] Validation perplexity: 104016
[2024-03-11 16:39:38,824 INFO] Validation accuracy: 15.0354
[2024-03-11 16:39:38,826 INFO] Saving checkpoint gt-pt-enc/gt-pt-enc_02_step_9400.pt
[2024-03-11 16:39:40,289 INFO] Step 9450/10000; acc: 88.8; ppl:   1.5; xent: 0.4; lr: 1.00000; sents:    3200; bsz:  703/ 944/64; 7166/9630 tok/s;    540 sec;
[2024-03-11 16:39:41,654 INFO] Step 9500/10000; acc: 88.7; ppl:   1.5; xent: 0.4; lr: 1.00000; sents:    3200; bsz:  722/ 962/64; 26445/35226 tok/s;    541 sec;
[2024-03-11 16:39:42,967 INFO] Step 9550/10000; acc: 88.0; ppl:   1.6; xent: 0.5; lr: 1.00000; sents:    3200; bsz:  653/ 892/64; 24879/33993 tok/s;    542 sec;
[2024-03-11 16:39:44,196 INFO] Step 9600/10000; acc: 89.5; ppl:   1.5; xent: 0.4; lr: 1.00000; sents:    3200; bsz:  625/ 846/64; 25402/34407 tok/s;    543 sec;
[2024-03-11 16:39:47,639 INFO] valid stats calculation
                           took: 3.4420831203460693 s.
[2024-03-11 16:39:47,639 INFO] Train perplexity: 3.69224
[2024-03-11 16:39:47,639 INFO] Train accuracy: 76.7391
[2024-03-11 16:39:47,639 INFO] Sentences processed: 614353
[2024-03-11 16:39:47,639 INFO] Average bsz:  688/ 928/64
[2024-03-11 16:39:47,639 INFO] Validation perplexity: 74771.7
[2024-03-11 16:39:47,639 INFO] Validation accuracy: 14.3593
[2024-03-11 16:39:47,641 INFO] Saving checkpoint gt-pt-enc/gt-pt-enc_02_step_9600.pt
[2024-03-11 16:39:49,189 INFO] Step 9650/10000; acc: 86.9; ppl:   1.7; xent: 0.5; lr: 1.00000; sents:    3200; bsz:  722/1003/64; 7233/10046 tok/s;    548 sec;
[2024-03-11 16:39:50,445 INFO] Step 9700/10000; acc: 88.7; ppl:   1.6; xent: 0.4; lr: 1.00000; sents:    3200; bsz:  628/ 858/64; 25008/34182 tok/s;    550 sec;
[2024-03-11 16:39:51,779 INFO] Step 9750/10000; acc: 88.8; ppl:   1.5; xent: 0.4; lr: 1.00000; sents:    3200; bsz:  716/ 929/64; 26826/34818 tok/s;    551 sec;
[2024-03-11 16:39:53,168 INFO] Step 9800/10000; acc: 88.2; ppl:   1.6; xent: 0.5; lr: 1.00000; sents:    3200; bsz:  745/ 978/64; 26803/35181 tok/s;    552 sec;
[2024-03-11 16:39:56,584 INFO] valid stats calculation
                           took: 3.415250539779663 s.
[2024-03-11 16:39:56,584 INFO] Train perplexity: 3.62877
[2024-03-11 16:39:56,585 INFO] Train accuracy: 76.9748
[2024-03-11 16:39:56,585 INFO] Sentences processed: 627153
[2024-03-11 16:39:56,585 INFO] Average bsz:  688/ 928/64
[2024-03-11 16:39:56,585 INFO] Validation perplexity: 80867.6
[2024-03-11 16:39:56,585 INFO] Validation accuracy: 14.6813
[2024-03-11 16:39:56,586 INFO] Saving checkpoint gt-pt-enc/gt-pt-enc_02_step_9800.pt
[2024-03-11 16:39:58,088 INFO] Step 9850/10000; acc: 88.1; ppl:   1.6; xent: 0.4; lr: 1.00000; sents:    3200; bsz:  726/ 977/64; 7376/9926 tok/s;    557 sec;
[2024-03-11 16:39:59,418 INFO] Step 9900/10000; acc: 88.7; ppl:   1.5; xent: 0.4; lr: 1.00000; sents:    3200; bsz:  705/ 931/64; 26537/35012 tok/s;    559 sec;
[2024-03-11 16:40:00,769 INFO] Step 9950/10000; acc: 88.9; ppl:   1.5; xent: 0.4; lr: 1.00000; sents:    3200; bsz:  715/ 946/64; 26473/35033 tok/s;    560 sec;
[2024-03-11 16:40:02,207 INFO] Step 10000/10000; acc: 88.1; ppl:   1.6; xent: 0.4; lr: 1.00000; sents:    3200; bsz:  773/1027/64; 26874/35708 tok/s;    561 sec;
[2024-03-11 16:40:05,773 INFO] valid stats calculation
                           took: 3.565323829650879 s.
[2024-03-11 16:40:05,773 INFO] Train perplexity: 3.56507
[2024-03-11 16:40:05,773 INFO] Train accuracy: 77.2138
[2024-03-11 16:40:05,774 INFO] Sentences processed: 639953
[2024-03-11 16:40:05,774 INFO] Average bsz:  689/ 929/64
[2024-03-11 16:40:05,774 INFO] Validation perplexity: 95262.3
[2024-03-11 16:40:05,774 INFO] Validation accuracy: 14.5203
[2024-03-11 16:40:05,775 INFO] Saving checkpoint gt-pt-enc/gt-pt-enc_02_step_10000.pt
