[2024-03-08 15:50:12,035 WARNING] Corpus corpus_1's weight should be given. We default it to 1 for you.
[2024-03-08 15:50:12,035 INFO] Parsed 2 corpora from -data.
[2024-03-08 15:50:12,036 INFO] Get special vocabs from Transforms: {'src': [], 'tgt': []}.
[2024-03-08 15:50:12,040 INFO] Reading encoder embeddings from asl_w2v.txt
[2024-03-08 15:50:46,987 INFO] 	Found 3002605 total vectors in file.
[2024-03-08 15:50:46,987 INFO] After filtering to vectors in vocab:
[2024-03-08 15:50:46,987 INFO] 	* enc: 1833 match, 583 missing, (75.87%)
[2024-03-08 15:50:46,987 INFO] 
Saving encoder embeddings as:
	* enc: gt-enc.enc_embeddings.pt
[2024-03-08 15:50:47,395 INFO] The first 10 tokens of the vocabs are:['<unk>', '<blank>', '<s>', '</s>', '"', 'ix-1p', 'ix-3p:i', 'part:indef', 'john', 'really']
[2024-03-08 15:50:47,396 INFO] The decoder start token is: <s>
[2024-03-08 15:50:47,396 INFO] Building model...
[2024-03-08 15:50:47,507 INFO] Switching model to float32 for amp/apex_amp
[2024-03-08 15:50:47,507 INFO] Non quantized layer compute is fp32
[2024-03-08 15:50:49,213 INFO] NMTModel(
  (encoder): RNNEncoder(
    (embeddings): Embeddings(
      (make_embedding): Sequential(
        (emb_luts): Elementwise(
          (0): Embedding(2416, 300, padding_idx=1)
        )
      )
      (dropout): Dropout(p=0.3, inplace=False)
    )
    (rnn): LSTM(300, 500, num_layers=2, batch_first=True, dropout=0.3)
  )
  (decoder): InputFeedRNNDecoder(
    (embeddings): Embeddings(
      (make_embedding): Sequential(
        (emb_luts): Elementwise(
          (0): Embedding(2384, 300, padding_idx=1)
        )
      )
      (dropout): Dropout(p=0.3, inplace=False)
    )
    (dropout): Dropout(p=0.3, inplace=False)
    (rnn): StackedLSTM(
      (dropout): Dropout(p=0.3, inplace=False)
      (layers): ModuleList(
        (0): LSTMCell(800, 500)
        (1): LSTMCell(500, 500)
      )
    )
    (attn): GlobalAttention(
      (linear_in): Linear(in_features=500, out_features=500, bias=False)
      (linear_out): Linear(in_features=1000, out_features=500, bias=False)
    )
  )
  (generator): Linear(in_features=500, out_features=2384, bias=True)
)
[2024-03-08 15:50:49,213 INFO] encoder: 4332800
[2024-03-08 15:50:49,213 INFO] decoder: 7267584
[2024-03-08 15:50:49,213 INFO] * number of parameters: 11600384
[2024-03-08 15:50:49,214 INFO] Trainable parameters = {'torch.float32': 11600384, 'torch.float16': 0, 'torch.uint8': 0, 'torch.int8': 0}
[2024-03-08 15:50:49,214 INFO] Non trainable parameters = {'torch.float32': 0, 'torch.float16': 0, 'torch.uint8': 0, 'torch.int8': 0}
[2024-03-08 15:50:49,214 INFO]  * src vocab size = 2416
[2024-03-08 15:50:49,214 INFO]  * tgt vocab size = 2384
[2024-03-08 15:50:49,215 INFO] Starting training on GPU: [0]
[2024-03-08 15:50:49,215 INFO] Start training loop and validate every 200 steps...
[2024-03-08 15:50:49,215 INFO] Scoring with: TransformPipe(InferFeatsTransform())
[2024-03-08 15:50:53,619 INFO] Step 50/10000; acc: 5.7; ppl: 3126.6; xent: 8.0; lr: 1.00000; sents:    2393; bsz:  448/ 625/48; 5090/7097 tok/s;      4 sec;
[2024-03-08 15:50:56,012 INFO] Step 100/10000; acc: 7.1; ppl: 1220.4; xent: 7.1; lr: 1.00000; sents:    2296; bsz:  469/ 627/46; 9797/13104 tok/s;      7 sec;
[2024-03-08 15:50:58,297 INFO] Step 150/10000; acc: 10.6; ppl: 513.4; xent: 6.2; lr: 1.00000; sents:    2391; bsz:  443/ 619/48; 9699/13546 tok/s;      9 sec;
[2024-03-08 15:51:00,654 INFO] Step 200/10000; acc: 12.8; ppl: 263.0; xent: 5.6; lr: 1.00000; sents:    2391; bsz:  439/ 616/48; 9311/13070 tok/s;     11 sec;
[2024-03-08 15:51:02,678 INFO] valid stats calculation
                           took: 2.023106575012207 s.
[2024-03-08 15:51:02,678 INFO] Train perplexity: 852.085
[2024-03-08 15:51:02,678 INFO] Train accuracy: 9.0162
[2024-03-08 15:51:02,678 INFO] Sentences processed: 9471
[2024-03-08 15:51:02,678 INFO] Average bsz:  450/ 622/47
[2024-03-08 15:51:02,678 INFO] Validation perplexity: 193.561
[2024-03-08 15:51:02,678 INFO] Validation accuracy: 13.0393
[2024-03-08 15:51:02,679 INFO] Saving checkpoint gt-enc/gt_02_step_200.pt
[2024-03-08 15:51:05,721 INFO] Step 250/10000; acc: 14.9; ppl: 184.5; xent: 5.2; lr: 1.00000; sents:    2392; bsz:  464/ 633/48; 4582/6252 tok/s;     17 sec;
[2024-03-08 15:51:08,664 INFO] Step 300/10000; acc: 17.3; ppl: 137.1; xent: 4.9; lr: 1.00000; sents:    2288; bsz:  438/ 603/46; 7437/10246 tok/s;     19 sec;
[2024-03-08 15:51:11,680 INFO] Step 350/10000; acc: 18.7; ppl: 114.5; xent: 4.7; lr: 1.00000; sents:    2405; bsz:  464/ 638/48; 7698/10587 tok/s;     22 sec;
[2024-03-08 15:51:14,096 INFO] Step 400/10000; acc: 21.4; ppl:  88.2; xent: 4.5; lr: 1.00000; sents:    2406; bsz:  447/ 622/48; 9252/12869 tok/s;     25 sec;
[2024-03-08 15:51:16,067 INFO] valid stats calculation
                           took: 1.9712872505187988 s.
[2024-03-08 15:51:16,068 INFO] Train perplexity: 327.694
[2024-03-08 15:51:16,068 INFO] Train accuracy: 13.5556
[2024-03-08 15:51:16,068 INFO] Sentences processed: 18962
[2024-03-08 15:51:16,068 INFO] Average bsz:  452/ 623/47
[2024-03-08 15:51:16,068 INFO] Validation perplexity: 132.013
[2024-03-08 15:51:16,068 INFO] Validation accuracy: 17.6755
[2024-03-08 15:51:16,068 INFO] Saving checkpoint gt-enc/gt_02_step_400.pt
[2024-03-08 15:51:19,039 INFO] Step 450/10000; acc: 22.2; ppl:  79.3; xent: 4.4; lr: 1.00000; sents:    2301; bsz:  445/ 609/46; 4506/6157 tok/s;     30 sec;
[2024-03-08 15:51:21,948 INFO] Step 500/10000; acc: 24.3; ppl:  65.8; xent: 4.2; lr: 1.00000; sents:    2399; bsz:  441/ 617/48; 7581/10600 tok/s;     33 sec;
[2024-03-08 15:51:24,849 INFO] Step 550/10000; acc: 24.6; ppl:  60.9; xent: 4.1; lr: 1.00000; sents:    2396; bsz:  457/ 629/48; 7876/10845 tok/s;     36 sec;
[2024-03-08 15:51:27,336 INFO] Step 600/10000; acc: 26.6; ppl:  52.0; xent: 4.0; lr: 1.00000; sents:    2281; bsz:  437/ 600/46; 8784/12069 tok/s;     38 sec;
[2024-03-08 15:51:29,365 INFO] valid stats calculation
                           took: 2.028752088546753 s.
[2024-03-08 15:51:29,366 INFO] Train perplexity: 190.945
[2024-03-08 15:51:29,366 INFO] Train accuracy: 17.1439
[2024-03-08 15:51:29,366 INFO] Sentences processed: 28339
[2024-03-08 15:51:29,366 INFO] Average bsz:  449/ 620/47
[2024-03-08 15:51:29,366 INFO] Validation perplexity: 106.213
[2024-03-08 15:51:29,366 INFO] Validation accuracy: 22.2151
[2024-03-08 15:51:29,366 INFO] Saving checkpoint gt-enc/gt_02_step_600.pt
[2024-03-08 15:51:32,445 INFO] Step 650/10000; acc: 28.0; ppl:  44.9; xent: 3.8; lr: 1.00000; sents:    2393; bsz:  450/ 623/48; 4406/6094 tok/s;     43 sec;
[2024-03-08 15:51:35,535 INFO] Step 700/10000; acc: 28.8; ppl:  40.6; xent: 3.7; lr: 1.00000; sents:    2391; bsz:  470/ 637/48; 7613/10308 tok/s;     46 sec;
[2024-03-08 15:51:38,568 INFO] Step 750/10000; acc: 30.2; ppl:  36.4; xent: 3.6; lr: 1.00000; sents:    2295; bsz:  448/ 614/46; 7390/10116 tok/s;     49 sec;
[2024-03-08 15:51:41,141 INFO] Step 800/10000; acc: 32.0; ppl:  31.1; xent: 3.4; lr: 1.00000; sents:    2391; bsz:  449/ 624/48; 8737/12130 tok/s;     52 sec;
[2024-03-08 15:51:43,128 INFO] valid stats calculation
                           took: 1.986433744430542 s.
[2024-03-08 15:51:43,128 INFO] Train perplexity: 127.174
[2024-03-08 15:51:43,128 INFO] Train accuracy: 20.3107
[2024-03-08 15:51:43,128 INFO] Sentences processed: 37809
[2024-03-08 15:51:43,128 INFO] Average bsz:  451/ 621/47
[2024-03-08 15:51:43,128 INFO] Validation perplexity: 76.8329
[2024-03-08 15:51:43,128 INFO] Validation accuracy: 27.2054
[2024-03-08 15:51:43,129 INFO] Saving checkpoint gt-enc/gt_02_step_800.pt
[2024-03-08 15:51:46,077 INFO] Step 850/10000; acc: 34.3; ppl:  26.1; xent: 3.3; lr: 1.00000; sents:    2399; bsz:  443/ 617/48; 4491/6248 tok/s;     57 sec;
[2024-03-08 15:51:49,120 INFO] Step 900/10000; acc: 35.4; ppl:  23.8; xent: 3.2; lr: 1.00000; sents:    2299; bsz:  443/ 606/46; 7280/9958 tok/s;     60 sec;
[2024-03-08 15:51:52,015 INFO] Step 950/10000; acc: 36.9; ppl:  21.0; xent: 3.0; lr: 1.00000; sents:    2401; bsz:  459/ 634/48; 7923/10954 tok/s;     63 sec;
[2024-03-08 15:51:54,623 INFO] Step 1000/10000; acc: 39.5; ppl:  17.0; xent: 2.8; lr: 1.00000; sents:    2404; bsz:  444/ 620/48; 8521/11893 tok/s;     65 sec;
[2024-03-08 15:51:56,640 INFO] valid stats calculation
                           took: 2.0165648460388184 s.
[2024-03-08 15:51:56,640 INFO] Train perplexity: 89.3401
[2024-03-08 15:51:56,641 INFO] Train accuracy: 23.5475
[2024-03-08 15:51:56,641 INFO] Sentences processed: 47312
[2024-03-08 15:51:56,641 INFO] Average bsz:  450/ 621/47
[2024-03-08 15:51:56,641 INFO] Validation perplexity: 64.1051
[2024-03-08 15:51:56,641 INFO] Validation accuracy: 29.2337
[2024-03-08 15:51:56,641 INFO] Saving checkpoint gt-enc/gt_02_step_1000.pt
[2024-03-08 15:51:59,666 INFO] Step 1050/10000; acc: 41.7; ppl:  14.9; xent: 2.7; lr: 1.00000; sents:    2302; bsz:  447/ 607/46; 4437/6016 tok/s;     70 sec;
[2024-03-08 15:52:02,554 INFO] Step 1100/10000; acc: 44.2; ppl:  12.7; xent: 2.5; lr: 1.00000; sents:    2399; bsz:  443/ 618/48; 7673/10699 tok/s;     73 sec;
[2024-03-08 15:52:05,397 INFO] Step 1150/10000; acc: 45.5; ppl:  11.6; xent: 2.5; lr: 1.00000; sents:    2395; bsz:  450/ 630/48; 7920/11078 tok/s;     76 sec;
[2024-03-08 15:52:08,118 INFO] Step 1200/10000; acc: 47.4; ppl:  10.2; xent: 2.3; lr: 1.00000; sents:    2297; bsz:  446/ 608/46; 8196/11165 tok/s;     79 sec;
[2024-03-08 15:52:10,354 INFO] valid stats calculation
                           took: 2.235778331756592 s.
[2024-03-08 15:52:10,355 INFO] Train perplexity: 64.2786
[2024-03-08 15:52:10,355 INFO] Train accuracy: 27.0451
[2024-03-08 15:52:10,355 INFO] Sentences processed: 56705
[2024-03-08 15:52:10,355 INFO] Average bsz:  449/ 620/47
[2024-03-08 15:52:10,355 INFO] Validation perplexity: 55.3494
[2024-03-08 15:52:10,355 INFO] Validation accuracy: 35.4153
[2024-03-08 15:52:10,355 INFO] Saving checkpoint gt-enc/gt_02_step_1200.pt
[2024-03-08 15:52:13,335 INFO] Step 1250/10000; acc: 50.1; ppl:   8.7; xent: 2.2; lr: 1.00000; sents:    2392; bsz:  444/ 617/48; 4257/5915 tok/s;     84 sec;
[2024-03-08 15:52:16,483 INFO] Step 1300/10000; acc: 50.5; ppl:   8.4; xent: 2.1; lr: 1.00000; sents:    2295; bsz:  463/ 629/46; 7353/9995 tok/s;     87 sec;
[2024-03-08 15:52:19,271 INFO] Step 1350/10000; acc: 54.0; ppl:   6.8; xent: 1.9; lr: 1.00000; sents:    2391; bsz:  444/ 618/48; 7965/11085 tok/s;     90 sec;
[2024-03-08 15:52:22,049 INFO] Step 1400/10000; acc: 56.1; ppl:   6.2; xent: 1.8; lr: 1.00000; sents:    2391; bsz:  442/ 615/48; 7949/11066 tok/s;     93 sec;
[2024-03-08 15:52:24,063 INFO] valid stats calculation
                           took: 2.0143094062805176 s.
[2024-03-08 15:52:24,064 INFO] Train perplexity: 47.2688
[2024-03-08 15:52:24,064 INFO] Train accuracy: 30.708
[2024-03-08 15:52:24,064 INFO] Sentences processed: 66174
[2024-03-08 15:52:24,064 INFO] Average bsz:  449/ 620/47
[2024-03-08 15:52:24,064 INFO] Validation perplexity: 64.4781
[2024-03-08 15:52:24,064 INFO] Validation accuracy: 37.669
[2024-03-08 15:52:24,064 INFO] Saving checkpoint gt-enc/gt_02_step_1400.pt
[2024-03-08 15:52:27,197 INFO] Step 1450/10000; acc: 56.9; ppl:   5.9; xent: 1.8; lr: 1.00000; sents:    2303; bsz:  456/ 628/46; 4430/6100 tok/s;     98 sec;
[2024-03-08 15:52:30,228 INFO] Step 1500/10000; acc: 60.3; ppl:   5.0; xent: 1.6; lr: 1.00000; sents:    2399; bsz:  444/ 617/48; 7317/10180 tok/s;    101 sec;
[2024-03-08 15:52:32,804 INFO] Step 1550/10000; acc: 62.1; ppl:   4.5; xent: 1.5; lr: 1.00000; sents:    2401; bsz:  459/ 633/48; 8911/12295 tok/s;    104 sec;
[2024-03-08 15:52:35,604 INFO] Step 1600/10000; acc: 64.2; ppl:   4.1; xent: 1.4; lr: 1.00000; sents:    2403; bsz:  444/ 618/48; 7932/11030 tok/s;    106 sec;
[2024-03-08 15:52:37,659 INFO] valid stats calculation
                           took: 2.0545732975006104 s.
[2024-03-08 15:52:37,659 INFO] Train perplexity: 35.5032
[2024-03-08 15:52:37,659 INFO] Train accuracy: 34.5019
[2024-03-08 15:52:37,659 INFO] Sentences processed: 75680
[2024-03-08 15:52:37,659 INFO] Average bsz:  449/ 620/47
[2024-03-08 15:52:37,659 INFO] Validation perplexity: 68.6866
[2024-03-08 15:52:37,659 INFO] Validation accuracy: 36.6066
[2024-03-08 15:52:37,660 INFO] Saving checkpoint gt-enc/gt_02_step_1600.pt
[2024-03-08 15:52:40,631 INFO] Step 1650/10000; acc: 65.1; ppl:   3.9; xent: 1.4; lr: 1.00000; sents:    2304; bsz:  443/ 608/46; 4405/6046 tok/s;    111 sec;
[2024-03-08 15:52:43,630 INFO] Step 1700/10000; acc: 66.8; ppl:   3.6; xent: 1.3; lr: 1.00000; sents:    2399; bsz:  446/ 624/48; 7434/10399 tok/s;    114 sec;
[2024-03-08 15:52:46,319 INFO] Step 1750/10000; acc: 68.4; ppl:   3.4; xent: 1.2; lr: 1.00000; sents:    2298; bsz:  448/ 610/46; 8330/11342 tok/s;    117 sec;
[2024-03-08 15:52:49,223 INFO] Step 1800/10000; acc: 68.1; ppl:   3.4; xent: 1.2; lr: 1.00000; sents:    2393; bsz:  468/ 639/48; 8056/11004 tok/s;    120 sec;
[2024-03-08 15:52:51,233 INFO] valid stats calculation
                           took: 2.0095882415771484 s.
[2024-03-08 15:52:51,234 INFO] Train perplexity: 27.4998
[2024-03-08 15:52:51,234 INFO] Train accuracy: 38.1252
[2024-03-08 15:52:51,234 INFO] Sentences processed: 85074
[2024-03-08 15:52:51,234 INFO] Average bsz:  450/ 620/47
[2024-03-08 15:52:51,234 INFO] Validation perplexity: 76.592
[2024-03-08 15:52:51,234 INFO] Validation accuracy: 37.5402
[2024-03-08 15:52:51,235 INFO] Saving checkpoint gt-enc/gt_02_step_1800.pt
[2024-03-08 15:52:54,537 INFO] Step 1850/10000; acc: 71.5; ppl:   2.9; xent: 1.1; lr: 1.00000; sents:    2392; bsz:  442/ 619/48; 4161/5824 tok/s;    125 sec;
[2024-03-08 15:52:57,497 INFO] Step 1900/10000; acc: 71.0; ppl:   3.0; xent: 1.1; lr: 1.00000; sents:    2391; bsz:  462/ 634/48; 7810/10708 tok/s;    128 sec;
[2024-03-08 15:53:00,037 INFO] Step 1950/10000; acc: 72.8; ppl:   2.8; xent: 1.0; lr: 1.00000; sents:    2279; bsz:  437/ 599/46; 8596/11797 tok/s;    131 sec;
[2024-03-08 15:53:03,006 INFO] Step 2000/10000; acc: 73.8; ppl:   2.6; xent: 1.0; lr: 1.00000; sents:    2286; bsz:  439/ 602/46; 7392/10134 tok/s;    134 sec;
[2024-03-08 15:53:04,976 INFO] valid stats calculation
                           took: 1.9705705642700195 s.
[2024-03-08 15:53:04,977 INFO] Train perplexity: 21.953
[2024-03-08 15:53:04,977 INFO] Train accuracy: 41.5037
[2024-03-08 15:53:04,977 INFO] Sentences processed: 94422
[2024-03-08 15:53:04,977 INFO] Average bsz:  449/ 620/47
[2024-03-08 15:53:04,977 INFO] Validation perplexity: 75.4969
[2024-03-08 15:53:04,977 INFO] Validation accuracy: 41.6291
[2024-03-08 15:53:04,978 INFO] Saving checkpoint gt-enc/gt_02_step_2000.pt
[2024-03-08 15:53:08,033 INFO] Step 2050/10000; acc: 75.2; ppl:   2.5; xent: 0.9; lr: 1.00000; sents:    2506; bsz:  461/ 647/50; 4587/6436 tok/s;    139 sec;
[2024-03-08 15:53:11,115 INFO] Step 2100/10000; acc: 76.1; ppl:   2.4; xent: 0.9; lr: 1.00000; sents:    2302; bsz:  447/ 610/46; 7247/9899 tok/s;    142 sec;
[2024-03-08 15:53:13,495 INFO] Step 2150/10000; acc: 77.5; ppl:   2.3; xent: 0.8; lr: 1.00000; sents:    2406; bsz:  446/ 621/48; 9376/13058 tok/s;    144 sec;
[2024-03-08 15:53:16,486 INFO] Step 2200/10000; acc: 77.2; ppl:   2.3; xent: 0.8; lr: 1.00000; sents:    2293; bsz:  454/ 615/46; 7589/10278 tok/s;    147 sec;
[2024-03-08 15:53:18,572 INFO] valid stats calculation
                           took: 2.085556983947754 s.
[2024-03-08 15:53:18,572 INFO] Train perplexity: 17.9113
[2024-03-08 15:53:18,572 INFO] Train accuracy: 44.7027
[2024-03-08 15:53:18,572 INFO] Sentences processed: 103929
[2024-03-08 15:53:18,572 INFO] Average bsz:  449/ 620/47
[2024-03-08 15:53:18,572 INFO] Validation perplexity: 81.3146
[2024-03-08 15:53:18,572 INFO] Validation accuracy: 42.0798
[2024-03-08 15:53:18,573 INFO] Saving checkpoint gt-enc/gt_02_step_2200.pt
[2024-03-08 15:53:21,599 INFO] Step 2250/10000; acc: 79.2; ppl:   2.1; xent: 0.8; lr: 1.00000; sents:    2399; bsz:  441/ 617/48; 4312/6031 tok/s;    152 sec;
[2024-03-08 15:53:24,519 INFO] Step 2300/10000; acc: 79.9; ppl:   2.1; xent: 0.7; lr: 1.00000; sents:    2396; bsz:  447/ 620/48; 7655/10624 tok/s;    155 sec;
[2024-03-08 15:53:27,121 INFO] Step 2350/10000; acc: 79.1; ppl:   2.1; xent: 0.8; lr: 1.00000; sents:    2392; bsz:  471/ 638/48; 9045/12250 tok/s;    158 sec;
[2024-03-08 15:53:30,122 INFO] Step 2400/10000; acc: 80.3; ppl:   2.0; xent: 0.7; lr: 1.00000; sents:    2297; bsz:  452/ 616/46; 7535/10259 tok/s;    161 sec;
[2024-03-08 15:53:32,135 INFO] valid stats calculation
                           took: 2.011960983276367 s.
[2024-03-08 15:53:32,135 INFO] Train perplexity: 14.9646
[2024-03-08 15:53:32,135 INFO] Train accuracy: 47.6239
[2024-03-08 15:53:32,135 INFO] Sentences processed: 113413
[2024-03-08 15:53:32,135 INFO] Average bsz:  450/ 620/47
[2024-03-08 15:53:32,135 INFO] Validation perplexity: 94.7922
[2024-03-08 15:53:32,135 INFO] Validation accuracy: 41.6935
[2024-03-08 15:53:32,136 INFO] Saving checkpoint gt-enc/gt_02_step_2400.pt
[2024-03-08 15:53:35,156 INFO] Step 2450/10000; acc: 81.2; ppl:   2.0; xent: 0.7; lr: 1.00000; sents:    2391; bsz:  441/ 614/48; 4379/6097 tok/s;    166 sec;
[2024-03-08 15:53:38,091 INFO] Step 2500/10000; acc: 81.9; ppl:   1.9; xent: 0.6; lr: 1.00000; sents:    2391; bsz:  447/ 622/48; 7611/10601 tok/s;    169 sec;
[2024-03-08 15:53:40,727 INFO] Step 2550/10000; acc: 82.0; ppl:   1.9; xent: 0.6; lr: 1.00000; sents:    2290; bsz:  441/ 604/46; 8364/11458 tok/s;    172 sec;
[2024-03-08 15:53:43,693 INFO] Step 2600/10000; acc: 82.6; ppl:   1.9; xent: 0.6; lr: 1.00000; sents:    2400; bsz:  446/ 622/48; 7511/10478 tok/s;    174 sec;
[2024-03-08 15:53:45,733 INFO] valid stats calculation
                           took: 2.039004325866699 s.
[2024-03-08 15:53:45,733 INFO] Train perplexity: 12.7853
[2024-03-08 15:53:45,733 INFO] Train accuracy: 50.2433
[2024-03-08 15:53:45,733 INFO] Sentences processed: 122885
[2024-03-08 15:53:45,733 INFO] Average bsz:  449/ 620/47
[2024-03-08 15:53:45,733 INFO] Validation perplexity: 96.7117
[2024-03-08 15:53:45,734 INFO] Validation accuracy: 44.4623
[2024-03-08 15:53:45,734 INFO] Saving checkpoint gt-enc/gt_02_step_2600.pt
[2024-03-08 15:53:48,878 INFO] Step 2650/10000; acc: 82.6; ppl:   1.8; xent: 0.6; lr: 1.00000; sents:    2399; bsz:  459/ 634/48; 4423/6114 tok/s;    180 sec;
[2024-03-08 15:53:51,786 INFO] Step 2700/10000; acc: 83.1; ppl:   1.8; xent: 0.6; lr: 1.00000; sents:    2303; bsz:  449/ 607/46; 7716/10446 tok/s;    183 sec;
[2024-03-08 15:53:54,442 INFO] Step 2750/10000; acc: 83.6; ppl:   1.8; xent: 0.6; lr: 1.00000; sents:    2403; bsz:  453/ 630/48; 8527/11850 tok/s;    185 sec;
[2024-03-08 15:53:57,519 INFO] Step 2800/10000; acc: 83.8; ppl:   1.8; xent: 0.6; lr: 1.00000; sents:    2305; bsz:  443/ 611/46; 7205/9932 tok/s;    188 sec;
[2024-03-08 15:53:59,529 INFO] valid stats calculation
                           took: 2.009899377822876 s.
[2024-03-08 15:53:59,530 INFO] Train perplexity: 11.1166
[2024-03-08 15:53:59,530 INFO] Train accuracy: 52.6039
[2024-03-08 15:53:59,530 INFO] Sentences processed: 132295
[2024-03-08 15:53:59,530 INFO] Average bsz:  449/ 620/47
[2024-03-08 15:53:59,530 INFO] Validation perplexity: 108.555
[2024-03-08 15:53:59,530 INFO] Validation accuracy: 42.3696
[2024-03-08 15:53:59,531 INFO] Saving checkpoint gt-enc/gt_02_step_2800.pt
[2024-03-08 15:54:02,599 INFO] Step 2850/10000; acc: 84.5; ppl:   1.7; xent: 0.5; lr: 1.00000; sents:    2399; bsz:  444/ 618/48; 4372/6085 tok/s;    193 sec;
[2024-03-08 15:54:05,429 INFO] Step 2900/10000; acc: 83.9; ppl:   1.8; xent: 0.6; lr: 1.00000; sents:    2395; bsz:  462/ 638/48; 8157/11273 tok/s;    196 sec;
[2024-03-08 15:54:08,224 INFO] Step 2950/10000; acc: 84.7; ppl:   1.7; xent: 0.5; lr: 1.00000; sents:    2297; bsz:  447/ 610/46; 7995/10923 tok/s;    199 sec;
[2024-03-08 15:54:11,172 INFO] Step 3000/10000; acc: 84.9; ppl:   1.7; xent: 0.5; lr: 1.00000; sents:    2392; bsz:  444/ 617/48; 7532/10468 tok/s;    202 sec;
[2024-03-08 15:54:13,184 INFO] valid stats calculation
                           took: 2.0109376907348633 s.
[2024-03-08 15:54:13,184 INFO] Train perplexity: 9.81566
[2024-03-08 15:54:13,184 INFO] Train accuracy: 54.7336
[2024-03-08 15:54:13,184 INFO] Sentences processed: 141778
[2024-03-08 15:54:13,184 INFO] Average bsz:  449/ 620/47
[2024-03-08 15:54:13,184 INFO] Validation perplexity: 113.163
[2024-03-08 15:54:13,184 INFO] Validation accuracy: 42.5628
[2024-03-08 15:54:13,185 INFO] Saving checkpoint gt-enc/gt_02_step_3000.pt
[2024-03-08 15:54:16,326 INFO] Step 3050/10000; acc: 85.1; ppl:   1.7; xent: 0.5; lr: 1.00000; sents:    2293; bsz:  441/ 610/46; 4283/5915 tok/s;    207 sec;
[2024-03-08 15:54:18,936 INFO] Step 3100/10000; acc: 85.9; ppl:   1.6; xent: 0.5; lr: 1.00000; sents:    2489; bsz:  455/ 636/50; 8718/12175 tok/s;    210 sec;
[2024-03-08 15:54:21,789 INFO] Step 3150/10000; acc: 85.6; ppl:   1.7; xent: 0.5; lr: 1.00000; sents:    2294; bsz:  442/ 610/46; 7751/10695 tok/s;    213 sec;
[2024-03-08 15:54:24,728 INFO] Step 3200/10000; acc: 85.7; ppl:   1.7; xent: 0.5; lr: 1.00000; sents:    2400; bsz:  446/ 621/48; 7579/10565 tok/s;    216 sec;
[2024-03-08 15:54:26,703 INFO] valid stats calculation
                           took: 1.9742658138275146 s.
[2024-03-08 15:54:26,703 INFO] Train perplexity: 8.78332
[2024-03-08 15:54:26,703 INFO] Train accuracy: 56.6607
[2024-03-08 15:54:26,703 INFO] Sentences processed: 151254
[2024-03-08 15:54:26,704 INFO] Average bsz:  449/ 620/47
[2024-03-08 15:54:26,704 INFO] Validation perplexity: 123.729
[2024-03-08 15:54:26,704 INFO] Validation accuracy: 43.6574
[2024-03-08 15:54:26,704 INFO] Saving checkpoint gt-enc/gt_02_step_3200.pt
[2024-03-08 15:54:29,758 INFO] Step 3250/10000; acc: 85.4; ppl:   1.7; xent: 0.5; lr: 1.00000; sents:    2303; bsz:  459/ 622/46; 4564/6185 tok/s;    221 sec;
[2024-03-08 15:54:32,346 INFO] Step 3300/10000; acc: 86.2; ppl:   1.6; xent: 0.5; lr: 1.00000; sents:    2401; bsz:  445/ 619/48; 8591/11964 tok/s;    223 sec;
[2024-03-08 15:54:35,199 INFO] Step 3350/10000; acc: 85.3; ppl:   1.7; xent: 0.5; lr: 1.00000; sents:    2403; bsz:  467/ 637/48; 8178/11170 tok/s;    226 sec;
[2024-03-08 15:54:38,242 INFO] Step 3400/10000; acc: 86.2; ppl:   1.6; xent: 0.5; lr: 1.00000; sents:    2301; bsz:  447/ 611/46; 7347/10039 tok/s;    229 sec;
[2024-03-08 15:54:40,255 INFO] valid stats calculation
                           took: 2.0122506618499756 s.
[2024-03-08 15:54:40,255 INFO] Train perplexity: 7.95465
[2024-03-08 15:54:40,255 INFO] Train accuracy: 58.3794
[2024-03-08 15:54:40,255 INFO] Sentences processed: 160662
[2024-03-08 15:54:40,255 INFO] Average bsz:  449/ 620/47
[2024-03-08 15:54:40,255 INFO] Validation perplexity: 134.637
[2024-03-08 15:54:40,255 INFO] Validation accuracy: 42.273
[2024-03-08 15:54:40,256 INFO] Saving checkpoint gt-enc/gt_02_step_3400.pt
[2024-03-08 15:54:43,246 INFO] Step 3450/10000; acc: 86.5; ppl:   1.6; xent: 0.5; lr: 1.00000; sents:    2402; bsz:  449/ 626/48; 4488/6260 tok/s;    234 sec;
[2024-03-08 15:54:45,895 INFO] Step 3500/10000; acc: 86.6; ppl:   1.6; xent: 0.5; lr: 1.00000; sents:    2282; bsz:  439/ 601/46; 8291/11354 tok/s;    237 sec;
[2024-03-08 15:54:48,822 INFO] Step 3550/10000; acc: 85.9; ppl:   1.6; xent: 0.5; lr: 1.00000; sents:    2393; bsz:  460/ 635/48; 7854/10841 tok/s;    240 sec;
[2024-03-08 15:54:51,788 INFO] Step 3600/10000; acc: 86.9; ppl:   1.6; xent: 0.5; lr: 1.00000; sents:    2392; bsz:  444/ 619/48; 7488/10439 tok/s;    243 sec;
[2024-03-08 15:54:54,050 INFO] valid stats calculation
                           took: 2.261138677597046 s.
[2024-03-08 15:54:54,050 INFO] Train perplexity: 7.2764
[2024-03-08 15:54:54,050 INFO] Train accuracy: 59.9404
[2024-03-08 15:54:54,050 INFO] Sentences processed: 170131
[2024-03-08 15:54:54,050 INFO] Average bsz:  449/ 620/47
[2024-03-08 15:54:54,050 INFO] Validation perplexity: 148.192
[2024-03-08 15:54:54,050 INFO] Validation accuracy: 42.3052
[2024-03-08 15:54:54,051 INFO] Saving checkpoint gt-enc/gt_02_step_3600.pt
[2024-03-08 15:54:57,063 INFO] Step 3650/10000; acc: 87.0; ppl:   1.6; xent: 0.5; lr: 1.00000; sents:    2391; bsz:  442/ 615/48; 4188/5829 tok/s;    248 sec;
[2024-03-08 15:54:59,708 INFO] Step 3700/10000; acc: 86.1; ppl:   1.6; xent: 0.5; lr: 1.00000; sents:    2391; bsz:  454/ 628/48; 8592/11872 tok/s;    250 sec;
[2024-03-08 15:55:02,748 INFO] Step 3750/10000; acc: 86.8; ppl:   1.6; xent: 0.5; lr: 1.00000; sents:    2286; bsz:  441/ 604/46; 7251/9937 tok/s;    254 sec;
[2024-03-08 15:55:05,731 INFO] Step 3800/10000; acc: 86.1; ppl:   1.6; xent: 0.5; lr: 1.00000; sents:    2404; bsz:  469/ 638/48; 7868/10689 tok/s;    257 sec;
[2024-03-08 15:55:07,744 INFO] valid stats calculation
                           took: 2.012699604034424 s.
[2024-03-08 15:55:07,745 INFO] Train perplexity: 6.718
[2024-03-08 15:55:07,745 INFO] Train accuracy: 61.3405
[2024-03-08 15:55:07,745 INFO] Sentences processed: 179603
[2024-03-08 15:55:07,745 INFO] Average bsz:  449/ 620/47
[2024-03-08 15:55:07,745 INFO] Validation perplexity: 131.056
[2024-03-08 15:55:07,745 INFO] Validation accuracy: 44.3979
[2024-03-08 15:55:07,745 INFO] Saving checkpoint gt-enc/gt_02_step_3800.pt
[2024-03-08 15:55:10,817 INFO] Step 3850/10000; acc: 87.0; ppl:   1.6; xent: 0.4; lr: 1.00000; sents:    2298; bsz:  422/ 591/46; 4151/5808 tok/s;    262 sec;
[2024-03-08 15:55:13,344 INFO] Step 3900/10000; acc: 86.5; ppl:   1.6; xent: 0.5; lr: 1.00000; sents:    2404; bsz:  459/ 632/48; 9090/12513 tok/s;    264 sec;
[2024-03-08 15:55:16,321 INFO] Step 3950/10000; acc: 86.2; ppl:   1.6; xent: 0.5; lr: 1.00000; sents:    2303; bsz:  448/ 614/46; 7520/10305 tok/s;    267 sec;
[2024-03-08 15:55:19,357 INFO] Step 4000/10000; acc: 85.8; ppl:   1.6; xent: 0.5; lr: 1.00000; sents:    2400; bsz:  467/ 635/48; 7702/10464 tok/s;    270 sec;
[2024-03-08 15:55:21,374 INFO] valid stats calculation
                           took: 2.016509771347046 s.
[2024-03-08 15:55:21,374 INFO] Train perplexity: 6.25514
[2024-03-08 15:55:21,374 INFO] Train accuracy: 62.5881
[2024-03-08 15:55:21,374 INFO] Sentences processed: 189008
[2024-03-08 15:55:21,374 INFO] Average bsz:  449/ 620/47
[2024-03-08 15:55:21,374 INFO] Validation perplexity: 144.827
[2024-03-08 15:55:21,374 INFO] Validation accuracy: 43.0135
[2024-03-08 15:55:21,375 INFO] Saving checkpoint gt-enc/gt_02_step_4000.pt
[2024-03-08 15:55:24,331 INFO] Step 4050/10000; acc: 86.2; ppl:   1.6; xent: 0.5; lr: 1.00000; sents:    2396; bsz:  448/ 622/48; 4501/6248 tok/s;    275 sec;
[2024-03-08 15:55:26,923 INFO] Step 4100/10000; acc: 86.2; ppl:   1.6; xent: 0.5; lr: 1.00000; sents:    2293; bsz:  443/ 608/46; 8551/11722 tok/s;    278 sec;
[2024-03-08 15:55:29,894 INFO] Step 4150/10000; acc: 86.2; ppl:   1.6; xent: 0.5; lr: 1.00000; sents:    2392; bsz:  449/ 625/48; 7552/10521 tok/s;    281 sec;
[2024-03-08 15:55:32,804 INFO] Step 4200/10000; acc: 86.6; ppl:   1.6; xent: 0.5; lr: 1.00000; sents:    2391; bsz:  441/ 611/48; 7571/10509 tok/s;    284 sec;
[2024-03-08 15:55:34,809 INFO] valid stats calculation
                           took: 2.0053017139434814 s.
[2024-03-08 15:55:34,810 INFO] Train perplexity: 5.86415
[2024-03-08 15:55:34,810 INFO] Train accuracy: 63.7113
[2024-03-08 15:55:34,810 INFO] Sentences processed: 198480
[2024-03-08 15:55:34,810 INFO] Average bsz:  449/ 620/47
[2024-03-08 15:55:34,810 INFO] Validation perplexity: 150.617
[2024-03-08 15:55:34,810 INFO] Validation accuracy: 42.3052
[2024-03-08 15:55:34,811 INFO] Saving checkpoint gt-enc/gt_02_step_4200.pt
[2024-03-08 15:55:37,827 INFO] Step 4250/10000; acc: 86.6; ppl:   1.6; xent: 0.5; lr: 1.00000; sents:    2391; bsz:  442/ 618/48; 4396/6147 tok/s;    289 sec;
[2024-03-08 15:55:40,410 INFO] Step 4300/10000; acc: 85.7; ppl:   1.6; xent: 0.5; lr: 1.00000; sents:    2294; bsz:  448/ 606/46; 8676/11730 tok/s;    291 sec;
[2024-03-08 15:55:43,371 INFO] Step 4350/10000; acc: 85.4; ppl:   1.6; xent: 0.5; lr: 1.00000; sents:    2400; bsz:  459/ 634/48; 7756/10709 tok/s;    294 sec;
[2024-03-08 15:55:46,343 INFO] Step 4400/10000; acc: 86.0; ppl:   1.6; xent: 0.5; lr: 1.00000; sents:    2399; bsz:  444/ 619/48; 7478/10408 tok/s;    297 sec;
[2024-03-08 15:55:48,351 INFO] valid stats calculation
                           took: 2.0070605278015137 s.
[2024-03-08 15:55:48,351 INFO] Train perplexity: 5.53236
[2024-03-08 15:55:48,351 INFO] Train accuracy: 64.7188
[2024-03-08 15:55:48,351 INFO] Sentences processed: 207964
[2024-03-08 15:55:48,351 INFO] Average bsz:  449/ 620/47
[2024-03-08 15:55:48,351 INFO] Validation perplexity: 132.293
[2024-03-08 15:55:48,352 INFO] Validation accuracy: 45.2994
[2024-03-08 15:55:48,352 INFO] Saving checkpoint gt-enc/gt_02_step_4400.pt
[2024-03-08 15:55:51,468 INFO] Step 4450/10000; acc: 85.8; ppl:   1.6; xent: 0.5; lr: 1.00000; sents:    2304; bsz:  445/ 613/46; 4347/5982 tok/s;    302 sec;
[2024-03-08 15:55:54,008 INFO] Step 4500/10000; acc: 86.0; ppl:   1.6; xent: 0.5; lr: 1.00000; sents:    2403; bsz:  451/ 626/48; 8873/12327 tok/s;    305 sec;
[2024-03-08 15:55:57,011 INFO] Step 4550/10000; acc: 85.4; ppl:   1.7; xent: 0.5; lr: 1.00000; sents:    2305; bsz:  448/ 614/46; 7465/10221 tok/s;    308 sec;
[2024-03-08 15:56:00,064 INFO] Step 4600/10000; acc: 85.1; ppl:   1.7; xent: 0.5; lr: 1.00000; sents:    2399; bsz:  462/ 639/48; 7563/10462 tok/s;    311 sec;
[2024-03-08 15:56:02,077 INFO] valid stats calculation
                           took: 2.0125820636749268 s.
[2024-03-08 15:56:02,077 INFO] Train perplexity: 5.24703
[2024-03-08 15:56:02,077 INFO] Train accuracy: 65.6312
[2024-03-08 15:56:02,077 INFO] Sentences processed: 217375
[2024-03-08 15:56:02,077 INFO] Average bsz:  449/ 620/47
[2024-03-08 15:56:02,077 INFO] Validation perplexity: 163.663
[2024-03-08 15:56:02,077 INFO] Validation accuracy: 43.2389
[2024-03-08 15:56:02,078 INFO] Saving checkpoint gt-enc/gt_02_step_4600.pt
[2024-03-08 15:56:05,058 INFO] Step 4650/10000; acc: 85.9; ppl:   1.6; xent: 0.5; lr: 1.00000; sents:    2395; bsz:  444/ 618/48; 4449/6184 tok/s;    316 sec;
[2024-03-08 15:56:07,663 INFO] Step 4700/10000; acc: 85.4; ppl:   1.7; xent: 0.5; lr: 1.00000; sents:    2393; bsz:  454/ 629/48; 8723/12083 tok/s;    318 sec;
[2024-03-08 15:56:10,716 INFO] Step 4750/10000; acc: 84.9; ppl:   1.7; xent: 0.5; lr: 1.00000; sents:    2294; bsz:  430/ 596/46; 7051/9762 tok/s;    322 sec;
[2024-03-08 15:56:13,682 INFO] Step 4800/10000; acc: 85.3; ppl:   1.7; xent: 0.5; lr: 1.00000; sents:    2391; bsz:  454/ 630/48; 7661/10623 tok/s;    324 sec;
[2024-03-08 15:56:15,717 INFO] valid stats calculation
                           took: 2.034747838973999 s.
[2024-03-08 15:56:15,718 INFO] Train perplexity: 5.00177
[2024-03-08 15:56:15,718 INFO] Train accuracy: 66.4524
[2024-03-08 15:56:15,718 INFO] Sentences processed: 226848
[2024-03-08 15:56:15,718 INFO] Average bsz:  449/ 620/47
[2024-03-08 15:56:15,718 INFO] Validation perplexity: 155.596
[2024-03-08 15:56:15,718 INFO] Validation accuracy: 42.6594
[2024-03-08 15:56:15,718 INFO] Saving checkpoint gt-enc/gt_02_step_4800.pt
[2024-03-08 15:56:18,658 INFO] Step 4850/10000; acc: 84.3; ppl:   1.7; xent: 0.5; lr: 1.00000; sents:    2391; bsz:  463/ 635/48; 4652/6377 tok/s;    329 sec;
[2024-03-08 15:56:21,414 INFO] Step 4900/10000; acc: 84.7; ppl:   1.7; xent: 0.5; lr: 1.00000; sents:    2296; bsz:  442/ 606/46; 8024/10985 tok/s;    332 sec;
[2024-03-08 15:56:24,429 INFO] Step 4950/10000; acc: 84.5; ppl:   1.7; xent: 0.5; lr: 1.00000; sents:    2400; bsz:  444/ 619/48; 7360/10271 tok/s;    335 sec;
[2024-03-08 15:56:27,479 INFO] Step 5000/10000; acc: 85.0; ppl:   1.7; xent: 0.5; lr: 1.00000; sents:    2399; bsz:  444/ 622/48; 7275/10203 tok/s;    338 sec;
[2024-03-08 15:56:29,486 INFO] valid stats calculation
                           took: 2.0062241554260254 s.
[2024-03-08 15:56:29,486 INFO] Train perplexity: 4.79137
[2024-03-08 15:56:29,486 INFO] Train accuracy: 67.18
[2024-03-08 15:56:29,486 INFO] Sentences processed: 236334
[2024-03-08 15:56:29,486 INFO] Average bsz:  449/ 620/47
[2024-03-08 15:56:29,486 INFO] Validation perplexity: 137.792
[2024-03-08 15:56:29,486 INFO] Validation accuracy: 44.3335
[2024-03-08 15:56:29,487 INFO] Saving checkpoint gt-enc/gt_02_step_5000.pt
[2024-03-08 15:56:32,212 INFO] Step 5050/10000; acc: 83.5; ppl:   1.8; xent: 0.6; lr: 1.00000; sents:    2401; bsz:  467/ 638/48; 4934/6736 tok/s;    343 sec;
[2024-03-08 15:56:35,096 INFO] Step 5100/10000; acc: 83.6; ppl:   1.8; xent: 0.6; lr: 1.00000; sents:    2304; bsz:  448/ 612/46; 7762/10618 tok/s;    346 sec;
[2024-03-08 15:56:38,085 INFO] Step 5150/10000; acc: 84.2; ppl:   1.7; xent: 0.6; lr: 1.00000; sents:    2400; bsz:  445/ 620/48; 7447/10378 tok/s;    349 sec;
[2024-03-08 15:56:41,191 INFO] Step 5200/10000; acc: 82.7; ppl:   1.8; xent: 0.6; lr: 1.00000; sents:    2291; bsz:  460/ 621/46; 7397/9998 tok/s;    352 sec;
[2024-03-08 15:56:43,183 INFO] valid stats calculation
                           took: 1.9916718006134033 s.
[2024-03-08 15:56:43,184 INFO] Train perplexity: 4.61243
[2024-03-08 15:56:43,184 INFO] Train accuracy: 67.8105
[2024-03-08 15:56:43,184 INFO] Sentences processed: 245730
[2024-03-08 15:56:43,184 INFO] Average bsz:  449/ 620/47
[2024-03-08 15:56:43,184 INFO] Validation perplexity: 156.551
[2024-03-08 15:56:43,184 INFO] Validation accuracy: 42.3696
[2024-03-08 15:56:43,184 INFO] Saving checkpoint gt-enc/gt_02_step_5200.pt
[2024-03-08 15:56:45,897 INFO] Step 5250/10000; acc: 83.6; ppl:   1.8; xent: 0.6; lr: 1.00000; sents:    2393; bsz:  442/ 618/48; 4697/6568 tok/s;    357 sec;
[2024-03-08 15:56:49,002 INFO] Step 5300/10000; acc: 83.2; ppl:   1.8; xent: 0.6; lr: 1.00000; sents:    2393; bsz:  455/ 628/48; 7333/10109 tok/s;    360 sec;
[2024-03-08 15:56:51,918 INFO] Step 5350/10000; acc: 83.5; ppl:   1.8; xent: 0.6; lr: 1.00000; sents:    2279; bsz:  426/ 590/46; 7302/10118 tok/s;    363 sec;
[2024-03-08 15:56:54,942 INFO] Step 5400/10000; acc: 82.9; ppl:   1.8; xent: 0.6; lr: 1.00000; sents:    2391; bsz:  454/ 627/48; 7504/10370 tok/s;    366 sec;
[2024-03-08 15:56:56,965 INFO] valid stats calculation
                           took: 2.0227692127227783 s.
[2024-03-08 15:56:56,965 INFO] Train perplexity: 4.45607
[2024-03-08 15:56:56,965 INFO] Train accuracy: 68.3803
[2024-03-08 15:56:56,965 INFO] Sentences processed: 255186
[2024-03-08 15:56:56,966 INFO] Average bsz:  449/ 620/47
[2024-03-08 15:56:56,966 INFO] Validation perplexity: 157.324
[2024-03-08 15:56:56,966 INFO] Validation accuracy: 43.1745
[2024-03-08 15:56:56,966 INFO] Saving checkpoint gt-enc/gt_02_step_5400.pt
[2024-03-08 15:56:59,580 INFO] Step 5450/10000; acc: 82.6; ppl:   1.9; xent: 0.6; lr: 1.00000; sents:    2391; bsz:  450/ 622/48; 4848/6706 tok/s;    370 sec;
[2024-03-08 15:57:02,647 INFO] Step 5500/10000; acc: 80.2; ppl:   2.0; xent: 0.7; lr: 1.00000; sents:    2303; bsz:  473/ 632/46; 7717/10303 tok/s;    373 sec;
[2024-03-08 15:57:05,627 INFO] Step 5550/10000; acc: 83.0; ppl:   1.8; xent: 0.6; lr: 1.00000; sents:    2398; bsz:  441/ 615/48; 7398/10317 tok/s;    376 sec;
[2024-03-08 15:57:08,637 INFO] Step 5600/10000; acc: 82.1; ppl:   1.9; xent: 0.6; lr: 1.00000; sents:    2400; bsz:  454/ 626/48; 7539/10391 tok/s;    379 sec;
[2024-03-08 15:57:10,659 INFO] valid stats calculation
                           took: 2.021605968475342 s.
[2024-03-08 15:57:10,659 INFO] Train perplexity: 4.3222
[2024-03-08 15:57:10,659 INFO] Train accuracy: 68.8687
[2024-03-08 15:57:10,659 INFO] Sentences processed: 264678
[2024-03-08 15:57:10,660 INFO] Average bsz:  449/ 620/47
[2024-03-08 15:57:10,660 INFO] Validation perplexity: 135.137
[2024-03-08 15:57:10,660 INFO] Validation accuracy: 43.7862
[2024-03-08 15:57:10,660 INFO] Saving checkpoint gt-enc/gt_02_step_5600.pt
[2024-03-08 15:57:13,258 INFO] Step 5650/10000; acc: 80.2; ppl:   2.1; xent: 0.7; lr: 1.00000; sents:    2306; bsz:  451/ 615/46; 4877/6657 tok/s;    384 sec;
[2024-03-08 15:57:16,202 INFO] Step 5700/10000; acc: 81.1; ppl:   2.0; xent: 0.7; lr: 1.00000; sents:    2401; bsz:  445/ 619/48; 7556/10520 tok/s;    387 sec;
[2024-03-08 15:57:19,178 INFO] Step 5750/10000; acc: 81.1; ppl:   2.0; xent: 0.7; lr: 1.00000; sents:    2400; bsz:  457/ 634/48; 7676/10647 tok/s;    390 sec;
[2024-03-08 15:57:22,084 INFO] Step 5800/10000; acc: 80.7; ppl:   2.0; xent: 0.7; lr: 1.00000; sents:    2295; bsz:  433/ 591/46; 7445/10160 tok/s;    393 sec;
[2024-03-08 15:57:24,113 INFO] valid stats calculation
                           took: 2.0280513763427734 s.
[2024-03-08 15:57:24,113 INFO] Train perplexity: 4.21051
[2024-03-08 15:57:24,113 INFO] Train accuracy: 69.2766
[2024-03-08 15:57:24,113 INFO] Sentences processed: 274080
[2024-03-08 15:57:24,113 INFO] Average bsz:  449/ 620/47
[2024-03-08 15:57:24,113 INFO] Validation perplexity: 143.323
[2024-03-08 15:57:24,114 INFO] Validation accuracy: 42.6916
[2024-03-08 15:57:24,114 INFO] Saving checkpoint gt-enc/gt_02_step_5800.pt
[2024-03-08 15:57:26,751 INFO] Step 5850/10000; acc: 80.1; ppl:   2.0; xent: 0.7; lr: 1.00000; sents:    2394; bsz:  448/ 629/48; 4804/6744 tok/s;    398 sec;
[2024-03-08 15:57:29,783 INFO] Step 5900/10000; acc: 79.7; ppl:   2.1; xent: 0.7; lr: 1.00000; sents:    2392; bsz:  455/ 629/48; 7510/10372 tok/s;    401 sec;
[2024-03-08 15:57:32,775 INFO] Step 5950/10000; acc: 79.3; ppl:   2.1; xent: 0.8; lr: 1.00000; sents:    2294; bsz:  434/ 592/46; 7260/9902 tok/s;    404 sec;
[2024-03-08 15:57:35,777 INFO] Step 6000/10000; acc: 78.7; ppl:   2.2; xent: 0.8; lr: 1.00000; sents:    2391; bsz:  456/ 630/48; 7590/10494 tok/s;    407 sec;
[2024-03-08 15:57:37,767 INFO] valid stats calculation
                           took: 1.9894914627075195 s.
[2024-03-08 15:57:37,767 INFO] Train perplexity: 4.11467
[2024-03-08 15:57:37,767 INFO] Train accuracy: 69.6157
[2024-03-08 15:57:37,767 INFO] Sentences processed: 283551
[2024-03-08 15:57:37,767 INFO] Average bsz:  449/ 620/47
[2024-03-08 15:57:37,767 INFO] Validation perplexity: 139.272
[2024-03-08 15:57:37,767 INFO] Validation accuracy: 44.3657
[2024-03-08 15:57:37,768 INFO] Saving checkpoint gt-enc/gt_02_step_6000.pt
[2024-03-08 15:57:40,505 INFO] Step 6050/10000; acc: 77.6; ppl:   2.3; xent: 0.8; lr: 1.00000; sents:    2295; bsz:  449/ 613/46; 4744/6484 tok/s;    411 sec;
[2024-03-08 15:57:43,493 INFO] Step 6100/10000; acc: 78.2; ppl:   2.3; xent: 0.8; lr: 1.00000; sents:    2400; bsz:  445/ 620/48; 7448/10373 tok/s;    414 sec;
[2024-03-08 15:57:46,494 INFO] Step 6150/10000; acc: 77.4; ppl:   2.4; xent: 0.9; lr: 1.00000; sents:    2399; bsz:  456/ 635/48; 7602/10579 tok/s;    417 sec;
[2024-03-08 15:57:49,462 INFO] Step 6200/10000; acc: 77.5; ppl:   2.3; xent: 0.8; lr: 1.00000; sents:    2400; bsz:  439/ 612/48; 7392/10315 tok/s;    420 sec;
[2024-03-08 15:57:51,476 INFO] valid stats calculation
                           took: 2.0140697956085205 s.
[2024-03-08 15:57:51,477 INFO] Train perplexity: 4.03857
[2024-03-08 15:57:51,477 INFO] Train accuracy: 69.8754
[2024-03-08 15:57:51,477 INFO] Sentences processed: 293045
[2024-03-08 15:57:51,477 INFO] Average bsz:  449/ 620/47
[2024-03-08 15:57:51,477 INFO] Validation perplexity: 151.45
[2024-03-08 15:57:51,477 INFO] Validation accuracy: 42.4984
[2024-03-08 15:57:51,477 INFO] Saving checkpoint gt-enc/gt_02_step_6200.pt
[2024-03-08 15:57:54,164 INFO] Step 6250/10000; acc: 75.4; ppl:   2.6; xent: 0.9; lr: 1.00000; sents:    2403; bsz:  461/ 639/48; 4899/6798 tok/s;    425 sec;
[2024-03-08 15:57:57,182 INFO] Step 6300/10000; acc: 74.5; ppl:   2.6; xent: 1.0; lr: 1.00000; sents:    2305; bsz:  446/ 610/46; 7395/10104 tok/s;    428 sec;
[2024-03-08 15:58:00,116 INFO] Step 6350/10000; acc: 75.6; ppl:   2.6; xent: 0.9; lr: 1.00000; sents:    2399; bsz:  444/ 616/48; 7566/10495 tok/s;    431 sec;
[2024-03-08 15:58:03,242 INFO] Step 6400/10000; acc: 73.7; ppl:   2.8; xent: 1.0; lr: 1.00000; sents:    2297; bsz:  453/ 623/46; 7245/9964 tok/s;    434 sec;
[2024-03-08 15:58:05,256 INFO] valid stats calculation
                           took: 2.013831853866577 s.
[2024-03-08 15:58:05,256 INFO] Train perplexity: 3.98519
[2024-03-08 15:58:05,256 INFO] Train accuracy: 70.0299
[2024-03-08 15:58:05,257 INFO] Sentences processed: 302449
[2024-03-08 15:58:05,257 INFO] Average bsz:  449/ 620/47
[2024-03-08 15:58:05,257 INFO] Validation perplexity: 162.707
[2024-03-08 15:58:05,257 INFO] Validation accuracy: 40.9208
[2024-03-08 15:58:05,257 INFO] Saving checkpoint gt-enc/gt_02_step_6400.pt
[2024-03-08 15:58:08,059 INFO] Step 6450/10000; acc: 74.4; ppl:   2.7; xent: 1.0; lr: 1.00000; sents:    2393; bsz:  444/ 617/48; 4606/6400 tok/s;    439 sec;
[2024-03-08 15:58:11,124 INFO] Step 6500/10000; acc: 72.7; ppl:   2.9; xent: 1.1; lr: 1.00000; sents:    2296; bsz:  448/ 612/46; 7312/9981 tok/s;    442 sec;
[2024-03-08 15:58:14,089 INFO] Step 6550/10000; acc: 73.5; ppl:   2.8; xent: 1.0; lr: 1.00000; sents:    2391; bsz:  445/ 621/48; 7511/10481 tok/s;    445 sec;
[2024-03-08 15:58:17,029 INFO] Step 6600/10000; acc: 71.7; ppl:   3.0; xent: 1.1; lr: 1.00000; sents:    2391; bsz:  461/ 632/48; 7841/10745 tok/s;    448 sec;
[2024-03-08 15:58:19,062 INFO] valid stats calculation
                           took: 2.0329127311706543 s.
[2024-03-08 15:58:19,063 INFO] Train perplexity: 3.94515
[2024-03-08 15:58:19,063 INFO] Train accuracy: 70.1218
[2024-03-08 15:58:19,063 INFO] Sentences processed: 311920
[2024-03-08 15:58:19,063 INFO] Average bsz:  449/ 620/47
[2024-03-08 15:58:19,063 INFO] Validation perplexity: 143.02
[2024-03-08 15:58:19,063 INFO] Validation accuracy: 39.9871
[2024-03-08 15:58:19,063 INFO] Saving checkpoint gt-enc/gt_02_step_6600.pt
[2024-03-08 15:58:21,860 INFO] Step 6650/10000; acc: 70.9; ppl:   3.2; xent: 1.2; lr: 1.00000; sents:    2392; bsz:  464/ 634/48; 4804/6560 tok/s;    453 sec;
[2024-03-08 15:58:24,811 INFO] Step 6700/10000; acc: 73.5; ppl:   2.9; xent: 1.1; lr: 1.00000; sents:    2288; bsz:  415/ 586/46; 7029/9923 tok/s;    456 sec;
[2024-03-08 15:58:27,864 INFO] Step 6750/10000; acc: 69.4; ppl:   3.4; xent: 1.2; lr: 1.00000; sents:    2405; bsz:  469/ 641/48; 7690/10507 tok/s;    459 sec;
[2024-03-08 15:58:30,700 INFO] Step 6800/10000; acc: 69.9; ppl:   3.4; xent: 1.2; lr: 1.00000; sents:    2406; bsz:  447/ 622/48; 7878/10968 tok/s;    461 sec;
[2024-03-08 15:58:32,725 INFO] valid stats calculation
                           took: 2.0246384143829346 s.
[2024-03-08 15:58:32,725 INFO] Train perplexity: 3.92185
[2024-03-08 15:58:32,725 INFO] Train accuracy: 70.1441
[2024-03-08 15:58:32,725 INFO] Sentences processed: 321411
[2024-03-08 15:58:32,726 INFO] Average bsz:  449/ 620/47
[2024-03-08 15:58:32,726 INFO] Validation perplexity: 162.392
[2024-03-08 15:58:32,726 INFO] Validation accuracy: 38.8925
[2024-03-08 15:58:32,726 INFO] Saving checkpoint gt-enc/gt_02_step_6800.pt
[2024-03-08 15:58:35,456 INFO] Step 6850/10000; acc: 67.0; ppl:   3.9; xent: 1.4; lr: 1.00000; sents:    2405; bsz:  465/ 638/48; 4884/6707 tok/s;    466 sec;
[2024-03-08 15:58:38,387 INFO] Step 6900/10000; acc: 66.9; ppl:   4.1; xent: 1.4; lr: 1.00000; sents:    2295; bsz:  441/ 605/46; 7523/10330 tok/s;    469 sec;
[2024-03-08 15:58:41,408 INFO] Step 6950/10000; acc: 66.1; ppl:   4.3; xent: 1.5; lr: 1.00000; sents:    2396; bsz:  457/ 629/48; 7564/10416 tok/s;    472 sec;
[2024-03-08 15:58:44,276 INFO] Step 7000/10000; acc: 66.7; ppl:   4.2; xent: 1.4; lr: 1.00000; sents:    2281; bsz:  423/ 589/46; 7383/10269 tok/s;    475 sec;
[2024-03-08 15:58:46,343 INFO] valid stats calculation
                           took: 2.067286729812622 s.
[2024-03-08 15:58:46,344 INFO] Train perplexity: 3.92751
[2024-03-08 15:58:46,344 INFO] Train accuracy: 70.0461
[2024-03-08 15:58:46,344 INFO] Sentences processed: 330788
[2024-03-08 15:58:46,344 INFO] Average bsz:  449/ 620/47
[2024-03-08 15:58:46,344 INFO] Validation perplexity: 176.006
[2024-03-08 15:58:46,344 INFO] Validation accuracy: 37.9266
[2024-03-08 15:58:46,344 INFO] Saving checkpoint gt-enc/gt_02_step_7000.pt
[2024-03-08 15:58:49,123 INFO] Step 7050/10000; acc: 64.5; ppl:   4.7; xent: 1.5; lr: 1.00000; sents:    2393; bsz:  455/ 628/48; 4694/6477 tok/s;    480 sec;
[2024-03-08 15:58:52,091 INFO] Step 7100/10000; acc: 64.3; ppl:   4.7; xent: 1.5; lr: 1.00000; sents:    2391; bsz:  451/ 623/48; 7594/10502 tok/s;    483 sec;
[2024-03-08 15:58:55,211 INFO] Step 7150/10000; acc: 61.8; ppl:   5.5; xent: 1.7; lr: 1.00000; sents:    2295; bsz:  449/ 614/46; 7196/9835 tok/s;    486 sec;
[2024-03-08 15:58:58,270 INFO] Step 7200/10000; acc: 61.1; ppl:   5.7; xent: 1.7; lr: 1.00000; sents:    2391; bsz:  469/ 636/48; 7670/10399 tok/s;    489 sec;
[2024-03-08 15:59:00,276 INFO] valid stats calculation
                           took: 2.004910469055176 s.
[2024-03-08 15:59:00,276 INFO] Train perplexity: 3.95698
[2024-03-08 15:59:00,276 INFO] Train accuracy: 69.8464
[2024-03-08 15:59:00,276 INFO] Sentences processed: 340258
[2024-03-08 15:59:00,276 INFO] Average bsz:  449/ 620/47
[2024-03-08 15:59:00,276 INFO] Validation perplexity: 168.575
[2024-03-08 15:59:00,276 INFO] Validation accuracy: 37.2505
[2024-03-08 15:59:00,277 INFO] Saving checkpoint gt-enc/gt_02_step_7200.pt
[2024-03-08 15:59:03,134 INFO] Step 7250/10000; acc: 62.0; ppl:   5.6; xent: 1.7; lr: 1.00000; sents:    2399; bsz:  442/ 617/48; 4546/6338 tok/s;    494 sec;
[2024-03-08 15:59:06,141 INFO] Step 7300/10000; acc: 60.2; ppl:   6.1; xent: 1.8; lr: 1.00000; sents:    2299; bsz:  440/ 604/46; 7318/10048 tok/s;    497 sec;
[2024-03-08 15:59:09,130 INFO] Step 7350/10000; acc: 59.5; ppl:   6.4; xent: 1.9; lr: 1.00000; sents:    2401; bsz:  457/ 629/48; 7649/10527 tok/s;    500 sec;
[2024-03-08 15:59:12,007 INFO] Step 7400/10000; acc: 58.0; ppl:   7.4; xent: 2.0; lr: 1.00000; sents:    2404; bsz:  444/ 620/48; 7723/10773 tok/s;    503 sec;
[2024-03-08 15:59:14,071 INFO] valid stats calculation
                           took: 2.063913345336914 s.
[2024-03-08 15:59:14,071 INFO] Train perplexity: 4.00764
[2024-03-08 15:59:14,071 INFO] Train accuracy: 69.5797
[2024-03-08 15:59:14,071 INFO] Sentences processed: 349761
[2024-03-08 15:59:14,071 INFO] Average bsz:  449/ 620/47
[2024-03-08 15:59:14,072 INFO] Validation perplexity: 207.284
[2024-03-08 15:59:14,072 INFO] Validation accuracy: 34.1275
[2024-03-08 15:59:14,072 INFO] Saving checkpoint gt-enc/gt_02_step_7400.pt
[2024-03-08 15:59:16,984 INFO] Step 7450/10000; acc: 55.9; ppl:   8.5; xent: 2.1; lr: 1.00000; sents:    2401; bsz:  457/ 633/48; 4592/6363 tok/s;    508 sec;
[2024-03-08 15:59:19,984 INFO] Step 7500/10000; acc: 54.5; ppl:   9.6; xent: 2.3; lr: 1.00000; sents:    2300; bsz:  447/ 607/46; 7455/10114 tok/s;    511 sec;
[2024-03-08 15:59:23,008 INFO] Step 7550/10000; acc: 53.0; ppl:  11.1; xent: 2.4; lr: 1.00000; sents:    2299; bsz:  442/ 608/46; 7307/10052 tok/s;    514 sec;
[2024-03-08 15:59:25,935 INFO] Step 7600/10000; acc: 54.6; ppl:   9.9; xent: 2.3; lr: 1.00000; sents:    2490; bsz:  450/ 639/50; 7686/10910 tok/s;    517 sec;
[2024-03-08 15:59:27,990 INFO] valid stats calculation
                           took: 2.0547449588775635 s.
[2024-03-08 15:59:27,991 INFO] Train perplexity: 4.10281
[2024-03-08 15:59:27,991 INFO] Train accuracy: 69.1828
[2024-03-08 15:59:27,991 INFO] Sentences processed: 359251
[2024-03-08 15:59:27,991 INFO] Average bsz:  449/ 620/47
[2024-03-08 15:59:27,991 INFO] Validation perplexity: 230.123
[2024-03-08 15:59:27,991 INFO] Validation accuracy: 34.3529
[2024-03-08 15:59:27,991 INFO] Saving checkpoint gt-enc/gt_02_step_7600.pt
[2024-03-08 15:59:31,004 INFO] Step 7650/10000; acc: 53.4; ppl:   9.8; xent: 2.3; lr: 1.00000; sents:    2295; bsz:  448/ 607/46; 4415/5984 tok/s;    522 sec;
[2024-03-08 15:59:34,154 INFO] Step 7700/10000; acc: 52.3; ppl:  10.8; xent: 2.4; lr: 1.00000; sents:    2391; bsz:  459/ 635/48; 7288/10080 tok/s;    525 sec;
[2024-03-08 15:59:37,279 INFO] Step 7750/10000; acc: 50.9; ppl:  12.2; xent: 2.5; lr: 1.00000; sents:    2295; bsz:  448/ 612/46; 7164/9794 tok/s;    528 sec;
[2024-03-08 15:59:40,272 INFO] Step 7800/10000; acc: 51.5; ppl:  12.0; xent: 2.5; lr: 1.00000; sents:    2391; bsz:  443/ 618/48; 7405/10320 tok/s;    531 sec;
[2024-03-08 15:59:42,363 INFO] valid stats calculation
                           took: 2.090214490890503 s.
[2024-03-08 15:59:42,363 INFO] Train perplexity: 4.20897
[2024-03-08 15:59:42,363 INFO] Train accuracy: 68.7433
[2024-03-08 15:59:42,363 INFO] Sentences processed: 368623
[2024-03-08 15:59:42,364 INFO] Average bsz:  449/ 620/47
[2024-03-08 15:59:42,364 INFO] Validation perplexity: 210.472
[2024-03-08 15:59:42,364 INFO] Validation accuracy: 33.9343
[2024-03-08 15:59:42,364 INFO] Saving checkpoint gt-enc/gt_02_step_7800.pt
[2024-03-08 15:59:45,502 INFO] Step 7850/10000; acc: 50.1; ppl:  13.7; xent: 2.6; lr: 1.00000; sents:    2303; bsz:  443/ 612/46; 4235/5849 tok/s;    536 sec;
[2024-03-08 15:59:48,503 INFO] Step 7900/10000; acc: 48.5; ppl:  16.2; xent: 2.8; lr: 1.00000; sents:    2399; bsz:  456/ 633/48; 7604/10541 tok/s;    539 sec;
[2024-03-08 15:59:51,412 INFO] Step 7950/10000; acc: 49.1; ppl:  16.8; xent: 2.8; lr: 1.00000; sents:    2401; bsz:  445/ 618/48; 7640/10626 tok/s;    542 sec;
[2024-03-08 15:59:54,321 INFO] Step 8000/10000; acc: 45.6; ppl:  22.8; xent: 3.1; lr: 1.00000; sents:    2403; bsz:  458/ 632/48; 7876/10867 tok/s;    545 sec;
[2024-03-08 15:59:56,387 INFO] valid stats calculation
                           took: 2.066131591796875 s.
[2024-03-08 15:59:56,387 INFO] Train perplexity: 4.36023
[2024-03-08 15:59:56,388 INFO] Train accuracy: 68.2295
[2024-03-08 15:59:56,388 INFO] Sentences processed: 378129
[2024-03-08 15:59:56,388 INFO] Average bsz:  449/ 620/47
[2024-03-08 15:59:56,388 INFO] Validation perplexity: 282.169
[2024-03-08 15:59:56,388 INFO] Validation accuracy: 31.9382
[2024-03-08 15:59:56,388 INFO] Saving checkpoint gt-enc/gt_02_step_8000.pt
[2024-03-08 15:59:59,514 INFO] Step 8050/10000; acc: 43.6; ppl:  28.9; xent: 3.4; lr: 1.00000; sents:    2304; bsz:  443/ 608/46; 4261/5856 tok/s;    550 sec;
[2024-03-08 16:00:02,532 INFO] Step 8100/10000; acc: 44.6; ppl:  29.4; xent: 3.4; lr: 1.00000; sents:    2399; bsz:  441/ 615/48; 7304/10183 tok/s;    553 sec;
[2024-03-08 16:00:05,566 INFO] Step 8150/10000; acc: 42.7; ppl:  36.0; xent: 3.6; lr: 1.00000; sents:    2394; bsz:  448/ 624/48; 7385/10283 tok/s;    556 sec;
[2024-03-08 16:00:08,445 INFO] Step 8200/10000; acc: 40.8; ppl:  42.9; xent: 3.8; lr: 1.00000; sents:    2297; bsz:  447/ 611/46; 7772/10608 tok/s;    559 sec;
[2024-03-08 16:00:10,452 INFO] valid stats calculation
                           took: 2.0069692134857178 s.
[2024-03-08 16:00:10,453 INFO] Train perplexity: 4.58168
[2024-03-08 16:00:10,453 INFO] Train accuracy: 67.6179
[2024-03-08 16:00:10,453 INFO] Sentences processed: 387523
[2024-03-08 16:00:10,453 INFO] Average bsz:  449/ 620/47
[2024-03-08 16:00:10,453 INFO] Validation perplexity: 370.155
[2024-03-08 16:00:10,453 INFO] Validation accuracy: 30.0064
[2024-03-08 16:00:10,453 INFO] Saving checkpoint gt-enc/gt_02_step_8200.pt
[2024-03-08 16:00:13,627 INFO] Step 8250/10000; acc: 39.4; ppl:  46.0; xent: 3.8; lr: 1.00000; sents:    2392; bsz:  468/ 639/48; 4513/6167 tok/s;    564 sec;
[2024-03-08 16:00:16,525 INFO] Step 8300/10000; acc: 41.5; ppl:  41.5; xent: 3.7; lr: 1.00000; sents:    2391; bsz:  440/ 617/48; 7592/10641 tok/s;    567 sec;
[2024-03-08 16:00:19,572 INFO] Step 8350/10000; acc: 40.1; ppl:  51.2; xent: 3.9; lr: 1.00000; sents:    2279; bsz:  435/ 599/46; 7142/9830 tok/s;    570 sec;
[2024-03-08 16:00:22,230 INFO] Step 8400/10000; acc: 38.0; ppl:  60.1; xent: 4.1; lr: 1.00000; sents:    2392; bsz:  465/ 634/48; 8739/11921 tok/s;    573 sec;
[2024-03-08 16:00:24,250 INFO] valid stats calculation
                           took: 2.01934814453125 s.
[2024-03-08 16:00:24,250 INFO] Train perplexity: 4.84919
[2024-03-08 16:00:24,250 INFO] Train accuracy: 66.9517
[2024-03-08 16:00:24,250 INFO] Sentences processed: 396977
[2024-03-08 16:00:24,250 INFO] Average bsz:  449/ 620/47
[2024-03-08 16:00:24,250 INFO] Validation perplexity: 452.008
[2024-03-08 16:00:24,250 INFO] Validation accuracy: 29.3303
[2024-03-08 16:00:24,251 INFO] Saving checkpoint gt-enc/gt_02_step_8400.pt
[2024-03-08 16:00:27,317 INFO] Step 8450/10000; acc: 37.7; ppl:  80.1; xent: 4.4; lr: 1.00000; sents:    2298; bsz:  441/ 606/46; 4336/5955 tok/s;    578 sec;
[2024-03-08 16:00:30,303 INFO] Step 8500/10000; acc: 38.7; ppl:  64.3; xent: 4.2; lr: 1.00000; sents:    2507; bsz:  465/ 650/50; 7785/10892 tok/s;    581 sec;
[2024-03-08 16:00:33,264 INFO] Step 8550/10000; acc: 35.1; ppl: 106.7; xent: 4.7; lr: 1.00000; sents:    2303; bsz:  446/ 609/46; 7532/10292 tok/s;    584 sec;
[2024-03-08 16:00:35,835 INFO] Step 8600/10000; acc: 36.7; ppl:  78.2; xent: 4.4; lr: 1.00000; sents:    2404; bsz:  445/ 620/48; 8660/12061 tok/s;    587 sec;
[2024-03-08 16:00:37,846 INFO] valid stats calculation
                           took: 2.0106027126312256 s.
[2024-03-08 16:00:37,847 INFO] Train perplexity: 5.17764
[2024-03-08 16:00:37,847 INFO] Train accuracy: 66.2559
[2024-03-08 16:00:37,847 INFO] Sentences processed: 406489
[2024-03-08 16:00:37,847 INFO] Average bsz:  449/ 620/47
[2024-03-08 16:00:37,847 INFO] Validation perplexity: 465.835
[2024-03-08 16:00:37,847 INFO] Validation accuracy: 28.9762
[2024-03-08 16:00:37,847 INFO] Saving checkpoint gt-enc/gt_02_step_8600.pt
[2024-03-08 16:00:40,963 INFO] Step 8650/10000; acc: 33.8; ppl:  94.9; xent: 4.6; lr: 1.00000; sents:    2288; bsz:  450/ 612/46; 4390/5969 tok/s;    592 sec;
[2024-03-08 16:00:43,985 INFO] Step 8700/10000; acc: 37.0; ppl:  76.4; xent: 4.3; lr: 1.00000; sents:    2396; bsz:  443/ 617/48; 7327/10213 tok/s;    595 sec;
[2024-03-08 16:00:47,072 INFO] Step 8750/10000; acc: 33.6; ppl: 113.8; xent: 4.7; lr: 1.00000; sents:    2392; bsz:  469/ 636/48; 7591/10303 tok/s;    598 sec;
[2024-03-08 16:00:49,576 INFO] Step 8800/10000; acc: 33.1; ppl: 110.3; xent: 4.7; lr: 1.00000; sents:    2393; bsz:  451/ 623/48; 9004/12439 tok/s;    600 sec;
[2024-03-08 16:00:51,614 INFO] valid stats calculation
                           took: 2.0374743938446045 s.
[2024-03-08 16:00:51,614 INFO] Train perplexity: 5.53648
[2024-03-08 16:00:51,614 INFO] Train accuracy: 65.5288
[2024-03-08 16:00:51,614 INFO] Sentences processed: 415958
[2024-03-08 16:00:51,614 INFO] Average bsz:  449/ 620/47
[2024-03-08 16:00:51,614 INFO] Validation perplexity: 380.819
[2024-03-08 16:00:51,614 INFO] Validation accuracy: 28.3645
[2024-03-08 16:00:51,615 INFO] Saving checkpoint gt-enc/gt_02_step_8800.pt
[2024-03-08 16:00:54,698 INFO] Step 8850/10000; acc: 31.3; ppl: 141.1; xent: 4.9; lr: 1.00000; sents:    2295; bsz:  451/ 615/46; 4399/6000 tok/s;    605 sec;
[2024-03-08 16:00:57,749 INFO] Step 8900/10000; acc: 30.5; ppl: 210.0; xent: 5.3; lr: 1.00000; sents:    2290; bsz:  437/ 602/46; 7168/9870 tok/s;    609 sec;
[2024-03-08 16:01:00,697 INFO] Step 8950/10000; acc: 30.8; ppl: 274.5; xent: 5.6; lr: 1.00000; sents:    2391; bsz:  441/ 613/48; 7472/10399 tok/s;    611 sec;
[2024-03-08 16:01:03,141 INFO] Step 9000/10000; acc: 31.2; ppl: 144.8; xent: 5.0; lr: 1.00000; sents:    2400; bsz:  453/ 628/48; 9277/12844 tok/s;    614 sec;
[2024-03-08 16:01:05,163 INFO] valid stats calculation
                           took: 2.0214931964874268 s.
[2024-03-08 16:01:05,164 INFO] Train perplexity: 5.98129
[2024-03-08 16:01:05,164 INFO] Train accuracy: 64.7667
[2024-03-08 16:01:05,164 INFO] Sentences processed: 425334
[2024-03-08 16:01:05,164 INFO] Average bsz:  449/ 620/47
[2024-03-08 16:01:05,164 INFO] Validation perplexity: 471.004
[2024-03-08 16:01:05,164 INFO] Validation accuracy: 27.3986
[2024-03-08 16:01:05,164 INFO] Saving checkpoint gt-enc/gt_02_step_9000.pt
[2024-03-08 16:01:08,265 INFO] Step 9050/10000; acc: 30.5; ppl: 126.5; xent: 4.8; lr: 1.00000; sents:    2399; bsz:  459/ 635/48; 4478/6197 tok/s;    619 sec;
[2024-03-08 16:01:11,275 INFO] Step 9100/10000; acc: 28.6; ppl: 161.9; xent: 5.1; lr: 1.00000; sents:    2303; bsz:  449/ 607/46; 7458/10091 tok/s;    622 sec;
[2024-03-08 16:01:14,217 INFO] Step 9150/10000; acc: 30.0; ppl: 151.7; xent: 5.0; lr: 1.00000; sents:    2403; bsz:  444/ 620/48; 7551/10542 tok/s;    625 sec;
[2024-03-08 16:01:16,792 INFO] Step 9200/10000; acc: 28.8; ppl: 212.6; xent: 5.4; lr: 1.00000; sents:    2305; bsz:  443/ 611/46; 8600/11854 tok/s;    628 sec;
[2024-03-08 16:01:18,828 INFO] valid stats calculation
                           took: 2.0351290702819824 s.
[2024-03-08 16:01:18,828 INFO] Train perplexity: 6.42304
[2024-03-08 16:01:18,828 INFO] Train accuracy: 64.0014
[2024-03-08 16:01:18,828 INFO] Sentences processed: 434744
[2024-03-08 16:01:18,828 INFO] Average bsz:  449/ 620/47
[2024-03-08 16:01:18,828 INFO] Validation perplexity: 462.23
[2024-03-08 16:01:18,828 INFO] Validation accuracy: 25.3381
[2024-03-08 16:01:18,829 INFO] Saving checkpoint gt-enc/gt_02_step_9200.pt
[2024-03-08 16:01:21,737 INFO] Step 9250/10000; acc: 29.4; ppl: 220.3; xent: 5.4; lr: 1.00000; sents:    2495; bsz:  453/ 637/50; 4581/6438 tok/s;    633 sec;
[2024-03-08 16:01:24,818 INFO] Step 9300/10000; acc: 26.1; ppl: 629.7; xent: 6.4; lr: 1.00000; sents:    2299; bsz:  444/ 610/46; 7204/9906 tok/s;    636 sec;
[2024-03-08 16:01:27,861 INFO] Step 9350/10000; acc: 23.1; ppl: 1158.0; xent: 7.1; lr: 1.00000; sents:    2393; bsz:  461/ 636/48; 7570/10447 tok/s;    639 sec;
[2024-03-08 16:01:30,499 INFO] Step 9400/10000; acc: 22.8; ppl: 3449.0; xent: 8.1; lr: 1.00000; sents:    2296; bsz:  447/ 610/46; 8472/11571 tok/s;    641 sec;
[2024-03-08 16:01:32,462 INFO] valid stats calculation
                           took: 1.961836814880371 s.
[2024-03-08 16:01:32,462 INFO] Train perplexity: 7.13125
[2024-03-08 16:01:32,462 INFO] Train accuracy: 63.1746
[2024-03-08 16:01:32,462 INFO] Sentences processed: 444227
[2024-03-08 16:01:32,462 INFO] Average bsz:  449/ 620/47
[2024-03-08 16:01:32,462 INFO] Validation perplexity: 1864.69
[2024-03-08 16:01:32,462 INFO] Validation accuracy: 23.2453
[2024-03-08 16:01:32,463 INFO] Saving checkpoint gt-enc/gt_02_step_9400.pt
[2024-03-08 16:01:35,482 INFO] Step 9450/10000; acc: 23.3; ppl: 655.2; xent: 6.5; lr: 1.00000; sents:    2391; bsz:  444/ 617/48; 4453/6196 tok/s;    646 sec;
[2024-03-08 16:01:38,418 INFO] Step 9500/10000; acc: 21.7; ppl: 683.0; xent: 6.5; lr: 1.00000; sents:    2391; bsz:  455/ 631/48; 7741/10741 tok/s;    649 sec;
[2024-03-08 16:01:41,286 INFO] Step 9550/10000; acc: 20.4; ppl: 1188.7; xent: 7.1; lr: 1.00000; sents:    2391; bsz:  442/ 614/48; 7708/10713 tok/s;    652 sec;
[2024-03-08 16:01:44,091 INFO] Step 9600/10000; acc: 18.9; ppl: 1270.4; xent: 7.1; lr: 1.00000; sents:    2303; bsz:  444/ 613/46; 7906/10927 tok/s;    655 sec;
[2024-03-08 16:01:46,136 INFO] valid stats calculation
                           took: 2.0448014736175537 s.
[2024-03-08 16:01:46,137 INFO] Train perplexity: 7.88702
[2024-03-08 16:01:46,137 INFO] Train accuracy: 62.2994
[2024-03-08 16:01:46,137 INFO] Sentences processed: 453703
[2024-03-08 16:01:46,137 INFO] Average bsz:  449/ 620/47
[2024-03-08 16:01:46,137 INFO] Validation perplexity: 1171.53
[2024-03-08 16:01:46,137 INFO] Validation accuracy: 22.7946
[2024-03-08 16:01:46,137 INFO] Saving checkpoint gt-enc/gt_02_step_9600.pt
[2024-03-08 16:01:49,218 INFO] Step 9650/10000; acc: 20.0; ppl: 1035.6; xent: 6.9; lr: 1.00000; sents:    2399; bsz:  459/ 633/48; 4479/6176 tok/s;    660 sec;
[2024-03-08 16:01:52,162 INFO] Step 9700/10000; acc: 19.6; ppl: 1274.5; xent: 7.2; lr: 1.00000; sents:    2305; bsz:  432/ 596/46; 7330/10122 tok/s;    663 sec;
[2024-03-08 16:01:54,934 INFO] Step 9750/10000; acc: 20.8; ppl: 901.3; xent: 6.8; lr: 1.00000; sents:    2403; bsz:  457/ 631/48; 8249/11389 tok/s;    666 sec;
[2024-03-08 16:01:57,654 INFO] Step 9800/10000; acc: 21.2; ppl: 760.8; xent: 6.6; lr: 1.00000; sents:    2400; bsz:  446/ 624/48; 8190/11466 tok/s;    668 sec;
[2024-03-08 16:01:59,627 INFO] valid stats calculation
                           took: 1.971806526184082 s.
[2024-03-08 16:01:59,627 INFO] Train perplexity: 8.70295
[2024-03-08 16:01:59,627 INFO] Train accuracy: 61.4435
[2024-03-08 16:01:59,627 INFO] Sentences processed: 463210
[2024-03-08 16:01:59,627 INFO] Average bsz:  449/ 620/47
[2024-03-08 16:01:59,627 INFO] Validation perplexity: 1229.31
[2024-03-08 16:01:59,627 INFO] Validation accuracy: 22.8268
[2024-03-08 16:01:59,628 INFO] Saving checkpoint gt-enc/gt_02_step_9800.pt
[2024-03-08 16:02:02,738 INFO] Step 9850/10000; acc: 20.3; ppl: 856.7; xent: 6.8; lr: 1.00000; sents:    2399; bsz:  469/ 639/48; 4612/6290 tok/s;    674 sec;
[2024-03-08 16:02:05,863 INFO] Step 9900/10000; acc: 19.6; ppl: 840.4; xent: 6.7; lr: 1.00000; sents:    2298; bsz:  448/ 611/46; 7175/9772 tok/s;    677 sec;
[2024-03-08 16:02:08,622 INFO] Step 9950/10000; acc: 19.5; ppl: 861.3; xent: 6.8; lr: 1.00000; sents:    2281; bsz:  437/ 601/46; 7925/10890 tok/s;    679 sec;
[2024-03-08 16:02:10,957 INFO] Step 10000/10000; acc: 18.5; ppl: 1205.4; xent: 7.1; lr: 1.00000; sents:    2504; bsz:  466/ 652/50; 9984/13971 tok/s;    682 sec;
[2024-03-08 16:02:12,913 INFO] valid stats calculation
                           took: 1.955719232559204 s.
[2024-03-08 16:02:12,914 INFO] Train perplexity: 9.56438
[2024-03-08 16:02:12,914 INFO] Train accuracy: 60.5961
[2024-03-08 16:02:12,914 INFO] Sentences processed: 472692
[2024-03-08 16:02:12,914 INFO] Average bsz:  449/ 620/47
[2024-03-08 16:02:12,914 INFO] Validation perplexity: 2190.06
[2024-03-08 16:02:12,914 INFO] Validation accuracy: 14.9388
[2024-03-08 16:02:12,914 INFO] Saving checkpoint gt-enc/gt_02_step_10000.pt
