[2024-03-13 07:10:37,655 WARNING] Corpus corpus_1's weight should be given. We default it to 1 for you.
[2024-03-13 07:10:37,655 INFO] Parsed 2 corpora from -data.
[2024-03-13 07:10:37,656 INFO] Get special vocabs from Transforms: {'src': [], 'tgt': []}.
[2024-03-13 07:10:37,691 INFO] Reading encoder embeddings from asl_w2v.txt
[2024-03-13 07:11:38,810 INFO] 	Found 3002605 total vectors in file.
[2024-03-13 07:11:38,810 INFO] Reading decoder embeddings from en_w2v.txt
[2024-03-13 07:12:13,987 INFO] 	Found 3000000 total vectors in file
[2024-03-13 07:12:13,988 INFO] After filtering to vectors in vocab:
[2024-03-13 07:12:13,991 INFO] 	* enc: 10421 match, 3723 missing, (73.68%)
[2024-03-13 07:12:13,994 INFO] 	* dec: 14009 match, 3807 missing, (78.63%)
[2024-03-13 07:12:13,994 INFO] 
Saving encoder embeddings as:
	* enc: gt-pt-both.enc_embeddings.pt
[2024-03-13 07:12:30,038 INFO] 
Saving decoder embeddings as:
	* dec: gt-pt-both.dec_embeddings.pt
[2024-03-13 07:12:58,770 INFO] The first 10 tokens of the vocabs are:['<unk>', '<blank>', '<s>', '</s>', 'be', 'to', 'ix-1p-pl', 'in', 'and', 'this']
[2024-03-13 07:12:58,771 INFO] The decoder start token is: <s>
[2024-03-13 07:12:58,771 INFO] Building model...
[2024-03-13 07:12:58,980 INFO] Switching model to float32 for amp/apex_amp
[2024-03-13 07:12:58,980 INFO] Non quantized layer compute is fp32
[2024-03-13 07:13:02,325 INFO] NMTModel(
  (encoder): RNNEncoder(
    (embeddings): Embeddings(
      (make_embedding): Sequential(
        (emb_luts): Elementwise(
          (0): Embedding(14144, 300, padding_idx=1)
        )
      )
      (dropout): Dropout(p=0.3, inplace=False)
    )
    (rnn): LSTM(300, 500, num_layers=2, batch_first=True, dropout=0.3)
  )
  (decoder): InputFeedRNNDecoder(
    (embeddings): Embeddings(
      (make_embedding): Sequential(
        (emb_luts): Elementwise(
          (0): Embedding(17816, 300, padding_idx=1)
        )
      )
      (dropout): Dropout(p=0.3, inplace=False)
    )
    (dropout): Dropout(p=0.3, inplace=False)
    (rnn): StackedLSTM(
      (dropout): Dropout(p=0.3, inplace=False)
      (layers): ModuleList(
        (0): LSTMCell(800, 500)
        (1): LSTMCell(500, 500)
      )
    )
    (attn): GlobalAttention(
      (linear_in): Linear(in_features=500, out_features=500, bias=False)
      (linear_out): Linear(in_features=1000, out_features=500, bias=False)
    )
  )
  (generator): Linear(in_features=500, out_features=17816, bias=True)
)
[2024-03-13 07:13:02,326 INFO] encoder: 7851200
[2024-03-13 07:13:02,326 INFO] decoder: 19628616
[2024-03-13 07:13:02,326 INFO] * number of parameters: 27479816
[2024-03-13 07:13:02,326 INFO] Trainable parameters = {'torch.float32': 27479816, 'torch.float16': 0, 'torch.uint8': 0, 'torch.int8': 0}
[2024-03-13 07:13:02,326 INFO] Non trainable parameters = {'torch.float32': 0, 'torch.float16': 0, 'torch.uint8': 0, 'torch.int8': 0}
[2024-03-13 07:13:02,326 INFO]  * src vocab size = 14144
[2024-03-13 07:13:02,326 INFO]  * tgt vocab size = 17816
[2024-03-13 07:13:02,327 INFO] Starting training on GPU: [0]
[2024-03-13 07:13:02,327 INFO] Start training loop and validate every 200 steps...
[2024-03-13 07:13:02,327 INFO] Scoring with: TransformPipe(InferFeatsTransform())
[2024-03-13 07:13:19,272 INFO] Step 50/10000; acc: 5.4; ppl: 45009.6; xent: 10.7; lr: 1.00000; sents:    3200; bsz:  710/ 957/64; 2096/2825 tok/s;     17 sec;
[2024-03-13 07:13:20,725 INFO] Step 100/10000; acc: 5.4; ppl: 8832.5; xent: 9.1; lr: 1.00000; sents:    3200; bsz:  782/1038/64; 26902/35726 tok/s;     18 sec;
[2024-03-13 07:13:22,089 INFO] Step 150/10000; acc: 7.7; ppl: 2168.0; xent: 7.7; lr: 1.00000; sents:    3200; bsz:  713/ 970/64; 26142/35569 tok/s;     20 sec;
[2024-03-13 07:13:23,597 INFO] Step 200/10000; acc: 11.6; ppl: 818.6; xent: 6.7; lr: 1.00000; sents:    3200; bsz:  808/1078/64; 26782/35738 tok/s;     21 sec;
[2024-03-13 07:13:27,186 INFO] valid stats calculation
                           took: 3.588334798812866 s.
[2024-03-13 07:13:27,187 INFO] Train perplexity: 4918.8
[2024-03-13 07:13:27,187 INFO] Train accuracy: 7.59263
[2024-03-13 07:13:27,187 INFO] Sentences processed: 12800
[2024-03-13 07:13:27,187 INFO] Average bsz:  753/1011/64
[2024-03-13 07:13:27,187 INFO] Validation perplexity: 1493.33
[2024-03-13 07:13:27,187 INFO] Validation accuracy: 14.6813
[2024-03-13 07:13:27,188 INFO] Saving checkpoint gt-pt-both/gt-pt-both_01_step_200.pt
[2024-03-13 07:13:28,671 INFO] Step 250/10000; acc: 14.6; ppl: 550.8; xent: 6.3; lr: 1.00000; sents:    3200; bsz:  682/ 927/64; 6717/9141 tok/s;     26 sec;
[2024-03-13 07:13:29,964 INFO] Step 300/10000; acc: 14.9; ppl: 494.5; xent: 6.2; lr: 1.00000; sents:    3200; bsz:  690/ 905/64; 26681/34997 tok/s;     28 sec;
[2024-03-13 07:13:31,231 INFO] Step 350/10000; acc: 17.0; ppl: 394.2; xent: 6.0; lr: 1.00000; sents:    3200; bsz:  672/ 886/64; 26530/34993 tok/s;     29 sec;
[2024-03-13 07:13:32,659 INFO] Step 400/10000; acc: 16.7; ppl: 384.5; xent: 6.0; lr: 1.00000; sents:    3200; bsz:  781/1024/64; 27344/35861 tok/s;     30 sec;
[2024-03-13 07:13:36,230 INFO] valid stats calculation
                           took: 3.570802927017212 s.
[2024-03-13 07:13:36,230 INFO] Train perplexity: 1556.98
[2024-03-13 07:13:36,230 INFO] Train accuracy: 11.5509
[2024-03-13 07:13:36,230 INFO] Sentences processed: 25600
[2024-03-13 07:13:36,230 INFO] Average bsz:  730/ 973/64
[2024-03-13 07:13:36,230 INFO] Validation perplexity: 1794.09
[2024-03-13 07:13:36,230 INFO] Validation accuracy: 12.6207
[2024-03-13 07:13:36,232 INFO] Saving checkpoint gt-pt-both/gt-pt-both_01_step_400.pt
[2024-03-13 07:13:37,697 INFO] Step 450/10000; acc: 19.2; ppl: 305.6; xent: 5.7; lr: 1.00000; sents:    3200; bsz:  722/ 924/64; 7165/9167 tok/s;     35 sec;
[2024-03-13 07:13:39,048 INFO] Step 500/10000; acc: 20.9; ppl: 244.1; xent: 5.5; lr: 1.00000; sents:    3200; bsz:  710/ 943/64; 26305/34930 tok/s;     37 sec;
[2024-03-13 07:13:41,058 INFO] Step 550/10000; acc: 22.5; ppl: 209.3; xent: 5.3; lr: 1.00000; sents:    3200; bsz:  770/1006/64; 19148/25027 tok/s;     39 sec;
[2024-03-13 07:13:43,128 INFO] Step 600/10000; acc: 26.6; ppl: 150.9; xent: 5.0; lr: 1.00000; sents:    3200; bsz:  681/ 928/64; 16449/22428 tok/s;     41 sec;
[2024-03-13 07:13:46,591 INFO] valid stats calculation
                           took: 3.4629056453704834 s.
[2024-03-13 07:13:46,592 INFO] Train perplexity: 819.493
[2024-03-13 07:13:46,592 INFO] Train accuracy: 15.0791
[2024-03-13 07:13:46,592 INFO] Sentences processed: 38400
[2024-03-13 07:13:46,592 INFO] Average bsz:  727/ 966/64
[2024-03-13 07:13:46,592 INFO] Validation perplexity: 1123.73
[2024-03-13 07:13:46,592 INFO] Validation accuracy: 14.6813
[2024-03-13 07:13:46,593 INFO] Saving checkpoint gt-pt-both/gt-pt-both_01_step_600.pt
[2024-03-13 07:13:48,141 INFO] Step 650/10000; acc: 26.9; ppl: 150.1; xent: 5.0; lr: 1.00000; sents:    3200; bsz:  732/ 984/64; 7303/9818 tok/s;     46 sec;
[2024-03-13 07:13:49,968 INFO] Step 700/10000; acc: 26.5; ppl: 149.8; xent: 5.0; lr: 1.00000; sents:    3200; bsz:  814/1063/64; 22288/29110 tok/s;     48 sec;
[2024-03-13 07:13:52,051 INFO] Step 750/10000; acc: 32.9; ppl:  97.6; xent: 4.6; lr: 1.00000; sents:    3200; bsz:  640/ 886/64; 15372/21274 tok/s;     50 sec;
[2024-03-13 07:13:54,297 INFO] Step 800/10000; acc: 35.3; ppl:  87.5; xent: 4.5; lr: 1.00000; sents:    3200; bsz:  749/ 997/64; 16670/22194 tok/s;     52 sec;
[2024-03-13 07:13:57,788 INFO] valid stats calculation
                           took: 3.4907069206237793 s.
[2024-03-13 07:13:57,789 INFO] Train perplexity: 502.392
[2024-03-13 07:13:57,789 INFO] Train accuracy: 18.922
[2024-03-13 07:13:57,789 INFO] Sentences processed: 51200
[2024-03-13 07:13:57,789 INFO] Average bsz:  728/ 970/64
[2024-03-13 07:13:57,789 INFO] Validation perplexity: 1471.79
[2024-03-13 07:13:57,789 INFO] Validation accuracy: 15.4218
[2024-03-13 07:13:57,790 INFO] Saving checkpoint gt-pt-both/gt-pt-both_01_step_800.pt
[2024-03-13 07:13:59,373 INFO] Step 850/10000; acc: 40.9; ppl:  59.8; xent: 4.1; lr: 1.00000; sents:    3200; bsz:  719/ 977/64; 7084/9628 tok/s;     57 sec;
[2024-03-13 07:14:01,315 INFO] Step 900/10000; acc: 45.9; ppl:  43.8; xent: 3.8; lr: 1.00000; sents:    3200; bsz:  695/ 942/64; 17899/24258 tok/s;     59 sec;
[2024-03-13 07:14:03,353 INFO] Step 950/10000; acc: 50.9; ppl:  29.3; xent: 3.4; lr: 1.00000; sents:    3200; bsz:  636/ 874/64; 15611/21454 tok/s;     61 sec;
[2024-03-13 07:14:05,330 INFO] Step 1000/10000; acc: 54.2; ppl:  21.8; xent: 3.1; lr: 1.00000; sents:    3200; bsz:  599/ 828/64; 15153/20948 tok/s;     63 sec;
[2024-03-13 07:14:08,870 INFO] valid stats calculation
                           took: 3.5400068759918213 s.
[2024-03-13 07:14:08,871 INFO] Train perplexity: 306.41
[2024-03-13 07:14:08,871 INFO] Train accuracy: 24.3586
[2024-03-13 07:14:08,871 INFO] Sentences processed: 64000
[2024-03-13 07:14:08,871 INFO] Average bsz:  715/ 957/64
[2024-03-13 07:14:08,871 INFO] Validation perplexity: 4058.61
[2024-03-13 07:14:08,871 INFO] Validation accuracy: 16.6452
[2024-03-13 07:14:08,872 INFO] Saving checkpoint gt-pt-both/gt-pt-both_01_step_1000.pt
[2024-03-13 07:14:10,391 INFO] Step 1050/10000; acc: 57.9; ppl:  16.0; xent: 2.8; lr: 1.00000; sents:    3200; bsz:  716/ 942/64; 7069/9305 tok/s;     68 sec;
[2024-03-13 07:14:12,517 INFO] Step 1100/10000; acc: 59.9; ppl:  12.9; xent: 2.6; lr: 1.00000; sents:    3200; bsz:  718/ 958/64; 16895/22528 tok/s;     70 sec;
[2024-03-13 07:14:14,751 INFO] Step 1150/10000; acc: 62.0; ppl:  10.7; xent: 2.4; lr: 1.00000; sents:    3200; bsz:  764/1037/64; 17105/23208 tok/s;     72 sec;
[2024-03-13 07:14:17,009 INFO] Step 1200/10000; acc: 63.4; ppl:   9.7; xent: 2.3; lr: 1.00000; sents:    3200; bsz:  685/ 961/64; 15163/21269 tok/s;     75 sec;
[2024-03-13 07:14:20,605 INFO] valid stats calculation
                           took: 3.59560489654541 s.
[2024-03-13 07:14:20,606 INFO] Train perplexity: 177.319
[2024-03-13 07:14:20,606 INFO] Train accuracy: 30.5299
[2024-03-13 07:14:20,606 INFO] Sentences processed: 76800
[2024-03-13 07:14:20,606 INFO] Average bsz:  716/ 960/64
[2024-03-13 07:14:20,606 INFO] Validation perplexity: 7687.31
[2024-03-13 07:14:20,606 INFO] Validation accuracy: 15.293
[2024-03-13 07:14:20,607 INFO] Saving checkpoint gt-pt-both/gt-pt-both_01_step_1200.pt
[2024-03-13 07:14:22,574 INFO] Step 1250/10000; acc: 65.9; ppl:   7.9; xent: 2.1; lr: 1.00000; sents:    3200; bsz:  740/ 981/64; 6645/8812 tok/s;     80 sec;
[2024-03-13 07:14:24,526 INFO] Step 1300/10000; acc: 68.4; ppl:   6.5; xent: 1.9; lr: 1.00000; sents:    3200; bsz:  590/ 795/64; 15110/20367 tok/s;     82 sec;
[2024-03-13 07:14:26,565 INFO] Step 1350/10000; acc: 68.1; ppl:   6.6; xent: 1.9; lr: 1.00000; sents:    3200; bsz:  623/ 865/64; 15290/21209 tok/s;     84 sec;
[2024-03-13 07:14:28,826 INFO] Step 1400/10000; acc: 69.0; ppl:   6.2; xent: 1.8; lr: 1.00000; sents:    3200; bsz:  680/ 893/64; 15033/19758 tok/s;     86 sec;
[2024-03-13 07:14:32,453 INFO] valid stats calculation
                           took: 3.6270062923431396 s.
[2024-03-13 07:14:32,454 INFO] Train perplexity: 114.958
[2024-03-13 07:14:32,454 INFO] Train accuracy: 35.4819
[2024-03-13 07:14:32,454 INFO] Sentences processed: 89600
[2024-03-13 07:14:32,454 INFO] Average bsz:  708/ 949/64
[2024-03-13 07:14:32,454 INFO] Validation perplexity: 10803.6
[2024-03-13 07:14:32,454 INFO] Validation accuracy: 16.8062
[2024-03-13 07:14:32,455 INFO] Saving checkpoint gt-pt-both/gt-pt-both_01_step_1400.pt
[2024-03-13 07:14:34,655 INFO] Step 1450/10000; acc: 70.6; ppl:   5.3; xent: 1.7; lr: 1.00000; sents:    3200; bsz:  696/ 943/64; 5973/8085 tok/s;     92 sec;
[2024-03-13 07:14:36,755 INFO] Step 1500/10000; acc: 70.9; ppl:   5.2; xent: 1.6; lr: 1.00000; sents:    3200; bsz:  720/ 960/64; 17154/22855 tok/s;     94 sec;
[2024-03-13 07:14:38,984 INFO] Step 1550/10000; acc: 71.3; ppl:   5.0; xent: 1.6; lr: 1.00000; sents:    3200; bsz:  721/ 965/64; 16169/21642 tok/s;     97 sec;
[2024-03-13 07:14:40,841 INFO] Step 1600/10000; acc: 74.5; ppl:   4.0; xent: 1.4; lr: 1.00000; sents:    3200; bsz:  672/ 886/64; 18094/23850 tok/s;     99 sec;
[2024-03-13 07:14:44,435 INFO] valid stats calculation
                           took: 3.5938003063201904 s.
[2024-03-13 07:14:44,436 INFO] Train perplexity: 77.7512
[2024-03-13 07:14:44,436 INFO] Train accuracy: 39.9734
[2024-03-13 07:14:44,436 INFO] Sentences processed: 102400
[2024-03-13 07:14:44,436 INFO] Average bsz:  707/ 948/64
[2024-03-13 07:14:44,436 INFO] Validation perplexity: 35345.9
[2024-03-13 07:14:44,436 INFO] Validation accuracy: 13.651
[2024-03-13 07:14:44,437 INFO] Saving checkpoint gt-pt-both/gt-pt-both_01_step_1600.pt
[2024-03-13 07:14:46,677 INFO] Step 1650/10000; acc: 73.3; ppl:   4.3; xent: 1.4; lr: 1.00000; sents:    3200; bsz:  698/ 924/64; 5977/7918 tok/s;    104 sec;
[2024-03-13 07:14:48,722 INFO] Step 1700/10000; acc: 72.8; ppl:   4.3; xent: 1.5; lr: 1.00000; sents:    3200; bsz:  634/ 881/64; 15492/21532 tok/s;    106 sec;
[2024-03-13 07:14:50,948 INFO] Step 1750/10000; acc: 73.6; ppl:   4.1; xent: 1.4; lr: 1.00000; sents:    3200; bsz:  689/ 942/64; 15471/21173 tok/s;    109 sec;
[2024-03-13 07:14:52,662 INFO] Step 1800/10000; acc: 75.2; ppl:   3.7; xent: 1.3; lr: 1.00000; sents:    3200; bsz:  728/ 954/64; 21245/27817 tok/s;    110 sec;
[2024-03-13 07:14:56,208 INFO] valid stats calculation
                           took: 3.5461597442626953 s.
[2024-03-13 07:14:56,209 INFO] Train perplexity: 56.4341
[2024-03-13 07:14:56,209 INFO] Train accuracy: 43.6473
[2024-03-13 07:14:56,209 INFO] Sentences processed: 115200
[2024-03-13 07:14:56,209 INFO] Average bsz:  705/ 945/64
[2024-03-13 07:14:56,209 INFO] Validation perplexity: 27175.9
[2024-03-13 07:14:56,209 INFO] Validation accuracy: 15.3252
[2024-03-13 07:14:56,210 INFO] Saving checkpoint gt-pt-both/gt-pt-both_01_step_1800.pt
[2024-03-13 07:14:58,645 INFO] Step 1850/10000; acc: 74.9; ppl:   3.8; xent: 1.3; lr: 1.00000; sents:    3200; bsz:  776/1034/64; 6483/8638 tok/s;    116 sec;
[2024-03-13 07:15:00,817 INFO] Step 1900/10000; acc: 76.0; ppl:   3.5; xent: 1.3; lr: 1.00000; sents:    3200; bsz:  708/ 952/64; 16296/21924 tok/s;    118 sec;
[2024-03-13 07:15:02,829 INFO] Step 1950/10000; acc: 74.3; ppl:   3.8; xent: 1.3; lr: 1.00000; sents:    3200; bsz:  691/ 974/64; 17178/24199 tok/s;    121 sec;
[2024-03-13 07:15:04,216 INFO] Step 2000/10000; acc: 75.8; ppl:   3.4; xent: 1.2; lr: 1.00000; sents:    3200; bsz:  672/ 925/64; 24226/33363 tok/s;    122 sec;
[2024-03-13 07:15:07,823 INFO] valid stats calculation
                           took: 3.606257915496826 s.
[2024-03-13 07:15:07,823 INFO] Train perplexity: 42.5781
[2024-03-13 07:15:07,823 INFO] Train accuracy: 46.8824
[2024-03-13 07:15:07,823 INFO] Sentences processed: 128000
[2024-03-13 07:15:07,823 INFO] Average bsz:  706/ 948/64
[2024-03-13 07:15:07,824 INFO] Validation perplexity: 17677.6
[2024-03-13 07:15:07,824 INFO] Validation accuracy: 15.454
[2024-03-13 07:15:07,825 INFO] Saving checkpoint gt-pt-both/gt-pt-both_01_step_2000.pt
[2024-03-13 07:15:10,072 INFO] Step 2050/10000; acc: 77.1; ppl:   3.2; xent: 1.2; lr: 1.00000; sents:    3200; bsz:  673/ 899/64; 5749/7673 tok/s;    128 sec;
[2024-03-13 07:15:12,184 INFO] Step 2100/10000; acc: 76.9; ppl:   3.3; xent: 1.2; lr: 1.00000; sents:    3200; bsz:  666/ 892/64; 15765/21134 tok/s;    130 sec;
[2024-03-13 07:15:13,716 INFO] Step 2150/10000; acc: 77.7; ppl:   3.1; xent: 1.1; lr: 1.00000; sents:    3200; bsz:  680/ 913/64; 22176/29777 tok/s;    131 sec;
[2024-03-13 07:15:14,973 INFO] Step 2200/10000; acc: 78.3; ppl:   3.0; xent: 1.1; lr: 1.00000; sents:    3200; bsz:  640/ 848/64; 25463/33746 tok/s;    133 sec;
[2024-03-13 07:15:18,487 INFO] valid stats calculation
                           took: 3.513603448867798 s.
[2024-03-13 07:15:18,488 INFO] Train perplexity: 34.0748
[2024-03-13 07:15:18,488 INFO] Train accuracy: 49.5036
[2024-03-13 07:15:18,488 INFO] Sentences processed: 140800
[2024-03-13 07:15:18,488 INFO] Average bsz:  702/ 942/64
[2024-03-13 07:15:18,488 INFO] Validation perplexity: 23204.1
[2024-03-13 07:15:18,488 INFO] Validation accuracy: 16.2589
[2024-03-13 07:15:18,489 INFO] Saving checkpoint gt-pt-both/gt-pt-both_01_step_2200.pt
[2024-03-13 07:15:20,563 INFO] Step 2250/10000; acc: 77.8; ppl:   3.0; xent: 1.1; lr: 1.00000; sents:    3200; bsz:  616/ 838/64; 5508/7495 tok/s;    138 sec;
[2024-03-13 07:15:22,628 INFO] Step 2300/10000; acc: 78.5; ppl:   3.0; xent: 1.1; lr: 1.00000; sents:    3200; bsz:  643/ 867/64; 15560/20990 tok/s;    140 sec;
[2024-03-13 07:15:23,835 INFO] Step 2350/10000; acc: 78.8; ppl:   2.9; xent: 1.0; lr: 1.00000; sents:    3200; bsz:  596/ 815/64; 24711/33778 tok/s;    142 sec;
[2024-03-13 07:15:25,124 INFO] Step 2400/10000; acc: 77.8; ppl:   3.2; xent: 1.2; lr: 1.00000; sents:    3200; bsz:  637/ 869/64; 24725/33722 tok/s;    143 sec;
[2024-03-13 07:15:28,593 INFO] valid stats calculation
                           took: 3.4685018062591553 s.
[2024-03-13 07:15:28,593 INFO] Train perplexity: 28.3653
[2024-03-13 07:15:28,593 INFO] Train accuracy: 51.6726
[2024-03-13 07:15:28,593 INFO] Sentences processed: 153600
[2024-03-13 07:15:28,593 INFO] Average bsz:  695/ 934/64
[2024-03-13 07:15:28,594 INFO] Validation perplexity: 17500.2
[2024-03-13 07:15:28,594 INFO] Validation accuracy: 16.7096
[2024-03-13 07:15:28,595 INFO] Saving checkpoint gt-pt-both/gt-pt-both_01_step_2400.pt
[2024-03-13 07:15:31,025 INFO] Step 2450/10000; acc: 77.1; ppl:   3.1; xent: 1.1; lr: 1.00000; sents:    3200; bsz:  752/ 996/64; 6370/8435 tok/s;    149 sec;
[2024-03-13 07:15:33,099 INFO] Step 2500/10000; acc: 76.3; ppl:   3.4; xent: 1.2; lr: 1.00000; sents:    3200; bsz:  752/1029/64; 18137/24812 tok/s;    151 sec;
[2024-03-13 07:15:34,364 INFO] Step 2550/10000; acc: 79.6; ppl:   2.7; xent: 1.0; lr: 1.00000; sents:    3200; bsz:  649/ 882/64; 25650/34858 tok/s;    152 sec;
[2024-03-13 07:15:35,696 INFO] Step 2600/10000; acc: 77.5; ppl:   3.2; xent: 1.2; lr: 1.00000; sents:    3200; bsz:  634/ 865/64; 23800/32496 tok/s;    153 sec;
[2024-03-13 07:15:39,189 INFO] valid stats calculation
                           took: 3.492769956588745 s.
[2024-03-13 07:15:39,189 INFO] Train perplexity: 23.8894
[2024-03-13 07:15:39,189 INFO] Train accuracy: 53.6801
[2024-03-13 07:15:39,189 INFO] Sentences processed: 166400
[2024-03-13 07:15:39,189 INFO] Average bsz:  695/ 935/64
[2024-03-13 07:15:39,189 INFO] Validation perplexity: 22235.8
[2024-03-13 07:15:39,190 INFO] Validation accuracy: 15.8081
[2024-03-13 07:15:39,191 INFO] Saving checkpoint gt-pt-both/gt-pt-both_01_step_2600.pt
[2024-03-13 07:15:41,504 INFO] Step 2650/10000; acc: 77.6; ppl:   2.9; xent: 1.1; lr: 1.00000; sents:    3200; bsz:  614/ 874/64; 5289/7528 tok/s;    159 sec;
[2024-03-13 07:15:42,957 INFO] Step 2700/10000; acc: 78.8; ppl:   2.8; xent: 1.0; lr: 1.00000; sents:    3200; bsz:  662/ 914/64; 22774/31461 tok/s;    161 sec;
[2024-03-13 07:15:44,345 INFO] Step 2750/10000; acc: 79.3; ppl:   2.7; xent: 1.0; lr: 1.00000; sents:    3200; bsz:  717/ 963/64; 25841/34701 tok/s;    162 sec;
[2024-03-13 07:15:45,905 INFO] Step 2800/10000; acc: 80.3; ppl:   2.6; xent: 1.0; lr: 1.00000; sents:    3200; bsz:  664/ 898/64; 21289/28778 tok/s;    164 sec;
[2024-03-13 07:15:49,348 INFO] valid stats calculation
                           took: 3.44266939163208 s.
[2024-03-13 07:15:49,349 INFO] Train perplexity: 20.5428
[2024-03-13 07:15:49,349 INFO] Train accuracy: 55.4482
[2024-03-13 07:15:49,349 INFO] Sentences processed: 179200
[2024-03-13 07:15:49,349 INFO] Average bsz:  693/ 933/64
[2024-03-13 07:15:49,349 INFO] Validation perplexity: 19404.1
[2024-03-13 07:15:49,349 INFO] Validation accuracy: 15.9691
[2024-03-13 07:15:49,350 INFO] Saving checkpoint gt-pt-both/gt-pt-both_01_step_2800.pt
[2024-03-13 07:15:51,275 INFO] Step 2850/10000; acc: 79.5; ppl:   2.7; xent: 1.0; lr: 1.00000; sents:    3200; bsz:  689/ 905/64; 6416/8423 tok/s;    169 sec;
[2024-03-13 07:15:52,493 INFO] Step 2900/10000; acc: 81.0; ppl:   2.5; xent: 0.9; lr: 1.00000; sents:    3200; bsz:  630/ 844/64; 25856/34632 tok/s;    170 sec;
[2024-03-13 07:15:53,895 INFO] Step 2950/10000; acc: 79.8; ppl:   2.6; xent: 0.9; lr: 1.00000; sents:    3200; bsz:  673/ 917/64; 24016/32725 tok/s;    172 sec;
[2024-03-13 07:15:55,876 INFO] Step 3000/10000; acc: 79.4; ppl:   2.6; xent: 1.0; lr: 1.00000; sents:    3200; bsz:  687/ 944/64; 17349/23830 tok/s;    174 sec;
[2024-03-13 07:15:59,304 INFO] valid stats calculation
                           took: 3.427154064178467 s.
[2024-03-13 07:15:59,304 INFO] Train perplexity: 17.9775
[2024-03-13 07:15:59,304 INFO] Train accuracy: 57.0275
[2024-03-13 07:15:59,304 INFO] Sentences processed: 192000
[2024-03-13 07:15:59,304 INFO] Average bsz:  692/ 931/64
[2024-03-13 07:15:59,304 INFO] Validation perplexity: 20200.9
[2024-03-13 07:15:59,304 INFO] Validation accuracy: 16.0979
[2024-03-13 07:15:59,305 INFO] Saving checkpoint gt-pt-both/gt-pt-both_01_step_3000.pt
[2024-03-13 07:16:00,726 INFO] Step 3050/10000; acc: 80.6; ppl:   2.6; xent: 0.9; lr: 1.00000; sents:    3200; bsz:  602/ 839/64; 6204/8649 tok/s;    178 sec;
[2024-03-13 07:16:02,044 INFO] Step 3100/10000; acc: 81.3; ppl:   2.4; xent: 0.9; lr: 1.00000; sents:    3200; bsz:  675/ 900/64; 25597/34146 tok/s;    180 sec;
[2024-03-13 07:16:03,544 INFO] Step 3150/10000; acc: 81.3; ppl:   2.4; xent: 0.9; lr: 1.00000; sents:    3200; bsz:  598/ 815/64; 19930/27186 tok/s;    181 sec;
[2024-03-13 07:16:05,914 INFO] Step 3200/10000; acc: 80.3; ppl:   2.5; xent: 0.9; lr: 1.00000; sents:    3200; bsz:  753/1006/64; 15881/21231 tok/s;    184 sec;
[2024-03-13 07:16:09,385 INFO] valid stats calculation
                           took: 3.4700334072113037 s.
[2024-03-13 07:16:09,385 INFO] Train perplexity: 15.966
[2024-03-13 07:16:09,385 INFO] Train accuracy: 58.4536
[2024-03-13 07:16:09,385 INFO] Sentences processed: 204800
[2024-03-13 07:16:09,385 INFO] Average bsz:  689/ 929/64
[2024-03-13 07:16:09,385 INFO] Validation perplexity: 19345.2
[2024-03-13 07:16:09,385 INFO] Validation accuracy: 16.7096
[2024-03-13 07:16:09,387 INFO] Saving checkpoint gt-pt-both/gt-pt-both_01_step_3200.pt
[2024-03-13 07:16:10,859 INFO] Step 3250/10000; acc: 80.8; ppl:   2.4; xent: 0.9; lr: 1.00000; sents:    3200; bsz:  681/ 920/64; 6886/9305 tok/s;    189 sec;
[2024-03-13 07:16:12,238 INFO] Step 3300/10000; acc: 81.8; ppl:   2.3; xent: 0.9; lr: 1.00000; sents:    3200; bsz:  659/ 891/64; 23902/32302 tok/s;    190 sec;
[2024-03-13 07:16:14,463 INFO] Step 3350/10000; acc: 81.6; ppl:   2.3; xent: 0.8; lr: 1.00000; sents:    3200; bsz:  722/ 958/64; 16224/21538 tok/s;    192 sec;
[2024-03-13 07:16:16,619 INFO] Step 3400/10000; acc: 81.2; ppl:   2.4; xent: 0.9; lr: 1.00000; sents:    3200; bsz:  654/ 888/64; 15173/20597 tok/s;    194 sec;
[2024-03-13 07:16:20,159 INFO] valid stats calculation
                           took: 3.5401322841644287 s.
[2024-03-13 07:16:20,160 INFO] Train perplexity: 14.2968
[2024-03-13 07:16:20,160 INFO] Train accuracy: 59.7799
[2024-03-13 07:16:20,160 INFO] Sentences processed: 217600
[2024-03-13 07:16:20,160 INFO] Average bsz:  689/ 928/64
[2024-03-13 07:16:20,160 INFO] Validation perplexity: 24110.4
[2024-03-13 07:16:20,160 INFO] Validation accuracy: 16.291
[2024-03-13 07:16:20,161 INFO] Saving checkpoint gt-pt-both/gt-pt-both_01_step_3400.pt
[2024-03-13 07:16:21,574 INFO] Step 3450/10000; acc: 82.2; ppl:   2.2; xent: 0.8; lr: 1.00000; sents:    3200; bsz:  648/ 878/64; 6537/8862 tok/s;    199 sec;
[2024-03-13 07:16:23,527 INFO] Step 3500/10000; acc: 81.9; ppl:   2.3; xent: 0.8; lr: 1.00000; sents:    3200; bsz:  739/ 982/64; 18905/25130 tok/s;    201 sec;
[2024-03-13 07:16:25,909 INFO] Step 3550/10000; acc: 81.8; ppl:   2.4; xent: 0.9; lr: 1.00000; sents:    3198; bsz:  740/ 984/64; 15549/20662 tok/s;    204 sec;
[2024-03-13 07:16:28,276 INFO] Step 3600/10000; acc: 81.2; ppl:   2.4; xent: 0.9; lr: 1.00000; sents:    3200; bsz:  751/1002/64; 15873/21166 tok/s;    206 sec;
[2024-03-13 07:16:31,780 INFO] valid stats calculation
                           took: 3.503633499145508 s.
[2024-03-13 07:16:31,780 INFO] Train perplexity: 12.8778
[2024-03-13 07:16:31,780 INFO] Train accuracy: 61.0427
[2024-03-13 07:16:31,780 INFO] Sentences processed: 230398
[2024-03-13 07:16:31,780 INFO] Average bsz:  691/ 930/64
[2024-03-13 07:16:31,780 INFO] Validation perplexity: 21132.9
[2024-03-13 07:16:31,780 INFO] Validation accuracy: 16.9672
[2024-03-13 07:16:31,781 INFO] Saving checkpoint gt-pt-both/gt-pt-both_01_step_3600.pt
[2024-03-13 07:16:33,362 INFO] Step 3650/10000; acc: 81.4; ppl:   2.4; xent: 0.9; lr: 1.00000; sents:    3200; bsz:  696/ 942/64; 6841/9260 tok/s;    211 sec;
[2024-03-13 07:16:35,489 INFO] Step 3700/10000; acc: 82.0; ppl:   2.3; xent: 0.8; lr: 1.00000; sents:    3200; bsz:  630/ 855/64; 14816/20094 tok/s;    213 sec;
[2024-03-13 07:16:37,871 INFO] Step 3750/10000; acc: 81.7; ppl:   2.3; xent: 0.8; lr: 1.00000; sents:    3200; bsz:  787/1035/64; 16525/21720 tok/s;    216 sec;
[2024-03-13 07:16:40,112 INFO] Step 3800/10000; acc: 82.8; ppl:   2.1; xent: 0.8; lr: 1.00000; sents:    3200; bsz:  736/ 979/64; 16422/21849 tok/s;    218 sec;
[2024-03-13 07:16:43,712 INFO] valid stats calculation
                           took: 3.599557876586914 s.
[2024-03-13 07:16:43,713 INFO] Train perplexity: 11.729
[2024-03-13 07:16:43,713 INFO] Train accuracy: 62.1695
[2024-03-13 07:16:43,713 INFO] Sentences processed: 243198
[2024-03-13 07:16:43,713 INFO] Average bsz:  692/ 931/64
[2024-03-13 07:16:43,713 INFO] Validation perplexity: 22582.9
[2024-03-13 07:16:43,713 INFO] Validation accuracy: 17.0316
[2024-03-13 07:16:43,714 INFO] Saving checkpoint gt-pt-both/gt-pt-both_01_step_3800.pt
[2024-03-13 07:16:45,558 INFO] Step 3850/10000; acc: 82.7; ppl:   2.1; xent: 0.8; lr: 1.00000; sents:    3200; bsz:  672/ 905/64; 6171/8310 tok/s;    223 sec;
[2024-03-13 07:16:47,718 INFO] Step 3900/10000; acc: 82.3; ppl:   2.2; xent: 0.8; lr: 1.00000; sents:    3200; bsz:  692/ 927/64; 16025/21446 tok/s;    225 sec;
[2024-03-13 07:16:49,967 INFO] Step 3950/10000; acc: 82.3; ppl:   2.3; xent: 0.8; lr: 1.00000; sents:    3200; bsz:  709/ 934/64; 15767/20762 tok/s;    228 sec;
[2024-03-13 07:16:52,245 INFO] Step 4000/10000; acc: 82.7; ppl:   2.1; xent: 0.8; lr: 1.00000; sents:    3200; bsz:  737/ 986/64; 16184/21650 tok/s;    230 sec;
[2024-03-13 07:16:55,847 INFO] valid stats calculation
                           took: 3.601468801498413 s.
[2024-03-13 07:16:55,847 INFO] Train perplexity: 10.7761
[2024-03-13 07:16:55,847 INFO] Train accuracy: 63.1928
[2024-03-13 07:16:55,847 INFO] Sentences processed: 255998
[2024-03-13 07:16:55,847 INFO] Average bsz:  692/ 931/64
[2024-03-13 07:16:55,847 INFO] Validation perplexity: 38887.1
[2024-03-13 07:16:55,847 INFO] Validation accuracy: 15.7115
[2024-03-13 07:16:55,849 INFO] Saving checkpoint gt-pt-both/gt-pt-both_01_step_4000.pt
[2024-03-13 07:16:58,014 INFO] Step 4050/10000; acc: 83.7; ppl:   2.1; xent: 0.7; lr: 1.00000; sents:    3200; bsz:  713/ 936/64; 6180/8110 tok/s;    236 sec;
[2024-03-13 07:17:00,286 INFO] Step 4100/10000; acc: 82.6; ppl:   2.2; xent: 0.8; lr: 1.00000; sents:    3200; bsz:  719/ 964/64; 15828/21208 tok/s;    238 sec;
[2024-03-13 07:17:02,492 INFO] Step 4150/10000; acc: 83.6; ppl:   2.1; xent: 0.7; lr: 1.00000; sents:    3200; bsz:  684/ 924/64; 15499/20946 tok/s;    240 sec;
[2024-03-13 07:17:04,720 INFO] Step 4200/10000; acc: 83.4; ppl:   2.1; xent: 0.7; lr: 1.00000; sents:    3200; bsz:  728/ 974/64; 16341/21852 tok/s;    242 sec;
[2024-03-13 07:17:08,285 INFO] valid stats calculation
                           took: 3.5648274421691895 s.
[2024-03-13 07:17:08,286 INFO] Train perplexity: 9.94998
[2024-03-13 07:17:08,286 INFO] Train accuracy: 64.1678
[2024-03-13 07:17:08,286 INFO] Sentences processed: 268798
[2024-03-13 07:17:08,286 INFO] Average bsz:  693/ 932/64
[2024-03-13 07:17:08,286 INFO] Validation perplexity: 26193.6
[2024-03-13 07:17:08,286 INFO] Validation accuracy: 16.6452
[2024-03-13 07:17:08,287 INFO] Saving checkpoint gt-pt-both/gt-pt-both_01_step_4200.pt
[2024-03-13 07:17:10,471 INFO] Step 4250/10000; acc: 83.3; ppl:   2.1; xent: 0.8; lr: 1.00000; sents:    3200; bsz:  607/ 832/64; 5276/7237 tok/s;    248 sec;
[2024-03-13 07:17:12,721 INFO] Step 4300/10000; acc: 82.6; ppl:   2.1; xent: 0.8; lr: 1.00000; sents:    3200; bsz:  699/ 945/64; 15528/20997 tok/s;    250 sec;
[2024-03-13 07:17:14,950 INFO] Step 4350/10000; acc: 83.6; ppl:   2.0; xent: 0.7; lr: 1.00000; sents:    3200; bsz:  694/ 945/64; 15576/21197 tok/s;    253 sec;
[2024-03-13 07:17:16,813 INFO] Step 4400/10000; acc: 84.2; ppl:   2.0; xent: 0.7; lr: 1.00000; sents:    3200; bsz:  685/ 910/64; 18383/24417 tok/s;    254 sec;
[2024-03-13 07:17:20,449 INFO] valid stats calculation
                           took: 3.636129140853882 s.
[2024-03-13 07:17:20,450 INFO] Train perplexity: 9.28114
[2024-03-13 07:17:20,450 INFO] Train accuracy: 65.021
[2024-03-13 07:17:20,450 INFO] Sentences processed: 281598
[2024-03-13 07:17:20,450 INFO] Average bsz:  692/ 931/64
[2024-03-13 07:17:20,450 INFO] Validation perplexity: 32666.7
[2024-03-13 07:17:20,450 INFO] Validation accuracy: 15.4862
[2024-03-13 07:17:20,451 INFO] Saving checkpoint gt-pt-both/gt-pt-both_01_step_4400.pt
[2024-03-13 07:17:22,722 INFO] Step 4450/10000; acc: 83.2; ppl:   2.1; xent: 0.7; lr: 1.00000; sents:    3200; bsz:  650/ 885/64; 5502/7487 tok/s;    260 sec;
[2024-03-13 07:17:24,800 INFO] Step 4500/10000; acc: 83.8; ppl:   2.1; xent: 0.8; lr: 1.00000; sents:    3200; bsz:  610/ 838/64; 14687/20158 tok/s;    262 sec;
[2024-03-13 07:17:27,033 INFO] Step 4550/10000; acc: 83.5; ppl:   2.0; xent: 0.7; lr: 1.00000; sents:    3200; bsz:  677/ 928/64; 15165/20784 tok/s;    265 sec;
[2024-03-13 07:17:28,619 INFO] Step 4600/10000; acc: 82.8; ppl:   2.2; xent: 0.8; lr: 1.00000; sents:    3155; bsz:  626/ 876/63; 19722/27604 tok/s;    266 sec;
[2024-03-13 07:17:32,201 INFO] valid stats calculation
                           took: 3.5819575786590576 s.
[2024-03-13 07:17:32,202 INFO] Train perplexity: 8.73151
[2024-03-13 07:17:32,202 INFO] Train accuracy: 65.776
[2024-03-13 07:17:32,202 INFO] Sentences processed: 294353
[2024-03-13 07:17:32,202 INFO] Average bsz:  690/ 929/64
[2024-03-13 07:17:32,202 INFO] Validation perplexity: 23094.8
[2024-03-13 07:17:32,202 INFO] Validation accuracy: 15.2286
[2024-03-13 07:17:32,203 INFO] Saving checkpoint gt-pt-both/gt-pt-both_01_step_4600.pt
[2024-03-13 07:17:34,647 INFO] Step 4650/10000; acc: 84.0; ppl:   2.0; xent: 0.7; lr: 1.00000; sents:    3200; bsz:  703/ 950/64; 5829/7878 tok/s;    272 sec;
[2024-03-13 07:17:37,017 INFO] Step 4700/10000; acc: 84.2; ppl:   2.0; xent: 0.7; lr: 1.00000; sents:    3200; bsz:  778/1014/64; 16410/21379 tok/s;    275 sec;
[2024-03-13 07:17:38,962 INFO] Step 4750/10000; acc: 84.2; ppl:   2.0; xent: 0.7; lr: 1.00000; sents:    3200; bsz:  676/ 921/64; 17379/23675 tok/s;    277 sec;
[2024-03-13 07:17:40,342 INFO] Step 4800/10000; acc: 83.8; ppl:   2.0; xent: 0.7; lr: 1.00000; sents:    3200; bsz:  709/ 956/64; 25697/34647 tok/s;    278 sec;
[2024-03-13 07:17:43,957 INFO] valid stats calculation
                           took: 3.6141421794891357 s.
[2024-03-13 07:17:43,957 INFO] Train perplexity: 8.19437
[2024-03-13 07:17:43,957 INFO] Train accuracy: 66.5626
[2024-03-13 07:17:43,957 INFO] Sentences processed: 307153
[2024-03-13 07:17:43,957 INFO] Average bsz:  691/ 930/64
[2024-03-13 07:17:43,957 INFO] Validation perplexity: 24283.9
[2024-03-13 07:17:43,957 INFO] Validation accuracy: 14.9066
[2024-03-13 07:17:43,959 INFO] Saving checkpoint gt-pt-both/gt-pt-both_01_step_4800.pt
[2024-03-13 07:17:46,303 INFO] Step 4850/10000; acc: 84.0; ppl:   2.0; xent: 0.7; lr: 1.00000; sents:    3200; bsz:  688/ 915/64; 5774/7673 tok/s;    284 sec;
[2024-03-13 07:17:48,511 INFO] Step 4900/10000; acc: 84.4; ppl:   2.0; xent: 0.7; lr: 1.00000; sents:    3200; bsz:  685/ 920/64; 15506/20839 tok/s;    286 sec;
[2024-03-13 07:17:49,945 INFO] Step 4950/10000; acc: 84.5; ppl:   2.0; xent: 0.7; lr: 1.00000; sents:    3200; bsz:  641/ 862/64; 22368/30054 tok/s;    288 sec;
[2024-03-13 07:17:51,291 INFO] Step 5000/10000; acc: 84.0; ppl:   2.0; xent: 0.7; lr: 1.00000; sents:    3200; bsz:  657/ 912/64; 24403/33892 tok/s;    289 sec;
[2024-03-13 07:17:54,772 INFO] valid stats calculation
                           took: 3.4810385704040527 s.
[2024-03-13 07:17:54,773 INFO] Train perplexity: 7.75263
[2024-03-13 07:17:54,773 INFO] Train accuracy: 67.2488
[2024-03-13 07:17:54,773 INFO] Sentences processed: 319953
[2024-03-13 07:17:54,773 INFO] Average bsz:  690/ 929/64
[2024-03-13 07:17:54,773 INFO] Validation perplexity: 34854.4
[2024-03-13 07:17:54,773 INFO] Validation accuracy: 15.3574
[2024-03-13 07:17:54,774 INFO] Saving checkpoint gt-pt-both/gt-pt-both_01_step_5000.pt
[2024-03-13 07:17:57,080 INFO] Step 5050/10000; acc: 84.3; ppl:   2.0; xent: 0.7; lr: 1.00000; sents:    3200; bsz:  615/ 854/64; 5315/7376 tok/s;    295 sec;
[2024-03-13 07:17:58,955 INFO] Step 5100/10000; acc: 85.1; ppl:   1.9; xent: 0.6; lr: 1.00000; sents:    3200; bsz:  694/ 927/64; 18514/24723 tok/s;    297 sec;
[2024-03-13 07:18:00,322 INFO] Step 5150/10000; acc: 85.9; ppl:   1.8; xent: 0.6; lr: 1.00000; sents:    3200; bsz:  735/ 950/64; 26878/34745 tok/s;    298 sec;
[2024-03-13 07:18:01,786 INFO] Step 5200/10000; acc: 84.4; ppl:   2.0; xent: 0.7; lr: 1.00000; sents:    3200; bsz:  733/ 969/64; 25048/33116 tok/s;    299 sec;
[2024-03-13 07:18:05,206 INFO] valid stats calculation
                           took: 3.4205281734466553 s.
[2024-03-13 07:18:05,207 INFO] Train perplexity: 7.35072
[2024-03-13 07:18:05,207 INFO] Train accuracy: 67.9263
[2024-03-13 07:18:05,207 INFO] Sentences processed: 332753
[2024-03-13 07:18:05,207 INFO] Average bsz:  690/ 929/64
[2024-03-13 07:18:05,207 INFO] Validation perplexity: 28518.2
[2024-03-13 07:18:05,207 INFO] Validation accuracy: 14.7135
[2024-03-13 07:18:05,208 INFO] Saving checkpoint gt-pt-both/gt-pt-both_01_step_5200.pt
[2024-03-13 07:18:07,353 INFO] Step 5250/10000; acc: 84.3; ppl:   1.9; xent: 0.7; lr: 1.00000; sents:    3200; bsz:  607/ 845/64; 5449/7586 tok/s;    305 sec;
[2024-03-13 07:18:08,727 INFO] Step 5300/10000; acc: 84.3; ppl:   2.0; xent: 0.7; lr: 1.00000; sents:    3200; bsz:  664/ 898/64; 24171/32692 tok/s;    306 sec;
[2024-03-13 07:18:10,059 INFO] Step 5350/10000; acc: 85.0; ppl:   1.9; xent: 0.6; lr: 1.00000; sents:    3200; bsz:  677/ 919/64; 25431/34508 tok/s;    308 sec;
[2024-03-13 07:18:11,727 INFO] Step 5400/10000; acc: 85.7; ppl:   1.8; xent: 0.6; lr: 1.00000; sents:    3200; bsz:  679/ 908/64; 20346/27217 tok/s;    309 sec;
[2024-03-13 07:18:15,222 INFO] valid stats calculation
                           took: 3.494638204574585 s.
[2024-03-13 07:18:15,223 INFO] Train perplexity: 7.00669
[2024-03-13 07:18:15,223 INFO] Train accuracy: 68.5285
[2024-03-13 07:18:15,223 INFO] Sentences processed: 345553
[2024-03-13 07:18:15,223 INFO] Average bsz:  689/ 928/64
[2024-03-13 07:18:15,223 INFO] Validation perplexity: 25335.8
[2024-03-13 07:18:15,223 INFO] Validation accuracy: 14.8744
[2024-03-13 07:18:15,224 INFO] Saving checkpoint gt-pt-both/gt-pt-both_01_step_5400.pt
[2024-03-13 07:18:17,154 INFO] Step 5450/10000; acc: 85.1; ppl:   1.9; xent: 0.6; lr: 1.00000; sents:    3200; bsz:  721/ 970/64; 6640/8940 tok/s;    315 sec;
[2024-03-13 07:18:18,443 INFO] Step 5500/10000; acc: 86.0; ppl:   1.8; xent: 0.6; lr: 1.00000; sents:    3200; bsz:  659/ 879/64; 25576/34122 tok/s;    316 sec;
[2024-03-13 07:18:19,794 INFO] Step 5550/10000; acc: 85.1; ppl:   1.9; xent: 0.6; lr: 1.00000; sents:    3200; bsz:  675/ 891/64; 24995/32986 tok/s;    317 sec;
[2024-03-13 07:18:21,856 INFO] Step 5600/10000; acc: 85.1; ppl:   1.9; xent: 0.6; lr: 1.00000; sents:    3200; bsz:  625/ 877/64; 15149/21273 tok/s;    320 sec;
[2024-03-13 07:18:25,312 INFO] valid stats calculation
                           took: 3.455873727798462 s.
[2024-03-13 07:18:25,313 INFO] Train perplexity: 6.68982
[2024-03-13 07:18:25,313 INFO] Train accuracy: 69.114
[2024-03-13 07:18:25,313 INFO] Sentences processed: 358353
[2024-03-13 07:18:25,313 INFO] Average bsz:  688/ 927/64
[2024-03-13 07:18:25,313 INFO] Validation perplexity: 26089.1
[2024-03-13 07:18:25,313 INFO] Validation accuracy: 15.2608
[2024-03-13 07:18:25,314 INFO] Saving checkpoint gt-pt-both/gt-pt-both_01_step_5600.pt
[2024-03-13 07:18:26,772 INFO] Step 5650/10000; acc: 85.6; ppl:   1.8; xent: 0.6; lr: 1.00000; sents:    3200; bsz:  662/ 911/64; 6730/9263 tok/s;    324 sec;
[2024-03-13 07:18:28,151 INFO] Step 5700/10000; acc: 85.0; ppl:   1.9; xent: 0.6; lr: 1.00000; sents:    3200; bsz:  709/ 948/64; 25712/34381 tok/s;    326 sec;
[2024-03-13 07:18:29,863 INFO] Step 5750/10000; acc: 85.3; ppl:   1.9; xent: 0.6; lr: 1.00000; sents:    3200; bsz:  658/ 882/64; 19229/25765 tok/s;    328 sec;
[2024-03-13 07:18:32,177 INFO] Step 5800/10000; acc: 85.3; ppl:   1.8; xent: 0.6; lr: 1.00000; sents:    3200; bsz:  689/ 944/64; 14882/20394 tok/s;    330 sec;
[2024-03-13 07:18:35,587 INFO] valid stats calculation
                           took: 3.4093477725982666 s.
[2024-03-13 07:18:35,587 INFO] Train perplexity: 6.40227
[2024-03-13 07:18:35,587 INFO] Train accuracy: 69.6685
[2024-03-13 07:18:35,587 INFO] Sentences processed: 371153
[2024-03-13 07:18:35,587 INFO] Average bsz:  688/ 927/64
[2024-03-13 07:18:35,587 INFO] Validation perplexity: 31230.2
[2024-03-13 07:18:35,587 INFO] Validation accuracy: 16.4198
[2024-03-13 07:18:35,589 INFO] Saving checkpoint gt-pt-both/gt-pt-both_01_step_5800.pt
[2024-03-13 07:18:37,056 INFO] Step 5850/10000; acc: 84.4; ppl:   2.0; xent: 0.7; lr: 1.00000; sents:    3200; bsz:  672/ 925/64; 6888/9476 tok/s;    335 sec;
[2024-03-13 07:18:38,457 INFO] Step 5900/10000; acc: 86.3; ppl:   1.8; xent: 0.6; lr: 1.00000; sents:    3200; bsz:  704/ 928/64; 25121/33099 tok/s;    336 sec;
[2024-03-13 07:18:40,673 INFO] Step 5950/10000; acc: 84.9; ppl:   1.9; xent: 0.6; lr: 1.00000; sents:    3200; bsz:  770/1034/64; 17380/23335 tok/s;    338 sec;
[2024-03-13 07:18:42,951 INFO] Step 6000/10000; acc: 86.0; ppl:   1.8; xent: 0.6; lr: 1.00000; sents:    3200; bsz:  694/ 950/64; 15228/20847 tok/s;    341 sec;
[2024-03-13 07:18:46,404 INFO] valid stats calculation
                           took: 3.452880859375 s.
[2024-03-13 07:18:46,405 INFO] Train perplexity: 6.13473
[2024-03-13 07:18:46,405 INFO] Train accuracy: 70.2106
[2024-03-13 07:18:46,405 INFO] Sentences processed: 383953
[2024-03-13 07:18:46,405 INFO] Average bsz:  689/ 928/64
[2024-03-13 07:18:46,405 INFO] Validation perplexity: 38559.7
[2024-03-13 07:18:46,405 INFO] Validation accuracy: 16.0013
[2024-03-13 07:18:46,406 INFO] Saving checkpoint gt-pt-both/gt-pt-both_01_step_6000.pt
[2024-03-13 07:18:47,980 INFO] Step 6050/10000; acc: 85.0; ppl:   1.9; xent: 0.7; lr: 1.00000; sents:    3200; bsz:  744/1007/64; 7395/10008 tok/s;    346 sec;
[2024-03-13 07:18:49,727 INFO] Step 6100/10000; acc: 85.8; ppl:   1.8; xent: 0.6; lr: 1.00000; sents:    3200; bsz:  616/ 869/64; 17626/24882 tok/s;    347 sec;
[2024-03-13 07:18:52,010 INFO] Step 6150/10000; acc: 86.5; ppl:   1.7; xent: 0.6; lr: 1.00000; sents:    3200; bsz:  735/ 964/64; 16087/21104 tok/s;    350 sec;
[2024-03-13 07:18:54,370 INFO] Step 6200/10000; acc: 84.4; ppl:   1.9; xent: 0.7; lr: 1.00000; sents:    3200; bsz:  722/1003/64; 15297/21255 tok/s;    352 sec;
[2024-03-13 07:18:57,796 INFO] valid stats calculation
                           took: 3.4250433444976807 s.
[2024-03-13 07:18:57,797 INFO] Train perplexity: 5.89445
[2024-03-13 07:18:57,797 INFO] Train accuracy: 70.7172
[2024-03-13 07:18:57,797 INFO] Sentences processed: 396753
[2024-03-13 07:18:57,797 INFO] Average bsz:  689/ 929/64
[2024-03-13 07:18:57,797 INFO] Validation perplexity: 29322.5
[2024-03-13 07:18:57,797 INFO] Validation accuracy: 16.4198
[2024-03-13 07:18:57,799 INFO] Saving checkpoint gt-pt-both/gt-pt-both_01_step_6200.pt
[2024-03-13 07:18:59,291 INFO] Step 6250/10000; acc: 86.4; ppl:   1.7; xent: 0.6; lr: 1.00000; sents:    3200; bsz:  663/ 887/64; 6738/9014 tok/s;    357 sec;
[2024-03-13 07:19:01,465 INFO] Step 6300/10000; acc: 86.0; ppl:   1.8; xent: 0.6; lr: 1.00000; sents:    3200; bsz:  723/ 954/64; 16633/21932 tok/s;    359 sec;
[2024-03-13 07:19:03,725 INFO] Step 6350/10000; acc: 85.8; ppl:   1.8; xent: 0.6; lr: 1.00000; sents:    3200; bsz:  677/ 923/64; 14982/20422 tok/s;    361 sec;
[2024-03-13 07:19:05,871 INFO] Step 6400/10000; acc: 86.2; ppl:   1.7; xent: 0.6; lr: 1.00000; sents:    3200; bsz:  657/ 880/64; 15300/20498 tok/s;    364 sec;
[2024-03-13 07:19:09,451 INFO] valid stats calculation
                           took: 3.580470561981201 s.
[2024-03-13 07:19:09,452 INFO] Train perplexity: 5.68079
[2024-03-13 07:19:09,452 INFO] Train accuracy: 71.1882
[2024-03-13 07:19:09,452 INFO] Sentences processed: 409553
[2024-03-13 07:19:09,452 INFO] Average bsz:  689/ 928/64
[2024-03-13 07:19:09,452 INFO] Validation perplexity: 34108.8
[2024-03-13 07:19:09,452 INFO] Validation accuracy: 16.0657
[2024-03-13 07:19:09,453 INFO] Saving checkpoint gt-pt-both/gt-pt-both_01_step_6400.pt
[2024-03-13 07:19:11,151 INFO] Step 6450/10000; acc: 85.2; ppl:   1.9; xent: 0.6; lr: 1.00000; sents:    3200; bsz:  652/ 904/64; 6169/8559 tok/s;    369 sec;
[2024-03-13 07:19:13,296 INFO] Step 6500/10000; acc: 86.3; ppl:   1.8; xent: 0.6; lr: 1.00000; sents:    3200; bsz:  624/ 858/64; 14546/20009 tok/s;    371 sec;
[2024-03-13 07:19:15,573 INFO] Step 6550/10000; acc: 85.6; ppl:   1.8; xent: 0.6; lr: 1.00000; sents:    3200; bsz:  713/ 943/64; 15658/20713 tok/s;    373 sec;
[2024-03-13 07:19:17,790 INFO] Step 6600/10000; acc: 86.7; ppl:   1.7; xent: 0.5; lr: 1.00000; sents:    3200; bsz:  705/ 947/64; 15910/21367 tok/s;    375 sec;
[2024-03-13 07:19:21,395 INFO] valid stats calculation
                           took: 3.6051976680755615 s.
[2024-03-13 07:19:21,396 INFO] Train perplexity: 5.4902
[2024-03-13 07:19:21,396 INFO] Train accuracy: 71.6287
[2024-03-13 07:19:21,396 INFO] Sentences processed: 422353
[2024-03-13 07:19:21,396 INFO] Average bsz:  688/ 928/64
[2024-03-13 07:19:21,396 INFO] Validation perplexity: 27256.8
[2024-03-13 07:19:21,396 INFO] Validation accuracy: 16.5164
[2024-03-13 07:19:21,397 INFO] Saving checkpoint gt-pt-both/gt-pt-both_01_step_6600.pt
[2024-03-13 07:19:23,488 INFO] Step 6650/10000; acc: 86.8; ppl:   1.7; xent: 0.6; lr: 1.00000; sents:    3200; bsz:  646/ 871/64; 5672/7642 tok/s;    381 sec;
[2024-03-13 07:19:25,780 INFO] Step 6700/10000; acc: 86.3; ppl:   1.7; xent: 0.6; lr: 1.00000; sents:    3200; bsz:  680/ 929/64; 14832/20279 tok/s;    383 sec;
[2024-03-13 07:19:28,083 INFO] Step 6750/10000; acc: 86.1; ppl:   1.7; xent: 0.6; lr: 1.00000; sents:    3200; bsz:  739/ 977/64; 16038/21207 tok/s;    386 sec;
[2024-03-13 07:19:30,223 INFO] Step 6800/10000; acc: 86.9; ppl:   1.7; xent: 0.5; lr: 1.00000; sents:    3200; bsz:  685/ 919/64; 15999/21476 tok/s;    388 sec;
[2024-03-13 07:19:33,795 INFO] valid stats calculation
                           took: 3.5714774131774902 s.
[2024-03-13 07:19:33,795 INFO] Train perplexity: 5.30787
[2024-03-13 07:19:33,795 INFO] Train accuracy: 72.0651
[2024-03-13 07:19:33,795 INFO] Sentences processed: 435153
[2024-03-13 07:19:33,795 INFO] Average bsz:  688/ 928/64
[2024-03-13 07:19:33,795 INFO] Validation perplexity: 29587.2
[2024-03-13 07:19:33,795 INFO] Validation accuracy: 16.291
[2024-03-13 07:19:33,797 INFO] Saving checkpoint gt-pt-both/gt-pt-both_01_step_6800.pt
[2024-03-13 07:19:36,170 INFO] Step 6850/10000; acc: 86.7; ppl:   1.7; xent: 0.5; lr: 1.00000; sents:    3200; bsz:  699/ 939/64; 5876/7896 tok/s;    394 sec;
[2024-03-13 07:19:38,413 INFO] Step 6900/10000; acc: 86.3; ppl:   1.7; xent: 0.5; lr: 1.00000; sents:    3200; bsz:  685/ 945/64; 15261/21069 tok/s;    396 sec;
[2024-03-13 07:19:40,531 INFO] Step 6950/10000; acc: 86.9; ppl:   1.7; xent: 0.5; lr: 1.00000; sents:    3200; bsz:  637/ 872/64; 15057/20590 tok/s;    398 sec;
[2024-03-13 07:19:42,494 INFO] Step 7000/10000; acc: 86.7; ppl:   1.7; xent: 0.5; lr: 1.00000; sents:    3200; bsz:  723/ 968/64; 18420/24654 tok/s;    400 sec;
[2024-03-13 07:19:46,097 INFO] valid stats calculation
                           took: 3.6030662059783936 s.
[2024-03-13 07:19:46,098 INFO] Train perplexity: 5.13773
[2024-03-13 07:19:46,098 INFO] Train accuracy: 72.483
[2024-03-13 07:19:46,098 INFO] Sentences processed: 447953
[2024-03-13 07:19:46,098 INFO] Average bsz:  688/ 928/64
[2024-03-13 07:19:46,098 INFO] Validation perplexity: 27820
[2024-03-13 07:19:46,098 INFO] Validation accuracy: 16.9672
[2024-03-13 07:19:46,099 INFO] Saving checkpoint gt-pt-both/gt-pt-both_01_step_7000.pt
[2024-03-13 07:19:48,431 INFO] Step 7050/10000; acc: 87.1; ppl:   1.7; xent: 0.5; lr: 1.00000; sents:    3200; bsz:  708/ 947/64; 5961/7978 tok/s;    406 sec;
[2024-03-13 07:19:50,661 INFO] Step 7100/10000; acc: 87.4; ppl:   1.6; xent: 0.5; lr: 1.00000; sents:    3200; bsz:  696/ 931/64; 15616/20886 tok/s;    408 sec;
[2024-03-13 07:19:52,899 INFO] Step 7150/10000; acc: 86.7; ppl:   1.7; xent: 0.5; lr: 1.00000; sents:    3200; bsz:  700/ 954/64; 15647/21314 tok/s;    411 sec;
[2024-03-13 07:19:54,641 INFO] Step 7200/10000; acc: 86.7; ppl:   1.7; xent: 0.5; lr: 1.00000; sents:    3200; bsz:  678/ 933/64; 19476/26794 tok/s;    412 sec;
[2024-03-13 07:19:58,420 INFO] valid stats calculation
                           took: 3.779158592224121 s.
[2024-03-13 07:19:58,420 INFO] Train perplexity: 4.97873
[2024-03-13 07:19:58,421 INFO] Train accuracy: 72.8917
[2024-03-13 07:19:58,421 INFO] Sentences processed: 460753
[2024-03-13 07:19:58,421 INFO] Average bsz:  689/ 928/64
[2024-03-13 07:19:58,421 INFO] Validation perplexity: 55472.1
[2024-03-13 07:19:58,421 INFO] Validation accuracy: 15.3252
[2024-03-13 07:19:58,422 INFO] Saving checkpoint gt-pt-both/gt-pt-both_01_step_7200.pt
[2024-03-13 07:20:00,743 INFO] Step 7250/10000; acc: 87.3; ppl:   1.7; xent: 0.5; lr: 1.00000; sents:    3200; bsz:  681/ 919/64; 5579/7531 tok/s;    418 sec;
[2024-03-13 07:20:02,988 INFO] Step 7300/10000; acc: 86.7; ppl:   1.7; xent: 0.5; lr: 1.00000; sents:    3200; bsz:  657/ 909/64; 14627/20238 tok/s;    421 sec;
[2024-03-13 07:20:05,195 INFO] Step 7350/10000; acc: 86.7; ppl:   1.7; xent: 0.5; lr: 1.00000; sents:    3200; bsz:  705/ 948/64; 15982/21493 tok/s;    423 sec;
[2024-03-13 07:20:06,940 INFO] Step 7400/10000; acc: 87.8; ppl:   1.6; xent: 0.5; lr: 1.00000; sents:    3200; bsz:  718/ 941/64; 20578/26967 tok/s;    425 sec;
[2024-03-13 07:20:10,510 INFO] valid stats calculation
                           took: 3.569082260131836 s.
[2024-03-13 07:20:10,510 INFO] Train perplexity: 4.83344
[2024-03-13 07:20:10,510 INFO] Train accuracy: 73.2771
[2024-03-13 07:20:10,510 INFO] Sentences processed: 473553
[2024-03-13 07:20:10,510 INFO] Average bsz:  689/ 928/64
[2024-03-13 07:20:10,510 INFO] Validation perplexity: 52310.2
[2024-03-13 07:20:10,510 INFO] Validation accuracy: 15.6793
[2024-03-13 07:20:10,511 INFO] Saving checkpoint gt-pt-both/gt-pt-both_01_step_7400.pt
[2024-03-13 07:20:12,851 INFO] Step 7450/10000; acc: 86.4; ppl:   1.7; xent: 0.6; lr: 1.00000; sents:    3200; bsz:  714/ 968/64; 6036/8193 tok/s;    431 sec;
[2024-03-13 07:20:15,015 INFO] Step 7500/10000; acc: 87.2; ppl:   1.6; xent: 0.5; lr: 1.00000; sents:    3200; bsz:  669/ 927/64; 15471/21417 tok/s;    433 sec;
[2024-03-13 07:20:17,118 INFO] Step 7550/10000; acc: 87.0; ppl:   1.7; xent: 0.5; lr: 1.00000; sents:    3200; bsz:  753/1001/64; 17893/23796 tok/s;    435 sec;
[2024-03-13 07:20:18,465 INFO] Step 7600/10000; acc: 87.6; ppl:   1.6; xent: 0.5; lr: 1.00000; sents:    3200; bsz:  698/ 948/64; 25901/35214 tok/s;    436 sec;
[2024-03-13 07:20:22,060 INFO] valid stats calculation
                           took: 3.5947985649108887 s.
[2024-03-13 07:20:22,061 INFO] Train perplexity: 4.69541
[2024-03-13 07:20:22,061 INFO] Train accuracy: 73.6521
[2024-03-13 07:20:22,061 INFO] Sentences processed: 486353
[2024-03-13 07:20:22,061 INFO] Average bsz:  689/ 929/64
[2024-03-13 07:20:22,061 INFO] Validation perplexity: 57886.6
[2024-03-13 07:20:22,061 INFO] Validation accuracy: 14.6491
[2024-03-13 07:20:22,062 INFO] Saving checkpoint gt-pt-both/gt-pt-both_01_step_7600.pt
[2024-03-13 07:20:24,409 INFO] Step 7650/10000; acc: 87.2; ppl:   1.6; xent: 0.5; lr: 1.00000; sents:    3200; bsz:  671/ 924/64; 5642/7773 tok/s;    442 sec;
[2024-03-13 07:20:26,731 INFO] Step 7700/10000; acc: 87.7; ppl:   1.6; xent: 0.5; lr: 1.00000; sents:    3200; bsz:  726/ 975/64; 15639/20992 tok/s;    444 sec;
[2024-03-13 07:20:28,248 INFO] Step 7750/10000; acc: 87.4; ppl:   1.6; xent: 0.5; lr: 1.00000; sents:    3200; bsz:  695/ 943/64; 22907/31109 tok/s;    446 sec;
[2024-03-13 07:20:29,591 INFO] Step 7800/10000; acc: 87.9; ppl:   1.6; xent: 0.5; lr: 1.00000; sents:    3200; bsz:  675/ 927/64; 25115/34531 tok/s;    447 sec;
[2024-03-13 07:20:33,083 INFO] valid stats calculation
                           took: 3.4921412467956543 s.
[2024-03-13 07:20:33,084 INFO] Train perplexity: 4.56754
[2024-03-13 07:20:33,084 INFO] Train accuracy: 74.0136
[2024-03-13 07:20:33,084 INFO] Sentences processed: 499153
[2024-03-13 07:20:33,084 INFO] Average bsz:  689/ 929/64
[2024-03-13 07:20:33,084 INFO] Validation perplexity: 50222.2
[2024-03-13 07:20:33,084 INFO] Validation accuracy: 15.0032
[2024-03-13 07:20:33,085 INFO] Saving checkpoint gt-pt-both/gt-pt-both_01_step_7800.pt
[2024-03-13 07:20:35,474 INFO] Step 7850/10000; acc: 87.5; ppl:   1.7; xent: 0.5; lr: 1.00000; sents:    3200; bsz:  729/ 967/64; 6198/8216 tok/s;    453 sec;
[2024-03-13 07:20:37,270 INFO] Step 7900/10000; acc: 88.2; ppl:   1.6; xent: 0.5; lr: 1.00000; sents:    3200; bsz:  718/ 942/64; 19997/26243 tok/s;    455 sec;
[2024-03-13 07:20:38,606 INFO] Step 7950/10000; acc: 87.6; ppl:   1.7; xent: 0.5; lr: 1.00000; sents:    3200; bsz:  651/ 901/64; 24375/33735 tok/s;    456 sec;
[2024-03-13 07:20:40,054 INFO] Step 8000/10000; acc: 87.0; ppl:   1.7; xent: 0.5; lr: 1.00000; sents:    3200; bsz:  683/ 928/64; 23594/32044 tok/s;    458 sec;
[2024-03-13 07:20:43,509 INFO] valid stats calculation
                           took: 3.4552130699157715 s.
[2024-03-13 07:20:43,510 INFO] Train perplexity: 4.45256
[2024-03-13 07:20:43,510 INFO] Train accuracy: 74.3552
[2024-03-13 07:20:43,510 INFO] Sentences processed: 511953
[2024-03-13 07:20:43,510 INFO] Average bsz:  689/ 929/64
[2024-03-13 07:20:43,510 INFO] Validation perplexity: 43210.5
[2024-03-13 07:20:43,510 INFO] Validation accuracy: 14.8422
[2024-03-13 07:20:43,511 INFO] Saving checkpoint gt-pt-both/gt-pt-both_01_step_8000.pt
[2024-03-13 07:20:45,806 INFO] Step 8050/10000; acc: 87.6; ppl:   1.6; xent: 0.5; lr: 1.00000; sents:    3200; bsz:  705/ 941/64; 6131/8179 tok/s;    463 sec;
[2024-03-13 07:20:47,213 INFO] Step 8100/10000; acc: 88.1; ppl:   1.6; xent: 0.5; lr: 1.00000; sents:    3200; bsz:  740/ 980/64; 26288/34811 tok/s;    465 sec;
[2024-03-13 07:20:48,665 INFO] Step 8150/10000; acc: 87.6; ppl:   1.6; xent: 0.5; lr: 1.00000; sents:    3200; bsz:  759/1018/64; 26164/35074 tok/s;    466 sec;
[2024-03-13 07:20:50,708 INFO] Step 8200/10000; acc: 88.1; ppl:   1.6; xent: 0.5; lr: 1.00000; sents:    3200; bsz:  731/ 983/64; 17886/24057 tok/s;    468 sec;
[2024-03-13 07:20:54,113 INFO] valid stats calculation
                           took: 3.4044909477233887 s.
[2024-03-13 07:20:54,113 INFO] Train perplexity: 4.33736
[2024-03-13 07:20:54,113 INFO] Train accuracy: 74.7021
[2024-03-13 07:20:54,113 INFO] Sentences processed: 524753
[2024-03-13 07:20:54,113 INFO] Average bsz:  690/ 931/64
[2024-03-13 07:20:54,113 INFO] Validation perplexity: 79548.9
[2024-03-13 07:20:54,113 INFO] Validation accuracy: 13.2646
[2024-03-13 07:20:54,115 INFO] Saving checkpoint gt-pt-both/gt-pt-both_01_step_8200.pt
[2024-03-13 07:20:55,838 INFO] Step 8250/10000; acc: 87.8; ppl:   1.6; xent: 0.5; lr: 1.00000; sents:    3200; bsz:  707/ 943/64; 6887/9196 tok/s;    474 sec;
[2024-03-13 07:20:57,122 INFO] Step 8300/10000; acc: 89.2; ppl:   1.5; xent: 0.4; lr: 1.00000; sents:    3200; bsz:  664/ 876/64; 25877/34103 tok/s;    475 sec;
[2024-03-13 07:20:58,605 INFO] Step 8350/10000; acc: 88.6; ppl:   1.6; xent: 0.4; lr: 1.00000; sents:    3200; bsz:  714/ 937/64; 24088/31612 tok/s;    476 sec;
[2024-03-13 07:21:00,779 INFO] Step 8400/10000; acc: 87.6; ppl:   1.7; xent: 0.5; lr: 1.00000; sents:    3200; bsz:  664/ 911/64; 15283/20946 tok/s;    478 sec;
[2024-03-13 07:21:04,197 INFO] valid stats calculation
                           took: 3.4176297187805176 s.
[2024-03-13 07:21:04,197 INFO] Train perplexity: 4.23625
[2024-03-13 07:21:04,197 INFO] Train accuracy: 75.0211
[2024-03-13 07:21:04,197 INFO] Sentences processed: 537553
[2024-03-13 07:21:04,197 INFO] Average bsz:  690/ 930/64
[2024-03-13 07:21:04,197 INFO] Validation perplexity: 46669.7
[2024-03-13 07:21:04,197 INFO] Validation accuracy: 14.1661
[2024-03-13 07:21:04,199 INFO] Saving checkpoint gt-pt-both/gt-pt-both_01_step_8400.pt
[2024-03-13 07:21:05,714 INFO] Step 8450/10000; acc: 87.9; ppl:   1.6; xent: 0.5; lr: 1.00000; sents:    3200; bsz:  728/ 958/64; 7379/9707 tok/s;    483 sec;
[2024-03-13 07:21:07,182 INFO] Step 8500/10000; acc: 88.4; ppl:   1.5; xent: 0.4; lr: 1.00000; sents:    3200; bsz:  745/ 999/64; 25374/34038 tok/s;    485 sec;
[2024-03-13 07:21:09,221 INFO] Step 8550/10000; acc: 88.8; ppl:   1.5; xent: 0.4; lr: 1.00000; sents:    3200; bsz:  699/ 931/64; 17144/22843 tok/s;    487 sec;
[2024-03-13 07:21:11,300 INFO] Step 8600/10000; acc: 89.0; ppl:   1.5; xent: 0.4; lr: 1.00000; sents:    3200; bsz:  604/ 836/64; 14528/20097 tok/s;    489 sec;
[2024-03-13 07:21:14,757 INFO] valid stats calculation
                           took: 3.4563639163970947 s.
[2024-03-13 07:21:14,757 INFO] Train perplexity: 4.13806
[2024-03-13 07:21:14,757 INFO] Train accuracy: 75.3348
[2024-03-13 07:21:14,757 INFO] Sentences processed: 550353
[2024-03-13 07:21:14,757 INFO] Average bsz:  690/ 930/64
[2024-03-13 07:21:14,757 INFO] Validation perplexity: 49880.1
[2024-03-13 07:21:14,757 INFO] Validation accuracy: 15.4862
[2024-03-13 07:21:14,759 INFO] Saving checkpoint gt-pt-both/gt-pt-both_01_step_8600.pt
[2024-03-13 07:21:16,303 INFO] Step 8650/10000; acc: 88.0; ppl:   1.6; xent: 0.5; lr: 1.00000; sents:    3200; bsz:  727/ 979/64; 7266/9781 tok/s;    494 sec;
[2024-03-13 07:21:18,054 INFO] Step 8700/10000; acc: 87.9; ppl:   1.6; xent: 0.5; lr: 1.00000; sents:    3200; bsz:  756/1013/64; 21607/28929 tok/s;    496 sec;
[2024-03-13 07:21:20,452 INFO] Step 8750/10000; acc: 87.5; ppl:   1.7; xent: 0.5; lr: 1.00000; sents:    3200; bsz:  722/ 987/64; 15052/20580 tok/s;    498 sec;
[2024-03-13 07:21:22,500 INFO] Step 8800/10000; acc: 88.7; ppl:   1.5; xent: 0.4; lr: 1.00000; sents:    3200; bsz:  623/ 852/64; 15219/20813 tok/s;    500 sec;
[2024-03-13 07:21:26,027 INFO] valid stats calculation
                           took: 3.5265111923217773 s.
[2024-03-13 07:21:26,027 INFO] Train perplexity: 4.04668
[2024-03-13 07:21:26,027 INFO] Train accuracy: 75.6314
[2024-03-13 07:21:26,027 INFO] Sentences processed: 563153
[2024-03-13 07:21:26,027 INFO] Average bsz:  691/ 931/64
[2024-03-13 07:21:26,027 INFO] Validation perplexity: 38825.1
[2024-03-13 07:21:26,027 INFO] Validation accuracy: 14.971
[2024-03-13 07:21:26,029 INFO] Saving checkpoint gt-pt-both/gt-pt-both_01_step_8800.pt
[2024-03-13 07:21:27,581 INFO] Step 8850/10000; acc: 87.6; ppl:   1.6; xent: 0.5; lr: 1.00000; sents:    3200; bsz:  704/ 937/64; 6932/9221 tok/s;    505 sec;
[2024-03-13 07:21:29,753 INFO] Step 8900/10000; acc: 88.2; ppl:   1.6; xent: 0.5; lr: 1.00000; sents:    3200; bsz:  729/ 980/64; 16791/22575 tok/s;    507 sec;
[2024-03-13 07:21:32,020 INFO] Step 8950/10000; acc: 89.1; ppl:   1.5; xent: 0.4; lr: 1.00000; sents:    3200; bsz:  704/ 934/64; 15529/20613 tok/s;    510 sec;
[2024-03-13 07:21:34,284 INFO] Step 9000/10000; acc: 87.9; ppl:   1.6; xent: 0.5; lr: 1.00000; sents:    3200; bsz:  684/ 946/64; 15095/20882 tok/s;    512 sec;
[2024-03-13 07:21:37,873 INFO] valid stats calculation
                           took: 3.588317394256592 s.
[2024-03-13 07:21:37,873 INFO] Train perplexity: 3.96127
[2024-03-13 07:21:37,873 INFO] Train accuracy: 75.9166
[2024-03-13 07:21:37,873 INFO] Sentences processed: 575953
[2024-03-13 07:21:37,873 INFO] Average bsz:  691/ 931/64
[2024-03-13 07:21:37,874 INFO] Validation perplexity: 70685.3
[2024-03-13 07:21:37,874 INFO] Validation accuracy: 15.0998
[2024-03-13 07:21:37,875 INFO] Saving checkpoint gt-pt-both/gt-pt-both_01_step_9000.pt
[2024-03-13 07:21:39,568 INFO] Step 9050/10000; acc: 88.0; ppl:   1.6; xent: 0.5; lr: 1.00000; sents:    3200; bsz:  628/ 883/64; 5948/8356 tok/s;    517 sec;
[2024-03-13 07:21:41,780 INFO] Step 9100/10000; acc: 88.2; ppl:   1.6; xent: 0.5; lr: 1.00000; sents:    3200; bsz:  699/ 940/64; 15801/21242 tok/s;    519 sec;
[2024-03-13 07:21:44,146 INFO] Step 9150/10000; acc: 88.5; ppl:   1.5; xent: 0.4; lr: 1.00000; sents:    3200; bsz:  721/ 989/64; 15231/20897 tok/s;    522 sec;
[2024-03-13 07:21:46,461 INFO] Step 9200/10000; acc: 88.5; ppl:   1.5; xent: 0.4; lr: 1.00000; sents:    3200; bsz:  717/ 972/64; 15481/20986 tok/s;    524 sec;
[2024-03-13 07:21:50,083 INFO] valid stats calculation
                           took: 3.6219675540924072 s.
[2024-03-13 07:21:50,084 INFO] Train perplexity: 3.88047
[2024-03-13 07:21:50,084 INFO] Train accuracy: 76.1898
[2024-03-13 07:21:50,084 INFO] Sentences processed: 588753
[2024-03-13 07:21:50,084 INFO] Average bsz:  691/ 932/64
[2024-03-13 07:21:50,084 INFO] Validation perplexity: 90214
[2024-03-13 07:21:50,084 INFO] Validation accuracy: 14.5847
[2024-03-13 07:21:50,085 INFO] Saving checkpoint gt-pt-both/gt-pt-both_01_step_9200.pt
[2024-03-13 07:21:52,123 INFO] Step 9250/10000; acc: 88.9; ppl:   1.5; xent: 0.4; lr: 1.00000; sents:    3200; bsz:  672/ 916/64; 5934/8086 tok/s;    530 sec;
[2024-03-13 07:21:54,392 INFO] Step 9300/10000; acc: 88.5; ppl:   1.6; xent: 0.4; lr: 1.00000; sents:    3200; bsz:  664/ 908/64; 14640/20018 tok/s;    532 sec;
[2024-03-13 07:21:56,568 INFO] Step 9350/10000; acc: 89.3; ppl:   1.5; xent: 0.4; lr: 1.00000; sents:    3200; bsz:  686/ 899/64; 15771/20673 tok/s;    534 sec;
[2024-03-13 07:21:58,871 INFO] Step 9400/10000; acc: 88.9; ppl:   1.5; xent: 0.4; lr: 1.00000; sents:    3200; bsz:  737/ 977/64; 16006/21202 tok/s;    537 sec;
[2024-03-13 07:22:02,439 INFO] valid stats calculation
                           took: 3.5678446292877197 s.
[2024-03-13 07:22:02,440 INFO] Train perplexity: 3.80506
[2024-03-13 07:22:02,440 INFO] Train accuracy: 76.4582
[2024-03-13 07:22:02,440 INFO] Sentences processed: 601553
[2024-03-13 07:22:02,440 INFO] Average bsz:  691/ 932/64
[2024-03-13 07:22:02,440 INFO] Validation perplexity: 40276
[2024-03-13 07:22:02,440 INFO] Validation accuracy: 16.3554
[2024-03-13 07:22:02,441 INFO] Saving checkpoint gt-pt-both/gt-pt-both_01_step_9400.pt
[2024-03-13 07:22:04,774 INFO] Step 9450/10000; acc: 87.8; ppl:   1.7; xent: 0.5; lr: 1.00000; sents:    3200; bsz:  700/ 942/64; 5931/7980 tok/s;    542 sec;
[2024-03-13 07:22:06,893 INFO] Step 9500/10000; acc: 88.9; ppl:   1.5; xent: 0.4; lr: 1.00000; sents:    3200; bsz:  648/ 863/64; 15286/20376 tok/s;    545 sec;
[2024-03-13 07:22:09,189 INFO] Step 9550/10000; acc: 87.9; ppl:   1.6; xent: 0.5; lr: 1.00000; sents:    3200; bsz:  695/ 952/64; 15137/20741 tok/s;    547 sec;
[2024-03-13 07:22:11,172 INFO] Step 9600/10000; acc: 88.7; ppl:   1.5; xent: 0.4; lr: 1.00000; sents:    3200; bsz:  730/ 963/64; 18395/24292 tok/s;    549 sec;
[2024-03-13 07:22:14,766 INFO] valid stats calculation
                           took: 3.593630313873291 s.
[2024-03-13 07:22:14,767 INFO] Train perplexity: 3.73604
[2024-03-13 07:22:14,767 INFO] Train accuracy: 76.7051
[2024-03-13 07:22:14,767 INFO] Sentences processed: 614353
[2024-03-13 07:22:14,767 INFO] Average bsz:  691/ 932/64
[2024-03-13 07:22:14,767 INFO] Validation perplexity: 61221.1
[2024-03-13 07:22:14,767 INFO] Validation accuracy: 16.452
[2024-03-13 07:22:14,768 INFO] Saving checkpoint gt-pt-both/gt-pt-both_01_step_9600.pt
[2024-03-13 07:22:17,257 INFO] Step 9650/10000; acc: 88.0; ppl:   1.6; xent: 0.5; lr: 1.00000; sents:    3200; bsz:  753/1016/64; 6185/8349 tok/s;    555 sec;
[2024-03-13 07:22:19,447 INFO] Step 9700/10000; acc: 89.8; ppl:   1.5; xent: 0.4; lr: 1.00000; sents:    3200; bsz:  709/ 931/64; 16194/21270 tok/s;    557 sec;
[2024-03-13 07:22:21,591 INFO] Step 9750/10000; acc: 88.7; ppl:   1.5; xent: 0.4; lr: 1.00000; sents:    3200; bsz:  674/ 913/64; 15721/21285 tok/s;    559 sec;
[2024-03-13 07:22:23,047 INFO] Step 9800/10000; acc: 88.8; ppl:   1.5; xent: 0.4; lr: 1.00000; sents:    3200; bsz:  680/ 891/64; 23334/30594 tok/s;    561 sec;
[2024-03-13 07:22:26,641 INFO] valid stats calculation
                           took: 3.593366861343384 s.
[2024-03-13 07:22:26,642 INFO] Train perplexity: 3.66831
[2024-03-13 07:22:26,642 INFO] Train accuracy: 76.9535
[2024-03-13 07:22:26,642 INFO] Sentences processed: 627153
[2024-03-13 07:22:26,642 INFO] Average bsz:  691/ 932/64
[2024-03-13 07:22:26,642 INFO] Validation perplexity: 82641.8
[2024-03-13 07:22:26,642 INFO] Validation accuracy: 14.9066
[2024-03-13 07:22:26,643 INFO] Saving checkpoint gt-pt-both/gt-pt-both_01_step_9800.pt
[2024-03-13 07:22:28,108 INFO] Step 9850/10000; acc: 89.2; ppl:   1.5; xent: 0.4; lr: 1.00000; sents:    3200; bsz:  678/ 906/64; 6703/8951 tok/s;    566 sec;
[2024-03-13 07:22:29,413 INFO] Step 9900/10000; acc: 88.8; ppl:   1.5; xent: 0.4; lr: 1.00000; sents:    3200; bsz:  663/ 908/64; 25433/34821 tok/s;    567 sec;
[2024-03-13 07:22:30,762 INFO] Step 9950/10000; acc: 88.6; ppl:   1.6; xent: 0.4; lr: 1.00000; sents:    3200; bsz:  696/ 958/64; 25813/35502 tok/s;    568 sec;
[2024-03-13 07:22:31,968 INFO] Step 10000/10000; acc: 89.9; ppl:   1.5; xent: 0.4; lr: 1.00000; sents:    3200; bsz:  603/ 839/64; 25000/34791 tok/s;    570 sec;
[2024-03-13 07:22:35,480 INFO] valid stats calculation
                           took: 3.5121397972106934 s.
[2024-03-13 07:22:35,481 INFO] Train perplexity: 3.60611
[2024-03-13 07:22:35,481 INFO] Train accuracy: 77.189
[2024-03-13 07:22:35,481 INFO] Sentences processed: 639953
[2024-03-13 07:22:35,481 INFO] Average bsz:  691/ 931/64
[2024-03-13 07:22:35,481 INFO] Validation perplexity: 76046.8
[2024-03-13 07:22:35,481 INFO] Validation accuracy: 15.5184
[2024-03-13 07:22:35,482 INFO] Saving checkpoint gt-pt-both/gt-pt-both_01_step_10000.pt
