[2024-03-13 07:34:02,629 WARNING] Corpus corpus_1's weight should be given. We default it to 1 for you.
[2024-03-13 07:34:02,629 INFO] Parsed 2 corpora from -data.
[2024-03-13 07:34:02,629 INFO] Get special vocabs from Transforms: {'src': [], 'tgt': []}.
[2024-03-13 07:34:02,663 INFO] Reading encoder embeddings from asl_w2v.txt
[2024-03-13 07:34:37,797 INFO] 	Found 3002605 total vectors in file.
[2024-03-13 07:34:37,797 INFO] Reading decoder embeddings from en_w2v.txt
[2024-03-13 07:35:12,976 INFO] 	Found 3000000 total vectors in file
[2024-03-13 07:35:12,977 INFO] After filtering to vectors in vocab:
[2024-03-13 07:35:12,980 INFO] 	* enc: 10421 match, 3723 missing, (73.68%)
[2024-03-13 07:35:12,983 INFO] 	* dec: 14009 match, 3807 missing, (78.63%)
[2024-03-13 07:35:12,983 INFO] 
Saving encoder embeddings as:
	* enc: gt-pt-both.enc_embeddings.pt
[2024-03-13 07:35:29,206 INFO] 
Saving decoder embeddings as:
	* dec: gt-pt-both.dec_embeddings.pt
[2024-03-13 07:35:57,905 INFO] The first 10 tokens of the vocabs are:['<unk>', '<blank>', '<s>', '</s>', 'be', 'to', 'ix-1p-pl', 'in', 'and', 'this']
[2024-03-13 07:35:57,905 INFO] The decoder start token is: <s>
[2024-03-13 07:35:57,905 INFO] Building model...
[2024-03-13 07:35:58,120 INFO] Switching model to float32 for amp/apex_amp
[2024-03-13 07:35:58,121 INFO] Non quantized layer compute is fp32
[2024-03-13 07:36:00,442 INFO] NMTModel(
  (encoder): RNNEncoder(
    (embeddings): Embeddings(
      (make_embedding): Sequential(
        (emb_luts): Elementwise(
          (0): Embedding(14144, 300, padding_idx=1)
        )
      )
      (dropout): Dropout(p=0.3, inplace=False)
    )
    (rnn): LSTM(300, 500, num_layers=2, batch_first=True, dropout=0.3)
  )
  (decoder): InputFeedRNNDecoder(
    (embeddings): Embeddings(
      (make_embedding): Sequential(
        (emb_luts): Elementwise(
          (0): Embedding(17816, 300, padding_idx=1)
        )
      )
      (dropout): Dropout(p=0.3, inplace=False)
    )
    (dropout): Dropout(p=0.3, inplace=False)
    (rnn): StackedLSTM(
      (dropout): Dropout(p=0.3, inplace=False)
      (layers): ModuleList(
        (0): LSTMCell(800, 500)
        (1): LSTMCell(500, 500)
      )
    )
    (attn): GlobalAttention(
      (linear_in): Linear(in_features=500, out_features=500, bias=False)
      (linear_out): Linear(in_features=1000, out_features=500, bias=False)
    )
  )
  (generator): Linear(in_features=500, out_features=17816, bias=True)
)
[2024-03-13 07:36:00,443 INFO] encoder: 7851200
[2024-03-13 07:36:00,443 INFO] decoder: 19628616
[2024-03-13 07:36:00,443 INFO] * number of parameters: 27479816
[2024-03-13 07:36:00,443 INFO] Trainable parameters = {'torch.float32': 27479816, 'torch.float16': 0, 'torch.uint8': 0, 'torch.int8': 0}
[2024-03-13 07:36:00,443 INFO] Non trainable parameters = {'torch.float32': 0, 'torch.float16': 0, 'torch.uint8': 0, 'torch.int8': 0}
[2024-03-13 07:36:00,443 INFO]  * src vocab size = 14144
[2024-03-13 07:36:00,443 INFO]  * tgt vocab size = 17816
[2024-03-13 07:36:00,444 INFO] Starting training on GPU: [0]
[2024-03-13 07:36:00,444 INFO] Start training loop and validate every 200 steps...
[2024-03-13 07:36:00,444 INFO] Scoring with: TransformPipe(InferFeatsTransform())
[2024-03-13 07:36:18,562 INFO] Step 50/10000; acc: 5.0; ppl: 76705.5; xent: 11.2; lr: 1.00000; sents:    3200; bsz:  778/1045/64; 2148/2883 tok/s;     18 sec;
[2024-03-13 07:36:19,997 INFO] Step 100/10000; acc: 5.7; ppl: 5324.8; xent: 8.6; lr: 1.00000; sents:    3200; bsz:  753/1008/64; 26238/35126 tok/s;     20 sec;
[2024-03-13 07:36:21,287 INFO] Step 150/10000; acc: 7.8; ppl: 1731.7; xent: 7.5; lr: 1.00000; sents:    3200; bsz:  608/ 864/64; 23576/33498 tok/s;     21 sec;
[2024-03-13 07:36:23,099 INFO] Step 200/10000; acc: 11.9; ppl: 984.7; xent: 6.9; lr: 1.00000; sents:    3200; bsz:  659/ 896/64; 18192/24736 tok/s;     23 sec;
[2024-03-13 07:36:26,591 INFO] valid stats calculation
                           took: 3.491942882537842 s.
[2024-03-13 07:36:26,591 INFO] Train perplexity: 5766.48
[2024-03-13 07:36:26,591 INFO] Train accuracy: 7.42505
[2024-03-13 07:36:26,591 INFO] Sentences processed: 12800
[2024-03-13 07:36:26,591 INFO] Average bsz:  700/ 953/64
[2024-03-13 07:36:26,591 INFO] Validation perplexity: 1711.01
[2024-03-13 07:36:26,591 INFO] Validation accuracy: 14.4881
[2024-03-13 07:36:26,593 INFO] Saving checkpoint gt-pt-both/gt-pt-both_03_step_200.pt
[2024-03-13 07:36:28,350 INFO] Step 250/10000; acc: 13.6; ppl: 641.8; xent: 6.5; lr: 1.00000; sents:    3200; bsz:  686/ 942/64; 6532/8966 tok/s;     28 sec;
[2024-03-13 07:36:29,754 INFO] Step 300/10000; acc: 15.4; ppl: 457.6; xent: 6.1; lr: 1.00000; sents:    3200; bsz:  732/ 983/64; 26079/35004 tok/s;     29 sec;
[2024-03-13 07:36:31,272 INFO] Step 350/10000; acc: 17.9; ppl: 365.6; xent: 5.9; lr: 1.00000; sents:    3200; bsz:  692/ 953/64; 22804/31387 tok/s;     31 sec;
[2024-03-13 07:36:33,410 INFO] Step 400/10000; acc: 20.2; ppl: 292.5; xent: 5.7; lr: 1.00000; sents:    3200; bsz:  641/ 879/64; 15003/20556 tok/s;     33 sec;
[2024-03-13 07:36:36,863 INFO] valid stats calculation
                           took: 3.4532618522644043 s.
[2024-03-13 07:36:36,864 INFO] Train perplexity: 1578.6
[2024-03-13 07:36:36,864 INFO] Train accuracy: 12.0342
[2024-03-13 07:36:36,864 INFO] Sentences processed: 25600
[2024-03-13 07:36:36,864 INFO] Average bsz:  694/ 946/64
[2024-03-13 07:36:36,864 INFO] Validation perplexity: 1152.22
[2024-03-13 07:36:36,864 INFO] Validation accuracy: 16.9028
[2024-03-13 07:36:36,865 INFO] Saving checkpoint gt-pt-both/gt-pt-both_03_step_400.pt
[2024-03-13 07:36:38,405 INFO] Step 450/10000; acc: 20.7; ppl: 264.5; xent: 5.6; lr: 1.00000; sents:    3200; bsz:  722/ 984/64; 7225/9848 tok/s;     38 sec;
[2024-03-13 07:36:39,827 INFO] Step 500/10000; acc: 20.8; ppl: 242.7; xent: 5.5; lr: 1.00000; sents:    3200; bsz:  735/ 974/64; 25851/34272 tok/s;     39 sec;
[2024-03-13 07:36:41,710 INFO] Step 550/10000; acc: 22.6; ppl: 206.2; xent: 5.3; lr: 1.00000; sents:    3200; bsz:  657/ 885/64; 17439/23491 tok/s;     41 sec;
[2024-03-13 07:36:43,817 INFO] Step 600/10000; acc: 25.0; ppl: 165.2; xent: 5.1; lr: 1.00000; sents:    3200; bsz:  655/ 888/64; 15536/21071 tok/s;     43 sec;
[2024-03-13 07:36:47,320 INFO] valid stats calculation
                           took: 3.5029067993164062 s.
[2024-03-13 07:36:47,320 INFO] Train perplexity: 821.085
[2024-03-13 07:36:47,320 INFO] Train accuracy: 15.3893
[2024-03-13 07:36:47,320 INFO] Sentences processed: 38400
[2024-03-13 07:36:47,320 INFO] Average bsz:  693/ 942/64
[2024-03-13 07:36:47,320 INFO] Validation perplexity: 1101.9
[2024-03-13 07:36:47,320 INFO] Validation accuracy: 11.2363
[2024-03-13 07:36:47,322 INFO] Saving checkpoint gt-pt-both/gt-pt-both_03_step_600.pt
[2024-03-13 07:36:48,733 INFO] Step 650/10000; acc: 27.2; ppl: 136.6; xent: 4.9; lr: 1.00000; sents:    3200; bsz:  643/ 875/64; 6535/8902 tok/s;     48 sec;
[2024-03-13 07:36:50,305 INFO] Step 700/10000; acc: 29.7; ppl: 117.5; xent: 4.8; lr: 1.00000; sents:    3200; bsz:  689/ 954/64; 21904/30339 tok/s;     50 sec;
[2024-03-13 07:36:52,496 INFO] Step 750/10000; acc: 34.0; ppl:  91.1; xent: 4.5; lr: 1.00000; sents:    3200; bsz:  735/ 966/64; 16775/22045 tok/s;     52 sec;
[2024-03-13 07:36:54,645 INFO] Step 800/10000; acc: 40.2; ppl:  62.0; xent: 4.1; lr: 1.00000; sents:    3200; bsz:  717/ 941/64; 16678/21890 tok/s;     54 sec;
[2024-03-13 07:36:58,093 INFO] valid stats calculation
                           took: 3.4480960369110107 s.
[2024-03-13 07:36:58,094 INFO] Train perplexity: 482.957
[2024-03-13 07:36:58,094 INFO] Train accuracy: 19.7334
[2024-03-13 07:36:58,094 INFO] Sentences processed: 51200
[2024-03-13 07:36:58,094 INFO] Average bsz:  694/ 940/64
[2024-03-13 07:36:58,094 INFO] Validation perplexity: 1709.31
[2024-03-13 07:36:58,094 INFO] Validation accuracy: 13.0393
[2024-03-13 07:36:58,095 INFO] Saving checkpoint gt-pt-both/gt-pt-both_03_step_800.pt
[2024-03-13 07:36:59,648 INFO] Step 850/10000; acc: 44.9; ppl:  46.4; xent: 3.8; lr: 1.00000; sents:    3200; bsz:  760/ 996/64; 7599/9957 tok/s;     59 sec;
[2024-03-13 07:37:01,532 INFO] Step 900/10000; acc: 50.7; ppl:  27.6; xent: 3.3; lr: 1.00000; sents:    3200; bsz:  645/ 885/64; 17114/23487 tok/s;     61 sec;
[2024-03-13 07:37:03,766 INFO] Step 950/10000; acc: 54.2; ppl:  21.6; xent: 3.1; lr: 1.00000; sents:    3200; bsz:  741/ 985/64; 16587/22035 tok/s;     63 sec;
[2024-03-13 07:37:05,963 INFO] Step 1000/10000; acc: 57.1; ppl:  17.0; xent: 2.8; lr: 1.00000; sents:    3200; bsz:  728/ 975/64; 16583/22196 tok/s;     66 sec;
[2024-03-13 07:37:09,476 INFO] valid stats calculation
                           took: 3.5132131576538086 s.
[2024-03-13 07:37:09,477 INFO] Train perplexity: 267.062
[2024-03-13 07:37:09,477 INFO] Train accuracy: 26.2384
[2024-03-13 07:37:09,477 INFO] Sentences processed: 64000
[2024-03-13 07:37:09,477 INFO] Average bsz:  699/ 944/64
[2024-03-13 07:37:09,477 INFO] Validation perplexity: 4299.58
[2024-03-13 07:37:09,477 INFO] Validation accuracy: 14.4237
[2024-03-13 07:37:09,479 INFO] Saving checkpoint gt-pt-both/gt-pt-both_03_step_1000.pt
[2024-03-13 07:37:11,015 INFO] Step 1050/10000; acc: 61.0; ppl:  11.9; xent: 2.5; lr: 1.00000; sents:    3200; bsz:  709/ 950/64; 7018/9399 tok/s;     71 sec;
[2024-03-13 07:37:13,042 INFO] Step 1100/10000; acc: 62.7; ppl:  10.2; xent: 2.3; lr: 1.00000; sents:    3200; bsz:  640/ 887/64; 15796/21902 tok/s;     73 sec;
[2024-03-13 07:37:15,217 INFO] Step 1150/10000; acc: 65.2; ppl:   8.5; xent: 2.1; lr: 1.00000; sents:    3200; bsz:  712/ 932/64; 16355/21408 tok/s;     75 sec;
[2024-03-13 07:37:17,342 INFO] Step 1200/10000; acc: 67.4; ppl:   7.2; xent: 2.0; lr: 1.00000; sents:    3200; bsz:  619/ 842/64; 14579/19817 tok/s;     77 sec;
[2024-03-13 07:37:20,873 INFO] valid stats calculation
                           took: 3.5307743549346924 s.
[2024-03-13 07:37:20,873 INFO] Train perplexity: 155.861
[2024-03-13 07:37:20,873 INFO] Train accuracy: 32.3027
[2024-03-13 07:37:20,873 INFO] Sentences processed: 76800
[2024-03-13 07:37:20,873 INFO] Average bsz:  694/ 937/64
[2024-03-13 07:37:20,873 INFO] Validation perplexity: 10916.6
[2024-03-13 07:37:20,873 INFO] Validation accuracy: 16.3232
[2024-03-13 07:37:20,875 INFO] Saving checkpoint gt-pt-both/gt-pt-both_03_step_1200.pt
[2024-03-13 07:37:22,569 INFO] Step 1250/10000; acc: 69.0; ppl:   6.2; xent: 1.8; lr: 1.00000; sents:    3200; bsz:  666/ 892/64; 6366/8534 tok/s;     82 sec;
[2024-03-13 07:37:24,744 INFO] Step 1300/10000; acc: 67.2; ppl:   7.2; xent: 2.0; lr: 1.00000; sents:    3200; bsz:  644/ 897/64; 14800/20617 tok/s;     84 sec;
[2024-03-13 07:37:26,726 INFO] Step 1350/10000; acc: 70.2; ppl:   5.5; xent: 1.7; lr: 1.00000; sents:    3200; bsz:  605/ 843/64; 15273/21264 tok/s;     86 sec;
[2024-03-13 07:37:28,962 INFO] Step 1400/10000; acc: 70.8; ppl:   5.4; xent: 1.7; lr: 1.00000; sents:    3200; bsz:  687/ 925/64; 15358/20699 tok/s;     89 sec;
[2024-03-13 07:37:32,520 INFO] valid stats calculation
                           took: 3.5577750205993652 s.
[2024-03-13 07:37:32,521 INFO] Train perplexity: 99.9544
[2024-03-13 07:37:32,521 INFO] Train accuracy: 37.357
[2024-03-13 07:37:32,521 INFO] Sentences processed: 89600
[2024-03-13 07:37:32,521 INFO] Average bsz:  688/ 930/64
[2024-03-13 07:37:32,521 INFO] Validation perplexity: 9832.6
[2024-03-13 07:37:32,521 INFO] Validation accuracy: 15.3574
[2024-03-13 07:37:32,522 INFO] Saving checkpoint gt-pt-both/gt-pt-both_03_step_1400.pt
[2024-03-13 07:37:34,650 INFO] Step 1450/10000; acc: 70.1; ppl:   5.7; xent: 1.7; lr: 1.00000; sents:    3200; bsz:  733/ 999/64; 6447/8784 tok/s;     94 sec;
[2024-03-13 07:37:36,984 INFO] Step 1500/10000; acc: 70.8; ppl:   5.2; xent: 1.6; lr: 1.00000; sents:    3200; bsz:  722/ 971/64; 15466/20809 tok/s;     97 sec;
[2024-03-13 07:37:39,265 INFO] Step 1550/10000; acc: 72.9; ppl:   4.4; xent: 1.5; lr: 1.00000; sents:    3200; bsz:  739/ 997/64; 16190/21858 tok/s;     99 sec;
[2024-03-13 07:37:41,419 INFO] Step 1600/10000; acc: 72.9; ppl:   4.4; xent: 1.5; lr: 1.00000; sents:    3200; bsz:  632/ 870/64; 14678/20193 tok/s;    101 sec;
[2024-03-13 07:37:45,051 INFO] valid stats calculation
                           took: 3.631516933441162 s.
[2024-03-13 07:37:45,051 INFO] Train perplexity: 67.8732
[2024-03-13 07:37:45,051 INFO] Train accuracy: 41.7617
[2024-03-13 07:37:45,051 INFO] Sentences processed: 102400
[2024-03-13 07:37:45,051 INFO] Average bsz:  690/ 934/64
[2024-03-13 07:37:45,051 INFO] Validation perplexity: 14744.4
[2024-03-13 07:37:45,052 INFO] Validation accuracy: 15.9369
[2024-03-13 07:37:45,053 INFO] Saving checkpoint gt-pt-both/gt-pt-both_03_step_1600.pt
[2024-03-13 07:37:47,317 INFO] Step 1650/10000; acc: 75.7; ppl:   3.7; xent: 1.3; lr: 1.00000; sents:    3200; bsz:  714/ 924/64; 6056/7835 tok/s;    107 sec;
[2024-03-13 07:37:49,454 INFO] Step 1700/10000; acc: 75.5; ppl:   3.8; xent: 1.3; lr: 1.00000; sents:    3200; bsz:  676/ 890/64; 15810/20812 tok/s;    109 sec;
[2024-03-13 07:37:51,682 INFO] Step 1750/10000; acc: 73.3; ppl:   4.2; xent: 1.4; lr: 1.00000; sents:    3200; bsz:  719/ 971/64; 16148/21803 tok/s;    111 sec;
[2024-03-13 07:37:53,493 INFO] Step 1800/10000; acc: 73.9; ppl:   4.0; xent: 1.4; lr: 1.00000; sents:    3200; bsz:  651/ 897/64; 17984/24768 tok/s;    113 sec;
[2024-03-13 07:37:57,101 INFO] valid stats calculation
                           took: 3.6081433296203613 s.
[2024-03-13 07:37:57,101 INFO] Train perplexity: 49.6708
[2024-03-13 07:37:57,102 INFO] Train accuracy: 45.3615
[2024-03-13 07:37:57,102 INFO] Sentences processed: 115200
[2024-03-13 07:37:57,102 INFO] Average bsz:  690/ 932/64
[2024-03-13 07:37:57,102 INFO] Validation perplexity: 14279
[2024-03-13 07:37:57,102 INFO] Validation accuracy: 15.4862
[2024-03-13 07:37:57,103 INFO] Saving checkpoint gt-pt-both/gt-pt-both_03_step_1800.pt
[2024-03-13 07:37:59,746 INFO] Step 1850/10000; acc: 75.4; ppl:   3.7; xent: 1.3; lr: 1.00000; sents:    3200; bsz:  788/1053/64; 6305/8420 tok/s;    119 sec;
[2024-03-13 07:38:01,891 INFO] Step 1900/10000; acc: 75.8; ppl:   3.5; xent: 1.3; lr: 1.00000; sents:    3200; bsz:  685/ 913/64; 15966/21278 tok/s;    121 sec;
[2024-03-13 07:38:03,943 INFO] Step 1950/10000; acc: 76.0; ppl:   3.6; xent: 1.3; lr: 1.00000; sents:    3200; bsz:  607/ 841/64; 14792/20475 tok/s;    123 sec;
[2024-03-13 07:38:05,353 INFO] Step 2000/10000; acc: 75.4; ppl:   3.6; xent: 1.3; lr: 1.00000; sents:    3200; bsz:  644/ 898/64; 22838/31855 tok/s;    125 sec;
[2024-03-13 07:38:08,954 INFO] valid stats calculation
                           took: 3.6000781059265137 s.
[2024-03-13 07:38:08,954 INFO] Train perplexity: 38.269
[2024-03-13 07:38:08,954 INFO] Train accuracy: 48.3719
[2024-03-13 07:38:08,954 INFO] Sentences processed: 128000
[2024-03-13 07:38:08,954 INFO] Average bsz:  689/ 932/64
[2024-03-13 07:38:08,954 INFO] Validation perplexity: 20195.2
[2024-03-13 07:38:08,954 INFO] Validation accuracy: 15.8725
[2024-03-13 07:38:08,956 INFO] Saving checkpoint gt-pt-both/gt-pt-both_03_step_2000.pt
[2024-03-13 07:38:11,263 INFO] Step 2050/10000; acc: 77.6; ppl:   3.2; xent: 1.2; lr: 1.00000; sents:    3200; bsz:  710/ 929/64; 6011/7863 tok/s;    131 sec;
[2024-03-13 07:38:13,405 INFO] Step 2100/10000; acc: 77.2; ppl:   3.1; xent: 1.1; lr: 1.00000; sents:    3200; bsz:  687/ 928/64; 16042/21667 tok/s;    133 sec;
[2024-03-13 07:38:15,478 INFO] Step 2150/10000; acc: 77.1; ppl:   3.2; xent: 1.2; lr: 1.00000; sents:    3200; bsz:  778/1037/64; 18774/25020 tok/s;    135 sec;
[2024-03-13 07:38:16,866 INFO] Step 2200/10000; acc: 77.2; ppl:   3.3; xent: 1.2; lr: 1.00000; sents:    3200; bsz:  704/ 950/64; 25350/34237 tok/s;    136 sec;
[2024-03-13 07:38:20,391 INFO] valid stats calculation
                           took: 3.5241782665252686 s.
[2024-03-13 07:38:20,392 INFO] Train perplexity: 30.3537
[2024-03-13 07:38:20,392 INFO] Train accuracy: 51.0721
[2024-03-13 07:38:20,392 INFO] Sentences processed: 140800
[2024-03-13 07:38:20,392 INFO] Average bsz:  692/ 934/64
[2024-03-13 07:38:20,392 INFO] Validation perplexity: 11634.4
[2024-03-13 07:38:20,392 INFO] Validation accuracy: 17.0637
[2024-03-13 07:38:20,393 INFO] Saving checkpoint gt-pt-both/gt-pt-both_03_step_2200.pt
[2024-03-13 07:38:22,863 INFO] Step 2250/10000; acc: 77.2; ppl:   3.2; xent: 1.1; lr: 1.00000; sents:    3200; bsz:  696/ 959/64; 5806/7998 tok/s;    142 sec;
[2024-03-13 07:38:25,057 INFO] Step 2300/10000; acc: 76.4; ppl:   3.2; xent: 1.2; lr: 1.00000; sents:    3200; bsz:  640/ 900/64; 14588/20522 tok/s;    145 sec;
[2024-03-13 07:38:26,440 INFO] Step 2350/10000; acc: 77.9; ppl:   3.0; xent: 1.1; lr: 1.00000; sents:    3200; bsz:  714/ 949/64; 25831/34321 tok/s;    146 sec;
[2024-03-13 07:38:27,803 INFO] Step 2400/10000; acc: 78.4; ppl:   2.9; xent: 1.1; lr: 1.00000; sents:    3200; bsz:  694/ 924/64; 25458/33896 tok/s;    147 sec;
[2024-03-13 07:38:31,343 INFO] valid stats calculation
                           took: 3.539449453353882 s.
[2024-03-13 07:38:31,343 INFO] Train perplexity: 25.0858
[2024-03-13 07:38:31,343 INFO] Train accuracy: 53.2682
[2024-03-13 07:38:31,343 INFO] Sentences processed: 153600
[2024-03-13 07:38:31,343 INFO] Average bsz:  691/ 934/64
[2024-03-13 07:38:31,343 INFO] Validation perplexity: 18670.4
[2024-03-13 07:38:31,343 INFO] Validation accuracy: 16.0979
[2024-03-13 07:38:31,345 INFO] Saving checkpoint gt-pt-both/gt-pt-both_03_step_2400.pt
[2024-03-13 07:38:33,497 INFO] Step 2450/10000; acc: 78.2; ppl:   3.0; xent: 1.1; lr: 1.00000; sents:    3200; bsz:  610/ 854/64; 5358/7498 tok/s;    153 sec;
[2024-03-13 07:38:34,997 INFO] Step 2500/10000; acc: 79.8; ppl:   2.7; xent: 1.0; lr: 1.00000; sents:    3200; bsz:  527/ 737/64; 17582/24561 tok/s;    155 sec;
[2024-03-13 07:38:36,392 INFO] Step 2550/10000; acc: 78.9; ppl:   2.7; xent: 1.0; lr: 1.00000; sents:    3200; bsz:  717/ 968/64; 25695/34688 tok/s;    156 sec;
[2024-03-13 07:38:37,752 INFO] Step 2600/10000; acc: 78.9; ppl:   2.8; xent: 1.0; lr: 1.00000; sents:    3200; bsz:  680/ 915/64; 24999/33659 tok/s;    157 sec;
[2024-03-13 07:38:41,251 INFO] valid stats calculation
                           took: 3.499202013015747 s.
[2024-03-13 07:38:41,252 INFO] Train perplexity: 21.4318
[2024-03-13 07:38:41,252 INFO] Train accuracy: 55.1123
[2024-03-13 07:38:41,252 INFO] Sentences processed: 166400
[2024-03-13 07:38:41,252 INFO] Average bsz:  687/ 929/64
[2024-03-13 07:38:41,252 INFO] Validation perplexity: 18537.4
[2024-03-13 07:38:41,252 INFO] Validation accuracy: 16.3876
[2024-03-13 07:38:41,253 INFO] Saving checkpoint gt-pt-both/gt-pt-both_03_step_2600.pt
[2024-03-13 07:38:43,480 INFO] Step 2650/10000; acc: 79.0; ppl:   2.7; xent: 1.0; lr: 1.00000; sents:    3200; bsz:  694/ 945/64; 6056/8249 tok/s;    163 sec;
[2024-03-13 07:38:44,831 INFO] Step 2700/10000; acc: 80.4; ppl:   2.6; xent: 1.0; lr: 1.00000; sents:    3200; bsz:  674/ 884/64; 24955/32732 tok/s;    164 sec;
[2024-03-13 07:38:46,189 INFO] Step 2750/10000; acc: 79.8; ppl:   2.6; xent: 1.0; lr: 1.00000; sents:    3200; bsz:  678/ 922/64; 24986/33971 tok/s;    166 sec;
[2024-03-13 07:38:48,193 INFO] Step 2800/10000; acc: 79.7; ppl:   2.6; xent: 1.0; lr: 1.00000; sents:    3200; bsz:  718/ 956/64; 17925/23869 tok/s;    168 sec;
[2024-03-13 07:38:51,652 INFO] valid stats calculation
                           took: 3.4591281414031982 s.
[2024-03-13 07:38:51,652 INFO] Train perplexity: 18.4647
[2024-03-13 07:38:51,653 INFO] Train accuracy: 56.8653
[2024-03-13 07:38:51,653 INFO] Sentences processed: 179200
[2024-03-13 07:38:51,653 INFO] Average bsz:  687/ 929/64
[2024-03-13 07:38:51,653 INFO] Validation perplexity: 28223.4
[2024-03-13 07:38:51,653 INFO] Validation accuracy: 15.7115
[2024-03-13 07:38:51,654 INFO] Saving checkpoint gt-pt-both/gt-pt-both_03_step_2800.pt
[2024-03-13 07:38:53,262 INFO] Step 2850/10000; acc: 80.0; ppl:   2.6; xent: 1.0; lr: 1.00000; sents:    3200; bsz:  637/ 874/64; 6288/8621 tok/s;    173 sec;
[2024-03-13 07:38:54,641 INFO] Step 2900/10000; acc: 80.3; ppl:   2.5; xent: 0.9; lr: 1.00000; sents:    3200; bsz:  704/ 944/64; 25535/34206 tok/s;    174 sec;
[2024-03-13 07:38:56,093 INFO] Step 2950/10000; acc: 80.8; ppl:   2.4; xent: 0.9; lr: 1.00000; sents:    3200; bsz:  640/ 881/64; 22049/30354 tok/s;    176 sec;
[2024-03-13 07:38:58,356 INFO] Step 3000/10000; acc: 80.6; ppl:   2.5; xent: 0.9; lr: 1.00000; sents:    3200; bsz:  666/ 909/64; 14706/20082 tok/s;    178 sec;
[2024-03-13 07:39:01,775 INFO] valid stats calculation
                           took: 3.4185404777526855 s.
[2024-03-13 07:39:01,776 INFO] Train perplexity: 16.2207
[2024-03-13 07:39:01,776 INFO] Train accuracy: 58.3928
[2024-03-13 07:39:01,776 INFO] Sentences processed: 192000
[2024-03-13 07:39:01,776 INFO] Average bsz:  686/ 927/64
[2024-03-13 07:39:01,776 INFO] Validation perplexity: 31459.3
[2024-03-13 07:39:01,776 INFO] Validation accuracy: 16.2267
[2024-03-13 07:39:01,778 INFO] Saving checkpoint gt-pt-both/gt-pt-both_03_step_3000.pt
[2024-03-13 07:39:03,445 INFO] Step 3050/10000; acc: 79.8; ppl:   2.6; xent: 1.0; lr: 1.00000; sents:    3198; bsz:  745/ 986/64; 7319/9689 tok/s;    183 sec;
[2024-03-13 07:39:05,038 INFO] Step 3100/10000; acc: 80.5; ppl:   2.5; xent: 0.9; lr: 1.00000; sents:    3200; bsz:  819/1083/64; 25708/33991 tok/s;    185 sec;
[2024-03-13 07:39:07,268 INFO] Step 3150/10000; acc: 81.1; ppl:   2.4; xent: 0.9; lr: 1.00000; sents:    3200; bsz:  707/ 931/64; 15850/20874 tok/s;    187 sec;
[2024-03-13 07:39:09,447 INFO] Step 3200/10000; acc: 81.4; ppl:   2.4; xent: 0.9; lr: 1.00000; sents:    3200; bsz:  664/ 908/64; 15242/20825 tok/s;    189 sec;
[2024-03-13 07:39:12,900 INFO] valid stats calculation
                           took: 3.4528284072875977 s.
[2024-03-13 07:39:12,901 INFO] Train perplexity: 14.3424
[2024-03-13 07:39:12,901 INFO] Train accuracy: 59.8547
[2024-03-13 07:39:12,901 INFO] Sentences processed: 204798
[2024-03-13 07:39:12,901 INFO] Average bsz:  689/ 930/64
[2024-03-13 07:39:12,901 INFO] Validation perplexity: 24719.8
[2024-03-13 07:39:12,901 INFO] Validation accuracy: 15.454
[2024-03-13 07:39:12,902 INFO] Saving checkpoint gt-pt-both/gt-pt-both_03_step_3200.pt
[2024-03-13 07:39:14,446 INFO] Step 3250/10000; acc: 81.4; ppl:   2.5; xent: 0.9; lr: 1.00000; sents:    3200; bsz:  722/ 941/64; 7219/9415 tok/s;    194 sec;
[2024-03-13 07:39:16,189 INFO] Step 3300/10000; acc: 80.8; ppl:   2.5; xent: 0.9; lr: 1.00000; sents:    3200; bsz:  652/ 899/64; 18690/25799 tok/s;    196 sec;
[2024-03-13 07:39:18,472 INFO] Step 3350/10000; acc: 81.4; ppl:   2.3; xent: 0.8; lr: 1.00000; sents:    3200; bsz:  716/ 955/64; 15674/20917 tok/s;    198 sec;
[2024-03-13 07:39:20,668 INFO] Step 3400/10000; acc: 83.2; ppl:   2.1; xent: 0.7; lr: 1.00000; sents:    3200; bsz:  669/ 892/64; 15239/20308 tok/s;    200 sec;
[2024-03-13 07:39:24,093 INFO] valid stats calculation
                           took: 3.423732042312622 s.
[2024-03-13 07:39:24,093 INFO] Train perplexity: 12.9044
[2024-03-13 07:39:24,094 INFO] Train accuracy: 61.1287
[2024-03-13 07:39:24,094 INFO] Sentences processed: 217598
[2024-03-13 07:39:24,094 INFO] Average bsz:  689/ 930/64
[2024-03-13 07:39:24,094 INFO] Validation perplexity: 33516.5
[2024-03-13 07:39:24,094 INFO] Validation accuracy: 15.9047
[2024-03-13 07:39:24,096 INFO] Saving checkpoint gt-pt-both/gt-pt-both_03_step_3400.pt
[2024-03-13 07:39:25,660 INFO] Step 3450/10000; acc: 83.1; ppl:   2.1; xent: 0.8; lr: 1.00000; sents:    3200; bsz:  716/ 936/64; 7168/9372 tok/s;    205 sec;
[2024-03-13 07:39:27,681 INFO] Step 3500/10000; acc: 82.5; ppl:   2.2; xent: 0.8; lr: 1.00000; sents:    3200; bsz:  620/ 852/64; 15329/21093 tok/s;    207 sec;
[2024-03-13 07:39:29,794 INFO] Step 3550/10000; acc: 82.5; ppl:   2.3; xent: 0.8; lr: 1.00000; sents:    3200; bsz:  644/ 851/64; 15241/20151 tok/s;    209 sec;
[2024-03-13 07:39:32,042 INFO] Step 3600/10000; acc: 82.2; ppl:   2.3; xent: 0.8; lr: 1.00000; sents:    3200; bsz:  732/ 953/64; 16282/21203 tok/s;    212 sec;
[2024-03-13 07:39:35,616 INFO] valid stats calculation
                           took: 3.5734269618988037 s.
[2024-03-13 07:39:35,616 INFO] Train perplexity: 11.7396
[2024-03-13 07:39:35,616 INFO] Train accuracy: 62.2825
[2024-03-13 07:39:35,617 INFO] Sentences processed: 230398
[2024-03-13 07:39:35,617 INFO] Average bsz:  688/ 928/64
[2024-03-13 07:39:35,617 INFO] Validation perplexity: 25334
[2024-03-13 07:39:35,617 INFO] Validation accuracy: 15.7759
[2024-03-13 07:39:35,618 INFO] Saving checkpoint gt-pt-both/gt-pt-both_03_step_3600.pt
[2024-03-13 07:39:37,400 INFO] Step 3650/10000; acc: 81.2; ppl:   2.4; xent: 0.9; lr: 1.00000; sents:    3200; bsz:  666/ 924/64; 6212/8628 tok/s;    217 sec;
[2024-03-13 07:39:39,795 INFO] Step 3700/10000; acc: 82.0; ppl:   2.3; xent: 0.8; lr: 1.00000; sents:    3200; bsz:  754/1003/64; 15750/20949 tok/s;    219 sec;
[2024-03-13 07:39:41,824 INFO] Step 3750/10000; acc: 83.2; ppl:   2.1; xent: 0.8; lr: 1.00000; sents:    3200; bsz:  589/ 810/64; 14508/19950 tok/s;    221 sec;
[2024-03-13 07:39:43,940 INFO] Step 3800/10000; acc: 83.8; ppl:   2.1; xent: 0.7; lr: 1.00000; sents:    3200; bsz:  635/ 832/64; 15005/19661 tok/s;    223 sec;
[2024-03-13 07:39:47,585 INFO] valid stats calculation
                           took: 3.643883228302002 s.
[2024-03-13 07:39:47,585 INFO] Train perplexity: 10.7921
[2024-03-13 07:39:47,585 INFO] Train accuracy: 63.3074
[2024-03-13 07:39:47,585 INFO] Sentences processed: 243198
[2024-03-13 07:39:47,585 INFO] Average bsz:  687/ 926/64
[2024-03-13 07:39:47,585 INFO] Validation perplexity: 31918.3
[2024-03-13 07:39:47,585 INFO] Validation accuracy: 16.4198
[2024-03-13 07:39:47,587 INFO] Saving checkpoint gt-pt-both/gt-pt-both_03_step_3800.pt
[2024-03-13 07:39:49,671 INFO] Step 3850/10000; acc: 83.1; ppl:   2.2; xent: 0.8; lr: 1.00000; sents:    3200; bsz:  613/ 846/64; 5350/7377 tok/s;    229 sec;
[2024-03-13 07:39:51,785 INFO] Step 3900/10000; acc: 83.2; ppl:   2.1; xent: 0.7; lr: 1.00000; sents:    3200; bsz:  654/ 872/64; 15475/20638 tok/s;    231 sec;
[2024-03-13 07:39:54,186 INFO] Step 3950/10000; acc: 82.5; ppl:   2.2; xent: 0.8; lr: 1.00000; sents:    3200; bsz:  762/1009/64; 15862/21019 tok/s;    234 sec;
[2024-03-13 07:39:56,150 INFO] Step 4000/10000; acc: 82.5; ppl:   2.2; xent: 0.8; lr: 1.00000; sents:    3200; bsz:  636/ 888/64; 16194/22599 tok/s;    236 sec;
[2024-03-13 07:39:59,746 INFO] valid stats calculation
                           took: 3.595614194869995 s.
[2024-03-13 07:39:59,746 INFO] Train perplexity: 9.97464
[2024-03-13 07:39:59,746 INFO] Train accuracy: 64.2609
[2024-03-13 07:39:59,746 INFO] Sentences processed: 255998
[2024-03-13 07:39:59,746 INFO] Average bsz:  686/ 925/64
[2024-03-13 07:39:59,747 INFO] Validation perplexity: 27303.3
[2024-03-13 07:39:59,747 INFO] Validation accuracy: 15.8081
[2024-03-13 07:39:59,748 INFO] Saving checkpoint gt-pt-both/gt-pt-both_03_step_4000.pt
[2024-03-13 07:40:02,206 INFO] Step 4050/10000; acc: 83.0; ppl:   2.2; xent: 0.8; lr: 1.00000; sents:    3200; bsz:  755/ 996/64; 6235/8224 tok/s;    242 sec;
[2024-03-13 07:40:04,498 INFO] Step 4100/10000; acc: 83.0; ppl:   2.2; xent: 0.8; lr: 1.00000; sents:    3200; bsz:  760/1011/64; 16591/22056 tok/s;    244 sec;
[2024-03-13 07:40:06,715 INFO] Step 4150/10000; acc: 83.5; ppl:   2.1; xent: 0.7; lr: 1.00000; sents:    3200; bsz:  692/ 936/64; 15618/21104 tok/s;    246 sec;
[2024-03-13 07:40:08,330 INFO] Step 4200/10000; acc: 83.6; ppl:   2.1; xent: 0.7; lr: 1.00000; sents:    3200; bsz:  722/ 973/64; 22358/30128 tok/s;    248 sec;
[2024-03-13 07:40:11,894 INFO] valid stats calculation
                           took: 3.5641696453094482 s.
[2024-03-13 07:40:11,894 INFO] Train perplexity: 9.22661
[2024-03-13 07:40:11,894 INFO] Train accuracy: 65.2149
[2024-03-13 07:40:11,894 INFO] Sentences processed: 268798
[2024-03-13 07:40:11,895 INFO] Average bsz:  688/ 928/64
[2024-03-13 07:40:11,895 INFO] Validation perplexity: 36303.7
[2024-03-13 07:40:11,895 INFO] Validation accuracy: 15.1642
[2024-03-13 07:40:11,896 INFO] Saving checkpoint gt-pt-both/gt-pt-both_03_step_4200.pt
[2024-03-13 07:40:14,291 INFO] Step 4250/10000; acc: 83.9; ppl:   2.1; xent: 0.7; lr: 1.00000; sents:    3200; bsz:  707/ 941/64; 5929/7890 tok/s;    254 sec;
[2024-03-13 07:40:16,612 INFO] Step 4300/10000; acc: 84.5; ppl:   1.9; xent: 0.7; lr: 1.00000; sents:    3200; bsz:  781/1005/64; 16825/21651 tok/s;    256 sec;
[2024-03-13 07:40:18,612 INFO] Step 4350/10000; acc: 83.6; ppl:   2.1; xent: 0.7; lr: 1.00000; sents:    3200; bsz:  721/ 958/64; 18038/23955 tok/s;    258 sec;
[2024-03-13 07:40:19,955 INFO] Step 4400/10000; acc: 83.0; ppl:   2.1; xent: 0.7; lr: 1.00000; sents:    3200; bsz:  681/ 929/64; 25345/34587 tok/s;    260 sec;
[2024-03-13 07:40:23,558 INFO] valid stats calculation
                           took: 3.602266788482666 s.
[2024-03-13 07:40:23,558 INFO] Train perplexity: 8.59621
[2024-03-13 07:40:23,558 INFO] Train accuracy: 66.0847
[2024-03-13 07:40:23,558 INFO] Sentences processed: 281598
[2024-03-13 07:40:23,558 INFO] Average bsz:  689/ 929/64
[2024-03-13 07:40:23,558 INFO] Validation perplexity: 36086.7
[2024-03-13 07:40:23,558 INFO] Validation accuracy: 15.7115
[2024-03-13 07:40:23,560 INFO] Saving checkpoint gt-pt-both/gt-pt-both_03_step_4400.pt
[2024-03-13 07:40:25,918 INFO] Step 4450/10000; acc: 83.8; ppl:   2.0; xent: 0.7; lr: 1.00000; sents:    3200; bsz:  718/ 955/64; 6021/8007 tok/s;    265 sec;
[2024-03-13 07:40:28,141 INFO] Step 4500/10000; acc: 83.4; ppl:   2.1; xent: 0.7; lr: 1.00000; sents:    3200; bsz:  682/ 933/64; 15350/20995 tok/s;    268 sec;
[2024-03-13 07:40:29,757 INFO] Step 4550/10000; acc: 83.4; ppl:   2.1; xent: 0.7; lr: 1.00000; sents:    3200; bsz:  735/ 995/64; 22738/30783 tok/s;    269 sec;
[2024-03-13 07:40:31,142 INFO] Step 4600/10000; acc: 83.5; ppl:   2.1; xent: 0.7; lr: 1.00000; sents:    3200; bsz:  698/ 938/64; 25188/33838 tok/s;    271 sec;
[2024-03-13 07:40:34,675 INFO] valid stats calculation
                           took: 3.532797336578369 s.
[2024-03-13 07:40:34,676 INFO] Train perplexity: 8.06591
[2024-03-13 07:40:34,676 INFO] Train accuracy: 66.8633
[2024-03-13 07:40:34,676 INFO] Sentences processed: 294398
[2024-03-13 07:40:34,676 INFO] Average bsz:  690/ 930/64
[2024-03-13 07:40:34,676 INFO] Validation perplexity: 34362.5
[2024-03-13 07:40:34,676 INFO] Validation accuracy: 15.7437
[2024-03-13 07:40:34,677 INFO] Saving checkpoint gt-pt-both/gt-pt-both_03_step_4600.pt
[2024-03-13 07:40:36,882 INFO] Step 4650/10000; acc: 84.7; ppl:   2.0; xent: 0.7; lr: 1.00000; sents:    3200; bsz:  622/ 841/64; 5420/7327 tok/s;    276 sec;
[2024-03-13 07:40:38,635 INFO] Step 4700/10000; acc: 84.3; ppl:   2.0; xent: 0.7; lr: 1.00000; sents:    3200; bsz:  583/ 812/64; 16640/23169 tok/s;    278 sec;
[2024-03-13 07:40:39,979 INFO] Step 4750/10000; acc: 84.5; ppl:   2.0; xent: 0.7; lr: 1.00000; sents:    3200; bsz:  684/ 917/64; 25430/34115 tok/s;    280 sec;
[2024-03-13 07:40:41,340 INFO] Step 4800/10000; acc: 85.3; ppl:   1.9; xent: 0.6; lr: 1.00000; sents:    3200; bsz:  689/ 922/64; 25309/33883 tok/s;    281 sec;
[2024-03-13 07:40:44,842 INFO] valid stats calculation
                           took: 3.501878261566162 s.
[2024-03-13 07:40:44,843 INFO] Train perplexity: 7.63096
[2024-03-13 07:40:44,843 INFO] Train accuracy: 67.563
[2024-03-13 07:40:44,843 INFO] Sentences processed: 307198
[2024-03-13 07:40:44,843 INFO] Average bsz:  688/ 928/64
[2024-03-13 07:40:44,843 INFO] Validation perplexity: 40119.8
[2024-03-13 07:40:44,843 INFO] Validation accuracy: 16.0013
[2024-03-13 07:40:44,845 INFO] Saving checkpoint gt-pt-both/gt-pt-both_03_step_4800.pt
[2024-03-13 07:40:47,208 INFO] Step 4850/10000; acc: 85.3; ppl:   1.9; xent: 0.6; lr: 1.00000; sents:    3200; bsz:  724/ 947/64; 6173/8071 tok/s;    287 sec;
[2024-03-13 07:40:48,766 INFO] Step 4900/10000; acc: 83.8; ppl:   2.0; xent: 0.7; lr: 1.00000; sents:    3200; bsz:  660/ 898/64; 21199/28839 tok/s;    288 sec;
[2024-03-13 07:40:50,153 INFO] Step 4950/10000; acc: 84.8; ppl:   1.9; xent: 0.6; lr: 1.00000; sents:    3200; bsz:  705/ 955/64; 25427/34412 tok/s;    290 sec;
[2024-03-13 07:40:51,654 INFO] Step 5000/10000; acc: 84.7; ppl:   1.9; xent: 0.6; lr: 1.00000; sents:    3200; bsz:  672/ 922/64; 22399/30733 tok/s;    291 sec;
[2024-03-13 07:40:55,120 INFO] valid stats calculation
                           took: 3.465651512145996 s.
[2024-03-13 07:40:55,120 INFO] Train perplexity: 7.2198
[2024-03-13 07:40:55,120 INFO] Train accuracy: 68.2494
[2024-03-13 07:40:55,120 INFO] Sentences processed: 319998
[2024-03-13 07:40:55,120 INFO] Average bsz:  688/ 928/64
[2024-03-13 07:40:55,120 INFO] Validation perplexity: 42580.1
[2024-03-13 07:40:55,120 INFO] Validation accuracy: 15.9369
[2024-03-13 07:40:55,122 INFO] Saving checkpoint gt-pt-both/gt-pt-both_03_step_5000.pt
[2024-03-13 07:40:57,327 INFO] Step 5050/10000; acc: 83.8; ppl:   2.0; xent: 0.7; lr: 1.00000; sents:    3200; bsz:  681/ 923/64; 6002/8135 tok/s;    297 sec;
[2024-03-13 07:40:58,634 INFO] Step 5100/10000; acc: 84.6; ppl:   2.0; xent: 0.7; lr: 1.00000; sents:    3200; bsz:  654/ 889/64; 25013/33990 tok/s;    298 sec;
[2024-03-13 07:41:00,219 INFO] Step 5150/10000; acc: 83.7; ppl:   2.0; xent: 0.7; lr: 1.00000; sents:    3200; bsz:  779/1050/64; 24586/33140 tok/s;    300 sec;
[2024-03-13 07:41:02,118 INFO] Step 5200/10000; acc: 84.8; ppl:   1.9; xent: 0.6; lr: 1.00000; sents:    3200; bsz:  650/ 888/64; 17126/23384 tok/s;    302 sec;
[2024-03-13 07:41:05,587 INFO] valid stats calculation
                           took: 3.4687771797180176 s.
[2024-03-13 07:41:05,587 INFO] Train perplexity: 6.86487
[2024-03-13 07:41:05,588 INFO] Train accuracy: 68.8688
[2024-03-13 07:41:05,588 INFO] Sentences processed: 332798
[2024-03-13 07:41:05,588 INFO] Average bsz:  689/ 928/64
[2024-03-13 07:41:05,588 INFO] Validation perplexity: 29048.7
[2024-03-13 07:41:05,588 INFO] Validation accuracy: 14.1983
[2024-03-13 07:41:05,589 INFO] Saving checkpoint gt-pt-both/gt-pt-both_03_step_5200.pt
[2024-03-13 07:41:07,210 INFO] Step 5250/10000; acc: 84.9; ppl:   1.9; xent: 0.7; lr: 1.00000; sents:    3200; bsz:  716/ 955/64; 7034/9377 tok/s;    307 sec;
[2024-03-13 07:41:08,653 INFO] Step 5300/10000; acc: 83.9; ppl:   2.0; xent: 0.7; lr: 1.00000; sents:    3200; bsz:  746/1010/64; 25861/34999 tok/s;    308 sec;
[2024-03-13 07:41:10,361 INFO] Step 5350/10000; acc: 86.2; ppl:   1.8; xent: 0.6; lr: 1.00000; sents:    3200; bsz:  682/ 903/64; 19971/26438 tok/s;    310 sec;
[2024-03-13 07:41:12,521 INFO] Step 5400/10000; acc: 85.7; ppl:   1.8; xent: 0.6; lr: 1.00000; sents:    3200; bsz:  646/ 876/64; 14968/20281 tok/s;    312 sec;
[2024-03-13 07:41:15,933 INFO] valid stats calculation
                           took: 3.411764621734619 s.
[2024-03-13 07:41:15,933 INFO] Train perplexity: 6.53965
[2024-03-13 07:41:15,933 INFO] Train accuracy: 69.4763
[2024-03-13 07:41:15,933 INFO] Sentences processed: 345598
[2024-03-13 07:41:15,933 INFO] Average bsz:  689/ 929/64
[2024-03-13 07:41:15,933 INFO] Validation perplexity: 44019.4
[2024-03-13 07:41:15,934 INFO] Validation accuracy: 14.6169
[2024-03-13 07:41:15,935 INFO] Saving checkpoint gt-pt-both/gt-pt-both_03_step_5400.pt
[2024-03-13 07:41:17,391 INFO] Step 5450/10000; acc: 85.6; ppl:   1.8; xent: 0.6; lr: 1.00000; sents:    3200; bsz:  676/ 896/64; 6944/9204 tok/s;    317 sec;
[2024-03-13 07:41:18,780 INFO] Step 5500/10000; acc: 86.1; ppl:   1.8; xent: 0.6; lr: 1.00000; sents:    3200; bsz:  710/ 937/64; 25584/33747 tok/s;    318 sec;
[2024-03-13 07:41:20,896 INFO] Step 5550/10000; acc: 85.2; ppl:   1.9; xent: 0.6; lr: 1.00000; sents:    3200; bsz:  703/ 932/64; 16606/22022 tok/s;    320 sec;
[2024-03-13 07:41:23,099 INFO] Step 5600/10000; acc: 85.5; ppl:   1.8; xent: 0.6; lr: 1.00000; sents:    3200; bsz:  673/ 899/64; 15284/20398 tok/s;    323 sec;
[2024-03-13 07:41:26,776 INFO] valid stats calculation
                           took: 3.6764845848083496 s.
[2024-03-13 07:41:26,776 INFO] Train perplexity: 6.25345
[2024-03-13 07:41:26,776 INFO] Train accuracy: 70.0443
[2024-03-13 07:41:26,776 INFO] Sentences processed: 358398
[2024-03-13 07:41:26,776 INFO] Average bsz:  689/ 928/64
[2024-03-13 07:41:26,776 INFO] Validation perplexity: 39528.5
[2024-03-13 07:41:26,776 INFO] Validation accuracy: 16.7418
[2024-03-13 07:41:26,778 INFO] Saving checkpoint gt-pt-both/gt-pt-both_03_step_5600.pt
[2024-03-13 07:41:28,354 INFO] Step 5650/10000; acc: 85.2; ppl:   1.9; xent: 0.6; lr: 1.00000; sents:    3200; bsz:  739/ 976/64; 7034/9282 tok/s;    328 sec;
[2024-03-13 07:41:30,322 INFO] Step 5700/10000; acc: 85.2; ppl:   1.8; xent: 0.6; lr: 1.00000; sents:    3200; bsz:  731/ 988/64; 18570/25104 tok/s;    330 sec;
[2024-03-13 07:41:32,715 INFO] Step 5750/10000; acc: 84.5; ppl:   1.9; xent: 0.7; lr: 1.00000; sents:    3200; bsz:  741/ 999/64; 15493/20874 tok/s;    332 sec;
[2024-03-13 07:41:35,181 INFO] Step 5800/10000; acc: 85.2; ppl:   1.9; xent: 0.6; lr: 1.00000; sents:    3200; bsz:  804/1065/64; 16305/21592 tok/s;    335 sec;
[2024-03-13 07:41:38,888 INFO] valid stats calculation
                           took: 3.7071352005004883 s.
[2024-03-13 07:41:38,889 INFO] Train perplexity: 5.97933
[2024-03-13 07:41:38,889 INFO] Train accuracy: 70.6026
[2024-03-13 07:41:38,889 INFO] Sentences processed: 371198
[2024-03-13 07:41:38,889 INFO] Average bsz:  691/ 931/64
[2024-03-13 07:41:38,889 INFO] Validation perplexity: 41445.2
[2024-03-13 07:41:38,889 INFO] Validation accuracy: 16.1623
[2024-03-13 07:41:38,890 INFO] Saving checkpoint gt-pt-both/gt-pt-both_03_step_5800.pt
[2024-03-13 07:41:40,278 INFO] Step 5850/10000; acc: 87.3; ppl:   1.7; xent: 0.5; lr: 1.00000; sents:    3200; bsz:  566/ 769/64; 5551/7542 tok/s;    340 sec;
[2024-03-13 07:41:42,468 INFO] Step 5900/10000; acc: 85.6; ppl:   1.8; xent: 0.6; lr: 1.00000; sents:    3200; bsz:  674/ 908/64; 15382/20743 tok/s;    342 sec;
[2024-03-13 07:41:44,740 INFO] Step 5950/10000; acc: 85.7; ppl:   1.8; xent: 0.6; lr: 1.00000; sents:    3200; bsz:  724/ 975/64; 15944/21462 tok/s;    344 sec;
[2024-03-13 07:41:47,043 INFO] Step 6000/10000; acc: 85.7; ppl:   1.8; xent: 0.6; lr: 1.00000; sents:    3200; bsz:  709/ 961/64; 15396/20865 tok/s;    347 sec;
[2024-03-13 07:41:50,606 INFO] valid stats calculation
                           took: 3.5629491806030273 s.
[2024-03-13 07:41:50,607 INFO] Train perplexity: 5.75017
[2024-03-13 07:41:50,607 INFO] Train accuracy: 71.1026
[2024-03-13 07:41:50,607 INFO] Sentences processed: 383998
[2024-03-13 07:41:50,607 INFO] Average bsz:  690/ 930/64
[2024-03-13 07:41:50,607 INFO] Validation perplexity: 31366.6
[2024-03-13 07:41:50,607 INFO] Validation accuracy: 16.7418
[2024-03-13 07:41:50,608 INFO] Saving checkpoint gt-pt-both/gt-pt-both_03_step_6000.pt
[2024-03-13 07:41:52,353 INFO] Step 6050/10000; acc: 86.5; ppl:   1.7; xent: 0.5; lr: 1.00000; sents:    3200; bsz:  604/ 845/64; 5689/7956 tok/s;    352 sec;
[2024-03-13 07:41:54,752 INFO] Step 6100/10000; acc: 85.7; ppl:   1.8; xent: 0.6; lr: 1.00000; sents:    3200; bsz:  765/1020/64; 15958/21265 tok/s;    354 sec;
[2024-03-13 07:41:56,962 INFO] Step 6150/10000; acc: 86.0; ppl:   1.8; xent: 0.6; lr: 1.00000; sents:    3200; bsz:  687/ 942/64; 15555/21329 tok/s;    357 sec;
[2024-03-13 07:41:59,069 INFO] Step 6200/10000; acc: 86.6; ppl:   1.7; xent: 0.6; lr: 1.00000; sents:    3200; bsz:  671/ 894/64; 15925/21211 tok/s;    359 sec;
[2024-03-13 07:42:02,716 INFO] valid stats calculation
                           took: 3.64675235748291 s.
[2024-03-13 07:42:02,716 INFO] Train perplexity: 5.53568
[2024-03-13 07:42:02,716 INFO] Train accuracy: 71.5863
[2024-03-13 07:42:02,716 INFO] Sentences processed: 396798
[2024-03-13 07:42:02,716 INFO] Average bsz:  690/ 930/64
[2024-03-13 07:42:02,716 INFO] Validation perplexity: 58227.7
[2024-03-13 07:42:02,716 INFO] Validation accuracy: 15.3252
[2024-03-13 07:42:02,718 INFO] Saving checkpoint gt-pt-both/gt-pt-both_03_step_6200.pt
[2024-03-13 07:42:04,816 INFO] Step 6250/10000; acc: 87.1; ppl:   1.7; xent: 0.5; lr: 1.00000; sents:    3200; bsz:  607/ 823/64; 5278/7156 tok/s;    364 sec;
[2024-03-13 07:42:07,070 INFO] Step 6300/10000; acc: 86.1; ppl:   1.8; xent: 0.6; lr: 1.00000; sents:    3200; bsz:  648/ 899/64; 14368/19933 tok/s;    367 sec;
[2024-03-13 07:42:09,235 INFO] Step 6350/10000; acc: 86.3; ppl:   1.8; xent: 0.6; lr: 1.00000; sents:    3200; bsz:  684/ 924/64; 15794/21354 tok/s;    369 sec;
[2024-03-13 07:42:11,199 INFO] Step 6400/10000; acc: 85.9; ppl:   1.8; xent: 0.6; lr: 1.00000; sents:    3200; bsz:  658/ 901/64; 16747/22929 tok/s;    371 sec;
[2024-03-13 07:42:14,842 INFO] valid stats calculation
                           took: 3.6426334381103516 s.
[2024-03-13 07:42:14,843 INFO] Train perplexity: 5.34926
[2024-03-13 07:42:14,843 INFO] Train accuracy: 72.0261
[2024-03-13 07:42:14,843 INFO] Sentences processed: 409598
[2024-03-13 07:42:14,843 INFO] Average bsz:  689/ 928/64
[2024-03-13 07:42:14,843 INFO] Validation perplexity: 32154.4
[2024-03-13 07:42:14,843 INFO] Validation accuracy: 16.0657
[2024-03-13 07:42:14,844 INFO] Saving checkpoint gt-pt-both/gt-pt-both_03_step_6400.pt
[2024-03-13 07:42:17,326 INFO] Step 6450/10000; acc: 85.6; ppl:   1.8; xent: 0.6; lr: 1.00000; sents:    3155; bsz:  699/ 964/63; 5705/7867 tok/s;    377 sec;
[2024-03-13 07:42:19,351 INFO] Step 6500/10000; acc: 87.0; ppl:   1.7; xent: 0.5; lr: 1.00000; sents:    3200; bsz:  599/ 817/64; 14795/20173 tok/s;    379 sec;
[2024-03-13 07:42:21,634 INFO] Step 6550/10000; acc: 86.2; ppl:   1.8; xent: 0.6; lr: 1.00000; sents:    3200; bsz:  716/ 976/64; 15675/21381 tok/s;    381 sec;
[2024-03-13 07:42:23,465 INFO] Step 6600/10000; acc: 86.1; ppl:   1.7; xent: 0.6; lr: 1.00000; sents:    3200; bsz:  769/1025/64; 21011/27985 tok/s;    383 sec;
[2024-03-13 07:42:27,038 INFO] valid stats calculation
                           took: 3.573211908340454 s.
[2024-03-13 07:42:27,039 INFO] Train perplexity: 5.16872
[2024-03-13 07:42:27,039 INFO] Train accuracy: 72.4629
[2024-03-13 07:42:27,039 INFO] Sentences processed: 422353
[2024-03-13 07:42:27,039 INFO] Average bsz:  689/ 929/64
[2024-03-13 07:42:27,039 INFO] Validation perplexity: 58807.9
[2024-03-13 07:42:27,039 INFO] Validation accuracy: 16.0657
[2024-03-13 07:42:27,040 INFO] Saving checkpoint gt-pt-both/gt-pt-both_03_step_6600.pt
[2024-03-13 07:42:29,479 INFO] Step 6650/10000; acc: 85.7; ppl:   1.8; xent: 0.6; lr: 1.00000; sents:    3200; bsz:  729/ 984/64; 6065/8183 tok/s;    389 sec;
[2024-03-13 07:42:31,615 INFO] Step 6700/10000; acc: 87.0; ppl:   1.7; xent: 0.5; lr: 1.00000; sents:    3200; bsz:  637/ 872/64; 14919/20418 tok/s;    391 sec;
[2024-03-13 07:42:33,650 INFO] Step 6750/10000; acc: 86.7; ppl:   1.7; xent: 0.5; lr: 1.00000; sents:    3200; bsz:  676/ 913/64; 16609/22440 tok/s;    393 sec;
[2024-03-13 07:42:35,053 INFO] Step 6800/10000; acc: 86.3; ppl:   1.7; xent: 0.5; lr: 1.00000; sents:    3200; bsz:  689/ 952/64; 24547/33917 tok/s;    395 sec;
[2024-03-13 07:42:38,674 INFO] valid stats calculation
                           took: 3.620481014251709 s.
[2024-03-13 07:42:38,674 INFO] Train perplexity: 5.00418
[2024-03-13 07:42:38,674 INFO] Train accuracy: 72.8739
[2024-03-13 07:42:38,674 INFO] Sentences processed: 435153
[2024-03-13 07:42:38,674 INFO] Average bsz:  689/ 929/64
[2024-03-13 07:42:38,674 INFO] Validation perplexity: 35174.8
[2024-03-13 07:42:38,674 INFO] Validation accuracy: 17.1603
[2024-03-13 07:42:38,676 INFO] Saving checkpoint gt-pt-both/gt-pt-both_03_step_6800.pt
[2024-03-13 07:42:41,041 INFO] Step 6850/10000; acc: 87.3; ppl:   1.7; xent: 0.5; lr: 1.00000; sents:    3200; bsz:  703/ 932/64; 5867/7782 tok/s;    401 sec;
[2024-03-13 07:42:43,337 INFO] Step 6900/10000; acc: 87.0; ppl:   1.7; xent: 0.5; lr: 1.00000; sents:    3200; bsz:  746/ 969/64; 16255/21113 tok/s;    403 sec;
[2024-03-13 07:42:45,027 INFO] Step 6950/10000; acc: 86.6; ppl:   1.7; xent: 0.5; lr: 1.00000; sents:    3200; bsz:  721/ 959/64; 21322/28368 tok/s;    405 sec;
[2024-03-13 07:42:46,394 INFO] Step 7000/10000; acc: 86.7; ppl:   1.8; xent: 0.6; lr: 1.00000; sents:    3200; bsz:  681/ 915/64; 24928/33471 tok/s;    406 sec;
[2024-03-13 07:42:49,917 INFO] valid stats calculation
                           took: 3.5226128101348877 s.
[2024-03-13 07:42:49,917 INFO] Train perplexity: 4.85076
[2024-03-13 07:42:49,917 INFO] Train accuracy: 73.2806
[2024-03-13 07:42:49,917 INFO] Sentences processed: 447953
[2024-03-13 07:42:49,917 INFO] Average bsz:  690/ 929/64
[2024-03-13 07:42:49,917 INFO] Validation perplexity: 15594.5
[2024-03-13 07:42:49,917 INFO] Validation accuracy: 14.6169
[2024-03-13 07:42:49,919 INFO] Saving checkpoint gt-pt-both/gt-pt-both_03_step_7000.pt
[2024-03-13 07:42:52,291 INFO] Step 7050/10000; acc: 86.5; ppl:   1.7; xent: 0.5; lr: 1.00000; sents:    3200; bsz:  696/ 945/64; 5904/8009 tok/s;    412 sec;
[2024-03-13 07:42:54,331 INFO] Step 7100/10000; acc: 87.1; ppl:   1.7; xent: 0.5; lr: 1.00000; sents:    3200; bsz:  584/ 818/64; 14325/20046 tok/s;    414 sec;
[2024-03-13 07:42:55,683 INFO] Step 7150/10000; acc: 87.1; ppl:   1.7; xent: 0.5; lr: 1.00000; sents:    3200; bsz:  681/ 913/64; 25190/33764 tok/s;    415 sec;
[2024-03-13 07:42:57,044 INFO] Step 7200/10000; acc: 87.5; ppl:   1.7; xent: 0.5; lr: 1.00000; sents:    3200; bsz:  717/ 944/64; 26351/34692 tok/s;    417 sec;
[2024-03-13 07:43:00,748 INFO] valid stats calculation
                           took: 3.703373908996582 s.
[2024-03-13 07:43:00,748 INFO] Train perplexity: 4.71387
[2024-03-13 07:43:00,748 INFO] Train accuracy: 73.6528
[2024-03-13 07:43:00,748 INFO] Sentences processed: 460753
[2024-03-13 07:43:00,748 INFO] Average bsz:  689/ 929/64
[2024-03-13 07:43:00,748 INFO] Validation perplexity: 60327.5
[2024-03-13 07:43:00,748 INFO] Validation accuracy: 15.1642
[2024-03-13 07:43:00,750 INFO] Saving checkpoint gt-pt-both/gt-pt-both_03_step_7200.pt
[2024-03-13 07:43:03,059 INFO] Step 7250/10000; acc: 87.7; ppl:   1.7; xent: 0.5; lr: 1.00000; sents:    3200; bsz:  660/ 884/64; 5490/7349 tok/s;    423 sec;
[2024-03-13 07:43:04,913 INFO] Step 7300/10000; acc: 87.5; ppl:   1.7; xent: 0.5; lr: 1.00000; sents:    3200; bsz:  666/ 888/64; 17954/23955 tok/s;    424 sec;
[2024-03-13 07:43:06,193 INFO] Step 7350/10000; acc: 87.3; ppl:   1.7; xent: 0.5; lr: 1.00000; sents:    3200; bsz:  658/ 887/64; 25700/34651 tok/s;    426 sec;
[2024-03-13 07:43:07,629 INFO] Step 7400/10000; acc: 86.9; ppl:   1.7; xent: 0.5; lr: 1.00000; sents:    3200; bsz:  745/ 993/64; 25938/34559 tok/s;    427 sec;
[2024-03-13 07:43:11,216 INFO] valid stats calculation
                           took: 3.586141586303711 s.
[2024-03-13 07:43:11,216 INFO] Train perplexity: 4.58543
[2024-03-13 07:43:11,216 INFO] Train accuracy: 74.0163
[2024-03-13 07:43:11,216 INFO] Sentences processed: 473553
[2024-03-13 07:43:11,216 INFO] Average bsz:  689/ 928/64
[2024-03-13 07:43:11,216 INFO] Validation perplexity: 68593.8
[2024-03-13 07:43:11,216 INFO] Validation accuracy: 16.1945
[2024-03-13 07:43:11,218 INFO] Saving checkpoint gt-pt-both/gt-pt-both_03_step_7400.pt
[2024-03-13 07:43:13,553 INFO] Step 7450/10000; acc: 86.9; ppl:   1.7; xent: 0.5; lr: 1.00000; sents:    3200; bsz:  672/ 924/64; 5672/7800 tok/s;    433 sec;
[2024-03-13 07:43:15,163 INFO] Step 7500/10000; acc: 86.7; ppl:   1.7; xent: 0.5; lr: 1.00000; sents:    3200; bsz:  663/ 923/64; 20599/28669 tok/s;    435 sec;
[2024-03-13 07:43:16,541 INFO] Step 7550/10000; acc: 88.2; ppl:   1.6; xent: 0.5; lr: 1.00000; sents:    3200; bsz:  722/ 943/64; 26194/34206 tok/s;    436 sec;
[2024-03-13 07:43:17,952 INFO] Step 7600/10000; acc: 87.9; ppl:   1.6; xent: 0.5; lr: 1.00000; sents:    3200; bsz:  649/ 891/64; 22996/31583 tok/s;    438 sec;
[2024-03-13 07:43:21,400 INFO] valid stats calculation
                           took: 3.4475178718566895 s.
[2024-03-13 07:43:21,401 INFO] Train perplexity: 4.465
[2024-03-13 07:43:21,401 INFO] Train accuracy: 74.3662
[2024-03-13 07:43:21,401 INFO] Sentences processed: 486353
[2024-03-13 07:43:21,401 INFO] Average bsz:  689/ 928/64
[2024-03-13 07:43:21,401 INFO] Validation perplexity: 50409.6
[2024-03-13 07:43:21,401 INFO] Validation accuracy: 15.6149
[2024-03-13 07:43:21,402 INFO] Saving checkpoint gt-pt-both/gt-pt-both_03_step_7600.pt
[2024-03-13 07:43:23,616 INFO] Step 7650/10000; acc: 86.4; ppl:   1.7; xent: 0.5; lr: 1.00000; sents:    3200; bsz:  685/ 974/64; 6045/8600 tok/s;    443 sec;
[2024-03-13 07:43:24,962 INFO] Step 7700/10000; acc: 87.9; ppl:   1.6; xent: 0.5; lr: 1.00000; sents:    3200; bsz:  680/ 906/64; 25270/33667 tok/s;    445 sec;
[2024-03-13 07:43:26,322 INFO] Step 7750/10000; acc: 88.3; ppl:   1.6; xent: 0.5; lr: 1.00000; sents:    3200; bsz:  709/ 930/64; 26070/34190 tok/s;    446 sec;
[2024-03-13 07:43:28,264 INFO] Step 7800/10000; acc: 88.2; ppl:   1.6; xent: 0.5; lr: 1.00000; sents:    3200; bsz:  690/ 922/64; 17770/23737 tok/s;    448 sec;
[2024-03-13 07:43:31,728 INFO] valid stats calculation
                           took: 3.463761568069458 s.
[2024-03-13 07:43:31,728 INFO] Train perplexity: 4.35024
[2024-03-13 07:43:31,728 INFO] Train accuracy: 74.7085
[2024-03-13 07:43:31,728 INFO] Sentences processed: 499153
[2024-03-13 07:43:31,728 INFO] Average bsz:  689/ 928/64
[2024-03-13 07:43:31,728 INFO] Validation perplexity: 50187.6
[2024-03-13 07:43:31,728 INFO] Validation accuracy: 17.0959
[2024-03-13 07:43:31,730 INFO] Saving checkpoint gt-pt-both/gt-pt-both_03_step_7800.pt
[2024-03-13 07:43:33,349 INFO] Step 7850/10000; acc: 88.7; ppl:   1.5; xent: 0.4; lr: 1.00000; sents:    3200; bsz:  632/ 868/64; 6217/8534 tok/s;    453 sec;
[2024-03-13 07:43:34,816 INFO] Step 7900/10000; acc: 87.1; ppl:   1.7; xent: 0.5; lr: 1.00000; sents:    3200; bsz:  776/1026/64; 26454/35002 tok/s;    454 sec;
[2024-03-13 07:43:36,473 INFO] Step 7950/10000; acc: 87.5; ppl:   1.6; xent: 0.5; lr: 1.00000; sents:    3200; bsz:  712/ 966/64; 21481/29140 tok/s;    456 sec;
[2024-03-13 07:43:38,809 INFO] Step 8000/10000; acc: 87.8; ppl:   1.6; xent: 0.5; lr: 1.00000; sents:    3200; bsz:  709/ 956/64; 15173/20452 tok/s;    458 sec;
[2024-03-13 07:43:42,246 INFO] valid stats calculation
                           took: 3.435955762863159 s.
[2024-03-13 07:43:42,246 INFO] Train perplexity: 4.24069
[2024-03-13 07:43:42,246 INFO] Train accuracy: 75.0436
[2024-03-13 07:43:42,246 INFO] Sentences processed: 511953
[2024-03-13 07:43:42,246 INFO] Average bsz:  689/ 929/64
[2024-03-13 07:43:42,246 INFO] Validation perplexity: 27406.7
[2024-03-13 07:43:42,246 INFO] Validation accuracy: 16.2267
[2024-03-13 07:43:42,248 INFO] Saving checkpoint gt-pt-both/gt-pt-both_03_step_8000.pt
[2024-03-13 07:43:43,729 INFO] Step 8050/10000; acc: 89.1; ppl:   1.5; xent: 0.4; lr: 1.00000; sents:    3200; bsz:  694/ 917/64; 7052/9318 tok/s;    463 sec;
[2024-03-13 07:43:44,997 INFO] Step 8100/10000; acc: 87.7; ppl:   1.6; xent: 0.5; lr: 1.00000; sents:    3200; bsz:  579/ 824/64; 22824/32468 tok/s;    465 sec;
[2024-03-13 07:43:46,976 INFO] Step 8150/10000; acc: 88.0; ppl:   1.6; xent: 0.5; lr: 1.00000; sents:    3200; bsz:  677/ 915/64; 17116/23117 tok/s;    467 sec;
[2024-03-13 07:43:49,088 INFO] Step 8200/10000; acc: 87.7; ppl:   1.6; xent: 0.5; lr: 1.00000; sents:    3200; bsz:  622/ 860/64; 14726/20365 tok/s;    469 sec;
[2024-03-13 07:43:52,568 INFO] valid stats calculation
                           took: 3.4793763160705566 s.
[2024-03-13 07:43:52,568 INFO] Train perplexity: 4.14564
[2024-03-13 07:43:52,568 INFO] Train accuracy: 75.3463
[2024-03-13 07:43:52,568 INFO] Sentences processed: 524753
[2024-03-13 07:43:52,568 INFO] Average bsz:  688/ 928/64
[2024-03-13 07:43:52,568 INFO] Validation perplexity: 36928.7
[2024-03-13 07:43:52,568 INFO] Validation accuracy: 16.3554
[2024-03-13 07:43:52,570 INFO] Saving checkpoint gt-pt-both/gt-pt-both_03_step_8200.pt
[2024-03-13 07:43:54,191 INFO] Step 8250/10000; acc: 86.9; ppl:   1.7; xent: 0.5; lr: 1.00000; sents:    3200; bsz:  718/1016/64; 7034/9954 tok/s;    474 sec;
[2024-03-13 07:43:55,585 INFO] Step 8300/10000; acc: 88.2; ppl:   1.6; xent: 0.4; lr: 1.00000; sents:    3200; bsz:  682/ 922/64; 24482/33071 tok/s;    475 sec;
[2024-03-13 07:43:57,036 INFO] Step 8350/10000; acc: 87.3; ppl:   1.6; xent: 0.5; lr: 1.00000; sents:    3200; bsz:  749/1002/64; 25800/34532 tok/s;    477 sec;
[2024-03-13 07:43:58,466 INFO] Step 8400/10000; acc: 87.9; ppl:   1.6; xent: 0.5; lr: 1.00000; sents:    3200; bsz:  681/ 931/64; 23828/32562 tok/s;    478 sec;
[2024-03-13 07:44:02,340 INFO] valid stats calculation
                           took: 3.8737449645996094 s.
[2024-03-13 07:44:02,340 INFO] Train perplexity: 4.04977
[2024-03-13 07:44:02,340 INFO] Train accuracy: 75.6491
[2024-03-13 07:44:02,340 INFO] Sentences processed: 537553
[2024-03-13 07:44:02,340 INFO] Average bsz:  688/ 929/64
[2024-03-13 07:44:02,341 INFO] Validation perplexity: 50663
[2024-03-13 07:44:02,341 INFO] Validation accuracy: 16.4198
[2024-03-13 07:44:02,342 INFO] Saving checkpoint gt-pt-both/gt-pt-both_03_step_8400.pt
[2024-03-13 07:44:04,343 INFO] Step 8450/10000; acc: 87.8; ppl:   1.6; xent: 0.5; lr: 1.00000; sents:    3200; bsz:  687/ 929/64; 5848/7908 tok/s;    484 sec;
[2024-03-13 07:44:06,507 INFO] Step 8500/10000; acc: 87.9; ppl:   1.7; xent: 0.5; lr: 1.00000; sents:    3200; bsz:  675/ 912/64; 15595/21059 tok/s;    486 sec;
[2024-03-13 07:44:08,763 INFO] Step 8550/10000; acc: 88.1; ppl:   1.6; xent: 0.5; lr: 1.00000; sents:    3200; bsz:  715/ 958/64; 15856/21233 tok/s;    488 sec;
[2024-03-13 07:44:10,874 INFO] Step 8600/10000; acc: 88.1; ppl:   1.6; xent: 0.4; lr: 1.00000; sents:    3200; bsz:  643/ 893/64; 15222/21159 tok/s;    490 sec;
[2024-03-13 07:44:16,127 INFO] valid stats calculation
                           took: 5.2517499923706055 s.
[2024-03-13 07:44:16,127 INFO] Train perplexity: 3.96412
[2024-03-13 07:44:16,127 INFO] Train accuracy: 75.9344
[2024-03-13 07:44:16,127 INFO] Sentences processed: 550353
[2024-03-13 07:44:16,127 INFO] Average bsz:  688/ 928/64
[2024-03-13 07:44:16,127 INFO] Validation perplexity: 94366.7
[2024-03-13 07:44:16,128 INFO] Validation accuracy: 15.3574
[2024-03-13 07:44:16,130 INFO] Saving checkpoint gt-pt-both/gt-pt-both_03_step_8600.pt
[2024-03-13 07:44:18,269 INFO] Step 8650/10000; acc: 87.5; ppl:   1.6; xent: 0.5; lr: 1.00000; sents:    3200; bsz:  640/ 884/64; 4328/5975 tok/s;    498 sec;
[2024-03-13 07:44:20,600 INFO] Step 8700/10000; acc: 87.3; ppl:   1.7; xent: 0.5; lr: 1.00000; sents:    3200; bsz:  767/1017/64; 16449/21818 tok/s;    500 sec;
[2024-03-13 07:44:22,741 INFO] Step 8750/10000; acc: 87.0; ppl:   1.7; xent: 0.5; lr: 1.00000; sents:    3200; bsz:  748/ 998/64; 17462/23315 tok/s;    502 sec;
[2024-03-13 07:44:24,121 INFO] Step 8800/10000; acc: 88.1; ppl:   1.6; xent: 0.4; lr: 1.00000; sents:    3200; bsz:  677/ 925/64; 24534/33528 tok/s;    504 sec;
[2024-03-13 07:44:28,300 INFO] valid stats calculation
                           took: 4.177897691726685 s.
[2024-03-13 07:44:28,300 INFO] Train perplexity: 3.88295
[2024-03-13 07:44:28,300 INFO] Train accuracy: 76.2038
[2024-03-13 07:44:28,300 INFO] Sentences processed: 563153
[2024-03-13 07:44:28,300 INFO] Average bsz:  689/ 929/64
[2024-03-13 07:44:28,300 INFO] Validation perplexity: 99336.6
[2024-03-13 07:44:28,301 INFO] Validation accuracy: 15.7437
[2024-03-13 07:44:28,303 INFO] Saving checkpoint gt-pt-both/gt-pt-both_03_step_8800.pt
[2024-03-13 07:44:30,754 INFO] Step 8850/10000; acc: 88.3; ppl:   1.6; xent: 0.5; lr: 1.00000; sents:    3200; bsz:  781/1027/64; 5886/7739 tok/s;    510 sec;
[2024-03-13 07:44:32,824 INFO] Step 8900/10000; acc: 88.1; ppl:   1.6; xent: 0.5; lr: 1.00000; sents:    3200; bsz:  668/ 909/64; 16145/21962 tok/s;    512 sec;
[2024-03-13 07:44:34,932 INFO] Step 8950/10000; acc: 88.9; ppl:   1.5; xent: 0.4; lr: 1.00000; sents:    3200; bsz:  741/ 979/64; 17585/23221 tok/s;    514 sec;
[2024-03-13 07:44:36,833 INFO] Step 9000/10000; acc: 88.5; ppl:   1.6; xent: 0.4; lr: 1.00000; sents:    3200; bsz:  645/ 879/64; 16971/23134 tok/s;    516 sec;
[2024-03-13 07:44:41,560 INFO] valid stats calculation
                           took: 4.726218938827515 s.
[2024-03-13 07:44:41,560 INFO] Train perplexity: 3.80414
[2024-03-13 07:44:41,560 INFO] Train accuracy: 76.4817
[2024-03-13 07:44:41,560 INFO] Sentences processed: 575953
[2024-03-13 07:44:41,560 INFO] Average bsz:  689/ 929/64
[2024-03-13 07:44:41,560 INFO] Validation perplexity: 73778.7
[2024-03-13 07:44:41,561 INFO] Validation accuracy: 16.3554
[2024-03-13 07:44:41,562 INFO] Saving checkpoint gt-pt-both/gt-pt-both_03_step_9000.pt
[2024-03-13 07:44:43,156 INFO] Step 9050/10000; acc: 88.7; ppl:   1.5; xent: 0.4; lr: 1.00000; sents:    3200; bsz:  673/ 907/64; 5322/7171 tok/s;    523 sec;
[2024-03-13 07:44:44,461 INFO] Step 9100/10000; acc: 89.6; ppl:   1.5; xent: 0.4; lr: 1.00000; sents:    3200; bsz:  636/ 836/64; 24394/32050 tok/s;    524 sec;
[2024-03-13 07:44:45,961 INFO] Step 9150/10000; acc: 88.9; ppl:   1.5; xent: 0.4; lr: 1.00000; sents:    3200; bsz:  690/ 924/64; 22996/30803 tok/s;    526 sec;
[2024-03-13 07:44:47,746 INFO] Step 9200/10000; acc: 87.4; ppl:   1.7; xent: 0.5; lr: 1.00000; sents:    3200; bsz:  735/1008/64; 20590/28230 tok/s;    527 sec;
[2024-03-13 07:44:51,674 INFO] valid stats calculation
                           took: 3.927462577819824 s.
[2024-03-13 07:44:51,674 INFO] Train perplexity: 3.73184
[2024-03-13 07:44:51,674 INFO] Train accuracy: 76.742
[2024-03-13 07:44:51,674 INFO] Sentences processed: 588753
[2024-03-13 07:44:51,674 INFO] Average bsz:  689/ 929/64
[2024-03-13 07:44:51,674 INFO] Validation perplexity: 48654.2
[2024-03-13 07:44:51,674 INFO] Validation accuracy: 15.8725
[2024-03-13 07:44:51,676 INFO] Saving checkpoint gt-pt-both/gt-pt-both_03_step_9200.pt
[2024-03-13 07:44:53,465 INFO] Step 9250/10000; acc: 88.7; ppl:   1.5; xent: 0.4; lr: 1.00000; sents:    3200; bsz:  630/ 866/64; 5506/7574 tok/s;    533 sec;
[2024-03-13 07:44:54,810 INFO] Step 9300/10000; acc: 87.7; ppl:   1.6; xent: 0.5; lr: 1.00000; sents:    3200; bsz:  644/ 924/64; 23941/34377 tok/s;    534 sec;
[2024-03-13 07:44:56,420 INFO] Step 9350/10000; acc: 87.8; ppl:   1.6; xent: 0.5; lr: 1.00000; sents:    3200; bsz:  678/ 925/64; 21064/28735 tok/s;    536 sec;
[2024-03-13 07:44:57,762 INFO] Step 9400/10000; acc: 88.4; ppl:   1.6; xent: 0.4; lr: 1.00000; sents:    3200; bsz:  672/ 921/64; 25043/34325 tok/s;    537 sec;
[2024-03-13 07:45:02,045 INFO] valid stats calculation
                           took: 4.282498359680176 s.
[2024-03-13 07:45:02,046 INFO] Train perplexity: 3.66599
[2024-03-13 07:45:02,046 INFO] Train accuracy: 76.9798
[2024-03-13 07:45:02,046 INFO] Sentences processed: 601553
[2024-03-13 07:45:02,046 INFO] Average bsz:  688/ 929/64
[2024-03-13 07:45:02,046 INFO] Validation perplexity: 74098
[2024-03-13 07:45:02,046 INFO] Validation accuracy: 15.0032
[2024-03-13 07:45:02,047 INFO] Saving checkpoint gt-pt-both/gt-pt-both_03_step_9400.pt
[2024-03-13 07:45:03,848 INFO] Step 9450/10000; acc: 89.2; ppl:   1.5; xent: 0.4; lr: 1.00000; sents:    3200; bsz:  704/ 936/64; 5785/7688 tok/s;    543 sec;
[2024-03-13 07:45:05,120 INFO] Step 9500/10000; acc: 89.3; ppl:   1.5; xent: 0.4; lr: 1.00000; sents:    3200; bsz:  631/ 860/64; 24802/33807 tok/s;    545 sec;
[2024-03-13 07:45:06,895 INFO] Step 9550/10000; acc: 89.4; ppl:   1.5; xent: 0.4; lr: 1.00000; sents:    3200; bsz:  694/ 920/64; 19549/25921 tok/s;    546 sec;
[2024-03-13 07:45:08,313 INFO] Step 9600/10000; acc: 88.8; ppl:   1.5; xent: 0.4; lr: 1.00000; sents:    3200; bsz:  716/ 970/64; 25228/34189 tok/s;    548 sec;
[2024-03-13 07:45:12,655 INFO] valid stats calculation
                           took: 4.341467380523682 s.
[2024-03-13 07:45:12,655 INFO] Train perplexity: 3.59923
[2024-03-13 07:45:12,655 INFO] Train accuracy: 77.232
[2024-03-13 07:45:12,655 INFO] Sentences processed: 614353
[2024-03-13 07:45:12,656 INFO] Average bsz:  688/ 929/64
[2024-03-13 07:45:12,656 INFO] Validation perplexity: 67213.5
[2024-03-13 07:45:12,656 INFO] Validation accuracy: 15.8403
[2024-03-13 07:45:12,657 INFO] Saving checkpoint gt-pt-both/gt-pt-both_03_step_9600.pt
[2024-03-13 07:45:14,408 INFO] Step 9650/10000; acc: 89.0; ppl:   1.5; xent: 0.4; lr: 1.00000; sents:    3200; bsz:  700/ 937/64; 5744/7683 tok/s;    554 sec;
[2024-03-13 07:45:15,753 INFO] Step 9700/10000; acc: 88.7; ppl:   1.5; xent: 0.4; lr: 1.00000; sents:    3200; bsz:  658/ 895/64; 24475/33298 tok/s;    555 sec;
[2024-03-13 07:45:17,470 INFO] Step 9750/10000; acc: 89.2; ppl:   1.5; xent: 0.4; lr: 1.00000; sents:    3200; bsz:  678/ 938/64; 19760/27328 tok/s;    557 sec;
[2024-03-13 07:45:18,823 INFO] Step 9800/10000; acc: 89.3; ppl:   1.5; xent: 0.4; lr: 1.00000; sents:    3200; bsz:  664/ 892/64; 24553/32962 tok/s;    558 sec;
[2024-03-13 07:45:22,742 INFO] valid stats calculation
                           took: 3.9179744720458984 s.
[2024-03-13 07:45:22,742 INFO] Train perplexity: 3.53703
[2024-03-13 07:45:22,742 INFO] Train accuracy: 77.4696
[2024-03-13 07:45:22,742 INFO] Sentences processed: 627153
[2024-03-13 07:45:22,742 INFO] Average bsz:  688/ 928/64
[2024-03-13 07:45:22,742 INFO] Validation perplexity: 65962.1
[2024-03-13 07:45:22,742 INFO] Validation accuracy: 16.3554
[2024-03-13 07:45:22,744 INFO] Saving checkpoint gt-pt-both/gt-pt-both_03_step_9800.pt
[2024-03-13 07:45:24,327 INFO] Step 9850/10000; acc: 88.1; ppl:   1.6; xent: 0.4; lr: 1.00000; sents:    3200; bsz:  641/ 913/64; 5827/8297 tok/s;    564 sec;
[2024-03-13 07:45:25,939 INFO] Step 9900/10000; acc: 88.3; ppl:   1.6; xent: 0.4; lr: 1.00000; sents:    3200; bsz:  671/ 927/64; 20808/28750 tok/s;    565 sec;
[2024-03-13 07:45:27,296 INFO] Step 9950/10000; acc: 89.1; ppl:   1.5; xent: 0.4; lr: 1.00000; sents:    3200; bsz:  704/ 908/64; 25947/33474 tok/s;    567 sec;
[2024-03-13 07:45:28,768 INFO] Step 10000/10000; acc: 88.8; ppl:   1.5; xent: 0.4; lr: 1.00000; sents:    3200; bsz:  613/ 842/64; 20830/28616 tok/s;    568 sec;
[2024-03-13 07:45:32,914 INFO] valid stats calculation
                           took: 4.145464658737183 s.
[2024-03-13 07:45:32,914 INFO] Train perplexity: 3.4807
[2024-03-13 07:45:32,914 INFO] Train accuracy: 77.6846
[2024-03-13 07:45:32,914 INFO] Sentences processed: 639953
[2024-03-13 07:45:32,914 INFO] Average bsz:  687/ 928/64
[2024-03-13 07:45:32,914 INFO] Validation perplexity: 89199.2
[2024-03-13 07:45:32,914 INFO] Validation accuracy: 16.0013
[2024-03-13 07:45:32,916 INFO] Saving checkpoint gt-pt-both/gt-pt-both_03_step_10000.pt
