[2024-03-13 10:07:28,139 WARNING] Corpus corpus_1's weight should be given. We default it to 1 for you.
[2024-03-13 10:07:28,139 INFO] Parsed 2 corpora from -data.
[2024-03-13 10:07:28,139 INFO] Loading checkpoint from gt-pt-both/models/gt-pt-both_03_step_9000.pt
[2024-03-13 10:07:28,216 INFO] Building model...
[2024-03-13 10:07:28,273 INFO] Switching model to float32 for amp/apex_amp
[2024-03-13 10:07:28,273 INFO] Non quantized layer compute is fp32
[2024-03-13 10:07:30,150 INFO] NMTModel(
  (encoder): RNNEncoder(
    (embeddings): Embeddings(
      (make_embedding): Sequential(
        (emb_luts): Elementwise(
          (0): Embedding(14144, 300, padding_idx=1)
        )
      )
      (dropout): Dropout(p=0.3, inplace=False)
    )
    (rnn): LSTM(300, 500, num_layers=2, batch_first=True, dropout=0.3)
  )
  (decoder): InputFeedRNNDecoder(
    (embeddings): Embeddings(
      (make_embedding): Sequential(
        (emb_luts): Elementwise(
          (0): Embedding(17816, 300, padding_idx=1)
        )
      )
      (dropout): Dropout(p=0.3, inplace=False)
    )
    (dropout): Dropout(p=0.3, inplace=False)
    (rnn): StackedLSTM(
      (dropout): Dropout(p=0.3, inplace=False)
      (layers): ModuleList(
        (0): LSTMCell(800, 500)
        (1): LSTMCell(500, 500)
      )
    )
    (attn): GlobalAttention(
      (linear_in): Linear(in_features=500, out_features=500, bias=False)
      (linear_out): Linear(in_features=1000, out_features=500, bias=False)
    )
  )
  (generator): Linear(in_features=500, out_features=17816, bias=True)
)
[2024-03-13 10:07:30,151 INFO] encoder: 7851200
[2024-03-13 10:07:30,151 INFO] decoder: 19628616
[2024-03-13 10:07:30,151 INFO] * number of parameters: 27479816
[2024-03-13 10:07:30,151 INFO] Trainable parameters = {'torch.float32': 27479816, 'torch.float16': 0, 'torch.uint8': 0, 'torch.int8': 0}
[2024-03-13 10:07:30,151 INFO] Non trainable parameters = {'torch.float32': 0, 'torch.float16': 0, 'torch.uint8': 0, 'torch.int8': 0}
[2024-03-13 10:07:30,151 INFO]  * src vocab size = 14144
[2024-03-13 10:07:30,151 INFO]  * tgt vocab size = 17816
[2024-03-13 10:07:30,152 INFO] Starting training on GPU: [0]
[2024-03-13 10:07:30,152 INFO] Start training loop and validate every 200 steps...
[2024-03-13 10:07:30,153 INFO] Scoring with: TransformPipe(InferFeatsTransform())
[2024-03-13 10:07:36,718 INFO] Step 9050/14000; acc: 21.2; ppl: 333.8; xent: 5.8; lr: 1.00000; sents:    2393; bsz:  470/ 641/48; 3576/4880 tok/s;      7 sec;
[2024-03-13 10:07:39,919 INFO] Step 9100/14000; acc: 30.5; ppl:  66.3; xent: 4.2; lr: 1.00000; sents:    2392; bsz:  447/ 623/48; 6977/9733 tok/s;     10 sec;
[2024-03-13 10:07:42,710 INFO] Step 9150/14000; acc: 36.7; ppl:  36.2; xent: 3.6; lr: 1.00000; sents:    2295; bsz:  444/ 607/46; 7958/10882 tok/s;     13 sec;
[2024-03-13 10:07:46,023 INFO] Step 9200/14000; acc: 41.8; ppl:  23.4; xent: 3.2; lr: 1.00000; sents:    2279; bsz:  435/ 599/46; 6567/9038 tok/s;     16 sec;
[2024-03-13 10:07:50,118 INFO] valid stats calculation
                           took: 4.094839572906494 s.
[2024-03-13 10:07:50,119 INFO] Train perplexity: 67.5048
[2024-03-13 10:07:50,119 INFO] Train accuracy: 32.3678
[2024-03-13 10:07:50,119 INFO] Sentences processed: 9359
[2024-03-13 10:07:50,119 INFO] Average bsz:  449/ 617/47
[2024-03-13 10:07:50,119 INFO] Validation perplexity: 68.1809
[2024-03-13 10:07:50,119 INFO] Validation accuracy: 31.745
[2024-03-13 10:07:50,120 INFO] Saving checkpoint gt-ft-both/gt-ft-both_9000_01_step_9200.pt
[2024-03-13 10:07:53,126 INFO] Step 9250/14000; acc: 46.0; ppl:  16.1; xent: 2.8; lr: 1.00000; sents:    2392; bsz:  440/ 616/48; 3099/4340 tok/s;     23 sec;
[2024-03-13 10:07:56,749 INFO] Step 9300/14000; acc: 48.2; ppl:  13.4; xent: 2.6; lr: 1.00000; sents:    2400; bsz:  466/ 638/48; 6428/8799 tok/s;     27 sec;
[2024-03-13 10:08:00,359 INFO] Step 9350/14000; acc: 52.0; ppl:  10.1; xent: 2.3; lr: 1.00000; sents:    2405; bsz:  464/ 638/48; 6432/8845 tok/s;     30 sec;
[2024-03-13 10:08:03,271 INFO] Step 9400/14000; acc: 55.1; ppl:   8.2; xent: 2.1; lr: 1.00000; sents:    2303; bsz:  446/ 609/46; 7661/10459 tok/s;     33 sec;
[2024-03-13 10:08:07,174 INFO] valid stats calculation
                           took: 3.901987075805664 s.
[2024-03-13 10:08:07,174 INFO] Train perplexity: 27.7773
[2024-03-13 10:08:07,174 INFO] Train accuracy: 41.4044
[2024-03-13 10:08:07,174 INFO] Sentences processed: 18859
[2024-03-13 10:08:07,174 INFO] Average bsz:  451/ 621/47
[2024-03-13 10:08:07,175 INFO] Validation perplexity: 52.157
[2024-03-13 10:08:07,175 INFO] Validation accuracy: 36.349
[2024-03-13 10:08:07,176 INFO] Saving checkpoint gt-ft-both/gt-ft-both_9000_01_step_9400.pt
[2024-03-13 10:08:09,814 INFO] Step 9450/14000; acc: 58.8; ppl:   6.4; xent: 1.9; lr: 1.00000; sents:    2404; bsz:  446/ 621/48; 3410/4748 tok/s;     40 sec;
[2024-03-13 10:08:12,385 INFO] Step 9500/14000; acc: 61.1; ppl:   5.5; xent: 1.7; lr: 1.00000; sents:    2399; bsz:  441/ 617/48; 8578/11994 tok/s;     42 sec;
[2024-03-13 10:08:15,312 INFO] Step 9550/14000; acc: 62.0; ppl:   5.1; xent: 1.6; lr: 1.00000; sents:    2285; bsz:  452/ 613/46; 7726/10479 tok/s;     45 sec;
[2024-03-13 10:08:18,322 INFO] Step 9600/14000; acc: 65.4; ppl:   4.2; xent: 1.4; lr: 1.00000; sents:    2392; bsz:  442/ 616/48; 7337/10235 tok/s;     48 sec;
[2024-03-13 10:08:22,409 INFO] valid stats calculation
                           took: 4.087305545806885 s.
[2024-03-13 10:08:22,410 INFO] Train perplexity: 15.9914
[2024-03-13 10:08:22,410 INFO] Train accuracy: 48.1825
[2024-03-13 10:08:22,410 INFO] Sentences processed: 28339
[2024-03-13 10:08:22,410 INFO] Average bsz:  449/ 620/47
[2024-03-13 10:08:22,410 INFO] Validation perplexity: 59.0687
[2024-03-13 10:08:22,410 INFO] Validation accuracy: 39.6974
[2024-03-13 10:08:22,411 INFO] Saving checkpoint gt-ft-both/gt-ft-both_9000_01_step_9600.pt
[2024-03-13 10:08:25,286 INFO] Step 9650/14000; acc: 66.6; ppl:   3.9; xent: 1.4; lr: 1.00000; sents:    2393; bsz:  450/ 623/48; 3231/4470 tok/s;     55 sec;
[2024-03-13 10:08:27,879 INFO] Step 9700/14000; acc: 68.4; ppl:   3.6; xent: 1.3; lr: 1.00000; sents:    2391; bsz:  470/ 637/48; 9073/12285 tok/s;     58 sec;
[2024-03-13 10:08:30,682 INFO] Step 9750/14000; acc: 70.7; ppl:   3.2; xent: 1.2; lr: 1.00000; sents:    2295; bsz:  448/ 614/46; 7999/10949 tok/s;     61 sec;
[2024-03-13 10:08:33,585 INFO] Step 9800/14000; acc: 73.0; ppl:   2.8; xent: 1.0; lr: 1.00000; sents:    2391; bsz:  449/ 624/48; 7745/10753 tok/s;     63 sec;
[2024-03-13 10:08:37,908 INFO] valid stats calculation
                           took: 4.323220491409302 s.
[2024-03-13 10:08:37,909 INFO] Train perplexity: 10.8073
[2024-03-13 10:08:37,909 INFO] Train accuracy: 53.5798
[2024-03-13 10:08:37,909 INFO] Sentences processed: 37809
[2024-03-13 10:08:37,909 INFO] Average bsz:  451/ 621/47
[2024-03-13 10:08:37,909 INFO] Validation perplexity: 55.8065
[2024-03-13 10:08:37,909 INFO] Validation accuracy: 41.4037
[2024-03-13 10:08:37,911 INFO] Saving checkpoint gt-ft-both/gt-ft-both_9000_01_step_9800.pt
[2024-03-13 10:08:40,796 INFO] Step 9850/14000; acc: 73.9; ppl:   2.7; xent: 1.0; lr: 1.00000; sents:    2299; bsz:  442/ 605/46; 3068/4197 tok/s;     71 sec;
[2024-03-13 10:08:43,608 INFO] Step 9900/14000; acc: 76.0; ppl:   2.5; xent: 0.9; lr: 1.00000; sents:    2399; bsz:  444/ 617/48; 7896/10982 tok/s;     73 sec;
[2024-03-13 10:08:46,323 INFO] Step 9950/14000; acc: 77.1; ppl:   2.4; xent: 0.9; lr: 1.00000; sents:    2303; bsz:  449/ 608/46; 8276/11198 tok/s;     76 sec;
[2024-03-13 10:08:48,810 INFO] Step 10000/14000; acc: 78.9; ppl:   2.2; xent: 0.8; lr: 1.00000; sents:    2403; bsz:  444/ 620/48; 8928/12459 tok/s;     79 sec;
[2024-03-13 10:08:52,751 INFO] valid stats calculation
                           took: 3.9399023056030273 s.
[2024-03-13 10:08:52,751 INFO] Train perplexity: 8.03507
[2024-03-13 10:08:52,751 INFO] Train accuracy: 58.1145
[2024-03-13 10:08:52,751 INFO] Sentences processed: 47213
[2024-03-13 10:08:52,751 INFO] Average bsz:  450/ 619/47
[2024-03-13 10:08:52,751 INFO] Validation perplexity: 59.8066
[2024-03-13 10:08:52,751 INFO] Validation accuracy: 43.1423
[2024-03-13 10:08:52,752 INFO] Saving checkpoint gt-ft-both/gt-ft-both_9000_01_step_10000.pt
[2024-03-13 10:08:55,508 INFO] Step 10050/14000; acc: 79.6; ppl:   2.1; xent: 0.7; lr: 1.00000; sents:    2401; bsz:  457/ 634/48; 3413/4729 tok/s;     85 sec;
[2024-03-13 10:08:58,127 INFO] Step 10100/14000; acc: 80.9; ppl:   2.0; xent: 0.7; lr: 1.00000; sents:    2399; bsz:  452/ 629/48; 8640/12016 tok/s;     88 sec;
[2024-03-13 10:09:01,069 INFO] Step 10150/14000; acc: 81.5; ppl:   1.9; xent: 0.7; lr: 1.00000; sents:    2299; bsz:  433/ 597/46; 7359/10152 tok/s;     91 sec;
[2024-03-13 10:09:03,953 INFO] Step 10200/14000; acc: 82.9; ppl:   1.8; xent: 0.6; lr: 1.00000; sents:    2393; bsz:  454/ 629/48; 7876/10905 tok/s;     94 sec;
[2024-03-13 10:09:07,775 INFO] valid stats calculation
                           took: 3.8225173950195312 s.
[2024-03-13 10:09:07,776 INFO] Train perplexity: 6.34514
[2024-03-13 10:09:07,776 INFO] Train accuracy: 61.9819
[2024-03-13 10:09:07,776 INFO] Sentences processed: 56705
[2024-03-13 10:09:07,776 INFO] Average bsz:  449/ 620/47
[2024-03-13 10:09:07,776 INFO] Validation perplexity: 76.9257
[2024-03-13 10:09:07,776 INFO] Validation accuracy: 41.4359
[2024-03-13 10:09:07,777 INFO] Saving checkpoint gt-ft-both/gt-ft-both_9000_01_step_10200.pt
[2024-03-13 10:09:10,711 INFO] Step 10250/14000; acc: 83.3; ppl:   1.8; xent: 0.6; lr: 1.00000; sents:    2392; bsz:  461/ 636/48; 3407/4706 tok/s;    101 sec;
[2024-03-13 10:09:13,494 INFO] Step 10300/14000; acc: 85.3; ppl:   1.7; xent: 0.5; lr: 1.00000; sents:    2295; bsz:  430/ 591/46; 7731/10628 tok/s;    103 sec;
[2024-03-13 10:09:16,014 INFO] Step 10350/14000; acc: 85.2; ppl:   1.7; xent: 0.5; lr: 1.00000; sents:    2391; bsz:  460/ 637/48; 9134/12639 tok/s;    106 sec;
[2024-03-13 10:09:18,567 INFO] Step 10400/14000; acc: 86.7; ppl:   1.6; xent: 0.5; lr: 1.00000; sents:    2391; bsz:  454/ 630/48; 8894/12339 tok/s;    108 sec;
[2024-03-13 10:09:22,235 INFO] valid stats calculation
                           took: 3.667685031890869 s.
[2024-03-13 10:09:22,236 INFO] Train perplexity: 5.24495
[2024-03-13 10:09:22,236 INFO] Train accuracy: 65.3022
[2024-03-13 10:09:22,236 INFO] Sentences processed: 66174
[2024-03-13 10:09:22,236 INFO] Average bsz:  450/ 620/47
[2024-03-13 10:09:22,236 INFO] Validation perplexity: 92.926
[2024-03-13 10:09:22,236 INFO] Validation accuracy: 42.3374
[2024-03-13 10:09:22,237 INFO] Saving checkpoint gt-ft-both/gt-ft-both_9000_01_step_10400.pt
[2024-03-13 10:09:24,819 INFO] Step 10450/14000; acc: 87.0; ppl:   1.6; xent: 0.4; lr: 1.00000; sents:    2400; bsz:  443/ 618/48; 3545/4940 tok/s;    115 sec;
[2024-03-13 10:09:27,528 INFO] Step 10500/14000; acc: 87.7; ppl:   1.5; xent: 0.4; lr: 1.00000; sents:    2302; bsz:  444/ 612/46; 8190/11299 tok/s;    117 sec;
[2024-03-13 10:09:29,952 INFO] Step 10550/14000; acc: 88.2; ppl:   1.5; xent: 0.4; lr: 1.00000; sents:    2401; bsz:  446/ 620/48; 9194/12782 tok/s;    120 sec;
[2024-03-13 10:09:32,422 INFO] Step 10600/14000; acc: 88.5; ppl:   1.5; xent: 0.4; lr: 1.00000; sents:    2307; bsz:  458/ 623/46; 9273/12607 tok/s;    122 sec;
[2024-03-13 10:09:36,011 INFO] valid stats calculation
                           took: 3.5889029502868652 s.
[2024-03-13 10:09:36,012 INFO] Train perplexity: 4.49424
[2024-03-13 10:09:36,012 INFO] Train accuracy: 68.1095
[2024-03-13 10:09:36,012 INFO] Sentences processed: 75584
[2024-03-13 10:09:36,012 INFO] Average bsz:  449/ 620/47
[2024-03-13 10:09:36,012 INFO] Validation perplexity: 113.636
[2024-03-13 10:09:36,012 INFO] Validation accuracy: 42.4018
[2024-03-13 10:09:36,013 INFO] Saving checkpoint gt-ft-both/gt-ft-both_9000_01_step_10600.pt
[2024-03-13 10:09:38,636 INFO] Step 10650/14000; acc: 89.4; ppl:   1.4; xent: 0.4; lr: 1.00000; sents:    2400; bsz:  442/ 616/48; 3559/4960 tok/s;    128 sec;
[2024-03-13 10:09:41,121 INFO] Step 10700/14000; acc: 89.3; ppl:   1.4; xent: 0.4; lr: 1.00000; sents:    2303; bsz:  446/ 610/46; 8968/12265 tok/s;    131 sec;
[2024-03-13 10:09:43,632 INFO] Step 10750/14000; acc: 89.8; ppl:   1.4; xent: 0.3; lr: 1.00000; sents:    2490; bsz:  470/ 653/50; 9354/13011 tok/s;    133 sec;
[2024-03-13 10:09:46,156 INFO] Step 10800/14000; acc: 90.6; ppl:   1.4; xent: 0.3; lr: 1.00000; sents:    2297; bsz:  446/ 610/46; 8845/12084 tok/s;    136 sec;
[2024-03-13 10:09:49,803 INFO] valid stats calculation
                           took: 3.646972894668579 s.
[2024-03-13 10:09:49,804 INFO] Train perplexity: 3.94973
[2024-03-13 10:09:49,804 INFO] Train accuracy: 70.5249
[2024-03-13 10:09:49,804 INFO] Sentences processed: 85074
[2024-03-13 10:09:49,804 INFO] Average bsz:  450/ 620/47
[2024-03-13 10:09:49,804 INFO] Validation perplexity: 133.124
[2024-03-13 10:09:49,804 INFO] Validation accuracy: 41.3393
[2024-03-13 10:09:49,805 INFO] Saving checkpoint gt-ft-both/gt-ft-both_9000_01_step_10800.pt
[2024-03-13 10:09:52,471 INFO] Step 10850/14000; acc: 90.8; ppl:   1.4; xent: 0.3; lr: 1.00000; sents:    2280; bsz:  438/ 602/46; 3470/4765 tok/s;    142 sec;
[2024-03-13 10:09:54,896 INFO] Step 10900/14000; acc: 91.4; ppl:   1.3; xent: 0.3; lr: 1.00000; sents:    2391; bsz:  440/ 617/48; 9077/12723 tok/s;    145 sec;
[2024-03-13 10:09:57,443 INFO] Step 10950/14000; acc: 90.9; ppl:   1.4; xent: 0.3; lr: 1.00000; sents:    2391; bsz:  463/ 633/48; 9087/12436 tok/s;    147 sec;
[2024-03-13 10:09:59,942 INFO] Step 11000/14000; acc: 91.4; ppl:   1.3; xent: 0.3; lr: 1.00000; sents:    2392; bsz:  456/ 630/48; 9124/12602 tok/s;    150 sec;
[2024-03-13 10:10:03,509 INFO] valid stats calculation
                           took: 3.566399097442627 s.
[2024-03-13 10:10:03,509 INFO] Train perplexity: 3.54836
[2024-03-13 10:10:03,509 INFO] Train accuracy: 72.5839
[2024-03-13 10:10:03,509 INFO] Sentences processed: 94528
[2024-03-13 10:10:03,509 INFO] Average bsz:  450/ 620/47
[2024-03-13 10:10:03,509 INFO] Validation perplexity: 124.559
[2024-03-13 10:10:03,509 INFO] Validation accuracy: 42.4018
[2024-03-13 10:10:03,511 INFO] Saving checkpoint gt-ft-both/gt-ft-both_9000_01_step_11000.pt
[2024-03-13 10:10:06,095 INFO] Step 11050/14000; acc: 92.2; ppl:   1.3; xent: 0.3; lr: 1.00000; sents:    2298; bsz:  427/ 590/46; 3467/4798 tok/s;    156 sec;
[2024-03-13 10:10:08,699 INFO] Step 11100/14000; acc: 91.9; ppl:   1.3; xent: 0.3; lr: 1.00000; sents:    2404; bsz:  464/ 639/48; 8915/12266 tok/s;    159 sec;
[2024-03-13 10:10:11,250 INFO] Step 11150/14000; acc: 92.1; ppl:   1.3; xent: 0.3; lr: 1.00000; sents:    2406; bsz:  462/ 634/48; 9050/12427 tok/s;    161 sec;
[2024-03-13 10:10:13,716 INFO] Step 11200/14000; acc: 92.5; ppl:   1.3; xent: 0.2; lr: 1.00000; sents:    2293; bsz:  424/ 590/46; 8606/11965 tok/s;    164 sec;
[2024-03-13 10:10:17,343 INFO] valid stats calculation
                           took: 3.6265273094177246 s.
[2024-03-13 10:10:17,343 INFO] Train perplexity: 3.24153
[2024-03-13 10:10:17,343 INFO] Train accuracy: 74.3468
[2024-03-13 10:10:17,343 INFO] Sentences processed: 103929
[2024-03-13 10:10:17,343 INFO] Average bsz:  449/ 620/47
[2024-03-13 10:10:17,343 INFO] Validation perplexity: 159.322
[2024-03-13 10:10:17,343 INFO] Validation accuracy: 42.3374
[2024-03-13 10:10:17,345 INFO] Saving checkpoint gt-ft-both/gt-ft-both_9000_01_step_11200.pt
[2024-03-13 10:10:20,041 INFO] Step 11250/14000; acc: 92.9; ppl:   1.3; xent: 0.2; lr: 1.00000; sents:    2399; bsz:  455/ 629/48; 3596/4971 tok/s;    170 sec;
[2024-03-13 10:10:22,490 INFO] Step 11300/14000; acc: 93.0; ppl:   1.3; xent: 0.2; lr: 1.00000; sents:    2396; bsz:  447/ 620/48; 9129/12669 tok/s;    172 sec;
[2024-03-13 10:10:24,964 INFO] Step 11350/14000; acc: 93.1; ppl:   1.3; xent: 0.2; lr: 1.00000; sents:    2392; bsz:  471/ 638/48; 9515/12886 tok/s;    175 sec;
[2024-03-13 10:10:27,438 INFO] Step 11400/14000; acc: 93.3; ppl:   1.3; xent: 0.2; lr: 1.00000; sents:    2297; bsz:  452/ 616/46; 9140/12445 tok/s;    177 sec;
[2024-03-13 10:10:30,763 INFO] valid stats calculation
                           took: 3.324463367462158 s.
[2024-03-13 10:10:30,763 INFO] Train perplexity: 2.99492
[2024-03-13 10:10:30,763 INFO] Train accuracy: 75.923
[2024-03-13 10:10:30,763 INFO] Sentences processed: 113413
[2024-03-13 10:10:30,763 INFO] Average bsz:  450/ 620/47
[2024-03-13 10:10:30,764 INFO] Validation perplexity: 154.303
[2024-03-13 10:10:30,764 INFO] Validation accuracy: 43.593
[2024-03-13 10:10:30,765 INFO] Saving checkpoint gt-ft-both/gt-ft-both_9000_01_step_11400.pt
[2024-03-13 10:10:33,308 INFO] Step 11450/14000; acc: 93.5; ppl:   1.3; xent: 0.2; lr: 1.00000; sents:    2391; bsz:  441/ 614/48; 3756/5228 tok/s;    183 sec;
[2024-03-13 10:10:35,772 INFO] Step 11500/14000; acc: 93.8; ppl:   1.2; xent: 0.2; lr: 1.00000; sents:    2290; bsz:  437/ 602/46; 8875/12218 tok/s;    186 sec;
[2024-03-13 10:10:38,183 INFO] Step 11550/14000; acc: 94.0; ppl:   1.2; xent: 0.2; lr: 1.00000; sents:    2391; bsz:  450/ 624/48; 9336/12940 tok/s;    188 sec;
[2024-03-13 10:10:40,573 INFO] Step 11600/14000; acc: 93.9; ppl:   1.2; xent: 0.2; lr: 1.00000; sents:    2400; bsz:  446/ 622/48; 9326/13011 tok/s;    190 sec;
[2024-03-13 10:10:43,899 INFO] valid stats calculation
                           took: 3.3260910511016846 s.
[2024-03-13 10:10:43,899 INFO] Train perplexity: 2.79973
[2024-03-13 10:10:43,900 INFO] Train accuracy: 77.2879
[2024-03-13 10:10:43,900 INFO] Sentences processed: 122885
[2024-03-13 10:10:43,900 INFO] Average bsz:  449/ 620/47
[2024-03-13 10:10:43,900 INFO] Validation perplexity: 167.831
[2024-03-13 10:10:43,900 INFO] Validation accuracy: 42.756
[2024-03-13 10:10:43,901 INFO] Saving checkpoint gt-ft-both/gt-ft-both_9000_01_step_11600.pt
[2024-03-13 10:10:46,513 INFO] Step 11650/14000; acc: 93.7; ppl:   1.2; xent: 0.2; lr: 1.00000; sents:    2399; bsz:  459/ 634/48; 3860/5336 tok/s;    196 sec;
[2024-03-13 10:10:48,924 INFO] Step 11700/14000; acc: 94.0; ppl:   1.2; xent: 0.2; lr: 1.00000; sents:    2303; bsz:  449/ 607/46; 9307/12599 tok/s;    199 sec;
[2024-03-13 10:10:51,351 INFO] Step 11750/14000; acc: 94.0; ppl:   1.2; xent: 0.2; lr: 1.00000; sents:    2307; bsz:  444/ 612/46; 9148/12608 tok/s;    201 sec;
[2024-03-13 10:10:53,709 INFO] Step 11800/14000; acc: 94.3; ppl:   1.2; xent: 0.2; lr: 1.00000; sents:    2401; bsz:  443/ 617/48; 9402/13089 tok/s;    204 sec;
[2024-03-13 10:10:57,041 INFO] valid stats calculation
                           took: 3.3311028480529785 s.
[2024-03-13 10:10:57,041 INFO] Train perplexity: 2.63999
[2024-03-13 10:10:57,041 INFO] Train accuracy: 78.4787
[2024-03-13 10:10:57,041 INFO] Sentences processed: 132295
[2024-03-13 10:10:57,041 INFO] Average bsz:  449/ 620/47
[2024-03-13 10:10:57,041 INFO] Validation perplexity: 161.059
[2024-03-13 10:10:57,041 INFO] Validation accuracy: 44.3335
[2024-03-13 10:10:57,043 INFO] Saving checkpoint gt-ft-both/gt-ft-both_9000_01_step_11800.pt
[2024-03-13 10:10:59,577 INFO] Step 11850/14000; acc: 94.4; ppl:   1.2; xent: 0.2; lr: 1.00000; sents:    2399; bsz:  453/ 630/48; 3860/5365 tok/s;    209 sec;
[2024-03-13 10:11:02,029 INFO] Step 11900/14000; acc: 94.2; ppl:   1.2; xent: 0.2; lr: 1.00000; sents:    2395; bsz:  462/ 638/48; 9415/13011 tok/s;    212 sec;
[2024-03-13 10:11:04,474 INFO] Step 11950/14000; acc: 94.2; ppl:   1.2; xent: 0.2; lr: 1.00000; sents:    2297; bsz:  447/ 610/46; 9140/12488 tok/s;    214 sec;
[2024-03-13 10:11:06,852 INFO] Step 12000/14000; acc: 94.7; ppl:   1.2; xent: 0.2; lr: 1.00000; sents:    2392; bsz:  444/ 617/48; 9340/12981 tok/s;    217 sec;
[2024-03-13 10:11:10,294 INFO] valid stats calculation
                           took: 3.441929340362549 s.
[2024-03-13 10:11:10,294 INFO] Train perplexity: 2.50542
[2024-03-13 10:11:10,294 INFO] Train accuracy: 79.5455
[2024-03-13 10:11:10,295 INFO] Sentences processed: 141778
[2024-03-13 10:11:10,295 INFO] Average bsz:  449/ 620/47
[2024-03-13 10:11:10,295 INFO] Validation perplexity: 172.032
[2024-03-13 10:11:10,295 INFO] Validation accuracy: 43.0779
[2024-03-13 10:11:10,296 INFO] Saving checkpoint gt-ft-both/gt-ft-both_9000_01_step_12000.pt
[2024-03-13 10:11:12,883 INFO] Step 12050/14000; acc: 94.7; ppl:   1.2; xent: 0.2; lr: 1.00000; sents:    2293; bsz:  441/ 610/46; 3659/5053 tok/s;    223 sec;
[2024-03-13 10:11:15,241 INFO] Step 12100/14000; acc: 94.7; ppl:   1.2; xent: 0.2; lr: 1.00000; sents:    2391; bsz:  443/ 615/48; 9386/13045 tok/s;    225 sec;
[2024-03-13 10:11:17,632 INFO] Step 12150/14000; acc: 95.0; ppl:   1.2; xent: 0.2; lr: 1.00000; sents:    2392; bsz:  455/ 631/48; 9511/13191 tok/s;    227 sec;
[2024-03-13 10:11:19,994 INFO] Step 12200/14000; acc: 94.9; ppl:   1.2; xent: 0.2; lr: 1.00000; sents:    2400; bsz:  446/ 621/48; 9432/13148 tok/s;    230 sec;
[2024-03-13 10:11:23,332 INFO] valid stats calculation
                           took: 3.3376269340515137 s.
[2024-03-13 10:11:23,332 INFO] Train perplexity: 2.39165
[2024-03-13 10:11:23,332 INFO] Train accuracy: 80.499
[2024-03-13 10:11:23,332 INFO] Sentences processed: 151254
[2024-03-13 10:11:23,333 INFO] Average bsz:  449/ 620/47
[2024-03-13 10:11:23,333 INFO] Validation perplexity: 171.375
[2024-03-13 10:11:23,333 INFO] Validation accuracy: 44.4945
[2024-03-13 10:11:23,334 INFO] Saving checkpoint gt-ft-both/gt-ft-both_9000_01_step_12200.pt
[2024-03-13 10:11:25,902 INFO] Step 12250/14000; acc: 94.9; ppl:   1.2; xent: 0.2; lr: 1.00000; sents:    2399; bsz:  459/ 633/48; 3885/5356 tok/s;    236 sec;
[2024-03-13 10:11:28,264 INFO] Step 12300/14000; acc: 95.0; ppl:   1.2; xent: 0.2; lr: 1.00000; sents:    2305; bsz:  445/ 608/46; 9411/12882 tok/s;    238 sec;
[2024-03-13 10:11:30,664 INFO] Step 12350/14000; acc: 95.1; ppl:   1.2; xent: 0.2; lr: 1.00000; sents:    2403; bsz:  467/ 637/48; 9724/13280 tok/s;    241 sec;
[2024-03-13 10:11:33,053 INFO] Step 12400/14000; acc: 95.4; ppl:   1.2; xent: 0.2; lr: 1.00000; sents:    2400; bsz:  447/ 625/48; 9353/13083 tok/s;    243 sec;
[2024-03-13 10:11:36,395 INFO] valid stats calculation
                           took: 3.3411059379577637 s.
[2024-03-13 10:11:36,395 INFO] Train perplexity: 2.29402
[2024-03-13 10:11:36,395 INFO] Train accuracy: 81.3658
[2024-03-13 10:11:36,395 INFO] Sentences processed: 160761
[2024-03-13 10:11:36,395 INFO] Average bsz:  449/ 620/47
[2024-03-13 10:11:36,395 INFO] Validation perplexity: 228.148
[2024-03-13 10:11:36,395 INFO] Validation accuracy: 43.3355
[2024-03-13 10:11:36,397 INFO] Saving checkpoint gt-ft-both/gt-ft-both_9000_01_step_12400.pt
[2024-03-13 10:11:38,962 INFO] Step 12450/14000; acc: 95.3; ppl:   1.2; xent: 0.2; lr: 1.00000; sents:    2303; bsz:  449/ 612/46; 3802/5181 tok/s;    249 sec;
[2024-03-13 10:11:41,366 INFO] Step 12500/14000; acc: 95.4; ppl:   1.2; xent: 0.2; lr: 1.00000; sents:    2282; bsz:  439/ 601/46; 9138/12513 tok/s;    251 sec;
[2024-03-13 10:11:43,730 INFO] Step 12550/14000; acc: 95.4; ppl:   1.2; xent: 0.2; lr: 1.00000; sents:    2505; bsz:  463/ 651/50; 9801/13767 tok/s;    254 sec;
[2024-03-13 10:11:46,132 INFO] Step 12600/14000; acc: 95.4; ppl:   1.2; xent: 0.2; lr: 1.00000; sents:    2280; bsz:  440/ 603/46; 9170/12549 tok/s;    256 sec;
[2024-03-13 10:11:49,461 INFO] valid stats calculation
                           took: 3.3280653953552246 s.
[2024-03-13 10:11:49,461 INFO] Train perplexity: 2.21012
[2024-03-13 10:11:49,462 INFO] Train accuracy: 82.1393
[2024-03-13 10:11:49,462 INFO] Sentences processed: 170131
[2024-03-13 10:11:49,462 INFO] Average bsz:  449/ 620/47
[2024-03-13 10:11:49,462 INFO] Validation perplexity: 215.538
[2024-03-13 10:11:49,462 INFO] Validation accuracy: 43.0779
[2024-03-13 10:11:49,463 INFO] Saving checkpoint gt-ft-both/gt-ft-both_9000_01_step_12600.pt
[2024-03-13 10:11:51,981 INFO] Step 12650/14000; acc: 95.5; ppl:   1.2; xent: 0.2; lr: 1.00000; sents:    2391; bsz:  442/ 615/48; 3777/5257 tok/s;    262 sec;
[2024-03-13 10:11:54,523 INFO] Step 12700/14000; acc: 95.3; ppl:   1.2; xent: 0.2; lr: 1.00000; sents:    2278; bsz:  450/ 613/46; 8853/12053 tok/s;    264 sec;
[2024-03-13 10:11:56,911 INFO] Step 12750/14000; acc: 95.5; ppl:   1.2; xent: 0.2; lr: 1.00000; sents:    2399; bsz:  445/ 619/48; 9323/12967 tok/s;    267 sec;
[2024-03-13 10:11:59,315 INFO] Step 12800/14000; acc: 95.7; ppl:   1.2; xent: 0.2; lr: 1.00000; sents:    2404; bsz:  449/ 624/48; 9333/12983 tok/s;    269 sec;
[2024-03-13 10:12:02,650 INFO] valid stats calculation
                           took: 3.334162950515747 s.
[2024-03-13 10:12:02,650 INFO] Train perplexity: 2.1373
[2024-03-13 10:12:02,650 INFO] Train accuracy: 82.8409
[2024-03-13 10:12:02,650 INFO] Sentences processed: 179603
[2024-03-13 10:12:02,650 INFO] Average bsz:  449/ 620/47
[2024-03-13 10:12:02,650 INFO] Validation perplexity: 232.185
[2024-03-13 10:12:02,650 INFO] Validation accuracy: 44.0438
[2024-03-13 10:12:02,651 INFO] Saving checkpoint gt-ft-both/gt-ft-both_9000_01_step_12800.pt
[2024-03-13 10:12:05,227 INFO] Step 12850/14000; acc: 95.7; ppl:   1.2; xent: 0.1; lr: 1.00000; sents:    2298; bsz:  443/ 604/46; 3746/5111 tok/s;    275 sec;
[2024-03-13 10:12:07,608 INFO] Step 12900/14000; acc: 95.9; ppl:   1.2; xent: 0.1; lr: 1.00000; sents:    2404; bsz:  459/ 632/48; 9648/13282 tok/s;    277 sec;
[2024-03-13 10:12:10,040 INFO] Step 12950/14000; acc: 95.5; ppl:   1.2; xent: 0.2; lr: 1.00000; sents:    2401; bsz:  465/ 634/48; 9564/13032 tok/s;    280 sec;
[2024-03-13 10:12:12,498 INFO] Step 13000/14000; acc: 95.8; ppl:   1.2; xent: 0.1; lr: 1.00000; sents:    2302; bsz:  450/ 615/46; 9154/12506 tok/s;    282 sec;
[2024-03-13 10:12:15,830 INFO] valid stats calculation
                           took: 3.3311352729797363 s.
[2024-03-13 10:12:15,830 INFO] Train perplexity: 2.07268
[2024-03-13 10:12:15,831 INFO] Train accuracy: 83.4851
[2024-03-13 10:12:15,831 INFO] Sentences processed: 189008
[2024-03-13 10:12:15,831 INFO] Average bsz:  449/ 620/47
[2024-03-13 10:12:15,831 INFO] Validation perplexity: 227.025
[2024-03-13 10:12:15,831 INFO] Validation accuracy: 44.8165
[2024-03-13 10:12:15,832 INFO] Saving checkpoint gt-ft-both/gt-ft-both_9000_01_step_13000.pt
[2024-03-13 10:12:18,340 INFO] Step 13050/14000; acc: 95.8; ppl:   1.2; xent: 0.1; lr: 1.00000; sents:    2396; bsz:  448/ 622/48; 3833/5320 tok/s;    288 sec;
[2024-03-13 10:12:20,746 INFO] Step 13100/14000; acc: 95.9; ppl:   1.2; xent: 0.1; lr: 1.00000; sents:    2393; bsz:  443/ 616/48; 9203/12803 tok/s;    291 sec;
[2024-03-13 10:12:23,185 INFO] Step 13150/14000; acc: 96.0; ppl:   1.1; xent: 0.1; lr: 1.00000; sents:    2292; bsz:  442/ 606/46; 9058/12429 tok/s;    293 sec;
[2024-03-13 10:12:25,593 INFO] Step 13200/14000; acc: 96.0; ppl:   1.1; xent: 0.1; lr: 1.00000; sents:    2391; bsz:  448/ 622/48; 9304/12920 tok/s;    295 sec;
[2024-03-13 10:12:28,937 INFO] valid stats calculation
                           took: 3.3441030979156494 s.
[2024-03-13 10:12:28,938 INFO] Train perplexity: 2.01558
[2024-03-13 10:12:28,938 INFO] Train accuracy: 84.0737
[2024-03-13 10:12:28,938 INFO] Sentences processed: 198480
[2024-03-13 10:12:28,938 INFO] Average bsz:  449/ 620/47
[2024-03-13 10:12:28,938 INFO] Validation perplexity: 232.512
[2024-03-13 10:12:28,938 INFO] Validation accuracy: 43.2389
[2024-03-13 10:12:28,939 INFO] Saving checkpoint gt-ft-both/gt-ft-both_9000_01_step_13200.pt
[2024-03-13 10:12:31,507 INFO] Step 13250/14000; acc: 96.0; ppl:   1.1; xent: 0.1; lr: 1.00000; sents:    2294; bsz:  445/ 603/46; 3765/5100 tok/s;    301 sec;
[2024-03-13 10:12:33,943 INFO] Step 13300/14000; acc: 96.0; ppl:   1.1; xent: 0.1; lr: 1.00000; sents:    2391; bsz:  459/ 633/48; 9416/12997 tok/s;    304 sec;
[2024-03-13 10:12:36,321 INFO] Step 13350/14000; acc: 96.2; ppl:   1.1; xent: 0.1; lr: 1.00000; sents:    2400; bsz:  445/ 621/48; 9358/13063 tok/s;    306 sec;
[2024-03-13 10:12:38,836 INFO] Step 13400/14000; acc: 96.0; ppl:   1.1; xent: 0.1; lr: 1.00000; sents:    2303; bsz:  449/ 616/46; 8926/12250 tok/s;    309 sec;
[2024-03-13 10:12:42,179 INFO] valid stats calculation
                           took: 3.342608690261841 s.
[2024-03-13 10:12:42,179 INFO] Train perplexity: 1.96454
[2024-03-13 10:12:42,179 INFO] Train accuracy: 84.6179
[2024-03-13 10:12:42,179 INFO] Sentences processed: 207868
[2024-03-13 10:12:42,179 INFO] Average bsz:  449/ 620/47
[2024-03-13 10:12:42,180 INFO] Validation perplexity: 227.544
[2024-03-13 10:12:42,180 INFO] Validation accuracy: 44.4623
[2024-03-13 10:12:42,181 INFO] Saving checkpoint gt-ft-both/gt-ft-both_9000_01_step_13400.pt
[2024-03-13 10:12:44,614 INFO] Step 13450/14000; acc: 96.3; ppl:   1.1; xent: 0.1; lr: 1.00000; sents:    2496; bsz:  450/ 633/50; 3893/5479 tok/s;    314 sec;
[2024-03-13 10:12:47,042 INFO] Step 13500/14000; acc: 96.0; ppl:   1.1; xent: 0.1; lr: 1.00000; sents:    2307; bsz:  442/ 609/46; 9102/12538 tok/s;    317 sec;
[2024-03-13 10:12:49,448 INFO] Step 13550/14000; acc: 96.3; ppl:   1.1; xent: 0.1; lr: 1.00000; sents:    2401; bsz:  462/ 640/48; 9604/13307 tok/s;    319 sec;
[2024-03-13 10:12:51,808 INFO] Step 13600/14000; acc: 96.2; ppl:   1.1; xent: 0.1; lr: 1.00000; sents:    2399; bsz:  444/ 618/48; 9414/13096 tok/s;    322 sec;
[2024-03-13 10:12:55,144 INFO] valid stats calculation
                           took: 3.335735321044922 s.
[2024-03-13 10:12:55,144 INFO] Train perplexity: 1.91811
[2024-03-13 10:12:55,144 INFO] Train accuracy: 85.1257
[2024-03-13 10:12:55,145 INFO] Sentences processed: 217471
[2024-03-13 10:12:55,145 INFO] Average bsz:  449/ 620/47
[2024-03-13 10:12:55,145 INFO] Validation perplexity: 273.321
[2024-03-13 10:12:55,145 INFO] Validation accuracy: 42.6916
[2024-03-13 10:12:55,146 INFO] Saving checkpoint gt-ft-both/gt-ft-both_9000_01_step_13600.pt
[2024-03-13 10:12:57,715 INFO] Step 13650/14000; acc: 96.1; ppl:   1.1; xent: 0.1; lr: 1.00000; sents:    2299; bsz:  448/ 612/46; 3792/5180 tok/s;    328 sec;
[2024-03-13 10:13:00,073 INFO] Step 13700/14000; acc: 96.3; ppl:   1.1; xent: 0.1; lr: 1.00000; sents:    2393; bsz:  443/ 615/48; 9395/13047 tok/s;    330 sec;
[2024-03-13 10:13:02,548 INFO] Step 13750/14000; acc: 96.0; ppl:   1.1; xent: 0.1; lr: 1.00000; sents:    2294; bsz:  442/ 610/46; 8926/12325 tok/s;    332 sec;
[2024-03-13 10:13:04,938 INFO] Step 13800/14000; acc: 96.2; ppl:   1.1; xent: 0.1; lr: 1.00000; sents:    2391; bsz:  454/ 630/48; 9509/13184 tok/s;    335 sec;
[2024-03-13 10:13:08,261 INFO] valid stats calculation
                           took: 3.322984218597412 s.
[2024-03-13 10:13:08,262 INFO] Train perplexity: 1.87713
[2024-03-13 10:13:08,262 INFO] Train accuracy: 85.583
[2024-03-13 10:13:08,262 INFO] Sentences processed: 226848
[2024-03-13 10:13:08,262 INFO] Average bsz:  449/ 620/47
[2024-03-13 10:13:08,262 INFO] Validation perplexity: 295.359
[2024-03-13 10:13:08,262 INFO] Validation accuracy: 44.9453
[2024-03-13 10:13:08,263 INFO] Saving checkpoint gt-ft-both/gt-ft-both_9000_01_step_13800.pt
[2024-03-13 10:13:10,806 INFO] Step 13850/14000; acc: 96.2; ppl:   1.1; xent: 0.1; lr: 1.00000; sents:    2295; bsz:  446/ 609/46; 3798/5190 tok/s;    341 sec;
[2024-03-13 10:13:13,242 INFO] Step 13900/14000; acc: 96.3; ppl:   1.1; xent: 0.1; lr: 1.00000; sents:    2488; bsz:  459/ 642/50; 9419/13182 tok/s;    343 sec;
[2024-03-13 10:13:15,660 INFO] Step 13950/14000; acc: 96.2; ppl:   1.1; xent: 0.1; lr: 1.00000; sents:    2304; bsz:  444/ 608/46; 9191/12577 tok/s;    346 sec;
[2024-03-13 10:13:18,163 INFO] Step 14000/14000; acc: 96.2; ppl:   1.1; xent: 0.1; lr: 1.00000; sents:    2293; bsz:  443/ 608/46; 8851/12152 tok/s;    348 sec;
[2024-03-13 10:13:21,478 INFO] valid stats calculation
                           took: 3.3148159980773926 s.
[2024-03-13 10:13:21,479 INFO] Train perplexity: 1.84007
[2024-03-13 10:13:21,479 INFO] Train accuracy: 86.0066
[2024-03-13 10:13:21,479 INFO] Sentences processed: 236228
[2024-03-13 10:13:21,479 INFO] Average bsz:  449/ 620/47
[2024-03-13 10:13:21,479 INFO] Validation perplexity: 229.79
[2024-03-13 10:13:21,479 INFO] Validation accuracy: 46.4263
[2024-03-13 10:13:21,480 INFO] Saving checkpoint gt-ft-both/gt-ft-both_9000_01_step_14000.pt
