[2024-03-08 16:02:15,218 WARNING] Corpus corpus_1's weight should be given. We default it to 1 for you.
[2024-03-08 16:02:15,218 INFO] Parsed 2 corpora from -data.
[2024-03-08 16:02:15,218 INFO] Get special vocabs from Transforms: {'src': [], 'tgt': []}.
[2024-03-08 16:02:15,223 INFO] Reading encoder embeddings from asl_w2v.txt
[2024-03-08 16:02:50,086 INFO] 	Found 3002605 total vectors in file.
[2024-03-08 16:02:50,086 INFO] After filtering to vectors in vocab:
[2024-03-08 16:02:50,087 INFO] 	* enc: 1833 match, 583 missing, (75.87%)
[2024-03-08 16:02:50,087 INFO] 
Saving encoder embeddings as:
	* enc: gt-enc.enc_embeddings.pt
[2024-03-08 16:02:50,498 INFO] The first 10 tokens of the vocabs are:['<unk>', '<blank>', '<s>', '</s>', '"', 'ix-1p', 'ix-3p:i', 'part:indef', 'john', 'really']
[2024-03-08 16:02:50,498 INFO] The decoder start token is: <s>
[2024-03-08 16:02:50,498 INFO] Building model...
[2024-03-08 16:02:50,610 INFO] Switching model to float32 for amp/apex_amp
[2024-03-08 16:02:50,610 INFO] Non quantized layer compute is fp32
[2024-03-08 16:02:52,631 INFO] NMTModel(
  (encoder): RNNEncoder(
    (embeddings): Embeddings(
      (make_embedding): Sequential(
        (emb_luts): Elementwise(
          (0): Embedding(2416, 300, padding_idx=1)
        )
      )
      (dropout): Dropout(p=0.3, inplace=False)
    )
    (rnn): LSTM(300, 500, num_layers=2, batch_first=True, dropout=0.3)
  )
  (decoder): InputFeedRNNDecoder(
    (embeddings): Embeddings(
      (make_embedding): Sequential(
        (emb_luts): Elementwise(
          (0): Embedding(2384, 300, padding_idx=1)
        )
      )
      (dropout): Dropout(p=0.3, inplace=False)
    )
    (dropout): Dropout(p=0.3, inplace=False)
    (rnn): StackedLSTM(
      (dropout): Dropout(p=0.3, inplace=False)
      (layers): ModuleList(
        (0): LSTMCell(800, 500)
        (1): LSTMCell(500, 500)
      )
    )
    (attn): GlobalAttention(
      (linear_in): Linear(in_features=500, out_features=500, bias=False)
      (linear_out): Linear(in_features=1000, out_features=500, bias=False)
    )
  )
  (generator): Linear(in_features=500, out_features=2384, bias=True)
)
[2024-03-08 16:02:52,631 INFO] encoder: 4332800
[2024-03-08 16:02:52,632 INFO] decoder: 7267584
[2024-03-08 16:02:52,632 INFO] * number of parameters: 11600384
[2024-03-08 16:02:52,632 INFO] Trainable parameters = {'torch.float32': 11600384, 'torch.float16': 0, 'torch.uint8': 0, 'torch.int8': 0}
[2024-03-08 16:02:52,632 INFO] Non trainable parameters = {'torch.float32': 0, 'torch.float16': 0, 'torch.uint8': 0, 'torch.int8': 0}
[2024-03-08 16:02:52,632 INFO]  * src vocab size = 2416
[2024-03-08 16:02:52,632 INFO]  * tgt vocab size = 2384
[2024-03-08 16:02:52,633 INFO] Starting training on GPU: [0]
[2024-03-08 16:02:52,633 INFO] Start training loop and validate every 200 steps...
[2024-03-08 16:02:52,633 INFO] Scoring with: TransformPipe(InferFeatsTransform())
[2024-03-08 16:02:57,679 INFO] Step 50/10000; acc: 6.8; ppl: 5565.1; xent: 8.6; lr: 1.00000; sents:    2393; bsz:  448/ 625/48; 4442/6194 tok/s;      5 sec;
[2024-03-08 16:03:00,710 INFO] Step 100/10000; acc: 8.6; ppl: 883.9; xent: 6.8; lr: 1.00000; sents:    2296; bsz:  469/ 627/46; 7736/10347 tok/s;      8 sec;
[2024-03-08 16:03:03,164 INFO] Step 150/10000; acc: 11.4; ppl: 320.1; xent: 5.8; lr: 1.00000; sents:    2391; bsz:  443/ 619/48; 9031/12612 tok/s;     11 sec;
[2024-03-08 16:03:06,077 INFO] Step 200/10000; acc: 14.1; ppl: 215.8; xent: 5.4; lr: 1.00000; sents:    2279; bsz:  435/ 599/46; 7468/10277 tok/s;     13 sec;
[2024-03-08 16:03:08,118 INFO] valid stats calculation
                           took: 2.0403127670288086 s.
[2024-03-08 16:03:08,118 INFO] Train perplexity: 775.64
[2024-03-08 16:03:08,118 INFO] Train accuracy: 10.1787
[2024-03-08 16:03:08,118 INFO] Sentences processed: 9359
[2024-03-08 16:03:08,118 INFO] Average bsz:  449/ 617/47
[2024-03-08 16:03:08,118 INFO] Validation perplexity: 217.021
[2024-03-08 16:03:08,118 INFO] Validation accuracy: 9.75531
[2024-03-08 16:03:08,119 INFO] Saving checkpoint gt-enc/gt_03_step_200.pt
[2024-03-08 16:03:11,140 INFO] Step 250/10000; acc: 15.7; ppl: 165.3; xent: 5.1; lr: 1.00000; sents:    2392; bsz:  440/ 616/48; 4347/6088 tok/s;     19 sec;
[2024-03-08 16:03:14,133 INFO] Step 300/10000; acc: 17.8; ppl: 131.7; xent: 4.9; lr: 1.00000; sents:    2400; bsz:  466/ 638/48; 7783/10653 tok/s;     21 sec;
[2024-03-08 16:03:16,700 INFO] Step 350/10000; acc: 20.2; ppl: 101.4; xent: 4.6; lr: 1.00000; sents:    2405; bsz:  447/ 621/48; 8702/12104 tok/s;     24 sec;
[2024-03-08 16:03:19,678 INFO] Step 400/10000; acc: 21.4; ppl:  88.7; xent: 4.5; lr: 1.00000; sents:    2406; bsz:  464/ 639/48; 7799/10726 tok/s;     27 sec;
[2024-03-08 16:03:21,670 INFO] valid stats calculation
                           took: 1.9918036460876465 s.
[2024-03-08 16:03:21,671 INFO] Train perplexity: 300.086
[2024-03-08 16:03:21,671 INFO] Train accuracy: 14.5206
[2024-03-08 16:03:21,671 INFO] Sentences processed: 18962
[2024-03-08 16:03:21,671 INFO] Average bsz:  452/ 623/47
[2024-03-08 16:03:21,671 INFO] Validation perplexity: 121.53
[2024-03-08 16:03:21,671 INFO] Validation accuracy: 20.7663
[2024-03-08 16:03:21,671 INFO] Saving checkpoint gt-enc/gt_03_step_400.pt
[2024-03-08 16:03:24,631 INFO] Step 450/10000; acc: 22.8; ppl:  73.6; xent: 4.3; lr: 1.00000; sents:    2301; bsz:  445/ 609/46; 4498/6146 tok/s;     32 sec;
[2024-03-08 16:03:27,448 INFO] Step 500/10000; acc: 25.2; ppl:  59.9; xent: 4.1; lr: 1.00000; sents:    2399; bsz:  441/ 617/48; 7829/10946 tok/s;     35 sec;
[2024-03-08 16:03:30,044 INFO] Step 550/10000; acc: 26.7; ppl:  54.7; xent: 4.0; lr: 1.00000; sents:    2285; bsz:  452/ 613/46; 8712/11816 tok/s;     37 sec;
[2024-03-08 16:03:32,997 INFO] Step 600/10000; acc: 27.8; ppl:  46.4; xent: 3.8; lr: 1.00000; sents:    2392; bsz:  442/ 616/48; 7475/10429 tok/s;     40 sec;
[2024-03-08 16:03:34,986 INFO] valid stats calculation
                           took: 1.9880754947662354 s.
[2024-03-08 16:03:34,986 INFO] Train perplexity: 174.261
[2024-03-08 16:03:34,986 INFO] Train accuracy: 18.1879
[2024-03-08 16:03:34,986 INFO] Sentences processed: 28339
[2024-03-08 16:03:34,986 INFO] Average bsz:  449/ 620/47
[2024-03-08 16:03:34,986 INFO] Validation perplexity: 101.179
[2024-03-08 16:03:34,986 INFO] Validation accuracy: 22.3117
[2024-03-08 16:03:34,987 INFO] Saving checkpoint gt-enc/gt_03_step_600.pt
[2024-03-08 16:03:38,113 INFO] Step 650/10000; acc: 28.3; ppl:  43.5; xent: 3.8; lr: 1.00000; sents:    2393; bsz:  469/ 637/48; 4587/6222 tok/s;     45 sec;
[2024-03-08 16:03:40,918 INFO] Step 700/10000; acc: 29.9; ppl:  36.9; xent: 3.6; lr: 1.00000; sents:    2391; bsz:  451/ 623/48; 8047/11109 tok/s;     48 sec;
[2024-03-08 16:03:43,747 INFO] Step 750/10000; acc: 31.5; ppl:  32.8; xent: 3.5; lr: 1.00000; sents:    2295; bsz:  448/ 614/46; 7924/10846 tok/s;     51 sec;
[2024-03-08 16:03:46,654 INFO] Step 800/10000; acc: 33.8; ppl:  27.7; xent: 3.3; lr: 1.00000; sents:    2391; bsz:  440/ 613/48; 7569/10552 tok/s;     54 sec;
[2024-03-08 16:03:48,637 INFO] valid stats calculation
                           took: 1.9823269844055176 s.
[2024-03-08 16:03:48,637 INFO] Train perplexity: 116.418
[2024-03-08 16:03:48,637 INFO] Train accuracy: 21.3637
[2024-03-08 16:03:48,637 INFO] Sentences processed: 37809
[2024-03-08 16:03:48,637 INFO] Average bsz:  450/ 620/47
[2024-03-08 16:03:48,637 INFO] Validation perplexity: 91.3457
[2024-03-08 16:03:48,637 INFO] Validation accuracy: 23.8571
[2024-03-08 16:03:48,638 INFO] Saving checkpoint gt-enc/gt_03_step_800.pt
[2024-03-08 16:03:51,620 INFO] Step 850/10000; acc: 35.3; ppl:  24.1; xent: 3.2; lr: 1.00000; sents:    2299; bsz:  442/ 606/46; 4448/6099 tok/s;     59 sec;
[2024-03-08 16:03:54,422 INFO] Step 900/10000; acc: 37.3; ppl:  21.0; xent: 3.0; lr: 1.00000; sents:    2399; bsz:  454/ 628/48; 8104/11205 tok/s;     62 sec;
[2024-03-08 16:03:57,134 INFO] Step 950/10000; acc: 39.8; ppl:  17.8; xent: 2.9; lr: 1.00000; sents:    2401; bsz:  445/ 620/48; 8201/11430 tok/s;     65 sec;
[2024-03-08 16:04:00,169 INFO] Step 1000/10000; acc: 40.1; ppl:  16.4; xent: 2.8; lr: 1.00000; sents:    2305; bsz:  463/ 623/46; 7626/10261 tok/s;     68 sec;
[2024-03-08 16:04:02,151 INFO] valid stats calculation
                           took: 1.9818575382232666 s.
[2024-03-08 16:04:02,151 INFO] Train perplexity: 81.5344
[2024-03-08 16:04:02,152 INFO] Train accuracy: 24.7094
[2024-03-08 16:04:02,152 INFO] Sentences processed: 47213
[2024-03-08 16:04:02,152 INFO] Average bsz:  450/ 620/47
[2024-03-08 16:04:02,152 INFO] Validation perplexity: 74.551
[2024-03-08 16:04:02,152 INFO] Validation accuracy: 29.3625
[2024-03-08 16:04:02,152 INFO] Saving checkpoint gt-enc/gt_03_step_1000.pt
[2024-03-08 16:04:05,170 INFO] Step 1050/10000; acc: 43.4; ppl:  13.6; xent: 2.6; lr: 1.00000; sents:    2401; bsz:  443/ 618/48; 4428/6183 tok/s;     73 sec;
[2024-03-08 16:04:07,895 INFO] Step 1100/10000; acc: 45.1; ppl:  11.8; xent: 2.5; lr: 1.00000; sents:    2303; bsz:  443/ 610/46; 8132/11198 tok/s;     75 sec;
[2024-03-08 16:04:10,627 INFO] Step 1150/10000; acc: 48.0; ppl:  10.1; xent: 2.3; lr: 1.00000; sents:    2395; bsz:  442/ 616/48; 8093/11279 tok/s;     78 sec;
[2024-03-08 16:04:13,584 INFO] Step 1200/10000; acc: 49.4; ppl:   9.1; xent: 2.2; lr: 1.00000; sents:    2393; bsz:  454/ 629/48; 7682/10637 tok/s;     81 sec;
[2024-03-08 16:04:15,581 INFO] valid stats calculation
                           took: 1.9968972206115723 s.
[2024-03-08 16:04:15,581 INFO] Train perplexity: 58.4378
[2024-03-08 16:04:15,581 INFO] Train accuracy: 28.3291
[2024-03-08 16:04:15,581 INFO] Sentences processed: 56705
[2024-03-08 16:04:15,581 INFO] Average bsz:  449/ 620/47
[2024-03-08 16:04:15,581 INFO] Validation perplexity: 60.8983
[2024-03-08 16:04:15,581 INFO] Validation accuracy: 34.9002
[2024-03-08 16:04:15,582 INFO] Saving checkpoint gt-enc/gt_03_step_1200.pt
[2024-03-08 16:04:18,629 INFO] Step 1250/10000; acc: 51.6; ppl:   8.0; xent: 2.1; lr: 1.00000; sents:    2296; bsz:  447/ 610/46; 4429/6047 tok/s;     86 sec;
[2024-03-08 16:04:21,279 INFO] Step 1300/10000; acc: 53.3; ppl:   7.2; xent: 2.0; lr: 1.00000; sents:    2391; bsz:  460/ 636/48; 8684/12008 tok/s;     89 sec;
[2024-03-08 16:04:24,146 INFO] Step 1350/10000; acc: 56.8; ppl:   6.1; xent: 1.8; lr: 1.00000; sents:    2391; bsz:  444/ 618/48; 7745/10778 tok/s;     92 sec;
[2024-03-08 16:04:27,082 INFO] Step 1400/10000; acc: 58.4; ppl:   5.5; xent: 1.7; lr: 1.00000; sents:    2391; bsz:  442/ 615/48; 7521/10470 tok/s;     94 sec;
[2024-03-08 16:04:29,047 INFO] valid stats calculation
                           took: 1.9648449420928955 s.
[2024-03-08 16:04:29,047 INFO] Train perplexity: 42.8261
[2024-03-08 16:04:29,047 INFO] Train accuracy: 32.1391
[2024-03-08 16:04:29,047 INFO] Sentences processed: 66174
[2024-03-08 16:04:29,047 INFO] Average bsz:  449/ 620/47
[2024-03-08 16:04:29,047 INFO] Validation perplexity: 52.278
[2024-03-08 16:04:29,047 INFO] Validation accuracy: 37.7334
[2024-03-08 16:04:29,048 INFO] Saving checkpoint gt-enc/gt_03_step_1400.pt
[2024-03-08 16:04:32,094 INFO] Step 1450/10000; acc: 59.9; ppl:   5.1; xent: 1.6; lr: 1.00000; sents:    2400; bsz:  456/ 633/48; 4547/6313 tok/s;     99 sec;
[2024-03-08 16:04:34,930 INFO] Step 1500/10000; acc: 61.7; ppl:   4.6; xent: 1.5; lr: 1.00000; sents:    2302; bsz:  444/ 612/46; 7827/10797 tok/s;    102 sec;
[2024-03-08 16:04:37,857 INFO] Step 1550/10000; acc: 64.0; ppl:   4.2; xent: 1.4; lr: 1.00000; sents:    2401; bsz:  446/ 620/48; 7612/10583 tok/s;    105 sec;
[2024-03-08 16:04:40,882 INFO] Step 1600/10000; acc: 65.0; ppl:   3.9; xent: 1.4; lr: 1.00000; sents:    2307; bsz:  458/ 623/46; 7573/10296 tok/s;    108 sec;
[2024-03-08 16:04:42,918 INFO] valid stats calculation
                           took: 2.035844087600708 s.
[2024-03-08 16:04:42,918 INFO] Train perplexity: 32.2155
[2024-03-08 16:04:42,918 INFO] Train accuracy: 35.9655
[2024-03-08 16:04:42,918 INFO] Sentences processed: 75584
[2024-03-08 16:04:42,918 INFO] Average bsz:  449/ 620/47
[2024-03-08 16:04:42,918 INFO] Validation perplexity: 64.2503
[2024-03-08 16:04:42,918 INFO] Validation accuracy: 38.5061
[2024-03-08 16:04:42,919 INFO] Saving checkpoint gt-enc/gt_03_step_1600.pt
[2024-03-08 16:04:45,902 INFO] Step 1650/10000; acc: 67.8; ppl:   3.5; xent: 1.2; lr: 1.00000; sents:    2400; bsz:  442/ 616/48; 4406/6140 tok/s;    113 sec;
[2024-03-08 16:04:48,515 INFO] Step 1700/10000; acc: 67.4; ppl:   3.5; xent: 1.3; lr: 1.00000; sents:    2399; bsz:  467/ 638/48; 8931/12208 tok/s;    116 sec;
[2024-03-08 16:04:51,522 INFO] Step 1750/10000; acc: 69.9; ppl:   3.2; xent: 1.1; lr: 1.00000; sents:    2394; bsz:  449/ 625/48; 7460/10390 tok/s;    119 sec;
[2024-03-08 16:04:54,629 INFO] Step 1800/10000; acc: 71.7; ppl:   2.9; xent: 1.1; lr: 1.00000; sents:    2297; bsz:  446/ 610/46; 7185/9816 tok/s;    122 sec;
[2024-03-08 16:04:56,625 INFO] valid stats calculation
                           took: 1.995659351348877 s.
[2024-03-08 16:04:56,626 INFO] Train perplexity: 24.952
[2024-03-08 16:04:56,626 INFO] Train accuracy: 39.6671
[2024-03-08 16:04:56,626 INFO] Sentences processed: 85074
[2024-03-08 16:04:56,626 INFO] Average bsz:  450/ 620/47
[2024-03-08 16:04:56,626 INFO] Validation perplexity: 76.9638
[2024-03-08 16:04:56,626 INFO] Validation accuracy: 40.3091
[2024-03-08 16:04:56,626 INFO] Saving checkpoint gt-enc/gt_03_step_1800.pt
[2024-03-08 16:04:59,677 INFO] Step 1850/10000; acc: 72.9; ppl:   2.8; xent: 1.0; lr: 1.00000; sents:    2392; bsz:  442/ 619/48; 4380/6131 tok/s;    127 sec;
[2024-03-08 16:05:02,314 INFO] Step 1900/10000; acc: 72.2; ppl:   2.8; xent: 1.0; lr: 1.00000; sents:    2279; bsz:  458/ 616/46; 8691/11678 tok/s;    130 sec;
[2024-03-08 16:05:05,294 INFO] Step 1950/10000; acc: 75.5; ppl:   2.5; xent: 0.9; lr: 1.00000; sents:    2391; bsz:  441/ 617/48; 7395/10358 tok/s;    133 sec;
[2024-03-08 16:05:08,298 INFO] Step 2000/10000; acc: 75.9; ppl:   2.5; xent: 0.9; lr: 1.00000; sents:    2392; bsz:  456/ 630/48; 7591/10486 tok/s;    136 sec;
[2024-03-08 16:05:10,343 INFO] valid stats calculation
                           took: 2.0444705486297607 s.
[2024-03-08 16:05:10,343 INFO] Train perplexity: 19.9186
[2024-03-08 16:05:10,343 INFO] Train accuracy: 43.1157
[2024-03-08 16:05:10,343 INFO] Sentences processed: 94528
[2024-03-08 16:05:10,343 INFO] Average bsz:  450/ 620/47
[2024-03-08 16:05:10,343 INFO] Validation perplexity: 71.561
[2024-03-08 16:05:10,343 INFO] Validation accuracy: 42.3052
[2024-03-08 16:05:10,344 INFO] Saving checkpoint gt-enc/gt_03_step_2000.pt
[2024-03-08 16:05:13,286 INFO] Step 2050/10000; acc: 77.1; ppl:   2.3; xent: 0.8; lr: 1.00000; sents:    2298; bsz:  444/ 608/46; 4448/6092 tok/s;    141 sec;
[2024-03-08 16:05:15,972 INFO] Step 2100/10000; acc: 78.3; ppl:   2.2; xent: 0.8; lr: 1.00000; sents:    2404; bsz:  447/ 621/48; 8325/11569 tok/s;    143 sec;
[2024-03-08 16:05:18,898 INFO] Step 2150/10000; acc: 79.1; ppl:   2.1; xent: 0.8; lr: 1.00000; sents:    2406; bsz:  446/ 621/48; 7623/10617 tok/s;    146 sec;
[2024-03-08 16:05:21,857 INFO] Step 2200/10000; acc: 79.2; ppl:   2.1; xent: 0.8; lr: 1.00000; sents:    2404; bsz:  459/ 632/48; 7755/10682 tok/s;    149 sec;
[2024-03-08 16:05:23,855 INFO] valid stats calculation
                           took: 1.9976184368133545 s.
[2024-03-08 16:05:23,855 INFO] Train perplexity: 16.2992
[2024-03-08 16:05:23,855 INFO] Train accuracy: 46.3254
[2024-03-08 16:05:23,855 INFO] Sentences processed: 104040
[2024-03-08 16:05:23,855 INFO] Average bsz:  450/ 620/47
[2024-03-08 16:05:23,855 INFO] Validation perplexity: 95.1909
[2024-03-08 16:05:23,855 INFO] Validation accuracy: 41.7901
[2024-03-08 16:05:23,856 INFO] Saving checkpoint gt-enc/gt_03_step_2200.pt
[2024-03-08 16:05:26,700 INFO] Step 2250/10000; acc: 80.1; ppl:   2.0; xent: 0.7; lr: 1.00000; sents:    2288; bsz:  436/ 599/46; 4501/6189 tok/s;    154 sec;
[2024-03-08 16:05:29,413 INFO] Step 2300/10000; acc: 80.9; ppl:   2.0; xent: 0.7; lr: 1.00000; sents:    2396; bsz:  447/ 620/48; 8238/11433 tok/s;    157 sec;
[2024-03-08 16:05:32,579 INFO] Step 2350/10000; acc: 80.2; ppl:   2.0; xent: 0.7; lr: 1.00000; sents:    2296; bsz:  472/ 630/46; 7460/9961 tok/s;    160 sec;
[2024-03-08 16:05:35,579 INFO] Step 2400/10000; acc: 81.7; ppl:   1.9; xent: 0.7; lr: 1.00000; sents:    2393; bsz:  451/ 623/48; 7511/10377 tok/s;    163 sec;
[2024-03-08 16:05:37,573 INFO] valid stats calculation
                           took: 1.9934923648834229 s.
[2024-03-08 16:05:37,574 INFO] Train perplexity: 13.6847
[2024-03-08 16:05:37,574 INFO] Train accuracy: 49.1833
[2024-03-08 16:05:37,574 INFO] Sentences processed: 113413
[2024-03-08 16:05:37,574 INFO] Average bsz:  450/ 620/47
[2024-03-08 16:05:37,574 INFO] Validation perplexity: 105.322
[2024-03-08 16:05:37,574 INFO] Validation accuracy: 41.7901
[2024-03-08 16:05:37,574 INFO] Saving checkpoint gt-enc/gt_03_step_2400.pt
[2024-03-08 16:05:40,262 INFO] Step 2450/10000; acc: 82.1; ppl:   1.9; xent: 0.6; lr: 1.00000; sents:    2391; bsz:  448/ 624/48; 4787/6660 tok/s;    168 sec;
[2024-03-08 16:05:43,166 INFO] Step 2500/10000; acc: 83.0; ppl:   1.8; xent: 0.6; lr: 1.00000; sents:    2290; bsz:  438/ 602/46; 7540/10359 tok/s;    171 sec;
[2024-03-08 16:05:46,139 INFO] Step 2550/10000; acc: 83.2; ppl:   1.8; xent: 0.6; lr: 1.00000; sents:    2391; bsz:  442/ 615/48; 7440/10339 tok/s;    174 sec;
[2024-03-08 16:05:49,098 INFO] Step 2600/10000; acc: 83.1; ppl:   1.8; xent: 0.6; lr: 1.00000; sents:    2400; bsz:  460/ 635/48; 7768/10734 tok/s;    176 sec;
[2024-03-08 16:05:51,135 INFO] valid stats calculation
                           took: 2.0364415645599365 s.
[2024-03-08 16:05:51,135 INFO] Train perplexity: 11.7277
[2024-03-08 16:05:51,136 INFO] Train accuracy: 51.7681
[2024-03-08 16:05:51,136 INFO] Sentences processed: 122885
[2024-03-08 16:05:51,136 INFO] Average bsz:  450/ 620/47
[2024-03-08 16:05:51,136 INFO] Validation perplexity: 94.3422
[2024-03-08 16:05:51,136 INFO] Validation accuracy: 44.3335
[2024-03-08 16:05:51,136 INFO] Saving checkpoint gt-enc/gt_03_step_2600.pt
[2024-03-08 16:05:54,095 INFO] Step 2650/10000; acc: 84.5; ppl:   1.7; xent: 0.5; lr: 1.00000; sents:    2302; bsz:  435/ 594/46; 4355/5943 tok/s;    181 sec;
[2024-03-08 16:05:57,028 INFO] Step 2700/10000; acc: 83.7; ppl:   1.8; xent: 0.6; lr: 1.00000; sents:    2400; bsz:  458/ 634/48; 7807/10804 tok/s;    184 sec;
[2024-03-08 16:06:00,014 INFO] Step 2750/10000; acc: 84.2; ppl:   1.7; xent: 0.5; lr: 1.00000; sents:    2307; bsz:  444/ 612/46; 7434/10245 tok/s;    187 sec;
[2024-03-08 16:06:02,835 INFO] Step 2800/10000; acc: 85.0; ppl:   1.7; xent: 0.5; lr: 1.00000; sents:    2497; bsz:  453/ 636/50; 8030/11265 tok/s;    190 sec;
[2024-03-08 16:06:04,882 INFO] valid stats calculation
                           took: 2.046433448791504 s.
[2024-03-08 16:06:04,883 INFO] Train perplexity: 10.2314
[2024-03-08 16:06:04,883 INFO] Train accuracy: 54.0915
[2024-03-08 16:06:04,883 INFO] Sentences processed: 132391
[2024-03-08 16:06:04,883 INFO] Average bsz:  449/ 620/47
[2024-03-08 16:06:04,883 INFO] Validation perplexity: 140.941
[2024-03-08 16:06:04,883 INFO] Validation accuracy: 41.6291
[2024-03-08 16:06:04,883 INFO] Saving checkpoint gt-enc/gt_03_step_2800.pt
[2024-03-08 16:06:07,625 INFO] Step 2850/10000; acc: 85.0; ppl:   1.7; xent: 0.5; lr: 1.00000; sents:    2303; bsz:  444/ 611/46; 4631/6383 tok/s;    195 sec;
[2024-03-08 16:06:10,636 INFO] Step 2900/10000; acc: 85.0; ppl:   1.7; xent: 0.5; lr: 1.00000; sents:    2395; bsz:  462/ 638/48; 7668/10596 tok/s;    198 sec;
[2024-03-08 16:06:13,566 INFO] Step 2950/10000; acc: 86.2; ppl:   1.6; xent: 0.5; lr: 1.00000; sents:    2297; bsz:  430/ 591/46; 7334/10083 tok/s;    201 sec;
[2024-03-08 16:06:16,617 INFO] Step 3000/10000; acc: 85.5; ppl:   1.7; xent: 0.5; lr: 1.00000; sents:    2392; bsz:  461/ 637/48; 7557/10437 tok/s;    204 sec;
[2024-03-08 16:06:18,670 INFO] valid stats calculation
                           took: 2.052638053894043 s.
[2024-03-08 16:06:18,670 INFO] Train perplexity: 9.06804
[2024-03-08 16:06:18,670 INFO] Train accuracy: 56.1767
[2024-03-08 16:06:18,670 INFO] Sentences processed: 141778
[2024-03-08 16:06:18,670 INFO] Average bsz:  449/ 620/47
[2024-03-08 16:06:18,670 INFO] Validation perplexity: 116.717
[2024-03-08 16:06:18,670 INFO] Validation accuracy: 43.9472
[2024-03-08 16:06:18,671 INFO] Saving checkpoint gt-enc/gt_03_step_3000.pt
[2024-03-08 16:06:21,210 INFO] Step 3050/10000; acc: 86.1; ppl:   1.6; xent: 0.5; lr: 1.00000; sents:    2391; bsz:  442/ 615/48; 4816/6695 tok/s;    209 sec;
[2024-03-08 16:06:24,301 INFO] Step 3100/10000; acc: 85.9; ppl:   1.6; xent: 0.5; lr: 1.00000; sents:    2293; bsz:  454/ 625/46; 7341/10116 tok/s;    212 sec;
[2024-03-08 16:06:27,225 INFO] Step 3150/10000; acc: 86.3; ppl:   1.6; xent: 0.5; lr: 1.00000; sents:    2392; bsz:  442/ 615/48; 7567/10515 tok/s;    215 sec;
[2024-03-08 16:06:30,229 INFO] Step 3200/10000; acc: 86.5; ppl:   1.6; xent: 0.5; lr: 1.00000; sents:    2400; bsz:  446/ 621/48; 7418/10341 tok/s;    218 sec;
[2024-03-08 16:06:32,262 INFO] valid stats calculation
                           took: 2.0330393314361572 s.
[2024-03-08 16:06:32,263 INFO] Train perplexity: 8.14363
[2024-03-08 16:06:32,263 INFO] Train accuracy: 58.0501
[2024-03-08 16:06:32,263 INFO] Sentences processed: 151254
[2024-03-08 16:06:32,263 INFO] Average bsz:  449/ 620/47
[2024-03-08 16:06:32,263 INFO] Validation perplexity: 125.085
[2024-03-08 16:06:32,263 INFO] Validation accuracy: 44.9775
[2024-03-08 16:06:32,263 INFO] Saving checkpoint gt-enc/gt_03_step_3200.pt
[2024-03-08 16:06:34,878 INFO] Step 3250/10000; acc: 86.2; ppl:   1.6; xent: 0.5; lr: 1.00000; sents:    2399; bsz:  459/ 633/48; 4937/6806 tok/s;    222 sec;
[2024-03-08 16:06:37,835 INFO] Step 3300/10000; acc: 86.9; ppl:   1.6; xent: 0.5; lr: 1.00000; sents:    2305; bsz:  445/ 608/46; 7517/10289 tok/s;    225 sec;
[2024-03-08 16:06:40,856 INFO] Step 3350/10000; acc: 86.0; ppl:   1.6; xent: 0.5; lr: 1.00000; sents:    2403; bsz:  467/ 637/48; 7723/10548 tok/s;    228 sec;
[2024-03-08 16:06:43,843 INFO] Step 3400/10000; acc: 87.7; ppl:   1.5; xent: 0.4; lr: 1.00000; sents:    2301; bsz:  426/ 596/46; 7127/9987 tok/s;    231 sec;
[2024-03-08 16:06:45,860 INFO] valid stats calculation
                           took: 2.0166916847229004 s.
[2024-03-08 16:06:45,861 INFO] Train perplexity: 7.39782
[2024-03-08 16:06:45,861 INFO] Train accuracy: 59.7312
[2024-03-08 16:06:45,861 INFO] Sentences processed: 160662
[2024-03-08 16:06:45,861 INFO] Average bsz:  449/ 620/47
[2024-03-08 16:06:45,861 INFO] Validation perplexity: 140.267
[2024-03-08 16:06:45,861 INFO] Validation accuracy: 41.4037
[2024-03-08 16:06:45,861 INFO] Saving checkpoint gt-enc/gt_03_step_3400.pt
[2024-03-08 16:06:48,555 INFO] Step 3450/10000; acc: 85.6; ppl:   1.7; xent: 0.5; lr: 1.00000; sents:    2402; bsz:  471/ 641/48; 4994/6802 tok/s;    236 sec;
[2024-03-08 16:06:51,483 INFO] Step 3500/10000; acc: 86.7; ppl:   1.6; xent: 0.5; lr: 1.00000; sents:    2394; bsz:  443/ 618/48; 7561/10549 tok/s;    239 sec;
[2024-03-08 16:06:54,525 INFO] Step 3550/10000; acc: 86.5; ppl:   1.6; xent: 0.5; lr: 1.00000; sents:    2281; bsz:  456/ 618/46; 7498/10163 tok/s;    242 sec;
[2024-03-08 16:06:57,499 INFO] Step 3600/10000; acc: 86.9; ppl:   1.6; xent: 0.5; lr: 1.00000; sents:    2392; bsz:  444/ 619/48; 7469/10412 tok/s;    245 sec;
[2024-03-08 16:06:59,531 INFO] valid stats calculation
                           took: 2.030914068222046 s.
[2024-03-08 16:06:59,531 INFO] Train perplexity: 6.79215
[2024-03-08 16:06:59,531 INFO] Train accuracy: 61.2218
[2024-03-08 16:06:59,531 INFO] Sentences processed: 170131
[2024-03-08 16:06:59,531 INFO] Average bsz:  449/ 620/47
[2024-03-08 16:06:59,531 INFO] Validation perplexity: 144.153
[2024-03-08 16:06:59,531 INFO] Validation accuracy: 41.5003
[2024-03-08 16:06:59,532 INFO] Saving checkpoint gt-enc/gt_03_step_3600.pt
[2024-03-08 16:07:02,181 INFO] Step 3650/10000; acc: 86.9; ppl:   1.6; xent: 0.5; lr: 1.00000; sents:    2391; bsz:  442/ 615/48; 4718/6567 tok/s;    250 sec;
[2024-03-08 16:07:05,161 INFO] Step 3700/10000; acc: 87.0; ppl:   1.6; xent: 0.4; lr: 1.00000; sents:    2278; bsz:  436/ 598/46; 7308/10038 tok/s;    253 sec;
[2024-03-08 16:07:08,194 INFO] Step 3750/10000; acc: 86.8; ppl:   1.6; xent: 0.5; lr: 1.00000; sents:    2399; bsz:  460/ 634/48; 7580/10449 tok/s;    256 sec;
[2024-03-08 16:07:11,225 INFO] Step 3800/10000; acc: 86.7; ppl:   1.6; xent: 0.5; lr: 1.00000; sents:    2404; bsz:  469/ 638/48; 7743/10520 tok/s;    259 sec;
[2024-03-08 16:07:13,284 INFO] valid stats calculation
                           took: 2.058436632156372 s.
[2024-03-08 16:07:13,284 INFO] Train perplexity: 6.28911
[2024-03-08 16:07:13,285 INFO] Train accuracy: 62.5734
[2024-03-08 16:07:13,285 INFO] Sentences processed: 179603
[2024-03-08 16:07:13,285 INFO] Average bsz:  449/ 620/47
[2024-03-08 16:07:13,285 INFO] Validation perplexity: 159.824
[2024-03-08 16:07:13,285 INFO] Validation accuracy: 40.792
[2024-03-08 16:07:13,285 INFO] Saving checkpoint gt-enc/gt_03_step_3800.pt
[2024-03-08 16:07:16,043 INFO] Step 3850/10000; acc: 86.7; ppl:   1.6; xent: 0.5; lr: 1.00000; sents:    2298; bsz:  441/ 604/46; 4576/6272 tok/s;    263 sec;
[2024-03-08 16:07:18,960 INFO] Step 3900/10000; acc: 87.0; ppl:   1.6; xent: 0.5; lr: 1.00000; sents:    2404; bsz:  441/ 619/48; 7556/10611 tok/s;    266 sec;
[2024-03-08 16:07:21,955 INFO] Step 3950/10000; acc: 86.4; ppl:   1.6; xent: 0.5; lr: 1.00000; sents:    2401; bsz:  465/ 634/48; 7765/10580 tok/s;    269 sec;
[2024-03-08 16:07:24,920 INFO] Step 4000/10000; acc: 86.9; ppl:   1.6; xent: 0.5; lr: 1.00000; sents:    2302; bsz:  427/ 599/46; 7198/10099 tok/s;    272 sec;
[2024-03-08 16:07:26,962 INFO] valid stats calculation
                           took: 2.0421059131622314 s.
[2024-03-08 16:07:26,962 INFO] Train perplexity: 5.87346
[2024-03-08 16:07:26,962 INFO] Train accuracy: 63.7715
[2024-03-08 16:07:26,963 INFO] Sentences processed: 189008
[2024-03-08 16:07:26,963 INFO] Average bsz:  449/ 620/47
[2024-03-08 16:07:26,963 INFO] Validation perplexity: 179.528
[2024-03-08 16:07:26,963 INFO] Validation accuracy: 40.1803
[2024-03-08 16:07:26,963 INFO] Saving checkpoint gt-enc/gt_03_step_4000.pt
[2024-03-08 16:07:29,806 INFO] Step 4050/10000; acc: 86.0; ppl:   1.6; xent: 0.5; lr: 1.00000; sents:    2396; bsz:  471/ 638/48; 4821/6525 tok/s;    277 sec;
[2024-03-08 16:07:32,840 INFO] Step 4100/10000; acc: 86.4; ppl:   1.6; xent: 0.5; lr: 1.00000; sents:    2293; bsz:  443/ 608/46; 7308/10018 tok/s;    280 sec;
[2024-03-08 16:07:35,784 INFO] Step 4150/10000; acc: 86.3; ppl:   1.6; xent: 0.5; lr: 1.00000; sents:    2392; bsz:  449/ 625/48; 7619/10615 tok/s;    283 sec;
[2024-03-08 16:07:38,782 INFO] Step 4200/10000; acc: 86.7; ppl:   1.6; xent: 0.5; lr: 1.00000; sents:    2391; bsz:  441/ 611/48; 7349/10200 tok/s;    286 sec;
[2024-03-08 16:07:40,837 INFO] valid stats calculation
                           took: 2.054738759994507 s.
[2024-03-08 16:07:40,838 INFO] Train perplexity: 5.5218
[2024-03-08 16:07:40,838 INFO] Train accuracy: 64.8477
[2024-03-08 16:07:40,838 INFO] Sentences processed: 198480
[2024-03-08 16:07:40,838 INFO] Average bsz:  449/ 620/47
[2024-03-08 16:07:40,838 INFO] Validation perplexity: 171.733
[2024-03-08 16:07:40,838 INFO] Validation accuracy: 40.1159
[2024-03-08 16:07:40,838 INFO] Saving checkpoint gt-enc/gt_03_step_4200.pt
[2024-03-08 16:07:43,728 INFO] Step 4250/10000; acc: 85.7; ppl:   1.6; xent: 0.5; lr: 1.00000; sents:    2391; bsz:  455/ 630/48; 4605/6368 tok/s;    291 sec;
[2024-03-08 16:07:46,744 INFO] Step 4300/10000; acc: 86.0; ppl:   1.6; xent: 0.5; lr: 1.00000; sents:    2294; bsz:  448/ 606/46; 7434/10054 tok/s;    294 sec;
[2024-03-08 16:07:49,670 INFO] Step 4350/10000; acc: 86.0; ppl:   1.6; xent: 0.5; lr: 1.00000; sents:    2400; bsz:  445/ 621/48; 7608/10619 tok/s;    297 sec;
[2024-03-08 16:07:52,815 INFO] Step 4400/10000; acc: 85.8; ppl:   1.6; xent: 0.5; lr: 1.00000; sents:    2303; bsz:  449/ 616/46; 7137/9794 tok/s;    300 sec;
[2024-03-08 16:07:54,874 INFO] valid stats calculation
                           took: 2.0585379600524902 s.
[2024-03-08 16:07:54,875 INFO] Train perplexity: 5.22534
[2024-03-08 16:07:54,875 INFO] Train accuracy: 65.8018
[2024-03-08 16:07:54,875 INFO] Sentences processed: 207868
[2024-03-08 16:07:54,875 INFO] Average bsz:  449/ 620/47
[2024-03-08 16:07:54,875 INFO] Validation perplexity: 166.561
[2024-03-08 16:07:54,875 INFO] Validation accuracy: 41.7579
[2024-03-08 16:07:54,875 INFO] Saving checkpoint gt-enc/gt_03_step_4400.pt
[2024-03-08 16:07:57,752 INFO] Step 4450/10000; acc: 86.1; ppl:   1.6; xent: 0.5; lr: 1.00000; sents:    2400; bsz:  441/ 616/48; 4467/6236 tok/s;    305 sec;
[2024-03-08 16:08:00,638 INFO] Step 4500/10000; acc: 85.7; ppl:   1.6; xent: 0.5; lr: 1.00000; sents:    2403; bsz:  451/ 626/48; 7808/10848 tok/s;    308 sec;
[2024-03-08 16:08:03,671 INFO] Step 4550/10000; acc: 85.5; ppl:   1.7; xent: 0.5; lr: 1.00000; sents:    2401; bsz:  462/ 640/48; 7621/10558 tok/s;    311 sec;
[2024-03-08 16:08:06,637 INFO] Step 4600/10000; acc: 85.0; ppl:   1.7; xent: 0.5; lr: 1.00000; sents:    2303; bsz:  448/ 612/46; 7548/10318 tok/s;    314 sec;
[2024-03-08 16:08:08,668 INFO] valid stats calculation
                           took: 2.0301098823547363 s.
[2024-03-08 16:08:08,668 INFO] Train perplexity: 4.96778
[2024-03-08 16:08:08,669 INFO] Train accuracy: 66.6665
[2024-03-08 16:08:08,669 INFO] Sentences processed: 217375
[2024-03-08 16:08:08,669 INFO] Average bsz:  449/ 620/47
[2024-03-08 16:08:08,669 INFO] Validation perplexity: 162.465
[2024-03-08 16:08:08,669 INFO] Validation accuracy: 41.3071
[2024-03-08 16:08:08,669 INFO] Saving checkpoint gt-enc/gt_03_step_4600.pt
[2024-03-08 16:08:11,578 INFO] Step 4650/10000; acc: 85.2; ppl:   1.7; xent: 0.5; lr: 1.00000; sents:    2395; bsz:  444/ 618/48; 4498/6252 tok/s;    319 sec;
[2024-03-08 16:08:14,649 INFO] Step 4700/10000; acc: 84.0; ppl:   1.7; xent: 0.6; lr: 1.00000; sents:    2295; bsz:  441/ 609/46; 7188/9923 tok/s;    322 sec;
[2024-03-08 16:08:17,509 INFO] Step 4750/10000; acc: 85.1; ppl:   1.7; xent: 0.5; lr: 1.00000; sents:    2490; bsz:  456/ 636/50; 7973/11113 tok/s;    325 sec;
[2024-03-08 16:08:20,536 INFO] Step 4800/10000; acc: 83.9; ppl:   1.8; xent: 0.6; lr: 1.00000; sents:    2293; bsz:  442/ 610/46; 7298/10083 tok/s;    328 sec;
[2024-03-08 16:08:22,679 INFO] valid stats calculation
                           took: 2.1428205966949463 s.
[2024-03-08 16:08:22,680 INFO] Train perplexity: 4.75301
[2024-03-08 16:08:22,680 INFO] Train accuracy: 67.4107
[2024-03-08 16:08:22,680 INFO] Sentences processed: 226848
[2024-03-08 16:08:22,680 INFO] Average bsz:  449/ 620/47
[2024-03-08 16:08:22,680 INFO] Validation perplexity: 181.332
[2024-03-08 16:08:22,680 INFO] Validation accuracy: 39.472
[2024-03-08 16:08:22,680 INFO] Saving checkpoint gt-enc/gt_03_step_4800.pt
[2024-03-08 16:08:25,607 INFO] Step 4850/10000; acc: 84.8; ppl:   1.7; xent: 0.5; lr: 1.00000; sents:    2391; bsz:  445/ 620/48; 4389/6114 tok/s;    333 sec;
[2024-03-08 16:08:28,539 INFO] Step 4900/10000; acc: 83.6; ppl:   1.8; xent: 0.6; lr: 1.00000; sents:    2392; bsz:  460/ 631/48; 7838/10768 tok/s;    336 sec;
[2024-03-08 16:08:31,495 INFO] Step 4950/10000; acc: 84.0; ppl:   1.8; xent: 0.6; lr: 1.00000; sents:    2304; bsz:  444/ 608/46; 7516/10284 tok/s;    339 sec;
[2024-03-08 16:08:34,494 INFO] Step 5000/10000; acc: 84.4; ppl:   1.7; xent: 0.5; lr: 1.00000; sents:    2399; bsz:  444/ 622/48; 7399/10376 tok/s;    342 sec;
[2024-03-08 16:08:36,576 INFO] valid stats calculation
                           took: 2.081605911254883 s.
[2024-03-08 16:08:36,577 INFO] Train perplexity: 4.56557
[2024-03-08 16:08:36,577 INFO] Train accuracy: 68.0827
[2024-03-08 16:08:36,577 INFO] Sentences processed: 236334
[2024-03-08 16:08:36,577 INFO] Average bsz:  449/ 620/47
[2024-03-08 16:08:36,577 INFO] Validation perplexity: 185.03
[2024-03-08 16:08:36,577 INFO] Validation accuracy: 41.0496
[2024-03-08 16:08:36,577 INFO] Saving checkpoint gt-enc/gt_03_step_5000.pt
[2024-03-08 16:08:39,568 INFO] Step 5050/10000; acc: 84.3; ppl:   1.8; xent: 0.6; lr: 1.00000; sents:    2300; bsz:  446/ 610/46; 4397/6016 tok/s;    347 sec;
[2024-03-08 16:08:42,538 INFO] Step 5100/10000; acc: 83.0; ppl:   1.8; xent: 0.6; lr: 1.00000; sents:    2405; bsz:  469/ 640/48; 7888/10767 tok/s;    350 sec;
[2024-03-08 16:08:45,494 INFO] Step 5150/10000; acc: 83.5; ppl:   1.8; xent: 0.6; lr: 1.00000; sents:    2295; bsz:  444/ 607/46; 7513/10268 tok/s;    353 sec;
[2024-03-08 16:08:48,440 INFO] Step 5200/10000; acc: 83.6; ppl:   1.8; xent: 0.6; lr: 1.00000; sents:    2396; bsz:  443/ 618/48; 7522/10497 tok/s;    356 sec;
[2024-03-08 16:08:50,521 INFO] valid stats calculation
                           took: 2.0813488960266113 s.
[2024-03-08 16:08:50,522 INFO] Train perplexity: 4.40442
[2024-03-08 16:08:50,522 INFO] Train accuracy: 68.6773
[2024-03-08 16:08:50,522 INFO] Sentences processed: 245730
[2024-03-08 16:08:50,522 INFO] Average bsz:  449/ 620/47
[2024-03-08 16:08:50,522 INFO] Validation perplexity: 176.209
[2024-03-08 16:08:50,522 INFO] Validation accuracy: 42.5306
[2024-03-08 16:08:50,522 INFO] Saving checkpoint gt-enc/gt_03_step_5200.pt
[2024-03-08 16:08:53,570 INFO] Step 5250/10000; acc: 82.1; ppl:   1.9; xent: 0.6; lr: 1.00000; sents:    2393; bsz:  459/ 634/48; 4477/6180 tok/s;    361 sec;
[2024-03-08 16:08:56,522 INFO] Step 5300/10000; acc: 81.6; ppl:   1.9; xent: 0.7; lr: 1.00000; sents:    2281; bsz:  438/ 601/46; 7421/10178 tok/s;    364 sec;
[2024-03-08 16:08:59,520 INFO] Step 5350/10000; acc: 81.1; ppl:   2.0; xent: 0.7; lr: 1.00000; sents:    2391; bsz:  454/ 628/48; 7582/10470 tok/s;    367 sec;
[2024-03-08 16:09:02,454 INFO] Step 5400/10000; acc: 81.9; ppl:   1.9; xent: 0.7; lr: 1.00000; sents:    2391; bsz:  442/ 616/48; 7536/10503 tok/s;    370 sec;
[2024-03-08 16:09:04,578 INFO] valid stats calculation
                           took: 2.1240241527557373 s.
[2024-03-08 16:09:04,579 INFO] Train perplexity: 4.2724
[2024-03-08 16:09:04,579 INFO] Train accuracy: 69.1577
[2024-03-08 16:09:04,579 INFO] Sentences processed: 255186
[2024-03-08 16:09:04,579 INFO] Average bsz:  449/ 620/47
[2024-03-08 16:09:04,579 INFO] Validation perplexity: 172.209
[2024-03-08 16:09:04,579 INFO] Validation accuracy: 39.7939
[2024-03-08 16:09:04,579 INFO] Saving checkpoint gt-enc/gt_03_step_5400.pt
[2024-03-08 16:09:07,635 INFO] Step 5450/10000; acc: 79.8; ppl:   2.1; xent: 0.7; lr: 1.00000; sents:    2391; bsz:  471/ 637/48; 4543/6146 tok/s;    375 sec;
[2024-03-08 16:09:10,577 INFO] Step 5500/10000; acc: 80.8; ppl:   2.0; xent: 0.7; lr: 1.00000; sents:    2399; bsz:  449/ 624/48; 7636/10606 tok/s;    378 sec;
[2024-03-08 16:09:13,593 INFO] Step 5550/10000; acc: 79.4; ppl:   2.1; xent: 0.8; lr: 1.00000; sents:    2302; bsz:  444/ 608/46; 7360/10081 tok/s;    381 sec;
[2024-03-08 16:09:16,572 INFO] Step 5600/10000; acc: 80.1; ppl:   2.1; xent: 0.7; lr: 1.00000; sents:    2400; bsz:  454/ 626/48; 7616/10497 tok/s;    384 sec;
[2024-03-08 16:09:18,652 INFO] valid stats calculation
                           took: 2.078636407852173 s.
[2024-03-08 16:09:18,652 INFO] Train perplexity: 4.16292
[2024-03-08 16:09:18,652 INFO] Train accuracy: 69.5485
[2024-03-08 16:09:18,652 INFO] Sentences processed: 264678
[2024-03-08 16:09:18,652 INFO] Average bsz:  449/ 620/47
[2024-03-08 16:09:18,652 INFO] Validation perplexity: 157.559
[2024-03-08 16:09:18,652 INFO] Validation accuracy: 41.8545
[2024-03-08 16:09:18,653 INFO] Saving checkpoint gt-enc/gt_03_step_5600.pt
[2024-03-08 16:09:21,699 INFO] Step 5650/10000; acc: 78.4; ppl:   2.2; xent: 0.8; lr: 1.00000; sents:    2306; bsz:  451/ 615/46; 4397/6002 tok/s;    389 sec;
[2024-03-08 16:09:24,681 INFO] Step 5700/10000; acc: 79.3; ppl:   2.1; xent: 0.8; lr: 1.00000; sents:    2401; bsz:  445/ 619/48; 7460/10387 tok/s;    392 sec;
[2024-03-08 16:09:27,708 INFO] Step 5750/10000; acc: 78.7; ppl:   2.2; xent: 0.8; lr: 1.00000; sents:    2300; bsz:  448/ 608/46; 7404/10041 tok/s;    395 sec;
[2024-03-08 16:09:30,640 INFO] Step 5800/10000; acc: 78.7; ppl:   2.2; xent: 0.8; lr: 1.00000; sents:    2496; bsz:  449/ 641/50; 7657/10935 tok/s;    398 sec;
[2024-03-08 16:09:32,709 INFO] valid stats calculation
                           took: 2.067904472351074 s.
[2024-03-08 16:09:32,709 INFO] Train perplexity: 4.07223
[2024-03-08 16:09:32,709 INFO] Train accuracy: 69.8663
[2024-03-08 16:09:32,709 INFO] Sentences processed: 274181
[2024-03-08 16:09:32,709 INFO] Average bsz:  449/ 620/47
[2024-03-08 16:09:32,709 INFO] Validation perplexity: 175.074
[2024-03-08 16:09:32,709 INFO] Validation accuracy: 38.1198
[2024-03-08 16:09:32,710 INFO] Saving checkpoint gt-enc/gt_03_step_5800.pt
[2024-03-08 16:09:35,750 INFO] Step 5850/10000; acc: 77.6; ppl:   2.3; xent: 0.8; lr: 1.00000; sents:    2293; bsz:  441/ 605/46; 4312/5916 tok/s;    403 sec;
[2024-03-08 16:09:38,816 INFO] Step 5900/10000; acc: 76.7; ppl:   2.4; xent: 0.9; lr: 1.00000; sents:    2295; bsz:  447/ 606/46; 7291/9879 tok/s;    406 sec;
[2024-03-08 16:09:41,785 INFO] Step 5950/10000; acc: 77.2; ppl:   2.4; xent: 0.9; lr: 1.00000; sents:    2391; bsz:  455/ 627/48; 7665/10563 tok/s;    409 sec;
[2024-03-08 16:09:44,643 INFO] Step 6000/10000; acc: 77.3; ppl:   2.3; xent: 0.9; lr: 1.00000; sents:    2391; bsz:  443/ 618/48; 7754/10820 tok/s;    412 sec;
[2024-03-08 16:09:46,700 INFO] valid stats calculation
                           took: 2.0565783977508545 s.
[2024-03-08 16:09:46,700 INFO] Train perplexity: 3.99856
[2024-03-08 16:09:46,700 INFO] Train accuracy: 70.1092
[2024-03-08 16:09:46,700 INFO] Sentences processed: 283551
[2024-03-08 16:09:46,700 INFO] Average bsz:  449/ 620/47
[2024-03-08 16:09:46,700 INFO] Validation perplexity: 199.577
[2024-03-08 16:09:46,701 INFO] Validation accuracy: 38.4417
[2024-03-08 16:09:46,701 INFO] Saving checkpoint gt-enc/gt_03_step_6000.pt
[2024-03-08 16:09:49,827 INFO] Step 6050/10000; acc: 75.2; ppl:   2.6; xent: 0.9; lr: 1.00000; sents:    2295; bsz:  449/ 613/46; 4327/5914 tok/s;    417 sec;
[2024-03-08 16:09:52,687 INFO] Step 6100/10000; acc: 76.1; ppl:   2.5; xent: 0.9; lr: 1.00000; sents:    2400; bsz:  445/ 620/48; 7783/10840 tok/s;    420 sec;
[2024-03-08 16:09:55,739 INFO] Step 6150/10000; acc: 74.8; ppl:   2.6; xent: 1.0; lr: 1.00000; sents:    2399; bsz:  456/ 635/48; 7473/10399 tok/s;    423 sec;
[2024-03-08 16:09:58,538 INFO] Step 6200/10000; acc: 74.6; ppl:   2.7; xent: 1.0; lr: 1.00000; sents:    2304; bsz:  442/ 608/46; 7904/10863 tok/s;    426 sec;
[2024-03-08 16:10:00,618 INFO] valid stats calculation
                           took: 2.0796422958374023 s.
[2024-03-08 16:10:00,618 INFO] Train perplexity: 3.94283
[2024-03-08 16:10:00,618 INFO] Train accuracy: 70.272
[2024-03-08 16:10:00,618 INFO] Sentences processed: 292949
[2024-03-08 16:10:00,618 INFO] Average bsz:  449/ 620/47
[2024-03-08 16:10:00,618 INFO] Validation perplexity: 218.708
[2024-03-08 16:10:00,618 INFO] Validation accuracy: 37.991
[2024-03-08 16:10:00,619 INFO] Saving checkpoint gt-enc/gt_03_step_6200.pt
[2024-03-08 16:10:03,672 INFO] Step 6250/10000; acc: 73.5; ppl:   2.8; xent: 1.0; lr: 1.00000; sents:    2403; bsz:  461/ 638/48; 4487/6217 tok/s;    431 sec;
[2024-03-08 16:10:06,616 INFO] Step 6300/10000; acc: 74.4; ppl:   2.7; xent: 1.0; lr: 1.00000; sents:    2401; bsz:  443/ 615/48; 7520/10447 tok/s;    434 sec;
[2024-03-08 16:10:09,509 INFO] Step 6350/10000; acc: 72.4; ppl:   3.0; xent: 1.1; lr: 1.00000; sents:    2399; bsz:  456/ 630/48; 7876/10888 tok/s;    437 sec;
[2024-03-08 16:10:12,109 INFO] Step 6400/10000; acc: 71.3; ppl:   3.2; xent: 1.2; lr: 1.00000; sents:    2395; bsz:  443/ 615/48; 8517/11828 tok/s;    439 sec;
[2024-03-08 16:10:14,147 INFO] valid stats calculation
                           took: 2.0375614166259766 s.
[2024-03-08 16:10:14,147 INFO] Train perplexity: 3.90514
[2024-03-08 16:10:14,147 INFO] Train accuracy: 70.3552
[2024-03-08 16:10:14,147 INFO] Sentences processed: 302547
[2024-03-08 16:10:14,147 INFO] Average bsz:  449/ 620/47
[2024-03-08 16:10:14,147 INFO] Validation perplexity: 173.471
[2024-03-08 16:10:14,147 INFO] Validation accuracy: 37.8622
[2024-03-08 16:10:14,148 INFO] Saving checkpoint gt-enc/gt_03_step_6400.pt
[2024-03-08 16:10:17,239 INFO] Step 6450/10000; acc: 69.6; ppl:   3.4; xent: 1.2; lr: 1.00000; sents:    2295; bsz:  442/ 610/46; 4307/5948 tok/s;    445 sec;
[2024-03-08 16:10:20,325 INFO] Step 6500/10000; acc: 68.1; ppl:   3.8; xent: 1.3; lr: 1.00000; sents:    2392; bsz:  468/ 640/48; 7589/10364 tok/s;    448 sec;
[2024-03-08 16:10:23,272 INFO] Step 6550/10000; acc: 69.4; ppl:   3.6; xent: 1.3; lr: 1.00000; sents:    2391; bsz:  444/ 619/48; 7536/10508 tok/s;    451 sec;
[2024-03-08 16:10:25,938 INFO] Step 6600/10000; acc: 67.7; ppl:   3.9; xent: 1.4; lr: 1.00000; sents:    2295; bsz:  442/ 606/46; 8293/11372 tok/s;    453 sec;
[2024-03-08 16:10:27,964 INFO] valid stats calculation
                           took: 2.025614023208618 s.
[2024-03-08 16:10:27,964 INFO] Train perplexity: 3.89776
[2024-03-08 16:10:27,964 INFO] Train accuracy: 70.3049
[2024-03-08 16:10:27,964 INFO] Sentences processed: 311920
[2024-03-08 16:10:27,964 INFO] Average bsz:  449/ 620/47
[2024-03-08 16:10:27,965 INFO] Validation perplexity: 205.501
[2024-03-08 16:10:27,965 INFO] Validation accuracy: 36.2202
[2024-03-08 16:10:27,965 INFO] Saving checkpoint gt-enc/gt_03_step_6600.pt
[2024-03-08 16:10:31,080 INFO] Step 6650/10000; acc: 66.2; ppl:   4.2; xent: 1.4; lr: 1.00000; sents:    2392; bsz:  464/ 634/48; 4514/6163 tok/s;    458 sec;
[2024-03-08 16:10:34,157 INFO] Step 6700/10000; acc: 67.0; ppl:   4.0; xent: 1.4; lr: 1.00000; sents:    2288; bsz:  438/ 604/46; 7120/9810 tok/s;    462 sec;
[2024-03-08 16:10:37,260 INFO] Step 6750/10000; acc: 66.8; ppl:   4.1; xent: 1.4; lr: 1.00000; sents:    2405; bsz:  446/ 623/48; 7190/10045 tok/s;    465 sec;
[2024-03-08 16:10:39,768 INFO] Step 6800/10000; acc: 65.4; ppl:   4.4; xent: 1.5; lr: 1.00000; sents:    2406; bsz:  465/ 638/48; 9263/12727 tok/s;    467 sec;
[2024-03-08 16:10:41,809 INFO] valid stats calculation
                           took: 2.0405054092407227 s.
[2024-03-08 16:10:41,810 INFO] Train perplexity: 3.90534
[2024-03-08 16:10:41,810 INFO] Train accuracy: 70.1877
[2024-03-08 16:10:41,810 INFO] Sentences processed: 321411
[2024-03-08 16:10:41,810 INFO] Average bsz:  449/ 620/47
[2024-03-08 16:10:41,810 INFO] Validation perplexity: 179.216
[2024-03-08 16:10:41,810 INFO] Validation accuracy: 37.1861
[2024-03-08 16:10:41,810 INFO] Saving checkpoint gt-enc/gt_03_step_6800.pt
[2024-03-08 16:10:44,807 INFO] Step 6850/10000; acc: 66.6; ppl:   4.2; xent: 1.4; lr: 1.00000; sents:    2301; bsz:  427/ 593/46; 4239/5883 tok/s;    472 sec;
[2024-03-08 16:10:47,823 INFO] Step 6900/10000; acc: 63.9; ppl:   4.8; xent: 1.6; lr: 1.00000; sents:    2399; bsz:  460/ 634/48; 7634/10515 tok/s;    475 sec;
[2024-03-08 16:10:50,734 INFO] Step 6950/10000; acc: 65.5; ppl:   4.6; xent: 1.5; lr: 1.00000; sents:    2396; bsz:  443/ 618/48; 7611/10610 tok/s;    478 sec;
[2024-03-08 16:10:53,338 INFO] Step 7000/10000; acc: 61.8; ppl:   5.5; xent: 1.7; lr: 1.00000; sents:    2281; bsz:  451/ 612/46; 8660/11757 tok/s;    481 sec;
[2024-03-08 16:10:55,358 INFO] valid stats calculation
                           took: 2.019465446472168 s.
[2024-03-08 16:10:55,358 INFO] Train perplexity: 3.9275
[2024-03-08 16:10:55,358 INFO] Train accuracy: 70.0244
[2024-03-08 16:10:55,358 INFO] Sentences processed: 330788
[2024-03-08 16:10:55,358 INFO] Average bsz:  449/ 620/47
[2024-03-08 16:10:55,358 INFO] Validation perplexity: 198.134
[2024-03-08 16:10:55,358 INFO] Validation accuracy: 35.7051
[2024-03-08 16:10:55,359 INFO] Saving checkpoint gt-enc/gt_03_step_7000.pt
[2024-03-08 16:10:58,354 INFO] Step 7050/10000; acc: 62.8; ppl:   5.3; xent: 1.7; lr: 1.00000; sents:    2393; bsz:  441/ 616/48; 4400/6141 tok/s;    486 sec;
[2024-03-08 16:11:01,477 INFO] Step 7100/10000; acc: 59.3; ppl:   6.7; xent: 1.9; lr: 1.00000; sents:    2295; bsz:  450/ 614/46; 7202/9841 tok/s;    489 sec;
[2024-03-08 16:11:04,447 INFO] Step 7150/10000; acc: 59.2; ppl:   6.7; xent: 1.9; lr: 1.00000; sents:    2487; bsz:  470/ 645/50; 7913/10854 tok/s;    492 sec;
[2024-03-08 16:11:07,246 INFO] Step 7200/10000; acc: 56.9; ppl:   8.6; xent: 2.1; lr: 1.00000; sents:    2295; bsz:  449/ 614/46; 8024/10967 tok/s;    495 sec;
[2024-03-08 16:11:09,276 INFO] valid stats calculation
                           took: 2.0295181274414062 s.
[2024-03-08 16:11:09,277 INFO] Train perplexity: 3.98649
[2024-03-08 16:11:09,277 INFO] Train accuracy: 69.7318
[2024-03-08 16:11:09,277 INFO] Sentences processed: 340258
[2024-03-08 16:11:09,277 INFO] Average bsz:  449/ 620/47
[2024-03-08 16:11:09,277 INFO] Validation perplexity: 259.399
[2024-03-08 16:11:09,277 INFO] Validation accuracy: 34.4173
[2024-03-08 16:11:09,277 INFO] Saving checkpoint gt-enc/gt_03_step_7200.pt
[2024-03-08 16:11:12,298 INFO] Step 7250/10000; acc: 57.8; ppl:   7.4; xent: 2.0; lr: 1.00000; sents:    2399; bsz:  452/ 627/48; 4477/6204 tok/s;    500 sec;
[2024-03-08 16:11:15,314 INFO] Step 7300/10000; acc: 56.8; ppl:   8.4; xent: 2.1; lr: 1.00000; sents:    2299; bsz:  430/ 594/46; 7128/9846 tok/s;    503 sec;
[2024-03-08 16:11:18,117 INFO] Step 7350/10000; acc: 54.8; ppl:   9.4; xent: 2.2; lr: 1.00000; sents:    2401; bsz:  457/ 629/48; 8158/11228 tok/s;    505 sec;
[2024-03-08 16:11:20,828 INFO] Step 7400/10000; acc: 53.4; ppl:  10.3; xent: 2.3; lr: 1.00000; sents:    2305; bsz:  449/ 608/46; 8280/11217 tok/s;    508 sec;
[2024-03-08 16:11:22,822 INFO] valid stats calculation
                           took: 1.9929344654083252 s.
[2024-03-08 16:11:22,822 INFO] Train perplexity: 4.07202
[2024-03-08 16:11:22,822 INFO] Train accuracy: 69.3563
[2024-03-08 16:11:22,822 INFO] Sentences processed: 349662
[2024-03-08 16:11:22,822 INFO] Average bsz:  449/ 620/47
[2024-03-08 16:11:22,822 INFO] Validation perplexity: 191.276
[2024-03-08 16:11:22,822 INFO] Validation accuracy: 35.9627
[2024-03-08 16:11:22,823 INFO] Saving checkpoint gt-enc/gt_03_step_7400.pt
[2024-03-08 16:11:25,804 INFO] Step 7450/10000; acc: 54.7; ppl:   9.4; xent: 2.2; lr: 1.00000; sents:    2500; bsz:  453/ 645/50; 4547/6482 tok/s;    513 sec;
[2024-03-08 16:11:28,740 INFO] Step 7500/10000; acc: 52.2; ppl:  11.0; xent: 2.4; lr: 1.00000; sents:    2300; bsz:  447/ 607/46; 7618/10336 tok/s;    516 sec;
[2024-03-08 16:11:31,570 INFO] Step 7550/10000; acc: 50.7; ppl:  12.7; xent: 2.5; lr: 1.00000; sents:    2299; bsz:  442/ 608/46; 7809/10741 tok/s;    519 sec;
[2024-03-08 16:11:34,381 INFO] Step 7600/10000; acc: 47.8; ppl:  19.4; xent: 3.0; lr: 1.00000; sents:    2393; bsz:  454/ 629/48; 8077/11182 tok/s;    522 sec;
[2024-03-08 16:11:36,367 INFO] valid stats calculation
                           took: 1.9862911701202393 s.
[2024-03-08 16:11:36,368 INFO] Train perplexity: 4.19551
[2024-03-08 16:11:36,368 INFO] Train accuracy: 68.8819
[2024-03-08 16:11:36,368 INFO] Sentences processed: 359154
[2024-03-08 16:11:36,368 INFO] Average bsz:  449/ 620/47
[2024-03-08 16:11:36,368 INFO] Validation perplexity: 271.383
[2024-03-08 16:11:36,368 INFO] Validation accuracy: 32.0026
[2024-03-08 16:11:36,369 INFO] Saving checkpoint gt-enc/gt_03_step_7600.pt
[2024-03-08 16:11:39,390 INFO] Step 7650/10000; acc: 50.5; ppl:  13.7; xent: 2.6; lr: 1.00000; sents:    2392; bsz:  444/ 617/48; 4428/6157 tok/s;    527 sec;
[2024-03-08 16:11:42,337 INFO] Step 7700/10000; acc: 48.4; ppl:  17.3; xent: 2.9; lr: 1.00000; sents:    2391; bsz:  443/ 616/48; 7516/10454 tok/s;    530 sec;
[2024-03-08 16:11:45,005 INFO] Step 7750/10000; acc: 46.2; ppl:  20.1; xent: 3.0; lr: 1.00000; sents:    2295; bsz:  448/ 612/46; 8394/11475 tok/s;    532 sec;
[2024-03-08 16:11:47,940 INFO] Step 7800/10000; acc: 47.0; ppl:  17.6; xent: 2.9; lr: 1.00000; sents:    2391; bsz:  459/ 636/48; 7824/10842 tok/s;    535 sec;
[2024-03-08 16:11:49,892 INFO] valid stats calculation
                           took: 1.9517619609832764 s.
[2024-03-08 16:11:49,892 INFO] Train perplexity: 4.34897
[2024-03-08 16:11:49,893 INFO] Train accuracy: 68.3463
[2024-03-08 16:11:49,893 INFO] Sentences processed: 368623
[2024-03-08 16:11:49,893 INFO] Average bsz:  449/ 620/47
[2024-03-08 16:11:49,893 INFO] Validation perplexity: 306.148
[2024-03-08 16:11:49,893 INFO] Validation accuracy: 29.6845
[2024-03-08 16:11:49,893 INFO] Saving checkpoint gt-enc/gt_03_step_7800.pt
[2024-03-08 16:11:52,843 INFO] Step 7850/10000; acc: 45.6; ppl:  22.9; xent: 3.1; lr: 1.00000; sents:    2400; bsz:  443/ 616/48; 4514/6287 tok/s;    540 sec;
[2024-03-08 16:11:55,934 INFO] Step 7900/10000; acc: 44.3; ppl:  23.8; xent: 3.2; lr: 1.00000; sents:    2302; bsz:  443/ 610/46; 7157/9870 tok/s;    543 sec;
[2024-03-08 16:11:58,503 INFO] Step 7950/10000; acc: 43.0; ppl:  27.6; xent: 3.3; lr: 1.00000; sents:    2401; bsz:  459/ 636/48; 8930/12380 tok/s;    546 sec;
[2024-03-08 16:12:01,350 INFO] Step 8000/10000; acc: 45.3; ppl:  22.2; xent: 3.1; lr: 1.00000; sents:    2403; bsz:  445/ 619/48; 7817/10870 tok/s;    549 sec;
[2024-03-08 16:12:03,351 INFO] valid stats calculation
                           took: 2.00016188621521 s.
[2024-03-08 16:12:03,351 INFO] Train perplexity: 4.53928
[2024-03-08 16:12:03,351 INFO] Train accuracy: 67.751
[2024-03-08 16:12:03,351 INFO] Sentences processed: 378129
[2024-03-08 16:12:03,351 INFO] Average bsz:  449/ 620/47
[2024-03-08 16:12:03,352 INFO] Validation perplexity: 296.989
[2024-03-08 16:12:03,352 INFO] Validation accuracy: 31.745
[2024-03-08 16:12:03,352 INFO] Saving checkpoint gt-enc/gt_03_step_8000.pt
[2024-03-08 16:12:06,321 INFO] Step 8050/10000; acc: 42.8; ppl:  30.1; xent: 3.4; lr: 1.00000; sents:    2304; bsz:  442/ 606/46; 4448/6099 tok/s;    554 sec;
[2024-03-08 16:12:09,267 INFO] Step 8100/10000; acc: 40.4; ppl:  45.0; xent: 3.8; lr: 1.00000; sents:    2399; bsz:  454/ 629/48; 7708/10685 tok/s;    557 sec;
[2024-03-08 16:12:11,876 INFO] Step 8150/10000; acc: 38.5; ppl:  56.1; xent: 4.0; lr: 1.00000; sents:    2298; bsz:  447/ 610/46; 8569/11682 tok/s;    559 sec;
[2024-03-08 16:12:14,835 INFO] Step 8200/10000; acc: 38.3; ppl:  56.8; xent: 4.0; lr: 1.00000; sents:    2393; bsz:  448/ 625/48; 7578/10564 tok/s;    562 sec;
[2024-03-08 16:12:16,820 INFO] valid stats calculation
                           took: 1.9839088916778564 s.
[2024-03-08 16:12:16,820 INFO] Train perplexity: 4.80122
[2024-03-08 16:12:16,820 INFO] Train accuracy: 67.0765
[2024-03-08 16:12:16,820 INFO] Sentences processed: 387523
[2024-03-08 16:12:16,820 INFO] Average bsz:  449/ 620/47
[2024-03-08 16:12:16,820 INFO] Validation perplexity: 261.427
[2024-03-08 16:12:16,820 INFO] Validation accuracy: 30.6825
[2024-03-08 16:12:16,821 INFO] Saving checkpoint gt-enc/gt_03_step_8200.pt
[2024-03-08 16:12:19,997 INFO] Step 8250/10000; acc: 36.9; ppl:  61.3; xent: 4.1; lr: 1.00000; sents:    2392; bsz:  468/ 639/48; 4530/6191 tok/s;    567 sec;
[2024-03-08 16:12:23,047 INFO] Step 8300/10000; acc: 35.9; ppl:  75.0; xent: 4.3; lr: 1.00000; sents:    2391; bsz:  462/ 633/48; 7575/10374 tok/s;    570 sec;
[2024-03-08 16:12:25,529 INFO] Step 8350/10000; acc: 36.0; ppl:  74.7; xent: 4.3; lr: 1.00000; sents:    2279; bsz:  436/ 599/46; 8794/12067 tok/s;    573 sec;
[2024-03-08 16:12:28,471 INFO] Step 8400/10000; acc: 34.9; ppl: 116.0; xent: 4.8; lr: 1.00000; sents:    2392; bsz:  441/ 618/48; 7500/10501 tok/s;    576 sec;
[2024-03-08 16:12:30,494 INFO] valid stats calculation
                           took: 2.022257089614868 s.
[2024-03-08 16:12:30,494 INFO] Train perplexity: 5.13391
[2024-03-08 16:12:30,494 INFO] Train accuracy: 66.3325
[2024-03-08 16:12:30,494 INFO] Sentences processed: 396977
[2024-03-08 16:12:30,494 INFO] Average bsz:  449/ 620/47
[2024-03-08 16:12:30,494 INFO] Validation perplexity: 652.965
[2024-03-08 16:12:30,494 INFO] Validation accuracy: 26.8191
[2024-03-08 16:12:30,495 INFO] Saving checkpoint gt-enc/gt_03_step_8400.pt
[2024-03-08 16:12:33,544 INFO] Step 8450/10000; acc: 34.0; ppl: 107.0; xent: 4.7; lr: 1.00000; sents:    2298; bsz:  441/ 606/46; 4349/5971 tok/s;    581 sec;
[2024-03-08 16:12:36,574 INFO] Step 8500/10000; acc: 34.4; ppl:  95.0; xent: 4.6; lr: 1.00000; sents:    2507; bsz:  465/ 650/50; 7672/10734 tok/s;    584 sec;
[2024-03-08 16:12:39,100 INFO] Step 8550/10000; acc: 33.5; ppl:  87.1; xent: 4.5; lr: 1.00000; sents:    2303; bsz:  446/ 609/46; 8830/12067 tok/s;    586 sec;
[2024-03-08 16:12:42,037 INFO] Step 8600/10000; acc: 34.8; ppl:  81.8; xent: 4.4; lr: 1.00000; sents:    2404; bsz:  445/ 620/48; 7581/10559 tok/s;    589 sec;
[2024-03-08 16:12:44,019 INFO] valid stats calculation
                           took: 1.9817674160003662 s.
[2024-03-08 16:12:44,019 INFO] Train perplexity: 5.49153
[2024-03-08 16:12:44,019 INFO] Train accuracy: 65.5827
[2024-03-08 16:12:44,019 INFO] Sentences processed: 406489
[2024-03-08 16:12:44,019 INFO] Average bsz:  449/ 620/47
[2024-03-08 16:12:44,019 INFO] Validation perplexity: 412.464
[2024-03-08 16:12:44,019 INFO] Validation accuracy: 28.3645
[2024-03-08 16:12:44,020 INFO] Saving checkpoint gt-enc/gt_03_step_8600.pt
[2024-03-08 16:12:47,054 INFO] Step 8650/10000; acc: 31.1; ppl: 148.3; xent: 5.0; lr: 1.00000; sents:    2288; bsz:  436/ 600/46; 4347/5982 tok/s;    594 sec;
[2024-03-08 16:12:49,959 INFO] Step 8700/10000; acc: 30.5; ppl: 170.3; xent: 5.1; lr: 1.00000; sents:    2396; bsz:  457/ 629/48; 7862/10828 tok/s;    597 sec;
[2024-03-08 16:12:52,539 INFO] Step 8750/10000; acc: 31.5; ppl: 128.9; xent: 4.9; lr: 1.00000; sents:    2392; bsz:  448/ 621/48; 8682/12033 tok/s;    600 sec;
[2024-03-08 16:12:55,578 INFO] Step 8800/10000; acc: 30.5; ppl: 153.2; xent: 5.0; lr: 1.00000; sents:    2393; bsz:  471/ 638/48; 7759/10499 tok/s;    603 sec;
[2024-03-08 16:12:57,580 INFO] valid stats calculation
                           took: 2.00227952003479 s.
[2024-03-08 16:12:57,581 INFO] Train perplexity: 5.92129
[2024-03-08 16:12:57,581 INFO] Train accuracy: 64.7919
[2024-03-08 16:12:57,581 INFO] Sentences processed: 415958
[2024-03-08 16:12:57,581 INFO] Average bsz:  449/ 620/47
[2024-03-08 16:12:57,581 INFO] Validation perplexity: 750.478
[2024-03-08 16:12:57,581 INFO] Validation accuracy: 25.9498
[2024-03-08 16:12:57,582 INFO] Saving checkpoint gt-enc/gt_03_step_8800.pt
[2024-03-08 16:13:00,644 INFO] Step 8850/10000; acc: 29.1; ppl: 169.5; xent: 5.1; lr: 1.00000; sents:    2295; bsz:  451/ 615/46; 4447/6066 tok/s;    608 sec;
[2024-03-08 16:13:03,570 INFO] Step 8900/10000; acc: 30.1; ppl: 170.0; xent: 5.1; lr: 1.00000; sents:    2391; bsz:  439/ 613/48; 7497/10472 tok/s;    611 sec;
[2024-03-08 16:13:06,215 INFO] Step 8950/10000; acc: 26.4; ppl: 308.7; xent: 5.7; lr: 1.00000; sents:    2290; bsz:  439/ 602/46; 8302/11390 tok/s;    614 sec;
[2024-03-08 16:13:09,216 INFO] Step 9000/10000; acc: 25.9; ppl: 450.9; xent: 6.1; lr: 1.00000; sents:    2400; bsz:  453/ 628/48; 7554/10460 tok/s;    617 sec;
[2024-03-08 16:13:11,281 INFO] valid stats calculation
                           took: 2.063981294631958 s.
[2024-03-08 16:13:11,281 INFO] Train perplexity: 6.43146
[2024-03-08 16:13:11,281 INFO] Train accuracy: 63.9794
[2024-03-08 16:13:11,281 INFO] Sentences processed: 425334
[2024-03-08 16:13:11,281 INFO] Average bsz:  449/ 620/47
[2024-03-08 16:13:11,281 INFO] Validation perplexity: 654.376
[2024-03-08 16:13:11,281 INFO] Validation accuracy: 24.7263
[2024-03-08 16:13:11,282 INFO] Saving checkpoint gt-enc/gt_03_step_9000.pt
[2024-03-08 16:13:14,391 INFO] Step 9050/10000; acc: 24.1; ppl: 594.7; xent: 6.4; lr: 1.00000; sents:    2302; bsz:  450/ 609/46; 4344/5881 tok/s;    622 sec;
[2024-03-08 16:13:17,180 INFO] Step 9100/10000; acc: 23.2; ppl: 661.1; xent: 6.5; lr: 1.00000; sents:    2498; bsz:  454/ 646/50; 8133/11576 tok/s;    625 sec;
[2024-03-08 16:13:19,832 INFO] Step 9150/10000; acc: 21.5; ppl: 1349.2; xent: 7.2; lr: 1.00000; sents:    2305; bsz:  449/ 608/46; 8462/11470 tok/s;    627 sec;
[2024-03-08 16:13:22,823 INFO] Step 9200/10000; acc: 21.6; ppl: 659.9; xent: 6.5; lr: 1.00000; sents:    2305; bsz:  443/ 611/46; 7405/10207 tok/s;    630 sec;
[2024-03-08 16:13:24,817 INFO] valid stats calculation
                           took: 1.9940485954284668 s.
[2024-03-08 16:13:24,818 INFO] Train perplexity: 7.13415
[2024-03-08 16:13:24,818 INFO] Train accuracy: 63.0823
[2024-03-08 16:13:24,818 INFO] Sentences processed: 434744
[2024-03-08 16:13:24,818 INFO] Average bsz:  449/ 620/47
[2024-03-08 16:13:24,818 INFO] Validation perplexity: 795.355
[2024-03-08 16:13:24,818 INFO] Validation accuracy: 23.1487
[2024-03-08 16:13:24,818 INFO] Saving checkpoint gt-enc/gt_03_step_9200.pt
[2024-03-08 16:13:27,791 INFO] Step 9250/10000; acc: 25.6; ppl: 383.4; xent: 5.9; lr: 1.00000; sents:    2399; bsz:  444/ 618/48; 4466/6216 tok/s;    635 sec;
[2024-03-08 16:13:30,568 INFO] Step 9300/10000; acc: 23.4; ppl: 490.8; xent: 6.2; lr: 1.00000; sents:    2395; bsz:  453/ 629/48; 8161/11334 tok/s;    638 sec;
[2024-03-08 16:13:33,329 INFO] Step 9350/10000; acc: 20.7; ppl: 831.2; xent: 6.7; lr: 1.00000; sents:    2297; bsz:  447/ 610/46; 8095/11051 tok/s;    641 sec;
[2024-03-08 16:13:36,274 INFO] Step 9400/10000; acc: 20.5; ppl: 924.9; xent: 6.8; lr: 1.00000; sents:    2392; bsz:  444/ 617/48; 7542/10478 tok/s;    644 sec;
[2024-03-08 16:13:38,266 INFO] valid stats calculation
                           took: 1.9912445545196533 s.
[2024-03-08 16:13:38,267 INFO] Train perplexity: 7.84243
[2024-03-08 16:13:38,267 INFO] Train accuracy: 62.222
[2024-03-08 16:13:38,267 INFO] Sentences processed: 444227
[2024-03-08 16:13:38,267 INFO] Average bsz:  449/ 620/47
[2024-03-08 16:13:38,267 INFO] Validation perplexity: 748.733
[2024-03-08 16:13:38,267 INFO] Validation accuracy: 18.5448
[2024-03-08 16:13:38,267 INFO] Saving checkpoint gt-enc/gt_03_step_9400.pt
[2024-03-08 16:13:41,412 INFO] Step 9450/10000; acc: 19.4; ppl: 906.6; xent: 6.8; lr: 1.00000; sents:    2391; bsz:  460/ 636/48; 4478/6192 tok/s;    649 sec;
[2024-03-08 16:13:44,288 INFO] Step 9500/10000; acc: 18.5; ppl: 1412.9; xent: 7.3; lr: 1.00000; sents:    2293; bsz:  442/ 610/46; 7686/10611 tok/s;    652 sec;
[2024-03-08 16:13:47,159 INFO] Step 9550/10000; acc: 19.7; ppl: 1492.9; xent: 7.3; lr: 1.00000; sents:    2392; bsz:  455/ 631/48; 7917/10981 tok/s;    655 sec;
[2024-03-08 16:13:50,173 INFO] Step 9600/10000; acc: 18.9; ppl: 3833.7; xent: 8.3; lr: 1.00000; sents:    2400; bsz:  443/ 617/48; 7357/10242 tok/s;    658 sec;
[2024-03-08 16:13:52,201 INFO] valid stats calculation
                           took: 2.0273101329803467 s.
[2024-03-08 16:13:52,202 INFO] Train perplexity: 8.77146
[2024-03-08 16:13:52,202 INFO] Train accuracy: 61.319
[2024-03-08 16:13:52,202 INFO] Sentences processed: 453703
[2024-03-08 16:13:52,202 INFO] Average bsz:  449/ 620/47
[2024-03-08 16:13:52,202 INFO] Validation perplexity: 3463.14
[2024-03-08 16:13:52,202 INFO] Validation accuracy: 17.0959
[2024-03-08 16:13:52,202 INFO] Saving checkpoint gt-enc/gt_03_step_9600.pt
[2024-03-08 16:13:55,282 INFO] Step 9650/10000; acc: 17.4; ppl: 2534.0; xent: 7.8; lr: 1.00000; sents:    2303; bsz:  445/ 609/46; 4359/5965 tok/s;    663 sec;
[2024-03-08 16:13:57,862 INFO] Step 9700/10000; acc: 21.8; ppl: 615.9; xent: 6.4; lr: 1.00000; sents:    2497; bsz:  459/ 643/50; 8891/12460 tok/s;    665 sec;
[2024-03-08 16:14:00,214 INFO] Step 9750/10000; acc: 20.6; ppl: 787.9; xent: 6.7; lr: 1.00000; sents:    2307; bsz:  444/ 608/46; 9440/12930 tok/s;    668 sec;
[2024-03-08 16:14:03,874 INFO] Step 9800/10000; acc: 20.9; ppl: 782.7; xent: 6.7; lr: 1.00000; sents:    2400; bsz:  467/ 638/48; 6380/8720 tok/s;    671 sec;
[2024-03-08 16:14:07,180 INFO] valid stats calculation
                           took: 3.305443048477173 s.
[2024-03-08 16:14:07,181 INFO] Train perplexity: 9.66507
[2024-03-08 16:14:07,181 INFO] Train accuracy: 60.4737
[2024-03-08 16:14:07,181 INFO] Sentences processed: 463210
[2024-03-08 16:14:07,181 INFO] Average bsz:  449/ 620/47
[2024-03-08 16:14:07,181 INFO] Validation perplexity: 1549.71
[2024-03-08 16:14:07,181 INFO] Validation accuracy: 21.0882
[2024-03-08 16:14:07,181 INFO] Saving checkpoint gt-enc/gt_03_step_9800.pt
[2024-03-08 16:14:10,469 INFO] Step 9850/10000; acc: 14.7; ppl: 2350.1; xent: 7.8; lr: 1.00000; sents:    2399; bsz:  447/ 625/48; 3393/4739 tok/s;    678 sec;
[2024-03-08 16:14:13,800 INFO] Step 9900/10000; acc: 16.0; ppl: 1446.5; xent: 7.3; lr: 1.00000; sents:    2298; bsz:  448/ 611/46; 6730/9166 tok/s;    681 sec;
[2024-03-08 16:14:16,318 INFO] Step 9950/10000; acc: 16.6; ppl: 1243.9; xent: 7.1; lr: 1.00000; sents:    2281; bsz:  437/ 601/46; 8688/11939 tok/s;    684 sec;
[2024-03-08 16:14:19,273 INFO] Step 10000/10000; acc: 16.2; ppl: 1517.8; xent: 7.3; lr: 1.00000; sents:    2392; bsz:  462/ 635/48; 7823/10749 tok/s;    687 sec;
[2024-03-08 16:14:22,108 INFO] valid stats calculation
                           took: 2.834883689880371 s.
[2024-03-08 16:14:22,109 INFO] Train perplexity: 10.7009
[2024-03-08 16:14:22,109 INFO] Train accuracy: 59.5846
[2024-03-08 16:14:22,109 INFO] Sentences processed: 472580
[2024-03-08 16:14:22,109 INFO] Average bsz:  449/ 620/47
[2024-03-08 16:14:22,109 INFO] Validation perplexity: 4503.94
[2024-03-08 16:14:22,109 INFO] Validation accuracy: 17.0959
[2024-03-08 16:14:22,110 INFO] Saving checkpoint gt-enc/gt_03_step_10000.pt
