[2024-03-11 16:18:32,816 WARNING] Corpus corpus_1's weight should be given. We default it to 1 for you.
[2024-03-11 16:18:32,817 INFO] Parsed 2 corpora from -data.
[2024-03-11 16:18:32,817 INFO] Get special vocabs from Transforms: {'src': [], 'tgt': []}.
[2024-03-11 16:18:32,855 INFO] Reading encoder embeddings from en_w2v.txt
[2024-03-11 16:19:08,591 INFO] 	Found 3000000 total vectors in file.
[2024-03-11 16:19:08,591 INFO] After filtering to vectors in vocab:
[2024-03-11 16:19:08,595 INFO] 	* enc: 14009 match, 3807 missing, (78.63%)
[2024-03-11 16:19:08,596 INFO] 
Saving encoder embeddings as:
	* enc: tg-pt-enc.enc_embeddings.pt
[2024-03-11 16:19:37,295 INFO] The first 10 tokens of the vocabs are:['<unk>', '<blank>', '<s>', '</s>', '.', 'the', ',', 'of', 'to', 'is']
[2024-03-11 16:19:37,295 INFO] The decoder start token is: <s>
[2024-03-11 16:19:37,295 INFO] Building model...
[2024-03-11 16:19:37,503 INFO] Switching model to float32 for amp/apex_amp
[2024-03-11 16:19:37,503 INFO] Non quantized layer compute is fp32
[2024-03-11 16:19:39,363 INFO] NMTModel(
  (encoder): RNNEncoder(
    (embeddings): Embeddings(
      (make_embedding): Sequential(
        (emb_luts): Elementwise(
          (0): Embedding(17816, 300, padding_idx=1)
        )
      )
      (dropout): Dropout(p=0.3, inplace=False)
    )
    (rnn): LSTM(300, 500, num_layers=2, batch_first=True, dropout=0.3)
  )
  (decoder): InputFeedRNNDecoder(
    (embeddings): Embeddings(
      (make_embedding): Sequential(
        (emb_luts): Elementwise(
          (0): Embedding(14144, 300, padding_idx=1)
        )
      )
      (dropout): Dropout(p=0.3, inplace=False)
    )
    (dropout): Dropout(p=0.3, inplace=False)
    (rnn): StackedLSTM(
      (dropout): Dropout(p=0.3, inplace=False)
      (layers): ModuleList(
        (0): LSTMCell(800, 500)
        (1): LSTMCell(500, 500)
      )
    )
    (attn): GlobalAttention(
      (linear_in): Linear(in_features=500, out_features=500, bias=False)
      (linear_out): Linear(in_features=1000, out_features=500, bias=False)
    )
  )
  (generator): Linear(in_features=500, out_features=14144, bias=True)
)
[2024-03-11 16:19:39,363 INFO] encoder: 8952800
[2024-03-11 16:19:39,364 INFO] decoder: 16687344
[2024-03-11 16:19:39,364 INFO] * number of parameters: 25640144
[2024-03-11 16:19:39,364 INFO] Trainable parameters = {'torch.float32': 25640144, 'torch.float16': 0, 'torch.uint8': 0, 'torch.int8': 0}
[2024-03-11 16:19:39,364 INFO] Non trainable parameters = {'torch.float32': 0, 'torch.float16': 0, 'torch.uint8': 0, 'torch.int8': 0}
[2024-03-11 16:19:39,364 INFO]  * src vocab size = 17816
[2024-03-11 16:19:39,364 INFO]  * tgt vocab size = 14144
[2024-03-11 16:19:39,365 INFO] Starting training on GPU: [0]
[2024-03-11 16:19:39,365 INFO] Start training loop and validate every 200 steps...
[2024-03-11 16:19:39,366 INFO] Scoring with: TransformPipe(InferFeatsTransform())
[2024-03-11 16:19:57,551 INFO] Step 50/10000; acc: 5.3; ppl: 77528.5; xent: 11.3; lr: 1.00000; sents:    3200; bsz:  973/ 841/64; 2675/2313 tok/s;     18 sec;
[2024-03-11 16:19:58,758 INFO] Step 100/10000; acc: 6.6; ppl: 6133.8; xent: 8.7; lr: 1.00000; sents:    3200; bsz:  833/ 718/64; 34528/29742 tok/s;     19 sec;
[2024-03-11 16:19:59,938 INFO] Step 150/10000; acc: 7.4; ppl: 1606.1; xent: 7.4; lr: 1.00000; sents:    3200; bsz:  833/ 718/64; 35332/30447 tok/s;     21 sec;
[2024-03-11 16:20:01,177 INFO] Step 200/10000; acc: 7.3; ppl: 1214.5; xent: 7.1; lr: 1.00000; sents:    3200; bsz:  862/ 759/64; 34784/30636 tok/s;     22 sec;
[2024-03-11 16:20:04,947 INFO] valid stats calculation
                           took: 3.7696757316589355 s.
[2024-03-11 16:20:04,948 INFO] Train perplexity: 6019.1
[2024-03-11 16:20:04,948 INFO] Train accuracy: 6.57617
[2024-03-11 16:20:04,948 INFO] Sentences processed: 12800
[2024-03-11 16:20:04,948 INFO] Average bsz:  875/ 759/64
[2024-03-11 16:20:04,948 INFO] Validation perplexity: 18953.8
[2024-03-11 16:20:04,948 INFO] Validation accuracy: 0
[2024-03-11 16:20:04,949 INFO] Saving checkpoint tg-pt-enc/tg-pt-enc_01_step_200.pt
[2024-03-11 16:20:06,331 INFO] Step 250/10000; acc: 8.6; ppl: 864.6; xent: 6.8; lr: 1.00000; sents:    3200; bsz:  914/ 795/64; 8867/7712 tok/s;     27 sec;
[2024-03-11 16:20:07,620 INFO] Step 300/10000; acc: 9.1; ppl: 678.7; xent: 6.5; lr: 1.00000; sents:    3200; bsz:  924/ 824/64; 35857/31964 tok/s;     28 sec;
[2024-03-11 16:20:08,811 INFO] Step 350/10000; acc: 11.8; ppl: 591.8; xent: 6.4; lr: 1.00000; sents:    3200; bsz:  874/ 752/64; 36721/31596 tok/s;     29 sec;
[2024-03-11 16:20:10,066 INFO] Step 400/10000; acc: 11.4; ppl: 571.4; xent: 6.3; lr: 1.00000; sents:    3200; bsz:  909/ 787/64; 36196/31353 tok/s;     31 sec;
[2024-03-11 16:20:13,877 INFO] valid stats calculation
                           took: 3.8101344108581543 s.
[2024-03-11 16:20:13,877 INFO] Train perplexity: 1963.74
[2024-03-11 16:20:13,877 INFO] Train accuracy: 8.41892
[2024-03-11 16:20:13,877 INFO] Sentences processed: 25600
[2024-03-11 16:20:13,877 INFO] Average bsz:  890/ 774/64
[2024-03-11 16:20:13,877 INFO] Validation perplexity: 10659.7
[2024-03-11 16:20:13,877 INFO] Validation accuracy: 4.21179
[2024-03-11 16:20:13,879 INFO] Saving checkpoint tg-pt-enc/tg-pt-enc_01_step_400.pt
[2024-03-11 16:20:16,011 INFO] Step 450/10000; acc: 12.7; ppl: 500.5; xent: 6.2; lr: 1.00000; sents:    3200; bsz:  913/ 794/64; 7677/6675 tok/s;     37 sec;
[2024-03-11 16:20:17,945 INFO] Step 500/10000; acc: 16.0; ppl: 398.8; xent: 6.0; lr: 1.00000; sents:    3200; bsz:  886/ 759/64; 22898/19623 tok/s;     39 sec;
[2024-03-11 16:20:20,079 INFO] Step 550/10000; acc: 15.9; ppl: 387.8; xent: 6.0; lr: 1.00000; sents:    3200; bsz:  947/ 815/64; 22195/19106 tok/s;     41 sec;
[2024-03-11 16:20:21,742 INFO] Step 600/10000; acc: 17.6; ppl: 423.6; xent: 6.0; lr: 1.00000; sents:    3200; bsz:  934/ 781/64; 28100/23475 tok/s;     42 sec;
[2024-03-11 16:20:25,602 INFO] valid stats calculation
                           took: 3.859394073486328 s.
[2024-03-11 16:20:25,602 INFO] Train perplexity: 1172.98
[2024-03-11 16:20:25,602 INFO] Train accuracy: 10.8251
[2024-03-11 16:20:25,602 INFO] Sentences processed: 38400
[2024-03-11 16:20:25,602 INFO] Average bsz:  900/ 779/64
[2024-03-11 16:20:25,602 INFO] Validation perplexity: 8347.46
[2024-03-11 16:20:25,602 INFO] Validation accuracy: 4.85359
[2024-03-11 16:20:25,604 INFO] Saving checkpoint tg-pt-enc/tg-pt-enc_01_step_600.pt
[2024-03-11 16:20:27,777 INFO] Step 650/10000; acc: 19.7; ppl: 276.7; xent: 5.6; lr: 1.00000; sents:    3200; bsz:  922/ 802/64; 7636/6647 tok/s;     48 sec;
[2024-03-11 16:20:29,577 INFO] Step 700/10000; acc: 23.8; ppl: 228.3; xent: 5.4; lr: 1.00000; sents:    3200; bsz:  804/ 664/64; 22327/18456 tok/s;     50 sec;
[2024-03-11 16:20:31,545 INFO] Step 750/10000; acc: 27.1; ppl: 194.2; xent: 5.3; lr: 1.00000; sents:    3200; bsz:  859/ 741/64; 21828/18825 tok/s;     52 sec;
[2024-03-11 16:20:33,418 INFO] Step 800/10000; acc: 35.6; ppl: 104.8; xent: 4.7; lr: 1.00000; sents:    3200; bsz:  841/ 719/64; 22449/19205 tok/s;     54 sec;
[2024-03-11 16:20:37,066 INFO] valid stats calculation
                           took: 3.647477149963379 s.
[2024-03-11 16:20:37,066 INFO] Train perplexity: 760.574
[2024-03-11 16:20:37,066 INFO] Train accuracy: 14.5468
[2024-03-11 16:20:37,066 INFO] Sentences processed: 51200
[2024-03-11 16:20:37,066 INFO] Average bsz:  889/ 767/64
[2024-03-11 16:20:37,066 INFO] Validation perplexity: 56091.5
[2024-03-11 16:20:37,066 INFO] Validation accuracy: 9.66707
[2024-03-11 16:20:37,068 INFO] Saving checkpoint tg-pt-enc/tg-pt-enc_01_step_800.pt
[2024-03-11 16:20:39,160 INFO] Step 850/10000; acc: 44.8; ppl:  51.6; xent: 3.9; lr: 1.00000; sents:    3200; bsz:  873/ 788/64; 7602/6861 tok/s;     60 sec;
[2024-03-11 16:20:41,081 INFO] Step 900/10000; acc: 50.3; ppl:  35.5; xent: 3.6; lr: 1.00000; sents:    3200; bsz:  851/ 734/64; 22157/19107 tok/s;     62 sec;
[2024-03-11 16:20:43,028 INFO] Step 950/10000; acc: 58.7; ppl:  18.9; xent: 2.9; lr: 1.00000; sents:    3200; bsz:  875/ 742/64; 22484/19070 tok/s;     64 sec;
[2024-03-11 16:20:45,033 INFO] Step 1000/10000; acc: 64.4; ppl:  12.3; xent: 2.5; lr: 1.00000; sents:    3200; bsz:  881/ 760/64; 21969/18960 tok/s;     66 sec;
[2024-03-11 16:20:48,650 INFO] valid stats calculation
                           took: 3.6166741847991943 s.
[2024-03-11 16:20:48,650 INFO] Train perplexity: 389.159
[2024-03-11 16:20:48,650 INFO] Train accuracy: 22.4462
[2024-03-11 16:20:48,650 INFO] Sentences processed: 64000
[2024-03-11 16:20:48,650 INFO] Average bsz:  885/ 765/64
[2024-03-11 16:20:48,650 INFO] Validation perplexity: 222145
[2024-03-11 16:20:48,650 INFO] Validation accuracy: 8.42359
[2024-03-11 16:20:48,652 INFO] Saving checkpoint tg-pt-enc/tg-pt-enc_01_step_1000.pt
[2024-03-11 16:20:50,274 INFO] Step 1050/10000; acc: 68.1; ppl:   9.3; xent: 2.2; lr: 1.00000; sents:    3200; bsz:  906/ 767/64; 8646/7315 tok/s;     71 sec;
[2024-03-11 16:20:52,268 INFO] Step 1100/10000; acc: 73.3; ppl:   6.4; xent: 1.8; lr: 1.00000; sents:    3200; bsz:  859/ 751/64; 21541/18825 tok/s;     73 sec;
[2024-03-11 16:20:54,376 INFO] Step 1150/10000; acc: 75.6; ppl:   5.5; xent: 1.7; lr: 1.00000; sents:    3200; bsz:  891/ 780/64; 21129/18488 tok/s;     75 sec;
[2024-03-11 16:20:56,293 INFO] Step 1200/10000; acc: 76.6; ppl:   5.1; xent: 1.6; lr: 1.00000; sents:    3200; bsz:  851/ 732/64; 22205/19090 tok/s;     77 sec;
[2024-03-11 16:20:59,921 INFO] valid stats calculation
                           took: 3.627537965774536 s.
[2024-03-11 16:20:59,922 INFO] Train perplexity: 197.465
[2024-03-11 16:20:59,922 INFO] Train accuracy: 30.861
[2024-03-11 16:20:59,922 INFO] Sentences processed: 76800
[2024-03-11 16:20:59,922 INFO] Average bsz:  884/ 763/64
[2024-03-11 16:20:59,922 INFO] Validation perplexity: 657754
[2024-03-11 16:20:59,922 INFO] Validation accuracy: 7.54112
[2024-03-11 16:20:59,924 INFO] Saving checkpoint tg-pt-enc/tg-pt-enc_01_step_1200.pt
[2024-03-11 16:21:01,239 INFO] Step 1250/10000; acc: 78.5; ppl:   4.4; xent: 1.5; lr: 1.00000; sents:    3200; bsz:  861/ 750/64; 8709/7584 tok/s;     82 sec;
[2024-03-11 16:21:03,070 INFO] Step 1300/10000; acc: 79.8; ppl:   4.1; xent: 1.4; lr: 1.00000; sents:    3200; bsz:  826/ 723/64; 22544/19748 tok/s;     84 sec;
[2024-03-11 16:21:04,916 INFO] Step 1350/10000; acc: 80.6; ppl:   3.9; xent: 1.4; lr: 1.00000; sents:    3200; bsz:  785/ 694/64; 21254/18807 tok/s;     86 sec;
[2024-03-11 16:21:06,982 INFO] Step 1400/10000; acc: 80.8; ppl:   3.9; xent: 1.4; lr: 1.00000; sents:    3200; bsz:  885/ 744/64; 21430/18006 tok/s;     88 sec;
[2024-03-11 16:21:10,610 INFO] valid stats calculation
                           took: 3.627810001373291 s.
[2024-03-11 16:21:10,610 INFO] Train perplexity: 115.956
[2024-03-11 16:21:10,611 INFO] Train accuracy: 37.5868
[2024-03-11 16:21:10,611 INFO] Sentences processed: 89600
[2024-03-11 16:21:10,611 INFO] Average bsz:  878/ 758/64
[2024-03-11 16:21:10,611 INFO] Validation perplexity: 1.94652e+06
[2024-03-11 16:21:10,611 INFO] Validation accuracy: 8.54392
[2024-03-11 16:21:10,612 INFO] Saving checkpoint tg-pt-enc/tg-pt-enc_01_step_1400.pt
[2024-03-11 16:21:11,872 INFO] Step 1450/10000; acc: 81.6; ppl:   3.7; xent: 1.3; lr: 1.00000; sents:    3200; bsz:  833/ 725/64; 8520/7414 tok/s;     93 sec;
[2024-03-11 16:21:13,408 INFO] Step 1500/10000; acc: 82.2; ppl:   3.5; xent: 1.3; lr: 1.00000; sents:    3200; bsz:  888/ 773/64; 28935/25183 tok/s;     94 sec;
[2024-03-11 16:21:15,409 INFO] Step 1550/10000; acc: 83.7; ppl:   3.1; xent: 1.1; lr: 1.00000; sents:    3200; bsz:  867/ 752/64; 21653/18801 tok/s;     96 sec;
[2024-03-11 16:21:17,366 INFO] Step 1600/10000; acc: 83.3; ppl:   3.3; xent: 1.2; lr: 1.00000; sents:    3200; bsz:  862/ 738/64; 22025/18860 tok/s;     98 sec;
[2024-03-11 16:21:20,889 INFO] valid stats calculation
                           took: 3.52193284034729 s.
[2024-03-11 16:21:20,889 INFO] Train perplexity: 75.0539
[2024-03-11 16:21:20,889 INFO] Train accuracy: 43.1533
[2024-03-11 16:21:20,889 INFO] Sentences processed: 102400
[2024-03-11 16:21:20,889 INFO] Average bsz:  876/ 757/64
[2024-03-11 16:21:20,889 INFO] Validation perplexity: 2.37398e+06
[2024-03-11 16:21:20,889 INFO] Validation accuracy: 8.82471
[2024-03-11 16:21:20,891 INFO] Saving checkpoint tg-pt-enc/tg-pt-enc_01_step_1600.pt
[2024-03-11 16:21:22,088 INFO] Step 1650/10000; acc: 84.6; ppl:   2.9; xent: 1.1; lr: 1.00000; sents:    3200; bsz:  779/ 685/64; 8247/7250 tok/s;    103 sec;
[2024-03-11 16:21:23,271 INFO] Step 1700/10000; acc: 85.0; ppl:   2.8; xent: 1.0; lr: 1.00000; sents:    3200; bsz:  839/ 719/64; 35459/30393 tok/s;    104 sec;
[2024-03-11 16:21:24,877 INFO] Step 1750/10000; acc: 84.5; ppl:   3.0; xent: 1.1; lr: 1.00000; sents:    3200; bsz:  817/ 698/64; 25431/21724 tok/s;    106 sec;
[2024-03-11 16:21:26,726 INFO] Step 1800/10000; acc: 86.5; ppl:   2.6; xent: 0.9; lr: 1.00000; sents:    3200; bsz:  797/ 686/64; 21565/18545 tok/s;    107 sec;
[2024-03-11 16:21:30,313 INFO] valid stats calculation
                           took: 3.585839033126831 s.
[2024-03-11 16:21:30,313 INFO] Train perplexity: 53.5247
[2024-03-11 16:21:30,313 INFO] Train accuracy: 47.4846
[2024-03-11 16:21:30,313 INFO] Sentences processed: 115200
[2024-03-11 16:21:30,313 INFO] Average bsz:  868/ 750/64
[2024-03-11 16:21:30,313 INFO] Validation perplexity: 3.89034e+06
[2024-03-11 16:21:30,313 INFO] Validation accuracy: 8.58404
[2024-03-11 16:21:30,315 INFO] Saving checkpoint tg-pt-enc/tg-pt-enc_01_step_1800.pt
[2024-03-11 16:21:31,765 INFO] Step 1850/10000; acc: 86.2; ppl:   2.7; xent: 1.0; lr: 1.00000; sents:    3200; bsz:  895/ 785/64; 8883/7786 tok/s;    112 sec;
[2024-03-11 16:21:32,934 INFO] Step 1900/10000; acc: 87.6; ppl:   2.4; xent: 0.9; lr: 1.00000; sents:    3200; bsz:  831/ 739/64; 35560/31615 tok/s;    114 sec;
[2024-03-11 16:21:34,249 INFO] Step 1950/10000; acc: 85.9; ppl:   2.9; xent: 1.1; lr: 1.00000; sents:    3200; bsz:  929/ 839/64; 35322/31876 tok/s;    115 sec;
[2024-03-11 16:21:36,176 INFO] Step 2000/10000; acc: 86.8; ppl:   2.6; xent: 0.9; lr: 1.00000; sents:    3200; bsz:  868/ 774/64; 22522/20089 tok/s;    117 sec;
[2024-03-11 16:21:39,754 INFO] valid stats calculation
                           took: 3.5770034790039062 s.
[2024-03-11 16:21:39,754 INFO] Train perplexity: 39.1368
[2024-03-11 16:21:39,754 INFO] Train accuracy: 51.5553
[2024-03-11 16:21:39,754 INFO] Sentences processed: 128000
[2024-03-11 16:21:39,754 INFO] Average bsz:  869/ 754/64
[2024-03-11 16:21:39,754 INFO] Validation perplexity: 9.04519e+06
[2024-03-11 16:21:39,754 INFO] Validation accuracy: 8.10269
[2024-03-11 16:21:39,756 INFO] Saving checkpoint tg-pt-enc/tg-pt-enc_01_step_2000.pt
[2024-03-11 16:21:41,621 INFO] Step 2050/10000; acc: 87.7; ppl:   2.4; xent: 0.9; lr: 1.00000; sents:    3200; bsz:  851/ 743/64; 7817/6825 tok/s;    122 sec;
[2024-03-11 16:21:42,791 INFO] Step 2100/10000; acc: 87.3; ppl:   2.5; xent: 0.9; lr: 1.00000; sents:    3200; bsz:  844/ 727/64; 36064/31064 tok/s;    123 sec;
[2024-03-11 16:21:44,006 INFO] Step 2150/10000; acc: 88.3; ppl:   2.3; xent: 0.8; lr: 1.00000; sents:    3200; bsz:  878/ 781/64; 36105/32128 tok/s;    125 sec;
[2024-03-11 16:21:45,427 INFO] Step 2200/10000; acc: 89.0; ppl:   2.2; xent: 0.8; lr: 1.00000; sents:    3200; bsz:  874/ 770/64; 30775/27111 tok/s;    126 sec;
[2024-03-11 16:21:49,300 INFO] valid stats calculation
                           took: 3.8729498386383057 s.
[2024-03-11 16:21:49,301 INFO] Train perplexity: 30.2826
[2024-03-11 16:21:49,301 INFO] Train accuracy: 54.8838
[2024-03-11 16:21:49,301 INFO] Sentences processed: 140800
[2024-03-11 16:21:49,301 INFO] Average bsz:  869/ 754/64
[2024-03-11 16:21:49,301 INFO] Validation perplexity: 1.49077e+07
[2024-03-11 16:21:49,301 INFO] Validation accuracy: 8.90493
[2024-03-11 16:21:49,302 INFO] Saving checkpoint tg-pt-enc/tg-pt-enc_01_step_2200.pt
[2024-03-11 16:21:51,477 INFO] Step 2250/10000; acc: 87.2; ppl:   2.5; xent: 0.9; lr: 1.00000; sents:    3200; bsz:  891/ 773/64; 7363/6392 tok/s;    132 sec;
[2024-03-11 16:21:53,056 INFO] Step 2300/10000; acc: 88.6; ppl:   2.3; xent: 0.8; lr: 1.00000; sents:    3200; bsz:  920/ 778/64; 29147/24637 tok/s;    134 sec;
[2024-03-11 16:21:54,208 INFO] Step 2350/10000; acc: 89.7; ppl:   2.1; xent: 0.7; lr: 1.00000; sents:    3200; bsz:  780/ 699/64; 33840/30361 tok/s;    135 sec;
[2024-03-11 16:21:55,485 INFO] Step 2400/10000; acc: 89.2; ppl:   2.2; xent: 0.8; lr: 1.00000; sents:    3200; bsz:  902/ 800/64; 35360/31331 tok/s;    136 sec;
[2024-03-11 16:21:59,122 INFO] valid stats calculation
                           took: 3.6370322704315186 s.
[2024-03-11 16:21:59,123 INFO] Train perplexity: 24.3283
[2024-03-11 16:21:59,123 INFO] Train accuracy: 57.7259
[2024-03-11 16:21:59,123 INFO] Sentences processed: 153600
[2024-03-11 16:21:59,123 INFO] Average bsz:  869/ 755/64
[2024-03-11 16:21:59,123 INFO] Validation perplexity: 1.58914e+07
[2024-03-11 16:21:59,123 INFO] Validation accuracy: 8.58404
[2024-03-11 16:21:59,125 INFO] Saving checkpoint tg-pt-enc/tg-pt-enc_01_step_2400.pt
[2024-03-11 16:22:01,377 INFO] Step 2450/10000; acc: 88.3; ppl:   2.5; xent: 0.9; lr: 1.00000; sents:    3200; bsz:  926/ 810/64; 7859/6872 tok/s;    142 sec;
[2024-03-11 16:22:03,043 INFO] Step 2500/10000; acc: 87.8; ppl:   2.4; xent: 0.9; lr: 1.00000; sents:    3200; bsz:  758/ 631/64; 22763/18957 tok/s;    144 sec;
[2024-03-11 16:22:04,141 INFO] Step 2550/10000; acc: 88.7; ppl:   2.2; xent: 0.8; lr: 1.00000; sents:    3200; bsz:  799/ 692/64; 36375/31536 tok/s;    145 sec;
[2024-03-11 16:22:05,318 INFO] Step 2600/10000; acc: 89.7; ppl:   2.1; xent: 0.7; lr: 1.00000; sents:    3200; bsz:  882/ 749/64; 37481/31809 tok/s;    146 sec;
[2024-03-11 16:22:08,927 INFO] valid stats calculation
                           took: 3.6092422008514404 s.
[2024-03-11 16:22:08,928 INFO] Train perplexity: 20.4447
[2024-03-11 16:22:08,928 INFO] Train accuracy: 60.0055
[2024-03-11 16:22:08,928 INFO] Sentences processed: 166400
[2024-03-11 16:22:08,928 INFO] Average bsz:  867/ 752/64
[2024-03-11 16:22:08,928 INFO] Validation perplexity: 1.65538e+07
[2024-03-11 16:22:08,928 INFO] Validation accuracy: 8.90493
[2024-03-11 16:22:08,929 INFO] Saving checkpoint tg-pt-enc/tg-pt-enc_01_step_2600.pt
[2024-03-11 16:22:11,236 INFO] Step 2650/10000; acc: 90.0; ppl:   2.1; xent: 0.7; lr: 1.00000; sents:    3200; bsz:  946/ 808/64; 7992/6829 tok/s;    152 sec;
[2024-03-11 16:22:13,265 INFO] Step 2700/10000; acc: 90.2; ppl:   2.0; xent: 0.7; lr: 1.00000; sents:    3200; bsz:  814/ 741/64; 20058/18263 tok/s;    154 sec;
[2024-03-11 16:22:14,841 INFO] Step 2750/10000; acc: 90.7; ppl:   2.0; xent: 0.7; lr: 1.00000; sents:    3200; bsz:  867/ 757/64; 27513/24049 tok/s;    155 sec;
[2024-03-11 16:22:15,982 INFO] Step 2800/10000; acc: 90.6; ppl:   1.9; xent: 0.7; lr: 1.00000; sents:    3200; bsz:  841/ 757/64; 36854/33179 tok/s;    157 sec;
[2024-03-11 16:22:19,567 INFO] valid stats calculation
                           took: 3.5848817825317383 s.
[2024-03-11 16:22:19,567 INFO] Train perplexity: 17.2548
[2024-03-11 16:22:19,568 INFO] Train accuracy: 62.2127
[2024-03-11 16:22:19,568 INFO] Sentences processed: 179200
[2024-03-11 16:22:19,568 INFO] Average bsz:  867/ 753/64
[2024-03-11 16:22:19,568 INFO] Validation perplexity: 4.34703e+07
[2024-03-11 16:22:19,568 INFO] Validation accuracy: 8.86482
[2024-03-11 16:22:19,569 INFO] Saving checkpoint tg-pt-enc/tg-pt-enc_01_step_2800.pt
[2024-03-11 16:22:21,704 INFO] Step 2850/10000; acc: 90.8; ppl:   1.9; xent: 0.6; lr: 1.00000; sents:    3200; bsz:  888/ 782/64; 7763/6833 tok/s;    162 sec;
[2024-03-11 16:22:23,673 INFO] Step 2900/10000; acc: 90.9; ppl:   1.9; xent: 0.6; lr: 1.00000; sents:    3200; bsz:  801/ 706/64; 20346/17939 tok/s;    164 sec;
[2024-03-11 16:22:25,701 INFO] Step 2950/10000; acc: 90.4; ppl:   2.0; xent: 0.7; lr: 1.00000; sents:    3200; bsz:  871/ 760/64; 21477/18750 tok/s;    166 sec;
[2024-03-11 16:22:26,941 INFO] Step 3000/10000; acc: 90.8; ppl:   1.9; xent: 0.7; lr: 1.00000; sents:    3200; bsz:  925/ 802/64; 37314/32355 tok/s;    168 sec;
[2024-03-11 16:22:31,083 INFO] valid stats calculation
                           took: 4.141736745834351 s.
[2024-03-11 16:22:31,084 INFO] Train perplexity: 14.8919
[2024-03-11 16:22:31,084 INFO] Train accuracy: 64.1375
[2024-03-11 16:22:31,084 INFO] Sentences processed: 192000
[2024-03-11 16:22:31,084 INFO] Average bsz:  867/ 754/64
[2024-03-11 16:22:31,084 INFO] Validation perplexity: 2.55497e+07
[2024-03-11 16:22:31,084 INFO] Validation accuracy: 9.02527
[2024-03-11 16:22:31,086 INFO] Saving checkpoint tg-pt-enc/tg-pt-enc_01_step_3000.pt
[2024-03-11 16:22:33,404 INFO] Step 3050/10000; acc: 89.7; ppl:   2.2; xent: 0.8; lr: 1.00000; sents:    3200; bsz:  953/ 813/64; 7376/6292 tok/s;    174 sec;
[2024-03-11 16:22:35,390 INFO] Step 3100/10000; acc: 91.4; ppl:   1.8; xent: 0.6; lr: 1.00000; sents:    3200; bsz:  828/ 738/64; 20853/18582 tok/s;    176 sec;
[2024-03-11 16:22:37,537 INFO] Step 3150/10000; acc: 91.7; ppl:   1.8; xent: 0.6; lr: 1.00000; sents:    3200; bsz:  902/ 814/64; 21015/18955 tok/s;    178 sec;
[2024-03-11 16:22:39,291 INFO] Step 3200/10000; acc: 91.3; ppl:   1.8; xent: 0.6; lr: 1.00000; sents:    3200; bsz:  882/ 774/64; 25144/22079 tok/s;    180 sec;
[2024-03-11 16:22:43,263 INFO] valid stats calculation
                           took: 3.971561908721924 s.
[2024-03-11 16:22:43,264 INFO] Train perplexity: 13.0326
[2024-03-11 16:22:43,264 INFO] Train accuracy: 65.8822
[2024-03-11 16:22:43,264 INFO] Sentences processed: 204800
[2024-03-11 16:22:43,264 INFO] Average bsz:  869/ 756/64
[2024-03-11 16:22:43,264 INFO] Validation perplexity: 4.48766e+07
[2024-03-11 16:22:43,264 INFO] Validation accuracy: 8.86482
[2024-03-11 16:22:43,266 INFO] Saving checkpoint tg-pt-enc/tg-pt-enc_01_step_3200.pt
[2024-03-11 16:22:45,397 INFO] Step 3250/10000; acc: 91.5; ppl:   1.8; xent: 0.6; lr: 1.00000; sents:    3200; bsz:  879/ 774/64; 7201/6343 tok/s;    186 sec;
[2024-03-11 16:22:47,327 INFO] Step 3300/10000; acc: 91.7; ppl:   1.8; xent: 0.6; lr: 1.00000; sents:    3200; bsz:  844/ 716/64; 21853/18537 tok/s;    188 sec;
[2024-03-11 16:22:49,198 INFO] Step 3350/10000; acc: 91.0; ppl:   2.0; xent: 0.7; lr: 1.00000; sents:    3200; bsz:  776/ 682/64; 20748/18224 tok/s;    190 sec;
[2024-03-11 16:22:51,180 INFO] Step 3400/10000; acc: 91.1; ppl:   1.9; xent: 0.6; lr: 1.00000; sents:    3200; bsz:  838/ 730/64; 21158/18410 tok/s;    192 sec;
[2024-03-11 16:22:55,218 INFO] valid stats calculation
                           took: 4.037837028503418 s.
[2024-03-11 16:22:55,218 INFO] Train perplexity: 11.6744
[2024-03-11 16:22:55,218 INFO] Train accuracy: 67.3226
[2024-03-11 16:22:55,218 INFO] Sentences processed: 217600
[2024-03-11 16:22:55,218 INFO] Average bsz:  867/ 754/64
[2024-03-11 16:22:55,219 INFO] Validation perplexity: 5.94283e+07
[2024-03-11 16:22:55,219 INFO] Validation accuracy: 8.98516
[2024-03-11 16:22:55,220 INFO] Saving checkpoint tg-pt-enc/tg-pt-enc_01_step_3400.pt
[2024-03-11 16:22:57,199 INFO] Step 3450/10000; acc: 91.5; ppl:   1.8; xent: 0.6; lr: 1.00000; sents:    3200; bsz:  895/ 762/64; 7432/6329 tok/s;    198 sec;
[2024-03-11 16:22:59,222 INFO] Step 3500/10000; acc: 91.9; ppl:   1.8; xent: 0.6; lr: 1.00000; sents:    3200; bsz:  909/ 789/64; 22462/19511 tok/s;    200 sec;
[2024-03-11 16:23:01,205 INFO] Step 3550/10000; acc: 92.0; ppl:   1.8; xent: 0.6; lr: 1.00000; sents:    3200; bsz:  809/ 709/64; 20406/17888 tok/s;    202 sec;
[2024-03-11 16:23:03,183 INFO] Step 3600/10000; acc: 92.2; ppl:   1.7; xent: 0.6; lr: 1.00000; sents:    3200; bsz:  813/ 703/64; 20563/17781 tok/s;    204 sec;
[2024-03-11 16:23:07,201 INFO] valid stats calculation
                           took: 4.017252683639526 s.
[2024-03-11 16:23:07,201 INFO] Train perplexity: 10.5384
[2024-03-11 16:23:07,201 INFO] Train accuracy: 68.6653
[2024-03-11 16:23:07,201 INFO] Sentences processed: 230400
[2024-03-11 16:23:07,201 INFO] Average bsz:  866/ 753/64
[2024-03-11 16:23:07,201 INFO] Validation perplexity: 6.645e+07
[2024-03-11 16:23:07,201 INFO] Validation accuracy: 8.26314
[2024-03-11 16:23:07,203 INFO] Saving checkpoint tg-pt-enc/tg-pt-enc_01_step_3600.pt
[2024-03-11 16:23:08,695 INFO] Step 3650/10000; acc: 92.3; ppl:   1.7; xent: 0.5; lr: 1.00000; sents:    3200; bsz:  849/ 754/64; 7699/6840 tok/s;    209 sec;
[2024-03-11 16:23:10,658 INFO] Step 3700/10000; acc: 92.4; ppl:   1.7; xent: 0.5; lr: 1.00000; sents:    3200; bsz:  826/ 743/64; 21027/18935 tok/s;    211 sec;
[2024-03-11 16:23:12,705 INFO] Step 3750/10000; acc: 92.3; ppl:   1.8; xent: 0.6; lr: 1.00000; sents:    3200; bsz:  850/ 758/64; 20766/18508 tok/s;    213 sec;
[2024-03-11 16:23:14,745 INFO] Step 3800/10000; acc: 92.1; ppl:   1.8; xent: 0.6; lr: 1.00000; sents:    3200; bsz:  849/ 742/64; 20815/18194 tok/s;    215 sec;
[2024-03-11 16:23:18,503 INFO] valid stats calculation
                           took: 3.757289409637451 s.
[2024-03-11 16:23:18,504 INFO] Train perplexity: 9.58864
[2024-03-11 16:23:18,504 INFO] Train accuracy: 69.9021
[2024-03-11 16:23:18,504 INFO] Sentences processed: 243200
[2024-03-11 16:23:18,504 INFO] Average bsz:  865/ 753/64
[2024-03-11 16:23:18,504 INFO] Validation perplexity: 9.1679e+07
[2024-03-11 16:23:18,504 INFO] Validation accuracy: 8.62415
[2024-03-11 16:23:18,506 INFO] Saving checkpoint tg-pt-enc/tg-pt-enc_01_step_3800.pt
[2024-03-11 16:23:20,025 INFO] Step 3850/10000; acc: 92.1; ppl:   1.8; xent: 0.6; lr: 1.00000; sents:    3200; bsz:  940/ 809/64; 8898/7662 tok/s;    221 sec;
[2024-03-11 16:23:21,760 INFO] Step 3900/10000; acc: 92.1; ppl:   1.9; xent: 0.6; lr: 1.00000; sents:    3200; bsz:  867/ 743/64; 24974/21400 tok/s;    222 sec;
[2024-03-11 16:23:23,815 INFO] Step 3950/10000; acc: 92.8; ppl:   1.7; xent: 0.5; lr: 1.00000; sents:    3200; bsz:  878/ 764/64; 21362/18591 tok/s;    224 sec;
[2024-03-11 16:23:25,939 INFO] Step 4000/10000; acc: 92.1; ppl:   1.8; xent: 0.6; lr: 1.00000; sents:    3200; bsz:  914/ 791/64; 21518/18623 tok/s;    227 sec;
[2024-03-11 16:23:29,524 INFO] valid stats calculation
                           took: 3.5842552185058594 s.
[2024-03-11 16:23:29,524 INFO] Train perplexity: 8.78957
[2024-03-11 16:23:29,524 INFO] Train accuracy: 71.0538
[2024-03-11 16:23:29,524 INFO] Sentences processed: 256000
[2024-03-11 16:23:29,524 INFO] Average bsz:  867/ 754/64
[2024-03-11 16:23:29,524 INFO] Validation perplexity: 2.26986e+08
[2024-03-11 16:23:29,525 INFO] Validation accuracy: 8.66426
[2024-03-11 16:23:29,526 INFO] Saving checkpoint tg-pt-enc/tg-pt-enc_01_step_4000.pt
[2024-03-11 16:23:30,841 INFO] Step 4050/10000; acc: 93.0; ppl:   1.7; xent: 0.5; lr: 1.00000; sents:    3200; bsz:  856/ 756/64; 8735/7717 tok/s;    231 sec;
[2024-03-11 16:23:32,112 INFO] Step 4100/10000; acc: 92.8; ppl:   1.7; xent: 0.5; lr: 1.00000; sents:    3200; bsz:  860/ 750/64; 33843/29525 tok/s;    233 sec;
[2024-03-11 16:23:34,138 INFO] Step 4150/10000; acc: 93.0; ppl:   1.6; xent: 0.5; lr: 1.00000; sents:    3200; bsz:  890/ 772/64; 21959/19067 tok/s;    235 sec;
[2024-03-11 16:23:36,158 INFO] Step 4200/10000; acc: 92.8; ppl:   1.7; xent: 0.5; lr: 1.00000; sents:    3200; bsz:  832/ 740/64; 20602/18320 tok/s;    237 sec;
[2024-03-11 16:23:39,636 INFO] valid stats calculation
                           took: 3.477588176727295 s.
[2024-03-11 16:23:39,636 INFO] Train perplexity: 8.11949
[2024-03-11 16:23:39,636 INFO] Train accuracy: 72.0951
[2024-03-11 16:23:39,636 INFO] Sentences processed: 268800
[2024-03-11 16:23:39,636 INFO] Average bsz:  866/ 754/64
[2024-03-11 16:23:39,636 INFO] Validation perplexity: 1.41853e+08
[2024-03-11 16:23:39,636 INFO] Validation accuracy: 8.74448
[2024-03-11 16:23:39,638 INFO] Saving checkpoint tg-pt-enc/tg-pt-enc_01_step_4200.pt
[2024-03-11 16:23:40,853 INFO] Step 4250/10000; acc: 93.2; ppl:   1.6; xent: 0.5; lr: 1.00000; sents:    3200; bsz:  794/ 703/64; 8451/7483 tok/s;    241 sec;
[2024-03-11 16:23:42,016 INFO] Step 4300/10000; acc: 93.1; ppl:   1.6; xent: 0.5; lr: 1.00000; sents:    3200; bsz:  830/ 728/64; 35693/31295 tok/s;    243 sec;
[2024-03-11 16:23:43,335 INFO] Step 4350/10000; acc: 92.3; ppl:   1.8; xent: 0.6; lr: 1.00000; sents:    3200; bsz:  868/ 731/64; 32911/27706 tok/s;    244 sec;
[2024-03-11 16:23:45,441 INFO] Step 4400/10000; acc: 93.2; ppl:   1.6; xent: 0.5; lr: 1.00000; sents:    3200; bsz:  851/ 749/64; 20214/17779 tok/s;    246 sec;
[2024-03-11 16:23:49,086 INFO] valid stats calculation
                           took: 3.6443252563476562 s.
[2024-03-11 16:23:49,086 INFO] Train perplexity: 7.57067
[2024-03-11 16:23:49,086 INFO] Train accuracy: 73.0123
[2024-03-11 16:23:49,086 INFO] Sentences processed: 281600
[2024-03-11 16:23:49,086 INFO] Average bsz:  865/ 753/64
[2024-03-11 16:23:49,086 INFO] Validation perplexity: 2.23333e+08
[2024-03-11 16:23:49,086 INFO] Validation accuracy: 8.70437
[2024-03-11 16:23:49,088 INFO] Saving checkpoint tg-pt-enc/tg-pt-enc_01_step_4400.pt
[2024-03-11 16:23:50,845 INFO] Step 4450/10000; acc: 93.2; ppl:   1.6; xent: 0.5; lr: 1.00000; sents:    3200; bsz:  928/ 816/64; 8587/7548 tok/s;    251 sec;
[2024-03-11 16:23:51,921 INFO] Step 4500/10000; acc: 93.5; ppl:   1.6; xent: 0.5; lr: 1.00000; sents:    3200; bsz:  782/ 678/64; 36331/31499 tok/s;    253 sec;
[2024-03-11 16:23:53,201 INFO] Step 4550/10000; acc: 93.4; ppl:   1.6; xent: 0.5; lr: 1.00000; sents:    3200; bsz:  925/ 807/64; 36174/31539 tok/s;    254 sec;
[2024-03-11 16:23:54,889 INFO] Step 4600/10000; acc: 92.9; ppl:   1.7; xent: 0.5; lr: 1.00000; sents:    3200; bsz:  873/ 746/64; 25849/22092 tok/s;    256 sec;
[2024-03-11 16:23:58,413 INFO] valid stats calculation
                           took: 3.523932695388794 s.
[2024-03-11 16:23:58,413 INFO] Train perplexity: 7.07555
[2024-03-11 16:23:58,413 INFO] Train accuracy: 73.9029
[2024-03-11 16:23:58,413 INFO] Sentences processed: 294400
[2024-03-11 16:23:58,414 INFO] Average bsz:  865/ 753/64
[2024-03-11 16:23:58,414 INFO] Validation perplexity: 1.45971e+08
[2024-03-11 16:23:58,414 INFO] Validation accuracy: 8.4637
[2024-03-11 16:23:58,415 INFO] Saving checkpoint tg-pt-enc/tg-pt-enc_01_step_4600.pt
[2024-03-11 16:24:00,673 INFO] Step 4650/10000; acc: 93.5; ppl:   1.6; xent: 0.5; lr: 1.00000; sents:    3200; bsz:  924/ 801/64; 7989/6920 tok/s;    261 sec;
[2024-03-11 16:24:01,902 INFO] Step 4700/10000; acc: 93.3; ppl:   1.7; xent: 0.5; lr: 1.00000; sents:    3200; bsz:  932/ 796/64; 37904/32363 tok/s;    263 sec;
[2024-03-11 16:24:03,079 INFO] Step 4750/10000; acc: 93.7; ppl:   1.5; xent: 0.4; lr: 1.00000; sents:    3200; bsz:  882/ 760/64; 37467/32301 tok/s;    264 sec;
[2024-03-11 16:24:04,395 INFO] Step 4800/10000; acc: 93.7; ppl:   1.6; xent: 0.5; lr: 1.00000; sents:    3200; bsz:  888/ 774/64; 33775/29442 tok/s;    265 sec;
[2024-03-11 16:24:07,969 INFO] valid stats calculation
                           took: 3.573770523071289 s.
[2024-03-11 16:24:07,969 INFO] Train perplexity: 6.63295
[2024-03-11 16:24:07,969 INFO] Train accuracy: 74.7526
[2024-03-11 16:24:07,969 INFO] Sentences processed: 307200
[2024-03-11 16:24:07,969 INFO] Average bsz:  867/ 754/64
[2024-03-11 16:24:07,969 INFO] Validation perplexity: 2.90793e+08
[2024-03-11 16:24:07,969 INFO] Validation accuracy: 9.02527
[2024-03-11 16:24:07,971 INFO] Saving checkpoint tg-pt-enc/tg-pt-enc_01_step_4800.pt
[2024-03-11 16:24:10,049 INFO] Step 4850/10000; acc: 94.0; ppl:   1.5; xent: 0.4; lr: 1.00000; sents:    3200; bsz:  808/ 702/64; 7142/6205 tok/s;    271 sec;
[2024-03-11 16:24:11,661 INFO] Step 4900/10000; acc: 93.7; ppl:   1.5; xent: 0.4; lr: 1.00000; sents:    3200; bsz:  931/ 813/64; 28879/25224 tok/s;    272 sec;
[2024-03-11 16:24:12,833 INFO] Step 4950/10000; acc: 93.7; ppl:   1.6; xent: 0.5; lr: 1.00000; sents:    3200; bsz:  849/ 735/64; 36190/31330 tok/s;    273 sec;
[2024-03-11 16:24:14,077 INFO] Step 5000/10000; acc: 94.4; ppl:   1.5; xent: 0.4; lr: 1.00000; sents:    3200; bsz:  872/ 772/64; 35053/31042 tok/s;    275 sec;
[2024-03-11 16:24:17,655 INFO] valid stats calculation
                           took: 3.577948808670044 s.
[2024-03-11 16:24:17,656 INFO] Train perplexity: 6.25618
[2024-03-11 16:24:17,656 INFO] Train accuracy: 75.522
[2024-03-11 16:24:17,656 INFO] Sentences processed: 320000
[2024-03-11 16:24:17,656 INFO] Average bsz:  867/ 755/64
[2024-03-11 16:24:17,656 INFO] Validation perplexity: 2.66417e+08
[2024-03-11 16:24:17,656 INFO] Validation accuracy: 9.38628
[2024-03-11 16:24:17,657 INFO] Saving checkpoint tg-pt-enc/tg-pt-enc_01_step_5000.pt
[2024-03-11 16:24:19,795 INFO] Step 5050/10000; acc: 93.6; ppl:   1.6; xent: 0.5; lr: 1.00000; sents:    3200; bsz:  844/ 750/64; 7376/6557 tok/s;    280 sec;
[2024-03-11 16:24:21,736 INFO] Step 5100/10000; acc: 94.2; ppl:   1.5; xent: 0.4; lr: 1.00000; sents:    3200; bsz:  830/ 738/64; 21382/19021 tok/s;    282 sec;
[2024-03-11 16:24:23,058 INFO] Step 5150/10000; acc: 93.7; ppl:   1.6; xent: 0.5; lr: 1.00000; sents:    3200; bsz:  881/ 765/64; 33333/28925 tok/s;    284 sec;
[2024-03-11 16:24:24,333 INFO] Step 5200/10000; acc: 93.9; ppl:   1.5; xent: 0.4; lr: 1.00000; sents:    3200; bsz:  870/ 746/64; 34147/29265 tok/s;    285 sec;
[2024-03-11 16:24:28,340 INFO] valid stats calculation
                           took: 4.006406545639038 s.
[2024-03-11 16:24:28,340 INFO] Train perplexity: 5.93089
[2024-03-11 16:24:28,340 INFO] Train accuracy: 76.2226
[2024-03-11 16:24:28,340 INFO] Sentences processed: 332800
[2024-03-11 16:24:28,340 INFO] Average bsz:  867/ 754/64
[2024-03-11 16:24:28,340 INFO] Validation perplexity: 5.11357e+08
[2024-03-11 16:24:28,340 INFO] Validation accuracy: 8.66426
[2024-03-11 16:24:28,342 INFO] Saving checkpoint tg-pt-enc/tg-pt-enc_01_step_5200.pt
[2024-03-11 16:24:30,589 INFO] Step 5250/10000; acc: 94.1; ppl:   1.5; xent: 0.4; lr: 1.00000; sents:    3200; bsz:  941/ 803/64; 7519/6415 tok/s;    291 sec;
[2024-03-11 16:24:32,689 INFO] Step 5300/10000; acc: 93.4; ppl:   1.7; xent: 0.5; lr: 1.00000; sents:    3200; bsz:  914/ 786/64; 21762/18729 tok/s;    293 sec;
[2024-03-11 16:24:34,430 INFO] Step 5350/10000; acc: 93.8; ppl:   1.6; xent: 0.4; lr: 1.00000; sents:    3200; bsz:  964/ 820/64; 27687/23569 tok/s;    295 sec;
[2024-03-11 16:24:35,629 INFO] Step 5400/10000; acc: 94.1; ppl:   1.6; xent: 0.4; lr: 1.00000; sents:    3200; bsz:  813/ 707/64; 33905/29510 tok/s;    296 sec;
[2024-03-11 16:24:39,614 INFO] valid stats calculation
                           took: 3.9852428436279297 s.
[2024-03-11 16:24:39,615 INFO] Train perplexity: 5.63883
[2024-03-11 16:24:39,615 INFO] Train accuracy: 76.8958
[2024-03-11 16:24:39,615 INFO] Sentences processed: 345600
[2024-03-11 16:24:39,615 INFO] Average bsz:  868/ 755/64
[2024-03-11 16:24:39,615 INFO] Validation perplexity: 6.22333e+08
[2024-03-11 16:24:39,615 INFO] Validation accuracy: 9.50662
[2024-03-11 16:24:39,616 INFO] Saving checkpoint tg-pt-enc/tg-pt-enc_01_step_5400.pt
[2024-03-11 16:24:41,593 INFO] Step 5450/10000; acc: 94.1; ppl:   1.5; xent: 0.4; lr: 1.00000; sents:    3200; bsz:  740/ 651/64; 6203/5456 tok/s;    302 sec;
[2024-03-11 16:24:43,789 INFO] Step 5500/10000; acc: 94.4; ppl:   1.5; xent: 0.4; lr: 1.00000; sents:    3200; bsz:  945/ 825/64; 21507/18773 tok/s;    304 sec;
[2024-03-11 16:24:45,779 INFO] Step 5550/10000; acc: 94.6; ppl:   1.5; xent: 0.4; lr: 1.00000; sents:    3200; bsz:  792/ 696/64; 19915/17502 tok/s;    306 sec;
[2024-03-11 16:24:47,016 INFO] Step 5600/10000; acc: 94.6; ppl:   1.4; xent: 0.4; lr: 1.00000; sents:    3200; bsz:  794/ 695/64; 32080/28096 tok/s;    308 sec;
[2024-03-11 16:24:51,088 INFO] valid stats calculation
                           took: 4.071965932846069 s.
[2024-03-11 16:24:51,089 INFO] Train perplexity: 5.38818
[2024-03-11 16:24:51,089 INFO] Train accuracy: 77.4913
[2024-03-11 16:24:51,089 INFO] Sentences processed: 358400
[2024-03-11 16:24:51,089 INFO] Average bsz:  866/ 754/64
[2024-03-11 16:24:51,089 INFO] Validation perplexity: 4.37754e+08
[2024-03-11 16:24:51,089 INFO] Validation accuracy: 8.66426
[2024-03-11 16:24:51,091 INFO] Saving checkpoint tg-pt-enc/tg-pt-enc_01_step_5600.pt
[2024-03-11 16:24:53,345 INFO] Step 5650/10000; acc: 94.5; ppl:   1.5; xent: 0.4; lr: 1.00000; sents:    3200; bsz:  888/ 772/64; 7013/6101 tok/s;    314 sec;
[2024-03-11 16:24:55,603 INFO] Step 5700/10000; acc: 93.3; ppl:   1.8; xent: 0.6; lr: 1.00000; sents:    3173; bsz:  915/ 803/63; 20271/17790 tok/s;    316 sec;
[2024-03-11 16:24:57,578 INFO] Step 5750/10000; acc: 94.2; ppl:   1.5; xent: 0.4; lr: 1.00000; sents:    3200; bsz:  860/ 744/64; 21782/18843 tok/s;    318 sec;
[2024-03-11 16:24:59,258 INFO] Step 5800/10000; acc: 94.3; ppl:   1.5; xent: 0.4; lr: 1.00000; sents:    3200; bsz:  815/ 703/64; 24272/20916 tok/s;    320 sec;
[2024-03-11 16:25:03,239 INFO] valid stats calculation
                           took: 3.980374574661255 s.
[2024-03-11 16:25:03,239 INFO] Train perplexity: 5.16406
[2024-03-11 16:25:03,239 INFO] Train accuracy: 78.0632
[2024-03-11 16:25:03,239 INFO] Sentences processed: 371173
[2024-03-11 16:25:03,239 INFO] Average bsz:  867/ 754/64
[2024-03-11 16:25:03,239 INFO] Validation perplexity: 7.79939e+08
[2024-03-11 16:25:03,239 INFO] Validation accuracy: 9.30606
[2024-03-11 16:25:03,241 INFO] Saving checkpoint tg-pt-enc/tg-pt-enc_01_step_5800.pt
[2024-03-11 16:25:05,322 INFO] Step 5850/10000; acc: 94.9; ppl:   1.4; xent: 0.3; lr: 1.00000; sents:    3200; bsz:  829/ 727/64; 6839/5997 tok/s;    326 sec;
[2024-03-11 16:25:07,342 INFO] Step 5900/10000; acc: 94.5; ppl:   1.4; xent: 0.4; lr: 1.00000; sents:    3200; bsz:  818/ 739/64; 20252/18301 tok/s;    328 sec;
[2024-03-11 16:25:09,444 INFO] Step 5950/10000; acc: 94.7; ppl:   1.5; xent: 0.4; lr: 1.00000; sents:    3200; bsz:  888/ 774/64; 21128/18409 tok/s;    330 sec;
[2024-03-11 16:25:11,479 INFO] Step 6000/10000; acc: 94.6; ppl:   1.5; xent: 0.4; lr: 1.00000; sents:    3200; bsz:  827/ 737/64; 20327/18124 tok/s;    332 sec;
[2024-03-11 16:25:15,393 INFO] valid stats calculation
                           took: 3.913414239883423 s.
[2024-03-11 16:25:15,393 INFO] Train perplexity: 4.95385
[2024-03-11 16:25:15,393 INFO] Train accuracy: 78.6105
[2024-03-11 16:25:15,393 INFO] Sentences processed: 383973
[2024-03-11 16:25:15,393 INFO] Average bsz:  866/ 754/64
[2024-03-11 16:25:15,393 INFO] Validation perplexity: 4.7283e+08
[2024-03-11 16:25:15,393 INFO] Validation accuracy: 9.22583
[2024-03-11 16:25:15,395 INFO] Saving checkpoint tg-pt-enc/tg-pt-enc_01_step_6000.pt
[2024-03-11 16:25:17,486 INFO] Step 6050/10000; acc: 94.9; ppl:   1.5; xent: 0.4; lr: 1.00000; sents:    3200; bsz:  929/ 790/64; 7735/6576 tok/s;    338 sec;
[2024-03-11 16:25:19,598 INFO] Step 6100/10000; acc: 94.7; ppl:   1.4; xent: 0.4; lr: 1.00000; sents:    3200; bsz:  885/ 758/64; 20944/17944 tok/s;    340 sec;
[2024-03-11 16:25:21,677 INFO] Step 6150/10000; acc: 95.2; ppl:   1.4; xent: 0.3; lr: 1.00000; sents:    3200; bsz:  878/ 776/64; 21123/18660 tok/s;    342 sec;
[2024-03-11 16:25:23,566 INFO] Step 6200/10000; acc: 93.3; ppl:   1.8; xent: 0.6; lr: 1.00000; sents:    3200; bsz:  798/ 694/64; 21134/18377 tok/s;    344 sec;
[2024-03-11 16:25:27,333 INFO] valid stats calculation
                           took: 3.7673070430755615 s.
[2024-03-11 16:25:27,334 INFO] Train perplexity: 4.76724
[2024-03-11 16:25:27,334 INFO] Train accuracy: 79.1253
[2024-03-11 16:25:27,334 INFO] Sentences processed: 396773
[2024-03-11 16:25:27,334 INFO] Average bsz:  866/ 754/64
[2024-03-11 16:25:27,334 INFO] Validation perplexity: 7.88199e+08
[2024-03-11 16:25:27,334 INFO] Validation accuracy: 9.38628
[2024-03-11 16:25:27,335 INFO] Saving checkpoint tg-pt-enc/tg-pt-enc_01_step_6200.pt
[2024-03-11 16:25:28,950 INFO] Step 6250/10000; acc: 94.6; ppl:   1.5; xent: 0.4; lr: 1.00000; sents:    3200; bsz:  877/ 781/64; 8142/7250 tok/s;    350 sec;
[2024-03-11 16:25:30,990 INFO] Step 6300/10000; acc: 94.5; ppl:   1.5; xent: 0.4; lr: 1.00000; sents:    3200; bsz:  868/ 750/64; 21288/18377 tok/s;    352 sec;
[2024-03-11 16:25:32,939 INFO] Step 6350/10000; acc: 94.6; ppl:   1.5; xent: 0.4; lr: 1.00000; sents:    3200; bsz:  810/ 704/64; 20796/18065 tok/s;    354 sec;
[2024-03-11 16:25:34,810 INFO] Step 6400/10000; acc: 94.1; ppl:   1.6; xent: 0.5; lr: 1.00000; sents:    3200; bsz:  794/ 690/64; 21226/18441 tok/s;    355 sec;
[2024-03-11 16:25:38,590 INFO] valid stats calculation
                           took: 3.779614210128784 s.
[2024-03-11 16:25:38,591 INFO] Train perplexity: 4.60346
[2024-03-11 16:25:38,591 INFO] Train accuracy: 79.5902
[2024-03-11 16:25:38,591 INFO] Sentences processed: 409573
[2024-03-11 16:25:38,591 INFO] Average bsz:  865/ 753/64
[2024-03-11 16:25:38,591 INFO] Validation perplexity: 5.623e+08
[2024-03-11 16:25:38,591 INFO] Validation accuracy: 9.30606
[2024-03-11 16:25:38,593 INFO] Saving checkpoint tg-pt-enc/tg-pt-enc_01_step_6400.pt
[2024-03-11 16:25:40,003 INFO] Step 6450/10000; acc: 94.6; ppl:   1.5; xent: 0.4; lr: 1.00000; sents:    3200; bsz:  916/ 797/64; 8826/7672 tok/s;    361 sec;
[2024-03-11 16:25:41,737 INFO] Step 6500/10000; acc: 94.9; ppl:   1.4; xent: 0.3; lr: 1.00000; sents:    3200; bsz:  804/ 717/64; 23176/20667 tok/s;    362 sec;
[2024-03-11 16:25:43,749 INFO] Step 6550/10000; acc: 94.7; ppl:   1.5; xent: 0.4; lr: 1.00000; sents:    3200; bsz:  862/ 742/64; 21428/18436 tok/s;    364 sec;
[2024-03-11 16:25:45,730 INFO] Step 6600/10000; acc: 94.7; ppl:   1.5; xent: 0.4; lr: 1.00000; sents:    3200; bsz:  856/ 725/64; 21602/18314 tok/s;    366 sec;
[2024-03-11 16:25:49,388 INFO] valid stats calculation
                           took: 3.657658100128174 s.
[2024-03-11 16:25:49,388 INFO] Train perplexity: 4.44767
[2024-03-11 16:25:49,388 INFO] Train accuracy: 80.0447
[2024-03-11 16:25:49,388 INFO] Sentences processed: 422373
[2024-03-11 16:25:49,388 INFO] Average bsz:  865/ 753/64
[2024-03-11 16:25:49,388 INFO] Validation perplexity: 9.0689e+08
[2024-03-11 16:25:49,388 INFO] Validation accuracy: 9.30606
[2024-03-11 16:25:49,390 INFO] Saving checkpoint tg-pt-enc/tg-pt-enc_01_step_6600.pt
[2024-03-11 16:25:50,719 INFO] Step 6650/10000; acc: 95.3; ppl:   1.4; xent: 0.3; lr: 1.00000; sents:    3200; bsz:  851/ 757/64; 8530/7588 tok/s;    371 sec;
[2024-03-11 16:25:52,258 INFO] Step 6700/10000; acc: 94.6; ppl:   1.5; xent: 0.4; lr: 1.00000; sents:    3200; bsz:  935/ 814/64; 30383/26451 tok/s;    373 sec;
[2024-03-11 16:25:54,366 INFO] Step 6750/10000; acc: 93.4; ppl:   1.9; xent: 0.6; lr: 1.00000; sents:    3190; bsz:  868/ 753/64; 20604/17858 tok/s;    375 sec;
[2024-03-11 16:25:56,514 INFO] Step 6800/10000; acc: 94.7; ppl:   1.4; xent: 0.4; lr: 1.00000; sents:    3200; bsz:  890/ 779/64; 20707/18126 tok/s;    377 sec;
[2024-03-11 16:26:00,181 INFO] valid stats calculation
                           took: 3.6667792797088623 s.
[2024-03-11 16:26:00,182 INFO] Train perplexity: 4.30721
[2024-03-11 16:26:00,182 INFO] Train accuracy: 80.4822
[2024-03-11 16:26:00,182 INFO] Sentences processed: 435163
[2024-03-11 16:26:00,182 INFO] Average bsz:  865/ 753/64
[2024-03-11 16:26:00,182 INFO] Validation perplexity: 1.17708e+09
[2024-03-11 16:26:00,182 INFO] Validation accuracy: 8.54392
[2024-03-11 16:26:00,183 INFO] Saving checkpoint tg-pt-enc/tg-pt-enc_01_step_6800.pt
[2024-03-11 16:26:01,541 INFO] Step 6850/10000; acc: 94.8; ppl:   1.4; xent: 0.4; lr: 1.00000; sents:    3200; bsz:  885/ 763/64; 8808/7588 tok/s;    382 sec;
[2024-03-11 16:26:02,755 INFO] Step 6900/10000; acc: 94.3; ppl:   1.5; xent: 0.4; lr: 1.00000; sents:    3200; bsz:  879/ 743/64; 36223/30624 tok/s;    383 sec;
[2024-03-11 16:26:04,351 INFO] Step 6950/10000; acc: 94.6; ppl:   1.4; xent: 0.4; lr: 1.00000; sents:    3200; bsz:  809/ 711/64; 25356/22271 tok/s;    385 sec;
[2024-03-11 16:26:06,357 INFO] Step 7000/10000; acc: 94.6; ppl:   1.5; xent: 0.4; lr: 1.00000; sents:    3200; bsz:  849/ 728/64; 21159/18152 tok/s;    387 sec;
[2024-03-11 16:26:10,041 INFO] valid stats calculation
                           took: 3.6840338706970215 s.
[2024-03-11 16:26:10,041 INFO] Train perplexity: 4.17908
[2024-03-11 16:26:10,041 INFO] Train accuracy: 80.8752
[2024-03-11 16:26:10,041 INFO] Sentences processed: 447963
[2024-03-11 16:26:10,041 INFO] Average bsz:  865/ 753/64
[2024-03-11 16:26:10,042 INFO] Validation perplexity: 1.65846e+09
[2024-03-11 16:26:10,042 INFO] Validation accuracy: 9.34617
[2024-03-11 16:26:10,043 INFO] Saving checkpoint tg-pt-enc/tg-pt-enc_01_step_7000.pt
[2024-03-11 16:26:11,339 INFO] Step 7050/10000; acc: 95.3; ppl:   1.4; xent: 0.3; lr: 1.00000; sents:    3200; bsz:  815/ 700/64; 8184/7027 tok/s;    392 sec;
[2024-03-11 16:26:12,583 INFO] Step 7100/10000; acc: 95.0; ppl:   1.5; xent: 0.4; lr: 1.00000; sents:    3200; bsz:  883/ 770/64; 35501/30954 tok/s;    393 sec;
[2024-03-11 16:26:13,876 INFO] Step 7150/10000; acc: 94.3; ppl:   1.6; xent: 0.5; lr: 1.00000; sents:    3200; bsz:  927/ 818/64; 35863/31614 tok/s;    395 sec;
[2024-03-11 16:26:15,810 INFO] Step 7200/10000; acc: 95.2; ppl:   1.4; xent: 0.3; lr: 1.00000; sents:    3200; bsz:  887/ 776/64; 22942/20062 tok/s;    396 sec;
[2024-03-11 16:26:19,527 INFO] valid stats calculation
                           took: 3.7171285152435303 s.
[2024-03-11 16:26:19,528 INFO] Train perplexity: 4.05663
[2024-03-11 16:26:19,528 INFO] Train accuracy: 81.2722
[2024-03-11 16:26:19,528 INFO] Sentences processed: 460763
[2024-03-11 16:26:19,528 INFO] Average bsz:  866/ 753/64
[2024-03-11 16:26:19,528 INFO] Validation perplexity: 2.59448e+09
[2024-03-11 16:26:19,528 INFO] Validation accuracy: 8.90493
[2024-03-11 16:26:19,529 INFO] Saving checkpoint tg-pt-enc/tg-pt-enc_01_step_7200.pt
[2024-03-11 16:26:21,395 INFO] Step 7250/10000; acc: 94.8; ppl:   1.5; xent: 0.4; lr: 1.00000; sents:    3200; bsz:  900/ 793/64; 8059/7101 tok/s;    402 sec;
[2024-03-11 16:26:22,583 INFO] Step 7300/10000; acc: 95.5; ppl:   1.4; xent: 0.3; lr: 1.00000; sents:    3200; bsz:  840/ 745/64; 35325/31340 tok/s;    403 sec;
[2024-03-11 16:26:23,709 INFO] Step 7350/10000; acc: 94.9; ppl:   1.5; xent: 0.4; lr: 1.00000; sents:    3200; bsz:  790/ 713/64; 35104/31671 tok/s;    404 sec;
[2024-03-11 16:26:25,095 INFO] Step 7400/10000; acc: 95.4; ppl:   1.4; xent: 0.3; lr: 1.00000; sents:    3200; bsz:  892/ 774/64; 32184/27923 tok/s;    406 sec;
[2024-03-11 16:26:28,838 INFO] valid stats calculation
                           took: 3.74279522895813 s.
[2024-03-11 16:26:28,839 INFO] Train perplexity: 3.94381
[2024-03-11 16:26:28,839 INFO] Train accuracy: 81.6484
[2024-03-11 16:26:28,839 INFO] Sentences processed: 473563
[2024-03-11 16:26:28,839 INFO] Average bsz:  865/ 753/64
[2024-03-11 16:26:28,839 INFO] Validation perplexity: 1.35606e+09
[2024-03-11 16:26:28,839 INFO] Validation accuracy: 8.7846
[2024-03-11 16:26:28,841 INFO] Saving checkpoint tg-pt-enc/tg-pt-enc_01_step_7400.pt
[2024-03-11 16:26:30,952 INFO] Step 7450/10000; acc: 95.4; ppl:   1.4; xent: 0.3; lr: 1.00000; sents:    3200; bsz:  776/ 690/64; 6628/5893 tok/s;    412 sec;
[2024-03-11 16:26:32,406 INFO] Step 7500/10000; acc: 95.2; ppl:   1.4; xent: 0.4; lr: 1.00000; sents:    3200; bsz:  817/ 701/64; 28089/24110 tok/s;    413 sec;
[2024-03-11 16:26:33,634 INFO] Step 7550/10000; acc: 95.3; ppl:   1.4; xent: 0.4; lr: 1.00000; sents:    3200; bsz:  895/ 768/64; 36454/31282 tok/s;    414 sec;
[2024-03-11 16:26:34,795 INFO] Step 7600/10000; acc: 95.4; ppl:   1.4; xent: 0.3; lr: 1.00000; sents:    3200; bsz:  850/ 724/64; 36589/31174 tok/s;    415 sec;
[2024-03-11 16:26:38,425 INFO] valid stats calculation
                           took: 3.6293692588806152 s.
[2024-03-11 16:26:38,426 INFO] Train perplexity: 3.84201
[2024-03-11 16:26:38,426 INFO] Train accuracy: 81.9928
[2024-03-11 16:26:38,426 INFO] Sentences processed: 486363
[2024-03-11 16:26:38,426 INFO] Average bsz:  864/ 752/64
[2024-03-11 16:26:38,426 INFO] Validation perplexity: 6.71282e+08
[2024-03-11 16:26:38,426 INFO] Validation accuracy: 9.02527
[2024-03-11 16:26:38,427 INFO] Saving checkpoint tg-pt-enc/tg-pt-enc_01_step_7600.pt
[2024-03-11 16:26:40,530 INFO] Step 7650/10000; acc: 94.9; ppl:   1.5; xent: 0.4; lr: 1.00000; sents:    3200; bsz:  844/ 741/64; 7357/6460 tok/s;    421 sec;
[2024-03-11 16:26:42,570 INFO] Step 7700/10000; acc: 95.2; ppl:   1.4; xent: 0.3; lr: 1.00000; sents:    3200; bsz:  891/ 770/64; 21840/18877 tok/s;    423 sec;
[2024-03-11 16:26:43,806 INFO] Step 7750/10000; acc: 95.6; ppl:   1.4; xent: 0.3; lr: 1.00000; sents:    3200; bsz:  881/ 773/64; 35637/31261 tok/s;    424 sec;
[2024-03-11 16:26:45,033 INFO] Step 7800/10000; acc: 95.1; ppl:   1.4; xent: 0.3; lr: 1.00000; sents:    3200; bsz:  872/ 757/64; 35571/30872 tok/s;    426 sec;
[2024-03-11 16:26:48,728 INFO] valid stats calculation
                           took: 3.6950974464416504 s.
[2024-03-11 16:26:48,729 INFO] Train perplexity: 3.74325
[2024-03-11 16:26:48,729 INFO] Train accuracy: 82.335
[2024-03-11 16:26:48,729 INFO] Sentences processed: 499163
[2024-03-11 16:26:48,729 INFO] Average bsz:  865/ 753/64
[2024-03-11 16:26:48,729 INFO] Validation perplexity: 1.71228e+09
[2024-03-11 16:26:48,729 INFO] Validation accuracy: 8.66426
[2024-03-11 16:26:48,730 INFO] Saving checkpoint tg-pt-enc/tg-pt-enc_01_step_7800.pt
[2024-03-11 16:26:50,873 INFO] Step 7850/10000; acc: 94.9; ppl:   1.5; xent: 0.4; lr: 1.00000; sents:    3200; bsz:  869/ 746/64; 7441/6383 tok/s;    432 sec;
[2024-03-11 16:26:52,907 INFO] Step 7900/10000; acc: 95.5; ppl:   1.4; xent: 0.3; lr: 1.00000; sents:    3200; bsz:  846/ 754/64; 20806/18540 tok/s;    434 sec;
[2024-03-11 16:26:54,645 INFO] Step 7950/10000; acc: 95.3; ppl:   1.4; xent: 0.4; lr: 1.00000; sents:    3200; bsz:  936/ 812/64; 26921/23353 tok/s;    435 sec;
[2024-03-11 16:26:55,792 INFO] Step 8000/10000; acc: 95.5; ppl:   1.4; xent: 0.3; lr: 1.00000; sents:    3200; bsz:  861/ 728/64; 37548/31745 tok/s;    436 sec;
[2024-03-11 16:26:59,527 INFO] valid stats calculation
                           took: 3.7342395782470703 s.
[2024-03-11 16:26:59,527 INFO] Train perplexity: 3.65265
[2024-03-11 16:26:59,527 INFO] Train accuracy: 82.6616
[2024-03-11 16:26:59,527 INFO] Sentences processed: 511963
[2024-03-11 16:26:59,527 INFO] Average bsz:  865/ 753/64
[2024-03-11 16:26:59,527 INFO] Validation perplexity: 1.56714e+09
[2024-03-11 16:26:59,527 INFO] Validation accuracy: 9.02527
[2024-03-11 16:26:59,529 INFO] Saving checkpoint tg-pt-enc/tg-pt-enc_01_step_8000.pt
[2024-03-11 16:27:01,524 INFO] Step 8050/10000; acc: 96.2; ppl:   1.3; xent: 0.3; lr: 1.00000; sents:    3200; bsz:  773/ 681/64; 6744/5940 tok/s;    442 sec;
[2024-03-11 16:27:03,540 INFO] Step 8100/10000; acc: 95.6; ppl:   1.3; xent: 0.3; lr: 1.00000; sents:    3200; bsz:  864/ 748/64; 21432/18547 tok/s;    444 sec;
[2024-03-11 16:27:05,564 INFO] Step 8150/10000; acc: 95.5; ppl:   1.4; xent: 0.3; lr: 1.00000; sents:    3200; bsz:  814/ 718/64; 20119/17747 tok/s;    446 sec;
[2024-03-11 16:27:06,894 INFO] Step 8200/10000; acc: 95.6; ppl:   1.4; xent: 0.3; lr: 1.00000; sents:    3200; bsz:  936/ 809/64; 35175/30426 tok/s;    448 sec;
[2024-03-11 16:27:10,690 INFO] valid stats calculation
                           took: 3.7950053215026855 s.
[2024-03-11 16:27:10,690 INFO] Train perplexity: 3.56641
[2024-03-11 16:27:10,690 INFO] Train accuracy: 82.9739
[2024-03-11 16:27:10,690 INFO] Sentences processed: 524763
[2024-03-11 16:27:10,690 INFO] Average bsz:  865/ 753/64
[2024-03-11 16:27:10,690 INFO] Validation perplexity: 2.98285e+09
[2024-03-11 16:27:10,690 INFO] Validation accuracy: 9.34617
[2024-03-11 16:27:10,692 INFO] Saving checkpoint tg-pt-enc/tg-pt-enc_01_step_8200.pt
[2024-03-11 16:27:12,890 INFO] Step 8250/10000; acc: 95.6; ppl:   1.4; xent: 0.3; lr: 1.00000; sents:    3200; bsz:  909/ 787/64; 7579/6560 tok/s;    454 sec;
[2024-03-11 16:27:15,029 INFO] Step 8300/10000; acc: 95.8; ppl:   1.4; xent: 0.3; lr: 1.00000; sents:    3200; bsz:  921/ 790/64; 21524/18469 tok/s;    456 sec;
[2024-03-11 16:27:17,010 INFO] Step 8350/10000; acc: 95.5; ppl:   1.4; xent: 0.3; lr: 1.00000; sents:    3200; bsz:  851/ 747/64; 21485/18846 tok/s;    458 sec;
[2024-03-11 16:27:18,575 INFO] Step 8400/10000; acc: 94.3; ppl:   1.7; xent: 0.5; lr: 1.00000; sents:    3190; bsz:  931/ 799/64; 29760/25533 tok/s;    459 sec;
[2024-03-11 16:27:22,260 INFO] valid stats calculation
                           took: 3.6840946674346924 s.
[2024-03-11 16:27:22,260 INFO] Train perplexity: 3.48793
[2024-03-11 16:27:22,260 INFO] Train accuracy: 83.2779
[2024-03-11 16:27:22,260 INFO] Sentences processed: 537553
[2024-03-11 16:27:22,260 INFO] Average bsz:  865/ 753/64
[2024-03-11 16:27:22,260 INFO] Validation perplexity: 2.05558e+09
[2024-03-11 16:27:22,260 INFO] Validation accuracy: 9.06538
[2024-03-11 16:27:22,262 INFO] Saving checkpoint tg-pt-enc/tg-pt-enc_01_step_8400.pt
[2024-03-11 16:27:24,429 INFO] Step 8450/10000; acc: 95.2; ppl:   1.4; xent: 0.3; lr: 1.00000; sents:    3200; bsz:  897/ 789/64; 7664/6740 tok/s;    465 sec;
[2024-03-11 16:27:26,493 INFO] Step 8500/10000; acc: 95.9; ppl:   1.3; xent: 0.3; lr: 1.00000; sents:    3200; bsz:  878/ 765/64; 21278/18548 tok/s;    467 sec;
[2024-03-11 16:27:28,515 INFO] Step 8550/10000; acc: 95.6; ppl:   1.4; xent: 0.3; lr: 1.00000; sents:    3200; bsz:  878/ 755/64; 21720/18677 tok/s;    469 sec;
[2024-03-11 16:27:30,265 INFO] Step 8600/10000; acc: 95.8; ppl:   1.3; xent: 0.3; lr: 1.00000; sents:    3200; bsz:  918/ 808/64; 26215/23070 tok/s;    471 sec;
[2024-03-11 16:27:33,921 INFO] valid stats calculation
                           took: 3.6550564765930176 s.
[2024-03-11 16:27:33,921 INFO] Train perplexity: 3.40914
[2024-03-11 16:27:33,921 INFO] Train accuracy: 83.5753
[2024-03-11 16:27:33,921 INFO] Sentences processed: 550353
[2024-03-11 16:27:33,921 INFO] Average bsz:  866/ 754/64
[2024-03-11 16:27:33,921 INFO] Validation perplexity: 8.03777e+09
[2024-03-11 16:27:33,921 INFO] Validation accuracy: 8.94505
[2024-03-11 16:27:33,923 INFO] Saving checkpoint tg-pt-enc/tg-pt-enc_01_step_8600.pt
[2024-03-11 16:27:36,104 INFO] Step 8650/10000; acc: 95.3; ppl:   1.4; xent: 0.3; lr: 1.00000; sents:    3200; bsz:  822/ 724/64; 7042/6199 tok/s;    477 sec;
[2024-03-11 16:27:38,177 INFO] Step 8700/10000; acc: 95.6; ppl:   1.3; xent: 0.3; lr: 1.00000; sents:    3200; bsz:  858/ 758/64; 20698/18295 tok/s;    479 sec;
[2024-03-11 16:27:40,181 INFO] Step 8750/10000; acc: 95.6; ppl:   1.3; xent: 0.3; lr: 1.00000; sents:    3200; bsz:  859/ 743/64; 21434/18543 tok/s;    481 sec;
[2024-03-11 16:27:42,188 INFO] Step 8800/10000; acc: 95.6; ppl:   1.3; xent: 0.3; lr: 1.00000; sents:    3200; bsz:  817/ 724/64; 20366/18052 tok/s;    483 sec;
[2024-03-11 16:27:45,836 INFO] valid stats calculation
                           took: 3.6482324600219727 s.
[2024-03-11 16:27:45,837 INFO] Train perplexity: 3.33982
[2024-03-11 16:27:45,837 INFO] Train accuracy: 83.841
[2024-03-11 16:27:45,837 INFO] Sentences processed: 563153
[2024-03-11 16:27:45,837 INFO] Average bsz:  865/ 753/64
[2024-03-11 16:27:45,837 INFO] Validation perplexity: 1.07429e+10
[2024-03-11 16:27:45,837 INFO] Validation accuracy: 9.26594
[2024-03-11 16:27:45,839 INFO] Saving checkpoint tg-pt-enc/tg-pt-enc_01_step_8800.pt
[2024-03-11 16:27:47,833 INFO] Step 8850/10000; acc: 95.6; ppl:   1.4; xent: 0.3; lr: 1.00000; sents:    3200; bsz:  854/ 737/64; 7565/6526 tok/s;    488 sec;
[2024-03-11 16:27:49,848 INFO] Step 8900/10000; acc: 95.2; ppl:   1.4; xent: 0.4; lr: 1.00000; sents:    3200; bsz:  845/ 739/64; 20963/18333 tok/s;    490 sec;
[2024-03-11 16:27:51,829 INFO] Step 8950/10000; acc: 95.0; ppl:   1.4; xent: 0.4; lr: 1.00000; sents:    3200; bsz:  845/ 728/64; 21326/18382 tok/s;    492 sec;
[2024-03-11 16:27:53,868 INFO] Step 9000/10000; acc: 95.0; ppl:   1.4; xent: 0.3; lr: 1.00000; sents:    3200; bsz:  833/ 744/64; 20436/18250 tok/s;    495 sec;
[2024-03-11 16:27:57,506 INFO] valid stats calculation
                           took: 3.637021064758301 s.
[2024-03-11 16:27:57,506 INFO] Train perplexity: 3.27749
[2024-03-11 16:27:57,506 INFO] Train accuracy: 84.0884
[2024-03-11 16:27:57,506 INFO] Sentences processed: 575953
[2024-03-11 16:27:57,506 INFO] Average bsz:  865/ 753/64
[2024-03-11 16:27:57,506 INFO] Validation perplexity: 7.17224e+09
[2024-03-11 16:27:57,506 INFO] Validation accuracy: 9.34617
[2024-03-11 16:27:57,508 INFO] Saving checkpoint tg-pt-enc/tg-pt-enc_01_step_9000.pt
[2024-03-11 16:27:59,152 INFO] Step 9050/10000; acc: 95.1; ppl:   1.5; xent: 0.4; lr: 1.00000; sents:    3200; bsz:  817/ 712/64; 7735/6738 tok/s;    500 sec;
[2024-03-11 16:28:01,272 INFO] Step 9100/10000; acc: 95.0; ppl:   1.5; xent: 0.4; lr: 1.00000; sents:    3200; bsz:  900/ 790/64; 21238/18630 tok/s;    502 sec;
[2024-03-11 16:28:03,441 INFO] Step 9150/10000; acc: 95.3; ppl:   1.4; xent: 0.3; lr: 1.00000; sents:    3200; bsz:  943/ 817/64; 21752/18845 tok/s;    504 sec;
[2024-03-11 16:28:05,539 INFO] Step 9200/10000; acc: 95.2; ppl:   1.4; xent: 0.3; lr: 1.00000; sents:    3200; bsz:  867/ 751/64; 20654/17901 tok/s;    506 sec;
[2024-03-11 16:28:09,166 INFO] valid stats calculation
                           took: 3.6267623901367188 s.
[2024-03-11 16:28:09,167 INFO] Train perplexity: 3.21824
[2024-03-11 16:28:09,167 INFO] Train accuracy: 84.3331
[2024-03-11 16:28:09,167 INFO] Sentences processed: 588753
[2024-03-11 16:28:09,167 INFO] Average bsz:  865/ 753/64
[2024-03-11 16:28:09,167 INFO] Validation perplexity: 3.27121e+09
[2024-03-11 16:28:09,167 INFO] Validation accuracy: 8.74448
[2024-03-11 16:28:09,169 INFO] Saving checkpoint tg-pt-enc/tg-pt-enc_01_step_9200.pt
[2024-03-11 16:28:10,748 INFO] Step 9250/10000; acc: 95.4; ppl:   1.4; xent: 0.3; lr: 1.00000; sents:    3200; bsz:  929/ 817/64; 8921/7839 tok/s;    511 sec;
[2024-03-11 16:28:12,693 INFO] Step 9300/10000; acc: 96.1; ppl:   1.3; xent: 0.2; lr: 1.00000; sents:    3200; bsz:  818/ 713/64; 21027/18334 tok/s;    513 sec;
[2024-03-11 16:28:14,548 INFO] Step 9350/10000; acc: 96.4; ppl:   1.3; xent: 0.2; lr: 1.00000; sents:    3200; bsz:  760/ 653/64; 20502/17603 tok/s;    515 sec;
[2024-03-11 16:28:16,699 INFO] Step 9400/10000; acc: 95.9; ppl:   1.3; xent: 0.3; lr: 1.00000; sents:    3200; bsz:  881/ 790/64; 20475/18362 tok/s;    517 sec;
[2024-03-11 16:28:20,258 INFO] valid stats calculation
                           took: 3.558833360671997 s.
[2024-03-11 16:28:20,258 INFO] Train perplexity: 3.15854
[2024-03-11 16:28:20,258 INFO] Train accuracy: 84.5768
[2024-03-11 16:28:20,258 INFO] Sentences processed: 601553
[2024-03-11 16:28:20,258 INFO] Average bsz:  865/ 753/64
[2024-03-11 16:28:20,258 INFO] Validation perplexity: 3.43213e+09
[2024-03-11 16:28:20,258 INFO] Validation accuracy: 8.66426
[2024-03-11 16:28:20,260 INFO] Saving checkpoint tg-pt-enc/tg-pt-enc_01_step_9400.pt
[2024-03-11 16:28:21,723 INFO] Step 9450/10000; acc: 95.3; ppl:   1.4; xent: 0.3; lr: 1.00000; sents:    3200; bsz:  961/ 849/64; 9566/8451 tok/s;    522 sec;
[2024-03-11 16:28:23,493 INFO] Step 9500/10000; acc: 95.7; ppl:   1.3; xent: 0.3; lr: 1.00000; sents:    3200; bsz:  872/ 769/64; 24629/21736 tok/s;    524 sec;
[2024-03-11 16:28:25,600 INFO] Step 9550/10000; acc: 95.3; ppl:   1.4; xent: 0.3; lr: 1.00000; sents:    3200; bsz:  901/ 778/64; 21385/18465 tok/s;    526 sec;
[2024-03-11 16:28:27,492 INFO] Step 9600/10000; acc: 96.2; ppl:   1.3; xent: 0.3; lr: 1.00000; sents:    3200; bsz:  771/ 673/64; 20365/17794 tok/s;    528 sec;
[2024-03-11 16:28:31,103 INFO] valid stats calculation
                           took: 3.6104798316955566 s.
[2024-03-11 16:28:31,103 INFO] Train perplexity: 3.1023
[2024-03-11 16:28:31,103 INFO] Train accuracy: 84.8102
[2024-03-11 16:28:31,103 INFO] Sentences processed: 614353
[2024-03-11 16:28:31,103 INFO] Average bsz:  865/ 753/64
[2024-03-11 16:28:31,103 INFO] Validation perplexity: 8.33911e+09
[2024-03-11 16:28:31,104 INFO] Validation accuracy: 9.14561
[2024-03-11 16:28:31,105 INFO] Saving checkpoint tg-pt-enc/tg-pt-enc_01_step_9600.pt
[2024-03-11 16:28:32,312 INFO] Step 9650/10000; acc: 95.7; ppl:   1.3; xent: 0.3; lr: 1.00000; sents:    3200; bsz:  790/ 694/64; 8194/7198 tok/s;    533 sec;
[2024-03-11 16:28:33,501 INFO] Step 9700/10000; acc: 96.1; ppl:   1.3; xent: 0.3; lr: 1.00000; sents:    3200; bsz:  849/ 732/64; 35699/30799 tok/s;    534 sec;
[2024-03-11 16:28:35,694 INFO] Step 9750/10000; acc: 95.3; ppl:   1.4; xent: 0.3; lr: 1.00000; sents:    3200; bsz:  974/ 841/64; 22209/19177 tok/s;    536 sec;
[2024-03-11 16:28:37,720 INFO] Step 9800/10000; acc: 95.3; ppl:   1.5; xent: 0.4; lr: 1.00000; sents:    3200; bsz:  888/ 768/64; 21930/18958 tok/s;    538 sec;
[2024-03-11 16:28:41,337 INFO] valid stats calculation
                           took: 3.6173558235168457 s.
[2024-03-11 16:28:41,338 INFO] Train perplexity: 3.0514
[2024-03-11 16:28:41,338 INFO] Train accuracy: 85.0319
[2024-03-11 16:28:41,338 INFO] Sentences processed: 627153
[2024-03-11 16:28:41,338 INFO] Average bsz:  865/ 754/64
[2024-03-11 16:28:41,338 INFO] Validation perplexity: 9.7992e+09
[2024-03-11 16:28:41,338 INFO] Validation accuracy: 9.26594
[2024-03-11 16:28:41,339 INFO] Saving checkpoint tg-pt-enc/tg-pt-enc_01_step_9800.pt
[2024-03-11 16:28:42,680 INFO] Step 9850/10000; acc: 95.9; ppl:   1.3; xent: 0.3; lr: 1.00000; sents:    3200; bsz:  924/ 790/64; 9315/7961 tok/s;    543 sec;
[2024-03-11 16:28:43,902 INFO] Step 9900/10000; acc: 95.3; ppl:   1.5; xent: 0.4; lr: 1.00000; sents:    3200; bsz:  834/ 753/64; 34133/30831 tok/s;    545 sec;
[2024-03-11 16:28:45,672 INFO] Step 9950/10000; acc: 95.6; ppl:   1.4; xent: 0.3; lr: 1.00000; sents:    3200; bsz:  922/ 815/64; 26033/23020 tok/s;    546 sec;
[2024-03-11 16:28:47,684 INFO] Step 10000/10000; acc: 95.4; ppl:   1.4; xent: 0.4; lr: 1.00000; sents:    3200; bsz:  870/ 755/64; 21628/18771 tok/s;    548 sec;
[2024-03-11 16:28:51,203 INFO] valid stats calculation
                           took: 3.518592119216919 s.
[2024-03-11 16:28:51,203 INFO] Train perplexity: 3.00293
[2024-03-11 16:28:51,203 INFO] Train accuracy: 85.2493
[2024-03-11 16:28:51,203 INFO] Sentences processed: 639953
[2024-03-11 16:28:51,203 INFO] Average bsz:  866/ 754/64
[2024-03-11 16:28:51,203 INFO] Validation perplexity: 3.00166e+09
[2024-03-11 16:28:51,203 INFO] Validation accuracy: 9.54673
[2024-03-11 16:28:51,205 INFO] Saving checkpoint tg-pt-enc/tg-pt-enc_01_step_10000.pt
