[2024-03-13 09:26:23,383 WARNING] Corpus corpus_1's weight should be given. We default it to 1 for you.
[2024-03-13 09:26:23,383 INFO] Parsed 2 corpora from -data.
[2024-03-13 09:26:23,383 INFO] Loading checkpoint from tg-pt-both/models/tg-pt-both_01_step_3200.pt
[2024-03-13 09:26:23,453 INFO] Building model...
[2024-03-13 09:26:23,508 INFO] Switching model to float32 for amp/apex_amp
[2024-03-13 09:26:23,509 INFO] Non quantized layer compute is fp32
[2024-03-13 09:26:25,877 INFO] NMTModel(
  (encoder): RNNEncoder(
    (embeddings): Embeddings(
      (make_embedding): Sequential(
        (emb_luts): Elementwise(
          (0): Embedding(17816, 300, padding_idx=1)
        )
      )
      (dropout): Dropout(p=0.3, inplace=False)
    )
    (rnn): LSTM(300, 500, num_layers=2, batch_first=True, dropout=0.3)
  )
  (decoder): InputFeedRNNDecoder(
    (embeddings): Embeddings(
      (make_embedding): Sequential(
        (emb_luts): Elementwise(
          (0): Embedding(14144, 300, padding_idx=1)
        )
      )
      (dropout): Dropout(p=0.3, inplace=False)
    )
    (dropout): Dropout(p=0.3, inplace=False)
    (rnn): StackedLSTM(
      (dropout): Dropout(p=0.3, inplace=False)
      (layers): ModuleList(
        (0): LSTMCell(800, 500)
        (1): LSTMCell(500, 500)
      )
    )
    (attn): GlobalAttention(
      (linear_in): Linear(in_features=500, out_features=500, bias=False)
      (linear_out): Linear(in_features=1000, out_features=500, bias=False)
    )
  )
  (generator): Linear(in_features=500, out_features=14144, bias=True)
)
[2024-03-13 09:26:25,877 INFO] encoder: 8952800
[2024-03-13 09:26:25,877 INFO] decoder: 16687344
[2024-03-13 09:26:25,877 INFO] * number of parameters: 25640144
[2024-03-13 09:26:25,877 INFO] Trainable parameters = {'torch.float32': 25640144, 'torch.float16': 0, 'torch.uint8': 0, 'torch.int8': 0}
[2024-03-13 09:26:25,877 INFO] Non trainable parameters = {'torch.float32': 0, 'torch.float16': 0, 'torch.uint8': 0, 'torch.int8': 0}
[2024-03-13 09:26:25,877 INFO]  * src vocab size = 17816
[2024-03-13 09:26:25,877 INFO]  * tgt vocab size = 14144
[2024-03-13 09:26:25,879 INFO] Starting training on GPU: [0]
[2024-03-13 09:26:25,879 INFO] Start training loop and validate every 200 steps...
[2024-03-13 09:26:25,879 INFO] Scoring with: TransformPipe(InferFeatsTransform())
[2024-03-13 09:26:31,905 INFO] Step 3250/ 8200; acc: 10.2; ppl: 65903.4; xent: 11.1; lr: 1.00000; sents:    2366; bsz:  591/ 513/47; 4900/4256 tok/s;      6 sec;
[2024-03-13 09:26:34,335 INFO] Step 3300/ 8200; acc: 10.7; ppl: 4031.2; xent: 8.3; lr: 1.00000; sents:    2273; bsz:  565/ 489/45; 11621/10067 tok/s;      8 sec;
[2024-03-13 09:26:36,705 INFO] Step 3350/ 8200; acc: 15.3; ppl: 634.8; xent: 6.5; lr: 1.00000; sents:    2363; bsz:  564/ 491/47; 11893/10371 tok/s;     11 sec;
[2024-03-13 09:26:39,062 INFO] Step 3400/ 8200; acc: 19.5; ppl: 275.1; xent: 5.6; lr: 1.00000; sents:    2365; bsz:  563/ 489/47; 11935/10367 tok/s;     13 sec;
[2024-03-13 09:26:42,574 INFO] valid stats calculation
                           took: 3.511615514755249 s.
[2024-03-13 09:26:42,575 INFO] Train perplexity: 2710.1
[2024-03-13 09:26:42,575 INFO] Train accuracy: 13.8907
[2024-03-13 09:26:42,575 INFO] Sentences processed: 9367
[2024-03-13 09:26:42,575 INFO] Average bsz:  570/ 496/47
[2024-03-13 09:26:42,575 INFO] Validation perplexity: 419.685
[2024-03-13 09:26:42,575 INFO] Validation accuracy: 15.9647
[2024-03-13 09:26:42,576 INFO] Saving checkpoint tg-ft-both/tg-ft-both_3200_03_step_3400.pt
[2024-03-13 09:26:46,283 INFO] Step 3450/ 8200; acc: 23.0; ppl: 155.4; xent: 5.0; lr: 1.00000; sents:    2367; bsz:  587/ 509/47; 4063/3528 tok/s;     20 sec;
[2024-03-13 09:26:49,886 INFO] Step 3500/ 8200; acc: 26.3; ppl:  98.6; xent: 4.6; lr: 1.00000; sents:    2251; bsz:  549/ 475/45; 7620/6590 tok/s;     24 sec;
[2024-03-13 09:26:53,500 INFO] Step 3550/ 8200; acc: 30.6; ppl:  63.8; xent: 4.2; lr: 1.00000; sents:    2378; bsz:  568/ 494/48; 7852/6839 tok/s;     28 sec;
[2024-03-13 09:26:56,086 INFO] Step 3600/ 8200; acc: 32.7; ppl:  49.2; xent: 3.9; lr: 1.00000; sents:    2280; bsz:  562/ 487/46; 10866/9424 tok/s;     30 sec;
[2024-03-13 09:26:59,565 INFO] valid stats calculation
                           took: 3.4781699180603027 s.
[2024-03-13 09:26:59,565 INFO] Train perplexity: 479.736
[2024-03-13 09:26:59,566 INFO] Train accuracy: 20.9741
[2024-03-13 09:26:59,566 INFO] Sentences processed: 18643
[2024-03-13 09:26:59,566 INFO] Average bsz:  568/ 494/47
[2024-03-13 09:26:59,566 INFO] Validation perplexity: 222.363
[2024-03-13 09:26:59,566 INFO] Validation accuracy: 27.9984
[2024-03-13 09:26:59,567 INFO] Saving checkpoint tg-ft-both/tg-ft-both_3200_03_step_3600.pt
[2024-03-13 09:27:03,176 INFO] Step 3650/ 8200; acc: 35.0; ppl:  37.8; xent: 3.6; lr: 1.00000; sents:    2381; bsz:  586/ 509/48; 4136/3593 tok/s;     37 sec;
[2024-03-13 09:27:06,713 INFO] Step 3700/ 8200; acc: 38.2; ppl:  28.0; xent: 3.3; lr: 1.00000; sents:    2261; bsz:  552/ 477/45; 7803/6742 tok/s;     41 sec;
[2024-03-13 09:27:10,318 INFO] Step 3750/ 8200; acc: 40.3; ppl:  22.6; xent: 3.1; lr: 1.00000; sents:    2372; bsz:  580/ 502/47; 8042/6961 tok/s;     44 sec;
[2024-03-13 09:27:13,050 INFO] Step 3800/ 8200; acc: 42.8; ppl:  18.3; xent: 2.9; lr: 1.00000; sents:    2366; bsz:  562/ 489/47; 10293/8956 tok/s;     47 sec;
[2024-03-13 09:27:16,642 INFO] valid stats calculation
                           took: 3.5916314125061035 s.
[2024-03-13 09:27:16,642 INFO] Train perplexity: 180.862
[2024-03-13 09:27:16,642 INFO] Train accuracy: 26.9969
[2024-03-13 09:27:16,642 INFO] Sentences processed: 28023
[2024-03-13 09:27:16,642 INFO] Average bsz:  569/ 494/47
[2024-03-13 09:27:16,642 INFO] Validation perplexity: 244.969
[2024-03-13 09:27:16,642 INFO] Validation accuracy: 27.9583
[2024-03-13 09:27:16,644 INFO] Saving checkpoint tg-ft-both/tg-ft-both_3200_03_step_3800.pt
[2024-03-13 09:27:20,347 INFO] Step 3850/ 8200; acc: 44.7; ppl:  15.5; xent: 2.7; lr: 1.00000; sents:    2367; bsz:  567/ 499/47; 3887/3419 tok/s;     54 sec;
[2024-03-13 09:27:23,959 INFO] Step 3900/ 8200; acc: 45.5; ppl:  14.4; xent: 2.7; lr: 1.00000; sents:    2268; bsz:  587/ 505/45; 8125/6988 tok/s;     58 sec;
[2024-03-13 09:27:27,543 INFO] Step 3950/ 8200; acc: 48.9; ppl:  11.1; xent: 2.4; lr: 1.00000; sents:    2367; bsz:  567/ 499/47; 7913/6955 tok/s;     62 sec;
[2024-03-13 09:27:30,267 INFO] Step 4000/ 8200; acc: 51.3; ppl:   9.2; xent: 2.2; lr: 1.00000; sents:    2365; bsz:  561/ 487/47; 10293/8932 tok/s;     64 sec;
[2024-03-13 09:27:33,834 INFO] valid stats calculation
                           took: 3.567085027694702 s.
[2024-03-13 09:27:33,835 INFO] Train perplexity: 92.0642
[2024-03-13 09:27:33,835 INFO] Train accuracy: 32.1718
[2024-03-13 09:27:33,835 INFO] Sentences processed: 37390
[2024-03-13 09:27:33,835 INFO] Average bsz:  569/ 495/47
[2024-03-13 09:27:33,835 INFO] Validation perplexity: 305.904
[2024-03-13 09:27:33,835 INFO] Validation accuracy: 27.3566
[2024-03-13 09:27:33,837 INFO] Saving checkpoint tg-ft-both/tg-ft-both_3200_03_step_4000.pt
[2024-03-13 09:27:37,702 INFO] Step 4050/ 8200; acc: 51.8; ppl:   8.7; xent: 2.2; lr: 1.00000; sents:    2269; bsz:  569/ 491/45; 3825/3305 tok/s;     72 sec;
[2024-03-13 09:27:41,283 INFO] Step 4100/ 8200; acc: 54.6; ppl:   7.3; xent: 2.0; lr: 1.00000; sents:    2371; bsz:  563/ 491/47; 7869/6853 tok/s;     75 sec;
[2024-03-13 09:27:44,997 INFO] Step 4150/ 8200; acc: 57.0; ppl:   6.4; xent: 1.9; lr: 1.00000; sents:    2376; bsz:  565/ 495/48; 7612/6665 tok/s;     79 sec;
[2024-03-13 09:27:48,016 INFO] Step 4200/ 8200; acc: 57.7; ppl:   6.0; xent: 1.8; lr: 1.00000; sents:    2381; bsz:  582/ 506/48; 9637/8374 tok/s;     82 sec;
[2024-03-13 09:27:51,608 INFO] valid stats calculation
                           took: 3.591350555419922 s.
[2024-03-13 09:27:51,609 INFO] Train perplexity: 54.9461
[2024-03-13 09:27:51,609 INFO] Train accuracy: 36.8059
[2024-03-13 09:27:51,609 INFO] Sentences processed: 46787
[2024-03-13 09:27:51,609 INFO] Average bsz:  569/ 495/47
[2024-03-13 09:27:51,609 INFO] Validation perplexity: 439.839
[2024-03-13 09:27:51,609 INFO] Validation accuracy: 29.6029
[2024-03-13 09:27:51,610 INFO] Saving checkpoint tg-ft-both/tg-ft-both_3200_03_step_4200.pt
[2024-03-13 09:27:55,275 INFO] Step 4250/ 8200; acc: 60.0; ppl:   5.3; xent: 1.7; lr: 1.00000; sents:    2279; bsz:  562/ 485/46; 3870/3342 tok/s;     89 sec;
[2024-03-13 09:27:58,836 INFO] Step 4300/ 8200; acc: 61.3; ppl:   4.9; xent: 1.6; lr: 1.00000; sents:    2375; bsz:  579/ 498/48; 8125/6991 tok/s;     93 sec;
[2024-03-13 09:28:02,406 INFO] Step 4350/ 8200; acc: 63.7; ppl:   4.3; xent: 1.5; lr: 1.00000; sents:    2271; bsz:  547/ 474/45; 7660/6639 tok/s;     97 sec;
[2024-03-13 09:28:05,534 INFO] Step 4400/ 8200; acc: 65.0; ppl:   4.0; xent: 1.4; lr: 1.00000; sents:    2366; bsz:  577/ 501/47; 9227/8010 tok/s;    100 sec;
[2024-03-13 09:28:09,065 INFO] valid stats calculation
                           took: 3.5308423042297363 s.
[2024-03-13 09:28:09,066 INFO] Train perplexity: 36.4911
[2024-03-13 09:28:09,066 INFO] Train accuracy: 41.0527
[2024-03-13 09:28:09,066 INFO] Sentences processed: 56078
[2024-03-13 09:28:09,066 INFO] Average bsz:  569/ 494/47
[2024-03-13 09:28:09,066 INFO] Validation perplexity: 506.807
[2024-03-13 09:28:09,066 INFO] Validation accuracy: 30.0842
[2024-03-13 09:28:09,067 INFO] Saving checkpoint tg-ft-both/tg-ft-both_3200_03_step_4400.pt
[2024-03-13 09:28:12,744 INFO] Step 4450/ 8200; acc: 65.9; ppl:   3.8; xent: 1.3; lr: 1.00000; sents:    2268; bsz:  563/ 488/45; 3901/3383 tok/s;    107 sec;
[2024-03-13 09:28:16,249 INFO] Step 4500/ 8200; acc: 66.9; ppl:   3.6; xent: 1.3; lr: 1.00000; sents:    2362; bsz:  584/ 505/47; 8330/7205 tok/s;    110 sec;
[2024-03-13 09:28:19,781 INFO] Step 4550/ 8200; acc: 69.1; ppl:   3.3; xent: 1.2; lr: 1.00000; sents:    2369; bsz:  566/ 491/47; 8009/6955 tok/s;    114 sec;
[2024-03-13 09:28:23,030 INFO] Step 4600/ 8200; acc: 69.7; ppl:   3.2; xent: 1.2; lr: 1.00000; sents:    2367; bsz:  563/ 488/47; 8663/7508 tok/s;    117 sec;
[2024-03-13 09:28:26,686 INFO] valid stats calculation
                           took: 3.6548194885253906 s.
[2024-03-13 09:28:26,686 INFO] Train perplexity: 26.0876
[2024-03-13 09:28:26,686 INFO] Train accuracy: 44.8793
[2024-03-13 09:28:26,686 INFO] Sentences processed: 65444
[2024-03-13 09:28:26,686 INFO] Average bsz:  569/ 494/47
[2024-03-13 09:28:26,686 INFO] Validation perplexity: 768.634
[2024-03-13 09:28:26,686 INFO] Validation accuracy: 29.8837
[2024-03-13 09:28:26,688 INFO] Saving checkpoint tg-ft-both/tg-ft-both_3200_03_step_4600.pt
[2024-03-13 09:28:30,469 INFO] Step 4650/ 8200; acc: 70.6; ppl:   3.0; xent: 1.1; lr: 1.00000; sents:    2272; bsz:  578/ 497/45; 3888/3338 tok/s;    125 sec;
[2024-03-13 09:28:34,073 INFO] Step 4700/ 8200; acc: 72.6; ppl:   2.7; xent: 1.0; lr: 1.00000; sents:    2371; bsz:  564/ 490/47; 7827/6793 tok/s;    128 sec;
[2024-03-13 09:28:37,707 INFO] Step 4750/ 8200; acc: 72.9; ppl:   2.7; xent: 1.0; lr: 1.00000; sents:    2375; bsz:  583/ 505/48; 8023/6944 tok/s;    132 sec;
[2024-03-13 09:28:41,143 INFO] Step 4800/ 8200; acc: 75.0; ppl:   2.5; xent: 0.9; lr: 1.00000; sents:    2280; bsz:  559/ 486/46; 8135/7066 tok/s;    135 sec;
[2024-03-13 09:28:44,710 INFO] valid stats calculation
                           took: 3.566246509552002 s.
[2024-03-13 09:28:44,710 INFO] Train perplexity: 19.6751
[2024-03-13 09:28:44,710 INFO] Train accuracy: 48.3663
[2024-03-13 09:28:44,710 INFO] Sentences processed: 74742
[2024-03-13 09:28:44,710 INFO] Average bsz:  569/ 494/47
[2024-03-13 09:28:44,710 INFO] Validation perplexity: 1151.99
[2024-03-13 09:28:44,710 INFO] Validation accuracy: 30.6057
[2024-03-13 09:28:44,711 INFO] Saving checkpoint tg-ft-both/tg-ft-both_3200_03_step_4800.pt
[2024-03-13 09:28:48,322 INFO] Step 4850/ 8200; acc: 75.7; ppl:   2.4; xent: 0.9; lr: 1.00000; sents:    2376; bsz:  564/ 490/48; 3926/3411 tok/s;    142 sec;
[2024-03-13 09:28:51,958 INFO] Step 4900/ 8200; acc: 76.9; ppl:   2.3; xent: 0.8; lr: 1.00000; sents:    2280; bsz:  563/ 487/46; 7744/6695 tok/s;    146 sec;
[2024-03-13 09:28:55,533 INFO] Step 4950/ 8200; acc: 76.9; ppl:   2.3; xent: 0.8; lr: 1.00000; sents:    2464; bsz:  595/ 521/49; 8317/7295 tok/s;    150 sec;
[2024-03-13 09:28:59,049 INFO] Step 5000/ 8200; acc: 78.8; ppl:   2.1; xent: 0.8; lr: 1.00000; sents:    2270; bsz:  563/ 487/45; 8005/6928 tok/s;    153 sec;
[2024-03-13 09:29:02,658 INFO] valid stats calculation
                           took: 3.6088850498199463 s.
[2024-03-13 09:29:02,658 INFO] Train perplexity: 15.4665
[2024-03-13 09:29:02,658 INFO] Train accuracy: 51.569
[2024-03-13 09:29:02,658 INFO] Sentences processed: 84132
[2024-03-13 09:29:02,658 INFO] Average bsz:  569/ 494/47
[2024-03-13 09:29:02,658 INFO] Validation perplexity: 1426.51
[2024-03-13 09:29:02,658 INFO] Validation accuracy: 28.2391
[2024-03-13 09:29:02,660 INFO] Saving checkpoint tg-ft-both/tg-ft-both_3200_03_step_5000.pt
[2024-03-13 09:29:06,208 INFO] Step 5050/ 8200; acc: 79.9; ppl:   2.0; xent: 0.7; lr: 1.00000; sents:    2369; bsz:  566/ 492/47; 3956/3436 tok/s;    160 sec;
[2024-03-13 09:29:09,767 INFO] Step 5100/ 8200; acc: 79.7; ppl:   2.0; xent: 0.7; lr: 1.00000; sents:    2363; bsz:  585/ 507/47; 8223/7130 tok/s;    164 sec;
[2024-03-13 09:29:13,264 INFO] Step 5150/ 8200; acc: 81.5; ppl:   1.9; xent: 0.7; lr: 1.00000; sents:    2244; bsz:  547/ 474/45; 7824/6775 tok/s;    167 sec;
[2024-03-13 09:29:16,740 INFO] Step 5200/ 8200; acc: 82.0; ppl:   1.9; xent: 0.6; lr: 1.00000; sents:    2367; bsz:  561/ 488/47; 8066/7016 tok/s;    171 sec;
[2024-03-13 09:29:20,222 INFO] valid stats calculation
                           took: 3.481153964996338 s.
[2024-03-13 09:29:20,222 INFO] Train perplexity: 12.6058
[2024-03-13 09:29:20,222 INFO] Train accuracy: 54.4645
[2024-03-13 09:29:20,222 INFO] Sentences processed: 93475
[2024-03-13 09:29:20,223 INFO] Average bsz:  569/ 494/47
[2024-03-13 09:29:20,223 INFO] Validation perplexity: 1835.07
[2024-03-13 09:29:20,223 INFO] Validation accuracy: 28.8006
[2024-03-13 09:29:20,224 INFO] Saving checkpoint tg-ft-both/tg-ft-both_3200_03_step_5200.pt
[2024-03-13 09:29:23,679 INFO] Step 5250/ 8200; acc: 82.4; ppl:   1.9; xent: 0.6; lr: 1.00000; sents:    2372; bsz:  583/ 505/47; 4198/3640 tok/s;    178 sec;
[2024-03-13 09:29:27,314 INFO] Step 5300/ 8200; acc: 82.6; ppl:   1.8; xent: 0.6; lr: 1.00000; sents:    2275; bsz:  562/ 487/46; 7726/6700 tok/s;    181 sec;
[2024-03-13 09:29:30,930 INFO] Step 5350/ 8200; acc: 83.5; ppl:   1.8; xent: 0.6; lr: 1.00000; sents:    2383; bsz:  567/ 495/48; 7846/6842 tok/s;    185 sec;
[2024-03-13 09:29:34,583 INFO] Step 5400/ 8200; acc: 84.2; ppl:   1.7; xent: 0.6; lr: 1.00000; sents:    2381; bsz:  582/ 504/48; 7964/6899 tok/s;    189 sec;
[2024-03-13 09:29:38,147 INFO] valid stats calculation
                           took: 3.5638980865478516 s.
[2024-03-13 09:29:38,148 INFO] Train perplexity: 10.5486
[2024-03-13 09:29:38,148 INFO] Train accuracy: 57.0938
[2024-03-13 09:29:38,148 INFO] Sentences processed: 102886
[2024-03-13 09:29:38,148 INFO] Average bsz:  569/ 494/47
[2024-03-13 09:29:38,148 INFO] Validation perplexity: 2195.61
[2024-03-13 09:29:38,148 INFO] Validation accuracy: 28.1187
[2024-03-13 09:29:38,149 INFO] Saving checkpoint tg-ft-both/tg-ft-both_3200_03_step_5400.pt
[2024-03-13 09:29:41,502 INFO] Step 5450/ 8200; acc: 84.5; ppl:   1.7; xent: 0.5; lr: 1.00000; sents:    2261; bsz:  552/ 476/45; 3987/3444 tok/s;    196 sec;
[2024-03-13 09:29:45,152 INFO] Step 5500/ 8200; acc: 84.8; ppl:   1.7; xent: 0.5; lr: 1.00000; sents:    2275; bsz:  567/ 492/46; 7771/6733 tok/s;    199 sec;
[2024-03-13 09:29:48,742 INFO] Step 5550/ 8200; acc: 85.7; ppl:   1.6; xent: 0.5; lr: 1.00000; sents:    2463; bsz:  586/ 519/49; 8160/7225 tok/s;    203 sec;
[2024-03-13 09:29:52,347 INFO] Step 5600/ 8200; acc: 85.8; ppl:   1.6; xent: 0.5; lr: 1.00000; sents:    2271; bsz:  568/ 493/45; 7885/6845 tok/s;    206 sec;
[2024-03-13 09:29:55,904 INFO] valid stats calculation
                           took: 3.5570712089538574 s.
[2024-03-13 09:29:55,905 INFO] Train perplexity: 9.04073
[2024-03-13 09:29:55,905 INFO] Train accuracy: 59.4409
[2024-03-13 09:29:55,905 INFO] Sentences processed: 112156
[2024-03-13 09:29:55,905 INFO] Average bsz:  569/ 494/47
[2024-03-13 09:29:55,905 INFO] Validation perplexity: 3450.53
[2024-03-13 09:29:55,905 INFO] Validation accuracy: 28.4396
[2024-03-13 09:29:55,906 INFO] Saving checkpoint tg-ft-both/tg-ft-both_3200_03_step_5600.pt
[2024-03-13 09:29:58,989 INFO] Step 5650/ 8200; acc: 86.2; ppl:   1.6; xent: 0.5; lr: 1.00000; sents:    2260; bsz:  555/ 480/45; 4181/3617 tok/s;    213 sec;
[2024-03-13 09:30:02,473 INFO] Step 5700/ 8200; acc: 87.1; ppl:   1.6; xent: 0.4; lr: 1.00000; sents:    2367; bsz:  571/ 492/47; 8192/7062 tok/s;    217 sec;
[2024-03-13 09:30:06,012 INFO] Step 5750/ 8200; acc: 87.3; ppl:   1.6; xent: 0.4; lr: 1.00000; sents:    2365; bsz:  562/ 489/47; 7935/6910 tok/s;    220 sec;
[2024-03-13 09:30:09,696 INFO] Step 5800/ 8200; acc: 87.8; ppl:   1.5; xent: 0.4; lr: 1.00000; sents:    2373; bsz:  567/ 495/47; 7689/6724 tok/s;    224 sec;
[2024-03-13 09:30:13,170 INFO] valid stats calculation
                           took: 3.4726719856262207 s.
[2024-03-13 09:30:13,171 INFO] Train perplexity: 7.90793
[2024-03-13 09:30:13,171 INFO] Train accuracy: 61.5486
[2024-03-13 09:30:13,171 INFO] Sentences processed: 121521
[2024-03-13 09:30:13,171 INFO] Average bsz:  569/ 494/47
[2024-03-13 09:30:13,171 INFO] Validation perplexity: 3435.85
[2024-03-13 09:30:13,172 INFO] Validation accuracy: 29.4023
[2024-03-13 09:30:13,174 INFO] Saving checkpoint tg-ft-both/tg-ft-both_3200_03_step_5800.pt
[2024-03-13 09:30:16,252 INFO] Step 5850/ 8200; acc: 87.3; ppl:   1.6; xent: 0.4; lr: 1.00000; sents:    2371; bsz:  580/ 506/47; 4425/3857 tok/s;    230 sec;
[2024-03-13 09:30:19,964 INFO] Step 5900/ 8200; acc: 88.2; ppl:   1.5; xent: 0.4; lr: 1.00000; sents:    2279; bsz:  562/ 486/46; 7576/6543 tok/s;    234 sec;
[2024-03-13 09:30:23,484 INFO] Step 5950/ 8200; acc: 88.5; ppl:   1.5; xent: 0.4; lr: 1.00000; sents:    2381; bsz:  566/ 491/48; 8041/6976 tok/s;    238 sec;
[2024-03-13 09:30:27,105 INFO] Step 6000/ 8200; acc: 88.7; ppl:   1.5; xent: 0.4; lr: 1.00000; sents:    2276; bsz:  561/ 485/46; 7751/6699 tok/s;    241 sec;
[2024-03-13 09:30:30,606 INFO] valid stats calculation
                           took: 3.5008981227874756 s.
[2024-03-13 09:30:30,607 INFO] Train perplexity: 7.02715
[2024-03-13 09:30:30,607 INFO] Train accuracy: 63.4449
[2024-03-13 09:30:30,607 INFO] Sentences processed: 130828
[2024-03-13 09:30:30,607 INFO] Average bsz:  569/ 494/47
[2024-03-13 09:30:30,607 INFO] Validation perplexity: 3092.75
[2024-03-13 09:30:30,607 INFO] Validation accuracy: 28.8006
[2024-03-13 09:30:30,608 INFO] Saving checkpoint tg-ft-both/tg-ft-both_3200_03_step_6000.pt
[2024-03-13 09:30:33,444 INFO] Step 6050/ 8200; acc: 89.0; ppl:   1.5; xent: 0.4; lr: 1.00000; sents:    2375; bsz:  579/ 499/48; 4567/3933 tok/s;    248 sec;
[2024-03-13 09:30:36,999 INFO] Step 6100/ 8200; acc: 89.6; ppl:   1.4; xent: 0.4; lr: 1.00000; sents:    2371; bsz:  566/ 491/47; 7954/6902 tok/s;    251 sec;
[2024-03-13 09:30:40,753 INFO] Step 6150/ 8200; acc: 89.3; ppl:   1.4; xent: 0.4; lr: 1.00000; sents:    2268; bsz:  583/ 504/45; 7766/6719 tok/s;    255 sec;
[2024-03-13 09:30:44,197 INFO] Step 6200/ 8200; acc: 90.1; ppl:   1.4; xent: 0.3; lr: 1.00000; sents:    2366; bsz:  564/ 490/47; 8197/7123 tok/s;    258 sec;
[2024-03-13 09:30:48,179 INFO] valid stats calculation
                           took: 3.981773614883423 s.
[2024-03-13 09:30:48,179 INFO] Train perplexity: 6.31829
[2024-03-13 09:30:48,179 INFO] Train accuracy: 65.1893
[2024-03-13 09:30:48,180 INFO] Sentences processed: 140208
[2024-03-13 09:30:48,180 INFO] Average bsz:  569/ 494/47
[2024-03-13 09:30:48,180 INFO] Validation perplexity: 3931.68
[2024-03-13 09:30:48,180 INFO] Validation accuracy: 28.7204
[2024-03-13 09:30:48,181 INFO] Saving checkpoint tg-ft-both/tg-ft-both_3200_03_step_6200.pt
[2024-03-13 09:30:50,783 INFO] Step 6250/ 8200; acc: 90.0; ppl:   1.4; xent: 0.3; lr: 1.00000; sents:    2362; bsz:  562/ 488/47; 4269/3706 tok/s;    265 sec;
[2024-03-13 09:30:54,366 INFO] Step 6300/ 8200; acc: 90.1; ppl:   1.4; xent: 0.3; lr: 1.00000; sents:    2267; bsz:  560/ 483/45; 7820/6740 tok/s;    268 sec;
[2024-03-13 09:30:57,991 INFO] Step 6350/ 8200; acc: 90.2; ppl:   1.4; xent: 0.3; lr: 1.00000; sents:    2369; bsz:  580/ 501/47; 8009/6910 tok/s;    272 sec;
[2024-03-13 09:31:01,576 INFO] Step 6400/ 8200; acc: 90.7; ppl:   1.4; xent: 0.3; lr: 1.00000; sents:    2372; bsz:  583/ 504/47; 8127/7032 tok/s;    276 sec;
[2024-03-13 09:31:05,242 INFO] valid stats calculation
                           took: 3.6651995182037354 s.
[2024-03-13 09:31:05,242 INFO] Train perplexity: 5.75097
[2024-03-13 09:31:05,242 INFO] Train accuracy: 66.7559
[2024-03-13 09:31:05,242 INFO] Sentences processed: 149578
[2024-03-13 09:31:05,242 INFO] Average bsz:  569/ 494/47
[2024-03-13 09:31:05,242 INFO] Validation perplexity: 3167.25
[2024-03-13 09:31:05,242 INFO] Validation accuracy: 29.3622
[2024-03-13 09:31:05,244 INFO] Saving checkpoint tg-ft-both/tg-ft-both_3200_03_step_6400.pt
[2024-03-13 09:31:07,843 INFO] Step 6450/ 8200; acc: 90.6; ppl:   1.4; xent: 0.3; lr: 1.00000; sents:    2269; bsz:  559/ 485/45; 4459/3869 tok/s;    282 sec;
[2024-03-13 09:31:11,339 INFO] Step 6500/ 8200; acc: 90.8; ppl:   1.4; xent: 0.3; lr: 1.00000; sents:    2375; bsz:  565/ 492/48; 8085/7042 tok/s;    285 sec;
[2024-03-13 09:31:14,871 INFO] Step 6550/ 8200; acc: 91.1; ppl:   1.4; xent: 0.3; lr: 1.00000; sents:    2382; bsz:  568/ 496/48; 8045/7027 tok/s;    289 sec;
[2024-03-13 09:31:18,487 INFO] Step 6600/ 8200; acc: 91.3; ppl:   1.3; xent: 0.3; lr: 1.00000; sents:    2275; bsz:  563/ 487/46; 7783/6731 tok/s;    293 sec;
[2024-03-13 09:31:22,174 INFO] valid stats calculation
                           took: 3.686835765838623 s.
[2024-03-13 09:31:22,175 INFO] Train perplexity: 5.28738
[2024-03-13 09:31:22,175 INFO] Train accuracy: 68.1709
[2024-03-13 09:31:22,175 INFO] Sentences processed: 158879
[2024-03-13 09:31:22,176 INFO] Average bsz:  569/ 494/47
[2024-03-13 09:31:22,176 INFO] Validation perplexity: 5262.22
[2024-03-13 09:31:22,176 INFO] Validation accuracy: 29.282
[2024-03-13 09:31:22,178 INFO] Saving checkpoint tg-ft-both/tg-ft-both_3200_03_step_6600.pt
[2024-03-13 09:31:24,764 INFO] Step 6650/ 8200; acc: 91.2; ppl:   1.4; xent: 0.3; lr: 1.00000; sents:    2381; bsz:  592/ 515/48; 4717/4100 tok/s;    299 sec;
[2024-03-13 09:31:28,119 INFO] Step 6700/ 8200; acc: 91.8; ppl:   1.3; xent: 0.3; lr: 1.00000; sents:    2368; bsz:  585/ 506/47; 8725/7549 tok/s;    302 sec;
[2024-03-13 09:31:31,643 INFO] Step 6750/ 8200; acc: 91.7; ppl:   1.3; xent: 0.3; lr: 1.00000; sents:    2246; bsz:  550/ 476/45; 7800/6750 tok/s;    306 sec;
[2024-03-13 09:31:35,148 INFO] Step 6800/ 8200; acc: 91.8; ppl:   1.3; xent: 0.3; lr: 1.00000; sents:    2368; bsz:  567/ 493/47; 8086/7037 tok/s;    309 sec;
[2024-03-13 09:31:38,571 INFO] valid stats calculation
                           took: 3.4223687648773193 s.
[2024-03-13 09:31:38,571 INFO] Train perplexity: 4.89664
[2024-03-13 09:31:38,571 INFO] Train accuracy: 69.482
[2024-03-13 09:31:38,571 INFO] Sentences processed: 168242
[2024-03-13 09:31:38,571 INFO] Average bsz:  569/ 494/47
[2024-03-13 09:31:38,571 INFO] Validation perplexity: 5072.27
[2024-03-13 09:31:38,572 INFO] Validation accuracy: 29.4424
[2024-03-13 09:31:38,573 INFO] Saving checkpoint tg-ft-both/tg-ft-both_3200_03_step_6800.pt
[2024-03-13 09:31:41,049 INFO] Step 6850/ 8200; acc: 91.9; ppl:   1.3; xent: 0.3; lr: 1.00000; sents:    2363; bsz:  576/ 498/47; 4885/4218 tok/s;    315 sec;
[2024-03-13 09:31:44,071 INFO] Step 6900/ 8200; acc: 92.0; ppl:   1.3; xent: 0.3; lr: 1.00000; sents:    2251; bsz:  535/ 467/45; 8861/7723 tok/s;    318 sec;
[2024-03-13 09:31:47,689 INFO] Step 6950/ 8200; acc: 91.9; ppl:   1.3; xent: 0.3; lr: 1.00000; sents:    2372; bsz:  582/ 505/47; 8050/6982 tok/s;    322 sec;
[2024-03-13 09:31:51,354 INFO] Step 7000/ 8200; acc: 92.1; ppl:   1.3; xent: 0.3; lr: 1.00000; sents:    2377; bsz:  587/ 513/48; 8005/7000 tok/s;    325 sec;
[2024-03-13 09:31:54,800 INFO] valid stats calculation
                           took: 3.4453279972076416 s.
[2024-03-13 09:31:54,801 INFO] Train perplexity: 4.56972
[2024-03-13 09:31:54,801 INFO] Train accuracy: 70.6696
[2024-03-13 09:31:54,801 INFO] Sentences processed: 177605
[2024-03-13 09:31:54,801 INFO] Average bsz:  569/ 494/47
[2024-03-13 09:31:54,801 INFO] Validation perplexity: 7792.4
[2024-03-13 09:31:54,801 INFO] Validation accuracy: 28.9611
[2024-03-13 09:31:54,802 INFO] Saving checkpoint tg-ft-both/tg-ft-both_3200_03_step_7000.pt
[2024-03-13 09:31:57,563 INFO] Step 7050/ 8200; acc: 92.8; ppl:   1.3; xent: 0.3; lr: 1.00000; sents:    2272; bsz:  539/ 467/45; 4341/3763 tok/s;    332 sec;
[2024-03-13 09:32:00,419 INFO] Step 7100/ 8200; acc: 92.1; ppl:   1.3; xent: 0.3; lr: 1.00000; sents:    2381; bsz:  582/ 505/48; 10183/8836 tok/s;    335 sec;
[2024-03-13 09:32:03,992 INFO] Step 7150/ 8200; acc: 92.6; ppl:   1.3; xent: 0.3; lr: 1.00000; sents:    2376; bsz:  583/ 509/48; 8164/7119 tok/s;    338 sec;
[2024-03-13 09:32:07,613 INFO] Step 7200/ 8200; acc: 92.6; ppl:   1.3; xent: 0.3; lr: 1.00000; sents:    2278; bsz:  568/ 492/46; 7836/6792 tok/s;    342 sec;
[2024-03-13 09:32:11,060 INFO] valid stats calculation
                           took: 3.4463577270507812 s.
[2024-03-13 09:32:11,061 INFO] Train perplexity: 4.29183
[2024-03-13 09:32:11,061 INFO] Train accuracy: 71.7605
[2024-03-13 09:32:11,061 INFO] Sentences processed: 186912
[2024-03-13 09:32:11,061 INFO] Average bsz:  569/ 494/47
[2024-03-13 09:32:11,061 INFO] Validation perplexity: 6707.73
[2024-03-13 09:32:11,061 INFO] Validation accuracy: 28.3995
[2024-03-13 09:32:11,062 INFO] Saving checkpoint tg-ft-both/tg-ft-both_3200_03_step_7200.pt
[2024-03-13 09:32:13,935 INFO] Step 7250/ 8200; acc: 92.6; ppl:   1.3; xent: 0.3; lr: 1.00000; sents:    2372; bsz:  568/ 497/47; 4489/3929 tok/s;    348 sec;
[2024-03-13 09:32:16,675 INFO] Step 7300/ 8200; acc: 92.7; ppl:   1.3; xent: 0.2; lr: 1.00000; sents:    2264; bsz:  559/ 483/45; 10202/8819 tok/s;    351 sec;
[2024-03-13 09:32:20,129 INFO] Step 7350/ 8200; acc: 93.0; ppl:   1.3; xent: 0.2; lr: 1.00000; sents:    2366; bsz:  575/ 495/47; 8319/7172 tok/s;    354 sec;
[2024-03-13 09:32:23,599 INFO] Step 7400/ 8200; acc: 93.1; ppl:   1.3; xent: 0.2; lr: 1.00000; sents:    2364; bsz:  558/ 487/47; 8042/7013 tok/s;    358 sec;
[2024-03-13 09:32:27,108 INFO] valid stats calculation
                           took: 3.508707284927368 s.
[2024-03-13 09:32:27,109 INFO] Train perplexity: 4.05301
[2024-03-13 09:32:27,109 INFO] Train accuracy: 72.7585
[2024-03-13 09:32:27,109 INFO] Sentences processed: 196278
[2024-03-13 09:32:27,109 INFO] Average bsz:  569/ 494/47
[2024-03-13 09:32:27,109 INFO] Validation perplexity: 9958.3
[2024-03-13 09:32:27,109 INFO] Validation accuracy: 29.9639
[2024-03-13 09:32:27,110 INFO] Saving checkpoint tg-ft-both/tg-ft-both_3200_03_step_7400.pt
[2024-03-13 09:32:30,371 INFO] Step 7450/ 8200; acc: 93.3; ppl:   1.3; xent: 0.2; lr: 1.00000; sents:    2367; bsz:  578/ 503/47; 4269/3715 tok/s;    364 sec;
[2024-03-13 09:32:32,868 INFO] Step 7500/ 8200; acc: 93.3; ppl:   1.3; xent: 0.2; lr: 1.00000; sents:    2365; bsz:  565/ 494/47; 11322/9898 tok/s;    367 sec;
[2024-03-13 09:32:36,455 INFO] Step 7550/ 8200; acc: 93.4; ppl:   1.3; xent: 0.2; lr: 1.00000; sents:    2276; bsz:  562/ 486/46; 7831/6770 tok/s;    371 sec;
[2024-03-13 09:32:40,190 INFO] Step 7600/ 8200; acc: 93.1; ppl:   1.3; xent: 0.2; lr: 1.00000; sents:    2372; bsz:  585/ 503/47; 7827/6740 tok/s;    374 sec;
[2024-03-13 09:32:44,027 INFO] valid stats calculation
                           took: 3.8373239040374756 s.
[2024-03-13 09:32:44,028 INFO] Train perplexity: 3.84231
[2024-03-13 09:32:44,028 INFO] Train accuracy: 73.6946
[2024-03-13 09:32:44,028 INFO] Sentences processed: 205658
[2024-03-13 09:32:44,028 INFO] Average bsz:  569/ 494/47
[2024-03-13 09:32:44,028 INFO] Validation perplexity: 8788
[2024-03-13 09:32:44,028 INFO] Validation accuracy: 29.8436
[2024-03-13 09:32:44,029 INFO] Saving checkpoint tg-ft-both/tg-ft-both_3200_03_step_7600.pt
[2024-03-13 09:32:47,291 INFO] Step 7650/ 8200; acc: 93.5; ppl:   1.3; xent: 0.2; lr: 1.00000; sents:    2274; bsz:  559/ 484/45; 3935/3406 tok/s;    381 sec;
[2024-03-13 09:32:49,645 INFO] Step 7700/ 8200; acc: 93.2; ppl:   1.3; xent: 0.2; lr: 1.00000; sents:    2382; bsz:  561/ 487/48; 11914/10353 tok/s;    384 sec;
[2024-03-13 09:32:53,085 INFO] Step 7750/ 8200; acc: 93.5; ppl:   1.2; xent: 0.2; lr: 1.00000; sents:    2376; bsz:  567/ 491/48; 8246/7143 tok/s;    387 sec;
[2024-03-13 09:32:56,730 INFO] Step 7800/ 8200; acc: 93.4; ppl:   1.3; xent: 0.2; lr: 1.00000; sents:    2375; bsz:  586/ 508/48; 8044/6971 tok/s;    391 sec;
[2024-03-13 09:33:00,238 INFO] valid stats calculation
                           took: 3.50722074508667 s.
[2024-03-13 09:33:00,238 INFO] Train perplexity: 3.66087
[2024-03-13 09:33:00,238 INFO] Train accuracy: 74.5501
[2024-03-13 09:33:00,238 INFO] Sentences processed: 215065
[2024-03-13 09:33:00,238 INFO] Average bsz:  569/ 494/47
[2024-03-13 09:33:00,238 INFO] Validation perplexity: 7383.42
[2024-03-13 09:33:00,238 INFO] Validation accuracy: 30.2848
[2024-03-13 09:33:00,240 INFO] Saving checkpoint tg-ft-both/tg-ft-both_3200_03_step_7800.pt
[2024-03-13 09:33:03,799 INFO] Step 7850/ 8200; acc: 93.5; ppl:   1.2; xent: 0.2; lr: 1.00000; sents:    2273; bsz:  564/ 489/45; 3993/3458 tok/s;    398 sec;
[2024-03-13 09:33:06,210 INFO] Step 7900/ 8200; acc: 94.0; ppl:   1.2; xent: 0.2; lr: 1.00000; sents:    2260; bsz:  558/ 482/45; 11565/9986 tok/s;    400 sec;
[2024-03-13 09:33:09,475 INFO] Step 7950/ 8200; acc: 93.9; ppl:   1.2; xent: 0.2; lr: 1.00000; sents:    2369; bsz:  581/ 501/47; 8893/7669 tok/s;    404 sec;
[2024-03-13 09:33:13,007 INFO] Step 8000/ 8200; acc: 94.1; ppl:   1.2; xent: 0.2; lr: 1.00000; sents:    2365; bsz:  564/ 489/47; 7983/6928 tok/s;    407 sec;
[2024-03-13 09:33:16,515 INFO] valid stats calculation
                           took: 3.5081675052642822 s.
[2024-03-13 09:33:16,516 INFO] Train perplexity: 3.50037
[2024-03-13 09:33:16,516 INFO] Train accuracy: 75.3507
[2024-03-13 09:33:16,516 INFO] Sentences processed: 224332
[2024-03-13 09:33:16,516 INFO] Average bsz:  569/ 494/47
[2024-03-13 09:33:16,516 INFO] Validation perplexity: 10260.5
[2024-03-13 09:33:16,516 INFO] Validation accuracy: 28.921
[2024-03-13 09:33:16,517 INFO] Saving checkpoint tg-ft-both/tg-ft-both_3200_03_step_8000.pt
[2024-03-13 09:33:20,058 INFO] Step 8050/ 8200; acc: 93.9; ppl:   1.2; xent: 0.2; lr: 1.00000; sents:    2367; bsz:  566/ 494/47; 4014/3506 tok/s;    414 sec;
[2024-03-13 09:33:22,473 INFO] Step 8100/ 8200; acc: 93.8; ppl:   1.2; xent: 0.2; lr: 1.00000; sents:    2267; bsz:  558/ 484/45; 11559/10026 tok/s;    417 sec;
[2024-03-13 09:33:25,652 INFO] Step 8150/ 8200; acc: 93.5; ppl:   1.3; xent: 0.2; lr: 1.00000; sents:    2372; bsz:  582/ 503/47; 9153/7920 tok/s;    420 sec;
[2024-03-13 09:33:29,244 INFO] Step 8200/ 8200; acc: 93.8; ppl:   1.2; xent: 0.2; lr: 1.00000; sents:    2371; bsz:  567/ 494/47; 7896/6872 tok/s;    423 sec;
[2024-03-13 09:33:32,702 INFO] valid stats calculation
                           took: 3.457334280014038 s.
[2024-03-13 09:33:32,702 INFO] Train perplexity: 3.35821
[2024-03-13 09:33:32,702 INFO] Train accuracy: 76.0863
[2024-03-13 09:33:32,702 INFO] Sentences processed: 233709
[2024-03-13 09:33:32,702 INFO] Average bsz:  569/ 494/47
[2024-03-13 09:33:32,702 INFO] Validation perplexity: 11242.4
[2024-03-13 09:33:32,702 INFO] Validation accuracy: 29.5227
[2024-03-13 09:33:32,704 INFO] Saving checkpoint tg-ft-both/tg-ft-both_3200_03_step_8200.pt
