[2024-03-13 07:33:20,449 WARNING] Corpus corpus_1's weight should be given. We default it to 1 for you.
[2024-03-13 07:33:20,449 INFO] Parsed 2 corpora from -data.
[2024-03-13 07:33:20,449 INFO] Get special vocabs from Transforms: {'src': [], 'tgt': []}.
[2024-03-13 07:33:20,483 INFO] Reading encoder embeddings from en_w2v.txt
[2024-03-13 07:33:55,911 INFO] 	Found 3000000 total vectors in file.
[2024-03-13 07:33:55,911 INFO] Reading decoder embeddings from asl_w2v.txt
[2024-03-13 07:34:30,981 INFO] 	Found 3002605 total vectors in file
[2024-03-13 07:34:30,981 INFO] After filtering to vectors in vocab:
[2024-03-13 07:34:30,985 INFO] 	* enc: 14009 match, 3807 missing, (78.63%)
[2024-03-13 07:34:30,988 INFO] 	* dec: 10421 match, 3723 missing, (73.68%)
[2024-03-13 07:34:30,988 INFO] 
Saving encoder embeddings as:
	* enc: tg-pt-both.enc_embeddings.pt
[2024-03-13 07:34:57,624 INFO] 
Saving decoder embeddings as:
	* dec: tg-pt-both.dec_embeddings.pt
[2024-03-13 07:35:14,665 INFO] The first 10 tokens of the vocabs are:['<unk>', '<blank>', '<s>', '</s>', '.', 'the', ',', 'of', 'to', 'is']
[2024-03-13 07:35:14,665 INFO] The decoder start token is: <s>
[2024-03-13 07:35:14,665 INFO] Building model...
[2024-03-13 07:35:14,862 INFO] Switching model to float32 for amp/apex_amp
[2024-03-13 07:35:14,862 INFO] Non quantized layer compute is fp32
[2024-03-13 07:35:16,607 INFO] NMTModel(
  (encoder): RNNEncoder(
    (embeddings): Embeddings(
      (make_embedding): Sequential(
        (emb_luts): Elementwise(
          (0): Embedding(17816, 300, padding_idx=1)
        )
      )
      (dropout): Dropout(p=0.3, inplace=False)
    )
    (rnn): LSTM(300, 500, num_layers=2, batch_first=True, dropout=0.3)
  )
  (decoder): InputFeedRNNDecoder(
    (embeddings): Embeddings(
      (make_embedding): Sequential(
        (emb_luts): Elementwise(
          (0): Embedding(14144, 300, padding_idx=1)
        )
      )
      (dropout): Dropout(p=0.3, inplace=False)
    )
    (dropout): Dropout(p=0.3, inplace=False)
    (rnn): StackedLSTM(
      (dropout): Dropout(p=0.3, inplace=False)
      (layers): ModuleList(
        (0): LSTMCell(800, 500)
        (1): LSTMCell(500, 500)
      )
    )
    (attn): GlobalAttention(
      (linear_in): Linear(in_features=500, out_features=500, bias=False)
      (linear_out): Linear(in_features=1000, out_features=500, bias=False)
    )
  )
  (generator): Linear(in_features=500, out_features=14144, bias=True)
)
[2024-03-13 07:35:16,608 INFO] encoder: 8952800
[2024-03-13 07:35:16,608 INFO] decoder: 16687344
[2024-03-13 07:35:16,608 INFO] * number of parameters: 25640144
[2024-03-13 07:35:16,608 INFO] Trainable parameters = {'torch.float32': 25640144, 'torch.float16': 0, 'torch.uint8': 0, 'torch.int8': 0}
[2024-03-13 07:35:16,608 INFO] Non trainable parameters = {'torch.float32': 0, 'torch.float16': 0, 'torch.uint8': 0, 'torch.int8': 0}
[2024-03-13 07:35:16,608 INFO]  * src vocab size = 17816
[2024-03-13 07:35:16,608 INFO]  * tgt vocab size = 14144
[2024-03-13 07:35:16,609 INFO] Starting training on GPU: [0]
[2024-03-13 07:35:16,609 INFO] Start training loop and validate every 200 steps...
[2024-03-13 07:35:16,609 INFO] Scoring with: TransformPipe(InferFeatsTransform())
[2024-03-13 07:35:33,198 INFO] Step 50/10000; acc: 5.3; ppl: 40981.2; xent: 10.6; lr: 1.00000; sents:    3200; bsz:  924/ 806/64; 2783/2428 tok/s;     17 sec;
[2024-03-13 07:35:34,356 INFO] Step 100/10000; acc: 5.4; ppl: 4308.2; xent: 8.4; lr: 1.00000; sents:    3200; bsz:  906/ 799/64; 39146/34502 tok/s;     18 sec;
[2024-03-13 07:35:35,413 INFO] Step 150/10000; acc: 7.0; ppl: 1903.0; xent: 7.6; lr: 1.00000; sents:    3200; bsz:  814/ 713/64; 38510/33727 tok/s;     19 sec;
[2024-03-13 07:35:36,405 INFO] Step 200/10000; acc: 9.3; ppl: 1004.5; xent: 6.9; lr: 1.00000; sents:    3200; bsz:  718/ 660/64; 36201/33278 tok/s;     20 sec;
[2024-03-13 07:35:39,838 INFO] valid stats calculation
                           took: 3.43222975730896 s.
[2024-03-13 07:35:39,838 INFO] Train perplexity: 4718.78
[2024-03-13 07:35:39,838 INFO] Train accuracy: 6.60446
[2024-03-13 07:35:39,838 INFO] Sentences processed: 12800
[2024-03-13 07:35:39,838 INFO] Average bsz:  840/ 744/64
[2024-03-13 07:35:39,838 INFO] Validation perplexity: 9137.82
[2024-03-13 07:35:39,838 INFO] Validation accuracy: 1.60449
[2024-03-13 07:35:39,840 INFO] Saving checkpoint tg-pt-both/tg-pt-both_03_step_200.pt
[2024-03-13 07:35:40,994 INFO] Step 250/10000; acc: 10.0; ppl: 880.4; xent: 6.8; lr: 1.00000; sents:    3200; bsz:  776/ 684/64; 8452/7448 tok/s;     24 sec;
[2024-03-13 07:35:42,136 INFO] Step 300/10000; acc: 10.1; ppl: 795.9; xent: 6.7; lr: 1.00000; sents:    3200; bsz:  898/ 776/64; 39343/33996 tok/s;     26 sec;
[2024-03-13 07:35:43,266 INFO] Step 350/10000; acc: 11.8; ppl: 605.4; xent: 6.4; lr: 1.00000; sents:    3200; bsz:  874/ 770/64; 38676/34043 tok/s;     27 sec;
[2024-03-13 07:35:44,337 INFO] Step 400/10000; acc: 13.4; ppl: 551.3; xent: 6.3; lr: 1.00000; sents:    3200; bsz:  851/ 719/64; 39746/33591 tok/s;     28 sec;
[2024-03-13 07:35:47,757 INFO] valid stats calculation
                           took: 3.4196395874023438 s.
[2024-03-13 07:35:47,758 INFO] Train perplexity: 1817.54
[2024-03-13 07:35:47,758 INFO] Train accuracy: 8.96116
[2024-03-13 07:35:47,758 INFO] Sentences processed: 25600
[2024-03-13 07:35:47,758 INFO] Average bsz:  845/ 741/64
[2024-03-13 07:35:47,758 INFO] Validation perplexity: 8697.75
[2024-03-13 07:35:47,758 INFO] Validation accuracy: 10.0682
[2024-03-13 07:35:47,759 INFO] Saving checkpoint tg-pt-both/tg-pt-both_03_step_400.pt
[2024-03-13 07:35:48,991 INFO] Step 450/10000; acc: 14.4; ppl: 415.6; xent: 6.0; lr: 1.00000; sents:    3200; bsz:  873/ 761/64; 9380/8181 tok/s;     32 sec;
[2024-03-13 07:35:50,224 INFO] Step 500/10000; acc: 14.7; ppl: 400.4; xent: 6.0; lr: 1.00000; sents:    3200; bsz:  960/ 830/64; 38954/33677 tok/s;     34 sec;
[2024-03-13 07:35:51,398 INFO] Step 550/10000; acc: 18.4; ppl: 310.9; xent: 5.7; lr: 1.00000; sents:    3200; bsz:  923/ 802/64; 39308/34160 tok/s;     35 sec;
[2024-03-13 07:35:52,466 INFO] Step 600/10000; acc: 24.9; ppl: 194.8; xent: 5.3; lr: 1.00000; sents:    3200; bsz:  809/ 710/64; 37876/33261 tok/s;     36 sec;
[2024-03-13 07:35:55,891 INFO] valid stats calculation
                           took: 3.424431562423706 s.
[2024-03-13 07:35:55,891 INFO] Train perplexity: 1001.46
[2024-03-13 07:35:55,891 INFO] Train accuracy: 12.0272
[2024-03-13 07:35:55,891 INFO] Sentences processed: 38400
[2024-03-13 07:35:55,891 INFO] Average bsz:  861/ 753/64
[2024-03-13 07:35:55,891 INFO] Validation perplexity: 48057.1
[2024-03-13 07:35:55,891 INFO] Validation accuracy: 8.66426
[2024-03-13 07:35:55,893 INFO] Saving checkpoint tg-pt-both/tg-pt-both_03_step_600.pt
[2024-03-13 07:35:57,182 INFO] Step 650/10000; acc: 27.1; ppl: 185.5; xent: 5.2; lr: 1.00000; sents:    3200; bsz:  917/ 788/64; 9725/8352 tok/s;     41 sec;
[2024-03-13 07:35:58,376 INFO] Step 700/10000; acc: 38.2; ppl:  79.0; xent: 4.4; lr: 1.00000; sents:    3200; bsz:  883/ 796/64; 36993/33354 tok/s;     42 sec;
[2024-03-13 07:35:59,505 INFO] Step 750/10000; acc: 46.0; ppl:  46.3; xent: 3.8; lr: 1.00000; sents:    3200; bsz:  840/ 724/64; 37236/32080 tok/s;     43 sec;
[2024-03-13 07:36:00,708 INFO] Step 800/10000; acc: 56.2; ppl:  21.9; xent: 3.1; lr: 1.00000; sents:    3200; bsz:  906/ 794/64; 37649/32994 tok/s;     44 sec;
[2024-03-13 07:36:04,339 INFO] valid stats calculation
                           took: 3.6307904720306396 s.
[2024-03-13 07:36:04,339 INFO] Train perplexity: 492.416
[2024-03-13 07:36:04,339 INFO] Train accuracy: 19.6475
[2024-03-13 07:36:04,339 INFO] Sentences processed: 51200
[2024-03-13 07:36:04,339 INFO] Average bsz:  867/ 758/64
[2024-03-13 07:36:04,340 INFO] Validation perplexity: 220521
[2024-03-13 07:36:04,340 INFO] Validation accuracy: 7.42078
[2024-03-13 07:36:04,341 INFO] Saving checkpoint tg-pt-both/tg-pt-both_03_step_800.pt
[2024-03-13 07:36:05,595 INFO] Step 850/10000; acc: 61.3; ppl:  14.4; xent: 2.7; lr: 1.00000; sents:    3200; bsz:  876/ 759/64; 8957/7763 tok/s;     49 sec;
[2024-03-13 07:36:06,683 INFO] Step 900/10000; acc: 67.0; ppl:   9.7; xent: 2.3; lr: 1.00000; sents:    3200; bsz:  823/ 716/64; 37830/32888 tok/s;     50 sec;
[2024-03-13 07:36:07,901 INFO] Step 950/10000; acc: 68.7; ppl:   9.0; xent: 2.2; lr: 1.00000; sents:    3200; bsz:  947/ 810/64; 38885/33293 tok/s;     51 sec;
[2024-03-13 07:36:09,088 INFO] Step 1000/10000; acc: 72.1; ppl:   7.0; xent: 1.9; lr: 1.00000; sents:    3200; bsz:  911/ 795/64; 38395/33473 tok/s;     52 sec;
[2024-03-13 07:36:12,713 INFO] valid stats calculation
                           took: 3.625264883041382 s.
[2024-03-13 07:36:12,714 INFO] Train perplexity: 222.038
[2024-03-13 07:36:12,714 INFO] Train accuracy: 29.309
[2024-03-13 07:36:12,714 INFO] Sentences processed: 64000
[2024-03-13 07:36:12,714 INFO] Average bsz:  871/ 761/64
[2024-03-13 07:36:12,714 INFO] Validation perplexity: 604374
[2024-03-13 07:36:12,714 INFO] Validation accuracy: 8.22302
[2024-03-13 07:36:12,715 INFO] Saving checkpoint tg-pt-both/tg-pt-both_03_step_1000.pt
[2024-03-13 07:36:13,927 INFO] Step 1050/10000; acc: 74.5; ppl:   5.8; xent: 1.8; lr: 1.00000; sents:    3200; bsz:  869/ 731/64; 8981/7552 tok/s;     57 sec;
[2024-03-13 07:36:15,156 INFO] Step 1100/10000; acc: 76.9; ppl:   4.9; xent: 1.6; lr: 1.00000; sents:    3200; bsz:  919/ 823/64; 37398/33504 tok/s;     59 sec;
[2024-03-13 07:36:16,417 INFO] Step 1150/10000; acc: 75.7; ppl:   5.7; xent: 1.7; lr: 1.00000; sents:    3200; bsz:  884/ 766/64; 35062/30384 tok/s;     60 sec;
[2024-03-13 07:36:18,486 INFO] Step 1200/10000; acc: 77.7; ppl:   4.8; xent: 1.6; lr: 1.00000; sents:    3200; bsz:  906/ 791/64; 21906/19122 tok/s;     62 sec;
[2024-03-13 07:36:21,901 INFO] valid stats calculation
                           took: 3.414680004119873 s.
[2024-03-13 07:36:21,901 INFO] Train perplexity: 117.569
[2024-03-13 07:36:21,901 INFO] Train accuracy: 37.2808
[2024-03-13 07:36:21,901 INFO] Sentences processed: 76800
[2024-03-13 07:36:21,901 INFO] Average bsz:  875/ 763/64
[2024-03-13 07:36:21,901 INFO] Validation perplexity: 2.09219e+06
[2024-03-13 07:36:21,901 INFO] Validation accuracy: 7.98235
[2024-03-13 07:36:21,903 INFO] Saving checkpoint tg-pt-both/tg-pt-both_03_step_1200.pt
[2024-03-13 07:36:23,635 INFO] Step 1250/10000; acc: 80.6; ppl:   3.9; xent: 1.4; lr: 1.00000; sents:    3200; bsz:  933/ 782/64; 9061/7594 tok/s;     67 sec;
[2024-03-13 07:36:24,778 INFO] Step 1300/10000; acc: 80.7; ppl:   3.9; xent: 1.4; lr: 1.00000; sents:    3200; bsz:  899/ 761/64; 39339/33299 tok/s;     68 sec;
[2024-03-13 07:36:25,935 INFO] Step 1350/10000; acc: 80.6; ppl:   4.0; xent: 1.4; lr: 1.00000; sents:    3200; bsz:  847/ 746/64; 36579/32248 tok/s;     69 sec;
[2024-03-13 07:36:27,390 INFO] Step 1400/10000; acc: 80.3; ppl:   4.3; xent: 1.5; lr: 1.00000; sents:    3200; bsz:  893/ 748/64; 30682/25720 tok/s;     71 sec;
[2024-03-13 07:36:30,821 INFO] valid stats calculation
                           took: 3.4309639930725098 s.
[2024-03-13 07:36:30,822 INFO] Train perplexity: 72.7192
[2024-03-13 07:36:30,822 INFO] Train accuracy: 43.4327
[2024-03-13 07:36:30,822 INFO] Sentences processed: 89600
[2024-03-13 07:36:30,822 INFO] Average bsz:  878/ 763/64
[2024-03-13 07:36:30,822 INFO] Validation perplexity: 2.90041e+06
[2024-03-13 07:36:30,822 INFO] Validation accuracy: 7.09988
[2024-03-13 07:36:30,823 INFO] Saving checkpoint tg-pt-both/tg-pt-both_03_step_1400.pt
[2024-03-13 07:36:33,132 INFO] Step 1450/10000; acc: 82.1; ppl:   3.5; xent: 1.2; lr: 1.00000; sents:    3200; bsz: 1018/ 881/64; 8861/7668 tok/s;     77 sec;
[2024-03-13 07:36:34,322 INFO] Step 1500/10000; acc: 82.1; ppl:   3.5; xent: 1.2; lr: 1.00000; sents:    3200; bsz:  828/ 689/64; 34800/28937 tok/s;     78 sec;
[2024-03-13 07:36:35,503 INFO] Step 1550/10000; acc: 83.8; ppl:   3.1; xent: 1.1; lr: 1.00000; sents:    3200; bsz:  927/ 792/64; 39241/33550 tok/s;     79 sec;
[2024-03-13 07:36:36,699 INFO] Step 1600/10000; acc: 84.8; ppl:   2.8; xent: 1.0; lr: 1.00000; sents:    3200; bsz:  884/ 778/64; 37002/32555 tok/s;     80 sec;
[2024-03-13 07:36:40,192 INFO] valid stats calculation
                           took: 3.4927170276641846 s.
[2024-03-13 07:36:40,192 INFO] Train perplexity: 48.717
[2024-03-13 07:36:40,192 INFO] Train accuracy: 48.5273
[2024-03-13 07:36:40,192 INFO] Sentences processed: 102400
[2024-03-13 07:36:40,192 INFO] Average bsz:  882/ 766/64
[2024-03-13 07:36:40,192 INFO] Validation perplexity: 3.46422e+06
[2024-03-13 07:36:40,192 INFO] Validation accuracy: 8.38347
[2024-03-13 07:36:40,194 INFO] Saving checkpoint tg-pt-both/tg-pt-both_03_step_1600.pt
[2024-03-13 07:36:42,226 INFO] Step 1650/10000; acc: 83.0; ppl:   3.3; xent: 1.2; lr: 1.00000; sents:    3200; bsz:  891/ 756/64; 8059/6840 tok/s;     86 sec;
[2024-03-13 07:36:44,108 INFO] Step 1700/10000; acc: 85.0; ppl:   2.9; xent: 1.1; lr: 1.00000; sents:    3200; bsz:  942/ 786/64; 25038/20890 tok/s;     87 sec;
[2024-03-13 07:36:45,239 INFO] Step 1750/10000; acc: 85.9; ppl:   2.6; xent: 1.0; lr: 1.00000; sents:    3200; bsz:  787/ 689/64; 34789/30427 tok/s;     89 sec;
[2024-03-13 07:36:46,268 INFO] Step 1800/10000; acc: 86.3; ppl:   2.6; xent: 1.0; lr: 1.00000; sents:    3200; bsz:  732/ 642/64; 35602/31238 tok/s;     90 sec;
[2024-03-13 07:36:49,762 INFO] valid stats calculation
                           took: 3.4933714866638184 s.
[2024-03-13 07:36:49,762 INFO] Train perplexity: 36.1623
[2024-03-13 07:36:49,762 INFO] Train accuracy: 52.3543
[2024-03-13 07:36:49,762 INFO] Sentences processed: 115200
[2024-03-13 07:36:49,762 INFO] Average bsz:  877/ 760/64
[2024-03-13 07:36:49,762 INFO] Validation perplexity: 5.89591e+06
[2024-03-13 07:36:49,762 INFO] Validation accuracy: 8.1428
[2024-03-13 07:36:49,763 INFO] Saving checkpoint tg-pt-both/tg-pt-both_03_step_1800.pt
[2024-03-13 07:36:51,820 INFO] Step 1850/10000; acc: 85.0; ppl:   2.9; xent: 1.1; lr: 1.00000; sents:    3200; bsz:  799/ 718/64; 7195/6467 tok/s;     95 sec;
[2024-03-13 07:36:53,806 INFO] Step 1900/10000; acc: 85.9; ppl:   2.8; xent: 1.0; lr: 1.00000; sents:    3200; bsz:  827/ 708/64; 20819/17825 tok/s;     97 sec;
[2024-03-13 07:36:55,279 INFO] Step 1950/10000; acc: 85.8; ppl:   2.7; xent: 1.0; lr: 1.00000; sents:    3200; bsz:  826/ 718/64; 28042/24388 tok/s;     99 sec;
[2024-03-13 07:36:56,507 INFO] Step 2000/10000; acc: 86.6; ppl:   2.6; xent: 1.0; lr: 1.00000; sents:    3200; bsz:  970/ 846/64; 39515/34435 tok/s;    100 sec;
[2024-03-13 07:37:00,096 INFO] valid stats calculation
                           took: 3.5881080627441406 s.
[2024-03-13 07:37:00,096 INFO] Train perplexity: 28.0664
[2024-03-13 07:37:00,096 INFO] Train accuracy: 55.6551
[2024-03-13 07:37:00,096 INFO] Sentences processed: 128000
[2024-03-13 07:37:00,096 INFO] Average bsz:  875/ 759/64
[2024-03-13 07:37:00,096 INFO] Validation perplexity: 5.69191e+06
[2024-03-13 07:37:00,096 INFO] Validation accuracy: 7.66145
[2024-03-13 07:37:00,098 INFO] Saving checkpoint tg-pt-both/tg-pt-both_03_step_2000.pt
[2024-03-13 07:37:02,368 INFO] Step 2050/10000; acc: 84.8; ppl:   3.2; xent: 1.2; lr: 1.00000; sents:    3163; bsz:  925/ 792/63; 7890/6754 tok/s;    106 sec;
[2024-03-13 07:37:04,243 INFO] Step 2100/10000; acc: 87.2; ppl:   2.4; xent: 0.9; lr: 1.00000; sents:    3200; bsz:  777/ 688/64; 20721/18359 tok/s;    108 sec;
[2024-03-13 07:37:06,183 INFO] Step 2150/10000; acc: 87.8; ppl:   2.4; xent: 0.9; lr: 1.00000; sents:    3200; bsz:  850/ 760/64; 21904/19580 tok/s;    110 sec;
[2024-03-13 07:37:07,409 INFO] Step 2200/10000; acc: 88.4; ppl:   2.3; xent: 0.8; lr: 1.00000; sents:    3200; bsz:  942/ 821/64; 38446/33513 tok/s;    111 sec;
[2024-03-13 07:37:11,018 INFO] valid stats calculation
                           took: 3.609013319015503 s.
[2024-03-13 07:37:11,018 INFO] Train perplexity: 22.5246
[2024-03-13 07:37:11,018 INFO] Train accuracy: 58.5303
[2024-03-13 07:37:11,019 INFO] Sentences processed: 140763
[2024-03-13 07:37:11,019 INFO] Average bsz:  875/ 760/64
[2024-03-13 07:37:11,019 INFO] Validation perplexity: 1.20097e+07
[2024-03-13 07:37:11,019 INFO] Validation accuracy: 8.38347
[2024-03-13 07:37:11,020 INFO] Saving checkpoint tg-pt-both/tg-pt-both_03_step_2200.pt
[2024-03-13 07:37:13,000 INFO] Step 2250/10000; acc: 88.9; ppl:   2.2; xent: 0.8; lr: 1.00000; sents:    3200; bsz:  815/ 716/64; 7292/6401 tok/s;    116 sec;
[2024-03-13 07:37:15,061 INFO] Step 2300/10000; acc: 89.5; ppl:   2.0; xent: 0.7; lr: 1.00000; sents:    3200; bsz:  882/ 782/64; 21389/18968 tok/s;    118 sec;
[2024-03-13 07:37:17,125 INFO] Step 2350/10000; acc: 88.6; ppl:   2.2; xent: 0.8; lr: 1.00000; sents:    3200; bsz:  954/ 822/64; 23110/19909 tok/s;    121 sec;
[2024-03-13 07:37:18,410 INFO] Step 2400/10000; acc: 89.0; ppl:   2.1; xent: 0.8; lr: 1.00000; sents:    3200; bsz:  881/ 785/64; 34277/30541 tok/s;    122 sec;
[2024-03-13 07:37:21,972 INFO] valid stats calculation
                           took: 3.5618391036987305 s.
[2024-03-13 07:37:21,972 INFO] Train perplexity: 18.4499
[2024-03-13 07:37:21,972 INFO] Train accuracy: 61.1181
[2024-03-13 07:37:21,972 INFO] Sentences processed: 153563
[2024-03-13 07:37:21,972 INFO] Average bsz:  876/ 761/64
[2024-03-13 07:37:21,972 INFO] Validation perplexity: 1.88543e+07
[2024-03-13 07:37:21,972 INFO] Validation accuracy: 9.06538
[2024-03-13 07:37:21,974 INFO] Saving checkpoint tg-pt-both/tg-pt-both_03_step_2400.pt
[2024-03-13 07:37:24,064 INFO] Step 2450/10000; acc: 87.9; ppl:   2.4; xent: 0.9; lr: 1.00000; sents:    3200; bsz:  903/ 779/64; 7982/6887 tok/s;    127 sec;
[2024-03-13 07:37:25,998 INFO] Step 2500/10000; acc: 89.7; ppl:   2.1; xent: 0.7; lr: 1.00000; sents:    3200; bsz:  823/ 724/64; 21285/18736 tok/s;    129 sec;
[2024-03-13 07:37:28,024 INFO] Step 2550/10000; acc: 89.0; ppl:   2.2; xent: 0.8; lr: 1.00000; sents:    3200; bsz:  876/ 769/64; 21609/18973 tok/s;    131 sec;
[2024-03-13 07:37:29,642 INFO] Step 2600/10000; acc: 90.2; ppl:   2.0; xent: 0.7; lr: 1.00000; sents:    3200; bsz:  913/ 804/64; 28201/24856 tok/s;    133 sec;
[2024-03-13 07:37:33,243 INFO] valid stats calculation
                           took: 3.600508689880371 s.
[2024-03-13 07:37:33,243 INFO] Train perplexity: 15.6179
[2024-03-13 07:37:33,243 INFO] Train accuracy: 63.2998
[2024-03-13 07:37:33,243 INFO] Sentences processed: 166363
[2024-03-13 07:37:33,243 INFO] Average bsz:  876/ 762/64
[2024-03-13 07:37:33,243 INFO] Validation perplexity: 2.76067e+07
[2024-03-13 07:37:33,243 INFO] Validation accuracy: 8.22302
[2024-03-13 07:37:33,245 INFO] Saving checkpoint tg-pt-both/tg-pt-both_03_step_2600.pt
[2024-03-13 07:37:35,458 INFO] Step 2650/10000; acc: 90.0; ppl:   2.1; xent: 0.7; lr: 1.00000; sents:    3200; bsz:  946/ 805/64; 8132/6921 tok/s;    139 sec;
[2024-03-13 07:37:37,499 INFO] Step 2700/10000; acc: 90.3; ppl:   2.0; xent: 0.7; lr: 1.00000; sents:    3200; bsz:  913/ 781/64; 22362/19134 tok/s;    141 sec;
[2024-03-13 07:37:39,534 INFO] Step 2750/10000; acc: 90.2; ppl:   2.0; xent: 0.7; lr: 1.00000; sents:    3200; bsz:  874/ 768/64; 21487/18882 tok/s;    143 sec;
[2024-03-13 07:37:41,533 INFO] Step 2800/10000; acc: 90.9; ppl:   1.9; xent: 0.6; lr: 1.00000; sents:    3200; bsz:  920/ 820/64; 23019/20522 tok/s;    145 sec;
[2024-03-13 07:37:45,134 INFO] valid stats calculation
                           took: 3.600846767425537 s.
[2024-03-13 07:37:45,135 INFO] Train perplexity: 13.4048
[2024-03-13 07:37:45,135 INFO] Train accuracy: 65.3059
[2024-03-13 07:37:45,135 INFO] Sentences processed: 179163
[2024-03-13 07:37:45,135 INFO] Average bsz:  879/ 764/64
[2024-03-13 07:37:45,135 INFO] Validation perplexity: 1.78907e+07
[2024-03-13 07:37:45,135 INFO] Validation accuracy: 8.06258
[2024-03-13 07:37:45,136 INFO] Saving checkpoint tg-pt-both/tg-pt-both_03_step_2800.pt
[2024-03-13 07:37:47,213 INFO] Step 2850/10000; acc: 90.8; ppl:   1.9; xent: 0.6; lr: 1.00000; sents:    3200; bsz:  810/ 725/64; 7133/6386 tok/s;    151 sec;
[2024-03-13 07:37:49,043 INFO] Step 2900/10000; acc: 91.3; ppl:   1.8; xent: 0.6; lr: 1.00000; sents:    3200; bsz:  769/ 692/64; 21021/18903 tok/s;    152 sec;
[2024-03-13 07:37:50,874 INFO] Step 2950/10000; acc: 88.7; ppl:   2.3; xent: 0.8; lr: 1.00000; sents:    3200; bsz:  768/ 652/64; 20974/17806 tok/s;    154 sec;
[2024-03-13 07:37:52,821 INFO] Step 3000/10000; acc: 89.7; ppl:   2.1; xent: 0.7; lr: 1.00000; sents:    3200; bsz:  854/ 728/64; 21941/18694 tok/s;    156 sec;
[2024-03-13 07:37:56,396 INFO] valid stats calculation
                           took: 3.5744588375091553 s.
[2024-03-13 07:37:56,396 INFO] Train perplexity: 11.9383
[2024-03-13 07:37:56,396 INFO] Train accuracy: 66.8302
[2024-03-13 07:37:56,396 INFO] Sentences processed: 191963
[2024-03-13 07:37:56,396 INFO] Average bsz:  873/ 760/64
[2024-03-13 07:37:56,397 INFO] Validation perplexity: 2.16983e+07
[2024-03-13 07:37:56,397 INFO] Validation accuracy: 8.38347
[2024-03-13 07:37:56,398 INFO] Saving checkpoint tg-pt-both/tg-pt-both_03_step_3000.pt
[2024-03-13 07:37:58,171 INFO] Step 3050/10000; acc: 90.8; ppl:   1.9; xent: 0.6; lr: 1.00000; sents:    3200; bsz:  901/ 799/64; 8422/7465 tok/s;    162 sec;
[2024-03-13 07:38:00,261 INFO] Step 3100/10000; acc: 90.9; ppl:   1.9; xent: 0.7; lr: 1.00000; sents:    3200; bsz:  869/ 757/64; 20803/18123 tok/s;    164 sec;
[2024-03-13 07:38:02,256 INFO] Step 3150/10000; acc: 90.5; ppl:   2.0; xent: 0.7; lr: 1.00000; sents:    3200; bsz:  854/ 731/64; 21398/18320 tok/s;    166 sec;
[2024-03-13 07:38:04,187 INFO] Step 3200/10000; acc: 91.5; ppl:   1.8; xent: 0.6; lr: 1.00000; sents:    3200; bsz:  832/ 722/64; 21550/18691 tok/s;    168 sec;
[2024-03-13 07:38:07,679 INFO] valid stats calculation
                           took: 3.4923086166381836 s.
[2024-03-13 07:38:07,680 INFO] Train perplexity: 10.6585
[2024-03-13 07:38:07,680 INFO] Train accuracy: 68.3222
[2024-03-13 07:38:07,680 INFO] Sentences processed: 204763
[2024-03-13 07:38:07,680 INFO] Average bsz:  873/ 759/64
[2024-03-13 07:38:07,680 INFO] Validation perplexity: 4.89945e+07
[2024-03-13 07:38:07,680 INFO] Validation accuracy: 8.10269
[2024-03-13 07:38:07,681 INFO] Saving checkpoint tg-pt-both/tg-pt-both_03_step_3200.pt
[2024-03-13 07:38:09,008 INFO] Step 3250/10000; acc: 91.1; ppl:   1.9; xent: 0.7; lr: 1.00000; sents:    3200; bsz:  905/ 778/64; 9385/8063 tok/s;    172 sec;
[2024-03-13 07:38:10,977 INFO] Step 3300/10000; acc: 91.1; ppl:   1.9; xent: 0.6; lr: 1.00000; sents:    3200; bsz:  865/ 761/64; 21977/19316 tok/s;    174 sec;
[2024-03-13 07:38:12,879 INFO] Step 3350/10000; acc: 91.5; ppl:   1.8; xent: 0.6; lr: 1.00000; sents:    3200; bsz:  787/ 684/64; 20701/17973 tok/s;    176 sec;
[2024-03-13 07:38:14,943 INFO] Step 3400/10000; acc: 90.9; ppl:   1.9; xent: 0.6; lr: 1.00000; sents:    3200; bsz:  854/ 753/64; 20684/18247 tok/s;    178 sec;
[2024-03-13 07:38:18,431 INFO] valid stats calculation
                           took: 3.4874722957611084 s.
[2024-03-13 07:38:18,431 INFO] Train perplexity: 9.64698
[2024-03-13 07:38:18,431 INFO] Train accuracy: 69.6389
[2024-03-13 07:38:18,431 INFO] Sentences processed: 217563
[2024-03-13 07:38:18,431 INFO] Average bsz:  872/ 758/64
[2024-03-13 07:38:18,431 INFO] Validation perplexity: 1.27762e+08
[2024-03-13 07:38:18,431 INFO] Validation accuracy: 8.02246
[2024-03-13 07:38:18,433 INFO] Saving checkpoint tg-pt-both/tg-pt-both_03_step_3400.pt
[2024-03-13 07:38:19,661 INFO] Step 3450/10000; acc: 91.5; ppl:   1.8; xent: 0.6; lr: 1.00000; sents:    3200; bsz:  845/ 733/64; 8954/7773 tok/s;    183 sec;
[2024-03-13 07:38:21,075 INFO] Step 3500/10000; acc: 91.5; ppl:   1.8; xent: 0.6; lr: 1.00000; sents:    3200; bsz:  864/ 753/64; 30551/26627 tok/s;    184 sec;
[2024-03-13 07:38:22,944 INFO] Step 3550/10000; acc: 91.3; ppl:   2.0; xent: 0.7; lr: 1.00000; sents:    3200; bsz:  780/ 681/64; 20858/18208 tok/s;    186 sec;
[2024-03-13 07:38:24,870 INFO] Step 3600/10000; acc: 91.4; ppl:   1.9; xent: 0.6; lr: 1.00000; sents:    3200; bsz:  868/ 764/64; 22546/19841 tok/s;    188 sec;
[2024-03-13 07:38:28,348 INFO] valid stats calculation
                           took: 3.477531909942627 s.
[2024-03-13 07:38:28,348 INFO] Train perplexity: 8.83163
[2024-03-13 07:38:28,348 INFO] Train accuracy: 70.8108
[2024-03-13 07:38:28,348 INFO] Sentences processed: 230363
[2024-03-13 07:38:28,348 INFO] Average bsz:  870/ 757/64
[2024-03-13 07:38:28,348 INFO] Validation perplexity: 5.65421e+07
[2024-03-13 07:38:28,348 INFO] Validation accuracy: 8.70437
[2024-03-13 07:38:28,350 INFO] Saving checkpoint tg-pt-both/tg-pt-both_03_step_3600.pt
[2024-03-13 07:38:29,655 INFO] Step 3650/10000; acc: 92.2; ppl:   1.7; xent: 0.5; lr: 1.00000; sents:    3200; bsz:  929/ 820/64; 9711/8564 tok/s;    193 sec;
[2024-03-13 07:38:30,790 INFO] Step 3700/10000; acc: 92.2; ppl:   1.8; xent: 0.6; lr: 1.00000; sents:    3200; bsz:  823/ 742/64; 36264/32713 tok/s;    194 sec;
[2024-03-13 07:38:32,316 INFO] Step 3750/10000; acc: 92.2; ppl:   1.8; xent: 0.6; lr: 1.00000; sents:    3200; bsz:  867/ 742/64; 28394/24314 tok/s;    196 sec;
[2024-03-13 07:38:34,303 INFO] Step 3800/10000; acc: 92.2; ppl:   1.7; xent: 0.6; lr: 1.00000; sents:    3200; bsz:  863/ 759/64; 21718/19099 tok/s;    198 sec;
[2024-03-13 07:38:37,761 INFO] valid stats calculation
                           took: 3.4582064151763916 s.
[2024-03-13 07:38:37,762 INFO] Train perplexity: 8.09979
[2024-03-13 07:38:37,762 INFO] Train accuracy: 71.9496
[2024-03-13 07:38:37,762 INFO] Sentences processed: 243163
[2024-03-13 07:38:37,762 INFO] Average bsz:  870/ 757/64
[2024-03-13 07:38:37,762 INFO] Validation perplexity: 5.32587e+07
[2024-03-13 07:38:37,762 INFO] Validation accuracy: 9.06538
[2024-03-13 07:38:37,763 INFO] Saving checkpoint tg-pt-both/tg-pt-both_03_step_3800.pt
[2024-03-13 07:38:39,029 INFO] Step 3850/10000; acc: 92.2; ppl:   1.7; xent: 0.5; lr: 1.00000; sents:    3200; bsz:  876/ 762/64; 9263/8059 tok/s;    202 sec;
[2024-03-13 07:38:40,090 INFO] Step 3900/10000; acc: 92.3; ppl:   1.8; xent: 0.6; lr: 1.00000; sents:    3200; bsz:  795/ 677/64; 37461/31891 tok/s;    203 sec;
[2024-03-13 07:38:41,326 INFO] Step 3950/10000; acc: 91.6; ppl:   1.9; xent: 0.6; lr: 1.00000; sents:    3200; bsz:  912/ 790/64; 36915/31973 tok/s;    205 sec;
[2024-03-13 07:38:43,202 INFO] Step 4000/10000; acc: 91.6; ppl:   1.8; xent: 0.6; lr: 1.00000; sents:    3200; bsz:  820/ 724/64; 21870/19307 tok/s;    207 sec;
[2024-03-13 07:38:46,652 INFO] valid stats calculation
                           took: 3.449549674987793 s.
[2024-03-13 07:38:46,653 INFO] Train perplexity: 7.52766
[2024-03-13 07:38:46,653 INFO] Train accuracy: 72.9228
[2024-03-13 07:38:46,653 INFO] Sentences processed: 255963
[2024-03-13 07:38:46,653 INFO] Average bsz:  869/ 756/64
[2024-03-13 07:38:46,653 INFO] Validation perplexity: 6.6195e+07
[2024-03-13 07:38:46,653 INFO] Validation accuracy: 8.7846
[2024-03-13 07:38:46,654 INFO] Saving checkpoint tg-pt-both/tg-pt-both_03_step_4000.pt
[2024-03-13 07:38:48,548 INFO] Step 4050/10000; acc: 92.6; ppl:   1.7; xent: 0.5; lr: 1.00000; sents:    3200; bsz:  887/ 780/64; 8298/7292 tok/s;    212 sec;
[2024-03-13 07:38:49,644 INFO] Step 4100/10000; acc: 93.1; ppl:   1.6; xent: 0.5; lr: 1.00000; sents:    3200; bsz:  808/ 710/64; 36846/32377 tok/s;    213 sec;
[2024-03-13 07:38:50,851 INFO] Step 4150/10000; acc: 92.3; ppl:   1.7; xent: 0.5; lr: 1.00000; sents:    3200; bsz:  933/ 800/64; 38644/33147 tok/s;    214 sec;
[2024-03-13 07:38:52,193 INFO] Step 4200/10000; acc: 93.0; ppl:   1.6; xent: 0.5; lr: 1.00000; sents:    3200; bsz:  860/ 747/64; 32054/27838 tok/s;    216 sec;
[2024-03-13 07:38:55,651 INFO] valid stats calculation
                           took: 3.4570114612579346 s.
[2024-03-13 07:38:55,651 INFO] Train perplexity: 7.00202
[2024-03-13 07:38:55,651 INFO] Train accuracy: 73.8709
[2024-03-13 07:38:55,651 INFO] Sentences processed: 268763
[2024-03-13 07:38:55,651 INFO] Average bsz:  869/ 756/64
[2024-03-13 07:38:55,651 INFO] Validation perplexity: 1.04767e+08
[2024-03-13 07:38:55,651 INFO] Validation accuracy: 8.98516
[2024-03-13 07:38:55,653 INFO] Saving checkpoint tg-pt-both/tg-pt-both_03_step_4200.pt
[2024-03-13 07:38:57,753 INFO] Step 4250/10000; acc: 92.8; ppl:   1.7; xent: 0.5; lr: 1.00000; sents:    3200; bsz:  884/ 778/64; 7954/6993 tok/s;    221 sec;
[2024-03-13 07:38:59,129 INFO] Step 4300/10000; acc: 92.0; ppl:   1.8; xent: 0.6; lr: 1.00000; sents:    3200; bsz:  824/ 712/64; 29957/25870 tok/s;    223 sec;
[2024-03-13 07:39:00,188 INFO] Step 4350/10000; acc: 92.7; ppl:   1.7; xent: 0.5; lr: 1.00000; sents:    3200; bsz:  813/ 700/64; 38408/33085 tok/s;    224 sec;
[2024-03-13 07:39:01,393 INFO] Step 4400/10000; acc: 92.7; ppl:   1.7; xent: 0.5; lr: 1.00000; sents:    3200; bsz:  916/ 792/64; 38022/32871 tok/s;    225 sec;
[2024-03-13 07:39:04,927 INFO] valid stats calculation
                           took: 3.5336554050445557 s.
[2024-03-13 07:39:04,928 INFO] Train perplexity: 6.57196
[2024-03-13 07:39:04,928 INFO] Train accuracy: 74.7076
[2024-03-13 07:39:04,928 INFO] Sentences processed: 281563
[2024-03-13 07:39:04,928 INFO] Average bsz:  869/ 756/64
[2024-03-13 07:39:04,928 INFO] Validation perplexity: 1.51372e+08
[2024-03-13 07:39:04,928 INFO] Validation accuracy: 8.18291
[2024-03-13 07:39:04,929 INFO] Saving checkpoint tg-pt-both/tg-pt-both_03_step_4400.pt
[2024-03-13 07:39:07,133 INFO] Step 4450/10000; acc: 93.1; ppl:   1.6; xent: 0.5; lr: 1.00000; sents:    3200; bsz:  883/ 783/64; 7694/6824 tok/s;    231 sec;
[2024-03-13 07:39:09,177 INFO] Step 4500/10000; acc: 92.8; ppl:   1.7; xent: 0.5; lr: 1.00000; sents:    3200; bsz:  881/ 764/64; 21547/18700 tok/s;    233 sec;
[2024-03-13 07:39:10,431 INFO] Step 4550/10000; acc: 92.6; ppl:   1.7; xent: 0.5; lr: 1.00000; sents:    3200; bsz:  831/ 732/64; 33121/29191 tok/s;    234 sec;
[2024-03-13 07:39:11,636 INFO] Step 4600/10000; acc: 92.5; ppl:   1.7; xent: 0.5; lr: 1.00000; sents:    3200; bsz:  899/ 794/64; 37288/32950 tok/s;    235 sec;
[2024-03-13 07:39:15,137 INFO] valid stats calculation
                           took: 3.500458240509033 s.
[2024-03-13 07:39:15,137 INFO] Train perplexity: 6.18771
[2024-03-13 07:39:15,137 INFO] Train accuracy: 75.5045
[2024-03-13 07:39:15,137 INFO] Sentences processed: 294363
[2024-03-13 07:39:15,137 INFO] Average bsz:  869/ 757/64
[2024-03-13 07:39:15,137 INFO] Validation perplexity: 1.4453e+08
[2024-03-13 07:39:15,137 INFO] Validation accuracy: 8.70437
[2024-03-13 07:39:15,139 INFO] Saving checkpoint tg-pt-both/tg-pt-both_03_step_4600.pt
[2024-03-13 07:39:17,159 INFO] Step 4650/10000; acc: 92.9; ppl:   1.6; xent: 0.5; lr: 1.00000; sents:    3200; bsz:  823/ 708/64; 7452/6409 tok/s;    241 sec;
[2024-03-13 07:39:19,245 INFO] Step 4700/10000; acc: 92.8; ppl:   1.7; xent: 0.5; lr: 1.00000; sents:    3200; bsz:  919/ 779/64; 22029/18670 tok/s;    243 sec;
[2024-03-13 07:39:21,023 INFO] Step 4750/10000; acc: 92.6; ppl:   1.8; xent: 0.6; lr: 1.00000; sents:    3200; bsz:  907/ 771/64; 25504/21683 tok/s;    244 sec;
[2024-03-13 07:39:22,159 INFO] Step 4800/10000; acc: 92.7; ppl:   1.7; xent: 0.5; lr: 1.00000; sents:    3200; bsz:  856/ 743/64; 37715/32740 tok/s;    246 sec;
[2024-03-13 07:39:25,676 INFO] valid stats calculation
                           took: 3.5169970989227295 s.
[2024-03-13 07:39:25,676 INFO] Train perplexity: 5.86621
[2024-03-13 07:39:25,676 INFO] Train accuracy: 76.2165
[2024-03-13 07:39:25,676 INFO] Sentences processed: 307163
[2024-03-13 07:39:25,677 INFO] Average bsz:  869/ 756/64
[2024-03-13 07:39:25,677 INFO] Validation perplexity: 1.99384e+08
[2024-03-13 07:39:25,677 INFO] Validation accuracy: 8.70437
[2024-03-13 07:39:25,678 INFO] Saving checkpoint tg-pt-both/tg-pt-both_03_step_4800.pt
[2024-03-13 07:39:27,733 INFO] Step 4850/10000; acc: 93.6; ppl:   1.5; xent: 0.4; lr: 1.00000; sents:    3200; bsz:  836/ 750/64; 7499/6727 tok/s;    251 sec;
[2024-03-13 07:39:29,651 INFO] Step 4900/10000; acc: 92.5; ppl:   1.8; xent: 0.6; lr: 1.00000; sents:    3200; bsz:  855/ 718/64; 22301/18726 tok/s;    253 sec;
[2024-03-13 07:39:31,561 INFO] Step 4950/10000; acc: 92.7; ppl:   1.7; xent: 0.5; lr: 1.00000; sents:    3200; bsz:  788/ 704/64; 20616/18438 tok/s;    255 sec;
[2024-03-13 07:39:32,991 INFO] Step 5000/10000; acc: 93.5; ppl:   1.6; xent: 0.4; lr: 1.00000; sents:    3200; bsz:  908/ 797/64; 31760/27893 tok/s;    256 sec;
[2024-03-13 07:39:36,591 INFO] valid stats calculation
                           took: 3.6000559329986572 s.
[2024-03-13 07:39:36,591 INFO] Train perplexity: 5.57788
[2024-03-13 07:39:36,592 INFO] Train accuracy: 76.8791
[2024-03-13 07:39:36,592 INFO] Sentences processed: 319963
[2024-03-13 07:39:36,592 INFO] Average bsz:  868/ 756/64
[2024-03-13 07:39:36,592 INFO] Validation perplexity: 2.62937e+08
[2024-03-13 07:39:36,592 INFO] Validation accuracy: 8.34336
[2024-03-13 07:39:36,593 INFO] Saving checkpoint tg-pt-both/tg-pt-both_03_step_5000.pt
[2024-03-13 07:39:38,631 INFO] Step 5050/10000; acc: 93.6; ppl:   1.6; xent: 0.4; lr: 1.00000; sents:    3200; bsz:  776/ 695/64; 6876/6162 tok/s;    262 sec;
[2024-03-13 07:39:40,493 INFO] Step 5100/10000; acc: 94.1; ppl:   1.5; xent: 0.4; lr: 1.00000; sents:    3200; bsz:  751/ 657/64; 20187/17642 tok/s;    264 sec;
[2024-03-13 07:39:42,375 INFO] Step 5150/10000; acc: 93.7; ppl:   1.5; xent: 0.4; lr: 1.00000; sents:    3200; bsz:  838/ 744/64; 22275/19777 tok/s;    266 sec;
[2024-03-13 07:39:44,129 INFO] Step 5200/10000; acc: 93.5; ppl:   1.6; xent: 0.5; lr: 1.00000; sents:    3200; bsz:  803/ 713/64; 22881/20339 tok/s;    268 sec;
[2024-03-13 07:39:47,751 INFO] valid stats calculation
                           took: 3.6218130588531494 s.
[2024-03-13 07:39:47,751 INFO] Train perplexity: 5.32719
[2024-03-13 07:39:47,751 INFO] Train accuracy: 77.4824
[2024-03-13 07:39:47,751 INFO] Sentences processed: 332763
[2024-03-13 07:39:47,751 INFO] Average bsz:  865/ 754/64
[2024-03-13 07:39:47,751 INFO] Validation perplexity: 4.40742e+08
[2024-03-13 07:39:47,751 INFO] Validation accuracy: 8.50381
[2024-03-13 07:39:47,753 INFO] Saving checkpoint tg-pt-both/tg-pt-both_03_step_5200.pt
[2024-03-13 07:39:49,667 INFO] Step 5250/10000; acc: 93.8; ppl:   1.6; xent: 0.4; lr: 1.00000; sents:    3200; bsz:  755/ 664/64; 6818/5990 tok/s;    273 sec;
[2024-03-13 07:39:51,574 INFO] Step 5300/10000; acc: 93.8; ppl:   1.6; xent: 0.5; lr: 1.00000; sents:    3200; bsz:  814/ 706/64; 21341/18514 tok/s;    275 sec;
[2024-03-13 07:39:53,714 INFO] Step 5350/10000; acc: 93.8; ppl:   1.5; xent: 0.4; lr: 1.00000; sents:    3200; bsz:  926/ 811/64; 21647/18956 tok/s;    277 sec;
[2024-03-13 07:39:55,821 INFO] Step 5400/10000; acc: 93.2; ppl:   1.6; xent: 0.5; lr: 1.00000; sents:    3200; bsz:  917/ 782/64; 21765/18564 tok/s;    279 sec;
[2024-03-13 07:39:59,340 INFO] valid stats calculation
                           took: 3.519240379333496 s.
[2024-03-13 07:39:59,341 INFO] Train perplexity: 5.09598
[2024-03-13 07:39:59,341 INFO] Train accuracy: 78.0714
[2024-03-13 07:39:59,341 INFO] Sentences processed: 345563
[2024-03-13 07:39:59,341 INFO] Average bsz:  865/ 753/64
[2024-03-13 07:39:59,341 INFO] Validation perplexity: 3.50733e+08
[2024-03-13 07:39:59,341 INFO] Validation accuracy: 8.42359
[2024-03-13 07:39:59,343 INFO] Saving checkpoint tg-pt-both/tg-pt-both_03_step_5400.pt
[2024-03-13 07:40:01,186 INFO] Step 5450/10000; acc: 94.0; ppl:   1.5; xent: 0.4; lr: 1.00000; sents:    3200; bsz:  859/ 759/64; 8004/7077 tok/s;    285 sec;
[2024-03-13 07:40:03,242 INFO] Step 5500/10000; acc: 94.5; ppl:   1.5; xent: 0.4; lr: 1.00000; sents:    3200; bsz:  884/ 757/64; 21518/18409 tok/s;    287 sec;
[2024-03-13 07:40:05,215 INFO] Step 5550/10000; acc: 92.9; ppl:   1.8; xent: 0.6; lr: 1.00000; sents:    3200; bsz:  807/ 693/64; 20454/17570 tok/s;    289 sec;
[2024-03-13 07:40:07,256 INFO] Step 5600/10000; acc: 94.1; ppl:   1.5; xent: 0.4; lr: 1.00000; sents:    3200; bsz:  856/ 742/64; 20988/18175 tok/s;    291 sec;
[2024-03-13 07:40:10,763 INFO] valid stats calculation
                           took: 3.5066118240356445 s.
[2024-03-13 07:40:10,763 INFO] Train perplexity: 4.88898
[2024-03-13 07:40:10,763 INFO] Train accuracy: 78.6266
[2024-03-13 07:40:10,763 INFO] Sentences processed: 358363
[2024-03-13 07:40:10,763 INFO] Average bsz:  864/ 753/64
[2024-03-13 07:40:10,763 INFO] Validation perplexity: 8.76315e+08
[2024-03-13 07:40:10,763 INFO] Validation accuracy: 8.66426
[2024-03-13 07:40:10,765 INFO] Saving checkpoint tg-pt-both/tg-pt-both_03_step_5600.pt
[2024-03-13 07:40:12,079 INFO] Step 5650/10000; acc: 94.3; ppl:   1.5; xent: 0.4; lr: 1.00000; sents:    3200; bsz:  855/ 756/64; 8864/7833 tok/s;    295 sec;
[2024-03-13 07:40:14,068 INFO] Step 5700/10000; acc: 93.5; ppl:   1.6; xent: 0.5; lr: 1.00000; sents:    3200; bsz:  878/ 761/64; 22076/19137 tok/s;    297 sec;
[2024-03-13 07:40:16,110 INFO] Step 5750/10000; acc: 94.1; ppl:   1.5; xent: 0.4; lr: 1.00000; sents:    3200; bsz:  822/ 724/64; 20123/17741 tok/s;    300 sec;
[2024-03-13 07:40:18,190 INFO] Step 5800/10000; acc: 94.1; ppl:   1.5; xent: 0.4; lr: 1.00000; sents:    3200; bsz:  841/ 749/64; 20221/18007 tok/s;    302 sec;
[2024-03-13 07:40:21,710 INFO] valid stats calculation
                           took: 3.5200986862182617 s.
[2024-03-13 07:40:21,711 INFO] Train perplexity: 4.69929
[2024-03-13 07:40:21,711 INFO] Train accuracy: 79.1528
[2024-03-13 07:40:21,711 INFO] Sentences processed: 371163
[2024-03-13 07:40:21,711 INFO] Average bsz:  864/ 752/64
[2024-03-13 07:40:21,711 INFO] Validation perplexity: 7.24188e+08
[2024-03-13 07:40:21,711 INFO] Validation accuracy: 8.18291
[2024-03-13 07:40:21,712 INFO] Saving checkpoint tg-pt-both/tg-pt-both_03_step_5800.pt
[2024-03-13 07:40:22,869 INFO] Step 5850/10000; acc: 94.1; ppl:   1.5; xent: 0.4; lr: 1.00000; sents:    3200; bsz:  766/ 653/64; 8191/6976 tok/s;    306 sec;
[2024-03-13 07:40:24,300 INFO] Step 5900/10000; acc: 94.2; ppl:   1.5; xent: 0.4; lr: 1.00000; sents:    3200; bsz:  855/ 753/64; 29857/26317 tok/s;    308 sec;
[2024-03-13 07:40:26,425 INFO] Step 5950/10000; acc: 93.9; ppl:   1.6; xent: 0.4; lr: 1.00000; sents:    3200; bsz:  874/ 757/64; 20576/17813 tok/s;    310 sec;
[2024-03-13 07:40:28,549 INFO] Step 6000/10000; acc: 93.7; ppl:   1.7; xent: 0.5; lr: 1.00000; sents:    3200; bsz:  908/ 782/64; 21369/18408 tok/s;    312 sec;
[2024-03-13 07:40:32,062 INFO] valid stats calculation
                           took: 3.5128908157348633 s.
[2024-03-13 07:40:32,062 INFO] Train perplexity: 4.53307
[2024-03-13 07:40:32,062 INFO] Train accuracy: 79.6352
[2024-03-13 07:40:32,062 INFO] Sentences processed: 383963
[2024-03-13 07:40:32,062 INFO] Average bsz:  863/ 752/64
[2024-03-13 07:40:32,063 INFO] Validation perplexity: 5.20421e+08
[2024-03-13 07:40:32,063 INFO] Validation accuracy: 9.02527
[2024-03-13 07:40:32,064 INFO] Saving checkpoint tg-pt-both/tg-pt-both_03_step_6000.pt
[2024-03-13 07:40:33,420 INFO] Step 6050/10000; acc: 93.7; ppl:   1.6; xent: 0.5; lr: 1.00000; sents:    3200; bsz:  991/ 845/64; 10169/8671 tok/s;    317 sec;
[2024-03-13 07:40:34,639 INFO] Step 6100/10000; acc: 94.2; ppl:   1.5; xent: 0.4; lr: 1.00000; sents:    3200; bsz:  879/ 789/64; 36083/32388 tok/s;    318 sec;
[2024-03-13 07:40:36,370 INFO] Step 6150/10000; acc: 94.6; ppl:   1.5; xent: 0.4; lr: 1.00000; sents:    3200; bsz:  814/ 707/64; 23516/20410 tok/s;    320 sec;
[2024-03-13 07:40:38,341 INFO] Step 6200/10000; acc: 94.6; ppl:   1.5; xent: 0.4; lr: 1.00000; sents:    3200; bsz:  812/ 702/64; 20587/17818 tok/s;    322 sec;
[2024-03-13 07:40:41,774 INFO] valid stats calculation
                           took: 3.4320430755615234 s.
[2024-03-13 07:40:41,774 INFO] Train perplexity: 4.37242
[2024-03-13 07:40:41,775 INFO] Train accuracy: 80.1123
[2024-03-13 07:40:41,775 INFO] Sentences processed: 396763
[2024-03-13 07:40:41,775 INFO] Average bsz:  864/ 752/64
[2024-03-13 07:40:41,775 INFO] Validation perplexity: 5.75538e+08
[2024-03-13 07:40:41,775 INFO] Validation accuracy: 8.7846
[2024-03-13 07:40:41,777 INFO] Saving checkpoint tg-pt-both/tg-pt-both_03_step_6200.pt
[2024-03-13 07:40:43,040 INFO] Step 6250/10000; acc: 93.8; ppl:   1.6; xent: 0.4; lr: 1.00000; sents:    3200; bsz:  852/ 747/64; 9064/7945 tok/s;    326 sec;
[2024-03-13 07:40:44,190 INFO] Step 6300/10000; acc: 93.9; ppl:   1.6; xent: 0.4; lr: 1.00000; sents:    3200; bsz:  865/ 746/64; 37653/32458 tok/s;    328 sec;
[2024-03-13 07:40:45,704 INFO] Step 6350/10000; acc: 94.4; ppl:   1.5; xent: 0.4; lr: 1.00000; sents:    3200; bsz:  868/ 760/64; 28659/25101 tok/s;    329 sec;
[2024-03-13 07:40:47,752 INFO] Step 6400/10000; acc: 94.6; ppl:   1.4; xent: 0.4; lr: 1.00000; sents:    3200; bsz:  861/ 744/64; 21032/18153 tok/s;    331 sec;
[2024-03-13 07:40:51,214 INFO] valid stats calculation
                           took: 3.462191104888916 s.
[2024-03-13 07:40:51,215 INFO] Train perplexity: 4.23007
[2024-03-13 07:40:51,215 INFO] Train accuracy: 80.5502
[2024-03-13 07:40:51,215 INFO] Sentences processed: 409563
[2024-03-13 07:40:51,215 INFO] Average bsz:  864/ 752/64
[2024-03-13 07:40:51,215 INFO] Validation perplexity: 4.30666e+08
[2024-03-13 07:40:51,215 INFO] Validation accuracy: 8.58404
[2024-03-13 07:40:51,217 INFO] Saving checkpoint tg-pt-both/tg-pt-both_03_step_6400.pt
[2024-03-13 07:40:52,675 INFO] Step 6450/10000; acc: 94.5; ppl:   1.5; xent: 0.4; lr: 1.00000; sents:    3200; bsz:  899/ 789/64; 9126/8009 tok/s;    336 sec;
[2024-03-13 07:40:53,916 INFO] Step 6500/10000; acc: 93.8; ppl:   1.6; xent: 0.5; lr: 1.00000; sents:    3200; bsz:  934/ 811/64; 37665/32706 tok/s;    337 sec;
[2024-03-13 07:40:55,103 INFO] Step 6550/10000; acc: 94.6; ppl:   1.4; xent: 0.4; lr: 1.00000; sents:    3200; bsz:  872/ 767/64; 36725/32324 tok/s;    338 sec;
[2024-03-13 07:40:57,036 INFO] Step 6600/10000; acc: 93.8; ppl:   1.5; xent: 0.4; lr: 1.00000; sents:    3200; bsz:  916/ 800/64; 23714/20700 tok/s;    340 sec;
[2024-03-13 07:41:00,473 INFO] valid stats calculation
                           took: 3.436980962753296 s.
[2024-03-13 07:41:00,473 INFO] Train perplexity: 4.09368
[2024-03-13 07:41:00,473 INFO] Train accuracy: 80.9841
[2024-03-13 07:41:00,473 INFO] Sentences processed: 422363
[2024-03-13 07:41:00,473 INFO] Average bsz:  865/ 753/64
[2024-03-13 07:41:00,473 INFO] Validation perplexity: 6.74816e+08
[2024-03-13 07:41:00,473 INFO] Validation accuracy: 9.02527
[2024-03-13 07:41:00,475 INFO] Saving checkpoint tg-pt-both/tg-pt-both_03_step_6600.pt
[2024-03-13 07:41:02,383 INFO] Step 6650/10000; acc: 93.8; ppl:   1.7; xent: 0.5; lr: 1.00000; sents:    3200; bsz:  865/ 741/64; 8090/6927 tok/s;    346 sec;
[2024-03-13 07:41:03,508 INFO] Step 6700/10000; acc: 93.9; ppl:   1.6; xent: 0.5; lr: 1.00000; sents:    3200; bsz:  832/ 725/64; 37009/32263 tok/s;    347 sec;
[2024-03-13 07:41:04,679 INFO] Step 6750/10000; acc: 93.8; ppl:   1.6; xent: 0.5; lr: 1.00000; sents:    3200; bsz:  906/ 776/64; 38693/33153 tok/s;    348 sec;
[2024-03-13 07:41:05,918 INFO] Step 6800/10000; acc: 94.3; ppl:   1.5; xent: 0.4; lr: 1.00000; sents:    3200; bsz:  812/ 727/64; 32746/29354 tok/s;    349 sec;
[2024-03-13 07:41:09,381 INFO] valid stats calculation
                           took: 3.46208119392395 s.
[2024-03-13 07:41:09,381 INFO] Train perplexity: 3.98243
[2024-03-13 07:41:09,381 INFO] Train accuracy: 81.3601
[2024-03-13 07:41:09,381 INFO] Sentences processed: 435163
[2024-03-13 07:41:09,381 INFO] Average bsz:  865/ 753/64
[2024-03-13 07:41:09,381 INFO] Validation perplexity: 9.06979e+08
[2024-03-13 07:41:09,381 INFO] Validation accuracy: 8.7846
[2024-03-13 07:41:09,383 INFO] Saving checkpoint tg-pt-both/tg-pt-both_03_step_6800.pt
[2024-03-13 07:41:11,481 INFO] Step 6850/10000; acc: 93.6; ppl:   1.6; xent: 0.5; lr: 1.00000; sents:    3200; bsz:  867/ 750/64; 7789/6745 tok/s;    355 sec;
[2024-03-13 07:41:13,095 INFO] Step 6900/10000; acc: 93.9; ppl:   1.6; xent: 0.5; lr: 1.00000; sents:    3200; bsz:  865/ 756/64; 26792/23430 tok/s;    356 sec;
[2024-03-13 07:41:14,187 INFO] Step 6950/10000; acc: 94.4; ppl:   1.5; xent: 0.4; lr: 1.00000; sents:    3200; bsz:  847/ 731/64; 38767/33437 tok/s;    358 sec;
[2024-03-13 07:41:15,332 INFO] Step 7000/10000; acc: 94.1; ppl:   1.5; xent: 0.4; lr: 1.00000; sents:    3200; bsz:  887/ 765/64; 38749/33414 tok/s;    359 sec;
[2024-03-13 07:41:18,811 INFO] valid stats calculation
                           took: 3.4787051677703857 s.
[2024-03-13 07:41:18,812 INFO] Train perplexity: 3.87815
[2024-03-13 07:41:18,812 INFO] Train accuracy: 81.7204
[2024-03-13 07:41:18,812 INFO] Sentences processed: 447963
[2024-03-13 07:41:18,812 INFO] Average bsz:  865/ 753/64
[2024-03-13 07:41:18,812 INFO] Validation perplexity: 5.73734e+08
[2024-03-13 07:41:18,812 INFO] Validation accuracy: 8.06258
[2024-03-13 07:41:18,813 INFO] Saving checkpoint tg-pt-both/tg-pt-both_03_step_7000.pt
[2024-03-13 07:41:20,956 INFO] Step 7050/10000; acc: 94.6; ppl:   1.5; xent: 0.4; lr: 1.00000; sents:    3200; bsz:  858/ 735/64; 7625/6536 tok/s;    364 sec;
[2024-03-13 07:41:22,960 INFO] Step 7100/10000; acc: 93.8; ppl:   1.6; xent: 0.4; lr: 1.00000; sents:    3200; bsz:  842/ 742/64; 21017/18502 tok/s;    366 sec;
[2024-03-13 07:41:24,166 INFO] Step 7150/10000; acc: 94.4; ppl:   1.5; xent: 0.4; lr: 1.00000; sents:    3200; bsz:  886/ 768/64; 36749/31859 tok/s;    368 sec;
[2024-03-13 07:41:25,296 INFO] Step 7200/10000; acc: 94.5; ppl:   1.5; xent: 0.4; lr: 1.00000; sents:    3200; bsz:  864/ 748/64; 38232/33097 tok/s;    369 sec;
[2024-03-13 07:41:28,987 INFO] valid stats calculation
                           took: 3.690764904022217 s.
[2024-03-13 07:41:28,988 INFO] Train perplexity: 3.7775
[2024-03-13 07:41:28,988 INFO] Train accuracy: 82.0682
[2024-03-13 07:41:28,988 INFO] Sentences processed: 460763
[2024-03-13 07:41:28,988 INFO] Average bsz:  865/ 753/64
[2024-03-13 07:41:28,988 INFO] Validation perplexity: 2.43029e+09
[2024-03-13 07:41:28,988 INFO] Validation accuracy: 8.86482
[2024-03-13 07:41:28,990 INFO] Saving checkpoint tg-pt-both/tg-pt-both_03_step_7200.pt
[2024-03-13 07:41:31,179 INFO] Step 7250/10000; acc: 94.5; ppl:   1.5; xent: 0.4; lr: 1.00000; sents:    3200; bsz:  865/ 754/64; 7354/6410 tok/s;    375 sec;
[2024-03-13 07:41:33,374 INFO] Step 7300/10000; acc: 94.1; ppl:   1.6; xent: 0.5; lr: 1.00000; sents:    3200; bsz:  938/ 797/64; 21360/18154 tok/s;    377 sec;
[2024-03-13 07:41:35,355 INFO] Step 7350/10000; acc: 94.3; ppl:   1.5; xent: 0.4; lr: 1.00000; sents:    3200; bsz:  833/ 748/64; 21041/18885 tok/s;    379 sec;
[2024-03-13 07:41:36,447 INFO] Step 7400/10000; acc: 94.8; ppl:   1.4; xent: 0.4; lr: 1.00000; sents:    3200; bsz:  808/ 719/64; 36969/32927 tok/s;    380 sec;
[2024-03-13 07:41:40,055 INFO] valid stats calculation
                           took: 3.607250213623047 s.
[2024-03-13 07:41:40,055 INFO] Train perplexity: 3.68425
[2024-03-13 07:41:40,055 INFO] Train accuracy: 82.4029
[2024-03-13 07:41:40,055 INFO] Sentences processed: 473563
[2024-03-13 07:41:40,055 INFO] Average bsz:  865/ 753/64
[2024-03-13 07:41:40,055 INFO] Validation perplexity: 7.00105e+08
[2024-03-13 07:41:40,055 INFO] Validation accuracy: 9.14561
[2024-03-13 07:41:40,057 INFO] Saving checkpoint tg-pt-both/tg-pt-both_03_step_7400.pt
[2024-03-13 07:41:42,229 INFO] Step 7450/10000; acc: 94.2; ppl:   1.5; xent: 0.4; lr: 1.00000; sents:    3200; bsz:  864/ 744/64; 7472/6432 tok/s;    386 sec;
[2024-03-13 07:41:44,313 INFO] Step 7500/10000; acc: 94.5; ppl:   1.4; xent: 0.4; lr: 1.00000; sents:    3200; bsz:  876/ 755/64; 21002/18122 tok/s;    388 sec;
[2024-03-13 07:41:46,321 INFO] Step 7550/10000; acc: 95.0; ppl:   1.4; xent: 0.3; lr: 1.00000; sents:    3200; bsz:  824/ 720/64; 20535/17939 tok/s;    390 sec;
[2024-03-13 07:41:47,845 INFO] Step 7600/10000; acc: 94.5; ppl:   1.5; xent: 0.4; lr: 1.00000; sents:    3200; bsz:  916/ 809/64; 30072/26554 tok/s;    391 sec;
[2024-03-13 07:41:51,438 INFO] valid stats calculation
                           took: 3.5931124687194824 s.
[2024-03-13 07:41:51,439 INFO] Train perplexity: 3.59471
[2024-03-13 07:41:51,439 INFO] Train accuracy: 82.7247
[2024-03-13 07:41:51,439 INFO] Sentences processed: 486363
[2024-03-13 07:41:51,439 INFO] Average bsz:  865/ 753/64
[2024-03-13 07:41:51,439 INFO] Validation perplexity: 2.11229e+09
[2024-03-13 07:41:51,439 INFO] Validation accuracy: 9.22583
[2024-03-13 07:41:51,440 INFO] Saving checkpoint tg-pt-both/tg-pt-both_03_step_7600.pt
[2024-03-13 07:41:53,627 INFO] Step 7650/10000; acc: 94.5; ppl:   1.5; xent: 0.4; lr: 1.00000; sents:    3200; bsz:  890/ 781/64; 7698/6757 tok/s;    397 sec;
[2024-03-13 07:41:55,654 INFO] Step 7700/10000; acc: 94.4; ppl:   1.5; xent: 0.4; lr: 1.00000; sents:    3200; bsz:  828/ 736/64; 20426/18149 tok/s;    399 sec;
[2024-03-13 07:41:57,572 INFO] Step 7750/10000; acc: 93.8; ppl:   1.6; xent: 0.4; lr: 1.00000; sents:    3200; bsz:  774/ 678/64; 20177/17675 tok/s;    401 sec;
[2024-03-13 07:41:59,294 INFO] Step 7800/10000; acc: 94.8; ppl:   1.4; xent: 0.3; lr: 1.00000; sents:    3200; bsz:  764/ 678/64; 22183/19682 tok/s;    403 sec;
[2024-03-13 07:42:02,894 INFO] valid stats calculation
                           took: 3.5992770195007324 s.
[2024-03-13 07:42:02,894 INFO] Train perplexity: 3.51795
[2024-03-13 07:42:02,894 INFO] Train accuracy: 83.0105
[2024-03-13 07:42:02,894 INFO] Sentences processed: 499163
[2024-03-13 07:42:02,894 INFO] Average bsz:  863/ 752/64
[2024-03-13 07:42:02,894 INFO] Validation perplexity: 3.02999e+09
[2024-03-13 07:42:02,894 INFO] Validation accuracy: 8.94505
[2024-03-13 07:42:02,896 INFO] Saving checkpoint tg-pt-both/tg-pt-both_03_step_7800.pt
[2024-03-13 07:42:04,918 INFO] Step 7850/10000; acc: 95.1; ppl:   1.4; xent: 0.3; lr: 1.00000; sents:    3200; bsz:  877/ 753/64; 7795/6691 tok/s;    408 sec;
[2024-03-13 07:42:07,075 INFO] Step 7900/10000; acc: 94.7; ppl:   1.5; xent: 0.4; lr: 1.00000; sents:    3200; bsz:  959/ 833/64; 22230/19321 tok/s;    410 sec;
[2024-03-13 07:42:09,044 INFO] Step 7950/10000; acc: 94.8; ppl:   1.4; xent: 0.3; lr: 1.00000; sents:    3200; bsz:  845/ 718/64; 21453/18233 tok/s;    412 sec;
[2024-03-13 07:42:10,892 INFO] Step 8000/10000; acc: 94.9; ppl:   1.4; xent: 0.3; lr: 1.00000; sents:    3200; bsz:  786/ 670/64; 21268/18119 tok/s;    414 sec;
[2024-03-13 07:42:14,533 INFO] valid stats calculation
                           took: 3.6406643390655518 s.
[2024-03-13 07:42:14,534 INFO] Train perplexity: 3.43968
[2024-03-13 07:42:14,534 INFO] Train accuracy: 83.304
[2024-03-13 07:42:14,534 INFO] Sentences processed: 511963
[2024-03-13 07:42:14,534 INFO] Average bsz:  863/ 752/64
[2024-03-13 07:42:14,534 INFO] Validation perplexity: 1.54152e+09
[2024-03-13 07:42:14,534 INFO] Validation accuracy: 9.26594
[2024-03-13 07:42:14,535 INFO] Saving checkpoint tg-pt-both/tg-pt-both_03_step_8000.pt
[2024-03-13 07:42:16,585 INFO] Step 8050/10000; acc: 94.3; ppl:   1.5; xent: 0.4; lr: 1.00000; sents:    3200; bsz:  926/ 812/64; 8135/7129 tok/s;    420 sec;
[2024-03-13 07:42:18,618 INFO] Step 8100/10000; acc: 95.1; ppl:   1.4; xent: 0.3; lr: 1.00000; sents:    3200; bsz:  836/ 744/64; 20563/18296 tok/s;    422 sec;
[2024-03-13 07:42:20,513 INFO] Step 8150/10000; acc: 95.7; ppl:   1.3; xent: 0.3; lr: 1.00000; sents:    3200; bsz:  803/ 702/64; 21174/18529 tok/s;    424 sec;
[2024-03-13 07:42:22,569 INFO] Step 8200/10000; acc: 95.0; ppl:   1.4; xent: 0.3; lr: 1.00000; sents:    3200; bsz:  820/ 728/64; 19959/17717 tok/s;    426 sec;
[2024-03-13 07:42:26,089 INFO] valid stats calculation
                           took: 3.5196874141693115 s.
[2024-03-13 07:42:26,089 INFO] Train perplexity: 3.36633
[2024-03-13 07:42:26,090 INFO] Train accuracy: 83.587
[2024-03-13 07:42:26,090 INFO] Sentences processed: 524763
[2024-03-13 07:42:26,090 INFO] Average bsz:  863/ 752/64
[2024-03-13 07:42:26,090 INFO] Validation perplexity: 6.27146e+09
[2024-03-13 07:42:26,090 INFO] Validation accuracy: 9.1055
[2024-03-13 07:42:26,091 INFO] Saving checkpoint tg-pt-both/tg-pt-both_03_step_8200.pt
[2024-03-13 07:42:27,406 INFO] Step 8250/10000; acc: 94.7; ppl:   1.5; xent: 0.4; lr: 1.00000; sents:    3200; bsz:  797/ 674/64; 8236/6969 tok/s;    431 sec;
[2024-03-13 07:42:29,373 INFO] Step 8300/10000; acc: 95.0; ppl:   1.4; xent: 0.4; lr: 1.00000; sents:    3200; bsz:  828/ 713/64; 21052/18124 tok/s;    433 sec;
[2024-03-13 07:42:31,367 INFO] Step 8350/10000; acc: 94.9; ppl:   1.5; xent: 0.4; lr: 1.00000; sents:    3200; bsz:  844/ 752/64; 21170/18866 tok/s;    435 sec;
[2024-03-13 07:42:33,341 INFO] Step 8400/10000; acc: 95.0; ppl:   1.4; xent: 0.3; lr: 1.00000; sents:    3200; bsz:  867/ 745/64; 21952/18878 tok/s;    437 sec;
[2024-03-13 07:42:36,841 INFO] valid stats calculation
                           took: 3.499727725982666 s.
[2024-03-13 07:42:36,841 INFO] Train perplexity: 3.30123
[2024-03-13 07:42:36,841 INFO] Train accuracy: 83.846
[2024-03-13 07:42:36,841 INFO] Sentences processed: 537563
[2024-03-13 07:42:36,841 INFO] Average bsz:  862/ 751/64
[2024-03-13 07:42:36,841 INFO] Validation perplexity: 2.36063e+09
[2024-03-13 07:42:36,841 INFO] Validation accuracy: 8.74448
[2024-03-13 07:42:36,843 INFO] Saving checkpoint tg-pt-both/tg-pt-both_03_step_8400.pt
[2024-03-13 07:42:38,196 INFO] Step 8450/10000; acc: 94.6; ppl:   1.5; xent: 0.4; lr: 1.00000; sents:    3200; bsz:  965/ 827/64; 9940/8518 tok/s;    442 sec;
[2024-03-13 07:42:39,825 INFO] Step 8500/10000; acc: 94.3; ppl:   1.5; xent: 0.4; lr: 1.00000; sents:    3200; bsz:  858/ 748/64; 26329/22953 tok/s;    443 sec;
[2024-03-13 07:42:41,810 INFO] Step 8550/10000; acc: 95.0; ppl:   1.4; xent: 0.3; lr: 1.00000; sents:    3200; bsz:  839/ 725/64; 21135/18266 tok/s;    445 sec;
[2024-03-13 07:42:44,068 INFO] Step 8600/10000; acc: 95.0; ppl:   1.4; xent: 0.3; lr: 1.00000; sents:    3200; bsz:  975/ 847/64; 21603/18751 tok/s;    447 sec;
[2024-03-13 07:42:47,581 INFO] valid stats calculation
                           took: 3.5123960971832275 s.
[2024-03-13 07:42:47,581 INFO] Train perplexity: 3.23594
[2024-03-13 07:42:47,581 INFO] Train accuracy: 84.1106
[2024-03-13 07:42:47,581 INFO] Sentences processed: 550363
[2024-03-13 07:42:47,581 INFO] Average bsz:  863/ 752/64
[2024-03-13 07:42:47,581 INFO] Validation perplexity: 2.23494e+09
[2024-03-13 07:42:47,581 INFO] Validation accuracy: 9.18572
[2024-03-13 07:42:47,583 INFO] Saving checkpoint tg-pt-both/tg-pt-both_03_step_8600.pt
[2024-03-13 07:42:48,925 INFO] Step 8650/10000; acc: 94.5; ppl:   1.5; xent: 0.4; lr: 1.00000; sents:    3200; bsz:  926/ 812/64; 9529/8364 tok/s;    452 sec;
[2024-03-13 07:42:50,207 INFO] Step 8700/10000; acc: 94.1; ppl:   1.6; xent: 0.4; lr: 1.00000; sents:    3200; bsz:  882/ 767/64; 34411/29924 tok/s;    454 sec;
[2024-03-13 07:42:52,228 INFO] Step 8750/10000; acc: 94.9; ppl:   1.4; xent: 0.3; lr: 1.00000; sents:    3200; bsz:  863/ 742/64; 21340/18364 tok/s;    456 sec;
[2024-03-13 07:42:54,352 INFO] Step 8800/10000; acc: 94.7; ppl:   1.5; xent: 0.4; lr: 1.00000; sents:    3200; bsz:  932/ 799/64; 21942/18807 tok/s;    458 sec;
[2024-03-13 07:42:58,016 INFO] valid stats calculation
                           took: 3.663513422012329 s.
[2024-03-13 07:42:58,016 INFO] Train perplexity: 3.17762
[2024-03-13 07:42:58,016 INFO] Train accuracy: 84.3566
[2024-03-13 07:42:58,016 INFO] Sentences processed: 563163
[2024-03-13 07:42:58,016 INFO] Average bsz:  864/ 752/64
[2024-03-13 07:42:58,016 INFO] Validation perplexity: 3.03014e+09
[2024-03-13 07:42:58,016 INFO] Validation accuracy: 8.7846
[2024-03-13 07:42:58,018 INFO] Saving checkpoint tg-pt-both/tg-pt-both_03_step_8800.pt
[2024-03-13 07:42:59,393 INFO] Step 8850/10000; acc: 94.8; ppl:   1.4; xent: 0.4; lr: 1.00000; sents:    3200; bsz:  911/ 794/64; 9040/7872 tok/s;    463 sec;
[2024-03-13 07:43:00,665 INFO] Step 8900/10000; acc: 94.1; ppl:   1.5; xent: 0.4; lr: 1.00000; sents:    3200; bsz:  938/ 792/64; 36846/31112 tok/s;    464 sec;
[2024-03-13 07:43:02,450 INFO] Step 8950/10000; acc: 95.0; ppl:   1.4; xent: 0.3; lr: 1.00000; sents:    3200; bsz:  847/ 733/64; 23749/20537 tok/s;    466 sec;
[2024-03-13 07:43:04,368 INFO] Step 9000/10000; acc: 94.4; ppl:   1.5; xent: 0.4; lr: 1.00000; sents:    3200; bsz:  805/ 719/64; 20998/18746 tok/s;    468 sec;
[2024-03-13 07:43:08,009 INFO] valid stats calculation
                           took: 3.640913963317871 s.
[2024-03-13 07:43:08,010 INFO] Train perplexity: 3.12259
[2024-03-13 07:43:08,010 INFO] Train accuracy: 84.5862
[2024-03-13 07:43:08,010 INFO] Sentences processed: 575963
[2024-03-13 07:43:08,010 INFO] Average bsz:  865/ 753/64
[2024-03-13 07:43:08,010 INFO] Validation perplexity: 1.13531e+10
[2024-03-13 07:43:08,010 INFO] Validation accuracy: 9.18572
[2024-03-13 07:43:08,011 INFO] Saving checkpoint tg-pt-both/tg-pt-both_03_step_9000.pt
[2024-03-13 07:43:09,396 INFO] Step 9050/10000; acc: 95.0; ppl:   1.4; xent: 0.4; lr: 1.00000; sents:    3200; bsz:  938/ 825/64; 9331/8200 tok/s;    473 sec;
[2024-03-13 07:43:10,565 INFO] Step 9100/10000; acc: 94.8; ppl:   1.4; xent: 0.3; lr: 1.00000; sents:    3200; bsz:  863/ 754/64; 36911/32279 tok/s;    474 sec;
[2024-03-13 07:43:12,130 INFO] Step 9150/10000; acc: 94.6; ppl:   1.5; xent: 0.4; lr: 1.00000; sents:    3200; bsz:  903/ 754/64; 28849/24079 tok/s;    476 sec;
[2024-03-13 07:43:14,217 INFO] Step 9200/10000; acc: 94.6; ppl:   1.5; xent: 0.4; lr: 1.00000; sents:    3200; bsz:  890/ 775/64; 21323/18583 tok/s;    478 sec;
[2024-03-13 07:43:17,648 INFO] valid stats calculation
                           took: 3.4305222034454346 s.
[2024-03-13 07:43:17,648 INFO] Train perplexity: 3.06934
[2024-03-13 07:43:17,648 INFO] Train accuracy: 84.8145
[2024-03-13 07:43:17,648 INFO] Sentences processed: 588763
[2024-03-13 07:43:17,648 INFO] Average bsz:  865/ 753/64
[2024-03-13 07:43:17,648 INFO] Validation perplexity: 9.38559e+09
[2024-03-13 07:43:17,648 INFO] Validation accuracy: 8.74448
[2024-03-13 07:43:17,650 INFO] Saving checkpoint tg-pt-both/tg-pt-both_03_step_9200.pt
[2024-03-13 07:43:19,055 INFO] Step 9250/10000; acc: 94.6; ppl:   1.5; xent: 0.4; lr: 1.00000; sents:    3200; bsz:  929/ 802/64; 9603/8287 tok/s;    482 sec;
[2024-03-13 07:43:20,265 INFO] Step 9300/10000; acc: 94.8; ppl:   1.5; xent: 0.4; lr: 1.00000; sents:    3200; bsz:  916/ 807/64; 37879/33366 tok/s;    484 sec;
[2024-03-13 07:43:21,452 INFO] Step 9350/10000; acc: 94.7; ppl:   1.5; xent: 0.4; lr: 1.00000; sents:    3200; bsz:  868/ 761/64; 36586/32094 tok/s;    485 sec;
[2024-03-13 07:43:23,318 INFO] Step 9400/10000; acc: 95.4; ppl:   1.4; xent: 0.3; lr: 1.00000; sents:    3200; bsz:  801/ 699/64; 21470/18726 tok/s;    487 sec;
[2024-03-13 07:43:26,760 INFO] valid stats calculation
                           took: 3.4421191215515137 s.
[2024-03-13 07:43:26,761 INFO] Train perplexity: 3.01964
[2024-03-13 07:43:26,761 INFO] Train accuracy: 85.0323
[2024-03-13 07:43:26,761 INFO] Sentences processed: 601563
[2024-03-13 07:43:26,761 INFO] Average bsz:  866/ 753/64
[2024-03-13 07:43:26,761 INFO] Validation perplexity: 4.95762e+09
[2024-03-13 07:43:26,761 INFO] Validation accuracy: 8.94505
[2024-03-13 07:43:26,762 INFO] Saving checkpoint tg-pt-both/tg-pt-both_03_step_9400.pt
[2024-03-13 07:43:28,638 INFO] Step 9450/10000; acc: 95.1; ppl:   1.4; xent: 0.3; lr: 1.00000; sents:    3200; bsz:  904/ 760/64; 8493/7147 tok/s;    492 sec;
[2024-03-13 07:43:29,792 INFO] Step 9500/10000; acc: 95.8; ppl:   1.4; xent: 0.3; lr: 1.00000; sents:    3200; bsz:  856/ 769/64; 37126/33353 tok/s;    493 sec;
[2024-03-13 07:43:30,939 INFO] Step 9550/10000; acc: 95.5; ppl:   1.3; xent: 0.3; lr: 1.00000; sents:    3200; bsz:  820/ 735/64; 35763/32025 tok/s;    494 sec;
[2024-03-13 07:43:32,385 INFO] Step 9600/10000; acc: 94.6; ppl:   1.6; xent: 0.4; lr: 1.00000; sents:    3200; bsz:  927/ 775/64; 32060/26820 tok/s;    496 sec;
[2024-03-13 07:43:35,825 INFO] valid stats calculation
                           took: 3.4401652812957764 s.
[2024-03-13 07:43:35,826 INFO] Train perplexity: 2.97139
[2024-03-13 07:43:35,826 INFO] Train accuracy: 85.2467
[2024-03-13 07:43:35,826 INFO] Sentences processed: 614363
[2024-03-13 07:43:35,826 INFO] Average bsz:  866/ 754/64
[2024-03-13 07:43:35,826 INFO] Validation perplexity: 3.39022e+09
[2024-03-13 07:43:35,826 INFO] Validation accuracy: 9.02527
[2024-03-13 07:43:35,827 INFO] Saving checkpoint tg-pt-both/tg-pt-both_03_step_9600.pt
[2024-03-13 07:43:38,034 INFO] Step 9650/10000; acc: 94.4; ppl:   1.5; xent: 0.4; lr: 1.00000; sents:    3200; bsz:  887/ 770/64; 7850/6818 tok/s;    501 sec;
[2024-03-13 07:43:39,487 INFO] Step 9700/10000; acc: 94.3; ppl:   1.5; xent: 0.4; lr: 1.00000; sents:    3200; bsz:  817/ 704/64; 28105/24223 tok/s;    503 sec;
[2024-03-13 07:43:40,610 INFO] Step 9750/10000; acc: 95.3; ppl:   1.4; xent: 0.4; lr: 1.00000; sents:    3200; bsz:  865/ 755/64; 38532/33630 tok/s;    504 sec;
[2024-03-13 07:43:41,708 INFO] Step 9800/10000; acc: 95.2; ppl:   1.4; xent: 0.3; lr: 1.00000; sents:    3200; bsz:  822/ 709/64; 37443/32311 tok/s;    505 sec;
[2024-03-13 07:43:45,198 INFO] valid stats calculation
                           took: 3.4901769161224365 s.
[2024-03-13 07:43:45,199 INFO] Train perplexity: 2.92967
[2024-03-13 07:43:45,199 INFO] Train accuracy: 85.4372
[2024-03-13 07:43:45,199 INFO] Sentences processed: 627163
[2024-03-13 07:43:45,199 INFO] Average bsz:  865/ 753/64
[2024-03-13 07:43:45,199 INFO] Validation perplexity: 9.44191e+09
[2024-03-13 07:43:45,199 INFO] Validation accuracy: 8.70437
[2024-03-13 07:43:45,200 INFO] Saving checkpoint tg-pt-both/tg-pt-both_03_step_9800.pt
[2024-03-13 07:43:47,209 INFO] Step 9850/10000; acc: 94.6; ppl:   1.5; xent: 0.4; lr: 1.00000; sents:    3200; bsz:  794/ 681/64; 7221/6194 tok/s;    511 sec;
[2024-03-13 07:43:49,121 INFO] Step 9900/10000; acc: 95.3; ppl:   1.4; xent: 0.3; lr: 1.00000; sents:    3200; bsz:  806/ 716/64; 21093/18716 tok/s;    513 sec;
[2024-03-13 07:43:50,263 INFO] Step 9950/10000; acc: 95.5; ppl:   1.3; xent: 0.3; lr: 1.00000; sents:    3200; bsz:  797/ 712/64; 34921/31165 tok/s;    514 sec;
[2024-03-13 07:43:51,425 INFO] Step 10000/10000; acc: 95.3; ppl:   1.4; xent: 0.3; lr: 1.00000; sents:    3200; bsz:  831/ 749/64; 35754/32201 tok/s;    515 sec;
[2024-03-13 07:43:54,940 INFO] valid stats calculation
                           took: 3.514133930206299 s.
[2024-03-13 07:43:54,940 INFO] Train perplexity: 2.88864
[2024-03-13 07:43:54,940 INFO] Train accuracy: 85.6224
[2024-03-13 07:43:54,940 INFO] Sentences processed: 639963
[2024-03-13 07:43:54,940 INFO] Average bsz:  864/ 752/64
[2024-03-13 07:43:54,940 INFO] Validation perplexity: 1.2234e+10
[2024-03-13 07:43:54,941 INFO] Validation accuracy: 8.90493
[2024-03-13 07:43:54,942 INFO] Saving checkpoint tg-pt-both/tg-pt-both_03_step_10000.pt
