[2024-03-08 16:34:01,081 WARNING] Corpus corpus_1's weight should be given. We default it to 1 for you.
[2024-03-08 16:34:01,081 INFO] Parsed 2 corpora from -data.
[2024-03-08 16:34:01,082 INFO] Get special vocabs from Transforms: {'src': [], 'tgt': []}.
[2024-03-08 16:34:01,087 INFO] Reading decoder embeddings from asl_w2v.txt
[2024-03-08 16:34:36,626 INFO] 	Found 3002605 total vectors in file
[2024-03-08 16:34:36,626 INFO] After filtering to vectors in vocab:
[2024-03-08 16:34:36,627 INFO] 	* dec: 1833 match, 583 missing, (75.87%)
[2024-03-08 16:34:36,627 INFO] 
Saving decoder embeddings as:
	* dec: tg-dec.dec_embeddings.pt
[2024-03-08 16:34:37,037 INFO] The first 10 tokens of the vocabs are:['<unk>', '<blank>', '<s>', '</s>', '.', 'the', ',', 'i', 'to', 'it']
[2024-03-08 16:34:37,037 INFO] The decoder start token is: <s>
[2024-03-08 16:34:37,037 INFO] Building model...
[2024-03-08 16:34:37,149 INFO] Switching model to float32 for amp/apex_amp
[2024-03-08 16:34:37,150 INFO] Non quantized layer compute is fp32
[2024-03-08 16:34:38,899 INFO] NMTModel(
  (encoder): RNNEncoder(
    (embeddings): Embeddings(
      (make_embedding): Sequential(
        (emb_luts): Elementwise(
          (0): Embedding(2384, 300, padding_idx=1)
        )
      )
      (dropout): Dropout(p=0.3, inplace=False)
    )
    (rnn): LSTM(300, 500, num_layers=2, batch_first=True, dropout=0.3)
  )
  (decoder): InputFeedRNNDecoder(
    (embeddings): Embeddings(
      (make_embedding): Sequential(
        (emb_luts): Elementwise(
          (0): Embedding(2416, 300, padding_idx=1)
        )
      )
      (dropout): Dropout(p=0.3, inplace=False)
    )
    (dropout): Dropout(p=0.3, inplace=False)
    (rnn): StackedLSTM(
      (dropout): Dropout(p=0.3, inplace=False)
      (layers): ModuleList(
        (0): LSTMCell(800, 500)
        (1): LSTMCell(500, 500)
      )
    )
    (attn): GlobalAttention(
      (linear_in): Linear(in_features=500, out_features=500, bias=False)
      (linear_out): Linear(in_features=1000, out_features=500, bias=False)
    )
  )
  (generator): Linear(in_features=500, out_features=2416, bias=True)
)
[2024-03-08 16:34:38,899 INFO] encoder: 4323200
[2024-03-08 16:34:38,899 INFO] decoder: 7293216
[2024-03-08 16:34:38,899 INFO] * number of parameters: 11616416
[2024-03-08 16:34:38,900 INFO] Trainable parameters = {'torch.float32': 11616416, 'torch.float16': 0, 'torch.uint8': 0, 'torch.int8': 0}
[2024-03-08 16:34:38,900 INFO] Non trainable parameters = {'torch.float32': 0, 'torch.float16': 0, 'torch.uint8': 0, 'torch.int8': 0}
[2024-03-08 16:34:38,900 INFO]  * src vocab size = 2384
[2024-03-08 16:34:38,900 INFO]  * tgt vocab size = 2416
[2024-03-08 16:34:38,901 INFO] Starting training on GPU: [0]
[2024-03-08 16:34:38,901 INFO] Start training loop and validate every 200 steps...
[2024-03-08 16:34:38,901 INFO] Scoring with: TransformPipe(InferFeatsTransform())
[2024-03-08 16:34:43,184 INFO] Step 50/10000; acc: 9.4; ppl: 9807.4; xent: 9.2; lr: 1.00000; sents:    2270; bsz:  565/ 490/45; 6597/5717 tok/s;      4 sec;
[2024-03-08 16:34:45,330 INFO] Step 100/10000; acc: 10.7; ppl: 2164.4; xent: 7.7; lr: 1.00000; sents:    2465; bsz:  594/ 519/49; 13842/12101 tok/s;      6 sec;
[2024-03-08 16:34:47,558 INFO] Step 150/10000; acc: 10.8; ppl: 769.4; xent: 6.6; lr: 1.00000; sents:    2267; bsz:  560/ 485/45; 12567/10880 tok/s;      9 sec;
[2024-03-08 16:34:49,732 INFO] Step 200/10000; acc: 12.7; ppl: 457.1; xent: 6.1; lr: 1.00000; sents:    2365; bsz:  585/ 507/47; 13457/11667 tok/s;     11 sec;
[2024-03-08 16:34:51,731 INFO] valid stats calculation
                           took: 1.9990839958190918 s.
[2024-03-08 16:34:51,732 INFO] Train perplexity: 1644.08
[2024-03-08 16:34:51,732 INFO] Train accuracy: 10.8956
[2024-03-08 16:34:51,732 INFO] Sentences processed: 9367
[2024-03-08 16:34:51,732 INFO] Average bsz:  576/ 500/47
[2024-03-08 16:34:51,732 INFO] Validation perplexity: 484.84
[2024-03-08 16:34:51,732 INFO] Validation accuracy: 7.62134
[2024-03-08 16:34:51,732 INFO] Saving checkpoint tg-dec/tg_02_step_200.pt
[2024-03-08 16:34:54,009 INFO] Step 250/10000; acc: 12.6; ppl: 371.0; xent: 5.9; lr: 1.00000; sents:    2246; bsz:  547/ 475/45; 6400/5551 tok/s;     15 sec;
[2024-03-08 16:34:56,222 INFO] Step 300/10000; acc: 12.4; ppl: 339.4; xent: 5.8; lr: 1.00000; sents:    2372; bsz:  566/ 491/47; 12788/11093 tok/s;     17 sec;
[2024-03-08 16:34:58,520 INFO] Step 350/10000; acc: 13.0; ppl: 306.0; xent: 5.7; lr: 1.00000; sents:    2275; bsz:  561/ 487/46; 12213/10595 tok/s;     20 sec;
[2024-03-08 16:35:00,742 INFO] Step 400/10000; acc: 14.0; ppl: 262.9; xent: 5.6; lr: 1.00000; sents:    2383; bsz:  568/ 495/48; 12793/11140 tok/s;     22 sec;
[2024-03-08 16:35:02,702 INFO] valid stats calculation
                           took: 1.9596352577209473 s.
[2024-03-08 16:35:02,703 INFO] Train perplexity: 729.69
[2024-03-08 16:35:02,703 INFO] Train accuracy: 11.939
[2024-03-08 16:35:02,703 INFO] Sentences processed: 18643
[2024-03-08 16:35:02,703 INFO] Average bsz:  568/ 494/47
[2024-03-08 16:35:02,703 INFO] Validation perplexity: 516.606
[2024-03-08 16:35:02,703 INFO] Validation accuracy: 6.45808
[2024-03-08 16:35:02,703 INFO] Saving checkpoint tg-dec/tg_02_step_400.pt
[2024-03-08 16:35:04,990 INFO] Step 450/10000; acc: 15.3; ppl: 227.4; xent: 5.4; lr: 1.00000; sents:    2381; bsz:  586/ 509/48; 6903/5997 tok/s;     26 sec;
[2024-03-08 16:35:07,223 INFO] Step 500/10000; acc: 16.2; ppl: 200.7; xent: 5.3; lr: 1.00000; sents:    2261; bsz:  552/ 477/45; 12359/10679 tok/s;     28 sec;
[2024-03-08 16:35:09,443 INFO] Step 550/10000; acc: 18.0; ppl: 171.4; xent: 5.1; lr: 1.00000; sents:    2372; bsz:  580/ 502/47; 13063/11307 tok/s;     31 sec;
[2024-03-08 16:35:11,652 INFO] Step 600/10000; acc: 19.1; ppl: 150.1; xent: 5.0; lr: 1.00000; sents:    2366; bsz:  562/ 489/47; 12731/11078 tok/s;     33 sec;
[2024-03-08 16:35:13,592 INFO] valid stats calculation
                           took: 1.9401090145111084 s.
[2024-03-08 16:35:13,593 INFO] Train perplexity: 461.846
[2024-03-08 16:35:13,593 INFO] Train accuracy: 13.6804
[2024-03-08 16:35:13,593 INFO] Sentences processed: 28023
[2024-03-08 16:35:13,593 INFO] Average bsz:  569/ 494/47
[2024-03-08 16:35:13,593 INFO] Validation perplexity: 285.207
[2024-03-08 16:35:13,593 INFO] Validation accuracy: 17.4087
[2024-03-08 16:35:13,593 INFO] Saving checkpoint tg-dec/tg_02_step_600.pt
[2024-03-08 16:35:15,866 INFO] Step 650/10000; acc: 20.3; ppl: 135.1; xent: 4.9; lr: 1.00000; sents:    2367; bsz:  587/ 513/47; 6965/6081 tok/s;     37 sec;
[2024-03-08 16:35:18,088 INFO] Step 700/10000; acc: 20.7; ppl: 123.0; xent: 4.8; lr: 1.00000; sents:    2268; bsz:  567/ 491/45; 12766/11059 tok/s;     39 sec;
[2024-03-08 16:35:20,271 INFO] Step 750/10000; acc: 21.9; ppl: 113.0; xent: 4.7; lr: 1.00000; sents:    2367; bsz:  567/ 499/47; 12992/11419 tok/s;     41 sec;
[2024-03-08 16:35:22,531 INFO] Step 800/10000; acc: 22.3; ppl: 102.3; xent: 4.6; lr: 1.00000; sents:    2261; bsz:  554/ 479/45; 12260/10589 tok/s;     44 sec;
[2024-03-08 16:35:24,454 INFO] valid stats calculation
                           took: 1.9221875667572021 s.
[2024-03-08 16:35:24,454 INFO] Train perplexity: 328.121
[2024-03-08 16:35:24,454 INFO] Train accuracy: 15.5802
[2024-03-08 16:35:24,454 INFO] Sentences processed: 37286
[2024-03-08 16:35:24,454 INFO] Average bsz:  569/ 494/47
[2024-03-08 16:35:24,454 INFO] Validation perplexity: 285.65
[2024-03-08 16:35:24,454 INFO] Validation accuracy: 18.1709
[2024-03-08 16:35:24,455 INFO] Saving checkpoint tg-dec/tg_02_step_800.pt
[2024-03-08 16:35:26,723 INFO] Step 850/10000; acc: 23.3; ppl:  92.2; xent: 4.5; lr: 1.00000; sents:    2373; bsz:  575/ 499/47; 6864/5957 tok/s;     48 sec;
[2024-03-08 16:35:28,965 INFO] Step 900/10000; acc: 24.6; ppl:  82.4; xent: 4.4; lr: 1.00000; sents:    2371; bsz:  563/ 491/47; 12565/10943 tok/s;     50 sec;
[2024-03-08 16:35:31,285 INFO] Step 950/10000; acc: 25.6; ppl:  75.1; xent: 4.3; lr: 1.00000; sents:    2376; bsz:  581/ 506/48; 12532/10904 tok/s;     52 sec;
[2024-03-08 16:35:33,543 INFO] Step 1000/10000; acc: 26.5; ppl:  65.2; xent: 4.2; lr: 1.00000; sents:    2381; bsz:  566/ 495/48; 12536/10962 tok/s;     55 sec;
[2024-03-08 16:35:35,480 INFO] valid stats calculation
                           took: 1.9372873306274414 s.
[2024-03-08 16:35:35,481 INFO] Train perplexity: 245.829
[2024-03-08 16:35:35,481 INFO] Train accuracy: 17.4739
[2024-03-08 16:35:35,481 INFO] Sentences processed: 46787
[2024-03-08 16:35:35,481 INFO] Average bsz:  569/ 495/47
[2024-03-08 16:35:35,481 INFO] Validation perplexity: 227.411
[2024-03-08 16:35:35,481 INFO] Validation accuracy: 21.7008
[2024-03-08 16:35:35,481 INFO] Saving checkpoint tg-dec/tg_02_step_1000.pt
[2024-03-08 16:35:37,780 INFO] Step 1050/10000; acc: 26.6; ppl:  61.0; xent: 4.1; lr: 1.00000; sents:    2279; bsz:  562/ 485/46; 6630/5724 tok/s;     59 sec;
[2024-03-08 16:35:39,968 INFO] Step 1100/10000; acc: 27.4; ppl:  57.8; xent: 4.1; lr: 1.00000; sents:    2375; bsz:  579/ 498/48; 13223/11378 tok/s;     61 sec;
[2024-03-08 16:35:42,236 INFO] Step 1150/10000; acc: 28.9; ppl:  50.4; xent: 3.9; lr: 1.00000; sents:    2271; bsz:  561/ 484/45; 12365/10679 tok/s;     63 sec;
[2024-03-08 16:35:44,434 INFO] Step 1200/10000; acc: 29.1; ppl:  47.5; xent: 3.9; lr: 1.00000; sents:    2366; bsz:  563/ 491/47; 12817/11166 tok/s;     66 sec;
[2024-03-08 16:35:46,330 INFO] valid stats calculation
                           took: 1.896245002746582 s.
[2024-03-08 16:35:46,331 INFO] Train perplexity: 191.334
[2024-03-08 16:35:46,331 INFO] Train accuracy: 19.2111
[2024-03-08 16:35:46,331 INFO] Sentences processed: 56078
[2024-03-08 16:35:46,331 INFO] Average bsz:  569/ 494/47
[2024-03-08 16:35:46,331 INFO] Validation perplexity: 232.304
[2024-03-08 16:35:46,331 INFO] Validation accuracy: 23.0245
[2024-03-08 16:35:46,331 INFO] Saving checkpoint tg-dec/tg_02_step_1200.pt
[2024-03-08 16:35:48,544 INFO] Step 1250/10000; acc: 30.4; ppl:  42.8; xent: 3.8; lr: 1.00000; sents:    2366; bsz:  564/ 490/47; 6863/5966 tok/s;     70 sec;
[2024-03-08 16:35:50,776 INFO] Step 1300/10000; acc: 30.5; ppl:  39.3; xent: 3.7; lr: 1.00000; sents:    2264; bsz:  562/ 487/45; 12584/10906 tok/s;     72 sec;
[2024-03-08 16:35:52,995 INFO] Step 1350/10000; acc: 31.3; ppl:  37.2; xent: 3.6; lr: 1.00000; sents:    2369; bsz:  586/ 507/47; 13211/11424 tok/s;     74 sec;
[2024-03-08 16:35:55,180 INFO] Step 1400/10000; acc: 33.2; ppl:  31.9; xent: 3.5; lr: 1.00000; sents:    2367; bsz:  579/ 500/47; 13259/11439 tok/s;     76 sec;
[2024-03-08 16:35:57,157 INFO] valid stats calculation
                           took: 1.9765539169311523 s.
[2024-03-08 16:35:57,158 INFO] Train perplexity: 151.493
[2024-03-08 16:35:57,158 INFO] Train accuracy: 20.9551
[2024-03-08 16:35:57,158 INFO] Sentences processed: 65444
[2024-03-08 16:35:57,158 INFO] Average bsz:  569/ 494/47
[2024-03-08 16:35:57,158 INFO] Validation perplexity: 251.86
[2024-03-08 16:35:57,158 INFO] Validation accuracy: 21.2194
[2024-03-08 16:35:57,158 INFO] Saving checkpoint tg-dec/tg_02_step_1400.pt
[2024-03-08 16:35:59,413 INFO] Step 1450/10000; acc: 34.7; ppl:  27.8; xent: 3.3; lr: 1.00000; sents:    2372; bsz:  564/ 489/47; 6665/5779 tok/s;     81 sec;
[2024-03-08 16:36:01,715 INFO] Step 1500/10000; acc: 36.1; ppl:  24.7; xent: 3.2; lr: 1.00000; sents:    2271; bsz:  562/ 485/45; 12203/10532 tok/s;     83 sec;
[2024-03-08 16:36:03,932 INFO] Step 1550/10000; acc: 38.6; ppl:  20.9; xent: 3.0; lr: 1.00000; sents:    2375; bsz:  566/ 493/48; 12775/11121 tok/s;     85 sec;
[2024-03-08 16:36:06,176 INFO] Step 1600/10000; acc: 40.2; ppl:  18.5; xent: 2.9; lr: 1.00000; sents:    2280; bsz:  560/ 486/46; 12472/10832 tok/s;     87 sec;
[2024-03-08 16:36:08,136 INFO] valid stats calculation
                           took: 1.960094928741455 s.
[2024-03-08 16:36:08,137 INFO] Train perplexity: 119.796
[2024-03-08 16:36:08,137 INFO] Train accuracy: 22.9857
[2024-03-08 16:36:08,137 INFO] Sentences processed: 74742
[2024-03-08 16:36:08,137 INFO] Average bsz:  569/ 494/47
[2024-03-08 16:36:08,137 INFO] Validation perplexity: 322.32
[2024-03-08 16:36:08,137 INFO] Validation accuracy: 24.8295
[2024-03-08 16:36:08,138 INFO] Saving checkpoint tg-dec/tg_02_step_1600.pt
[2024-03-08 16:36:10,423 INFO] Step 1650/10000; acc: 41.9; ppl:  16.2; xent: 2.8; lr: 1.00000; sents:    2376; bsz:  580/ 501/48; 6825/5897 tok/s;     92 sec;
[2024-03-08 16:36:12,690 INFO] Step 1700/10000; acc: 43.6; ppl:  14.0; xent: 2.6; lr: 1.00000; sents:    2280; bsz:  563/ 487/46; 12421/10738 tok/s;     94 sec;
[2024-03-08 16:36:14,936 INFO] Step 1750/10000; acc: 43.0; ppl:  14.2; xent: 2.7; lr: 1.00000; sents:    2368; bsz:  589/ 512/47; 13113/11402 tok/s;     96 sec;
[2024-03-08 16:36:17,125 INFO] Step 1800/10000; acc: 45.9; ppl:  11.7; xent: 2.5; lr: 1.00000; sents:    2366; bsz:  569/ 497/47; 12986/11342 tok/s;     98 sec;
[2024-03-08 16:36:19,062 INFO] valid stats calculation
                           took: 1.9358091354370117 s.
[2024-03-08 16:36:19,062 INFO] Train perplexity: 94.1076
[2024-03-08 16:36:19,062 INFO] Train accuracy: 25.2977
[2024-03-08 16:36:19,062 INFO] Sentences processed: 84132
[2024-03-08 16:36:19,062 INFO] Average bsz:  569/ 494/47
[2024-03-08 16:36:19,062 INFO] Validation perplexity: 445.516
[2024-03-08 16:36:19,062 INFO] Validation accuracy: 22.0217
[2024-03-08 16:36:19,063 INFO] Saving checkpoint tg-dec/tg_02_step_1800.pt
[2024-03-08 16:36:21,346 INFO] Step 1850/10000; acc: 47.7; ppl:  10.4; xent: 2.3; lr: 1.00000; sents:    2369; bsz:  587/ 508/47; 6954/6015 tok/s;    102 sec;
[2024-03-08 16:36:23,513 INFO] Step 1900/10000; acc: 49.8; ppl:   9.1; xent: 2.2; lr: 1.00000; sents:    2242; bsz:  548/ 475/45; 12641/10961 tok/s;    105 sec;
[2024-03-08 16:36:25,675 INFO] Step 1950/10000; acc: 51.9; ppl:   8.0; xent: 2.1; lr: 1.00000; sents:    2365; bsz:  564/ 490/47; 13048/11345 tok/s;    107 sec;
[2024-03-08 16:36:27,887 INFO] Step 2000/10000; acc: 53.6; ppl:   7.3; xent: 2.0; lr: 1.00000; sents:    2367; bsz:  579/ 502/47; 13094/11343 tok/s;    109 sec;
[2024-03-08 16:36:29,835 INFO] valid stats calculation
                           took: 1.946864366531372 s.
[2024-03-08 16:36:29,835 INFO] Train perplexity: 74.1209
[2024-03-08 16:36:29,835 INFO] Train accuracy: 27.8404
[2024-03-08 16:36:29,835 INFO] Sentences processed: 93475
[2024-03-08 16:36:29,835 INFO] Average bsz:  569/ 494/47
[2024-03-08 16:36:29,835 INFO] Validation perplexity: 638.553
[2024-03-08 16:36:29,835 INFO] Validation accuracy: 24.7894
[2024-03-08 16:36:29,836 INFO] Saving checkpoint tg-dec/tg_02_step_2000.pt
[2024-03-08 16:36:32,161 INFO] Step 2050/10000; acc: 55.9; ppl:   6.5; xent: 1.9; lr: 1.00000; sents:    2268; bsz:  558/ 484/45; 6529/5660 tok/s;    113 sec;
[2024-03-08 16:36:34,418 INFO] Step 2100/10000; acc: 58.0; ppl:   5.7; xent: 1.7; lr: 1.00000; sents:    2379; bsz:  568/ 494/48; 12581/10954 tok/s;    116 sec;
[2024-03-08 16:36:36,682 INFO] Step 2150/10000; acc: 59.4; ppl:   5.4; xent: 1.7; lr: 1.00000; sents:    2274; bsz:  558/ 483/45; 12318/10675 tok/s;    118 sec;
[2024-03-08 16:36:38,911 INFO] Step 2200/10000; acc: 60.7; ppl:   4.9; xent: 1.6; lr: 1.00000; sents:    2376; bsz:  580/ 503/48; 13015/11283 tok/s;    120 sec;
[2024-03-08 16:36:40,860 INFO] valid stats calculation
                           took: 1.9484858512878418 s.
[2024-03-08 16:36:40,860 INFO] Train perplexity: 58.6755
[2024-03-08 16:36:40,860 INFO] Train accuracy: 30.6155
[2024-03-08 16:36:40,860 INFO] Sentences processed: 102772
[2024-03-08 16:36:40,860 INFO] Average bsz:  569/ 494/47
[2024-03-08 16:36:40,860 INFO] Validation perplexity: 963.366
[2024-03-08 16:36:40,860 INFO] Validation accuracy: 23.9471
[2024-03-08 16:36:40,861 INFO] Saving checkpoint tg-dec/tg_02_step_2200.pt
[2024-03-08 16:36:43,105 INFO] Step 2250/10000; acc: 62.7; ppl:   4.5; xent: 1.5; lr: 1.00000; sents:    2375; bsz:  563/ 489/48; 6714/5832 tok/s;    124 sec;
[2024-03-08 16:36:45,356 INFO] Step 2300/10000; acc: 63.5; ppl:   4.3; xent: 1.4; lr: 1.00000; sents:    2372; bsz:  586/ 513/47; 13021/11399 tok/s;    126 sec;
[2024-03-08 16:36:47,649 INFO] Step 2350/10000; acc: 65.7; ppl:   3.9; xent: 1.4; lr: 1.00000; sents:    2270; bsz:  567/ 491/45; 12373/10704 tok/s;    129 sec;
[2024-03-08 16:36:49,849 INFO] Step 2400/10000; acc: 67.2; ppl:   3.6; xent: 1.3; lr: 1.00000; sents:    2367; bsz:  568/ 500/47; 12908/11355 tok/s;    131 sec;
[2024-03-08 16:36:51,812 INFO] valid stats calculation
                           took: 1.9626452922821045 s.
[2024-03-08 16:36:51,813 INFO] Train perplexity: 46.8605
[2024-03-08 16:36:51,813 INFO] Train accuracy: 33.4841
[2024-03-08 16:36:51,813 INFO] Sentences processed: 112156
[2024-03-08 16:36:51,813 INFO] Average bsz:  569/ 494/47
[2024-03-08 16:36:51,813 INFO] Validation perplexity: 1275.87
[2024-03-08 16:36:51,813 INFO] Validation accuracy: 21.6606
[2024-03-08 16:36:51,814 INFO] Saving checkpoint tg-dec/tg_02_step_2400.pt
[2024-03-08 16:36:54,090 INFO] Step 2450/10000; acc: 69.3; ppl:   3.3; xent: 1.2; lr: 1.00000; sents:    2260; bsz:  555/ 480/45; 6549/5665 tok/s;    135 sec;
[2024-03-08 16:36:56,292 INFO] Step 2500/10000; acc: 69.5; ppl:   3.2; xent: 1.2; lr: 1.00000; sents:    2367; bsz:  571/ 492/47; 12970/11180 tok/s;    137 sec;
[2024-03-08 16:36:58,461 INFO] Step 2550/10000; acc: 71.7; ppl:   3.0; xent: 1.1; lr: 1.00000; sents:    2365; bsz:  562/ 489/47; 12942/11269 tok/s;    140 sec;
[2024-03-08 16:37:00,717 INFO] Step 2600/10000; acc: 71.9; ppl:   2.9; xent: 1.1; lr: 1.00000; sents:    2276; bsz:  563/ 487/46; 12482/10789 tok/s;    142 sec;
[2024-03-08 16:37:02,655 INFO] valid stats calculation
                           took: 1.9380829334259033 s.
[2024-03-08 16:37:02,655 INFO] Train perplexity: 38.1067
[2024-03-08 16:37:02,656 INFO] Train accuracy: 36.3027
[2024-03-08 16:37:02,656 INFO] Sentences processed: 121424
[2024-03-08 16:37:02,656 INFO] Average bsz:  569/ 494/47
[2024-03-08 16:37:02,656 INFO] Validation perplexity: 1812.93
[2024-03-08 16:37:02,656 INFO] Validation accuracy: 23.4657
[2024-03-08 16:37:02,656 INFO] Saving checkpoint tg-dec/tg_02_step_2600.pt
[2024-03-08 16:37:05,002 INFO] Step 2650/10000; acc: 72.7; ppl:   2.8; xent: 1.0; lr: 1.00000; sents:    2372; bsz:  581/ 506/47; 6782/5902 tok/s;    146 sec;
[2024-03-08 16:37:07,301 INFO] Step 2700/10000; acc: 74.5; ppl:   2.6; xent: 1.0; lr: 1.00000; sents:    2375; bsz:  565/ 494/48; 12289/10755 tok/s;    148 sec;
[2024-03-08 16:37:09,540 INFO] Step 2750/10000; acc: 75.4; ppl:   2.5; xent: 0.9; lr: 1.00000; sents:    2281; bsz:  563/ 486/46; 12562/10853 tok/s;    151 sec;
[2024-03-08 16:37:11,742 INFO] Step 2800/10000; acc: 76.0; ppl:   2.5; xent: 0.9; lr: 1.00000; sents:    2376; bsz:  578/ 498/48; 13127/11308 tok/s;    153 sec;
[2024-03-08 16:37:13,692 INFO] valid stats calculation
                           took: 1.9494569301605225 s.
[2024-03-08 16:37:13,693 INFO] Train perplexity: 31.4178
[2024-03-08 16:37:13,693 INFO] Train accuracy: 39.0532
[2024-03-08 16:37:13,693 INFO] Sentences processed: 130828
[2024-03-08 16:37:13,693 INFO] Average bsz:  569/ 494/47
[2024-03-08 16:37:13,693 INFO] Validation perplexity: 1580.36
[2024-03-08 16:37:13,693 INFO] Validation accuracy: 25.351
[2024-03-08 16:37:13,693 INFO] Saving checkpoint tg-dec/tg_02_step_2800.pt
[2024-03-08 16:37:15,943 INFO] Step 2850/10000; acc: 77.2; ppl:   2.3; xent: 0.8; lr: 1.00000; sents:    2375; bsz:  566/ 491/48; 6736/5843 tok/s;    157 sec;
[2024-03-08 16:37:18,237 INFO] Step 2900/10000; acc: 77.1; ppl:   2.3; xent: 0.8; lr: 1.00000; sents:    2273; bsz:  565/ 489/45; 12318/10659 tok/s;    159 sec;
[2024-03-08 16:37:20,435 INFO] Step 2950/10000; acc: 78.5; ppl:   2.2; xent: 0.8; lr: 1.00000; sents:    2366; bsz:  563/ 490/47; 12810/11149 tok/s;    162 sec;
[2024-03-08 16:37:22,636 INFO] Step 3000/10000; acc: 79.0; ppl:   2.1; xent: 0.8; lr: 1.00000; sents:    2366; bsz:  585/ 507/47; 13285/11508 tok/s;    164 sec;
[2024-03-08 16:37:24,553 INFO] valid stats calculation
                           took: 1.9160938262939453 s.
[2024-03-08 16:37:24,553 INFO] Train perplexity: 26.3324
[2024-03-08 16:37:24,553 INFO] Train accuracy: 41.6465
[2024-03-08 16:37:24,553 INFO] Sentences processed: 140208
[2024-03-08 16:37:24,553 INFO] Average bsz:  569/ 494/47
[2024-03-08 16:37:24,553 INFO] Validation perplexity: 2172.05
[2024-03-08 16:37:24,553 INFO] Validation accuracy: 25.0702
[2024-03-08 16:37:24,554 INFO] Saving checkpoint tg-dec/tg_02_step_3000.pt
[2024-03-08 16:37:26,827 INFO] Step 3050/10000; acc: 79.7; ppl:   2.1; xent: 0.7; lr: 1.00000; sents:    2262; bsz:  560/ 483/45; 6680/5760 tok/s;    168 sec;
[2024-03-08 16:37:28,981 INFO] Step 3100/10000; acc: 80.8; ppl:   2.0; xent: 0.7; lr: 1.00000; sents:    2367; bsz:  563/ 488/47; 13065/11337 tok/s;    170 sec;
[2024-03-08 16:37:31,176 INFO] Step 3150/10000; acc: 80.4; ppl:   2.0; xent: 0.7; lr: 1.00000; sents:    2369; bsz:  580/ 501/47; 13228/11413 tok/s;    172 sec;
[2024-03-08 16:37:33,425 INFO] Step 3200/10000; acc: 81.1; ppl:   2.0; xent: 0.7; lr: 1.00000; sents:    2372; bsz:  583/ 504/47; 12957/11211 tok/s;    175 sec;
[2024-03-08 16:37:35,361 INFO] valid stats calculation
                           took: 1.9355552196502686 s.
[2024-03-08 16:37:35,361 INFO] Train perplexity: 22.4282
[2024-03-08 16:37:35,361 INFO] Train accuracy: 44.0755
[2024-03-08 16:37:35,361 INFO] Sentences processed: 149578
[2024-03-08 16:37:35,361 INFO] Average bsz:  569/ 494/47
[2024-03-08 16:37:35,361 INFO] Validation perplexity: 3058.13
[2024-03-08 16:37:35,362 INFO] Validation accuracy: 25.9928
[2024-03-08 16:37:35,362 INFO] Saving checkpoint tg-dec/tg_02_step_3200.pt
[2024-03-08 16:37:37,695 INFO] Step 3250/10000; acc: 82.2; ppl:   1.9; xent: 0.7; lr: 1.00000; sents:    2269; bsz:  559/ 485/45; 6544/5678 tok/s;    179 sec;
[2024-03-08 16:37:39,906 INFO] Step 3300/10000; acc: 82.5; ppl:   1.9; xent: 0.6; lr: 1.00000; sents:    2375; bsz:  565/ 492/48; 12786/11137 tok/s;    181 sec;
[2024-03-08 16:37:42,122 INFO] Step 3350/10000; acc: 83.6; ppl:   1.8; xent: 0.6; lr: 1.00000; sents:    2382; bsz:  568/ 496/48; 12823/11200 tok/s;    183 sec;
[2024-03-08 16:37:44,419 INFO] Step 3400/10000; acc: 82.5; ppl:   1.9; xent: 0.6; lr: 1.00000; sents:    2275; bsz:  583/ 502/46; 12690/10932 tok/s;    186 sec;
[2024-03-08 16:37:46,378 INFO] valid stats calculation
                           took: 1.958404302597046 s.
[2024-03-08 16:37:46,379 INFO] Train perplexity: 19.3778
[2024-03-08 16:37:46,379 INFO] Train accuracy: 46.348
[2024-03-08 16:37:46,379 INFO] Sentences processed: 158879
[2024-03-08 16:37:46,379 INFO] Average bsz:  569/ 494/47
[2024-03-08 16:37:46,379 INFO] Validation perplexity: 3242.35
[2024-03-08 16:37:46,379 INFO] Validation accuracy: 23.8267
[2024-03-08 16:37:46,379 INFO] Saving checkpoint tg-dec/tg_02_step_3400.pt
[2024-03-08 16:37:48,659 INFO] Step 3450/10000; acc: 83.7; ppl:   1.8; xent: 0.6; lr: 1.00000; sents:    2381; bsz:  572/ 499/48; 6746/5888 tok/s;    190 sec;
[2024-03-08 16:37:50,880 INFO] Step 3500/10000; acc: 84.2; ppl:   1.8; xent: 0.6; lr: 1.00000; sents:    2368; bsz:  565/ 491/47; 12715/11053 tok/s;    192 sec;
[2024-03-08 16:37:53,071 INFO] Step 3550/10000; acc: 84.7; ppl:   1.7; xent: 0.5; lr: 1.00000; sents:    2246; bsz:  550/ 476/45; 12548/10859 tok/s;    194 sec;
[2024-03-08 16:37:55,292 INFO] Step 3600/10000; acc: 84.7; ppl:   1.7; xent: 0.5; lr: 1.00000; sents:    2368; bsz:  587/ 509/47; 13223/11452 tok/s;    196 sec;
[2024-03-08 16:37:57,217 INFO] valid stats calculation
                           took: 1.924694299697876 s.
[2024-03-08 16:37:57,217 INFO] Train perplexity: 16.9537
[2024-03-08 16:37:57,217 INFO] Train accuracy: 48.4576
[2024-03-08 16:37:57,217 INFO] Sentences processed: 168242
[2024-03-08 16:37:57,217 INFO] Average bsz:  569/ 494/47
[2024-03-08 16:37:57,217 INFO] Validation perplexity: 4095.7
[2024-03-08 16:37:57,217 INFO] Validation accuracy: 24.9097
[2024-03-08 16:37:57,218 INFO] Saving checkpoint tg-dec/tg_02_step_3600.pt
[2024-03-08 16:37:59,460 INFO] Step 3650/10000; acc: 85.3; ppl:   1.7; xent: 0.5; lr: 1.00000; sents:    2249; bsz:  551/ 478/45; 6610/5739 tok/s;    201 sec;
[2024-03-08 16:38:01,631 INFO] Step 3700/10000; acc: 86.0; ppl:   1.7; xent: 0.5; lr: 1.00000; sents:    2365; bsz:  561/ 486/47; 12922/11198 tok/s;    203 sec;
[2024-03-08 16:38:03,869 INFO] Step 3750/10000; acc: 85.7; ppl:   1.7; xent: 0.5; lr: 1.00000; sents:    2372; bsz:  582/ 505/47; 13015/11288 tok/s;    205 sec;
[2024-03-08 16:38:06,134 INFO] Step 3800/10000; acc: 85.8; ppl:   1.7; xent: 0.5; lr: 1.00000; sents:    2377; bsz:  587/ 513/48; 12956/11330 tok/s;    207 sec;
[2024-03-08 16:38:08,062 INFO] valid stats calculation
                           took: 1.927628993988037 s.
[2024-03-08 16:38:08,062 INFO] Train perplexity: 14.9969
[2024-03-08 16:38:08,062 INFO] Train accuracy: 50.4246
[2024-03-08 16:38:08,062 INFO] Sentences processed: 177605
[2024-03-08 16:38:08,062 INFO] Average bsz:  569/ 494/47
[2024-03-08 16:38:08,062 INFO] Validation perplexity: 4311.22
[2024-03-08 16:38:08,062 INFO] Validation accuracy: 23.3454
[2024-03-08 16:38:08,063 INFO] Saving checkpoint tg-dec/tg_02_step_3800.pt
[2024-03-08 16:38:10,405 INFO] Step 3850/10000; acc: 85.8; ppl:   1.6; xent: 0.5; lr: 1.00000; sents:    2272; bsz:  556/ 482/45; 6506/5644 tok/s;    212 sec;
[2024-03-08 16:38:12,599 INFO] Step 3900/10000; acc: 86.1; ppl:   1.6; xent: 0.5; lr: 1.00000; sents:    2381; bsz:  565/ 490/48; 12872/11161 tok/s;    214 sec;
[2024-03-08 16:38:14,876 INFO] Step 3950/10000; acc: 86.6; ppl:   1.6; xent: 0.5; lr: 1.00000; sents:    2277; bsz:  566/ 489/46; 12426/10742 tok/s;    216 sec;
[2024-03-08 16:38:17,126 INFO] Step 4000/10000; acc: 86.3; ppl:   1.6; xent: 0.5; lr: 1.00000; sents:    2377; bsz:  585/ 512/48; 13002/11367 tok/s;    218 sec;
[2024-03-08 16:38:19,081 INFO] valid stats calculation
                           took: 1.9544117450714111 s.
[2024-03-08 16:38:19,082 INFO] Train perplexity: 13.4234
[2024-03-08 16:38:19,082 INFO] Train accuracy: 52.2116
[2024-03-08 16:38:19,082 INFO] Sentences processed: 186912
[2024-03-08 16:38:19,082 INFO] Average bsz:  569/ 494/47
[2024-03-08 16:38:19,082 INFO] Validation perplexity: 4623.3
[2024-03-08 16:38:19,082 INFO] Validation accuracy: 23.8668
[2024-03-08 16:38:19,083 INFO] Saving checkpoint tg-dec/tg_02_step_4000.pt
[2024-03-08 16:38:21,344 INFO] Step 4050/10000; acc: 87.1; ppl:   1.6; xent: 0.5; lr: 1.00000; sents:    2372; bsz:  568/ 497/47; 6728/5889 tok/s;    222 sec;
[2024-03-08 16:38:23,625 INFO] Step 4100/10000; acc: 87.2; ppl:   1.6; xent: 0.5; lr: 1.00000; sents:    2367; bsz:  578/ 498/47; 12661/10913 tok/s;    225 sec;
[2024-03-08 16:38:25,790 INFO] Step 4150/10000; acc: 87.5; ppl:   1.5; xent: 0.4; lr: 1.00000; sents:    2263; bsz:  542/ 474/45; 12534/10947 tok/s;    227 sec;
[2024-03-08 16:38:27,937 INFO] Step 4200/10000; acc: 87.3; ppl:   1.6; xent: 0.5; lr: 1.00000; sents:    2364; bsz:  572/ 494/47; 13311/11495 tok/s;    229 sec;
[2024-03-08 16:38:29,905 INFO] valid stats calculation
                           took: 1.9675929546356201 s.
[2024-03-08 16:38:29,906 INFO] Train perplexity: 12.1285
[2024-03-08 16:38:29,906 INFO] Train accuracy: 53.8694
[2024-03-08 16:38:29,906 INFO] Sentences processed: 196278
[2024-03-08 16:38:29,906 INFO] Average bsz:  569/ 494/47
[2024-03-08 16:38:29,906 INFO] Validation perplexity: 4985.84
[2024-03-08 16:38:29,906 INFO] Validation accuracy: 25.4312
[2024-03-08 16:38:29,907 INFO] Saving checkpoint tg-dec/tg_02_step_4200.pt
[2024-03-08 16:38:32,194 INFO] Step 4250/10000; acc: 87.2; ppl:   1.6; xent: 0.5; lr: 1.00000; sents:    2367; bsz:  578/ 503/47; 6791/5911 tok/s;    233 sec;
[2024-03-08 16:38:34,411 INFO] Step 4300/10000; acc: 87.1; ppl:   1.6; xent: 0.5; lr: 1.00000; sents:    2268; bsz:  561/ 485/45; 12650/10930 tok/s;    236 sec;
[2024-03-08 16:38:36,678 INFO] Step 4350/10000; acc: 87.6; ppl:   1.5; xent: 0.4; lr: 1.00000; sents:    2373; bsz:  566/ 495/47; 12486/10921 tok/s;    238 sec;
[2024-03-08 16:38:38,992 INFO] Step 4400/10000; acc: 87.2; ppl:   1.6; xent: 0.4; lr: 1.00000; sents:    2271; bsz:  564/ 489/45; 12201/10567 tok/s;    240 sec;
[2024-03-08 16:38:40,910 INFO] valid stats calculation
                           took: 1.917607069015503 s.
[2024-03-08 16:38:40,910 INFO] Train perplexity: 11.0513
[2024-03-08 16:38:40,910 INFO] Train accuracy: 55.3851
[2024-03-08 16:38:40,910 INFO] Sentences processed: 205557
[2024-03-08 16:38:40,910 INFO] Average bsz:  569/ 494/47
[2024-03-08 16:38:40,910 INFO] Validation perplexity: 4688.08
[2024-03-08 16:38:40,910 INFO] Validation accuracy: 26.5142
[2024-03-08 16:38:40,911 INFO] Saving checkpoint tg-dec/tg_02_step_4400.pt
[2024-03-08 16:38:43,122 INFO] Step 4450/10000; acc: 87.6; ppl:   1.5; xent: 0.4; lr: 1.00000; sents:    2476; bsz:  581/ 502/50; 7039/6076 tok/s;    244 sec;
[2024-03-08 16:38:45,360 INFO] Step 4500/10000; acc: 87.4; ppl:   1.6; xent: 0.4; lr: 1.00000; sents:    2281; bsz:  559/ 484/46; 12482/10812 tok/s;    246 sec;
[2024-03-08 16:38:47,617 INFO] Step 4550/10000; acc: 87.0; ppl:   1.6; xent: 0.5; lr: 1.00000; sents:    2376; bsz:  589/ 509/48; 13042/11279 tok/s;    249 sec;
[2024-03-08 16:38:49,823 INFO] Step 4600/10000; acc: 88.1; ppl:   1.5; xent: 0.4; lr: 1.00000; sents:    2375; bsz:  565/ 490/48; 12809/11119 tok/s;    251 sec;
[2024-03-08 16:38:51,744 INFO] valid stats calculation
                           took: 1.9210460186004639 s.
[2024-03-08 16:38:51,745 INFO] Train perplexity: 10.1437
[2024-03-08 16:38:51,745 INFO] Train accuracy: 56.7904
[2024-03-08 16:38:51,745 INFO] Sentences processed: 215065
[2024-03-08 16:38:51,745 INFO] Average bsz:  569/ 494/47
[2024-03-08 16:38:51,745 INFO] Validation perplexity: 4274.5
[2024-03-08 16:38:51,745 INFO] Validation accuracy: 25.2708
[2024-03-08 16:38:51,745 INFO] Saving checkpoint tg-dec/tg_02_step_4600.pt
[2024-03-08 16:38:54,088 INFO] Step 4650/10000; acc: 87.2; ppl:   1.6; xent: 0.4; lr: 1.00000; sents:    2273; bsz:  564/ 489/45; 6618/5732 tok/s;    255 sec;
[2024-03-08 16:38:56,286 INFO] Step 4700/10000; acc: 87.9; ppl:   1.5; xent: 0.4; lr: 1.00000; sents:    2366; bsz:  579/ 500/47; 13170/11364 tok/s;    257 sec;
[2024-03-08 16:38:58,502 INFO] Step 4750/10000; acc: 87.7; ppl:   1.5; xent: 0.4; lr: 1.00000; sents:    2263; bsz:  543/ 472/45; 12260/10662 tok/s;    260 sec;
[2024-03-08 16:39:00,679 INFO] Step 4800/10000; acc: 87.5; ppl:   1.6; xent: 0.4; lr: 1.00000; sents:    2365; bsz:  580/ 500/47; 13317/11474 tok/s;    262 sec;
[2024-03-08 16:39:02,653 INFO] valid stats calculation
                           took: 1.9735558032989502 s.
[2024-03-08 16:39:02,654 INFO] Train perplexity: 9.38349
[2024-03-08 16:39:02,654 INFO] Train accuracy: 58.0648
[2024-03-08 16:39:02,654 INFO] Sentences processed: 224332
[2024-03-08 16:39:02,654 INFO] Average bsz:  569/ 494/47
[2024-03-08 16:39:02,654 INFO] Validation perplexity: 5069.26
[2024-03-08 16:39:02,654 INFO] Validation accuracy: 26.3538
[2024-03-08 16:39:02,654 INFO] Saving checkpoint tg-dec/tg_02_step_4800.pt
[2024-03-08 16:39:04,910 INFO] Step 4850/10000; acc: 87.8; ppl:   1.5; xent: 0.4; lr: 1.00000; sents:    2367; bsz:  586/ 507/47; 6921/5992 tok/s;    266 sec;
[2024-03-08 16:39:07,122 INFO] Step 4900/10000; acc: 87.8; ppl:   1.5; xent: 0.4; lr: 1.00000; sents:    2267; bsz:  557/ 483/45; 12585/10913 tok/s;    268 sec;
[2024-03-08 16:39:09,348 INFO] Step 4950/10000; acc: 88.1; ppl:   1.5; xent: 0.4; lr: 1.00000; sents:    2372; bsz:  564/ 492/47; 12666/11061 tok/s;    270 sec;
[2024-03-08 16:39:11,646 INFO] Step 5000/10000; acc: 87.3; ppl:   1.6; xent: 0.4; lr: 1.00000; sents:    2257; bsz:  556/ 481/45; 12102/10466 tok/s;    273 sec;
[2024-03-08 16:39:13,618 INFO] valid stats calculation
                           took: 1.9715518951416016 s.
[2024-03-08 16:39:13,619 INFO] Train perplexity: 8.73147
[2024-03-08 16:39:13,619 INFO] Train accuracy: 59.2453
[2024-03-08 16:39:13,619 INFO] Sentences processed: 233595
[2024-03-08 16:39:13,619 INFO] Average bsz:  569/ 494/47
[2024-03-08 16:39:13,619 INFO] Validation perplexity: 5665.03
[2024-03-08 16:39:13,619 INFO] Validation accuracy: 26.6346
[2024-03-08 16:39:13,620 INFO] Saving checkpoint tg-dec/tg_02_step_5000.pt
[2024-03-08 16:39:15,900 INFO] Step 5050/10000; acc: 88.2; ppl:   1.5; xent: 0.4; lr: 1.00000; sents:    2384; bsz:  571/ 499/48; 6716/5861 tok/s;    277 sec;
[2024-03-08 16:39:18,142 INFO] Step 5100/10000; acc: 87.0; ppl:   1.6; xent: 0.5; lr: 1.00000; sents:    2384; bsz:  591/ 513/48; 13181/11433 tok/s;    279 sec;
[2024-03-08 16:39:20,369 INFO] Step 5150/10000; acc: 88.3; ppl:   1.5; xent: 0.4; lr: 1.00000; sents:    2378; bsz:  568/ 494/48; 12749/11098 tok/s;    281 sec;
[2024-03-08 16:39:22,658 INFO] Step 5200/10000; acc: 87.5; ppl:   1.6; xent: 0.4; lr: 1.00000; sents:    2262; bsz:  575/ 496/45; 12551/10832 tok/s;    284 sec;
[2024-03-08 16:39:24,594 INFO] valid stats calculation
                           took: 1.9355249404907227 s.
[2024-03-08 16:39:24,594 INFO] Train perplexity: 8.16053
[2024-03-08 16:39:24,594 INFO] Train accuracy: 60.3553
[2024-03-08 16:39:24,594 INFO] Sentences processed: 243003
[2024-03-08 16:39:24,595 INFO] Average bsz:  569/ 494/47
[2024-03-08 16:39:24,595 INFO] Validation perplexity: 5620.37
[2024-03-08 16:39:24,595 INFO] Validation accuracy: 26.0329
[2024-03-08 16:39:24,595 INFO] Saving checkpoint tg-dec/tg_02_step_5200.pt
[2024-03-08 16:39:26,849 INFO] Step 5250/10000; acc: 87.7; ppl:   1.5; xent: 0.4; lr: 1.00000; sents:    2366; bsz:  565/ 490/47; 6738/5845 tok/s;    288 sec;
[2024-03-08 16:39:29,035 INFO] Step 5300/10000; acc: 88.1; ppl:   1.5; xent: 0.4; lr: 1.00000; sents:    2367; bsz:  563/ 490/47; 12882/11213 tok/s;    290 sec;
[2024-03-08 16:39:31,245 INFO] Step 5350/10000; acc: 87.6; ppl:   1.5; xent: 0.4; lr: 1.00000; sents:    2250; bsz:  567/ 488/45; 12822/11041 tok/s;    292 sec;
[2024-03-08 16:39:33,427 INFO] Step 5400/10000; acc: 87.7; ppl:   1.5; xent: 0.4; lr: 1.00000; sents:    2367; bsz:  563/ 490/47; 12914/11222 tok/s;    295 sec;
[2024-03-08 16:39:35,345 INFO] valid stats calculation
                           took: 1.9177002906799316 s.
[2024-03-08 16:39:35,345 INFO] Train perplexity: 7.67532
[2024-03-08 16:39:35,345 INFO] Train accuracy: 61.3622
[2024-03-08 16:39:35,345 INFO] Sentences processed: 252353
[2024-03-08 16:39:35,345 INFO] Average bsz:  569/ 494/47
[2024-03-08 16:39:35,345 INFO] Validation perplexity: 6784.96
[2024-03-08 16:39:35,345 INFO] Validation accuracy: 25.712
[2024-03-08 16:39:35,346 INFO] Saving checkpoint tg-dec/tg_02_step_5400.pt
[2024-03-08 16:39:37,620 INFO] Step 5450/10000; acc: 87.5; ppl:   1.5; xent: 0.4; lr: 1.00000; sents:    2365; bsz:  587/ 514/47; 7002/6131 tok/s;    299 sec;
[2024-03-08 16:39:39,820 INFO] Step 5500/10000; acc: 88.1; ppl:   1.5; xent: 0.4; lr: 1.00000; sents:    2372; bsz:  568/ 498/47; 12912/11313 tok/s;    301 sec;
[2024-03-08 16:39:42,093 INFO] Step 5550/10000; acc: 87.4; ppl:   1.6; xent: 0.4; lr: 1.00000; sents:    2274; bsz:  560/ 485/45; 12315/10672 tok/s;    303 sec;
[2024-03-08 16:39:44,313 INFO] Step 5600/10000; acc: 87.8; ppl:   1.5; xent: 0.4; lr: 1.00000; sents:    2375; bsz:  557/ 485/48; 12552/10933 tok/s;    305 sec;
[2024-03-08 16:39:46,233 INFO] valid stats calculation
                           took: 1.9199817180633545 s.
[2024-03-08 16:39:46,233 INFO] Train perplexity: 7.24561
[2024-03-08 16:39:46,233 INFO] Train accuracy: 62.3057
[2024-03-08 16:39:46,233 INFO] Sentences processed: 261739
[2024-03-08 16:39:46,233 INFO] Average bsz:  569/ 494/47
[2024-03-08 16:39:46,233 INFO] Validation perplexity: 6722.34
[2024-03-08 16:39:46,233 INFO] Validation accuracy: 25.7922
[2024-03-08 16:39:46,234 INFO] Saving checkpoint tg-dec/tg_02_step_5600.pt
[2024-03-08 16:39:48,525 INFO] Step 5650/10000; acc: 87.6; ppl:   1.6; xent: 0.4; lr: 1.00000; sents:    2381; bsz:  583/ 507/48; 6917/6016 tok/s;    310 sec;
[2024-03-08 16:39:50,810 INFO] Step 5700/10000; acc: 86.5; ppl:   1.6; xent: 0.5; lr: 1.00000; sents:    2277; bsz:  568/ 492/46; 12424/10764 tok/s;    312 sec;
[2024-03-08 16:39:53,076 INFO] Step 5750/10000; acc: 87.2; ppl:   1.6; xent: 0.4; lr: 1.00000; sents:    2377; bsz:  565/ 491/48; 12472/10847 tok/s;    314 sec;
[2024-03-08 16:39:55,307 INFO] Step 5800/10000; acc: 87.2; ppl:   1.6; xent: 0.5; lr: 1.00000; sents:    2270; bsz:  560/ 484/45; 12554/10846 tok/s;    316 sec;
[2024-03-08 16:39:57,228 INFO] valid stats calculation
                           took: 1.920968770980835 s.
[2024-03-08 16:39:57,228 INFO] Train perplexity: 6.87408
[2024-03-08 16:39:57,229 INFO] Train accuracy: 63.162
[2024-03-08 16:39:57,229 INFO] Sentences processed: 271044
[2024-03-08 16:39:57,229 INFO] Average bsz:  569/ 494/47
[2024-03-08 16:39:57,229 INFO] Validation perplexity: 8118.65
[2024-03-08 16:39:57,229 INFO] Validation accuracy: 25.3109
[2024-03-08 16:39:57,229 INFO] Saving checkpoint tg-dec/tg_02_step_5800.pt
[2024-03-08 16:39:59,492 INFO] Step 5850/10000; acc: 86.9; ppl:   1.6; xent: 0.5; lr: 1.00000; sents:    2366; bsz:  577/ 496/47; 6888/5931 tok/s;    321 sec;
[2024-03-08 16:40:01,713 INFO] Step 5900/10000; acc: 87.0; ppl:   1.6; xent: 0.5; lr: 1.00000; sents:    2366; bsz:  576/ 503/47; 12982/11325 tok/s;    323 sec;
[2024-03-08 16:40:03,899 INFO] Step 5950/10000; acc: 86.6; ppl:   1.6; xent: 0.5; lr: 1.00000; sents:    2264; bsz:  544/ 472/45; 12441/10791 tok/s;    325 sec;
[2024-03-08 16:40:06,125 INFO] Step 6000/10000; acc: 86.9; ppl:   1.6; xent: 0.5; lr: 1.00000; sents:    2368; bsz:  579/ 504/47; 13006/11331 tok/s;    327 sec;
[2024-03-08 16:40:08,045 INFO] valid stats calculation
                           took: 1.9196422100067139 s.
[2024-03-08 16:40:08,045 INFO] Train perplexity: 6.54601
[2024-03-08 16:40:08,045 INFO] Train accuracy: 63.9525
[2024-03-08 16:40:08,045 INFO] Sentences processed: 280408
[2024-03-08 16:40:08,045 INFO] Average bsz:  569/ 494/47
[2024-03-08 16:40:08,045 INFO] Validation perplexity: 9095.63
[2024-03-08 16:40:08,045 INFO] Validation accuracy: 25.0301
[2024-03-08 16:40:08,046 INFO] Saving checkpoint tg-dec/tg_02_step_6000.pt
[2024-03-08 16:40:10,357 INFO] Step 6050/10000; acc: 86.4; ppl:   1.6; xent: 0.5; lr: 1.00000; sents:    2268; bsz:  565/ 489/45; 6674/5777 tok/s;    331 sec;
[2024-03-08 16:40:12,559 INFO] Step 6100/10000; acc: 86.7; ppl:   1.6; xent: 0.5; lr: 1.00000; sents:    2372; bsz:  566/ 491/47; 12848/11157 tok/s;    334 sec;
[2024-03-08 16:40:14,851 INFO] Step 6150/10000; acc: 86.2; ppl:   1.6; xent: 0.5; lr: 1.00000; sents:    2371; bsz:  583/ 503/47; 12723/10964 tok/s;    336 sec;
[2024-03-08 16:40:17,012 INFO] Step 6200/10000; acc: 86.7; ppl:   1.6; xent: 0.5; lr: 1.00000; sents:    2375; bsz:  560/ 485/48; 12946/11226 tok/s;    338 sec;
[2024-03-08 16:40:18,993 INFO] valid stats calculation
                           took: 1.9800164699554443 s.
[2024-03-08 16:40:18,993 INFO] Train perplexity: 6.25925
[2024-03-08 16:40:18,993 INFO] Train accuracy: 64.6767
[2024-03-08 16:40:18,993 INFO] Sentences processed: 289794
[2024-03-08 16:40:18,993 INFO] Average bsz:  569/ 494/47
[2024-03-08 16:40:18,993 INFO] Validation perplexity: 7182.96
[2024-03-08 16:40:18,993 INFO] Validation accuracy: 26.5945
[2024-03-08 16:40:18,994 INFO] Saving checkpoint tg-dec/tg_02_step_6200.pt
[2024-03-08 16:40:21,360 INFO] Step 6250/10000; acc: 85.4; ppl:   1.7; xent: 0.5; lr: 1.00000; sents:    2282; bsz:  586/ 505/46; 6742/5809 tok/s;    342 sec;
[2024-03-08 16:40:23,558 INFO] Step 6300/10000; acc: 85.9; ppl:   1.6; xent: 0.5; lr: 1.00000; sents:    2376; bsz:  563/ 490/48; 12808/11145 tok/s;    345 sec;
[2024-03-08 16:40:25,786 INFO] Step 6350/10000; acc: 85.9; ppl:   1.7; xent: 0.5; lr: 1.00000; sents:    2377; bsz:  580/ 502/48; 13021/11260 tok/s;    347 sec;
[2024-03-08 16:40:28,023 INFO] Step 6400/10000; acc: 85.6; ppl:   1.7; xent: 0.5; lr: 1.00000; sents:    2265; bsz:  542/ 471/45; 12122/10534 tok/s;    349 sec;
[2024-03-08 16:40:29,971 INFO] valid stats calculation
                           took: 1.9477169513702393 s.
[2024-03-08 16:40:29,972 INFO] Train perplexity: 6.0064
[2024-03-08 16:40:29,972 INFO] Train accuracy: 65.3318
[2024-03-08 16:40:29,972 INFO] Sentences processed: 299094
[2024-03-08 16:40:29,972 INFO] Average bsz:  569/ 494/47
[2024-03-08 16:40:29,972 INFO] Validation perplexity: 7152.53
[2024-03-08 16:40:29,972 INFO] Validation accuracy: 24.629
[2024-03-08 16:40:29,973 INFO] Saving checkpoint tg-dec/tg_02_step_6400.pt
[2024-03-08 16:40:32,223 INFO] Step 6450/10000; acc: 85.6; ppl:   1.7; xent: 0.5; lr: 1.00000; sents:    2366; bsz:  579/ 500/47; 6899/5955 tok/s;    353 sec;
[2024-03-08 16:40:34,471 INFO] Step 6500/10000; acc: 85.6; ppl:   1.7; xent: 0.5; lr: 1.00000; sents:    2273; bsz:  565/ 490/45; 12573/10891 tok/s;    356 sec;
[2024-03-08 16:40:36,619 INFO] Step 6550/10000; acc: 85.0; ppl:   1.7; xent: 0.5; lr: 1.00000; sents:    2461; bsz:  590/ 516/49; 13741/12001 tok/s;    358 sec;
[2024-03-08 16:40:38,824 INFO] Step 6600/10000; acc: 85.7; ppl:   1.7; xent: 0.5; lr: 1.00000; sents:    2267; bsz:  558/ 483/45; 12645/10949 tok/s;    360 sec;
[2024-03-08 16:40:40,756 INFO] valid stats calculation
                           took: 1.9313344955444336 s.
[2024-03-08 16:40:40,757 INFO] Train perplexity: 5.77755
[2024-03-08 16:40:40,757 INFO] Train accuracy: 65.9461
[2024-03-08 16:40:40,757 INFO] Sentences processed: 308461
[2024-03-08 16:40:40,757 INFO] Average bsz:  569/ 494/47
[2024-03-08 16:40:40,757 INFO] Validation perplexity: 7680.23
[2024-03-08 16:40:40,757 INFO] Validation accuracy: 25.351
[2024-03-08 16:40:40,757 INFO] Saving checkpoint tg-dec/tg_02_step_6600.pt
[2024-03-08 16:40:43,021 INFO] Step 6650/10000; acc: 84.8; ppl:   1.7; xent: 0.6; lr: 1.00000; sents:    2246; bsz:  546/ 474/45; 6511/5642 tok/s;    364 sec;
[2024-03-08 16:40:45,238 INFO] Step 6700/10000; acc: 84.6; ppl:   1.8; xent: 0.6; lr: 1.00000; sents:    2493; bsz:  606/ 527/50; 13670/11888 tok/s;    366 sec;
[2024-03-08 16:40:47,520 INFO] Step 6750/10000; acc: 84.7; ppl:   1.8; xent: 0.6; lr: 1.00000; sents:    2257; bsz:  553/ 480/45; 12119/10518 tok/s;    369 sec;
[2024-03-08 16:40:49,791 INFO] Step 6800/10000; acc: 84.4; ppl:   1.8; xent: 0.6; lr: 1.00000; sents:    2280; bsz:  562/ 487/46; 12378/10733 tok/s;    371 sec;
[2024-03-08 16:40:51,775 INFO] valid stats calculation
                           took: 1.9830443859100342 s.
[2024-03-08 16:40:51,775 INFO] Train perplexity: 5.57937
[2024-03-08 16:40:51,775 INFO] Train accuracy: 66.4933
[2024-03-08 16:40:51,775 INFO] Sentences processed: 317737
[2024-03-08 16:40:51,775 INFO] Average bsz:  569/ 494/47
[2024-03-08 16:40:51,775 INFO] Validation perplexity: 7423.86
[2024-03-08 16:40:51,775 INFO] Validation accuracy: 25.7521
[2024-03-08 16:40:51,776 INFO] Saving checkpoint tg-dec/tg_02_step_6800.pt
[2024-03-08 16:40:54,017 INFO] Step 6850/10000; acc: 84.2; ppl:   1.8; xent: 0.6; lr: 1.00000; sents:    2488; bsz:  595/ 519/50; 7036/6139 tok/s;    375 sec;
[2024-03-08 16:40:56,277 INFO] Step 6900/10000; acc: 83.2; ppl:   1.8; xent: 0.6; lr: 1.00000; sents:    2268; bsz:  557/ 481/45; 12327/10642 tok/s;    377 sec;
[2024-03-08 16:40:58,503 INFO] Step 6950/10000; acc: 83.7; ppl:   1.8; xent: 0.6; lr: 1.00000; sents:    2372; bsz:  580/ 502/47; 13023/11283 tok/s;    380 sec;
[2024-03-08 16:41:00,717 INFO] Step 7000/10000; acc: 83.7; ppl:   1.8; xent: 0.6; lr: 1.00000; sents:    2366; bsz:  562/ 489/47; 12701/11041 tok/s;    382 sec;
[2024-03-08 16:41:02,653 INFO] valid stats calculation
                           took: 1.936194896697998 s.
[2024-03-08 16:41:02,653 INFO] Train perplexity: 5.40108
[2024-03-08 16:41:02,654 INFO] Train accuracy: 66.99
[2024-03-08 16:41:02,654 INFO] Sentences processed: 327231
[2024-03-08 16:41:02,654 INFO] Average bsz:  569/ 494/47
[2024-03-08 16:41:02,654 INFO] Validation perplexity: 7775.44
[2024-03-08 16:41:02,654 INFO] Validation accuracy: 26.1131
[2024-03-08 16:41:02,654 INFO] Saving checkpoint tg-dec/tg_02_step_7000.pt
[2024-03-08 16:41:04,903 INFO] Step 7050/10000; acc: 83.2; ppl:   1.9; xent: 0.6; lr: 1.00000; sents:    2253; bsz:  552/ 477/45; 6590/5700 tok/s;    386 sec;
[2024-03-08 16:41:07,136 INFO] Step 7100/10000; acc: 82.6; ppl:   1.9; xent: 0.6; lr: 1.00000; sents:    2268; bsz:  567/ 491/45; 12695/10986 tok/s;    388 sec;
[2024-03-08 16:41:09,333 INFO] Step 7150/10000; acc: 83.3; ppl:   1.9; xent: 0.6; lr: 1.00000; sents:    2367; bsz:  568/ 499/47; 12923/11367 tok/s;    390 sec;
[2024-03-08 16:41:11,561 INFO] Step 7200/10000; acc: 82.6; ppl:   1.9; xent: 0.7; lr: 1.00000; sents:    2365; bsz:  587/ 512/47; 13166/11500 tok/s;    393 sec;
[2024-03-08 16:41:13,481 INFO] valid stats calculation
                           took: 1.919621229171753 s.
[2024-03-08 16:41:13,481 INFO] Train perplexity: 5.24566
[2024-03-08 16:41:13,481 INFO] Train accuracy: 67.4333
[2024-03-08 16:41:13,481 INFO] Sentences processed: 336484
[2024-03-08 16:41:13,481 INFO] Average bsz:  569/ 494/47
[2024-03-08 16:41:13,481 INFO] Validation perplexity: 6893.95
[2024-03-08 16:41:13,481 INFO] Validation accuracy: 25.5515
[2024-03-08 16:41:13,482 INFO] Saving checkpoint tg-dec/tg_02_step_7200.pt
[2024-03-08 16:41:15,725 INFO] Step 7250/10000; acc: 83.3; ppl:   1.9; xent: 0.6; lr: 1.00000; sents:    2372; bsz:  563/ 489/47; 6759/5873 tok/s;    397 sec;
[2024-03-08 16:41:17,994 INFO] Step 7300/10000; acc: 82.7; ppl:   1.9; xent: 0.6; lr: 1.00000; sents:    2268; bsz:  554/ 480/45; 12219/10582 tok/s;    399 sec;
[2024-03-08 16:41:20,323 INFO] Step 7350/10000; acc: 82.2; ppl:   2.0; xent: 0.7; lr: 1.00000; sents:    2376; bsz:  579/ 503/48; 12422/10807 tok/s;    401 sec;
[2024-03-08 16:41:22,580 INFO] Step 7400/10000; acc: 82.3; ppl:   1.9; xent: 0.7; lr: 1.00000; sents:    2381; bsz:  566/ 495/48; 12533/10961 tok/s;    404 sec;
[2024-03-08 16:41:24,500 INFO] valid stats calculation
                           took: 1.9197614192962646 s.
[2024-03-08 16:41:24,501 INFO] Train perplexity: 5.10539
[2024-03-08 16:41:24,501 INFO] Train accuracy: 67.8429
[2024-03-08 16:41:24,501 INFO] Sentences processed: 345881
[2024-03-08 16:41:24,501 INFO] Average bsz:  569/ 494/47
[2024-03-08 16:41:24,501 INFO] Validation perplexity: 7634.73
[2024-03-08 16:41:24,501 INFO] Validation accuracy: 25.8724
[2024-03-08 16:41:24,501 INFO] Saving checkpoint tg-dec/tg_02_step_7400.pt
[2024-03-08 16:41:26,798 INFO] Step 7450/10000; acc: 82.0; ppl:   2.0; xent: 0.7; lr: 1.00000; sents:    2279; bsz:  579/ 497/46; 6858/5890 tok/s;    408 sec;
[2024-03-08 16:41:29,028 INFO] Step 7500/10000; acc: 81.8; ppl:   2.0; xent: 0.7; lr: 1.00000; sents:    2375; bsz:  564/ 492/48; 12653/11041 tok/s;    410 sec;
[2024-03-08 16:41:31,256 INFO] Step 7550/10000; acc: 81.4; ppl:   2.0; xent: 0.7; lr: 1.00000; sents:    2271; bsz:  560/ 481/45; 12560/10789 tok/s;    412 sec;
[2024-03-08 16:41:33,467 INFO] Step 7600/10000; acc: 81.6; ppl:   2.0; xent: 0.7; lr: 1.00000; sents:    2366; bsz:  564/ 489/47; 12749/11063 tok/s;    415 sec;
[2024-03-08 16:41:35,390 INFO] valid stats calculation
                           took: 1.921654462814331 s.
[2024-03-08 16:41:35,390 INFO] Train perplexity: 4.98144
[2024-03-08 16:41:35,390 INFO] Train accuracy: 68.205
[2024-03-08 16:41:35,390 INFO] Sentences processed: 355172
[2024-03-08 16:41:35,390 INFO] Average bsz:  569/ 494/47
[2024-03-08 16:41:35,390 INFO] Validation perplexity: 6099.15
[2024-03-08 16:41:35,390 INFO] Validation accuracy: 26.9154
[2024-03-08 16:41:35,391 INFO] Saving checkpoint tg-dec/tg_02_step_7600.pt
[2024-03-08 16:41:37,668 INFO] Step 7650/10000; acc: 82.1; ppl:   2.0; xent: 0.7; lr: 1.00000; sents:    2366; bsz:  577/ 503/47; 6869/5982 tok/s;    419 sec;
[2024-03-08 16:41:39,871 INFO] Step 7700/10000; acc: 81.1; ppl:   2.1; xent: 0.7; lr: 1.00000; sents:    2364; bsz:  584/ 505/47; 13257/11475 tok/s;    421 sec;
[2024-03-08 16:41:42,070 INFO] Step 7750/10000; acc: 81.4; ppl:   2.1; xent: 0.7; lr: 1.00000; sents:    2269; bsz:  544/ 472/45; 12360/10743 tok/s;    423 sec;
[2024-03-08 16:41:44,300 INFO] Step 7800/10000; acc: 80.8; ppl:   2.1; xent: 0.7; lr: 1.00000; sents:    2367; bsz:  586/ 506/47; 13127/11338 tok/s;    425 sec;
[2024-03-08 16:41:46,227 INFO] valid stats calculation
                           took: 1.9265353679656982 s.
[2024-03-08 16:41:46,228 INFO] Train perplexity: 4.86843
[2024-03-08 16:41:46,228 INFO] Train accuracy: 68.5435
[2024-03-08 16:41:46,228 INFO] Sentences processed: 364538
[2024-03-08 16:41:46,228 INFO] Average bsz:  569/ 494/47
[2024-03-08 16:41:46,228 INFO] Validation perplexity: 6541.98
[2024-03-08 16:41:46,228 INFO] Validation accuracy: 25.8323
[2024-03-08 16:41:46,228 INFO] Saving checkpoint tg-dec/tg_02_step_7800.pt
[2024-03-08 16:41:48,479 INFO] Step 7850/10000; acc: 81.1; ppl:   2.0; xent: 0.7; lr: 1.00000; sents:    2372; bsz:  563/ 489/47; 6741/5847 tok/s;    430 sec;
[2024-03-08 16:41:50,775 INFO] Step 7900/10000; acc: 79.5; ppl:   2.2; xent: 0.8; lr: 1.00000; sents:    2271; bsz:  579/ 497/45; 12599/10829 tok/s;    432 sec;
[2024-03-08 16:41:52,959 INFO] Step 7950/10000; acc: 80.5; ppl:   2.1; xent: 0.8; lr: 1.00000; sents:    2375; bsz:  566/ 491/48; 12952/11236 tok/s;    434 sec;
[2024-03-08 16:41:55,137 INFO] Step 8000/10000; acc: 79.8; ppl:   2.2; xent: 0.8; lr: 1.00000; sents:    2382; bsz:  566/ 493/48; 13009/11325 tok/s;    436 sec;
[2024-03-08 16:41:57,098 INFO] valid stats calculation
                           took: 1.961015224456787 s.
[2024-03-08 16:41:57,098 INFO] Train perplexity: 4.76961
[2024-03-08 16:41:57,099 INFO] Train accuracy: 68.8349
[2024-03-08 16:41:57,099 INFO] Sentences processed: 373938
[2024-03-08 16:41:57,099 INFO] Average bsz:  569/ 494/47
[2024-03-08 16:41:57,099 INFO] Validation perplexity: 6941.73
[2024-03-08 16:41:57,099 INFO] Validation accuracy: 26.3939
[2024-03-08 16:41:57,099 INFO] Saving checkpoint tg-dec/tg_02_step_8000.pt
[2024-03-08 16:41:59,349 INFO] Step 8050/10000; acc: 79.9; ppl:   2.2; xent: 0.8; lr: 1.00000; sents:    2376; bsz:  577/ 501/48; 6852/5944 tok/s;    440 sec;
[2024-03-08 16:42:01,588 INFO] Step 8100/10000; acc: 78.9; ppl:   2.3; xent: 0.8; lr: 1.00000; sents:    2274; bsz:  559/ 482/45; 12478/10759 tok/s;    443 sec;
[2024-03-08 16:42:03,815 INFO] Step 8150/10000; acc: 77.9; ppl:   2.4; xent: 0.9; lr: 1.00000; sents:    2368; bsz:  589/ 512/47; 13220/11494 tok/s;    445 sec;
[2024-03-08 16:42:06,017 INFO] Step 8200/10000; acc: 79.5; ppl:   2.2; xent: 0.8; lr: 1.00000; sents:    2270; bsz:  543/ 473/45; 12337/10751 tok/s;    447 sec;
[2024-03-08 16:42:07,940 INFO] valid stats calculation
                           took: 1.9218358993530273 s.
[2024-03-08 16:42:07,940 INFO] Train perplexity: 4.68484
[2024-03-08 16:42:07,940 INFO] Train accuracy: 69.0834
[2024-03-08 16:42:07,940 INFO] Sentences processed: 383226
[2024-03-08 16:42:07,940 INFO] Average bsz:  569/ 494/47
[2024-03-08 16:42:07,940 INFO] Validation perplexity: 7063.56
[2024-03-08 16:42:07,940 INFO] Validation accuracy: 25.9928
[2024-03-08 16:42:07,941 INFO] Saving checkpoint tg-dec/tg_02_step_8200.pt
[2024-03-08 16:42:10,166 INFO] Step 8250/10000; acc: 77.7; ppl:   2.4; xent: 0.9; lr: 1.00000; sents:    2369; bsz:  590/ 511/47; 7105/6164 tok/s;    451 sec;
[2024-03-08 16:42:12,316 INFO] Step 8300/10000; acc: 78.1; ppl:   2.4; xent: 0.9; lr: 1.00000; sents:    2363; bsz:  563/ 489/47; 13101/11384 tok/s;    453 sec;
[2024-03-08 16:42:14,476 INFO] Step 8350/10000; acc: 77.2; ppl:   2.5; xent: 0.9; lr: 1.00000; sents:    2244; bsz:  546/ 473/45; 12641/10941 tok/s;    456 sec;
[2024-03-08 16:42:16,672 INFO] Step 8400/10000; acc: 75.9; ppl:   2.7; xent: 1.0; lr: 1.00000; sents:    2367; bsz:  587/ 510/47; 13359/11602 tok/s;    458 sec;
[2024-03-08 16:42:18,605 INFO] valid stats calculation
                           took: 1.932375431060791 s.
[2024-03-08 16:42:18,605 INFO] Train perplexity: 4.61451
[2024-03-08 16:42:18,605 INFO] Train accuracy: 69.2785
[2024-03-08 16:42:18,605 INFO] Sentences processed: 392569
[2024-03-08 16:42:18,605 INFO] Average bsz:  569/ 494/47
[2024-03-08 16:42:18,605 INFO] Validation perplexity: 5660.32
[2024-03-08 16:42:18,605 INFO] Validation accuracy: 25.9527
[2024-03-08 16:42:18,606 INFO] Saving checkpoint tg-dec/tg_02_step_8400.pt
[2024-03-08 16:42:20,887 INFO] Step 8450/10000; acc: 76.6; ppl:   2.6; xent: 1.0; lr: 1.00000; sents:    2372; bsz:  582/ 504/47; 6902/5982 tok/s;    462 sec;
[2024-03-08 16:42:23,120 INFO] Step 8500/10000; acc: 76.5; ppl:   2.6; xent: 1.0; lr: 1.00000; sents:    2378; bsz:  568/ 494/48; 12708/11063 tok/s;    464 sec;
[2024-03-08 16:42:25,381 INFO] Step 8550/10000; acc: 76.2; ppl:   2.7; xent: 1.0; lr: 1.00000; sents:    2280; bsz:  562/ 488/46; 12438/10783 tok/s;    466 sec;
[2024-03-08 16:42:27,574 INFO] Step 8600/10000; acc: 76.5; ppl:   2.6; xent: 1.0; lr: 1.00000; sents:    2381; bsz:  566/ 494/48; 12916/11259 tok/s;    469 sec;
[2024-03-08 16:42:29,486 INFO] valid stats calculation
                           took: 1.9111824035644531 s.
[2024-03-08 16:42:29,486 INFO] Train perplexity: 4.55439
[2024-03-08 16:42:29,486 INFO] Train accuracy: 69.4456
[2024-03-08 16:42:29,486 INFO] Sentences processed: 401980
[2024-03-08 16:42:29,486 INFO] Average bsz:  569/ 494/47
[2024-03-08 16:42:29,486 INFO] Validation perplexity: 5927.44
[2024-03-08 16:42:29,486 INFO] Validation accuracy: 26.2335
[2024-03-08 16:42:29,487 INFO] Saving checkpoint tg-dec/tg_02_step_8600.pt
[2024-03-08 16:42:31,749 INFO] Step 8650/10000; acc: 76.1; ppl:   2.7; xent: 1.0; lr: 1.00000; sents:    2375; bsz:  579/ 500/48; 6932/5985 tok/s;    473 sec;
[2024-03-08 16:42:33,947 INFO] Step 8700/10000; acc: 74.7; ppl:   2.8; xent: 1.0; lr: 1.00000; sents:    2258; bsz:  552/ 479/45; 12571/10891 tok/s;    475 sec;
[2024-03-08 16:42:36,185 INFO] Step 8750/10000; acc: 74.0; ppl:   3.0; xent: 1.1; lr: 1.00000; sents:    2366; bsz:  586/ 512/47; 13087/11435 tok/s;    477 sec;
[2024-03-08 16:42:38,359 INFO] Step 8800/10000; acc: 75.3; ppl:   2.8; xent: 1.0; lr: 1.00000; sents:    2367; bsz:  568/ 500/47; 13066/11494 tok/s;    479 sec;
[2024-03-08 16:42:40,323 INFO] valid stats calculation
                           took: 1.9633517265319824 s.
[2024-03-08 16:42:40,323 INFO] Train perplexity: 4.50442
[2024-03-08 16:42:40,323 INFO] Train accuracy: 69.5737
[2024-03-08 16:42:40,323 INFO] Sentences processed: 411346
[2024-03-08 16:42:40,323 INFO] Average bsz:  569/ 494/47
[2024-03-08 16:42:40,323 INFO] Validation perplexity: 6002.76
[2024-03-08 16:42:40,323 INFO] Validation accuracy: 26.2335
[2024-03-08 16:42:40,324 INFO] Saving checkpoint tg-dec/tg_02_step_8800.pt
[2024-03-08 16:42:42,583 INFO] Step 8850/10000; acc: 73.7; ppl:   3.0; xent: 1.1; lr: 1.00000; sents:    2268; bsz:  567/ 492/45; 6715/5820 tok/s;    484 sec;
[2024-03-08 16:42:44,766 INFO] Step 8900/10000; acc: 75.1; ppl:   2.8; xent: 1.0; lr: 1.00000; sents:    2367; bsz:  572/ 493/47; 13096/11289 tok/s;    486 sec;
[2024-03-08 16:42:46,918 INFO] Step 8950/10000; acc: 74.4; ppl:   2.8; xent: 1.0; lr: 1.00000; sents:    2365; bsz:  562/ 489/47; 13047/11364 tok/s;    488 sec;
[2024-03-08 16:42:49,206 INFO] Step 9000/10000; acc: 73.9; ppl:   2.9; xent: 1.1; lr: 1.00000; sents:    2269; bsz:  557/ 482/45; 12178/10548 tok/s;    490 sec;
[2024-03-08 16:42:51,106 INFO] valid stats calculation
                           took: 1.9000070095062256 s.
[2024-03-08 16:42:51,107 INFO] Train perplexity: 4.45955
[2024-03-08 16:42:51,107 INFO] Train accuracy: 69.6777
[2024-03-08 16:42:51,107 INFO] Sentences processed: 420615
[2024-03-08 16:42:51,107 INFO] Average bsz:  569/ 494/47
[2024-03-08 16:42:51,107 INFO] Validation perplexity: 5999.5
[2024-03-08 16:42:51,107 INFO] Validation accuracy: 26.1933
[2024-03-08 16:42:51,107 INFO] Saving checkpoint tg-dec/tg_02_step_9000.pt
[2024-03-08 16:42:53,414 INFO] Step 9050/10000; acc: 73.5; ppl:   3.0; xent: 1.1; lr: 1.00000; sents:    2275; bsz:  563/ 486/46; 6687/5777 tok/s;    495 sec;
[2024-03-08 16:42:55,698 INFO] Step 9100/10000; acc: 73.7; ppl:   3.0; xent: 1.1; lr: 1.00000; sents:    2375; bsz:  581/ 506/48; 12717/11070 tok/s;    497 sec;
[2024-03-08 16:42:57,926 INFO] Step 9150/10000; acc: 73.3; ppl:   3.1; xent: 1.1; lr: 1.00000; sents:    2381; bsz:  566/ 495/48; 12703/11107 tok/s;    499 sec;
[2024-03-08 16:43:00,165 INFO] Step 9200/10000; acc: 71.8; ppl:   3.3; xent: 1.2; lr: 1.00000; sents:    2276; bsz:  561/ 485/46; 12535/10828 tok/s;    501 sec;
[2024-03-08 16:43:02,079 INFO] valid stats calculation
                           took: 1.9137852191925049 s.
[2024-03-08 16:43:02,080 INFO] Train perplexity: 4.42448
[2024-03-08 16:43:02,080 INFO] Train accuracy: 69.7518
[2024-03-08 16:43:02,080 INFO] Sentences processed: 429922
[2024-03-08 16:43:02,080 INFO] Average bsz:  569/ 494/47
[2024-03-08 16:43:02,080 INFO] Validation perplexity: 4639.85
[2024-03-08 16:43:02,080 INFO] Validation accuracy: 25.1905
[2024-03-08 16:43:02,080 INFO] Saving checkpoint tg-dec/tg_02_step_9200.pt
[2024-03-08 16:43:04,298 INFO] Step 9250/10000; acc: 71.8; ppl:   3.3; xent: 1.2; lr: 1.00000; sents:    2375; bsz:  579/ 498/48; 7002/6025 tok/s;    505 sec;
[2024-03-08 16:43:06,494 INFO] Step 9300/10000; acc: 70.9; ppl:   3.5; xent: 1.2; lr: 1.00000; sents:    2371; bsz:  565/ 491/47; 12869/11179 tok/s;    508 sec;
[2024-03-08 16:43:08,744 INFO] Step 9350/10000; acc: 69.2; ppl:   4.0; xent: 1.4; lr: 1.00000; sents:    2268; bsz:  562/ 488/45; 12501/10849 tok/s;    510 sec;
[2024-03-08 16:43:10,926 INFO] Step 9400/10000; acc: 69.1; ppl:   3.9; xent: 1.4; lr: 1.00000; sents:    2366; bsz:  584/ 506/47; 13382/11595 tok/s;    512 sec;
[2024-03-08 16:43:12,891 INFO] valid stats calculation
                           took: 1.963902235031128 s.
[2024-03-08 16:43:12,891 INFO] Train perplexity: 4.40679
[2024-03-08 16:43:12,891 INFO] Train accuracy: 69.7623
[2024-03-08 16:43:12,891 INFO] Sentences processed: 439302
[2024-03-08 16:43:12,891 INFO] Average bsz:  569/ 494/47
[2024-03-08 16:43:12,891 INFO] Validation perplexity: 6719.9
[2024-03-08 16:43:12,891 INFO] Validation accuracy: 26.2335
[2024-03-08 16:43:12,892 INFO] Saving checkpoint tg-dec/tg_02_step_9400.pt
[2024-03-08 16:43:15,069 INFO] Step 9450/10000; acc: 70.8; ppl:   3.6; xent: 1.3; lr: 1.00000; sents:    2362; bsz:  564/ 490/47; 6808/5910 tok/s;    516 sec;
[2024-03-08 16:43:17,274 INFO] Step 9500/10000; acc: 69.1; ppl:   4.0; xent: 1.4; lr: 1.00000; sents:    2267; bsz:  561/ 484/45; 12715/10967 tok/s;    518 sec;
[2024-03-08 16:43:19,425 INFO] Step 9550/10000; acc: 69.2; ppl:   3.9; xent: 1.4; lr: 1.00000; sents:    2369; bsz:  564/ 489/47; 13114/11363 tok/s;    521 sec;
[2024-03-08 16:43:21,638 INFO] Step 9600/10000; acc: 68.6; ppl:   4.0; xent: 1.4; lr: 1.00000; sents:    2372; bsz:  581/ 501/47; 13120/11329 tok/s;    523 sec;
[2024-03-08 16:43:23,558 INFO] valid stats calculation
                           took: 1.919499158859253 s.
[2024-03-08 16:43:23,558 INFO] Train perplexity: 4.39478
[2024-03-08 16:43:23,558 INFO] Train accuracy: 69.7548
[2024-03-08 16:43:23,558 INFO] Sentences processed: 448672
[2024-03-08 16:43:23,558 INFO] Average bsz:  569/ 494/47
[2024-03-08 16:43:23,558 INFO] Validation perplexity: 4446.05
[2024-03-08 16:43:23,558 INFO] Validation accuracy: 26.3939
[2024-03-08 16:43:23,559 INFO] Saving checkpoint tg-dec/tg_02_step_9600.pt
[2024-03-08 16:43:25,852 INFO] Step 9650/10000; acc: 68.0; ppl:   4.1; xent: 1.4; lr: 1.00000; sents:    2371; bsz:  582/ 504/47; 6911/5980 tok/s;    527 sec;
[2024-03-08 16:43:28,069 INFO] Step 9700/10000; acc: 68.0; ppl:   4.2; xent: 1.4; lr: 1.00000; sents:    2273; bsz:  542/ 474/45; 12235/10694 tok/s;    529 sec;
[2024-03-08 16:43:30,269 INFO] Step 9750/10000; acc: 66.9; ppl:   4.5; xent: 1.5; lr: 1.00000; sents:    2382; bsz:  582/ 503/48; 13220/11444 tok/s;    531 sec;
[2024-03-08 16:43:32,479 INFO] Step 9800/10000; acc: 67.1; ppl:   4.4; xent: 1.5; lr: 1.00000; sents:    2376; bsz:  569/ 495/48; 12864/11205 tok/s;    534 sec;
[2024-03-08 16:43:34,409 INFO] valid stats calculation
                           took: 1.929962158203125 s.
[2024-03-08 16:43:34,409 INFO] Train perplexity: 4.3931
[2024-03-08 16:43:34,409 INFO] Train accuracy: 69.7089
[2024-03-08 16:43:34,409 INFO] Sentences processed: 458074
[2024-03-08 16:43:34,409 INFO] Average bsz:  569/ 494/47
[2024-03-08 16:43:34,410 INFO] Validation perplexity: 5213.03
[2024-03-08 16:43:34,410 INFO] Validation accuracy: 25.8724
[2024-03-08 16:43:34,410 INFO] Saving checkpoint tg-dec/tg_02_step_9800.pt
[2024-03-08 16:43:36,743 INFO] Step 9850/10000; acc: 63.2; ppl:   5.5; xent: 1.7; lr: 1.00000; sents:    2280; bsz:  584/ 503/46; 6853/5904 tok/s;    538 sec;
[2024-03-08 16:43:38,958 INFO] Step 9900/10000; acc: 65.6; ppl:   4.8; xent: 1.6; lr: 1.00000; sents:    2368; bsz:  569/ 498/47; 12845/11247 tok/s;    540 sec;
[2024-03-08 16:43:41,130 INFO] Step 9950/10000; acc: 64.3; ppl:   5.3; xent: 1.7; lr: 1.00000; sents:    2246; bsz:  549/ 475/45; 12645/10935 tok/s;    542 sec;
[2024-03-08 16:43:43,348 INFO] Step 10000/10000; acc: 62.0; ppl:   6.0; xent: 1.8; lr: 1.00000; sents:    2489; bsz:  603/ 524/50; 13599/11811 tok/s;    544 sec;
[2024-03-08 16:43:45,267 INFO] valid stats calculation
                           took: 1.9185271263122559 s.
[2024-03-08 16:43:45,267 INFO] Train perplexity: 4.41152
[2024-03-08 16:43:45,267 INFO] Train accuracy: 69.5883
[2024-03-08 16:43:45,267 INFO] Sentences processed: 467457
[2024-03-08 16:43:45,267 INFO] Average bsz:  569/ 494/47
[2024-03-08 16:43:45,267 INFO] Validation perplexity: 4330.03
[2024-03-08 16:43:45,267 INFO] Validation accuracy: 26.1131
[2024-03-08 16:43:45,268 INFO] Saving checkpoint tg-dec/tg_02_step_10000.pt
