[2024-03-11 13:49:06,863 WARNING] Corpus corpus_1's weight should be given. We default it to 1 for you.
[2024-03-11 13:49:06,863 INFO] Parsed 2 corpora from -data.
[2024-03-11 13:49:06,863 INFO] Loading checkpoint from tg-pretrain/models/tg-pretrain_01_step_1200.pt
[2024-03-11 13:49:06,938 INFO] Building model...
[2024-03-11 13:49:06,998 INFO] Switching model to float32 for amp/apex_amp
[2024-03-11 13:49:06,998 INFO] Non quantized layer compute is fp32
[2024-03-11 13:49:09,447 INFO] NMTModel(
  (encoder): RNNEncoder(
    (embeddings): Embeddings(
      (make_embedding): Sequential(
        (emb_luts): Elementwise(
          (0): Embedding(17816, 500, padding_idx=1)
        )
      )
      (dropout): Dropout(p=0.3, inplace=False)
    )
    (rnn): LSTM(500, 500, num_layers=2, batch_first=True, dropout=0.3)
  )
  (decoder): InputFeedRNNDecoder(
    (embeddings): Embeddings(
      (make_embedding): Sequential(
        (emb_luts): Elementwise(
          (0): Embedding(14144, 500, padding_idx=1)
        )
      )
      (dropout): Dropout(p=0.3, inplace=False)
    )
    (dropout): Dropout(p=0.3, inplace=False)
    (rnn): StackedLSTM(
      (dropout): Dropout(p=0.3, inplace=False)
      (layers): ModuleList(
        (0): LSTMCell(1000, 500)
        (1): LSTMCell(500, 500)
      )
    )
    (attn): GlobalAttention(
      (linear_in): Linear(in_features=500, out_features=500, bias=False)
      (linear_out): Linear(in_features=1000, out_features=500, bias=False)
    )
  )
  (generator): Linear(in_features=500, out_features=14144, bias=True)
)
[2024-03-11 13:49:09,447 INFO] encoder: 12916000
[2024-03-11 13:49:09,448 INFO] decoder: 19916144
[2024-03-11 13:49:09,448 INFO] * number of parameters: 32832144
[2024-03-11 13:49:09,448 INFO] Trainable parameters = {'torch.float32': 32832144, 'torch.float16': 0, 'torch.uint8': 0, 'torch.int8': 0}
[2024-03-11 13:49:09,449 INFO] Non trainable parameters = {'torch.float32': 0, 'torch.float16': 0, 'torch.uint8': 0, 'torch.int8': 0}
[2024-03-11 13:49:09,449 INFO]  * src vocab size = 17816
[2024-03-11 13:49:09,449 INFO]  * tgt vocab size = 14144
[2024-03-11 13:49:09,450 INFO] Starting training on GPU: [0]
[2024-03-11 13:49:09,450 INFO] Start training loop and validate every 200 steps...
[2024-03-11 13:49:09,450 INFO] Scoring with: TransformPipe(InferFeatsTransform())
[2024-03-11 13:49:16,757 INFO] Step 1250/ 6200; acc: 13.5; ppl: 4132.2; xent: 8.3; lr: 1.00000; sents:    2366; bsz:  591/ 513/47; 4041/3510 tok/s;      7 sec;
[2024-03-11 13:49:19,747 INFO] Step 1300/ 6200; acc: 16.2; ppl: 597.0; xent: 6.4; lr: 1.00000; sents:    2273; bsz:  565/ 489/45; 9447/8184 tok/s;     10 sec;
[2024-03-11 13:49:22,383 INFO] Step 1350/ 6200; acc: 19.6; ppl: 316.9; xent: 5.8; lr: 1.00000; sents:    2363; bsz:  564/ 491/47; 10693/9324 tok/s;     13 sec;
[2024-03-11 13:49:25,960 INFO] Step 1400/ 6200; acc: 23.9; ppl: 168.3; xent: 5.1; lr: 1.00000; sents:    2365; bsz:  563/ 489/47; 7865/6832 tok/s;     17 sec;
[2024-03-11 13:49:29,437 INFO] valid stats calculation
                           took: 3.4769246578216553 s.
[2024-03-11 13:49:29,438 INFO] Train perplexity: 616.092
[2024-03-11 13:49:29,438 INFO] Train accuracy: 18.2612
[2024-03-11 13:49:29,438 INFO] Sentences processed: 9367
[2024-03-11 13:49:29,438 INFO] Average bsz:  570/ 496/47
[2024-03-11 13:49:29,438 INFO] Validation perplexity: 353.869
[2024-03-11 13:49:29,438 INFO] Validation accuracy: 20.9386
[2024-03-11 13:49:29,439 INFO] Saving checkpoint tg-finetune/tg-finetune_1200_02_step_1400.pt
[2024-03-11 13:49:33,329 INFO] Step 1450/ 6200; acc: 27.5; ppl: 111.5; xent: 4.7; lr: 1.00000; sents:    2246; bsz:  547/ 473/45; 3709/3212 tok/s;     24 sec;
[2024-03-11 13:49:36,537 INFO] Step 1500/ 6200; acc: 29.2; ppl:  82.1; xent: 4.4; lr: 1.00000; sents:    2372; bsz:  589/ 511/47; 9184/7963 tok/s;     27 sec;
[2024-03-11 13:49:39,123 INFO] Step 1550/ 6200; acc: 33.0; ppl:  52.7; xent: 4.0; lr: 1.00000; sents:    2275; bsz:  561/ 487/46; 10851/9413 tok/s;     30 sec;
[2024-03-11 13:49:42,911 INFO] Step 1600/ 6200; acc: 36.5; ppl:  36.6; xent: 3.6; lr: 1.00000; sents:    2487; bsz:  594/ 518/50; 7837/6834 tok/s;     33 sec;
[2024-03-11 13:49:46,382 INFO] valid stats calculation
                           took: 3.470609188079834 s.
[2024-03-11 13:49:46,382 INFO] Train perplexity: 198.562
[2024-03-11 13:49:46,382 INFO] Train accuracy: 24.9613
[2024-03-11 13:49:46,382 INFO] Sentences processed: 18747
[2024-03-11 13:49:46,383 INFO] Average bsz:  572/ 496/47
[2024-03-11 13:49:46,383 INFO] Validation perplexity: 299.852
[2024-03-11 13:49:46,383 INFO] Validation accuracy: 26.5142
[2024-03-11 13:49:46,384 INFO] Saving checkpoint tg-finetune/tg-finetune_1200_02_step_1600.pt
[2024-03-11 13:49:50,304 INFO] Step 1650/ 6200; acc: 39.0; ppl:  28.5; xent: 3.3; lr: 1.00000; sents:    2277; bsz:  561/ 487/46; 3796/3293 tok/s;     41 sec;
[2024-03-11 13:49:53,683 INFO] Step 1700/ 6200; acc: 41.2; ppl:  22.7; xent: 3.1; lr: 1.00000; sents:    2375; bsz:  579/ 500/48; 8572/7402 tok/s;     44 sec;
[2024-03-11 13:49:56,159 INFO] Step 1750/ 6200; acc: 44.3; ppl:  17.1; xent: 2.8; lr: 1.00000; sents:    2258; bsz:  537/ 467/45; 10846/9441 tok/s;     47 sec;
[2024-03-11 13:49:59,780 INFO] Step 1800/ 6200; acc: 46.4; ppl:  14.3; xent: 2.7; lr: 1.00000; sents:    2366; bsz:  578/ 500/47; 7981/6911 tok/s;     50 sec;
[2024-03-11 13:50:03,265 INFO] valid stats calculation
                           took: 3.48445200920105 s.
[2024-03-11 13:50:03,265 INFO] Train perplexity: 93.0221
[2024-03-11 13:50:03,265 INFO] Train accuracy: 30.8205
[2024-03-11 13:50:03,265 INFO] Sentences processed: 28023
[2024-03-11 13:50:03,265 INFO] Average bsz:  569/ 494/47
[2024-03-11 13:50:03,265 INFO] Validation perplexity: 380.369
[2024-03-11 13:50:03,265 INFO] Validation accuracy: 24.9097
[2024-03-11 13:50:03,266 INFO] Saving checkpoint tg-finetune/tg-finetune_1200_02_step_1800.pt
[2024-03-11 13:50:07,119 INFO] Step 1850/ 6200; acc: 47.5; ppl:  12.6; xent: 2.5; lr: 1.00000; sents:    2367; bsz:  587/ 513/47; 4000/3492 tok/s;     58 sec;
[2024-03-11 13:50:10,642 INFO] Step 1900/ 6200; acc: 50.8; ppl:  10.1; xent: 2.3; lr: 1.00000; sents:    2364; bsz:  568/ 500/47; 8056/7097 tok/s;     61 sec;
[2024-03-11 13:50:13,249 INFO] Step 1950/ 6200; acc: 52.4; ppl:   8.9; xent: 2.2; lr: 1.00000; sents:    2271; bsz:  567/ 490/45; 10872/9395 tok/s;     64 sec;
[2024-03-11 13:50:16,580 INFO] Step 2000/ 6200; acc: 55.4; ppl:   7.4; xent: 2.0; lr: 1.00000; sents:    2261; bsz:  554/ 479/45; 8318/7184 tok/s;     67 sec;
[2024-03-11 13:50:20,107 INFO] valid stats calculation
                           took: 3.526214599609375 s.
[2024-03-11 13:50:20,107 INFO] Train perplexity: 52.7108
[2024-03-11 13:50:20,107 INFO] Train accuracy: 35.9894
[2024-03-11 13:50:20,107 INFO] Sentences processed: 37286
[2024-03-11 13:50:20,107 INFO] Average bsz:  569/ 494/47
[2024-03-11 13:50:20,107 INFO] Validation perplexity: 375.918
[2024-03-11 13:50:20,107 INFO] Validation accuracy: 28.1187
[2024-03-11 13:50:20,108 INFO] Saving checkpoint tg-finetune/tg-finetune_1200_02_step_2000.pt
[2024-03-11 13:50:24,005 INFO] Step 2050/ 6200; acc: 57.9; ppl:   6.4; xent: 1.9; lr: 1.00000; sents:    2373; bsz:  563/ 490/47; 3794/3298 tok/s;     75 sec;
[2024-03-11 13:50:27,743 INFO] Step 2100/ 6200; acc: 59.2; ppl:   5.7; xent: 1.7; lr: 1.00000; sents:    2371; bsz:  576/ 500/47; 7698/6693 tok/s;     78 sec;
[2024-03-11 13:50:30,250 INFO] Step 2150/ 6200; acc: 60.9; ppl:   5.1; xent: 1.6; lr: 1.00000; sents:    2279; bsz:  563/ 487/46; 11224/9704 tok/s;     81 sec;
[2024-03-11 13:50:33,610 INFO] Step 2200/ 6200; acc: 62.9; ppl:   4.6; xent: 1.5; lr: 1.00000; sents:    2381; bsz:  582/ 506/48; 8662/7534 tok/s;     84 sec;
[2024-03-11 13:50:37,078 INFO] valid stats calculation
                           took: 3.4673473834991455 s.
[2024-03-11 13:50:37,078 INFO] Train perplexity: 33.4108
[2024-03-11 13:50:37,078 INFO] Train accuracy: 40.8569
[2024-03-11 13:50:37,078 INFO] Sentences processed: 46690
[2024-03-11 13:50:37,078 INFO] Average bsz:  569/ 494/47
[2024-03-11 13:50:37,078 INFO] Validation perplexity: 567.457
[2024-03-11 13:50:37,078 INFO] Validation accuracy: 30.6859
[2024-03-11 13:50:37,080 INFO] Saving checkpoint tg-finetune/tg-finetune_1200_02_step_2200.pt
[2024-03-11 13:50:41,081 INFO] Step 2250/ 6200; acc: 65.1; ppl:   4.1; xent: 1.4; lr: 1.00000; sents:    2376; bsz:  564/ 493/48; 3777/3300 tok/s;     92 sec;
[2024-03-11 13:50:44,789 INFO] Step 2300/ 6200; acc: 66.1; ppl:   3.9; xent: 1.4; lr: 1.00000; sents:    2275; bsz:  561/ 484/46; 7569/6531 tok/s;     95 sec;
[2024-03-11 13:50:47,221 INFO] Step 2350/ 6200; acc: 69.1; ppl:   3.4; xent: 1.2; lr: 1.00000; sents:    2471; bsz:  582/ 504/49; 11976/10365 tok/s;     98 sec;
[2024-03-11 13:50:50,436 INFO] Step 2400/ 6200; acc: 69.7; ppl:   3.2; xent: 1.2; lr: 1.00000; sents:    2266; bsz:  559/ 484/45; 8694/7536 tok/s;    101 sec;
[2024-03-11 13:50:53,966 INFO] valid stats calculation
                           took: 3.529642105102539 s.
[2024-03-11 13:50:53,967 INFO] Train perplexity: 23.0881
[2024-03-11 13:50:53,967 INFO] Train accuracy: 45.2786
[2024-03-11 13:50:53,967 INFO] Sentences processed: 56078
[2024-03-11 13:50:53,967 INFO] Average bsz:  569/ 494/47
[2024-03-11 13:50:53,967 INFO] Validation perplexity: 642.673
[2024-03-11 13:50:53,967 INFO] Validation accuracy: 28.7204
[2024-03-11 13:50:53,968 INFO] Saving checkpoint tg-finetune/tg-finetune_1200_02_step_2400.pt
[2024-03-11 13:50:57,801 INFO] Step 2450/ 6200; acc: 71.2; ppl:   3.0; xent: 1.1; lr: 1.00000; sents:    2268; bsz:  563/ 488/45; 3819/3312 tok/s;    108 sec;
[2024-03-11 13:51:01,445 INFO] Step 2500/ 6200; acc: 73.0; ppl:   2.8; xent: 1.0; lr: 1.00000; sents:    2362; bsz:  563/ 489/47; 7729/6715 tok/s;    112 sec;
[2024-03-11 13:51:04,201 INFO] Step 2550/ 6200; acc: 73.7; ppl:   2.7; xent: 1.0; lr: 1.00000; sents:    2369; bsz:  586/ 507/47; 10635/9196 tok/s;    115 sec;
[2024-03-11 13:51:07,073 INFO] Step 2600/ 6200; acc: 75.1; ppl:   2.5; xent: 0.9; lr: 1.00000; sents:    2267; bsz:  561/ 483/45; 9771/8416 tok/s;    118 sec;
[2024-03-11 13:51:10,546 INFO] valid stats calculation
                           took: 3.4727559089660645 s.
[2024-03-11 13:51:10,547 INFO] Train perplexity: 17.0414
[2024-03-11 13:51:10,547 INFO] Train accuracy: 49.2591
[2024-03-11 13:51:10,547 INFO] Sentences processed: 65344
[2024-03-11 13:51:10,547 INFO] Average bsz:  569/ 494/47
[2024-03-11 13:51:10,547 INFO] Validation perplexity: 933.541
[2024-03-11 13:51:10,547 INFO] Validation accuracy: 28.199
[2024-03-11 13:51:10,548 INFO] Saving checkpoint tg-finetune/tg-finetune_1200_02_step_2600.pt
[2024-03-11 13:51:14,321 INFO] Step 2650/ 6200; acc: 76.8; ppl:   2.4; xent: 0.9; lr: 1.00000; sents:    2472; bsz:  583/ 506/49; 4019/3490 tok/s;    125 sec;
[2024-03-11 13:51:18,182 INFO] Step 2700/ 6200; acc: 77.4; ppl:   2.3; xent: 0.8; lr: 1.00000; sents:    2271; bsz:  562/ 485/45; 7276/6279 tok/s;    129 sec;
[2024-03-11 13:51:21,072 INFO] Step 2750/ 6200; acc: 78.7; ppl:   2.2; xent: 0.8; lr: 1.00000; sents:    2273; bsz:  560/ 486/45; 9687/8412 tok/s;    132 sec;
[2024-03-11 13:51:23,839 INFO] Step 2800/ 6200; acc: 79.9; ppl:   2.1; xent: 0.7; lr: 1.00000; sents:    2382; bsz:  566/ 493/48; 10231/8909 tok/s;    134 sec;
[2024-03-11 13:51:27,330 INFO] valid stats calculation
                           took: 3.4908158779144287 s.
[2024-03-11 13:51:27,331 INFO] Train perplexity: 13.2182
[2024-03-11 13:51:27,331 INFO] Train accuracy: 52.8682
[2024-03-11 13:51:27,331 INFO] Sentences processed: 74742
[2024-03-11 13:51:27,331 INFO] Average bsz:  569/ 494/47
[2024-03-11 13:51:27,331 INFO] Validation perplexity: 1608.62
[2024-03-11 13:51:27,331 INFO] Validation accuracy: 29.9238
[2024-03-11 13:51:27,332 INFO] Saving checkpoint tg-finetune/tg-finetune_1200_02_step_2800.pt
[2024-03-11 13:51:31,192 INFO] Step 2850/ 6200; acc: 80.4; ppl:   2.0; xent: 0.7; lr: 1.00000; sents:    2376; bsz:  580/ 501/48; 3942/3406 tok/s;    142 sec;
[2024-03-11 13:51:34,919 INFO] Step 2900/ 6200; acc: 81.6; ppl:   1.9; xent: 0.7; lr: 1.00000; sents:    2376; bsz:  568/ 496/48; 7627/6655 tok/s;    145 sec;
[2024-03-11 13:51:38,158 INFO] Step 2950/ 6200; acc: 81.8; ppl:   1.9; xent: 0.6; lr: 1.00000; sents:    2272; bsz:  584/ 503/45; 9009/7763 tok/s;    149 sec;
[2024-03-11 13:51:40,750 INFO] Step 3000/ 6200; acc: 83.0; ppl:   1.8; xent: 0.6; lr: 1.00000; sents:    2366; bsz:  569/ 497/47; 10970/9581 tok/s;    151 sec;
[2024-03-11 13:51:44,228 INFO] valid stats calculation
                           took: 3.4767816066741943 s.
[2024-03-11 13:51:44,228 INFO] Train perplexity: 10.6413
[2024-03-11 13:51:44,228 INFO] Train accuracy: 56.1039
[2024-03-11 13:51:44,228 INFO] Sentences processed: 84132
[2024-03-11 13:51:44,228 INFO] Average bsz:  569/ 494/47
[2024-03-11 13:51:44,228 INFO] Validation perplexity: 1674.32
[2024-03-11 13:51:44,228 INFO] Validation accuracy: 28.3193
[2024-03-11 13:51:44,230 INFO] Saving checkpoint tg-finetune/tg-finetune_1200_02_step_3000.pt
[2024-03-11 13:51:47,996 INFO] Step 3050/ 6200; acc: 83.5; ppl:   1.8; xent: 0.6; lr: 1.00000; sents:    2248; bsz:  550/ 476/45; 3795/3283 tok/s;    159 sec;
[2024-03-11 13:51:51,652 INFO] Step 3100/ 6200; acc: 84.6; ppl:   1.7; xent: 0.5; lr: 1.00000; sents:    2363; bsz:  564/ 490/47; 7709/6699 tok/s;    162 sec;
[2024-03-11 13:51:54,978 INFO] Step 3150/ 6200; acc: 84.3; ppl:   1.7; xent: 0.6; lr: 1.00000; sents:    2365; bsz:  585/ 508/47; 8800/7635 tok/s;    166 sec;
[2024-03-11 13:51:57,388 INFO] Step 3200/ 6200; acc: 86.1; ppl:   1.6; xent: 0.5; lr: 1.00000; sents:    2367; bsz:  561/ 488/47; 11635/10119 tok/s;    168 sec;
[2024-03-11 13:52:00,893 INFO] valid stats calculation
                           took: 3.504194498062134 s.
[2024-03-11 13:52:00,893 INFO] Train perplexity: 8.88246
[2024-03-11 13:52:00,893 INFO] Train accuracy: 58.9359
[2024-03-11 13:52:00,893 INFO] Sentences processed: 93475
[2024-03-11 13:52:00,893 INFO] Average bsz:  569/ 494/47
[2024-03-11 13:52:00,893 INFO] Validation perplexity: 2674.97
[2024-03-11 13:52:00,894 INFO] Validation accuracy: 28.2391
[2024-03-11 13:52:00,895 INFO] Saving checkpoint tg-finetune/tg-finetune_1200_02_step_3200.pt
[2024-03-11 13:52:04,862 INFO] Step 3250/ 6200; acc: 86.2; ppl:   1.6; xent: 0.5; lr: 1.00000; sents:    2268; bsz:  558/ 482/45; 3731/3225 tok/s;    175 sec;
[2024-03-11 13:52:08,724 INFO] Step 3300/ 6200; acc: 86.0; ppl:   1.6; xent: 0.5; lr: 1.00000; sents:    2379; bsz:  587/ 510/48; 7594/6604 tok/s;    179 sec;
[2024-03-11 13:52:12,195 INFO] Step 3350/ 6200; acc: 87.1; ppl:   1.6; xent: 0.5; lr: 1.00000; sents:    2383; bsz:  567/ 495/48; 8176/7130 tok/s;    183 sec;
[2024-03-11 13:52:14,690 INFO] Step 3400/ 6200; acc: 86.9; ppl:   1.6; xent: 0.5; lr: 1.00000; sents:    2267; bsz:  555/ 481/45; 11117/9629 tok/s;    185 sec;
[2024-03-11 13:52:18,200 INFO] valid stats calculation
                           took: 3.5087780952453613 s.
[2024-03-11 13:52:18,200 INFO] Train perplexity: 7.60626
[2024-03-11 13:52:18,200 INFO] Train accuracy: 61.4374
[2024-03-11 13:52:18,200 INFO] Sentences processed: 102772
[2024-03-11 13:52:18,200 INFO] Average bsz:  569/ 494/47
[2024-03-11 13:52:18,200 INFO] Validation perplexity: 2640.06
[2024-03-11 13:52:18,200 INFO] Validation accuracy: 28.56
[2024-03-11 13:52:18,202 INFO] Saving checkpoint tg-finetune/tg-finetune_1200_02_step_3400.pt
[2024-03-11 13:52:22,012 INFO] Step 3450/ 6200; acc: 88.2; ppl:   1.5; xent: 0.4; lr: 1.00000; sents:    2375; bsz:  579/ 500/48; 3951/3414 tok/s;    193 sec;
[2024-03-11 13:52:25,840 INFO] Step 3500/ 6200; acc: 87.5; ppl:   1.5; xent: 0.4; lr: 1.00000; sents:    2372; bsz:  586/ 513/47; 7657/6703 tok/s;    196 sec;
[2024-03-11 13:52:29,584 INFO] Step 3550/ 6200; acc: 88.1; ppl:   1.5; xent: 0.4; lr: 1.00000; sents:    2270; bsz:  567/ 491/45; 7577/6555 tok/s;    200 sec;
[2024-03-11 13:52:32,017 INFO] Step 3600/ 6200; acc: 88.6; ppl:   1.5; xent: 0.4; lr: 1.00000; sents:    2367; bsz:  568/ 500/47; 11677/10272 tok/s;    203 sec;
[2024-03-11 13:52:35,549 INFO] valid stats calculation
                           took: 3.53094482421875 s.
[2024-03-11 13:52:35,549 INFO] Train perplexity: 6.63744
[2024-03-11 13:52:35,549 INFO] Train accuracy: 63.6878
[2024-03-11 13:52:35,549 INFO] Sentences processed: 112156
[2024-03-11 13:52:35,549 INFO] Average bsz:  569/ 494/47
[2024-03-11 13:52:35,549 INFO] Validation perplexity: 3689.84
[2024-03-11 13:52:35,549 INFO] Validation accuracy: 27.4769
[2024-03-11 13:52:35,550 INFO] Saving checkpoint tg-finetune/tg-finetune_1200_02_step_3600.pt
[2024-03-11 13:52:39,449 INFO] Step 3650/ 6200; acc: 89.0; ppl:   1.5; xent: 0.4; lr: 1.00000; sents:    2260; bsz:  555/ 480/45; 3737/3233 tok/s;    210 sec;
[2024-03-11 13:52:43,074 INFO] Step 3700/ 6200; acc: 89.6; ppl:   1.4; xent: 0.4; lr: 1.00000; sents:    2471; bsz:  577/ 500/49; 7957/6895 tok/s;    214 sec;
[2024-03-11 13:52:46,759 INFO] Step 3750/ 6200; acc: 89.3; ppl:   1.4; xent: 0.4; lr: 1.00000; sents:    2261; bsz:  556/ 481/45; 7538/6530 tok/s;    217 sec;
[2024-03-11 13:52:49,519 INFO] Step 3800/ 6200; acc: 90.0; ppl:   1.4; xent: 0.4; lr: 1.00000; sents:    2276; bsz:  563/ 487/46; 10198/8815 tok/s;    220 sec;
[2024-03-11 13:52:53,123 INFO] valid stats calculation
                           took: 3.6034629344940186 s.
[2024-03-11 13:52:53,124 INFO] Train perplexity: 5.91193
[2024-03-11 13:52:53,124 INFO] Train accuracy: 65.6447
[2024-03-11 13:52:53,124 INFO] Sentences processed: 121424
[2024-03-11 13:52:53,124 INFO] Average bsz:  569/ 494/47
[2024-03-11 13:52:53,124 INFO] Validation perplexity: 4515.98
[2024-03-11 13:52:53,124 INFO] Validation accuracy: 29.1215
[2024-03-11 13:52:53,125 INFO] Saving checkpoint tg-finetune/tg-finetune_1200_02_step_3800.pt
[2024-03-11 13:52:57,177 INFO] Step 3850/ 6200; acc: 90.0; ppl:   1.4; xent: 0.4; lr: 1.00000; sents:    2468; bsz:  584/ 514/49; 3812/3360 tok/s;    228 sec;
[2024-03-11 13:53:01,003 INFO] Step 3900/ 6200; acc: 90.4; ppl:   1.4; xent: 0.3; lr: 1.00000; sents:    2279; bsz:  562/ 486/46; 7351/6349 tok/s;    232 sec;
[2024-03-11 13:53:04,662 INFO] Step 3950/ 6200; acc: 90.6; ppl:   1.4; xent: 0.3; lr: 1.00000; sents:    2281; bsz:  563/ 486/46; 7688/6642 tok/s;    235 sec;
[2024-03-11 13:53:07,335 INFO] Step 4000/ 6200; acc: 90.6; ppl:   1.4; xent: 0.3; lr: 1.00000; sents:    2476; bsz:  582/ 503/50; 10881/9417 tok/s;    238 sec;
[2024-03-11 13:53:10,900 INFO] valid stats calculation
                           took: 3.5649218559265137 s.
[2024-03-11 13:53:10,901 INFO] Train perplexity: 5.33308
[2024-03-11 13:53:10,901 INFO] Train accuracy: 67.4244
[2024-03-11 13:53:10,901 INFO] Sentences processed: 130928
[2024-03-11 13:53:10,901 INFO] Average bsz:  569/ 494/47
[2024-03-11 13:53:10,901 INFO] Validation perplexity: 3230.26
[2024-03-11 13:53:10,901 INFO] Validation accuracy: 29.2018
[2024-03-11 13:53:10,902 INFO] Saving checkpoint tg-finetune/tg-finetune_1200_02_step_4000.pt
[2024-03-11 13:53:14,825 INFO] Step 4050/ 6200; acc: 91.1; ppl:   1.4; xent: 0.3; lr: 1.00000; sents:    2275; bsz:  562/ 485/46; 3753/3240 tok/s;    245 sec;
[2024-03-11 13:53:18,613 INFO] Step 4100/ 6200; acc: 91.1; ppl:   1.4; xent: 0.3; lr: 1.00000; sents:    2371; bsz:  566/ 491/47; 7466/6479 tok/s;    249 sec;
[2024-03-11 13:53:22,494 INFO] Step 4150/ 6200; acc: 90.9; ppl:   1.4; xent: 0.3; lr: 1.00000; sents:    2268; bsz:  583/ 504/45; 7512/6500 tok/s;    253 sec;
[2024-03-11 13:53:25,289 INFO] Step 4200/ 6200; acc: 91.6; ppl:   1.3; xent: 0.3; lr: 1.00000; sents:    2366; bsz:  564/ 490/47; 10097/8773 tok/s;    256 sec;
[2024-03-11 13:53:28,833 INFO] valid stats calculation
                           took: 3.543195962905884 s.
[2024-03-11 13:53:28,833 INFO] Train perplexity: 4.87052
[2024-03-11 13:53:28,833 INFO] Train accuracy: 69.0025
[2024-03-11 13:53:28,833 INFO] Sentences processed: 140208
[2024-03-11 13:53:28,833 INFO] Average bsz:  569/ 494/47
[2024-03-11 13:53:28,833 INFO] Validation perplexity: 4240.52
[2024-03-11 13:53:28,833 INFO] Validation accuracy: 28.7605
[2024-03-11 13:53:28,834 INFO] Saving checkpoint tg-finetune/tg-finetune_1200_02_step_4200.pt
[2024-03-11 13:53:32,667 INFO] Step 4250/ 6200; acc: 92.0; ppl:   1.3; xent: 0.3; lr: 1.00000; sents:    2362; bsz:  562/ 488/47; 3811/3308 tok/s;    263 sec;
[2024-03-11 13:53:36,354 INFO] Step 4300/ 6200; acc: 92.0; ppl:   1.3; xent: 0.3; lr: 1.00000; sents:    2369; bsz:  580/ 500/47; 7868/6780 tok/s;    267 sec;
[2024-03-11 13:53:40,093 INFO] Step 4350/ 6200; acc: 91.9; ppl:   1.3; xent: 0.3; lr: 1.00000; sents:    2267; bsz:  561/ 484/45; 7498/6471 tok/s;    271 sec;
[2024-03-11 13:53:43,201 INFO] Step 4400/ 6200; acc: 92.0; ppl:   1.3; xent: 0.3; lr: 1.00000; sents:    2372; bsz:  566/ 494/47; 9104/7944 tok/s;    274 sec;
[2024-03-11 13:53:46,745 INFO] valid stats calculation
                           took: 3.5430941581726074 s.
[2024-03-11 13:53:46,745 INFO] Train perplexity: 4.49277
[2024-03-11 13:53:46,745 INFO] Train accuracy: 70.431
[2024-03-11 13:53:46,745 INFO] Sentences processed: 149578
[2024-03-11 13:53:46,745 INFO] Average bsz:  569/ 494/47
[2024-03-11 13:53:46,746 INFO] Validation perplexity: 4503.83
[2024-03-11 13:53:46,746 INFO] Validation accuracy: 29.4826
[2024-03-11 13:53:46,747 INFO] Saving checkpoint tg-finetune/tg-finetune_1200_02_step_4400.pt
[2024-03-11 13:53:50,657 INFO] Step 4450/ 6200; acc: 91.9; ppl:   1.3; xent: 0.3; lr: 1.00000; sents:    2269; bsz:  559/ 484/45; 3749/3247 tok/s;    281 sec;
[2024-03-11 13:53:54,427 INFO] Step 4500/ 6200; acc: 91.9; ppl:   1.3; xent: 0.3; lr: 1.00000; sents:    2375; bsz:  582/ 503/48; 7720/6678 tok/s;    285 sec;
[2024-03-11 13:53:58,137 INFO] Step 4550/ 6200; acc: 92.3; ppl:   1.3; xent: 0.3; lr: 1.00000; sents:    2382; bsz:  568/ 496/48; 7659/6690 tok/s;    289 sec;
[2024-03-11 13:54:01,406 INFO] Step 4600/ 6200; acc: 91.8; ppl:   1.3; xent: 0.3; lr: 1.00000; sents:    2275; bsz:  583/ 502/46; 8919/7683 tok/s;    292 sec;
[2024-03-11 13:54:05,037 INFO] valid stats calculation
                           took: 3.630962371826172 s.
[2024-03-11 13:54:05,038 INFO] Train perplexity: 4.17937
[2024-03-11 13:54:05,038 INFO] Train accuracy: 71.7065
[2024-03-11 13:54:05,038 INFO] Sentences processed: 158879
[2024-03-11 13:54:05,038 INFO] Average bsz:  569/ 494/47
[2024-03-11 13:54:05,038 INFO] Validation perplexity: 5692.89
[2024-03-11 13:54:05,038 INFO] Validation accuracy: 29.4023
[2024-03-11 13:54:05,039 INFO] Saving checkpoint tg-finetune/tg-finetune_1200_02_step_4600.pt
[2024-03-11 13:54:08,914 INFO] Step 4650/ 6200; acc: 92.5; ppl:   1.3; xent: 0.3; lr: 1.00000; sents:    2381; bsz:  572/ 499/48; 3809/3324 tok/s;    299 sec;
[2024-03-11 13:54:12,691 INFO] Step 4700/ 6200; acc: 92.4; ppl:   1.3; xent: 0.3; lr: 1.00000; sents:    2368; bsz:  565/ 491/47; 7477/6500 tok/s;    303 sec;
[2024-03-11 13:54:16,424 INFO] Step 4750/ 6200; acc: 93.0; ppl:   1.3; xent: 0.2; lr: 1.00000; sents:    2246; bsz:  570/ 491/45; 7639/6580 tok/s;    307 sec;
[2024-03-11 13:54:19,738 INFO] Step 4800/ 6200; acc: 93.0; ppl:   1.3; xent: 0.2; lr: 1.00000; sents:    2368; bsz:  567/ 493/47; 8552/7443 tok/s;    310 sec;
[2024-03-11 13:54:23,357 INFO] valid stats calculation
                           took: 3.6184885501861572 s.
[2024-03-11 13:54:23,357 INFO] Train perplexity: 3.91594
[2024-03-11 13:54:23,357 INFO] Train accuracy: 72.8743
[2024-03-11 13:54:23,357 INFO] Sentences processed: 168242
[2024-03-11 13:54:23,357 INFO] Average bsz:  569/ 494/47
[2024-03-11 13:54:23,357 INFO] Validation perplexity: 6830.33
[2024-03-11 13:54:23,357 INFO] Validation accuracy: 29.9639
[2024-03-11 13:54:23,359 INFO] Saving checkpoint tg-finetune/tg-finetune_1200_02_step_4800.pt
[2024-03-11 13:54:27,180 INFO] Step 4850/ 6200; acc: 93.0; ppl:   1.3; xent: 0.2; lr: 1.00000; sents:    2249; bsz:  551/ 478/45; 3702/3214 tok/s;    318 sec;
[2024-03-11 13:54:30,862 INFO] Step 4900/ 6200; acc: 93.4; ppl:   1.3; xent: 0.2; lr: 1.00000; sents:    2365; bsz:  578/ 500/47; 7844/6783 tok/s;    321 sec;
[2024-03-11 13:54:34,589 INFO] Step 4950/ 6200; acc: 93.5; ppl:   1.3; xent: 0.2; lr: 1.00000; sents:    2372; bsz:  566/ 492/47; 7591/6598 tok/s;    325 sec;
[2024-03-11 13:54:38,243 INFO] Step 5000/ 6200; acc: 93.4; ppl:   1.3; xent: 0.2; lr: 1.00000; sents:    2274; bsz:  563/ 490/45; 7703/6699 tok/s;    329 sec;
[2024-03-11 13:54:41,832 INFO] valid stats calculation
                           took: 3.588881731033325 s.
[2024-03-11 13:54:41,833 INFO] Train perplexity: 3.69188
[2024-03-11 13:54:41,833 INFO] Train accuracy: 73.9413
[2024-03-11 13:54:41,833 INFO] Sentences processed: 177502
[2024-03-11 13:54:41,833 INFO] Average bsz:  569/ 494/47
[2024-03-11 13:54:41,833 INFO] Validation perplexity: 7708.83
[2024-03-11 13:54:41,833 INFO] Validation accuracy: 29.1215
[2024-03-11 13:54:41,834 INFO] Saving checkpoint tg-finetune/tg-finetune_1200_02_step_5000.pt
[2024-03-11 13:54:45,661 INFO] Step 5050/ 6200; acc: 93.4; ppl:   1.3; xent: 0.2; lr: 1.00000; sents:    2375; bsz:  580/ 506/48; 3908/3409 tok/s;    336 sec;
[2024-03-11 13:54:49,373 INFO] Step 5100/ 6200; acc: 93.8; ppl:   1.3; xent: 0.2; lr: 1.00000; sents:    2381; bsz:  565/ 490/48; 7607/6596 tok/s;    340 sec;
[2024-03-11 13:54:53,206 INFO] Step 5150/ 6200; acc: 93.7; ppl:   1.3; xent: 0.2; lr: 1.00000; sents:    2376; bsz:  583/ 509/48; 7611/6637 tok/s;    344 sec;
[2024-03-11 13:54:56,867 INFO] Step 5200/ 6200; acc: 93.7; ppl:   1.3; xent: 0.2; lr: 1.00000; sents:    2375; bsz:  566/ 495/48; 7723/6756 tok/s;    347 sec;
[2024-03-11 13:55:00,489 INFO] valid stats calculation
                           took: 3.6214163303375244 s.
[2024-03-11 13:55:00,490 INFO] Train perplexity: 3.49581
[2024-03-11 13:55:00,490 INFO] Train accuracy: 74.9377
[2024-03-11 13:55:00,490 INFO] Sentences processed: 187009
[2024-03-11 13:55:00,490 INFO] Average bsz:  569/ 494/47
[2024-03-11 13:55:00,490 INFO] Validation perplexity: 9878.05
[2024-03-11 13:55:00,490 INFO] Validation accuracy: 28.2391
[2024-03-11 13:55:00,491 INFO] Saving checkpoint tg-finetune/tg-finetune_1200_02_step_5200.pt
[2024-03-11 13:55:04,376 INFO] Step 5250/ 6200; acc: 93.5; ppl:   1.3; xent: 0.2; lr: 1.00000; sents:    2275; bsz:  569/ 494/46; 3792/3289 tok/s;    355 sec;
[2024-03-11 13:55:08,180 INFO] Step 5300/ 6200; acc: 93.9; ppl:   1.2; xent: 0.2; lr: 1.00000; sents:    2367; bsz:  578/ 498/47; 7592/6544 tok/s;    359 sec;
[2024-03-11 13:55:11,755 INFO] Step 5350/ 6200; acc: 94.1; ppl:   1.2; xent: 0.2; lr: 1.00000; sents:    2263; bsz:  556/ 481/45; 7779/6726 tok/s;    362 sec;
[2024-03-11 13:55:15,326 INFO] Step 5400/ 6200; acc: 94.1; ppl:   1.2; xent: 0.2; lr: 1.00000; sents:    2364; bsz:  558/ 487/47; 7815/6815 tok/s;    366 sec;
[2024-03-11 13:55:18,973 INFO] valid stats calculation
                           took: 3.6473610401153564 s.
[2024-03-11 13:55:18,974 INFO] Train perplexity: 3.32886
[2024-03-11 13:55:18,974 INFO] Train accuracy: 75.8338
[2024-03-11 13:55:18,974 INFO] Sentences processed: 196278
[2024-03-11 13:55:18,974 INFO] Average bsz:  569/ 494/47
[2024-03-11 13:55:18,974 INFO] Validation perplexity: 11741.7
[2024-03-11 13:55:18,974 INFO] Validation accuracy: 28.6803
[2024-03-11 13:55:18,975 INFO] Saving checkpoint tg-finetune/tg-finetune_1200_02_step_5400.pt
[2024-03-11 13:55:22,527 INFO] Step 5450/ 6200; acc: 93.8; ppl:   1.2; xent: 0.2; lr: 1.00000; sents:    2367; bsz:  563/ 492/47; 3913/3416 tok/s;    373 sec;
[2024-03-11 13:55:26,303 INFO] Step 5500/ 6200; acc: 93.9; ppl:   1.2; xent: 0.2; lr: 1.00000; sents:    2365; bsz:  580/ 505/47; 7680/6692 tok/s;    377 sec;
[2024-03-11 13:55:30,024 INFO] Step 5550/ 6200; acc: 94.1; ppl:   1.2; xent: 0.2; lr: 1.00000; sents:    2276; bsz:  562/ 486/46; 7549/6526 tok/s;    381 sec;
[2024-03-11 13:55:33,886 INFO] Step 5600/ 6200; acc: 93.9; ppl:   1.2; xent: 0.2; lr: 1.00000; sents:    2271; bsz:  564/ 489/45; 7307/6329 tok/s;    384 sec;
[2024-03-11 13:55:37,486 INFO] valid stats calculation
                           took: 3.5997941493988037 s.
[2024-03-11 13:55:37,487 INFO] Train perplexity: 3.18314
[2024-03-11 13:55:37,487 INFO] Train accuracy: 76.6549
[2024-03-11 13:55:37,487 INFO] Sentences processed: 205557
[2024-03-11 13:55:37,487 INFO] Average bsz:  569/ 494/47
[2024-03-11 13:55:37,487 INFO] Validation perplexity: 11012.7
[2024-03-11 13:55:37,487 INFO] Validation accuracy: 27.4368
[2024-03-11 13:55:37,488 INFO] Saving checkpoint tg-finetune/tg-finetune_1200_02_step_5600.pt
[2024-03-11 13:55:40,746 INFO] Step 5650/ 6200; acc: 94.2; ppl:   1.2; xent: 0.2; lr: 1.00000; sents:    2476; bsz:  581/ 502/50; 4238/3658 tok/s;    391 sec;
[2024-03-11 13:55:44,387 INFO] Step 5700/ 6200; acc: 94.2; ppl:   1.2; xent: 0.2; lr: 1.00000; sents:    2281; bsz:  559/ 484/46; 7672/6645 tok/s;    395 sec;
[2024-03-11 13:55:48,124 INFO] Step 5750/ 6200; acc: 94.2; ppl:   1.2; xent: 0.2; lr: 1.00000; sents:    2276; bsz:  565/ 488/46; 7559/6536 tok/s;    399 sec;
[2024-03-11 13:55:51,949 INFO] Step 5800/ 6200; acc: 94.1; ppl:   1.2; xent: 0.2; lr: 1.00000; sents:    2377; bsz:  588/ 509/48; 7684/6653 tok/s;    402 sec;
[2024-03-11 13:55:55,488 INFO] valid stats calculation
                           took: 3.538224458694458 s.
[2024-03-11 13:55:55,488 INFO] Train perplexity: 3.05415
[2024-03-11 13:55:55,489 INFO] Train accuracy: 77.4193
[2024-03-11 13:55:55,489 INFO] Sentences processed: 214967
[2024-03-11 13:55:55,489 INFO] Average bsz:  569/ 494/47
[2024-03-11 13:55:55,489 INFO] Validation perplexity: 8029.45
[2024-03-11 13:55:55,489 INFO] Validation accuracy: 27.7978
[2024-03-11 13:55:55,490 INFO] Saving checkpoint tg-finetune/tg-finetune_1200_02_step_5800.pt
[2024-03-11 13:55:58,548 INFO] Step 5850/ 6200; acc: 94.3; ppl:   1.2; xent: 0.2; lr: 1.00000; sents:    2371; bsz:  565/ 491/47; 4283/3721 tok/s;    409 sec;
[2024-03-11 13:56:02,205 INFO] Step 5900/ 6200; acc: 94.1; ppl:   1.2; xent: 0.2; lr: 1.00000; sents:    2366; bsz:  563/ 489/47; 7695/6690 tok/s;    413 sec;
[2024-03-11 13:56:05,964 INFO] Step 5950/ 6200; acc: 94.6; ppl:   1.2; xent: 0.2; lr: 1.00000; sents:    2263; bsz:  576/ 493/45; 7655/6559 tok/s;    417 sec;
[2024-03-11 13:56:09,584 INFO] Step 6000/ 6200; acc: 94.6; ppl:   1.2; xent: 0.2; lr: 1.00000; sents:    2365; bsz:  564/ 489/47; 7788/6758 tok/s;    420 sec;
[2024-03-11 13:56:13,085 INFO] valid stats calculation
                           took: 3.500338315963745 s.
[2024-03-11 13:56:13,085 INFO] Train perplexity: 2.94034
[2024-03-11 13:56:13,086 INFO] Train accuracy: 78.1235
[2024-03-11 13:56:13,086 INFO] Sentences processed: 224332
[2024-03-11 13:56:13,086 INFO] Average bsz:  569/ 494/47
[2024-03-11 13:56:13,086 INFO] Validation perplexity: 11107.1
[2024-03-11 13:56:13,086 INFO] Validation accuracy: 28.56
[2024-03-11 13:56:13,087 INFO] Saving checkpoint tg-finetune/tg-finetune_1200_02_step_6000.pt
[2024-03-11 13:56:15,893 INFO] Step 6050/ 6200; acc: 94.5; ppl:   1.2; xent: 0.2; lr: 1.00000; sents:    2367; bsz:  586/ 507/47; 4641/4018 tok/s;    426 sec;
[2024-03-11 13:56:19,576 INFO] Step 6100/ 6200; acc: 94.5; ppl:   1.2; xent: 0.2; lr: 1.00000; sents:    2267; bsz:  539/ 472/45; 7315/6404 tok/s;    430 sec;
[2024-03-11 13:56:23,338 INFO] Step 6150/ 6200; acc: 94.6; ppl:   1.2; xent: 0.2; lr: 1.00000; sents:    2372; bsz:  582/ 503/47; 7733/6692 tok/s;    434 sec;
[2024-03-11 13:56:27,154 INFO] Step 6200/ 6200; acc: 94.3; ppl:   1.2; xent: 0.2; lr: 1.00000; sents:    2371; bsz:  590/ 510/47; 7728/6688 tok/s;    438 sec;
[2024-03-11 13:56:30,660 INFO] valid stats calculation
                           took: 3.505361318588257 s.
[2024-03-11 13:56:30,660 INFO] Train perplexity: 2.83773
[2024-03-11 13:56:30,660 INFO] Train accuracy: 78.7829
[2024-03-11 13:56:30,660 INFO] Sentences processed: 233709
[2024-03-11 13:56:30,660 INFO] Average bsz:  569/ 494/47
[2024-03-11 13:56:30,661 INFO] Validation perplexity: 12157.6
[2024-03-11 13:56:30,661 INFO] Validation accuracy: 28.3995
[2024-03-11 13:56:30,662 INFO] Saving checkpoint tg-finetune/tg-finetune_1200_02_step_6200.pt
