[2024-03-12 10:42:23,628 WARNING] Corpus corpus_1's weight should be given. We default it to 1 for you.
[2024-03-12 10:42:23,628 INFO] Parsed 2 corpora from -data.
[2024-03-12 10:42:23,628 INFO] Loading checkpoint from tg-pt-enc/models/tg-pt-enc_03_step_2800.pt
[2024-03-12 10:42:23,694 INFO] Building model...
[2024-03-12 10:42:23,749 INFO] Switching model to float32 for amp/apex_amp
[2024-03-12 10:42:23,749 INFO] Non quantized layer compute is fp32
[2024-03-12 10:42:25,895 INFO] NMTModel(
  (encoder): RNNEncoder(
    (embeddings): Embeddings(
      (make_embedding): Sequential(
        (emb_luts): Elementwise(
          (0): Embedding(17816, 300, padding_idx=1)
        )
      )
      (dropout): Dropout(p=0.3, inplace=False)
    )
    (rnn): LSTM(300, 500, num_layers=2, batch_first=True, dropout=0.3)
  )
  (decoder): InputFeedRNNDecoder(
    (embeddings): Embeddings(
      (make_embedding): Sequential(
        (emb_luts): Elementwise(
          (0): Embedding(14144, 300, padding_idx=1)
        )
      )
      (dropout): Dropout(p=0.3, inplace=False)
    )
    (dropout): Dropout(p=0.3, inplace=False)
    (rnn): StackedLSTM(
      (dropout): Dropout(p=0.3, inplace=False)
      (layers): ModuleList(
        (0): LSTMCell(800, 500)
        (1): LSTMCell(500, 500)
      )
    )
    (attn): GlobalAttention(
      (linear_in): Linear(in_features=500, out_features=500, bias=False)
      (linear_out): Linear(in_features=1000, out_features=500, bias=False)
    )
  )
  (generator): Linear(in_features=500, out_features=14144, bias=True)
)
[2024-03-12 10:42:25,895 INFO] encoder: 8952800
[2024-03-12 10:42:25,895 INFO] decoder: 16687344
[2024-03-12 10:42:25,895 INFO] * number of parameters: 25640144
[2024-03-12 10:42:25,895 INFO] Trainable parameters = {'torch.float32': 25640144, 'torch.float16': 0, 'torch.uint8': 0, 'torch.int8': 0}
[2024-03-12 10:42:25,895 INFO] Non trainable parameters = {'torch.float32': 0, 'torch.float16': 0, 'torch.uint8': 0, 'torch.int8': 0}
[2024-03-12 10:42:25,895 INFO]  * src vocab size = 17816
[2024-03-12 10:42:25,895 INFO]  * tgt vocab size = 14144
[2024-03-12 10:42:25,897 INFO] Starting training on GPU: [0]
[2024-03-12 10:42:25,897 INFO] Start training loop and validate every 200 steps...
[2024-03-12 10:42:25,897 INFO] Scoring with: TransformPipe(InferFeatsTransform())
[2024-03-12 10:42:32,830 INFO] Step 2850/ 7800; acc: 9.7; ppl: 78848.7; xent: 11.3; lr: 1.00000; sents:    2366; bsz:  569/ 497/47; 4106/3586 tok/s;      7 sec;
[2024-03-12 10:42:36,400 INFO] Step 2900/ 7800; acc: 12.9; ppl: 3053.7; xent: 8.0; lr: 1.00000; sents:    2369; bsz:  590/ 512/47; 8256/7164 tok/s;     11 sec;
[2024-03-12 10:42:38,965 INFO] Step 2950/ 7800; acc: 16.6; ppl: 650.0; xent: 6.5; lr: 1.00000; sents:    2267; bsz:  560/ 485/45; 10917/9451 tok/s;     13 sec;
[2024-03-12 10:42:41,814 INFO] Step 3000/ 7800; acc: 18.3; ppl: 316.9; xent: 5.8; lr: 1.00000; sents:    2365; bsz:  563/ 489/47; 9877/8580 tok/s;     16 sec;
[2024-03-12 10:42:45,265 INFO] valid stats calculation
                           took: 3.450833320617676 s.
[2024-03-12 10:42:45,266 INFO] Train perplexity: 2704.42
[2024-03-12 10:42:45,266 INFO] Train accuracy: 14.3396
[2024-03-12 10:42:45,266 INFO] Sentences processed: 9367
[2024-03-12 10:42:45,266 INFO] Average bsz:  570/ 496/47
[2024-03-12 10:42:45,266 INFO] Validation perplexity: 482.287
[2024-03-12 10:42:45,266 INFO] Validation accuracy: 16.2054
[2024-03-12 10:42:45,267 INFO] Saving checkpoint tg-ft-enc/tg-ft-enc_2800_03_step_3000.pt
[2024-03-12 10:42:48,958 INFO] Step 3050/ 7800; acc: 21.9; ppl: 175.6; xent: 5.2; lr: 1.00000; sents:    2367; bsz:  587/ 509/47; 4107/3566 tok/s;     23 sec;
[2024-03-12 10:42:52,589 INFO] Step 3100/ 7800; acc: 25.4; ppl: 115.6; xent: 4.7; lr: 1.00000; sents:    2251; bsz:  549/ 475/45; 7561/6539 tok/s;     27 sec;
[2024-03-12 10:42:55,370 INFO] Step 3150/ 7800; acc: 29.3; ppl:  72.7; xent: 4.3; lr: 1.00000; sents:    2378; bsz:  586/ 509/48; 10528/9153 tok/s;     29 sec;
[2024-03-12 10:42:58,145 INFO] Step 3200/ 7800; acc: 31.8; ppl:  52.2; xent: 4.0; lr: 1.00000; sents:    2384; bsz:  569/ 495/48; 10258/8927 tok/s;     32 sec;
[2024-03-12 10:43:01,542 INFO] valid stats calculation
                           took: 3.3969039916992188 s.
[2024-03-12 10:43:01,542 INFO] Train perplexity: 502.113
[2024-03-12 10:43:01,542 INFO] Train accuracy: 20.7307
[2024-03-12 10:43:01,542 INFO] Sentences processed: 18747
[2024-03-12 10:43:01,543 INFO] Average bsz:  572/ 496/47
[2024-03-12 10:43:01,543 INFO] Validation perplexity: 329.561
[2024-03-12 10:43:01,543 INFO] Validation accuracy: 24.5888
[2024-03-12 10:43:01,544 INFO] Saving checkpoint tg-ft-enc/tg-ft-enc_2800_03_step_3200.pt
[2024-03-12 10:43:05,239 INFO] Step 3250/ 7800; acc: 34.1; ppl:  39.9; xent: 3.7; lr: 1.00000; sents:    2277; bsz:  561/ 487/46; 3956/3431 tok/s;     39 sec;
[2024-03-12 10:43:08,743 INFO] Step 3300/ 7800; acc: 36.9; ppl:  31.4; xent: 3.4; lr: 1.00000; sents:    2261; bsz:  552/ 477/45; 7877/6806 tok/s;     43 sec;
[2024-03-12 10:43:11,709 INFO] Step 3350/ 7800; acc: 39.1; ppl:  23.9; xent: 3.2; lr: 1.00000; sents:    2372; bsz:  580/ 502/47; 9775/8461 tok/s;     46 sec;
[2024-03-12 10:43:14,141 INFO] Step 3400/ 7800; acc: 41.8; ppl:  19.5; xent: 3.0; lr: 1.00000; sents:    2366; bsz:  562/ 489/47; 11560/10059 tok/s;     48 sec;
[2024-03-12 10:43:17,582 INFO] valid stats calculation
                           took: 3.4399147033691406 s.
[2024-03-12 10:43:17,582 INFO] Train perplexity: 192.779
[2024-03-12 10:43:17,582 INFO] Train accuracy: 26.4303
[2024-03-12 10:43:17,582 INFO] Sentences processed: 28023
[2024-03-12 10:43:17,582 INFO] Average bsz:  569/ 494/47
[2024-03-12 10:43:17,582 INFO] Validation perplexity: 313.985
[2024-03-12 10:43:17,582 INFO] Validation accuracy: 25.9126
[2024-03-12 10:43:17,583 INFO] Saving checkpoint tg-ft-enc/tg-ft-enc_2800_03_step_3400.pt
[2024-03-12 10:43:21,201 INFO] Step 3450/ 7800; acc: 42.9; ppl:  17.1; xent: 2.8; lr: 1.00000; sents:    2367; bsz:  587/ 513/47; 4158/3630 tok/s;     55 sec;
[2024-03-12 10:43:24,769 INFO] Step 3500/ 7800; acc: 45.4; ppl:  14.1; xent: 2.6; lr: 1.00000; sents:    2268; bsz:  567/ 491/45; 7947/6884 tok/s;     59 sec;
[2024-03-12 10:43:28,024 INFO] Step 3550/ 7800; acc: 47.5; ppl:  11.8; xent: 2.5; lr: 1.00000; sents:    2367; bsz:  567/ 499/47; 8713/7658 tok/s;     62 sec;
[2024-03-12 10:43:30,421 INFO] Step 3600/ 7800; acc: 49.8; ppl:  10.1; xent: 2.3; lr: 1.00000; sents:    2261; bsz:  554/ 479/45; 11562/9986 tok/s;     65 sec;
[2024-03-12 10:43:33,868 INFO] valid stats calculation
                           took: 3.4469306468963623 s.
[2024-03-12 10:43:33,869 INFO] Train perplexity: 98.2242
[2024-03-12 10:43:33,869 INFO] Train accuracy: 31.4193
[2024-03-12 10:43:33,869 INFO] Sentences processed: 37286
[2024-03-12 10:43:33,869 INFO] Average bsz:  569/ 494/47
[2024-03-12 10:43:33,869 INFO] Validation perplexity: 298.578
[2024-03-12 10:43:33,869 INFO] Validation accuracy: 28.0385
[2024-03-12 10:43:33,870 INFO] Saving checkpoint tg-ft-enc/tg-ft-enc_2800_03_step_3600.pt
[2024-03-12 10:43:37,491 INFO] Step 3650/ 7800; acc: 52.2; ppl:   8.7; xent: 2.2; lr: 1.00000; sents:    2476; bsz:  582/ 508/50; 4114/3589 tok/s;     72 sec;
[2024-03-12 10:43:41,000 INFO] Step 3700/ 7800; acc: 53.9; ppl:   7.7; xent: 2.0; lr: 1.00000; sents:    2268; bsz:  557/ 483/45; 7940/6877 tok/s;     75 sec;
[2024-03-12 10:43:44,603 INFO] Step 3750/ 7800; acc: 55.4; ppl:   7.0; xent: 1.9; lr: 1.00000; sents:    2279; bsz:  563/ 487/46; 7809/6752 tok/s;     79 sec;
[2024-03-12 10:43:47,036 INFO] Step 3800/ 7800; acc: 57.7; ppl:   6.0; xent: 1.8; lr: 1.00000; sents:    2381; bsz:  582/ 506/48; 11963/10405 tok/s;     81 sec;
[2024-03-12 10:43:50,521 INFO] valid stats calculation
                           took: 3.484766960144043 s.
[2024-03-12 10:43:50,522 INFO] Train perplexity: 58.3465
[2024-03-12 10:43:50,522 INFO] Train accuracy: 36.1086
[2024-03-12 10:43:50,522 INFO] Sentences processed: 46690
[2024-03-12 10:43:50,522 INFO] Average bsz:  569/ 494/47
[2024-03-12 10:43:50,522 INFO] Validation perplexity: 398.269
[2024-03-12 10:43:50,522 INFO] Validation accuracy: 30.0842
[2024-03-12 10:43:50,523 INFO] Saving checkpoint tg-ft-enc/tg-ft-enc_2800_03_step_3800.pt
[2024-03-12 10:43:54,292 INFO] Step 3850/ 7800; acc: 59.8; ppl:   5.2; xent: 1.7; lr: 1.00000; sents:    2376; bsz:  564/ 493/48; 3889/3398 tok/s;     88 sec;
[2024-03-12 10:43:57,755 INFO] Step 3900/ 7800; acc: 61.1; ppl:   4.9; xent: 1.6; lr: 1.00000; sents:    2375; bsz:  565/ 490/48; 8162/7082 tok/s;     92 sec;
[2024-03-12 10:44:01,387 INFO] Step 3950/ 7800; acc: 63.0; ppl:   4.5; xent: 1.5; lr: 1.00000; sents:    2271; bsz:  574/ 492/45; 7904/6770 tok/s;     95 sec;
[2024-03-12 10:44:03,943 INFO] Step 4000/ 7800; acc: 65.0; ppl:   4.0; xent: 1.4; lr: 1.00000; sents:    2366; bsz:  563/ 491/47; 11020/9600 tok/s;     98 sec;
[2024-03-12 10:44:07,415 INFO] valid stats calculation
                           took: 3.47170090675354 s.
[2024-03-12 10:44:07,416 INFO] Train perplexity: 38.3136
[2024-03-12 10:44:07,416 INFO] Train accuracy: 40.4392
[2024-03-12 10:44:07,416 INFO] Sentences processed: 56078
[2024-03-12 10:44:07,416 INFO] Average bsz:  569/ 494/47
[2024-03-12 10:44:07,416 INFO] Validation perplexity: 494.7
[2024-03-12 10:44:07,416 INFO] Validation accuracy: 29.8837
[2024-03-12 10:44:07,417 INFO] Saving checkpoint tg-ft-enc/tg-ft-enc_2800_03_step_4000.pt
[2024-03-12 10:44:11,008 INFO] Step 4050/ 7800; acc: 65.5; ppl:   3.9; xent: 1.4; lr: 1.00000; sents:    2366; bsz:  564/ 490/47; 3993/3471 tok/s;    105 sec;
[2024-03-12 10:44:14,538 INFO] Step 4100/ 7800; acc: 67.3; ppl:   3.5; xent: 1.3; lr: 1.00000; sents:    2264; bsz:  562/ 487/45; 7954/6894 tok/s;    109 sec;
[2024-03-12 10:44:18,078 INFO] Step 4150/ 7800; acc: 68.8; ppl:   3.3; xent: 1.2; lr: 1.00000; sents:    2369; bsz:  586/ 507/47; 8283/7162 tok/s;    112 sec;
[2024-03-12 10:44:20,982 INFO] Step 4200/ 7800; acc: 69.9; ppl:   3.2; xent: 1.1; lr: 1.00000; sents:    2367; bsz:  563/ 488/47; 9694/8401 tok/s;    115 sec;
[2024-03-12 10:44:24,570 INFO] valid stats calculation
                           took: 3.5881121158599854 s.
[2024-03-12 10:44:24,571 INFO] Train perplexity: 27.1985
[2024-03-12 10:44:24,571 INFO] Train accuracy: 44.3547
[2024-03-12 10:44:24,571 INFO] Sentences processed: 65444
[2024-03-12 10:44:24,571 INFO] Average bsz:  569/ 494/47
[2024-03-12 10:44:24,571 INFO] Validation perplexity: 737.011
[2024-03-12 10:44:24,571 INFO] Validation accuracy: 29.4826
[2024-03-12 10:44:24,572 INFO] Saving checkpoint tg-ft-enc/tg-ft-enc_2800_03_step_4200.pt
[2024-03-12 10:44:28,345 INFO] Step 4250/ 7800; acc: 71.6; ppl:   2.9; xent: 1.1; lr: 1.00000; sents:    2372; bsz:  581/ 501/47; 3943/3403 tok/s;    122 sec;
[2024-03-12 10:44:31,989 INFO] Step 4300/ 7800; acc: 73.0; ppl:   2.7; xent: 1.0; lr: 1.00000; sents:    2271; bsz:  562/ 485/45; 7710/6654 tok/s;    126 sec;
[2024-03-12 10:44:35,594 INFO] Step 4350/ 7800; acc: 74.2; ppl:   2.6; xent: 1.0; lr: 1.00000; sents:    2375; bsz:  566/ 493/48; 7855/6838 tok/s;    130 sec;
[2024-03-12 10:44:38,670 INFO] Step 4400/ 7800; acc: 74.8; ppl:   2.5; xent: 0.9; lr: 1.00000; sents:    2280; bsz:  560/ 486/46; 9098/7902 tok/s;    133 sec;
[2024-03-12 10:44:42,270 INFO] valid stats calculation
                           took: 3.5989537239074707 s.
[2024-03-12 10:44:42,270 INFO] Train perplexity: 20.3736
[2024-03-12 10:44:42,270 INFO] Train accuracy: 47.9676
[2024-03-12 10:44:42,270 INFO] Sentences processed: 74742
[2024-03-12 10:44:42,270 INFO] Average bsz:  569/ 494/47
[2024-03-12 10:44:42,270 INFO] Validation perplexity: 1312.89
[2024-03-12 10:44:42,270 INFO] Validation accuracy: 29.4424
[2024-03-12 10:44:42,272 INFO] Saving checkpoint tg-ft-enc/tg-ft-enc_2800_03_step_4400.pt
[2024-03-12 10:44:45,899 INFO] Step 4450/ 7800; acc: 75.8; ppl:   2.4; xent: 0.9; lr: 1.00000; sents:    2376; bsz:  580/ 501/48; 4010/3464 tok/s;    140 sec;
[2024-03-12 10:44:49,468 INFO] Step 4500/ 7800; acc: 77.0; ppl:   2.3; xent: 0.8; lr: 1.00000; sents:    2280; bsz:  563/ 487/46; 7889/6820 tok/s;    144 sec;
[2024-03-12 10:44:53,160 INFO] Step 4550/ 7800; acc: 77.4; ppl:   2.2; xent: 0.8; lr: 1.00000; sents:    2368; bsz:  589/ 512/47; 7975/6935 tok/s;    147 sec;
[2024-03-12 10:44:56,429 INFO] Step 4600/ 7800; acc: 79.0; ppl:   2.1; xent: 0.8; lr: 1.00000; sents:    2366; bsz:  569/ 497/47; 8699/7597 tok/s;    151 sec;
[2024-03-12 10:45:00,027 INFO] valid stats calculation
                           took: 3.5978152751922607 s.
[2024-03-12 10:45:00,028 INFO] Train perplexity: 15.9156
[2024-03-12 10:45:00,028 INFO] Train accuracy: 51.2596
[2024-03-12 10:45:00,028 INFO] Sentences processed: 84132
[2024-03-12 10:45:00,028 INFO] Average bsz:  569/ 494/47
[2024-03-12 10:45:00,028 INFO] Validation perplexity: 1592.74
[2024-03-12 10:45:00,028 INFO] Validation accuracy: 28.8809
[2024-03-12 10:45:00,029 INFO] Saving checkpoint tg-ft-enc/tg-ft-enc_2800_03_step_4600.pt
[2024-03-12 10:45:03,617 INFO] Step 4650/ 7800; acc: 80.1; ppl:   2.1; xent: 0.7; lr: 1.00000; sents:    2248; bsz:  550/ 476/45; 3825/3309 tok/s;    158 sec;
[2024-03-12 10:45:07,252 INFO] Step 4700/ 7800; acc: 80.3; ppl:   2.0; xent: 0.7; lr: 1.00000; sents:    2484; bsz:  602/ 524/50; 8280/7206 tok/s;    161 sec;
[2024-03-12 10:45:10,768 INFO] Step 4750/ 7800; acc: 81.1; ppl:   1.9; xent: 0.7; lr: 1.00000; sents:    2244; bsz:  547/ 474/45; 7782/6739 tok/s;    165 sec;
[2024-03-12 10:45:14,264 INFO] Step 4800/ 7800; acc: 81.7; ppl:   1.9; xent: 0.7; lr: 1.00000; sents:    2258; bsz:  553/ 479/45; 7909/6848 tok/s;    168 sec;
[2024-03-12 10:45:17,902 INFO] valid stats calculation
                           took: 3.6369283199310303 s.
[2024-03-12 10:45:17,902 INFO] Train perplexity: 12.9541
[2024-03-12 10:45:17,902 INFO] Train accuracy: 54.1768
[2024-03-12 10:45:17,902 INFO] Sentences processed: 93366
[2024-03-12 10:45:17,902 INFO] Average bsz:  569/ 494/47
[2024-03-12 10:45:17,902 INFO] Validation perplexity: 2083.91
[2024-03-12 10:45:17,902 INFO] Validation accuracy: 27.7978
[2024-03-12 10:45:17,903 INFO] Saving checkpoint tg-ft-enc/tg-ft-enc_2800_03_step_4800.pt
[2024-03-12 10:45:20,477 INFO] Step 4850/ 7800; acc: 82.9; ppl:   1.8; xent: 0.6; lr: 1.00000; sents:    2481; bsz:  590/ 514/50; 4752/4137 tok/s;    175 sec;
[2024-03-12 10:45:23,411 INFO] Step 4900/ 7800; acc: 83.4; ppl:   1.8; xent: 0.6; lr: 1.00000; sents:    2275; bsz:  562/ 487/46; 9575/8303 tok/s;    178 sec;
[2024-03-12 10:45:25,960 INFO] Step 4950/ 7800; acc: 84.6; ppl:   1.7; xent: 0.5; lr: 1.00000; sents:    2383; bsz:  567/ 495/48; 11132/9707 tok/s;    180 sec;
[2024-03-12 10:45:28,937 INFO] Step 5000/ 7800; acc: 84.3; ppl:   1.7; xent: 0.5; lr: 1.00000; sents:    2267; bsz:  570/ 491/45; 9579/8252 tok/s;    183 sec;
[2024-03-12 10:45:32,800 INFO] valid stats calculation
                           took: 3.8625547885894775 s.
[2024-03-12 10:45:32,801 INFO] Train perplexity: 10.7947
[2024-03-12 10:45:32,801 INFO] Train accuracy: 56.8863
[2024-03-12 10:45:32,801 INFO] Sentences processed: 102772
[2024-03-12 10:45:32,801 INFO] Average bsz:  569/ 494/47
[2024-03-12 10:45:32,801 INFO] Validation perplexity: 3380.55
[2024-03-12 10:45:32,801 INFO] Validation accuracy: 30.726
[2024-03-12 10:45:32,802 INFO] Saving checkpoint tg-ft-enc/tg-ft-enc_2800_03_step_5000.pt
[2024-03-12 10:45:35,571 INFO] Step 5050/ 7800; acc: 85.0; ppl:   1.7; xent: 0.5; lr: 1.00000; sents:    2375; bsz:  563/ 489/48; 4244/3687 tok/s;    190 sec;
[2024-03-12 10:45:38,596 INFO] Step 5100/ 7800; acc: 85.5; ppl:   1.7; xent: 0.5; lr: 1.00000; sents:    2275; bsz:  567/ 492/46; 9379/8126 tok/s;    193 sec;
[2024-03-12 10:45:41,539 INFO] Step 5150/ 7800; acc: 86.2; ppl:   1.6; xent: 0.5; lr: 1.00000; sents:    2463; bsz:  586/ 519/49; 9956/8814 tok/s;    196 sec;
[2024-03-12 10:45:44,513 INFO] Step 5200/ 7800; acc: 86.4; ppl:   1.6; xent: 0.5; lr: 1.00000; sents:    2271; bsz:  568/ 493/45; 9556/8296 tok/s;    199 sec;
[2024-03-12 10:45:48,248 INFO] valid stats calculation
                           took: 3.734633445739746 s.
[2024-03-12 10:45:48,249 INFO] Train perplexity: 9.21272
[2024-03-12 10:45:48,249 INFO] Train accuracy: 59.3126
[2024-03-12 10:45:48,249 INFO] Sentences processed: 112156
[2024-03-12 10:45:48,249 INFO] Average bsz:  569/ 494/47
[2024-03-12 10:45:48,249 INFO] Validation perplexity: 3615.23
[2024-03-12 10:45:48,249 INFO] Validation accuracy: 27.7577
[2024-03-12 10:45:48,250 INFO] Saving checkpoint tg-ft-enc/tg-ft-enc_2800_03_step_5200.pt
[2024-03-12 10:45:50,862 INFO] Step 5250/ 7800; acc: 86.5; ppl:   1.6; xent: 0.5; lr: 1.00000; sents:    2364; bsz:  573/ 494/47; 4513/3890 tok/s;    205 sec;
[2024-03-12 10:45:53,462 INFO] Step 5300/ 7800; acc: 87.6; ppl:   1.5; xent: 0.4; lr: 1.00000; sents:    2263; bsz:  542/ 471/45; 10420/9069 tok/s;    208 sec;
[2024-03-12 10:45:56,139 INFO] Step 5350/ 7800; acc: 87.1; ppl:   1.6; xent: 0.4; lr: 1.00000; sents:    2365; bsz:  573/ 496/47; 10706/9268 tok/s;    210 sec;
[2024-03-12 10:45:58,859 INFO] Step 5400/ 7800; acc: 87.7; ppl:   1.5; xent: 0.4; lr: 1.00000; sents:    2373; bsz:  567/ 495/47; 10415/9108 tok/s;    213 sec;
[2024-03-12 10:46:03,309 INFO] valid stats calculation
                           took: 4.448171138763428 s.
[2024-03-12 10:46:03,309 INFO] Train perplexity: 8.04342
[2024-03-12 10:46:03,309 INFO] Train accuracy: 61.44
[2024-03-12 10:46:03,309 INFO] Sentences processed: 121521
[2024-03-12 10:46:03,309 INFO] Average bsz:  569/ 494/47
[2024-03-12 10:46:03,309 INFO] Validation perplexity: 3985.46
[2024-03-12 10:46:03,309 INFO] Validation accuracy: 29.282
[2024-03-12 10:46:03,310 INFO] Saving checkpoint tg-ft-enc/tg-ft-enc_2800_03_step_5400.pt
[2024-03-12 10:46:06,211 INFO] Step 5450/ 7800; acc: 88.3; ppl:   1.5; xent: 0.4; lr: 1.00000; sents:    2275; bsz:  562/ 486/46; 3823/3307 tok/s;    220 sec;
[2024-03-12 10:46:08,840 INFO] Step 5500/ 7800; acc: 88.5; ppl:   1.5; xent: 0.4; lr: 1.00000; sents:    2375; bsz:  580/ 505/48; 11044/9612 tok/s;    223 sec;
[2024-03-12 10:46:11,430 INFO] Step 5550/ 7800; acc: 88.3; ppl:   1.5; xent: 0.4; lr: 1.00000; sents:    2381; bsz:  566/ 491/48; 10928/9481 tok/s;    226 sec;
[2024-03-12 10:46:14,201 INFO] Step 5600/ 7800; acc: 88.9; ppl:   1.5; xent: 0.4; lr: 1.00000; sents:    2276; bsz:  574/ 493/46; 10370/8896 tok/s;    228 sec;
[2024-03-12 10:46:17,967 INFO] valid stats calculation
                           took: 3.7663075923919678 s.
[2024-03-12 10:46:17,968 INFO] Train perplexity: 7.12888
[2024-03-12 10:46:17,968 INFO] Train accuracy: 63.3725
[2024-03-12 10:46:17,968 INFO] Sentences processed: 130828
[2024-03-12 10:46:17,968 INFO] Average bsz:  569/ 494/47
[2024-03-12 10:46:17,968 INFO] Validation perplexity: 4251.3
[2024-03-12 10:46:17,968 INFO] Validation accuracy: 28.7204
[2024-03-12 10:46:17,969 INFO] Saving checkpoint tg-ft-enc/tg-ft-enc_2800_03_step_5600.pt
[2024-03-12 10:46:20,698 INFO] Step 5650/ 7800; acc: 89.6; ppl:   1.4; xent: 0.4; lr: 1.00000; sents:    2375; bsz:  566/ 491/48; 4355/3777 tok/s;    235 sec;
[2024-03-12 10:46:23,382 INFO] Step 5700/ 7800; acc: 89.6; ppl:   1.4; xent: 0.4; lr: 1.00000; sents:    2273; bsz:  565/ 489/45; 10527/9109 tok/s;    237 sec;
[2024-03-12 10:46:26,253 INFO] Step 5750/ 7800; acc: 90.0; ppl:   1.4; xent: 0.3; lr: 1.00000; sents:    2464; bsz:  584/ 508/49; 10182/8854 tok/s;    240 sec;
[2024-03-12 10:46:29,031 INFO] Step 5800/ 7800; acc: 90.0; ppl:   1.4; xent: 0.3; lr: 1.00000; sents:    2268; bsz:  563/ 488/45; 10142/8792 tok/s;    243 sec;
[2024-03-12 10:46:32,827 INFO] valid stats calculation
                           took: 3.795380115509033 s.
[2024-03-12 10:46:32,827 INFO] Train perplexity: 6.40239
[2024-03-12 10:46:32,827 INFO] Train accuracy: 65.1351
[2024-03-12 10:46:32,827 INFO] Sentences processed: 140208
[2024-03-12 10:46:32,827 INFO] Average bsz:  569/ 494/47
[2024-03-12 10:46:32,827 INFO] Validation perplexity: 4559.98
[2024-03-12 10:46:32,827 INFO] Validation accuracy: 28.8408
[2024-03-12 10:46:32,829 INFO] Saving checkpoint tg-ft-enc/tg-ft-enc_2800_03_step_5800.pt
[2024-03-12 10:46:35,610 INFO] Step 5850/ 7800; acc: 90.3; ppl:   1.4; xent: 0.3; lr: 1.00000; sents:    2262; bsz:  560/ 483/45; 4255/3669 tok/s;    250 sec;
[2024-03-12 10:46:38,255 INFO] Step 5900/ 7800; acc: 90.8; ppl:   1.4; xent: 0.3; lr: 1.00000; sents:    2367; bsz:  580/ 500/47; 10967/9461 tok/s;    252 sec;
[2024-03-12 10:46:41,141 INFO] Step 5950/ 7800; acc: 90.5; ppl:   1.4; xent: 0.3; lr: 1.00000; sents:    2369; bsz:  563/ 489/47; 9763/8472 tok/s;    255 sec;
[2024-03-12 10:46:44,048 INFO] Step 6000/ 7800; acc: 90.5; ppl:   1.4; xent: 0.3; lr: 1.00000; sents:    2270; bsz:  559/ 485/45; 9618/8343 tok/s;    258 sec;
[2024-03-12 10:46:47,968 INFO] valid stats calculation
                           took: 3.9196131229400635 s.
[2024-03-12 10:46:47,969 INFO] Train perplexity: 5.82383
[2024-03-12 10:46:47,969 INFO] Train accuracy: 66.7071
[2024-03-12 10:46:47,969 INFO] Sentences processed: 149476
[2024-03-12 10:46:47,969 INFO] Average bsz:  569/ 494/47
[2024-03-12 10:46:47,969 INFO] Validation perplexity: 6300.04
[2024-03-12 10:46:47,969 INFO] Validation accuracy: 29.2419
[2024-03-12 10:46:47,970 INFO] Saving checkpoint tg-ft-enc/tg-ft-enc_2800_03_step_6000.pt
[2024-03-12 10:46:51,087 INFO] Step 6050/ 7800; acc: 91.2; ppl:   1.4; xent: 0.3; lr: 1.00000; sents:    2371; bsz:  566/ 493/47; 4019/3502 tok/s;    265 sec;
[2024-03-12 10:46:53,740 INFO] Step 6100/ 7800; acc: 91.1; ppl:   1.4; xent: 0.3; lr: 1.00000; sents:    2375; bsz:  582/ 503/48; 10968/9488 tok/s;    268 sec;
[2024-03-12 10:46:56,272 INFO] Step 6150/ 7800; acc: 91.2; ppl:   1.4; xent: 0.3; lr: 1.00000; sents:    2382; bsz:  568/ 496/48; 11226/9806 tok/s;    270 sec;
[2024-03-12 10:46:59,220 INFO] Step 6200/ 7800; acc: 91.2; ppl:   1.4; xent: 0.3; lr: 1.00000; sents:    2275; bsz:  583/ 502/46; 9888/8518 tok/s;    273 sec;
[2024-03-12 10:47:04,260 INFO] valid stats calculation
                           took: 5.0382399559021 s.
[2024-03-12 10:47:04,260 INFO] Train perplexity: 5.34161
[2024-03-12 10:47:04,261 INFO] Train accuracy: 68.1605
[2024-03-12 10:47:04,261 INFO] Sentences processed: 158879
[2024-03-12 10:47:04,261 INFO] Average bsz:  569/ 494/47
[2024-03-12 10:47:04,261 INFO] Validation perplexity: 6478.48
[2024-03-12 10:47:04,261 INFO] Validation accuracy: 29.2419
[2024-03-12 10:47:04,263 INFO] Saving checkpoint tg-ft-enc/tg-ft-enc_2800_03_step_6200.pt
[2024-03-12 10:47:07,714 INFO] Step 6250/ 7800; acc: 91.7; ppl:   1.3; xent: 0.3; lr: 1.00000; sents:    2381; bsz:  572/ 499/48; 3367/2939 tok/s;    282 sec;
[2024-03-12 10:47:10,361 INFO] Step 6300/ 7800; acc: 91.4; ppl:   1.4; xent: 0.3; lr: 1.00000; sents:    2247; bsz:  550/ 477/45; 10385/9006 tok/s;    284 sec;
[2024-03-12 10:47:12,831 INFO] Step 6350/ 7800; acc: 91.8; ppl:   1.3; xent: 0.3; lr: 1.00000; sents:    2367; bsz:  565/ 490/47; 11439/9924 tok/s;    287 sec;
[2024-03-12 10:47:15,748 INFO] Step 6400/ 7800; acc: 91.8; ppl:   1.3; xent: 0.3; lr: 1.00000; sents:    2368; bsz:  587/ 509/47; 10066/8718 tok/s;    290 sec;
[2024-03-12 10:47:20,448 INFO] valid stats calculation
                           took: 4.699954986572266 s.
[2024-03-12 10:47:20,449 INFO] Train perplexity: 4.94665
[2024-03-12 10:47:20,449 INFO] Train accuracy: 69.4653
[2024-03-12 10:47:20,449 INFO] Sentences processed: 168242
[2024-03-12 10:47:20,449 INFO] Average bsz:  569/ 494/47
[2024-03-12 10:47:20,449 INFO] Validation perplexity: 7057.04
[2024-03-12 10:47:20,449 INFO] Validation accuracy: 29.9639
[2024-03-12 10:47:20,450 INFO] Saving checkpoint tg-ft-enc/tg-ft-enc_2800_03_step_6400.pt
[2024-03-12 10:47:23,331 INFO] Step 6450/ 7800; acc: 92.1; ppl:   1.3; xent: 0.3; lr: 1.00000; sents:    2363; bsz:  576/ 498/47; 3801/3283 tok/s;    297 sec;
[2024-03-12 10:47:26,175 INFO] Step 6500/ 7800; acc: 92.4; ppl:   1.3; xent: 0.3; lr: 1.00000; sents:    2365; bsz:  562/ 490/47; 9888/8615 tok/s;    300 sec;
[2024-03-12 10:47:28,778 INFO] Step 6550/ 7800; acc: 92.3; ppl:   1.3; xent: 0.3; lr: 1.00000; sents:    2258; bsz:  555/ 482/45; 10674/9258 tok/s;    303 sec;
[2024-03-12 10:47:31,462 INFO] Step 6600/ 7800; acc: 92.0; ppl:   1.3; xent: 0.3; lr: 1.00000; sents:    2377; bsz:  587/ 513/48; 10934/9561 tok/s;    306 sec;
[2024-03-12 10:47:35,406 INFO] valid stats calculation
                           took: 3.9434704780578613 s.
[2024-03-12 10:47:35,406 INFO] Train perplexity: 4.61203
[2024-03-12 10:47:35,406 INFO] Train accuracy: 70.6669
[2024-03-12 10:47:35,406 INFO] Sentences processed: 177605
[2024-03-12 10:47:35,407 INFO] Average bsz:  569/ 494/47
[2024-03-12 10:47:35,407 INFO] Validation perplexity: 8095.64
[2024-03-12 10:47:35,407 INFO] Validation accuracy: 29.2018
[2024-03-12 10:47:35,408 INFO] Saving checkpoint tg-ft-enc/tg-ft-enc_2800_03_step_6600.pt
[2024-03-12 10:47:38,399 INFO] Step 6650/ 7800; acc: 92.6; ppl:   1.3; xent: 0.3; lr: 1.00000; sents:    2272; bsz:  556/ 482/45; 4005/3475 tok/s;    313 sec;
[2024-03-12 10:47:41,052 INFO] Step 6700/ 7800; acc: 92.5; ppl:   1.3; xent: 0.3; lr: 1.00000; sents:    2381; bsz:  565/ 490/48; 10649/9234 tok/s;    315 sec;
[2024-03-12 10:47:43,880 INFO] Step 6750/ 7800; acc: 92.6; ppl:   1.3; xent: 0.3; lr: 1.00000; sents:    2376; bsz:  583/ 509/48; 10316/8996 tok/s;    318 sec;
[2024-03-12 10:47:46,738 INFO] Step 6800/ 7800; acc: 92.7; ppl:   1.3; xent: 0.2; lr: 1.00000; sents:    2278; bsz:  568/ 492/46; 9928/8605 tok/s;    321 sec;
[2024-03-12 10:47:50,587 INFO] valid stats calculation
                           took: 3.847534418106079 s.
[2024-03-12 10:47:50,587 INFO] Train perplexity: 4.32849
[2024-03-12 10:47:50,587 INFO] Train accuracy: 71.7623
[2024-03-12 10:47:50,587 INFO] Sentences processed: 186912
[2024-03-12 10:47:50,587 INFO] Average bsz:  569/ 494/47
[2024-03-12 10:47:50,587 INFO] Validation perplexity: 10749.7
[2024-03-12 10:47:50,587 INFO] Validation accuracy: 28.7204
[2024-03-12 10:47:50,589 INFO] Saving checkpoint tg-ft-enc/tg-ft-enc_2800_03_step_6800.pt
[2024-03-12 10:47:53,292 INFO] Step 6850/ 7800; acc: 92.7; ppl:   1.3; xent: 0.3; lr: 1.00000; sents:    2372; bsz:  568/ 497/47; 4330/3790 tok/s;    327 sec;
[2024-03-12 10:47:55,945 INFO] Step 6900/ 7800; acc: 93.2; ppl:   1.3; xent: 0.2; lr: 1.00000; sents:    2367; bsz:  578/ 498/47; 10888/9385 tok/s;    330 sec;
[2024-03-12 10:47:59,099 INFO] Step 6950/ 7800; acc: 93.3; ppl:   1.3; xent: 0.2; lr: 1.00000; sents:    2367; bsz:  561/ 487/47; 8889/7721 tok/s;    333 sec;
[2024-03-12 10:48:01,662 INFO] Step 7000/ 7800; acc: 93.4; ppl:   1.3; xent: 0.2; lr: 1.00000; sents:    2260; bsz:  554/ 481/45; 10801/9377 tok/s;    336 sec;
[2024-03-12 10:48:05,719 INFO] valid stats calculation
                           took: 4.056593894958496 s.
[2024-03-12 10:48:05,720 INFO] Train perplexity: 4.08404
[2024-03-12 10:48:05,720 INFO] Train accuracy: 72.7748
[2024-03-12 10:48:05,720 INFO] Sentences processed: 196278
[2024-03-12 10:48:05,720 INFO] Average bsz:  569/ 494/47
[2024-03-12 10:48:05,720 INFO] Validation perplexity: 6834.12
[2024-03-12 10:48:05,720 INFO] Validation accuracy: 29.3221
[2024-03-12 10:48:05,722 INFO] Saving checkpoint tg-ft-enc/tg-ft-enc_2800_03_step_7000.pt
[2024-03-12 10:48:08,614 INFO] Step 7050/ 7800; acc: 93.8; ppl:   1.3; xent: 0.2; lr: 1.00000; sents:    2268; bsz:  558/ 481/45; 4011/3463 tok/s;    343 sec;
[2024-03-12 10:48:11,313 INFO] Step 7100/ 7800; acc: 93.7; ppl:   1.2; xent: 0.2; lr: 1.00000; sents:    2367; bsz:  566/ 495/47; 10495/9171 tok/s;    345 sec;
[2024-03-12 10:48:14,123 INFO] Step 7150/ 7800; acc: 93.3; ppl:   1.3; xent: 0.2; lr: 1.00000; sents:    2373; bsz:  581/ 507/47; 10339/9015 tok/s;    348 sec;
[2024-03-12 10:48:16,908 INFO] Step 7200/ 7800; acc: 93.3; ppl:   1.3; xent: 0.2; lr: 1.00000; sents:    2372; bsz:  585/ 503/47; 10498/9039 tok/s;    351 sec;
[2024-03-12 10:48:20,817 INFO] valid stats calculation
                           took: 3.9080936908721924 s.
[2024-03-12 10:48:20,818 INFO] Train perplexity: 3.86963
[2024-03-12 10:48:20,818 INFO] Train accuracy: 73.7231
[2024-03-12 10:48:20,818 INFO] Sentences processed: 205658
[2024-03-12 10:48:20,818 INFO] Average bsz:  569/ 494/47
[2024-03-12 10:48:20,818 INFO] Validation perplexity: 9472.12
[2024-03-12 10:48:20,818 INFO] Validation accuracy: 28.56
[2024-03-12 10:48:20,819 INFO] Saving checkpoint tg-ft-enc/tg-ft-enc_2800_03_step_7200.pt
[2024-03-12 10:48:23,507 INFO] Step 7250/ 7800; acc: 93.4; ppl:   1.3; xent: 0.2; lr: 1.00000; sents:    2274; bsz:  543/ 474/45; 4116/3591 tok/s;    358 sec;
[2024-03-12 10:48:26,118 INFO] Step 7300/ 7800; acc: 93.6; ppl:   1.3; xent: 0.2; lr: 1.00000; sents:    2382; bsz:  577/ 497/48; 11041/9523 tok/s;    360 sec;
[2024-03-12 10:48:28,953 INFO] Step 7350/ 7800; acc: 93.0; ppl:   1.3; xent: 0.2; lr: 1.00000; sents:    2376; bsz:  589/ 509/48; 10383/8980 tok/s;    363 sec;
[2024-03-12 10:48:32,208 INFO] Step 7400/ 7800; acc: 93.6; ppl:   1.2; xent: 0.2; lr: 1.00000; sents:    2375; bsz:  565/ 490/48; 8680/7535 tok/s;    366 sec;
[2024-03-12 10:48:35,897 INFO] valid stats calculation
                           took: 3.6885735988616943 s.
[2024-03-12 10:48:35,897 INFO] Train perplexity: 3.68552
[2024-03-12 10:48:35,897 INFO] Train accuracy: 74.5767
[2024-03-12 10:48:35,897 INFO] Sentences processed: 215065
[2024-03-12 10:48:35,898 INFO] Average bsz:  569/ 494/47
[2024-03-12 10:48:35,898 INFO] Validation perplexity: 10011
[2024-03-12 10:48:35,898 INFO] Validation accuracy: 29.8034
[2024-03-12 10:48:35,899 INFO] Saving checkpoint tg-ft-enc/tg-ft-enc_2800_03_step_7400.pt
[2024-03-12 10:48:38,793 INFO] Step 7450/ 7800; acc: 93.7; ppl:   1.2; xent: 0.2; lr: 1.00000; sents:    2273; bsz:  564/ 489/45; 4286/3712 tok/s;    373 sec;
[2024-03-12 10:48:41,373 INFO] Step 7500/ 7800; acc: 94.0; ppl:   1.2; xent: 0.2; lr: 1.00000; sents:    2260; bsz:  558/ 482/45; 10809/9333 tok/s;    375 sec;
[2024-03-12 10:48:43,818 INFO] Step 7550/ 7800; acc: 93.8; ppl:   1.2; xent: 0.2; lr: 1.00000; sents:    2369; bsz:  565/ 490/47; 11551/10034 tok/s;    378 sec;
[2024-03-12 10:48:46,291 INFO] Step 7600/ 7800; acc: 93.7; ppl:   1.2; xent: 0.2; lr: 1.00000; sents:    2365; bsz:  580/ 500/47; 11724/10101 tok/s;    380 sec;
[2024-03-12 10:48:50,917 INFO] valid stats calculation
                           took: 4.6258556842803955 s.
[2024-03-12 10:48:50,918 INFO] Train perplexity: 3.5234
[2024-03-12 10:48:50,918 INFO] Train accuracy: 75.3724
[2024-03-12 10:48:50,918 INFO] Sentences processed: 224332
[2024-03-12 10:48:50,918 INFO] Average bsz:  569/ 494/47
[2024-03-12 10:48:50,918 INFO] Validation perplexity: 13528.4
[2024-03-12 10:48:50,918 INFO] Validation accuracy: 29.5628
[2024-03-12 10:48:50,919 INFO] Saving checkpoint tg-ft-enc/tg-ft-enc_2800_03_step_7600.pt
[2024-03-12 10:48:53,608 INFO] Step 7650/ 7800; acc: 93.7; ppl:   1.2; xent: 0.2; lr: 1.00000; sents:    2267; bsz:  560/ 486/45; 3828/3321 tok/s;    388 sec;
[2024-03-12 10:48:56,541 INFO] Step 7700/ 7800; acc: 93.5; ppl:   1.3; xent: 0.2; lr: 1.00000; sents:    2367; bsz:  564/ 493/47; 9618/8400 tok/s;    391 sec;
[2024-03-12 10:48:59,264 INFO] Step 7750/ 7800; acc: 93.5; ppl:   1.3; xent: 0.2; lr: 1.00000; sents:    2372; bsz:  582/ 503/47; 10685/9246 tok/s;    393 sec;
[2024-03-12 10:49:02,526 INFO] Step 7800/ 7800; acc: 93.9; ppl:   1.2; xent: 0.2; lr: 1.00000; sents:    2257; bsz:  556/ 481/45; 8526/7374 tok/s;    397 sec;
[2024-03-12 10:49:06,486 INFO] valid stats calculation
                           took: 3.958676815032959 s.
[2024-03-12 10:49:06,486 INFO] Train perplexity: 3.3809
[2024-03-12 10:49:06,486 INFO] Train accuracy: 76.0995
[2024-03-12 10:49:06,486 INFO] Sentences processed: 233595
[2024-03-12 10:49:06,486 INFO] Average bsz:  569/ 494/47
[2024-03-12 10:49:06,486 INFO] Validation perplexity: 14348.4
[2024-03-12 10:49:06,486 INFO] Validation accuracy: 29.4826
[2024-03-12 10:49:06,487 INFO] Saving checkpoint tg-ft-enc/tg-ft-enc_2800_03_step_7800.pt
