[2024-03-08 16:02:11,245 WARNING] Corpus corpus_1's weight should be given. We default it to 1 for you.
[2024-03-08 16:02:11,245 INFO] Parsed 2 corpora from -data.
[2024-03-08 16:02:11,245 INFO] Get special vocabs from Transforms: {'src': [], 'tgt': []}.
[2024-03-08 16:02:11,250 INFO] Reading encoder embeddings from en_w2v.txt
[2024-03-08 16:02:46,121 INFO] 	Found 3000000 total vectors in file.
[2024-03-08 16:02:46,121 INFO] After filtering to vectors in vocab:
[2024-03-08 16:02:46,122 INFO] 	* enc: 2268 match, 116 missing, (95.13%)
[2024-03-08 16:02:46,122 INFO] 
Saving encoder embeddings as:
	* enc: tg-enc.enc_embeddings.pt
[2024-03-08 16:02:46,607 INFO] The first 10 tokens of the vocabs are:['<unk>', '<blank>', '<s>', '</s>', '.', 'the', ',', 'i', 'to', 'it']
[2024-03-08 16:02:46,607 INFO] The decoder start token is: <s>
[2024-03-08 16:02:46,607 INFO] Building model...
[2024-03-08 16:02:46,718 INFO] Switching model to float32 for amp/apex_amp
[2024-03-08 16:02:46,718 INFO] Non quantized layer compute is fp32
[2024-03-08 16:02:48,439 INFO] NMTModel(
  (encoder): RNNEncoder(
    (embeddings): Embeddings(
      (make_embedding): Sequential(
        (emb_luts): Elementwise(
          (0): Embedding(2384, 300, padding_idx=1)
        )
      )
      (dropout): Dropout(p=0.3, inplace=False)
    )
    (rnn): LSTM(300, 500, num_layers=2, batch_first=True, dropout=0.3)
  )
  (decoder): InputFeedRNNDecoder(
    (embeddings): Embeddings(
      (make_embedding): Sequential(
        (emb_luts): Elementwise(
          (0): Embedding(2416, 300, padding_idx=1)
        )
      )
      (dropout): Dropout(p=0.3, inplace=False)
    )
    (dropout): Dropout(p=0.3, inplace=False)
    (rnn): StackedLSTM(
      (dropout): Dropout(p=0.3, inplace=False)
      (layers): ModuleList(
        (0): LSTMCell(800, 500)
        (1): LSTMCell(500, 500)
      )
    )
    (attn): GlobalAttention(
      (linear_in): Linear(in_features=500, out_features=500, bias=False)
      (linear_out): Linear(in_features=1000, out_features=500, bias=False)
    )
  )
  (generator): Linear(in_features=500, out_features=2416, bias=True)
)
[2024-03-08 16:02:48,439 INFO] encoder: 4323200
[2024-03-08 16:02:48,439 INFO] decoder: 7293216
[2024-03-08 16:02:48,439 INFO] * number of parameters: 11616416
[2024-03-08 16:02:48,440 INFO] Trainable parameters = {'torch.float32': 11616416, 'torch.float16': 0, 'torch.uint8': 0, 'torch.int8': 0}
[2024-03-08 16:02:48,440 INFO] Non trainable parameters = {'torch.float32': 0, 'torch.float16': 0, 'torch.uint8': 0, 'torch.int8': 0}
[2024-03-08 16:02:48,440 INFO]  * src vocab size = 2384
[2024-03-08 16:02:48,440 INFO]  * tgt vocab size = 2416
[2024-03-08 16:02:48,441 INFO] Starting training on GPU: [0]
[2024-03-08 16:02:48,441 INFO] Start training loop and validate every 200 steps...
[2024-03-08 16:02:48,441 INFO] Scoring with: TransformPipe(InferFeatsTransform())
[2024-03-08 16:02:52,757 INFO] Step 50/10000; acc: 9.7; ppl: 16808.5; xent: 9.7; lr: 1.00000; sents:    2366; bsz:  591/ 513/47; 6841/5942 tok/s;      4 sec;
[2024-03-08 16:02:55,209 INFO] Step 100/10000; acc: 10.4; ppl: 5128.3; xent: 8.5; lr: 1.00000; sents:    2273; bsz:  543/ 473/45; 11076/9641 tok/s;      7 sec;
[2024-03-08 16:02:58,060 INFO] Step 150/10000; acc: 11.2; ppl: 1705.6; xent: 7.4; lr: 1.00000; sents:    2363; bsz:  585/ 508/47; 10264/8910 tok/s;     10 sec;
[2024-03-08 16:03:00,855 INFO] Step 200/10000; acc: 11.9; ppl: 588.9; xent: 6.4; lr: 1.00000; sents:    2365; bsz:  563/ 489/47; 10065/8743 tok/s;     12 sec;
[2024-03-08 16:03:02,802 INFO] valid stats calculation
                           took: 1.9464318752288818 s.
[2024-03-08 16:03:02,803 INFO] Train perplexity: 3084.14
[2024-03-08 16:03:02,803 INFO] Train accuracy: 10.8115
[2024-03-08 16:03:02,803 INFO] Sentences processed: 9367
[2024-03-08 16:03:02,803 INFO] Average bsz:  570/ 496/47
[2024-03-08 16:03:02,803 INFO] Validation perplexity: 412.949
[2024-03-08 16:03:02,803 INFO] Validation accuracy: 13.3975
[2024-03-08 16:03:02,803 INFO] Saving checkpoint tg-enc/tg_03_step_200.pt
[2024-03-08 16:03:05,768 INFO] Step 250/10000; acc: 12.9; ppl: 415.4; xent: 6.0; lr: 1.00000; sents:    2246; bsz:  570/ 493/45; 5800/5021 tok/s;     17 sec;
[2024-03-08 16:03:08,156 INFO] Step 300/10000; acc: 12.8; ppl: 347.7; xent: 5.9; lr: 1.00000; sents:    2372; bsz:  566/ 491/47; 11852/10281 tok/s;     20 sec;
[2024-03-08 16:03:11,087 INFO] Step 350/10000; acc: 13.4; ppl: 306.1; xent: 5.7; lr: 1.00000; sents:    2275; bsz:  561/ 487/46; 9574/8305 tok/s;     23 sec;
[2024-03-08 16:03:14,000 INFO] Step 400/10000; acc: 14.4; ppl: 263.9; xent: 5.6; lr: 1.00000; sents:    2383; bsz:  587/ 510/48; 10074/8751 tok/s;     26 sec;
[2024-03-08 16:03:16,028 INFO] valid stats calculation
                           took: 2.027039051055908 s.
[2024-03-08 16:03:16,028 INFO] Train perplexity: 1006.36
[2024-03-08 16:03:16,028 INFO] Train accuracy: 12.0967
[2024-03-08 16:03:16,028 INFO] Sentences processed: 18643
[2024-03-08 16:03:16,028 INFO] Average bsz:  571/ 495/47
[2024-03-08 16:03:16,028 INFO] Validation perplexity: 429.932
[2024-03-08 16:03:16,028 INFO] Validation accuracy: 7.78179
[2024-03-08 16:03:16,029 INFO] Saving checkpoint tg-enc/tg_03_step_400.pt
[2024-03-08 16:03:18,908 INFO] Step 450/10000; acc: 15.9; ppl: 213.8; xent: 5.4; lr: 1.00000; sents:    2381; bsz:  568/ 495/48; 5788/5040 tok/s;     30 sec;
[2024-03-08 16:03:21,393 INFO] Step 500/10000; acc: 17.3; ppl: 182.8; xent: 5.2; lr: 1.00000; sents:    2261; bsz:  552/ 477/45; 11105/9596 tok/s;     33 sec;
[2024-03-08 16:03:24,147 INFO] Step 550/10000; acc: 18.7; ppl: 155.1; xent: 5.0; lr: 1.00000; sents:    2372; bsz:  580/ 502/47; 10531/9115 tok/s;     36 sec;
[2024-03-08 16:03:27,023 INFO] Step 600/10000; acc: 20.2; ppl: 135.8; xent: 4.9; lr: 1.00000; sents:    2366; bsz:  562/ 489/47; 9775/8505 tok/s;     39 sec;
[2024-03-08 16:03:29,021 INFO] valid stats calculation
                           took: 1.9974660873413086 s.
[2024-03-08 16:03:29,021 INFO] Train perplexity: 557.677
[2024-03-08 16:03:29,021 INFO] Train accuracy: 14.0634
[2024-03-08 16:03:29,021 INFO] Sentences processed: 28023
[2024-03-08 16:03:29,021 INFO] Average bsz:  569/ 494/47
[2024-03-08 16:03:29,021 INFO] Validation perplexity: 287.613
[2024-03-08 16:03:29,021 INFO] Validation accuracy: 18.4517
[2024-03-08 16:03:29,022 INFO] Saving checkpoint tg-enc/tg_03_step_600.pt
[2024-03-08 16:03:31,971 INFO] Step 650/10000; acc: 20.0; ppl: 135.6; xent: 4.9; lr: 1.00000; sents:    2271; bsz:  567/ 491/45; 5728/4957 tok/s;     44 sec;
[2024-03-08 16:03:34,403 INFO] Step 700/10000; acc: 21.1; ppl: 121.6; xent: 4.8; lr: 1.00000; sents:    2460; bsz:  588/ 522/49; 12086/10733 tok/s;     46 sec;
[2024-03-08 16:03:37,211 INFO] Step 750/10000; acc: 21.9; ppl: 107.6; xent: 4.7; lr: 1.00000; sents:    2271; bsz:  567/ 490/45; 10092/8721 tok/s;     49 sec;
[2024-03-08 16:03:40,067 INFO] Step 800/10000; acc: 23.3; ppl:  92.4; xent: 4.5; lr: 1.00000; sents:    2365; bsz:  561/ 487/47; 9817/8520 tok/s;     52 sec;
[2024-03-08 16:03:42,084 INFO] valid stats calculation
                           took: 2.0167434215545654 s.
[2024-03-08 16:03:42,085 INFO] Train perplexity: 373.657
[2024-03-08 16:03:42,085 INFO] Train accuracy: 15.9518
[2024-03-08 16:03:42,085 INFO] Sentences processed: 37390
[2024-03-08 16:03:42,085 INFO] Average bsz:  569/ 495/47
[2024-03-08 16:03:42,085 INFO] Validation perplexity: 227.137
[2024-03-08 16:03:42,085 INFO] Validation accuracy: 20.7381
[2024-03-08 16:03:42,085 INFO] Saving checkpoint tg-enc/tg_03_step_800.pt
[2024-03-08 16:03:45,090 INFO] Step 850/10000; acc: 23.5; ppl:  88.1; xent: 4.5; lr: 1.00000; sents:    2372; bsz:  575/ 500/47; 5725/4973 tok/s;     57 sec;
[2024-03-08 16:03:47,758 INFO] Step 900/10000; acc: 24.8; ppl:  78.8; xent: 4.4; lr: 1.00000; sents:    2268; bsz:  557/ 483/45; 10442/9044 tok/s;     59 sec;
[2024-03-08 16:03:50,490 INFO] Step 950/10000; acc: 25.7; ppl:  69.9; xent: 4.2; lr: 1.00000; sents:    2376; bsz:  581/ 506/48; 10638/9257 tok/s;     62 sec;
[2024-03-08 16:03:53,383 INFO] Step 1000/10000; acc: 27.0; ppl:  59.4; xent: 4.1; lr: 1.00000; sents:    2284; bsz:  547/ 475/46; 9456/8218 tok/s;     65 sec;
[2024-03-08 16:03:55,355 INFO] valid stats calculation
                           took: 1.9708542823791504 s.
[2024-03-08 16:03:55,355 INFO] Train perplexity: 270.416
[2024-03-08 16:03:55,355 INFO] Train accuracy: 17.7991
[2024-03-08 16:03:55,355 INFO] Sentences processed: 46690
[2024-03-08 16:03:55,355 INFO] Average bsz:  568/ 494/47
[2024-03-08 16:03:55,355 INFO] Validation perplexity: 223.617
[2024-03-08 16:03:55,355 INFO] Validation accuracy: 21.9815
[2024-03-08 16:03:55,356 INFO] Saving checkpoint tg-enc/tg_03_step_1000.pt
[2024-03-08 16:03:58,359 INFO] Step 1050/10000; acc: 28.4; ppl:  53.1; xent: 4.0; lr: 1.00000; sents:    2376; bsz:  581/ 505/48; 5837/5071 tok/s;     70 sec;
[2024-03-08 16:04:01,019 INFO] Step 1100/10000; acc: 29.0; ppl:  48.6; xent: 3.9; lr: 1.00000; sents:    2375; bsz:  565/ 490/48; 10625/9219 tok/s;     73 sec;
[2024-03-08 16:04:03,536 INFO] Step 1150/10000; acc: 29.8; ppl:  44.1; xent: 3.8; lr: 1.00000; sents:    2271; bsz:  560/ 481/45; 11134/9567 tok/s;     75 sec;
[2024-03-08 16:04:06,472 INFO] Step 1200/10000; acc: 31.5; ppl:  38.1; xent: 3.6; lr: 1.00000; sents:    2366; bsz:  577/ 501/47; 9829/8532 tok/s;     78 sec;
[2024-03-08 16:04:08,536 INFO] valid stats calculation
                           took: 2.063063621520996 s.
[2024-03-08 16:04:08,536 INFO] Train perplexity: 200.994
[2024-03-08 16:04:08,536 INFO] Train accuracy: 19.7781
[2024-03-08 16:04:08,536 INFO] Sentences processed: 56078
[2024-03-08 16:04:08,536 INFO] Average bsz:  569/ 494/47
[2024-03-08 16:04:08,536 INFO] Validation perplexity: 275.558
[2024-03-08 16:04:08,536 INFO] Validation accuracy: 21.8211
[2024-03-08 16:04:08,537 INFO] Saving checkpoint tg-enc/tg_03_step_1200.pt
[2024-03-08 16:04:11,459 INFO] Step 1250/10000; acc: 32.5; ppl:  34.7; xent: 3.5; lr: 1.00000; sents:    2366; bsz:  564/ 490/47; 5657/4918 tok/s;     83 sec;
[2024-03-08 16:04:14,311 INFO] Step 1300/10000; acc: 32.2; ppl:  33.8; xent: 3.5; lr: 1.00000; sents:    2264; bsz:  582/ 502/45; 10208/8810 tok/s;     86 sec;
[2024-03-08 16:04:16,755 INFO] Step 1350/10000; acc: 34.6; ppl:  28.0; xent: 3.3; lr: 1.00000; sents:    2369; bsz:  566/ 491/47; 11575/10051 tok/s;     88 sec;
[2024-03-08 16:04:19,596 INFO] Step 1400/10000; acc: 37.1; ppl:  23.4; xent: 3.2; lr: 1.00000; sents:    2367; bsz:  563/ 488/47; 9911/8590 tok/s;     91 sec;
[2024-03-08 16:04:21,572 INFO] valid stats calculation
                           took: 1.975771188735962 s.
[2024-03-08 16:04:21,572 INFO] Train perplexity: 152.965
[2024-03-08 16:04:21,572 INFO] Train accuracy: 21.8171
[2024-03-08 16:04:21,572 INFO] Sentences processed: 65444
[2024-03-08 16:04:21,572 INFO] Average bsz:  569/ 494/47
[2024-03-08 16:04:21,572 INFO] Validation perplexity: 237.206
[2024-03-08 16:04:21,572 INFO] Validation accuracy: 25.7521
[2024-03-08 16:04:21,573 INFO] Saving checkpoint tg-enc/tg_03_step_1400.pt
[2024-03-08 16:04:24,606 INFO] Step 1450/10000; acc: 37.8; ppl:  21.6; xent: 3.1; lr: 1.00000; sents:    2272; bsz:  578/ 497/45; 5773/4956 tok/s;     96 sec;
[2024-03-08 16:04:27,419 INFO] Step 1500/10000; acc: 39.9; ppl:  18.4; xent: 2.9; lr: 1.00000; sents:    2371; bsz:  564/ 490/47; 10025/8701 tok/s;     99 sec;
[2024-03-08 16:04:30,085 INFO] Step 1550/10000; acc: 41.2; ppl:  16.5; xent: 2.8; lr: 1.00000; sents:    2375; bsz:  583/ 505/48; 10934/9464 tok/s;    102 sec;
[2024-03-08 16:04:32,917 INFO] Step 1600/10000; acc: 44.4; ppl:  13.2; xent: 2.6; lr: 1.00000; sents:    2382; bsz:  565/ 492/48; 9979/8686 tok/s;    104 sec;
[2024-03-08 16:04:34,944 INFO] valid stats calculation
                           took: 2.0267937183380127 s.
[2024-03-08 16:04:34,945 INFO] Train perplexity: 116.248
[2024-03-08 16:04:34,945 INFO] Train accuracy: 24.202
[2024-03-08 16:04:34,945 INFO] Sentences processed: 74844
[2024-03-08 16:04:34,945 INFO] Average bsz:  569/ 494/47
[2024-03-08 16:04:34,945 INFO] Validation perplexity: 341.54
[2024-03-08 16:04:34,945 INFO] Validation accuracy: 26.1131
[2024-03-08 16:04:34,945 INFO] Saving checkpoint tg-enc/tg_03_step_1600.pt
[2024-03-08 16:04:37,973 INFO] Step 1650/10000; acc: 46.7; ppl:  11.4; xent: 2.4; lr: 1.00000; sents:    2274; bsz:  557/ 483/45; 5513/4780 tok/s;    110 sec;
[2024-03-08 16:04:40,871 INFO] Step 1700/10000; acc: 46.7; ppl:  11.3; xent: 2.4; lr: 1.00000; sents:    2376; bsz:  589/ 510/48; 10158/8804 tok/s;    112 sec;
[2024-03-08 16:04:43,340 INFO] Step 1750/10000; acc: 50.3; ppl:   8.8; xent: 2.2; lr: 1.00000; sents:    2272; bsz:  563/ 489/45; 11411/9900 tok/s;    115 sec;
[2024-03-08 16:04:46,208 INFO] Step 1800/10000; acc: 52.0; ppl:   8.0; xent: 2.1; lr: 1.00000; sents:    2366; bsz:  569/ 497/47; 9913/8657 tok/s;    118 sec;
[2024-03-08 16:04:48,157 INFO] valid stats calculation
                           took: 1.9482882022857666 s.
[2024-03-08 16:04:48,157 INFO] Train perplexity: 88.2407
[2024-03-08 16:04:48,157 INFO] Train accuracy: 26.9523
[2024-03-08 16:04:48,157 INFO] Sentences processed: 84132
[2024-03-08 16:04:48,157 INFO] Average bsz:  569/ 494/47
[2024-03-08 16:04:48,157 INFO] Validation perplexity: 420.822
[2024-03-08 16:04:48,157 INFO] Validation accuracy: 24.7894
[2024-03-08 16:04:48,158 INFO] Saving checkpoint tg-enc/tg_03_step_1800.pt
[2024-03-08 16:04:51,007 INFO] Step 1850/10000; acc: 54.7; ppl:   6.9; xent: 1.9; lr: 1.00000; sents:    2248; bsz:  550/ 476/45; 5730/4957 tok/s;    123 sec;
[2024-03-08 16:04:53,894 INFO] Step 1900/10000; acc: 55.4; ppl:   6.7; xent: 1.9; lr: 1.00000; sents:    2363; bsz:  585/ 507/47; 10128/8782 tok/s;    125 sec;
[2024-03-08 16:04:56,409 INFO] Step 1950/10000; acc: 58.5; ppl:   5.6; xent: 1.7; lr: 1.00000; sents:    2365; bsz:  564/ 490/47; 11218/9755 tok/s;    128 sec;
[2024-03-08 16:04:59,220 INFO] Step 2000/10000; acc: 60.4; ppl:   5.0; xent: 1.6; lr: 1.00000; sents:    2367; bsz:  561/ 488/47; 9976/8677 tok/s;    131 sec;
[2024-03-08 16:05:01,217 INFO] valid stats calculation
                           took: 1.9971683025360107 s.
[2024-03-08 16:05:01,218 INFO] Train perplexity: 67.5601
[2024-03-08 16:05:01,218 INFO] Train accuracy: 29.9601
[2024-03-08 16:05:01,218 INFO] Sentences processed: 93475
[2024-03-08 16:05:01,218 INFO] Average bsz:  569/ 494/47
[2024-03-08 16:05:01,218 INFO] Validation perplexity: 654.06
[2024-03-08 16:05:01,218 INFO] Validation accuracy: 24.3081
[2024-03-08 16:05:01,218 INFO] Saving checkpoint tg-enc/tg_03_step_2000.pt
[2024-03-08 16:05:04,232 INFO] Step 2050/10000; acc: 61.9; ppl:   4.7; xent: 1.6; lr: 1.00000; sents:    2372; bsz:  583/ 505/47; 5811/5039 tok/s;    136 sec;
[2024-03-08 16:05:07,222 INFO] Step 2100/10000; acc: 63.9; ppl:   4.2; xent: 1.4; lr: 1.00000; sents:    2275; bsz:  562/ 487/46; 9395/8147 tok/s;    139 sec;
[2024-03-08 16:05:09,760 INFO] Step 2150/10000; acc: 66.3; ppl:   3.8; xent: 1.3; lr: 1.00000; sents:    2383; bsz:  567/ 495/48; 11177/9747 tok/s;    141 sec;
[2024-03-08 16:05:12,523 INFO] Step 2200/10000; acc: 67.7; ppl:   3.5; xent: 1.3; lr: 1.00000; sents:    2267; bsz:  555/ 481/45; 10043/8699 tok/s;    144 sec;
[2024-03-08 16:05:14,504 INFO] valid stats calculation
                           took: 1.980459451675415 s.
[2024-03-08 16:05:14,504 INFO] Train perplexity: 52.3259
[2024-03-08 16:05:14,504 INFO] Train accuracy: 33.1256
[2024-03-08 16:05:14,504 INFO] Sentences processed: 102772
[2024-03-08 16:05:14,504 INFO] Average bsz:  569/ 494/47
[2024-03-08 16:05:14,504 INFO] Validation perplexity: 1048.47
[2024-03-08 16:05:14,504 INFO] Validation accuracy: 24.5086
[2024-03-08 16:05:14,505 INFO] Saving checkpoint tg-enc/tg_03_step_2200.pt
[2024-03-08 16:05:17,461 INFO] Step 2250/10000; acc: 69.3; ppl:   3.2; xent: 1.2; lr: 1.00000; sents:    2375; bsz:  579/ 500/48; 5859/5062 tok/s;    149 sec;
[2024-03-08 16:05:20,346 INFO] Step 2300/10000; acc: 71.0; ppl:   3.0; xent: 1.1; lr: 1.00000; sents:    2372; bsz:  566/ 496/47; 9814/8599 tok/s;    152 sec;
[2024-03-08 16:05:23,042 INFO] Step 2350/10000; acc: 71.7; ppl:   2.9; xent: 1.1; lr: 1.00000; sents:    2270; bsz:  567/ 493/45; 10526/9142 tok/s;    155 sec;
[2024-03-08 16:05:25,715 INFO] Step 2400/10000; acc: 72.3; ppl:   2.8; xent: 1.0; lr: 1.00000; sents:    2367; bsz:  588/ 515/47; 10994/9626 tok/s;    157 sec;
[2024-03-08 16:05:27,684 INFO] valid stats calculation
                           took: 1.968224048614502 s.
[2024-03-08 16:05:27,684 INFO] Train perplexity: 41.0806
[2024-03-08 16:05:27,684 INFO] Train accuracy: 36.3328
[2024-03-08 16:05:27,684 INFO] Sentences processed: 112156
[2024-03-08 16:05:27,684 INFO] Average bsz:  569/ 494/47
[2024-03-08 16:05:27,684 INFO] Validation perplexity: 1393.82
[2024-03-08 16:05:27,684 INFO] Validation accuracy: 22.864
[2024-03-08 16:05:27,685 INFO] Saving checkpoint tg-enc/tg_03_step_2400.pt
[2024-03-08 16:05:30,587 INFO] Step 2450/10000; acc: 74.8; ppl:   2.5; xent: 0.9; lr: 1.00000; sents:    2364; bsz:  561/ 487/47; 5753/5000 tok/s;    162 sec;
[2024-03-08 16:05:33,472 INFO] Step 2500/10000; acc: 75.6; ppl:   2.5; xent: 0.9; lr: 1.00000; sents:    2263; bsz:  554/ 478/45; 9607/8290 tok/s;    165 sec;
[2024-03-08 16:05:36,209 INFO] Step 2550/10000; acc: 76.6; ppl:   2.3; xent: 0.8; lr: 1.00000; sents:    2365; bsz:  573/ 496/47; 10470/9064 tok/s;    168 sec;
[2024-03-08 16:05:38,756 INFO] Step 2600/10000; acc: 78.1; ppl:   2.2; xent: 0.8; lr: 1.00000; sents:    2276; bsz:  563/ 487/46; 11051/9552 tok/s;    170 sec;
[2024-03-08 16:05:40,753 INFO] valid stats calculation
                           took: 1.9965147972106934 s.
[2024-03-08 16:05:40,753 INFO] Train perplexity: 33.1019
[2024-03-08 16:05:40,753 INFO] Train accuracy: 39.3646
[2024-03-08 16:05:40,753 INFO] Sentences processed: 121424
[2024-03-08 16:05:40,753 INFO] Average bsz:  569/ 494/47
[2024-03-08 16:05:40,753 INFO] Validation perplexity: 2252.4
[2024-03-08 16:05:40,753 INFO] Validation accuracy: 26.434
[2024-03-08 16:05:40,754 INFO] Saving checkpoint tg-enc/tg_03_step_2600.pt
[2024-03-08 16:05:43,888 INFO] Step 2650/10000; acc: 78.8; ppl:   2.2; xent: 0.8; lr: 1.00000; sents:    2372; bsz:  581/ 506/47; 5663/4928 tok/s;    175 sec;
[2024-03-08 16:05:46,868 INFO] Step 2700/10000; acc: 80.1; ppl:   2.1; xent: 0.7; lr: 1.00000; sents:    2375; bsz:  565/ 494/48; 9479/8296 tok/s;    178 sec;
[2024-03-08 16:05:49,679 INFO] Step 2750/10000; acc: 80.5; ppl:   2.0; xent: 0.7; lr: 1.00000; sents:    2381; bsz:  579/ 499/48; 10304/8883 tok/s;    181 sec;
[2024-03-08 16:05:52,413 INFO] Step 2800/10000; acc: 80.9; ppl:   2.0; xent: 0.7; lr: 1.00000; sents:    2276; bsz:  562/ 485/46; 10268/8864 tok/s;    184 sec;
[2024-03-08 16:05:54,421 INFO] valid stats calculation
                           took: 2.00761079788208 s.
[2024-03-08 16:05:54,422 INFO] Train perplexity: 27.1224
[2024-03-08 16:05:54,422 INFO] Train accuracy: 42.2825
[2024-03-08 16:05:54,422 INFO] Sentences processed: 130828
[2024-03-08 16:05:54,422 INFO] Average bsz:  569/ 494/47
[2024-03-08 16:05:54,422 INFO] Validation perplexity: 1846.53
[2024-03-08 16:05:54,422 INFO] Validation accuracy: 25.5917
[2024-03-08 16:05:54,422 INFO] Saving checkpoint tg-enc/tg_03_step_2800.pt
[2024-03-08 16:05:57,376 INFO] Step 2850/10000; acc: 81.9; ppl:   1.9; xent: 0.7; lr: 1.00000; sents:    2375; bsz:  566/ 491/48; 5700/4945 tok/s;    189 sec;
[2024-03-08 16:06:00,430 INFO] Step 2900/10000; acc: 82.0; ppl:   1.9; xent: 0.6; lr: 1.00000; sents:    2273; bsz:  565/ 489/45; 9254/8007 tok/s;    192 sec;
[2024-03-08 16:06:03,365 INFO] Step 2950/10000; acc: 83.2; ppl:   1.8; xent: 0.6; lr: 1.00000; sents:    2366; bsz:  583/ 506/47; 9941/8625 tok/s;    195 sec;
[2024-03-08 16:06:05,740 INFO] Step 3000/10000; acc: 83.6; ppl:   1.8; xent: 0.6; lr: 1.00000; sents:    2366; bsz:  564/ 490/47; 11885/10327 tok/s;    197 sec;
[2024-03-08 16:06:07,750 INFO] valid stats calculation
                           took: 2.0099706649780273 s.
[2024-03-08 16:06:07,751 INFO] Train perplexity: 22.6799
[2024-03-08 16:06:07,751 INFO] Train accuracy: 44.9764
[2024-03-08 16:06:07,751 INFO] Sentences processed: 140208
[2024-03-08 16:06:07,751 INFO] Average bsz:  569/ 494/47
[2024-03-08 16:06:07,751 INFO] Validation perplexity: 3748.91
[2024-03-08 16:06:07,751 INFO] Validation accuracy: 26.1131
[2024-03-08 16:06:07,751 INFO] Saving checkpoint tg-enc/tg_03_step_3000.pt
[2024-03-08 16:06:10,645 INFO] Step 3050/10000; acc: 83.6; ppl:   1.8; xent: 0.6; lr: 1.00000; sents:    2362; bsz:  579/ 499/47; 5899/5086 tok/s;    202 sec;
[2024-03-08 16:06:13,571 INFO] Step 3100/10000; acc: 84.7; ppl:   1.7; xent: 0.5; lr: 1.00000; sents:    2267; bsz:  544/ 472/45; 9296/8068 tok/s;    205 sec;
[2024-03-08 16:06:16,448 INFO] Step 3150/10000; acc: 84.2; ppl:   1.8; xent: 0.6; lr: 1.00000; sents:    2369; bsz:  580/ 501/47; 10089/8705 tok/s;    208 sec;
[2024-03-08 16:06:18,860 INFO] Step 3200/10000; acc: 85.0; ppl:   1.7; xent: 0.5; lr: 1.00000; sents:    2270; bsz:  559/ 485/45; 11593/10056 tok/s;    210 sec;
[2024-03-08 16:06:20,886 INFO] valid stats calculation
                           took: 2.025757312774658 s.
[2024-03-08 16:06:20,887 INFO] Train perplexity: 19.3452
[2024-03-08 16:06:20,887 INFO] Train accuracy: 47.4164
[2024-03-08 16:06:20,887 INFO] Sentences processed: 149476
[2024-03-08 16:06:20,887 INFO] Average bsz:  569/ 494/47
[2024-03-08 16:06:20,887 INFO] Validation perplexity: 3119.88
[2024-03-08 16:06:20,887 INFO] Validation accuracy: 26.1532
[2024-03-08 16:06:20,887 INFO] Saving checkpoint tg-enc/tg_03_step_3200.pt
[2024-03-08 16:06:23,922 INFO] Step 3250/10000; acc: 84.9; ppl:   1.7; xent: 0.5; lr: 1.00000; sents:    2371; bsz:  583/ 504/47; 5755/4980 tok/s;    215 sec;
[2024-03-08 16:06:26,858 INFO] Step 3300/10000; acc: 85.6; ppl:   1.7; xent: 0.5; lr: 1.00000; sents:    2375; bsz:  565/ 492/48; 9627/8385 tok/s;    218 sec;
[2024-03-08 16:06:29,775 INFO] Step 3350/10000; acc: 85.0; ppl:   1.7; xent: 0.5; lr: 1.00000; sents:    2382; bsz:  589/ 510/48; 10092/8748 tok/s;    221 sec;
[2024-03-08 16:06:32,269 INFO] Step 3400/10000; acc: 85.9; ppl:   1.6; xent: 0.5; lr: 1.00000; sents:    2275; bsz:  563/ 488/46; 11278/9790 tok/s;    224 sec;
[2024-03-08 16:06:34,298 INFO] valid stats calculation
                           took: 2.0282866954803467 s.
[2024-03-08 16:06:34,299 INFO] Train perplexity: 16.7313
[2024-03-08 16:06:34,299 INFO] Train accuracy: 49.6707
[2024-03-08 16:06:34,299 INFO] Sentences processed: 158879
[2024-03-08 16:06:34,299 INFO] Average bsz:  569/ 494/47
[2024-03-08 16:06:34,299 INFO] Validation perplexity: 3838.1
[2024-03-08 16:06:34,299 INFO] Validation accuracy: 24.4685
[2024-03-08 16:06:34,299 INFO] Saving checkpoint tg-enc/tg_03_step_3400.pt
[2024-03-08 16:06:37,249 INFO] Step 3450/10000; acc: 86.5; ppl:   1.6; xent: 0.5; lr: 1.00000; sents:    2381; bsz:  572/ 499/48; 5744/5013 tok/s;    229 sec;
[2024-03-08 16:06:40,133 INFO] Step 3500/10000; acc: 87.2; ppl:   1.6; xent: 0.5; lr: 1.00000; sents:    2368; bsz:  565/ 491/47; 9792/8512 tok/s;    232 sec;
[2024-03-08 16:06:43,116 INFO] Step 3550/10000; acc: 86.8; ppl:   1.6; xent: 0.5; lr: 1.00000; sents:    2366; bsz:  586/ 506/47; 9814/8481 tok/s;    235 sec;
[2024-03-08 16:06:45,560 INFO] Step 3600/10000; acc: 87.2; ppl:   1.6; xent: 0.4; lr: 1.00000; sents:    2248; bsz:  551/ 478/45; 11282/9788 tok/s;    237 sec;
[2024-03-08 16:06:47,589 INFO] valid stats calculation
                           took: 2.027848720550537 s.
[2024-03-08 16:06:47,589 INFO] Train perplexity: 14.6814
[2024-03-08 16:06:47,590 INFO] Train accuracy: 51.7391
[2024-03-08 16:06:47,590 INFO] Sentences processed: 168242
[2024-03-08 16:06:47,590 INFO] Average bsz:  569/ 494/47
[2024-03-08 16:06:47,590 INFO] Validation perplexity: 3393.93
[2024-03-08 16:06:47,590 INFO] Validation accuracy: 26.1532
[2024-03-08 16:06:47,591 INFO] Saving checkpoint tg-enc/tg_03_step_3600.pt
[2024-03-08 16:06:50,516 INFO] Step 3650/10000; acc: 87.3; ppl:   1.6; xent: 0.4; lr: 1.00000; sents:    2249; bsz:  551/ 478/45; 5560/4827 tok/s;    242 sec;
[2024-03-08 16:06:53,407 INFO] Step 3700/10000; acc: 87.6; ppl:   1.5; xent: 0.4; lr: 1.00000; sents:    2479; bsz:  588/ 510/50; 10170/8813 tok/s;    245 sec;
[2024-03-08 16:06:56,360 INFO] Step 3750/10000; acc: 87.8; ppl:   1.6; xent: 0.4; lr: 1.00000; sents:    2258; bsz:  555/ 482/45; 9405/8158 tok/s;    248 sec;
[2024-03-08 16:06:58,945 INFO] Step 3800/10000; acc: 87.6; ppl:   1.5; xent: 0.4; lr: 1.00000; sents:    2377; bsz:  587/ 513/48; 11351/9927 tok/s;    251 sec;
[2024-03-08 16:07:00,937 INFO] valid stats calculation
                           took: 1.9914987087249756 s.
[2024-03-08 16:07:00,937 INFO] Train perplexity: 13.0377
[2024-03-08 16:07:00,937 INFO] Train accuracy: 53.6322
[2024-03-08 16:07:00,937 INFO] Sentences processed: 177605
[2024-03-08 16:07:00,937 INFO] Average bsz:  569/ 494/47
[2024-03-08 16:07:00,937 INFO] Validation perplexity: 3849.48
[2024-03-08 16:07:00,937 INFO] Validation accuracy: 25.9928
[2024-03-08 16:07:00,938 INFO] Saving checkpoint tg-enc/tg_03_step_3800.pt
[2024-03-08 16:07:03,928 INFO] Step 3850/10000; acc: 88.4; ppl:   1.5; xent: 0.4; lr: 1.00000; sents:    2272; bsz:  539/ 467/45; 5408/4688 tok/s;    255 sec;
[2024-03-08 16:07:06,820 INFO] Step 3900/10000; acc: 87.7; ppl:   1.6; xent: 0.4; lr: 1.00000; sents:    2381; bsz:  582/ 505/48; 10056/8725 tok/s;    258 sec;
[2024-03-08 16:07:09,748 INFO] Step 3950/10000; acc: 87.9; ppl:   1.5; xent: 0.4; lr: 1.00000; sents:    2376; bsz:  583/ 509/48; 9964/8689 tok/s;    261 sec;
[2024-03-08 16:07:12,467 INFO] Step 4000/10000; acc: 88.0; ppl:   1.5; xent: 0.4; lr: 1.00000; sents:    2278; bsz:  568/ 492/46; 10435/9045 tok/s;    264 sec;
[2024-03-08 16:07:14,523 INFO] valid stats calculation
                           took: 2.054568290710449 s.
[2024-03-08 16:07:14,523 INFO] Train perplexity: 11.7145
[2024-03-08 16:07:14,523 INFO] Train accuracy: 55.3471
[2024-03-08 16:07:14,523 INFO] Sentences processed: 186912
[2024-03-08 16:07:14,523 INFO] Average bsz:  569/ 494/47
[2024-03-08 16:07:14,523 INFO] Validation perplexity: 4989.9
[2024-03-08 16:07:14,523 INFO] Validation accuracy: 24.8295
[2024-03-08 16:07:14,524 INFO] Saving checkpoint tg-enc/tg_03_step_4000.pt
[2024-03-08 16:07:17,466 INFO] Step 4050/10000; acc: 88.5; ppl:   1.5; xent: 0.4; lr: 1.00000; sents:    2372; bsz:  568/ 497/47; 5678/4969 tok/s;    269 sec;
[2024-03-08 16:07:20,399 INFO] Step 4100/10000; acc: 88.3; ppl:   1.5; xent: 0.4; lr: 1.00000; sents:    2264; bsz:  559/ 483/45; 9530/8238 tok/s;    272 sec;
[2024-03-08 16:07:23,312 INFO] Step 4150/10000; acc: 88.6; ppl:   1.5; xent: 0.4; lr: 1.00000; sents:    2366; bsz:  575/ 495/47; 9863/8503 tok/s;    275 sec;
[2024-03-08 16:07:25,857 INFO] Step 4200/10000; acc: 88.7; ppl:   1.5; xent: 0.4; lr: 1.00000; sents:    2364; bsz:  558/ 487/47; 10968/9565 tok/s;    277 sec;
[2024-03-08 16:07:27,912 INFO] valid stats calculation
                           took: 2.0544545650482178 s.
[2024-03-08 16:07:27,912 INFO] Train perplexity: 10.6273
[2024-03-08 16:07:27,912 INFO] Train accuracy: 56.9171
[2024-03-08 16:07:27,912 INFO] Sentences processed: 196278
[2024-03-08 16:07:27,912 INFO] Average bsz:  569/ 494/47
[2024-03-08 16:07:27,912 INFO] Validation perplexity: 6482.9
[2024-03-08 16:07:27,912 INFO] Validation accuracy: 25.0301
[2024-03-08 16:07:27,913 INFO] Saving checkpoint tg-enc/tg_03_step_4200.pt
[2024-03-08 16:07:30,905 INFO] Step 4250/10000; acc: 88.8; ppl:   1.5; xent: 0.4; lr: 1.00000; sents:    2367; bsz:  563/ 492/47; 5581/4873 tok/s;    282 sec;
[2024-03-08 16:07:33,865 INFO] Step 4300/10000; acc: 88.8; ppl:   1.5; xent: 0.4; lr: 1.00000; sents:    2268; bsz:  561/ 484/45; 9474/8185 tok/s;    285 sec;
[2024-03-08 16:07:36,867 INFO] Step 4350/10000; acc: 88.9; ppl:   1.5; xent: 0.4; lr: 1.00000; sents:    2373; bsz:  581/ 507/47; 9676/8438 tok/s;    288 sec;
[2024-03-08 16:07:39,761 INFO] Step 4400/10000; acc: 88.0; ppl:   1.5; xent: 0.4; lr: 1.00000; sents:    2271; bsz:  564/ 489/45; 9754/8448 tok/s;    291 sec;
[2024-03-08 16:07:41,818 INFO] valid stats calculation
                           took: 2.0566599369049072 s.
[2024-03-08 16:07:41,818 INFO] Train perplexity: 9.72041
[2024-03-08 16:07:41,818 INFO] Train accuracy: 58.3565
[2024-03-08 16:07:41,818 INFO] Sentences processed: 205557
[2024-03-08 16:07:41,818 INFO] Average bsz:  569/ 494/47
[2024-03-08 16:07:41,818 INFO] Validation perplexity: 6130.85
[2024-03-08 16:07:41,818 INFO] Validation accuracy: 26.1131
[2024-03-08 16:07:41,819 INFO] Saving checkpoint tg-enc/tg_03_step_4400.pt
[2024-03-08 16:07:44,757 INFO] Step 4450/10000; acc: 89.1; ppl:   1.5; xent: 0.4; lr: 1.00000; sents:    2375; bsz:  579/ 498/48; 5795/4987 tok/s;    296 sec;
[2024-03-08 16:07:47,602 INFO] Step 4500/10000; acc: 89.0; ppl:   1.5; xent: 0.4; lr: 1.00000; sents:    2382; bsz:  561/ 487/48; 9859/8567 tok/s;    299 sec;
[2024-03-08 16:07:50,557 INFO] Step 4550/10000; acc: 88.3; ppl:   1.5; xent: 0.4; lr: 1.00000; sents:    2276; bsz:  565/ 488/46; 9562/8267 tok/s;    302 sec;
[2024-03-08 16:07:53,393 INFO] Step 4600/10000; acc: 88.9; ppl:   1.5; xent: 0.4; lr: 1.00000; sents:    2377; bsz:  567/ 492/48; 10005/8676 tok/s;    305 sec;
[2024-03-08 16:07:55,440 INFO] valid stats calculation
                           took: 2.0471479892730713 s.
[2024-03-08 16:07:55,441 INFO] Train perplexity: 8.95869
[2024-03-08 16:07:55,441 INFO] Train accuracy: 59.676
[2024-03-08 16:07:55,441 INFO] Sentences processed: 214967
[2024-03-08 16:07:55,441 INFO] Average bsz:  569/ 494/47
[2024-03-08 16:07:55,441 INFO] Validation perplexity: 5562.22
[2024-03-08 16:07:55,441 INFO] Validation accuracy: 26.3137
[2024-03-08 16:07:55,441 INFO] Saving checkpoint tg-enc/tg_03_step_4600.pt
[2024-03-08 16:07:58,472 INFO] Step 4650/10000; acc: 88.9; ppl:   1.5; xent: 0.4; lr: 1.00000; sents:    2371; bsz:  586/ 508/47; 5764/4999 tok/s;    310 sec;
[2024-03-08 16:08:01,385 INFO] Step 4700/10000; acc: 89.3; ppl:   1.4; xent: 0.4; lr: 1.00000; sents:    2366; bsz:  579/ 500/47; 9943/8579 tok/s;    313 sec;
[2024-03-08 16:08:04,311 INFO] Step 4750/10000; acc: 88.8; ppl:   1.5; xent: 0.4; lr: 1.00000; sents:    2263; bsz:  559/ 483/45; 9555/8247 tok/s;    316 sec;
[2024-03-08 16:08:07,148 INFO] Step 4800/10000; acc: 89.0; ppl:   1.5; xent: 0.4; lr: 1.00000; sents:    2365; bsz:  564/ 489/47; 9940/8626 tok/s;    319 sec;
[2024-03-08 16:08:09,147 INFO] valid stats calculation
                           took: 1.998967170715332 s.
[2024-03-08 16:08:09,148 INFO] Train perplexity: 8.30711
[2024-03-08 16:08:09,148 INFO] Train accuracy: 60.9013
[2024-03-08 16:08:09,148 INFO] Sentences processed: 224332
[2024-03-08 16:08:09,148 INFO] Average bsz:  569/ 494/47
[2024-03-08 16:08:09,148 INFO] Validation perplexity: 6574.83
[2024-03-08 16:08:09,148 INFO] Validation accuracy: 26.434
[2024-03-08 16:08:09,148 INFO] Saving checkpoint tg-enc/tg_03_step_4800.pt
[2024-03-08 16:08:12,037 INFO] Step 4850/10000; acc: 89.1; ppl:   1.5; xent: 0.4; lr: 1.00000; sents:    2367; bsz:  566/ 494/47; 5788/5055 tok/s;    324 sec;
[2024-03-08 16:08:14,917 INFO] Step 4900/10000; acc: 88.6; ppl:   1.5; xent: 0.4; lr: 1.00000; sents:    2267; bsz:  576/ 495/45; 10004/8599 tok/s;    326 sec;
[2024-03-08 16:08:17,838 INFO] Step 4950/10000; acc: 88.9; ppl:   1.5; xent: 0.4; lr: 1.00000; sents:    2372; bsz:  564/ 492/47; 9656/8433 tok/s;    329 sec;
[2024-03-08 16:08:20,756 INFO] Step 5000/10000; acc: 88.5; ppl:   1.5; xent: 0.4; lr: 1.00000; sents:    2257; bsz:  556/ 481/45; 9531/8243 tok/s;    332 sec;
[2024-03-08 16:08:22,841 INFO] valid stats calculation
                           took: 2.0843520164489746 s.
[2024-03-08 16:08:22,841 INFO] Train perplexity: 7.75681
[2024-03-08 16:08:22,841 INFO] Train accuracy: 62.01
[2024-03-08 16:08:22,841 INFO] Sentences processed: 233595
[2024-03-08 16:08:22,841 INFO] Average bsz:  569/ 494/47
[2024-03-08 16:08:22,841 INFO] Validation perplexity: 6405.95
[2024-03-08 16:08:22,842 INFO] Validation accuracy: 26.6747
[2024-03-08 16:08:22,842 INFO] Saving checkpoint tg-enc/tg_03_step_5000.pt
[2024-03-08 16:08:25,836 INFO] Step 5050/10000; acc: 88.3; ppl:   1.5; xent: 0.4; lr: 1.00000; sents:    2489; bsz:  599/ 523/50; 5892/5145 tok/s;    337 sec;
[2024-03-08 16:08:28,853 INFO] Step 5100/10000; acc: 88.8; ppl:   1.5; xent: 0.4; lr: 1.00000; sents:    2279; bsz:  564/ 488/46; 9344/8097 tok/s;    340 sec;
[2024-03-08 16:08:31,773 INFO] Step 5150/10000; acc: 88.3; ppl:   1.5; xent: 0.4; lr: 1.00000; sents:    2378; bsz:  568/ 494/48; 9720/8461 tok/s;    343 sec;
[2024-03-08 16:08:34,706 INFO] Step 5200/10000; acc: 88.1; ppl:   1.5; xent: 0.4; lr: 1.00000; sents:    2262; bsz:  575/ 496/45; 9795/8453 tok/s;    346 sec;
[2024-03-08 16:08:36,812 INFO] valid stats calculation
                           took: 2.105208158493042 s.
[2024-03-08 16:08:36,812 INFO] Train perplexity: 7.27639
[2024-03-08 16:08:36,813 INFO] Train accuracy: 63.0371
[2024-03-08 16:08:36,813 INFO] Sentences processed: 243003
[2024-03-08 16:08:36,813 INFO] Average bsz:  569/ 494/47
[2024-03-08 16:08:36,813 INFO] Validation perplexity: 7711.41
[2024-03-08 16:08:36,813 INFO] Validation accuracy: 27.2363
[2024-03-08 16:08:36,813 INFO] Saving checkpoint tg-enc/tg_03_step_5200.pt
[2024-03-08 16:08:39,752 INFO] Step 5250/10000; acc: 88.5; ppl:   1.5; xent: 0.4; lr: 1.00000; sents:    2366; bsz:  565/ 490/47; 5597/4856 tok/s;    351 sec;
[2024-03-08 16:08:42,631 INFO] Step 5300/10000; acc: 87.8; ppl:   1.5; xent: 0.4; lr: 1.00000; sents:    2253; bsz:  552/ 479/45; 9592/8314 tok/s;    354 sec;
[2024-03-08 16:08:45,505 INFO] Step 5350/10000; acc: 88.1; ppl:   1.5; xent: 0.4; lr: 1.00000; sents:    2364; bsz:  562/ 489/47; 9779/8510 tok/s;    357 sec;
[2024-03-08 16:08:48,416 INFO] Step 5400/10000; acc: 88.1; ppl:   1.5; xent: 0.4; lr: 1.00000; sents:    2367; bsz:  579/ 500/47; 9942/8585 tok/s;    360 sec;
[2024-03-08 16:08:50,521 INFO] valid stats calculation
                           took: 2.104706287384033 s.
[2024-03-08 16:08:50,522 INFO] Train perplexity: 6.86817
[2024-03-08 16:08:50,522 INFO] Train accuracy: 63.958
[2024-03-08 16:08:50,522 INFO] Sentences processed: 252353
[2024-03-08 16:08:50,522 INFO] Average bsz:  569/ 494/47
[2024-03-08 16:08:50,522 INFO] Validation perplexity: 8516.1
[2024-03-08 16:08:50,522 INFO] Validation accuracy: 27.1159
[2024-03-08 16:08:50,522 INFO] Saving checkpoint tg-enc/tg_03_step_5400.pt
[2024-03-08 16:08:53,458 INFO] Step 5450/10000; acc: 88.3; ppl:   1.5; xent: 0.4; lr: 1.00000; sents:    2365; bsz:  567/ 498/47; 5622/4943 tok/s;    365 sec;
[2024-03-08 16:08:56,434 INFO] Step 5500/10000; acc: 87.9; ppl:   1.5; xent: 0.4; lr: 1.00000; sents:    2372; bsz:  588/ 514/47; 9888/8630 tok/s;    368 sec;
[2024-03-08 16:08:59,411 INFO] Step 5550/10000; acc: 88.0; ppl:   1.5; xent: 0.4; lr: 1.00000; sents:    2274; bsz:  560/ 485/45; 9403/8148 tok/s;    371 sec;
[2024-03-08 16:09:02,350 INFO] Step 5600/10000; acc: 88.4; ppl:   1.5; xent: 0.4; lr: 1.00000; sents:    2375; bsz:  557/ 485/48; 9476/8254 tok/s;    374 sec;
[2024-03-08 16:09:04,505 INFO] valid stats calculation
                           took: 2.154491424560547 s.
[2024-03-08 16:09:04,505 INFO] Train perplexity: 6.50529
[2024-03-08 16:09:04,506 INFO] Train accuracy: 64.8255
[2024-03-08 16:09:04,506 INFO] Sentences processed: 261739
[2024-03-08 16:09:04,506 INFO] Average bsz:  569/ 494/47
[2024-03-08 16:09:04,506 INFO] Validation perplexity: 9094.63
[2024-03-08 16:09:04,506 INFO] Validation accuracy: 26.5544
[2024-03-08 16:09:04,506 INFO] Saving checkpoint tg-enc/tg_03_step_5600.pt
[2024-03-08 16:09:07,467 INFO] Step 5650/10000; acc: 87.7; ppl:   1.5; xent: 0.4; lr: 1.00000; sents:    2381; bsz:  583/ 507/48; 5695/4952 tok/s;    379 sec;
[2024-03-08 16:09:10,475 INFO] Step 5700/10000; acc: 87.5; ppl:   1.5; xent: 0.4; lr: 1.00000; sents:    2277; bsz:  568/ 492/46; 9439/8178 tok/s;    382 sec;
[2024-03-08 16:09:13,499 INFO] Step 5750/10000; acc: 88.1; ppl:   1.5; xent: 0.4; lr: 1.00000; sents:    2377; bsz:  582/ 507/48; 9617/8388 tok/s;    385 sec;
[2024-03-08 16:09:16,516 INFO] Step 5800/10000; acc: 87.4; ppl:   1.6; xent: 0.4; lr: 1.00000; sents:    2270; bsz:  559/ 480/45; 9273/7960 tok/s;    388 sec;
[2024-03-08 16:09:18,654 INFO] valid stats calculation
                           took: 2.137195110321045 s.
[2024-03-08 16:09:18,654 INFO] Train perplexity: 6.18761
[2024-03-08 16:09:18,654 INFO] Train accuracy: 65.6176
[2024-03-08 16:09:18,654 INFO] Sentences processed: 271044
[2024-03-08 16:09:18,654 INFO] Average bsz:  569/ 494/47
[2024-03-08 16:09:18,654 INFO] Validation perplexity: 7240.52
[2024-03-08 16:09:18,654 INFO] Validation accuracy: 27.0357
[2024-03-08 16:09:18,655 INFO] Saving checkpoint tg-enc/tg_03_step_5800.pt
[2024-03-08 16:09:21,487 INFO] Step 5850/10000; acc: 87.8; ppl:   1.5; xent: 0.4; lr: 1.00000; sents:    2366; bsz:  561/ 484/47; 5640/4871 tok/s;    393 sec;
[2024-03-08 16:09:24,380 INFO] Step 5900/10000; acc: 87.7; ppl:   1.5; xent: 0.4; lr: 1.00000; sents:    2266; bsz:  559/ 483/45; 9661/8348 tok/s;    396 sec;
[2024-03-08 16:09:27,264 INFO] Step 5950/10000; acc: 87.7; ppl:   1.5; xent: 0.4; lr: 1.00000; sents:    2364; bsz:  561/ 492/47; 9733/8524 tok/s;    399 sec;
[2024-03-08 16:09:30,189 INFO] Step 6000/10000; acc: 87.9; ppl:   1.5; xent: 0.4; lr: 1.00000; sents:    2368; bsz:  579/ 504/47; 9897/8622 tok/s;    402 sec;
[2024-03-08 16:09:32,216 INFO] valid stats calculation
                           took: 2.0269105434417725 s.
[2024-03-08 16:09:32,217 INFO] Train perplexity: 5.90907
[2024-03-08 16:09:32,217 INFO] Train accuracy: 66.3522
[2024-03-08 16:09:32,217 INFO] Sentences processed: 280408
[2024-03-08 16:09:32,217 INFO] Average bsz:  569/ 494/47
[2024-03-08 16:09:32,217 INFO] Validation perplexity: 7556.91
[2024-03-08 16:09:32,217 INFO] Validation accuracy: 27.1961
[2024-03-08 16:09:32,217 INFO] Saving checkpoint tg-enc/tg_03_step_6000.pt
[2024-03-08 16:09:34,990 INFO] Step 6050/10000; acc: 87.3; ppl:   1.6; xent: 0.5; lr: 1.00000; sents:    2367; bsz:  566/ 491/47; 5890/5116 tok/s;    407 sec;
[2024-03-08 16:09:37,942 INFO] Step 6100/10000; acc: 86.3; ppl:   1.6; xent: 0.5; lr: 1.00000; sents:    2273; bsz:  565/ 489/45; 9570/8283 tok/s;    410 sec;
[2024-03-08 16:09:40,941 INFO] Step 6150/10000; acc: 86.7; ppl:   1.6; xent: 0.5; lr: 1.00000; sents:    2371; bsz:  583/ 503/47; 9725/8380 tok/s;    413 sec;
[2024-03-08 16:09:43,756 INFO] Step 6200/10000; acc: 87.3; ppl:   1.6; xent: 0.4; lr: 1.00000; sents:    2375; bsz:  560/ 485/48; 9940/8620 tok/s;    415 sec;
[2024-03-08 16:09:45,783 INFO] valid stats calculation
                           took: 2.027007818222046 s.
[2024-03-08 16:09:45,784 INFO] Train perplexity: 5.66452
[2024-03-08 16:09:45,784 INFO] Train accuracy: 67.0127
[2024-03-08 16:09:45,784 INFO] Sentences processed: 289794
[2024-03-08 16:09:45,784 INFO] Average bsz:  569/ 494/47
[2024-03-08 16:09:45,784 INFO] Validation perplexity: 9274.32
[2024-03-08 16:09:45,784 INFO] Validation accuracy: 27.2764
[2024-03-08 16:09:45,785 INFO] Saving checkpoint tg-enc/tg_03_step_6200.pt
[2024-03-08 16:09:48,535 INFO] Step 6250/10000; acc: 86.0; ppl:   1.6; xent: 0.5; lr: 1.00000; sents:    2382; bsz:  588/ 509/48; 6150/5321 tok/s;    420 sec;
[2024-03-08 16:09:51,547 INFO] Step 6300/10000; acc: 85.2; ppl:   1.7; xent: 0.5; lr: 1.00000; sents:    2276; bsz:  561/ 486/46; 9318/8073 tok/s;    423 sec;
[2024-03-08 16:09:54,360 INFO] Step 6350/10000; acc: 86.3; ppl:   1.6; xent: 0.5; lr: 1.00000; sents:    2377; bsz:  564/ 491/48; 10021/8725 tok/s;    426 sec;
[2024-03-08 16:09:57,268 INFO] Step 6400/10000; acc: 86.0; ppl:   1.6; xent: 0.5; lr: 1.00000; sents:    2371; bsz:  579/ 501/47; 9963/8608 tok/s;    429 sec;
[2024-03-08 16:09:59,317 INFO] valid stats calculation
                           took: 2.0491890907287598 s.
[2024-03-08 16:09:59,318 INFO] Train perplexity: 5.44956
[2024-03-08 16:09:59,318 INFO] Train accuracy: 67.6054
[2024-03-08 16:09:59,318 INFO] Sentences processed: 299200
[2024-03-08 16:09:59,318 INFO] Average bsz:  569/ 494/47
[2024-03-08 16:09:59,318 INFO] Validation perplexity: 6584.97
[2024-03-08 16:09:59,318 INFO] Validation accuracy: 26.7549
[2024-03-08 16:09:59,318 INFO] Saving checkpoint tg-enc/tg_03_step_6400.pt
[2024-03-08 16:10:02,005 INFO] Step 6450/10000; acc: 85.1; ppl:   1.7; xent: 0.5; lr: 1.00000; sents:    2260; bsz:  559/ 482/45; 5900/5087 tok/s;    434 sec;
[2024-03-08 16:10:04,923 INFO] Step 6500/10000; acc: 85.1; ppl:   1.7; xent: 0.5; lr: 1.00000; sents:    2273; bsz:  565/ 490/45; 9682/8387 tok/s;    436 sec;
[2024-03-08 16:10:07,866 INFO] Step 6550/10000; acc: 84.8; ppl:   1.7; xent: 0.5; lr: 1.00000; sents:    2363; bsz:  586/ 509/47; 9966/8647 tok/s;    439 sec;
[2024-03-08 16:10:10,757 INFO] Step 6600/10000; acc: 85.6; ppl:   1.7; xent: 0.5; lr: 1.00000; sents:    2365; bsz:  562/ 490/47; 9715/8471 tok/s;    442 sec;
[2024-03-08 16:10:12,793 INFO] valid stats calculation
                           took: 2.036332845687866 s.
[2024-03-08 16:10:12,794 INFO] Train perplexity: 5.26154
[2024-03-08 16:10:12,794 INFO] Train accuracy: 68.1362
[2024-03-08 16:10:12,794 INFO] Sentences processed: 308461
[2024-03-08 16:10:12,794 INFO] Average bsz:  569/ 494/47
[2024-03-08 16:10:12,794 INFO] Validation perplexity: 7908.07
[2024-03-08 16:10:12,794 INFO] Validation accuracy: 27.4769
[2024-03-08 16:10:12,794 INFO] Saving checkpoint tg-enc/tg_03_step_6600.pt
[2024-03-08 16:10:15,403 INFO] Step 6650/10000; acc: 83.7; ppl:   1.8; xent: 0.6; lr: 1.00000; sents:    2367; bsz:  587/ 510/47; 6312/5483 tok/s;    447 sec;
[2024-03-08 16:10:18,298 INFO] Step 6700/10000; acc: 84.3; ppl:   1.8; xent: 0.6; lr: 1.00000; sents:    2251; bsz:  550/ 475/45; 9495/8210 tok/s;    450 sec;
[2024-03-08 16:10:21,252 INFO] Step 6750/10000; acc: 84.9; ppl:   1.7; xent: 0.6; lr: 1.00000; sents:    2378; bsz:  569/ 496/48; 9636/8390 tok/s;    453 sec;
[2024-03-08 16:10:24,221 INFO] Step 6800/10000; acc: 84.3; ppl:   1.8; xent: 0.6; lr: 1.00000; sents:    2280; bsz:  562/ 487/46; 9470/8212 tok/s;    456 sec;
[2024-03-08 16:10:26,221 INFO] valid stats calculation
                           took: 1.9996492862701416 s.
[2024-03-08 16:10:26,222 INFO] Train perplexity: 5.09595
[2024-03-08 16:10:26,222 INFO] Train accuracy: 68.6105
[2024-03-08 16:10:26,222 INFO] Sentences processed: 317737
[2024-03-08 16:10:26,222 INFO] Average bsz:  569/ 494/47
[2024-03-08 16:10:26,222 INFO] Validation perplexity: 7955.31
[2024-03-08 16:10:26,222 INFO] Validation accuracy: 26.3137
[2024-03-08 16:10:26,222 INFO] Saving checkpoint tg-enc/tg_03_step_6800.pt
[2024-03-08 16:10:28,786 INFO] Step 6850/10000; acc: 84.3; ppl:   1.8; xent: 0.6; lr: 1.00000; sents:    2381; bsz:  568/ 494/48; 6217/5409 tok/s;    460 sec;
[2024-03-08 16:10:31,759 INFO] Step 6900/10000; acc: 83.5; ppl:   1.8; xent: 0.6; lr: 1.00000; sents:    2375; bsz:  584/ 506/48; 9823/8509 tok/s;    463 sec;
[2024-03-08 16:10:34,612 INFO] Step 6950/10000; acc: 83.4; ppl:   1.8; xent: 0.6; lr: 1.00000; sents:    2258; bsz:  553/ 478/45; 9695/8388 tok/s;    466 sec;
[2024-03-08 16:10:37,555 INFO] Step 7000/10000; acc: 83.2; ppl:   1.9; xent: 0.6; lr: 1.00000; sents:    2366; bsz:  578/ 501/47; 9822/8509 tok/s;    469 sec;
[2024-03-08 16:10:39,527 INFO] valid stats calculation
                           took: 1.9711203575134277 s.
[2024-03-08 16:10:39,527 INFO] Train perplexity: 4.94869
[2024-03-08 16:10:39,527 INFO] Train accuracy: 69.0391
[2024-03-08 16:10:39,527 INFO] Sentences processed: 327117
[2024-03-08 16:10:39,527 INFO] Average bsz:  569/ 494/47
[2024-03-08 16:10:39,527 INFO] Validation perplexity: 8476.38
[2024-03-08 16:10:39,527 INFO] Validation accuracy: 26.1933
[2024-03-08 16:10:39,528 INFO] Saving checkpoint tg-enc/tg_03_step_7000.pt
[2024-03-08 16:10:41,927 INFO] Step 7050/10000; acc: 83.0; ppl:   1.9; xent: 0.6; lr: 1.00000; sents:    2367; bsz:  563/ 489/47; 6434/5591 tok/s;    473 sec;
[2024-03-08 16:10:44,698 INFO] Step 7100/10000; acc: 83.4; ppl:   1.9; xent: 0.6; lr: 1.00000; sents:    2364; bsz:  567/ 499/47; 10240/9013 tok/s;    476 sec;
[2024-03-08 16:10:47,669 INFO] Step 7150/10000; acc: 81.9; ppl:   2.0; xent: 0.7; lr: 1.00000; sents:    2271; bsz:  567/ 490/45; 9546/8257 tok/s;    479 sec;
[2024-03-08 16:10:50,600 INFO] Step 7200/10000; acc: 82.6; ppl:   1.9; xent: 0.7; lr: 1.00000; sents:    2365; bsz:  587/ 512/47; 10007/8741 tok/s;    482 sec;
[2024-03-08 16:10:52,615 INFO] valid stats calculation
                           took: 2.014911413192749 s.
[2024-03-08 16:10:52,615 INFO] Train perplexity: 4.81886
[2024-03-08 16:10:52,615 INFO] Train accuracy: 69.4226
[2024-03-08 16:10:52,615 INFO] Sentences processed: 336484
[2024-03-08 16:10:52,615 INFO] Average bsz:  569/ 494/47
[2024-03-08 16:10:52,615 INFO] Validation perplexity: 6551.57
[2024-03-08 16:10:52,616 INFO] Validation accuracy: 27.4368
[2024-03-08 16:10:52,616 INFO] Saving checkpoint tg-enc/tg_03_step_7200.pt
[2024-03-08 16:10:55,185 INFO] Step 7250/10000; acc: 82.4; ppl:   2.0; xent: 0.7; lr: 1.00000; sents:    2269; bsz:  557/ 481/45; 6069/5245 tok/s;    487 sec;
[2024-03-08 16:10:58,074 INFO] Step 7300/10000; acc: 83.0; ppl:   1.9; xent: 0.6; lr: 1.00000; sents:    2371; bsz:  575/ 500/47; 9953/8653 tok/s;    490 sec;
[2024-03-08 16:11:00,954 INFO] Step 7350/10000; acc: 82.4; ppl:   1.9; xent: 0.7; lr: 1.00000; sents:    2376; bsz:  564/ 492/48; 9799/8539 tok/s;    493 sec;
[2024-03-08 16:11:03,867 INFO] Step 7400/10000; acc: 81.4; ppl:   2.0; xent: 0.7; lr: 1.00000; sents:    2381; bsz:  566/ 495/48; 9709/8491 tok/s;    495 sec;
[2024-03-08 16:11:05,859 INFO] valid stats calculation
                           took: 1.9908735752105713 s.
[2024-03-08 16:11:05,859 INFO] Train perplexity: 4.70319
[2024-03-08 16:11:05,859 INFO] Train accuracy: 69.7694
[2024-03-08 16:11:05,859 INFO] Sentences processed: 345881
[2024-03-08 16:11:05,859 INFO] Average bsz:  569/ 494/47
[2024-03-08 16:11:05,859 INFO] Validation perplexity: 6339.77
[2024-03-08 16:11:05,859 INFO] Validation accuracy: 27.156
[2024-03-08 16:11:05,860 INFO] Saving checkpoint tg-enc/tg_03_step_7400.pt
[2024-03-08 16:11:08,610 INFO] Step 7450/10000; acc: 81.7; ppl:   2.0; xent: 0.7; lr: 1.00000; sents:    2378; bsz:  582/ 505/48; 6132/5326 tok/s;    500 sec;
[2024-03-08 16:11:11,338 INFO] Step 7500/10000; acc: 81.7; ppl:   2.0; xent: 0.7; lr: 1.00000; sents:    2276; bsz:  561/ 484/46; 10288/8874 tok/s;    503 sec;
[2024-03-08 16:11:14,284 INFO] Step 7550/10000; acc: 81.5; ppl:   2.0; xent: 0.7; lr: 1.00000; sents:    2371; bsz:  578/ 497/47; 9809/8442 tok/s;    506 sec;
[2024-03-08 16:11:17,176 INFO] Step 7600/10000; acc: 81.8; ppl:   2.0; xent: 0.7; lr: 1.00000; sents:    2366; bsz:  563/ 490/47; 9738/8480 tok/s;    509 sec;
[2024-03-08 16:11:19,164 INFO] valid stats calculation
                           took: 1.9872162342071533 s.
[2024-03-08 16:11:19,164 INFO] Train perplexity: 4.59946
[2024-03-08 16:11:19,164 INFO] Train accuracy: 70.0834
[2024-03-08 16:11:19,164 INFO] Sentences processed: 355272
[2024-03-08 16:11:19,164 INFO] Average bsz:  569/ 494/47
[2024-03-08 16:11:19,164 INFO] Validation perplexity: 7202.88
[2024-03-08 16:11:19,164 INFO] Validation accuracy: 26.2736
[2024-03-08 16:11:19,165 INFO] Saving checkpoint tg-enc/tg_03_step_7600.pt
[2024-03-08 16:11:21,866 INFO] Step 7650/10000; acc: 80.8; ppl:   2.1; xent: 0.7; lr: 1.00000; sents:    2266; bsz:  559/ 485/45; 5964/5168 tok/s;    513 sec;
[2024-03-08 16:11:24,489 INFO] Step 7700/10000; acc: 79.9; ppl:   2.2; xent: 0.8; lr: 1.00000; sents:    2264; bsz:  561/ 486/45; 10703/9272 tok/s;    516 sec;
[2024-03-08 16:11:27,307 INFO] Step 7750/10000; acc: 81.1; ppl:   2.1; xent: 0.7; lr: 1.00000; sents:    2369; bsz:  566/ 491/47; 10040/8718 tok/s;    519 sec;
[2024-03-08 16:11:30,249 INFO] Step 7800/10000; acc: 80.1; ppl:   2.2; xent: 0.8; lr: 1.00000; sents:    2367; bsz:  586/ 506/47; 9951/8595 tok/s;    522 sec;
[2024-03-08 16:11:32,247 INFO] valid stats calculation
                           took: 1.9969854354858398 s.
[2024-03-08 16:11:32,247 INFO] Train perplexity: 4.5111
[2024-03-08 16:11:32,247 INFO] Train accuracy: 70.3486
[2024-03-08 16:11:32,247 INFO] Sentences processed: 364538
[2024-03-08 16:11:32,247 INFO] Average bsz:  569/ 494/47
[2024-03-08 16:11:32,247 INFO] Validation perplexity: 7171.84
[2024-03-08 16:11:32,247 INFO] Validation accuracy: 26.7549
[2024-03-08 16:11:32,248 INFO] Saving checkpoint tg-enc/tg_03_step_7800.pt
[2024-03-08 16:11:35,083 INFO] Step 7850/10000; acc: 80.3; ppl:   2.2; xent: 0.8; lr: 1.00000; sents:    2372; bsz:  563/ 489/47; 5827/5054 tok/s;    527 sec;
[2024-03-08 16:11:37,668 INFO] Step 7900/10000; acc: 79.1; ppl:   2.3; xent: 0.9; lr: 1.00000; sents:    2271; bsz:  560/ 483/45; 10842/9349 tok/s;    529 sec;
[2024-03-08 16:11:40,612 INFO] Step 7950/10000; acc: 79.3; ppl:   2.3; xent: 0.8; lr: 1.00000; sents:    2375; bsz:  584/ 505/48; 9918/8575 tok/s;    532 sec;
[2024-03-08 16:11:43,511 INFO] Step 8000/10000; acc: 79.2; ppl:   2.3; xent: 0.8; lr: 1.00000; sents:    2382; bsz:  566/ 493/48; 9770/8506 tok/s;    535 sec;
[2024-03-08 16:11:45,503 INFO] valid stats calculation
                           took: 1.9916753768920898 s.
[2024-03-08 16:11:45,503 INFO] Train perplexity: 4.43441
[2024-03-08 16:11:45,503 INFO] Train accuracy: 70.5761
[2024-03-08 16:11:45,503 INFO] Sentences processed: 373938
[2024-03-08 16:11:45,503 INFO] Average bsz:  569/ 494/47
[2024-03-08 16:11:45,503 INFO] Validation perplexity: 5988.97
[2024-03-08 16:11:45,503 INFO] Validation accuracy: 26.2736
[2024-03-08 16:11:45,504 INFO] Saving checkpoint tg-enc/tg_03_step_8000.pt
[2024-03-08 16:11:48,401 INFO] Step 8050/10000; acc: 77.9; ppl:   2.5; xent: 0.9; lr: 1.00000; sents:    2274; bsz:  557/ 483/45; 5690/4939 tok/s;    540 sec;
[2024-03-08 16:11:50,910 INFO] Step 8100/10000; acc: 78.3; ppl:   2.4; xent: 0.9; lr: 1.00000; sents:    2376; bsz:  579/ 499/48; 11547/9953 tok/s;    542 sec;
[2024-03-08 16:11:53,886 INFO] Step 8150/10000; acc: 77.3; ppl:   2.5; xent: 0.9; lr: 1.00000; sents:    2272; bsz:  563/ 488/45; 9454/8200 tok/s;    545 sec;
[2024-03-08 16:11:56,742 INFO] Step 8200/10000; acc: 77.5; ppl:   2.5; xent: 0.9; lr: 1.00000; sents:    2462; bsz:  595/ 520/49; 10416/9114 tok/s;    548 sec;
[2024-03-08 16:11:58,747 INFO] valid stats calculation
                           took: 2.0045456886291504 s.
[2024-03-08 16:11:58,747 INFO] Train perplexity: 4.37034
[2024-03-08 16:11:58,747 INFO] Train accuracy: 70.7528
[2024-03-08 16:11:58,747 INFO] Sentences processed: 383322
[2024-03-08 16:11:58,747 INFO] Average bsz:  569/ 494/47
[2024-03-08 16:11:58,747 INFO] Validation perplexity: 6100.77
[2024-03-08 16:11:58,747 INFO] Validation accuracy: 26.6346
[2024-03-08 16:11:58,748 INFO] Saving checkpoint tg-enc/tg_03_step_8200.pt
[2024-03-08 16:12:01,626 INFO] Step 8250/10000; acc: 76.8; ppl:   2.6; xent: 1.0; lr: 1.00000; sents:    2273; bsz:  564/ 488/45; 5775/4998 tok/s;    553 sec;
[2024-03-08 16:12:04,125 INFO] Step 8300/10000; acc: 78.5; ppl:   2.4; xent: 0.9; lr: 1.00000; sents:    2363; bsz:  563/ 489/47; 11270/9793 tok/s;    556 sec;
[2024-03-08 16:12:07,013 INFO] Step 8350/10000; acc: 76.0; ppl:   2.7; xent: 1.0; lr: 1.00000; sents:    2365; bsz:  585/ 507/47; 10128/8783 tok/s;    559 sec;
[2024-03-08 16:12:09,989 INFO] Step 8400/10000; acc: 75.6; ppl:   2.8; xent: 1.0; lr: 1.00000; sents:    2246; bsz:  548/ 475/45; 9205/7979 tok/s;    562 sec;
[2024-03-08 16:12:11,984 INFO] valid stats calculation
                           took: 1.9953463077545166 s.
[2024-03-08 16:12:11,985 INFO] Train perplexity: 4.31739
[2024-03-08 16:12:11,985 INFO] Train accuracy: 70.8934
[2024-03-08 16:12:11,985 INFO] Sentences processed: 392569
[2024-03-08 16:12:11,985 INFO] Average bsz:  569/ 494/47
[2024-03-08 16:12:11,985 INFO] Validation perplexity: 6675.82
[2024-03-08 16:12:11,985 INFO] Validation accuracy: 25.9126
[2024-03-08 16:12:11,985 INFO] Saving checkpoint tg-enc/tg_03_step_8400.pt
[2024-03-08 16:12:14,906 INFO] Step 8450/10000; acc: 76.2; ppl:   2.7; xent: 1.0; lr: 1.00000; sents:    2372; bsz:  563/ 489/47; 5725/4968 tok/s;    566 sec;
[2024-03-08 16:12:17,509 INFO] Step 8500/10000; acc: 73.8; ppl:   2.9; xent: 1.1; lr: 1.00000; sents:    2275; bsz:  580/ 502/46; 11141/9649 tok/s;    569 sec;
[2024-03-08 16:12:20,439 INFO] Step 8550/10000; acc: 74.9; ppl:   2.9; xent: 1.1; lr: 1.00000; sents:    2383; bsz:  569/ 495/48; 9705/8448 tok/s;    572 sec;
[2024-03-08 16:12:23,347 INFO] Step 8600/10000; acc: 73.7; ppl:   3.1; xent: 1.1; lr: 1.00000; sents:    2381; bsz:  566/ 494/48; 9741/8491 tok/s;    575 sec;
[2024-03-08 16:12:25,338 INFO] valid stats calculation
                           took: 1.9902424812316895 s.
[2024-03-08 16:12:25,338 INFO] Train perplexity: 4.27687
[2024-03-08 16:12:25,338 INFO] Train accuracy: 70.9813
[2024-03-08 16:12:25,338 INFO] Sentences processed: 401980
[2024-03-08 16:12:25,338 INFO] Average bsz:  569/ 494/47
[2024-03-08 16:12:25,338 INFO] Validation perplexity: 6117.66
[2024-03-08 16:12:25,339 INFO] Validation accuracy: 26.3538
[2024-03-08 16:12:25,339 INFO] Saving checkpoint tg-enc/tg_03_step_8600.pt
[2024-03-08 16:12:28,331 INFO] Step 8650/10000; acc: 73.2; ppl:   3.0; xent: 1.1; lr: 1.00000; sents:    2261; bsz:  567/ 488/45; 5693/4892 tok/s;    580 sec;
[2024-03-08 16:12:30,709 INFO] Step 8700/10000; acc: 73.7; ppl:   3.1; xent: 1.1; lr: 1.00000; sents:    2372; bsz:  564/ 491/47; 11859/10325 tok/s;    582 sec;
[2024-03-08 16:12:33,655 INFO] Step 8750/10000; acc: 72.6; ppl:   3.1; xent: 1.1; lr: 1.00000; sents:    2366; bsz:  586/ 512/47; 9939/8684 tok/s;    585 sec;
[2024-03-08 16:12:36,545 INFO] Step 8800/10000; acc: 73.8; ppl:   3.1; xent: 1.1; lr: 1.00000; sents:    2271; bsz:  548/ 478/45; 9481/8268 tok/s;    588 sec;
[2024-03-08 16:12:38,573 INFO] valid stats calculation
                           took: 2.0271074771881104 s.
[2024-03-08 16:12:38,573 INFO] Train perplexity: 4.24556
[2024-03-08 16:12:38,573 INFO] Train accuracy: 71.0345
[2024-03-08 16:12:38,573 INFO] Sentences processed: 411250
[2024-03-08 16:12:38,573 INFO] Average bsz:  569/ 494/47
[2024-03-08 16:12:38,573 INFO] Validation perplexity: 6558.7
[2024-03-08 16:12:38,573 INFO] Validation accuracy: 26.434
[2024-03-08 16:12:38,574 INFO] Saving checkpoint tg-enc/tg_03_step_8800.pt
[2024-03-08 16:12:41,534 INFO] Step 8850/10000; acc: 72.8; ppl:   3.1; xent: 1.1; lr: 1.00000; sents:    2364; bsz:  587/ 514/47; 5886/5147 tok/s;    593 sec;
[2024-03-08 16:12:43,940 INFO] Step 8900/10000; acc: 73.9; ppl:   3.1; xent: 1.1; lr: 1.00000; sents:    2367; bsz:  560/ 486/47; 11645/10097 tok/s;    595 sec;
[2024-03-08 16:12:46,793 INFO] Step 8950/10000; acc: 72.4; ppl:   3.3; xent: 1.2; lr: 1.00000; sents:    2365; bsz:  573/ 496/47; 10043/8697 tok/s;    598 sec;
[2024-03-08 16:12:49,789 INFO] Step 9000/10000; acc: 72.0; ppl:   3.3; xent: 1.2; lr: 1.00000; sents:    2269; bsz:  557/ 482/45; 9298/8054 tok/s;    601 sec;
[2024-03-08 16:12:51,765 INFO] valid stats calculation
                           took: 1.9756290912628174 s.
[2024-03-08 16:12:51,766 INFO] Train perplexity: 4.21944
[2024-03-08 16:12:51,766 INFO] Train accuracy: 71.0728
[2024-03-08 16:12:51,766 INFO] Sentences processed: 420615
[2024-03-08 16:12:51,766 INFO] Average bsz:  569/ 494/47
[2024-03-08 16:12:51,766 INFO] Validation perplexity: 5953.48
[2024-03-08 16:12:51,766 INFO] Validation accuracy: 26.6346
[2024-03-08 16:12:51,766 INFO] Saving checkpoint tg-enc/tg_03_step_9000.pt
[2024-03-08 16:12:54,789 INFO] Step 9050/10000; acc: 72.6; ppl:   3.2; xent: 1.2; lr: 1.00000; sents:    2371; bsz:  565/ 495/47; 5655/4950 tok/s;    606 sec;
[2024-03-08 16:12:57,454 INFO] Step 9100/10000; acc: 71.8; ppl:   3.4; xent: 1.2; lr: 1.00000; sents:    2279; bsz:  562/ 486/46; 10551/9121 tok/s;    609 sec;
[2024-03-08 16:13:00,433 INFO] Step 9150/10000; acc: 71.4; ppl:   3.4; xent: 1.2; lr: 1.00000; sents:    2381; bsz:  582/ 506/48; 9769/8489 tok/s;    612 sec;
[2024-03-08 16:13:03,330 INFO] Step 9200/10000; acc: 72.0; ppl:   3.5; xent: 1.2; lr: 1.00000; sents:    2376; bsz:  565/ 490/48; 9747/8460 tok/s;    615 sec;
[2024-03-08 16:13:05,325 INFO] valid stats calculation
                           took: 1.9944665431976318 s.
[2024-03-08 16:13:05,325 INFO] Train perplexity: 4.19898
[2024-03-08 16:13:05,326 INFO] Train accuracy: 71.0914
[2024-03-08 16:13:05,326 INFO] Sentences processed: 430022
[2024-03-08 16:13:05,326 INFO] Average bsz:  569/ 494/47
[2024-03-08 16:13:05,326 INFO] Validation perplexity: 5112.55
[2024-03-08 16:13:05,326 INFO] Validation accuracy: 25.9527
[2024-03-08 16:13:05,326 INFO] Saving checkpoint tg-enc/tg_03_step_9200.pt
[2024-03-08 16:13:08,278 INFO] Step 9250/10000; acc: 70.1; ppl:   3.8; xent: 1.3; lr: 1.00000; sents:    2275; bsz:  575/ 492/46; 5812/4977 tok/s;    620 sec;
[2024-03-08 16:13:10,768 INFO] Step 9300/10000; acc: 71.2; ppl:   3.6; xent: 1.3; lr: 1.00000; sents:    2371; bsz:  565/ 491/47; 11352/9861 tok/s;    622 sec;
[2024-03-08 16:13:13,565 INFO] Step 9350/10000; acc: 70.8; ppl:   3.7; xent: 1.3; lr: 1.00000; sents:    2366; bsz:  563/ 490/47; 10071/8762 tok/s;    625 sec;
[2024-03-08 16:13:16,511 INFO] Step 9400/10000; acc: 68.1; ppl:   4.3; xent: 1.5; lr: 1.00000; sents:    2268; bsz:  563/ 488/45; 9560/8289 tok/s;    628 sec;
[2024-03-08 16:13:18,519 INFO] valid stats calculation
                           took: 2.007838249206543 s.
[2024-03-08 16:13:18,520 INFO] Train perplexity: 4.19112
[2024-03-08 16:13:18,520 INFO] Train accuracy: 71.0695
[2024-03-08 16:13:18,520 INFO] Sentences processed: 439302
[2024-03-08 16:13:18,520 INFO] Average bsz:  569/ 494/47
[2024-03-08 16:13:18,520 INFO] Validation perplexity: 5519.46
[2024-03-08 16:13:18,520 INFO] Validation accuracy: 26.434
[2024-03-08 16:13:18,520 INFO] Saving checkpoint tg-enc/tg_03_step_9400.pt
[2024-03-08 16:13:21,462 INFO] Step 9450/10000; acc: 69.2; ppl:   4.0; xent: 1.4; lr: 1.00000; sents:    2362; bsz:  584/ 505/47; 5899/5105 tok/s;    633 sec;
[2024-03-08 16:13:24,068 INFO] Step 9500/10000; acc: 68.4; ppl:   4.2; xent: 1.4; lr: 1.00000; sents:    2267; bsz:  561/ 484/45; 10758/9280 tok/s;    636 sec;
[2024-03-08 16:13:26,644 INFO] Step 9550/10000; acc: 69.6; ppl:   3.9; xent: 1.4; lr: 1.00000; sents:    2469; bsz:  582/ 505/49; 11303/9808 tok/s;    638 sec;
[2024-03-08 16:13:29,595 INFO] Step 9600/10000; acc: 67.5; ppl:   4.4; xent: 1.5; lr: 1.00000; sents:    2272; bsz:  562/ 485/45; 9529/8214 tok/s;    641 sec;
[2024-03-08 16:13:31,592 INFO] valid stats calculation
                           took: 1.9974133968353271 s.
[2024-03-08 16:13:31,593 INFO] Train perplexity: 4.18941
[2024-03-08 16:13:31,593 INFO] Train accuracy: 71.0195
[2024-03-08 16:13:31,593 INFO] Sentences processed: 448672
[2024-03-08 16:13:31,593 INFO] Average bsz:  569/ 494/47
[2024-03-08 16:13:31,593 INFO] Validation perplexity: 5444.85
[2024-03-08 16:13:31,593 INFO] Validation accuracy: 26.9956
[2024-03-08 16:13:31,593 INFO] Saving checkpoint tg-enc/tg_03_step_9600.pt
[2024-03-08 16:13:34,601 INFO] Step 9650/10000; acc: 68.7; ppl:   4.1; xent: 1.4; lr: 1.00000; sents:    2371; bsz:  566/ 493/47; 5650/4922 tok/s;    646 sec;
[2024-03-08 16:13:37,311 INFO] Step 9700/10000; acc: 68.6; ppl:   4.0; xent: 1.4; lr: 1.00000; sents:    2375; bsz:  582/ 504/48; 10742/9293 tok/s;    649 sec;
[2024-03-08 16:13:39,957 INFO] Step 9750/10000; acc: 68.7; ppl:   4.0; xent: 1.4; lr: 1.00000; sents:    2280; bsz:  558/ 485/46; 10554/9165 tok/s;    652 sec;
[2024-03-08 16:13:42,833 INFO] Step 9800/10000; acc: 67.2; ppl:   4.3; xent: 1.5; lr: 1.00000; sents:    2376; bsz:  589/ 511/48; 10240/8883 tok/s;    654 sec;
[2024-03-08 16:13:44,809 INFO] valid stats calculation
                           took: 1.9759202003479004 s.
[2024-03-08 16:13:44,810 INFO] Train perplexity: 4.18713
[2024-03-08 16:13:44,810 INFO] Train accuracy: 70.9632
[2024-03-08 16:13:44,810 INFO] Sentences processed: 458074
[2024-03-08 16:13:44,810 INFO] Average bsz:  569/ 494/47
[2024-03-08 16:13:44,810 INFO] Validation perplexity: 4150.58
[2024-03-08 16:13:44,810 INFO] Validation accuracy: 26.434
[2024-03-08 16:13:44,810 INFO] Saving checkpoint tg-enc/tg_03_step_9800.pt
[2024-03-08 16:13:47,717 INFO] Step 9850/10000; acc: 70.6; ppl:   3.7; xent: 1.3; lr: 1.00000; sents:    2280; bsz:  544/ 474/46; 5567/4849 tok/s;    659 sec;
[2024-03-08 16:13:50,576 INFO] Step 9900/10000; acc: 66.7; ppl:   4.4; xent: 1.5; lr: 1.00000; sents:    2368; bsz:  589/ 512/47; 10307/8962 tok/s;    662 sec;
[2024-03-08 16:13:53,106 INFO] Step 9950/10000; acc: 67.3; ppl:   4.4; xent: 1.5; lr: 1.00000; sents:    2366; bsz:  585/ 505/47; 11563/9985 tok/s;    665 sec;
[2024-03-08 16:13:56,043 INFO] Step 10000/10000; acc: 68.0; ppl:   4.1; xent: 1.4; lr: 1.00000; sents:    2248; bsz:  551/ 477/45; 9377/8126 tok/s;    668 sec;
[2024-03-08 16:13:58,048 INFO] valid stats calculation
                           took: 2.0048904418945312 s.
[2024-03-08 16:13:58,049 INFO] Train perplexity: 4.18642
[2024-03-08 16:13:58,049 INFO] Train accuracy: 70.9061
[2024-03-08 16:13:58,049 INFO] Sentences processed: 467336
[2024-03-08 16:13:58,049 INFO] Average bsz:  569/ 494/47
[2024-03-08 16:13:58,049 INFO] Validation perplexity: 4602.1
[2024-03-08 16:13:58,049 INFO] Validation accuracy: 25.2708
[2024-03-08 16:13:58,049 INFO] Saving checkpoint tg-enc/tg_03_step_10000.pt
