[2024-03-01 23:53:01,051 WARNING] Corpus corpus_1's weight should be given. We default it to 1 for you.
[2024-03-01 23:53:01,051 INFO] Parsed 2 corpora from -data.
[2024-03-01 23:53:01,051 INFO] Loading checkpoint from gt-pretrain/models/gt-pretrain_03_step_6600.pt
[2024-03-01 23:53:01,196 INFO] Building model...
[2024-03-01 23:53:01,257 INFO] Switching model to float32 for amp/apex_amp
[2024-03-01 23:53:01,257 INFO] Non quantized layer compute is fp32
[2024-03-01 23:53:03,066 INFO] NMTModel(
  (encoder): RNNEncoder(
    (embeddings): Embeddings(
      (make_embedding): Sequential(
        (emb_luts): Elementwise(
          (0): Embedding(25208, 500, padding_idx=1)
        )
      )
      (dropout): Dropout(p=0.3, inplace=False)
    )
    (rnn): LSTM(500, 500, num_layers=2, batch_first=True, dropout=0.3)
  )
  (decoder): InputFeedRNNDecoder(
    (embeddings): Embeddings(
      (make_embedding): Sequential(
        (emb_luts): Elementwise(
          (0): Embedding(32768, 500, padding_idx=1)
        )
      )
      (dropout): Dropout(p=0.3, inplace=False)
    )
    (dropout): Dropout(p=0.3, inplace=False)
    (rnn): StackedLSTM(
      (dropout): Dropout(p=0.3, inplace=False)
      (layers): ModuleList(
        (0): LSTMCell(1000, 500)
        (1): LSTMCell(500, 500)
      )
    )
    (attn): GlobalAttention(
      (linear_in): Linear(in_features=500, out_features=500, bias=False)
      (linear_out): Linear(in_features=1000, out_features=500, bias=False)
    )
  )
  (generator): Linear(in_features=500, out_features=32768, bias=True)
)
[2024-03-01 23:53:03,067 INFO] encoder: 16612000
[2024-03-01 23:53:03,067 INFO] decoder: 38558768
[2024-03-01 23:53:03,067 INFO] * number of parameters: 55170768
[2024-03-01 23:53:03,067 INFO] Trainable parameters = {'torch.float32': 55170768, 'torch.float16': 0, 'torch.uint8': 0, 'torch.int8': 0}
[2024-03-01 23:53:03,067 INFO] Non trainable parameters = {'torch.float32': 0, 'torch.float16': 0, 'torch.uint8': 0, 'torch.int8': 0}
[2024-03-01 23:53:03,067 INFO]  * src vocab size = 25208
[2024-03-01 23:53:03,067 INFO]  * tgt vocab size = 32768
[2024-03-01 23:53:03,069 INFO] Starting training on GPU: [0]
[2024-03-01 23:53:03,069 INFO] Start training loop and validate every 200 steps...
[2024-03-01 23:53:03,069 INFO] Scoring with: TransformPipe(InferFeatsTransform())
[2024-03-01 23:53:17,662 INFO] Step 6650/11600; acc: 24.9; ppl: 402.3; xent: 6.0; lr: 1.00000; sents:    3200; bsz:  155/ 344/64; 531/1177 tok/s;     15 sec;
[2024-03-01 23:53:18,464 INFO] Step 6700/11600; acc: 29.9; ppl: 137.8; xent: 4.9; lr: 1.00000; sents:    3200; bsz:  165/ 392/64; 10291/24410 tok/s;     15 sec;
[2024-03-01 23:53:19,349 INFO] Step 6750/11600; acc: 29.9; ppl: 118.3; xent: 4.8; lr: 1.00000; sents:    3200; bsz:  193/ 401/64; 10893/22670 tok/s;     16 sec;
[2024-03-01 23:53:20,286 INFO] Step 6800/11600; acc: 30.0; ppl:  98.2; xent: 4.6; lr: 1.00000; sents:    3200; bsz:  195/ 432/64; 10433/23071 tok/s;     17 sec;
[2024-03-01 23:53:24,186 INFO] valid stats calculation
                           took: 3.89947509765625 s.
[2024-03-01 23:53:24,186 INFO] Train perplexity: 152.662
[2024-03-01 23:53:24,186 INFO] Train accuracy: 28.8388
[2024-03-01 23:53:24,186 INFO] Sentences processed: 12800
[2024-03-01 23:53:24,186 INFO] Average bsz:  177/ 392/64
[2024-03-01 23:53:24,186 INFO] Validation perplexity: 263.806
[2024-03-01 23:53:24,186 INFO] Validation accuracy: 20.5247
[2024-03-01 23:53:24,189 INFO] Saving checkpoint gt-finetune/gt-finetune_6600_02_step_6800.pt
[2024-03-01 23:53:25,231 INFO] Step 6850/11600; acc: 36.6; ppl:  55.8; xent: 4.0; lr: 1.00000; sents:    3200; bsz:  152/ 344/64; 1540/3482 tok/s;     22 sec;
[2024-03-01 23:53:25,979 INFO] Step 6900/11600; acc: 41.7; ppl:  30.3; xent: 3.4; lr: 1.00000; sents:    3200; bsz:  147/ 348/64; 9834/23251 tok/s;     23 sec;
[2024-03-01 23:53:26,817 INFO] Step 6950/11600; acc: 37.9; ppl:  42.3; xent: 3.7; lr: 1.00000; sents:    3200; bsz:  181/ 380/64; 10818/22701 tok/s;     24 sec;
[2024-03-01 23:53:27,835 INFO] Step 7000/11600; acc: 38.7; ppl:  38.1; xent: 3.6; lr: 1.00000; sents:    3200; bsz:  187/ 410/64; 9198/20158 tok/s;     25 sec;
[2024-03-01 23:53:31,739 INFO] valid stats calculation
                           took: 3.9040825366973877 s.
[2024-03-01 23:53:31,739 INFO] Train perplexity: 80.1342
[2024-03-01 23:53:31,740 INFO] Train accuracy: 33.6351
[2024-03-01 23:53:31,740 INFO] Sentences processed: 25600
[2024-03-01 23:53:31,740 INFO] Average bsz:  172/ 381/64
[2024-03-01 23:53:31,740 INFO] Validation perplexity: 195.222
[2024-03-01 23:53:31,740 INFO] Validation accuracy: 21.6169
[2024-03-01 23:53:31,742 INFO] Saving checkpoint gt-finetune/gt-finetune_6600_02_step_7000.pt
[2024-03-01 23:53:32,852 INFO] Step 7050/11600; acc: 44.9; ppl:  18.1; xent: 2.9; lr: 1.00000; sents:    3200; bsz:  163/ 393/64; 1620/3917 tok/s;     30 sec;
[2024-03-01 23:53:33,643 INFO] Step 7100/11600; acc: 46.5; ppl:  17.4; xent: 2.9; lr: 1.00000; sents:    3200; bsz:  160/ 372/64; 10107/23506 tok/s;     31 sec;
[2024-03-01 23:53:34,560 INFO] Step 7150/11600; acc: 47.7; ppl:  16.3; xent: 2.8; lr: 1.00000; sents:    3200; bsz:  187/ 420/64; 10178/22902 tok/s;     31 sec;
[2024-03-01 23:53:35,378 INFO] Step 7200/11600; acc: 49.9; ppl:  13.3; xent: 2.6; lr: 1.00000; sents:    3200; bsz:  150/ 371/64; 9159/22678 tok/s;     32 sec;
[2024-03-01 23:53:39,273 INFO] valid stats calculation
                           took: 3.8942928314208984 s.
[2024-03-01 23:53:39,273 INFO] Train perplexity: 46.6795
[2024-03-01 23:53:39,273 INFO] Train accuracy: 38.2306
[2024-03-01 23:53:39,273 INFO] Sentences processed: 38400
[2024-03-01 23:53:39,273 INFO] Average bsz:  170/ 384/64
[2024-03-01 23:53:39,273 INFO] Validation perplexity: 299.708
[2024-03-01 23:53:39,273 INFO] Validation accuracy: 20.6691
[2024-03-01 23:53:39,276 INFO] Saving checkpoint gt-finetune/gt-finetune_6600_02_step_7200.pt
[2024-03-01 23:53:40,345 INFO] Step 7250/11600; acc: 51.3; ppl:  11.8; xent: 2.5; lr: 1.00000; sents:    3200; bsz:  155/ 361/64; 1559/3633 tok/s;     37 sec;
[2024-03-01 23:53:41,124 INFO] Step 7300/11600; acc: 55.9; ppl:   7.8; xent: 2.1; lr: 1.00000; sents:    3200; bsz:  143/ 366/64; 9197/23485 tok/s;     38 sec;
[2024-03-01 23:53:42,055 INFO] Step 7350/11600; acc: 52.9; ppl:  13.4; xent: 2.6; lr: 1.00000; sents:    3200; bsz:  151/ 401/64; 8139/21569 tok/s;     39 sec;
[2024-03-01 23:53:42,834 INFO] Step 7400/11600; acc: 57.2; ppl:   6.7; xent: 1.9; lr: 1.00000; sents:    3200; bsz:  148/ 363/64; 9523/23295 tok/s;     40 sec;
[2024-03-01 23:53:46,735 INFO] valid stats calculation
                           took: 3.8999860286712646 s.
[2024-03-01 23:53:46,735 INFO] Train perplexity: 31.7337
[2024-03-01 23:53:46,735 INFO] Train accuracy: 42.1588
[2024-03-01 23:53:46,735 INFO] Sentences processed: 51200
[2024-03-01 23:53:46,735 INFO] Average bsz:  165/ 381/64
[2024-03-01 23:53:46,735 INFO] Validation perplexity: 321.408
[2024-03-01 23:53:46,735 INFO] Validation accuracy: 21.2465
[2024-03-01 23:53:46,738 INFO] Saving checkpoint gt-finetune/gt-finetune_6600_02_step_7400.pt
[2024-03-01 23:53:47,883 INFO] Step 7450/11600; acc: 55.3; ppl:   9.2; xent: 2.2; lr: 1.00000; sents:    3200; bsz:  181/ 399/64; 1795/3948 tok/s;     45 sec;
[2024-03-01 23:53:48,730 INFO] Step 7500/11600; acc: 59.3; ppl:   6.8; xent: 1.9; lr: 1.00000; sents:    3200; bsz:  175/ 387/64; 10318/22860 tok/s;     46 sec;
[2024-03-01 23:53:49,536 INFO] Step 7550/11600; acc: 61.4; ppl:   5.6; xent: 1.7; lr: 1.00000; sents:    3200; bsz:  164/ 380/64; 10159/23573 tok/s;     46 sec;
[2024-03-01 23:53:50,335 INFO] Step 7600/11600; acc: 59.6; ppl:   7.6; xent: 2.0; lr: 1.00000; sents:    3200; bsz:  141/ 359/64; 8826/22511 tok/s;     47 sec;
[2024-03-01 23:53:54,243 INFO] valid stats calculation
                           took: 3.9082155227661133 s.
[2024-03-01 23:53:54,244 INFO] Train perplexity: 23.5793
[2024-03-01 23:53:54,244 INFO] Train accuracy: 45.4997
[2024-03-01 23:53:54,244 INFO] Sentences processed: 64000
[2024-03-01 23:53:54,244 INFO] Average bsz:  165/ 381/64
[2024-03-01 23:53:54,244 INFO] Validation perplexity: 312.118
[2024-03-01 23:53:54,244 INFO] Validation accuracy: 21.0645
[2024-03-01 23:53:54,246 INFO] Saving checkpoint gt-finetune/gt-finetune_6600_02_step_7600.pt
[2024-03-01 23:53:55,359 INFO] Step 7650/11600; acc: 65.4; ppl:   4.7; xent: 1.6; lr: 1.00000; sents:    3200; bsz:  148/ 392/64; 1478/3903 tok/s;     52 sec;
[2024-03-01 23:53:56,182 INFO] Step 7700/11600; acc: 63.3; ppl:   6.1; xent: 1.8; lr: 1.00000; sents:    3200; bsz:  168/ 386/64; 10194/23451 tok/s;     53 sec;
[2024-03-01 23:53:56,944 INFO] Step 7750/11600; acc: 70.7; ppl:   3.2; xent: 1.2; lr: 1.00000; sents:    3200; bsz:  147/ 353/64; 9658/23178 tok/s;     54 sec;
[2024-03-01 23:53:57,742 INFO] Step 7800/11600; acc: 67.6; ppl:   4.9; xent: 1.6; lr: 1.00000; sents:    3200; bsz:  164/ 372/64; 10266/23338 tok/s;     55 sec;
[2024-03-01 23:54:01,602 INFO] valid stats calculation
                           took: 3.8598740100860596 s.
[2024-03-01 23:54:01,603 INFO] Train perplexity: 18.0399
[2024-03-01 23:54:01,603 INFO] Train accuracy: 48.9852
[2024-03-01 23:54:01,603 INFO] Sentences processed: 76800
[2024-03-01 23:54:01,603 INFO] Average bsz:  163/ 380/64
[2024-03-01 23:54:01,603 INFO] Validation perplexity: 300.611
[2024-03-01 23:54:01,603 INFO] Validation accuracy: 20.9076
[2024-03-01 23:54:01,605 INFO] Saving checkpoint gt-finetune/gt-finetune_6600_02_step_7800.pt
[2024-03-01 23:54:02,770 INFO] Step 7850/11600; acc: 65.6; ppl:   5.6; xent: 1.7; lr: 1.00000; sents:    3200; bsz:  173/ 394/64; 1723/3917 tok/s;     60 sec;
[2024-03-01 23:54:03,671 INFO] Step 7900/11600; acc: 70.7; ppl:   4.0; xent: 1.4; lr: 1.00000; sents:    3200; bsz:  173/ 392/64; 9607/21751 tok/s;     61 sec;
[2024-03-01 23:54:04,556 INFO] Step 7950/11600; acc: 65.7; ppl:   6.8; xent: 1.9; lr: 1.00000; sents:    3200; bsz:  202/ 409/64; 11427/23085 tok/s;     61 sec;
[2024-03-01 23:54:05,334 INFO] Step 8000/11600; acc: 71.9; ppl:   3.5; xent: 1.3; lr: 1.00000; sents:    3200; bsz:  152/ 367/64; 9791/23593 tok/s;     62 sec;
[2024-03-01 23:54:09,219 INFO] valid stats calculation
                           took: 3.8851795196533203 s.
[2024-03-01 23:54:09,220 INFO] Train perplexity: 14.897
[2024-03-01 23:54:09,220 INFO] Train accuracy: 51.8166
[2024-03-01 23:54:09,220 INFO] Sentences processed: 89600
[2024-03-01 23:54:09,220 INFO] Average bsz:  165/ 382/64
[2024-03-01 23:54:09,220 INFO] Validation perplexity: 329.76
[2024-03-01 23:54:09,220 INFO] Validation accuracy: 18.8489
[2024-03-01 23:54:09,222 INFO] Saving checkpoint gt-finetune/gt-finetune_6600_02_step_8000.pt
[2024-03-01 23:54:10,282 INFO] Step 8050/11600; acc: 77.5; ppl:   2.3; xent: 0.8; lr: 1.00000; sents:    3200; bsz:  143/ 356/64; 1449/3602 tok/s;     67 sec;
[2024-03-01 23:54:11,105 INFO] Step 8100/11600; acc: 72.0; ppl:   4.4; xent: 1.5; lr: 1.00000; sents:    3200; bsz:  151/ 384/64; 9178/23347 tok/s;     68 sec;
[2024-03-01 23:54:11,868 INFO] Step 8150/11600; acc: 76.0; ppl:   2.9; xent: 1.0; lr: 1.00000; sents:    3200; bsz:  142/ 352/64; 9307/23082 tok/s;     69 sec;
[2024-03-01 23:54:12,608 INFO] Step 8200/11600; acc: 78.2; ppl:   2.2; xent: 0.8; lr: 1.00000; sents:    3200; bsz:  128/ 334/64; 8658/22616 tok/s;     70 sec;
[2024-03-01 23:54:16,554 INFO] valid stats calculation
                           took: 3.9458813667297363 s.
[2024-03-01 23:54:16,554 INFO] Train perplexity: 12.2687
[2024-03-01 23:54:16,554 INFO] Train accuracy: 54.6426
[2024-03-01 23:54:16,554 INFO] Sentences processed: 102400
[2024-03-01 23:54:16,554 INFO] Average bsz:  162/ 379/64
[2024-03-01 23:54:16,554 INFO] Validation perplexity: 362.253
[2024-03-01 23:54:16,554 INFO] Validation accuracy: 21.0834
[2024-03-01 23:54:16,557 INFO] Saving checkpoint gt-finetune/gt-finetune_6600_02_step_8200.pt
[2024-03-01 23:54:17,759 INFO] Step 8250/11600; acc: 65.6; ppl:   6.9; xent: 1.9; lr: 1.00000; sents:    3200; bsz:  187/ 445/64; 1815/4316 tok/s;     75 sec;
[2024-03-01 23:54:18,634 INFO] Step 8300/11600; acc: 70.2; ppl:   6.2; xent: 1.8; lr: 1.00000; sents:    3200; bsz:  177/ 393/64; 10119/22469 tok/s;     76 sec;
[2024-03-01 23:54:19,364 INFO] Step 8350/11600; acc: 80.6; ppl:   2.1; xent: 0.7; lr: 1.00000; sents:    3200; bsz:  124/ 335/64; 8507/22977 tok/s;     76 sec;
[2024-03-01 23:54:20,124 INFO] Step 8400/11600; acc: 82.9; ppl:   1.9; xent: 0.6; lr: 1.00000; sents:    3200; bsz:  159/ 355/64; 10449/23342 tok/s;     77 sec;
[2024-03-01 23:54:23,974 INFO] valid stats calculation
                           took: 3.849532127380371 s.
[2024-03-01 23:54:23,974 INFO] Train perplexity: 10.7656
[2024-03-01 23:54:23,974 INFO] Train accuracy: 56.8212
[2024-03-01 23:54:23,974 INFO] Sentences processed: 115200
[2024-03-01 23:54:23,974 INFO] Average bsz:  162/ 379/64
[2024-03-01 23:54:23,974 INFO] Validation perplexity: 375.791
[2024-03-01 23:54:23,974 INFO] Validation accuracy: 21.4474
[2024-03-01 23:54:23,977 INFO] Saving checkpoint gt-finetune/gt-finetune_6600_02_step_8400.pt
[2024-03-01 23:54:25,038 INFO] Step 8450/11600; acc: 81.9; ppl:   1.9; xent: 0.7; lr: 1.00000; sents:    3200; bsz:  136/ 364/64; 1380/3699 tok/s;     82 sec;
[2024-03-01 23:54:25,813 INFO] Step 8500/11600; acc: 81.5; ppl:   2.3; xent: 0.8; lr: 1.00000; sents:    3200; bsz:  137/ 360/64; 8837/23205 tok/s;     83 sec;
[2024-03-01 23:54:26,678 INFO] Step 8550/11600; acc: 79.2; ppl:   3.0; xent: 1.1; lr: 1.00000; sents:    3200; bsz:  199/ 405/64; 11504/23443 tok/s;     84 sec;
[2024-03-01 23:54:27,550 INFO] Step 8600/11600; acc: 79.4; ppl:   2.8; xent: 1.0; lr: 1.00000; sents:    3200; bsz:  185/ 406/64; 10621/23266 tok/s;     84 sec;
[2024-03-01 23:54:31,416 INFO] valid stats calculation
                           took: 3.86657452583313 s.
[2024-03-01 23:54:31,417 INFO] Train perplexity: 9.29476
[2024-03-01 23:54:31,417 INFO] Train accuracy: 59.2069
[2024-03-01 23:54:31,417 INFO] Sentences processed: 128000
[2024-03-01 23:54:31,417 INFO] Average bsz:  162/ 379/64
[2024-03-01 23:54:31,417 INFO] Validation perplexity: 367.506
[2024-03-01 23:54:31,417 INFO] Validation accuracy: 21.3407
[2024-03-01 23:54:31,419 INFO] Saving checkpoint gt-finetune/gt-finetune_6600_02_step_8600.pt
[2024-03-01 23:54:32,441 INFO] Step 8650/11600; acc: 85.1; ppl:   1.7; xent: 0.5; lr: 1.00000; sents:    3200; bsz:  148/ 334/64; 1518/3415 tok/s;     89 sec;
[2024-03-01 23:54:33,196 INFO] Step 8700/11600; acc: 84.4; ppl:   1.8; xent: 0.6; lr: 1.00000; sents:    3200; bsz:  147/ 352/64; 9753/23311 tok/s;     90 sec;
[2024-03-01 23:54:33,966 INFO] Step 8750/11600; acc: 83.9; ppl:   1.9; xent: 0.6; lr: 1.00000; sents:    3200; bsz:  134/ 363/64; 8734/23587 tok/s;     91 sec;
[2024-03-01 23:54:34,750 INFO] Step 8800/11600; acc: 80.8; ppl:   2.5; xent: 0.9; lr: 1.00000; sents:    3200; bsz:  152/ 367/64; 9715/23405 tok/s;     92 sec;
[2024-03-01 23:54:38,634 INFO] valid stats calculation
                           took: 3.884129524230957 s.
[2024-03-01 23:54:38,635 INFO] Train perplexity: 8.13456
[2024-03-01 23:54:38,635 INFO] Train accuracy: 61.2817
[2024-03-01 23:54:38,635 INFO] Sentences processed: 140800
[2024-03-01 23:54:38,635 INFO] Average bsz:  161/ 377/64
[2024-03-01 23:54:38,635 INFO] Validation perplexity: 389.484
[2024-03-01 23:54:38,635 INFO] Validation accuracy: 20.1481
[2024-03-01 23:54:38,637 INFO] Saving checkpoint gt-finetune/gt-finetune_6600_02_step_8800.pt
[2024-03-01 23:54:39,744 INFO] Step 8850/11600; acc: 79.6; ppl:   2.9; xent: 1.1; lr: 1.00000; sents:    3200; bsz:  172/ 394/64; 1717/3940 tok/s;     97 sec;
[2024-03-01 23:54:40,526 INFO] Step 8900/11600; acc: 80.6; ppl:   2.9; xent: 1.0; lr: 1.00000; sents:    3200; bsz:  153/ 351/64; 9806/22444 tok/s;     97 sec;
[2024-03-01 23:54:41,462 INFO] Step 8950/11600; acc: 80.0; ppl:   3.3; xent: 1.2; lr: 1.00000; sents:    3200; bsz:  169/ 386/64; 9019/20611 tok/s;     98 sec;
[2024-03-01 23:54:42,257 INFO] Step 9000/11600; acc: 86.9; ppl:   1.8; xent: 0.6; lr: 1.00000; sents:    3200; bsz:  159/ 382/64; 9990/24015 tok/s;     99 sec;
[2024-03-01 23:54:46,126 INFO] valid stats calculation
                           took: 3.8689746856689453 s.
[2024-03-01 23:54:46,126 INFO] Train perplexity: 7.40845
[2024-03-01 23:54:46,126 INFO] Train accuracy: 62.9948
[2024-03-01 23:54:46,126 INFO] Sentences processed: 153600
[2024-03-01 23:54:46,126 INFO] Average bsz:  161/ 377/64
[2024-03-01 23:54:46,126 INFO] Validation perplexity: 338.952
[2024-03-01 23:54:46,126 INFO] Validation accuracy: 21.2026
[2024-03-01 23:54:46,129 INFO] Saving checkpoint gt-finetune/gt-finetune_6600_02_step_9000.pt
[2024-03-01 23:54:47,197 INFO] Step 9050/11600; acc: 86.6; ppl:   2.0; xent: 0.7; lr: 1.00000; sents:    3200; bsz:  175/ 368/64; 1775/3727 tok/s;    104 sec;
[2024-03-01 23:54:48,189 INFO] Step 9100/11600; acc: 69.9; ppl:   6.6; xent: 1.9; lr: 1.00000; sents:    3140; bsz:  176/ 390/63; 8879/19648 tok/s;    105 sec;
[2024-03-01 23:54:49,094 INFO] Step 9150/11600; acc: 79.3; ppl:   3.0; xent: 1.1; lr: 1.00000; sents:    3200; bsz:  169/ 383/64; 9341/21186 tok/s;    106 sec;
[2024-03-01 23:54:49,941 INFO] Step 9200/11600; acc: 79.0; ppl:   3.3; xent: 1.2; lr: 1.00000; sents:    3200; bsz:  180/ 388/64; 10657/22920 tok/s;    107 sec;
[2024-03-01 23:54:53,822 INFO] valid stats calculation
                           took: 3.8806421756744385 s.
[2024-03-01 23:54:53,822 INFO] Train perplexity: 6.96952
[2024-03-01 23:54:53,822 INFO] Train accuracy: 64.2098
[2024-03-01 23:54:53,822 INFO] Sentences processed: 166340
[2024-03-01 23:54:53,822 INFO] Average bsz:  162/ 378/64
[2024-03-01 23:54:53,822 INFO] Validation perplexity: 383.833
[2024-03-01 23:54:53,822 INFO] Validation accuracy: 21.529
[2024-03-01 23:54:53,825 INFO] Saving checkpoint gt-finetune/gt-finetune_6600_02_step_9200.pt
[2024-03-01 23:54:54,959 INFO] Step 9250/11600; acc: 79.5; ppl:   3.4; xent: 1.2; lr: 1.00000; sents:    3200; bsz:  167/ 395/64; 1666/3932 tok/s;    112 sec;
[2024-03-01 23:54:55,916 INFO] Step 9300/11600; acc: 71.4; ppl:   5.6; xent: 1.7; lr: 1.00000; sents:    3200; bsz:  210/ 444/64; 10985/23229 tok/s;    113 sec;
[2024-03-01 23:54:56,754 INFO] Step 9350/11600; acc: 83.7; ppl:   2.4; xent: 0.9; lr: 1.00000; sents:    3152; bsz:  149/ 374/63; 8863/22276 tok/s;    114 sec;
[2024-03-01 23:54:57,586 INFO] Step 9400/11600; acc: 78.8; ppl:   3.5; xent: 1.2; lr: 1.00000; sents:    3200; bsz:  186/ 409/64; 11161/24584 tok/s;    115 sec;
[2024-03-01 23:55:01,734 INFO] valid stats calculation
                           took: 4.14708399772644 s.
[2024-03-01 23:55:01,734 INFO] Train perplexity: 6.62729
[2024-03-01 23:55:01,734 INFO] Train accuracy: 65.2677
[2024-03-01 23:55:01,734 INFO] Sentences processed: 179092
[2024-03-01 23:55:01,734 INFO] Average bsz:  163/ 380/64
[2024-03-01 23:55:01,734 INFO] Validation perplexity: 301.005
[2024-03-01 23:55:01,734 INFO] Validation accuracy: 20.9013
[2024-03-01 23:55:01,736 INFO] Saving checkpoint gt-finetune/gt-finetune_6600_02_step_9400.pt
[2024-03-01 23:55:02,812 INFO] Step 9450/11600; acc: 84.9; ppl:   2.3; xent: 0.8; lr: 1.00000; sents:    3200; bsz:  156/ 371/64; 1490/3554 tok/s;    120 sec;
[2024-03-01 23:55:03,509 INFO] Step 9500/11600; acc: 87.8; ppl:   1.6; xent: 0.5; lr: 1.00000; sents:    3200; bsz:  128/ 334/64; 9188/23980 tok/s;    120 sec;
[2024-03-01 23:55:04,337 INFO] Step 9550/11600; acc: 79.6; ppl:   3.0; xent: 1.1; lr: 1.00000; sents:    3200; bsz:  189/ 391/64; 11399/23612 tok/s;    121 sec;
[2024-03-01 23:55:05,394 INFO] Step 9600/11600; acc: 70.0; ppl:   6.7; xent: 1.9; lr: 1.00000; sents:    3200; bsz:  251/ 466/64; 11890/22032 tok/s;    122 sec;
[2024-03-01 23:55:09,537 INFO] valid stats calculation
                           took: 4.14250636100769 s.
[2024-03-01 23:55:09,537 INFO] Train perplexity: 6.29353
[2024-03-01 23:55:09,537 INFO] Train accuracy: 66.2606
[2024-03-01 23:55:09,537 INFO] Sentences processed: 191892
[2024-03-01 23:55:09,537 INFO] Average bsz:  164/ 380/64
[2024-03-01 23:55:09,538 INFO] Validation perplexity: 351.551
[2024-03-01 23:55:09,538 INFO] Validation accuracy: 22.3638
[2024-03-01 23:55:09,540 INFO] Saving checkpoint gt-finetune/gt-finetune_6600_02_step_9600.pt
[2024-03-01 23:55:10,890 INFO] Step 9650/11600; acc: 70.6; ppl:   6.9; xent: 1.9; lr: 1.00000; sents:    3200; bsz:  190/ 415/64; 1728/3774 tok/s;    128 sec;
[2024-03-01 23:55:11,676 INFO] Step 9700/11600; acc: 85.3; ppl:   2.0; xent: 0.7; lr: 1.00000; sents:    3200; bsz:  164/ 378/64; 10428/24058 tok/s;    129 sec;
[2024-03-01 23:55:12,474 INFO] Step 9750/11600; acc: 87.5; ppl:   1.8; xent: 0.6; lr: 1.00000; sents:    3200; bsz:  155/ 372/64; 9710/23328 tok/s;    129 sec;
[2024-03-01 23:55:13,409 INFO] Step 9800/11600; acc: 80.0; ppl:   3.4; xent: 1.2; lr: 1.00000; sents:    3200; bsz:  154/ 364/64; 8233/19480 tok/s;    130 sec;
[2024-03-01 23:55:17,305 INFO] valid stats calculation
                           took: 3.8957581520080566 s.
[2024-03-01 23:55:17,305 INFO] Train perplexity: 6.02089
[2024-03-01 23:55:17,306 INFO] Train accuracy: 67.1583
[2024-03-01 23:55:17,306 INFO] Sentences processed: 204692
[2024-03-01 23:55:17,306 INFO] Average bsz:  164/ 380/64
[2024-03-01 23:55:17,306 INFO] Validation perplexity: 278.928
[2024-03-01 23:55:17,306 INFO] Validation accuracy: 21.9119
[2024-03-01 23:55:17,308 INFO] Saving checkpoint gt-finetune/gt-finetune_6600_02_step_9800.pt
[2024-03-01 23:55:18,383 INFO] Step 9850/11600; acc: 89.1; ppl:   1.7; xent: 0.5; lr: 1.00000; sents:    3200; bsz:  154/ 375/64; 1544/3765 tok/s;    135 sec;
[2024-03-01 23:55:19,152 INFO] Step 9900/11600; acc: 90.5; ppl:   1.4; xent: 0.3; lr: 1.00000; sents:    3200; bsz:  129/ 367/64; 8408/23879 tok/s;    136 sec;
[2024-03-01 23:55:20,067 INFO] Step 9950/11600; acc: 82.1; ppl:   2.7; xent: 1.0; lr: 1.00000; sents:    3200; bsz:  193/ 434/64; 10569/23726 tok/s;    137 sec;
[2024-03-01 23:55:20,973 INFO] Step 10000/11600; acc: 81.0; ppl:   2.9; xent: 1.1; lr: 1.00000; sents:    3200; bsz:  169/ 387/64; 9324/21343 tok/s;    138 sec;
[2024-03-01 23:55:24,836 INFO] valid stats calculation
                           took: 3.8626627922058105 s.
[2024-03-01 23:55:24,836 INFO] Train perplexity: 5.65582
[2024-03-01 23:55:24,836 INFO] Train accuracy: 68.2622
[2024-03-01 23:55:24,836 INFO] Sentences processed: 217492
[2024-03-01 23:55:24,836 INFO] Average bsz:  164/ 381/64
[2024-03-01 23:55:24,836 INFO] Validation perplexity: 303.227
[2024-03-01 23:55:24,836 INFO] Validation accuracy: 21.6231
[2024-03-01 23:55:24,839 INFO] Saving checkpoint gt-finetune/gt-finetune_6600_02_step_10000.pt
[2024-03-01 23:55:26,040 INFO] Step 10050/11600; acc: 86.5; ppl:   2.0; xent: 0.7; lr: 1.00000; sents:    3200; bsz:  168/ 396/64; 1654/3904 tok/s;    143 sec;
[2024-03-01 23:55:26,845 INFO] Step 10100/11600; acc: 82.4; ppl:   2.9; xent: 1.1; lr: 1.00000; sents:    3200; bsz:  155/ 366/64; 9625/22718 tok/s;    144 sec;
[2024-03-01 23:55:27,605 INFO] Step 10150/11600; acc: 88.4; ppl:   1.7; xent: 0.5; lr: 1.00000; sents:    3200; bsz:  152/ 352/64; 10028/23192 tok/s;    145 sec;
[2024-03-01 23:55:28,383 INFO] Step 10200/11600; acc: 89.5; ppl:   1.6; xent: 0.5; lr: 1.00000; sents:    3200; bsz:  156/ 370/64; 10030/23740 tok/s;    145 sec;
[2024-03-01 23:55:32,247 INFO] valid stats calculation
                           took: 3.8637309074401855 s.
[2024-03-01 23:55:32,248 INFO] Train perplexity: 5.34821
[2024-03-01 23:55:32,248 INFO] Train accuracy: 69.2596
[2024-03-01 23:55:32,248 INFO] Sentences processed: 230292
[2024-03-01 23:55:32,248 INFO] Average bsz:  164/ 380/64
[2024-03-01 23:55:32,248 INFO] Validation perplexity: 301.178
[2024-03-01 23:55:32,248 INFO] Validation accuracy: 22.5019
[2024-03-01 23:55:32,250 INFO] Saving checkpoint gt-finetune/gt-finetune_6600_02_step_10200.pt
[2024-03-01 23:55:33,318 INFO] Step 10250/11600; acc: 93.4; ppl:   1.3; xent: 0.2; lr: 1.00000; sents:    3200; bsz:  168/ 358/64; 1699/3630 tok/s;    150 sec;
[2024-03-01 23:55:34,097 INFO] Step 10300/11600; acc: 88.3; ppl:   1.7; xent: 0.5; lr: 1.00000; sents:    3200; bsz:  147/ 366/64; 9451/23521 tok/s;    151 sec;
[2024-03-01 23:55:34,857 INFO] Step 10350/11600; acc: 90.6; ppl:   1.5; xent: 0.4; lr: 1.00000; sents:    3200; bsz:  147/ 349/64; 9693/23006 tok/s;    152 sec;
[2024-03-01 23:55:35,725 INFO] Step 10400/11600; acc: 80.9; ppl:   2.9; xent: 1.1; lr: 1.00000; sents:    3200; bsz:  170/ 378/64; 9806/21800 tok/s;    153 sec;
[2024-03-01 23:55:39,601 INFO] valid stats calculation
                           took: 3.876033306121826 s.
[2024-03-01 23:55:39,602 INFO] Train perplexity: 5.05757
[2024-03-01 23:55:39,602 INFO] Train accuracy: 70.2122
[2024-03-01 23:55:39,602 INFO] Sentences processed: 243092
[2024-03-01 23:55:39,602 INFO] Average bsz:  164/ 380/64
[2024-03-01 23:55:39,602 INFO] Validation perplexity: 349.312
[2024-03-01 23:55:39,602 INFO] Validation accuracy: 21.937
[2024-03-01 23:55:39,604 INFO] Saving checkpoint gt-finetune/gt-finetune_6600_02_step_10400.pt
[2024-03-01 23:55:40,690 INFO] Step 10450/11600; acc: 93.0; ppl:   1.3; xent: 0.2; lr: 1.00000; sents:    3200; bsz:  148/ 384/64; 1495/3867 tok/s;    158 sec;
[2024-03-01 23:55:41,534 INFO] Step 10500/11600; acc: 78.6; ppl:   3.7; xent: 1.3; lr: 1.00000; sents:    3200; bsz:  159/ 392/64; 9436/23216 tok/s;    158 sec;
[2024-03-01 23:55:42,341 INFO] Step 10550/11600; acc: 85.0; ppl:   2.1; xent: 0.8; lr: 1.00000; sents:    3200; bsz:  150/ 365/64; 9275/22647 tok/s;    159 sec;
[2024-03-01 23:55:43,184 INFO] Step 10600/11600; acc: 83.5; ppl:   2.4; xent: 0.9; lr: 1.00000; sents:    3200; bsz:  157/ 405/64; 9333/24020 tok/s;    160 sec;
[2024-03-01 23:55:47,073 INFO] valid stats calculation
                           took: 3.8882617950439453 s.
[2024-03-01 23:55:47,073 INFO] Train perplexity: 4.852
[2024-03-01 23:55:47,073 INFO] Train accuracy: 70.9615
[2024-03-01 23:55:47,073 INFO] Sentences processed: 255892
[2024-03-01 23:55:47,073 INFO] Average bsz:  163/ 380/64
[2024-03-01 23:55:47,073 INFO] Validation perplexity: 298.325
[2024-03-01 23:55:47,073 INFO] Validation accuracy: 22.3199
[2024-03-01 23:55:47,076 INFO] Saving checkpoint gt-finetune/gt-finetune_6600_02_step_10600.pt
[2024-03-01 23:55:48,156 INFO] Step 10650/11600; acc: 93.2; ppl:   1.3; xent: 0.2; lr: 1.00000; sents:    3200; bsz:  161/ 372/64; 1622/3746 tok/s;    165 sec;
[2024-03-01 23:55:48,968 INFO] Step 10700/11600; acc: 90.1; ppl:   1.6; xent: 0.5; lr: 1.00000; sents:    3200; bsz:  170/ 385/64; 10490/23741 tok/s;    166 sec;
[2024-03-01 23:55:49,753 INFO] Step 10750/11600; acc: 91.0; ppl:   1.5; xent: 0.4; lr: 1.00000; sents:    3200; bsz:  157/ 368/64; 10028/23421 tok/s;    167 sec;
[2024-03-01 23:55:50,527 INFO] Step 10800/11600; acc: 88.3; ppl:   1.9; xent: 0.7; lr: 1.00000; sents:    3200; bsz:  150/ 359/64; 9681/23231 tok/s;    167 sec;
[2024-03-01 23:55:54,433 INFO] valid stats calculation
                           took: 3.905946969985962 s.
[2024-03-01 23:55:54,433 INFO] Train perplexity: 4.6036
[2024-03-01 23:55:54,433 INFO] Train accuracy: 71.8788
[2024-03-01 23:55:54,433 INFO] Sentences processed: 268692
[2024-03-01 23:55:54,433 INFO] Average bsz:  163/ 379/64
[2024-03-01 23:55:54,434 INFO] Validation perplexity: 299.127
[2024-03-01 23:55:54,434 INFO] Validation accuracy: 22.7906
[2024-03-01 23:55:54,436 INFO] Saving checkpoint gt-finetune/gt-finetune_6600_02_step_10800.pt
[2024-03-01 23:55:55,577 INFO] Step 10850/11600; acc: 86.8; ppl:   2.1; xent: 0.8; lr: 1.00000; sents:    3200; bsz:  197/ 391/64; 1952/3870 tok/s;    173 sec;
[2024-03-01 23:55:56,348 INFO] Step 10900/11600; acc: 90.5; ppl:   1.5; xent: 0.4; lr: 1.00000; sents:    3200; bsz:  157/ 362/64; 10207/23455 tok/s;    173 sec;
[2024-03-01 23:55:57,200 INFO] Step 10950/11600; acc: 90.1; ppl:   1.8; xent: 0.6; lr: 1.00000; sents:    3200; bsz:  173/ 385/64; 10160/22564 tok/s;    174 sec;
[2024-03-01 23:55:58,002 INFO] Step 11000/11600; acc: 90.9; ppl:   1.6; xent: 0.4; lr: 1.00000; sents:    3200; bsz:  141/ 362/64; 8823/22562 tok/s;    175 sec;
[2024-03-01 23:56:01,894 INFO] valid stats calculation
                           took: 3.891305685043335 s.
[2024-03-01 23:56:01,894 INFO] Train perplexity: 4.4064
[2024-03-01 23:56:01,894 INFO] Train accuracy: 72.671
[2024-03-01 23:56:01,894 INFO] Sentences processed: 281492
[2024-03-01 23:56:01,894 INFO] Average bsz:  163/ 379/64
[2024-03-01 23:56:01,894 INFO] Validation perplexity: 286.143
[2024-03-01 23:56:01,894 INFO] Validation accuracy: 22.5144
[2024-03-01 23:56:01,897 INFO] Saving checkpoint gt-finetune/gt-finetune_6600_02_step_11000.pt
[2024-03-01 23:56:02,970 INFO] Step 11050/11600; acc: 87.0; ppl:   2.0; xent: 0.7; lr: 1.00000; sents:    3200; bsz:  136/ 376/64; 1366/3787 tok/s;    180 sec;
[2024-03-01 23:56:03,871 INFO] Step 11100/11600; acc: 77.8; ppl:   3.8; xent: 1.3; lr: 1.00000; sents:    3200; bsz:  155/ 389/64; 8580/21605 tok/s;    181 sec;
[2024-03-01 23:56:04,804 INFO] Step 11150/11600; acc: 80.7; ppl:   3.1; xent: 1.1; lr: 1.00000; sents:    3200; bsz:  179/ 392/64; 9599/20983 tok/s;    182 sec;
[2024-03-01 23:56:05,570 INFO] Step 11200/11600; acc: 88.7; ppl:   1.7; xent: 0.5; lr: 1.00000; sents:    3200; bsz:  137/ 361/64; 8946/23552 tok/s;    183 sec;
[2024-03-01 23:56:09,460 INFO] valid stats calculation
                           took: 3.889678716659546 s.
[2024-03-01 23:56:09,460 INFO] Train perplexity: 4.30046
[2024-03-01 23:56:09,460 INFO] Train accuracy: 73.1393
[2024-03-01 23:56:09,460 INFO] Sentences processed: 294292
[2024-03-01 23:56:09,460 INFO] Average bsz:  163/ 379/64
[2024-03-01 23:56:09,460 INFO] Validation perplexity: 269.135
[2024-03-01 23:56:09,460 INFO] Validation accuracy: 22.9601
[2024-03-01 23:56:09,462 INFO] Saving checkpoint gt-finetune/gt-finetune_6600_02_step_11200.pt
[2024-03-01 23:56:10,648 INFO] Step 11250/11600; acc: 84.4; ppl:   2.6; xent: 1.0; lr: 1.00000; sents:    3140; bsz:  181/ 377/63; 1785/3712 tok/s;    188 sec;
[2024-03-01 23:56:11,558 INFO] Step 11300/11600; acc: 81.7; ppl:   3.0; xent: 1.1; lr: 1.00000; sents:    3200; bsz:  200/ 396/64; 10958/21760 tok/s;    188 sec;
[2024-03-01 23:56:12,552 INFO] Step 11350/11600; acc: 84.3; ppl:   2.5; xent: 0.9; lr: 1.00000; sents:    3200; bsz:  196/ 386/64; 9856/19429 tok/s;    189 sec;
[2024-03-01 23:56:13,367 INFO] Step 11400/11600; acc: 88.1; ppl:   2.1; xent: 0.7; lr: 1.00000; sents:    3200; bsz:  168/ 392/64; 10300/24081 tok/s;    190 sec;
[2024-03-01 23:56:17,244 INFO] valid stats calculation
                           took: 3.8770859241485596 s.
[2024-03-01 23:56:17,244 INFO] Train perplexity: 4.20571
[2024-03-01 23:56:17,244 INFO] Train accuracy: 73.6274
[2024-03-01 23:56:17,244 INFO] Sentences processed: 307032
[2024-03-01 23:56:17,244 INFO] Average bsz:  164/ 380/64
[2024-03-01 23:56:17,245 INFO] Validation perplexity: 240.281
[2024-03-01 23:56:17,245 INFO] Validation accuracy: 22.8659
[2024-03-01 23:56:17,247 INFO] Saving checkpoint gt-finetune/gt-finetune_6600_02_step_11400.pt
[2024-03-01 23:56:18,464 INFO] Step 11450/11600; acc: 77.0; ppl:   4.0; xent: 1.4; lr: 1.00000; sents:    3200; bsz:  202/ 439/64; 1977/4309 tok/s;    195 sec;
[2024-03-01 23:56:19,262 INFO] Step 11500/11600; acc: 85.8; ppl:   2.4; xent: 0.9; lr: 1.00000; sents:    3200; bsz:  157/ 382/64; 9859/23891 tok/s;    196 sec;
[2024-03-01 23:56:20,132 INFO] Step 11550/11600; acc: 79.3; ppl:   3.5; xent: 1.3; lr: 1.00000; sents:    3200; bsz:  202/ 397/64; 11628/22797 tok/s;    197 sec;
[2024-03-01 23:56:20,909 INFO] Step 11600/11600; acc: 90.6; ppl:   1.6; xent: 0.5; lr: 1.00000; sents:    3200; bsz:  156/ 365/64; 10060/23490 tok/s;    198 sec;
[2024-03-01 23:56:24,771 INFO] valid stats calculation
                           took: 3.8625009059906006 s.
[2024-03-01 23:56:24,772 INFO] Train perplexity: 4.13477
[2024-03-01 23:56:24,772 INFO] Train accuracy: 74.0092
[2024-03-01 23:56:24,772 INFO] Sentences processed: 319832
[2024-03-01 23:56:24,772 INFO] Average bsz:  164/ 380/64
[2024-03-01 23:56:24,772 INFO] Validation perplexity: 263.634
[2024-03-01 23:56:24,772 INFO] Validation accuracy: 22.5898
[2024-03-01 23:56:24,774 INFO] Saving checkpoint gt-finetune/gt-finetune_6600_02_step_11600.pt
