[2024-03-04 19:29:59,937 WARNING] Corpus corpus_1's weight should be given. We default it to 1 for you.
[2024-03-04 19:29:59,938 INFO] Parsed 2 corpora from -data.
[2024-03-04 19:29:59,938 INFO] Loading checkpoint from gt-pretrain/models/both/gt-pretrain_03_step_8400.pt
[2024-03-04 19:30:00,053 INFO] Building model...
[2024-03-04 19:30:00,109 INFO] Switching model to float32 for amp/apex_amp
[2024-03-04 19:30:00,109 INFO] Non quantized layer compute is fp32
[2024-03-04 19:30:01,899 INFO] NMTModel(
  (encoder): RNNEncoder(
    (embeddings): Embeddings(
      (make_embedding): Sequential(
        (emb_luts): Elementwise(
          (0): Embedding(25208, 320, padding_idx=1)
        )
      )
      (dropout): Dropout(p=0.3, inplace=False)
    )
    (rnn): LSTM(320, 500, num_layers=2, batch_first=True, dropout=0.3)
  )
  (decoder): InputFeedRNNDecoder(
    (embeddings): Embeddings(
      (make_embedding): Sequential(
        (emb_luts): Elementwise(
          (0): Embedding(32768, 320, padding_idx=1)
        )
      )
      (dropout): Dropout(p=0.3, inplace=False)
    )
    (dropout): Dropout(p=0.3, inplace=False)
    (rnn): StackedLSTM(
      (dropout): Dropout(p=0.3, inplace=False)
      (layers): ModuleList(
        (0): LSTMCell(820, 500)
        (1): LSTMCell(500, 500)
      )
    )
    (attn): GlobalAttention(
      (linear_in): Linear(in_features=500, out_features=500, bias=False)
      (linear_out): Linear(in_features=1000, out_features=500, bias=False)
    )
  )
  (generator): Linear(in_features=500, out_features=32768, bias=True)
)
[2024-03-04 19:30:01,899 INFO] encoder: 11714560
[2024-03-04 19:30:01,899 INFO] decoder: 32300528
[2024-03-04 19:30:01,899 INFO] * number of parameters: 44015088
[2024-03-04 19:30:01,899 INFO] Trainable parameters = {'torch.float32': 44015088, 'torch.float16': 0, 'torch.uint8': 0, 'torch.int8': 0}
[2024-03-04 19:30:01,899 INFO] Non trainable parameters = {'torch.float32': 0, 'torch.float16': 0, 'torch.uint8': 0, 'torch.int8': 0}
[2024-03-04 19:30:01,900 INFO]  * src vocab size = 25208
[2024-03-04 19:30:01,900 INFO]  * tgt vocab size = 32768
[2024-03-04 19:30:01,901 INFO] Starting training on GPU: [0]
[2024-03-04 19:30:01,902 INFO] Start training loop and validate every 200 steps...
[2024-03-04 19:30:01,902 INFO] Scoring with: TransformPipe(InferFeatsTransform())
[2024-03-04 19:30:16,874 INFO] Step 8450/13400; acc: 23.9; ppl: 358.8; xent: 5.9; lr: 1.00000; sents:    3200; bsz:  174/ 390/64; 579/1302 tok/s;     15 sec;
[2024-03-04 19:30:17,599 INFO] Step 8500/13400; acc: 32.9; ppl: 113.0; xent: 4.7; lr: 1.00000; sents:    3200; bsz:  156/ 356/64; 10767/24535 tok/s;     16 sec;
[2024-03-04 19:30:18,550 INFO] Step 8550/13400; acc: 29.6; ppl: 110.9; xent: 4.7; lr: 1.00000; sents:    3200; bsz:  207/ 432/64; 10869/22720 tok/s;     17 sec;
[2024-03-04 19:30:19,280 INFO] Step 8600/13400; acc: 37.1; ppl:  52.2; xent: 4.0; lr: 1.00000; sents:    3200; bsz:  145/ 359/64; 9911/24609 tok/s;     17 sec;
[2024-03-04 19:30:23,182 INFO] valid stats calculation
                           took: 3.9018261432647705 s.
[2024-03-04 19:30:23,182 INFO] Train perplexity: 125.829
[2024-03-04 19:30:23,182 INFO] Train accuracy: 30.6511
[2024-03-04 19:30:23,182 INFO] Sentences processed: 12800
[2024-03-04 19:30:23,182 INFO] Average bsz:  170/ 384/64
[2024-03-04 19:30:23,182 INFO] Validation perplexity: 225.611
[2024-03-04 19:30:23,182 INFO] Validation accuracy: 21.46
[2024-03-04 19:30:23,185 INFO] Saving checkpoint gt-ft-both/gt-finetune_8400_03_step_8600.pt
[2024-03-04 19:30:24,464 INFO] Step 8650/13400; acc: 36.5; ppl:  51.7; xent: 3.9; lr: 1.00000; sents:    3200; bsz:  183/ 395/64; 1768/3810 tok/s;     23 sec;
[2024-03-04 19:30:25,243 INFO] Step 8700/13400; acc: 39.4; ppl:  36.3; xent: 3.6; lr: 1.00000; sents:    3200; bsz:  148/ 373/64; 9494/23899 tok/s;     23 sec;
[2024-03-04 19:30:25,987 INFO] Step 8750/13400; acc: 42.8; ppl:  25.4; xent: 3.2; lr: 1.00000; sents:    3200; bsz:  148/ 369/64; 9989/24793 tok/s;     24 sec;
[2024-03-04 19:30:26,768 INFO] Step 8800/13400; acc: 40.4; ppl:  33.3; xent: 3.5; lr: 1.00000; sents:    3200; bsz:  175/ 379/64; 11195/24243 tok/s;     25 sec;
[2024-03-04 19:30:30,702 INFO] valid stats calculation
                           took: 3.93367338180542 s.
[2024-03-04 19:30:30,702 INFO] Train perplexity: 67.3292
[2024-03-04 19:30:30,702 INFO] Train accuracy: 35.1511
[2024-03-04 19:30:30,702 INFO] Sentences processed: 25600
[2024-03-04 19:30:30,702 INFO] Average bsz:  167/ 381/64
[2024-03-04 19:30:30,702 INFO] Validation perplexity: 198.423
[2024-03-04 19:30:30,702 INFO] Validation accuracy: 20.6503
[2024-03-04 19:30:30,705 INFO] Saving checkpoint gt-ft-both/gt-finetune_8400_03_step_8800.pt
[2024-03-04 19:30:31,951 INFO] Step 8850/13400; acc: 43.6; ppl:  22.6; xent: 3.1; lr: 1.00000; sents:    3200; bsz:  179/ 388/64; 1722/3747 tok/s;     30 sec;
[2024-03-04 19:30:32,838 INFO] Step 8900/13400; acc: 42.1; ppl:  28.5; xent: 3.3; lr: 1.00000; sents:    3200; bsz:  213/ 423/64; 12027/23828 tok/s;     31 sec;
[2024-03-04 19:30:33,609 INFO] Step 8950/13400; acc: 49.5; ppl:  13.5; xent: 2.6; lr: 1.00000; sents:    3200; bsz:  156/ 351/64; 10117/22774 tok/s;     32 sec;
[2024-03-04 19:30:34,503 INFO] Step 9000/13400; acc: 48.1; ppl:  15.6; xent: 2.7; lr: 1.00000; sents:    3200; bsz:  156/ 359/64; 8714/20106 tok/s;     33 sec;
[2024-03-04 19:30:38,392 INFO] valid stats calculation
                           took: 3.8886964321136475 s.
[2024-03-04 19:30:38,392 INFO] Train perplexity: 44.6584
[2024-03-04 19:30:38,392 INFO] Train accuracy: 38.6322
[2024-03-04 19:30:38,392 INFO] Sentences processed: 38400
[2024-03-04 19:30:38,392 INFO] Average bsz:  170/ 381/64
[2024-03-04 19:30:38,392 INFO] Validation perplexity: 254.343
[2024-03-04 19:30:38,392 INFO] Validation accuracy: 18.8238
[2024-03-04 19:30:38,395 INFO] Saving checkpoint gt-ft-both/gt-finetune_8400_03_step_9000.pt
[2024-03-04 19:30:39,575 INFO] Step 9050/13400; acc: 48.2; ppl:  16.8; xent: 2.8; lr: 1.00000; sents:    3200; bsz:  164/ 370/64; 1615/3647 tok/s;     38 sec;
[2024-03-04 19:30:40,339 INFO] Step 9100/13400; acc: 52.4; ppl:  10.9; xent: 2.4; lr: 1.00000; sents:    3200; bsz:  145/ 356/64; 9514/23316 tok/s;     38 sec;
[2024-03-04 19:30:41,274 INFO] Step 9150/13400; acc: 49.4; ppl:  15.3; xent: 2.7; lr: 1.00000; sents:    3200; bsz:  206/ 442/64; 10994/23662 tok/s;     39 sec;
[2024-03-04 19:30:42,371 INFO] Step 9200/13400; acc: 42.9; ppl:  29.7; xent: 3.4; lr: 1.00000; sents:    3200; bsz:  235/ 451/64; 10709/20547 tok/s;     40 sec;
[2024-03-04 19:30:46,270 INFO] valid stats calculation
                           took: 3.8986470699310303 s.
[2024-03-04 19:30:46,270 INFO] Train perplexity: 34.9142
[2024-03-04 19:30:46,270 INFO] Train accuracy: 41.0705
[2024-03-04 19:30:46,270 INFO] Sentences processed: 51200
[2024-03-04 19:30:46,270 INFO] Average bsz:  174/ 387/64
[2024-03-04 19:30:46,270 INFO] Validation perplexity: 191.536
[2024-03-04 19:30:46,271 INFO] Validation accuracy: 22.7341
[2024-03-04 19:30:46,273 INFO] Saving checkpoint gt-ft-both/gt-finetune_8400_03_step_9200.pt
[2024-03-04 19:30:47,475 INFO] Step 9250/13400; acc: 55.7; ppl:   8.2; xent: 2.1; lr: 1.00000; sents:    3200; bsz:  160/ 392/64; 1567/3843 tok/s;     46 sec;
[2024-03-04 19:30:48,218 INFO] Step 9300/13400; acc: 58.4; ppl:   6.5; xent: 1.9; lr: 1.00000; sents:    3200; bsz:  163/ 365/64; 10936/24525 tok/s;     46 sec;
[2024-03-04 19:30:49,016 INFO] Step 9350/13400; acc: 58.5; ppl:   7.3; xent: 2.0; lr: 1.00000; sents:    3200; bsz:  166/ 403/64; 10432/25260 tok/s;     47 sec;
[2024-03-04 19:30:49,819 INFO] Step 9400/13400; acc: 57.6; ppl:   7.7; xent: 2.0; lr: 1.00000; sents:    3200; bsz:  170/ 400/64; 10602/24899 tok/s;     48 sec;
[2024-03-04 19:30:53,747 INFO] valid stats calculation
                           took: 3.9274027347564697 s.
[2024-03-04 19:30:53,747 INFO] Train perplexity: 25.5525
[2024-03-04 19:30:53,747 INFO] Train accuracy: 44.3822
[2024-03-04 19:30:53,747 INFO] Sentences processed: 64000
[2024-03-04 19:30:53,747 INFO] Average bsz:  172/ 388/64
[2024-03-04 19:30:53,747 INFO] Validation perplexity: 239.296
[2024-03-04 19:30:53,747 INFO] Validation accuracy: 22.4015
[2024-03-04 19:30:53,750 INFO] Saving checkpoint gt-ft-both/gt-finetune_8400_03_step_9400.pt
[2024-03-04 19:30:54,895 INFO] Step 9450/13400; acc: 65.4; ppl:   4.5; xent: 1.5; lr: 1.00000; sents:    3200; bsz:  145/ 354/64; 1425/3484 tok/s;     53 sec;
[2024-03-04 19:30:55,683 INFO] Step 9500/13400; acc: 60.8; ppl:   6.3; xent: 1.8; lr: 1.00000; sents:    3200; bsz:  161/ 387/64; 10245/24592 tok/s;     54 sec;
[2024-03-04 19:30:56,548 INFO] Step 9550/13400; acc: 61.0; ppl:   7.0; xent: 1.9; lr: 1.00000; sents:    3200; bsz:  182/ 396/64; 10493/22863 tok/s;     55 sec;
[2024-03-04 19:30:57,357 INFO] Step 9600/13400; acc: 65.8; ppl:   4.9; xent: 1.6; lr: 1.00000; sents:    3200; bsz:  164/ 387/64; 10135/23923 tok/s;     55 sec;
[2024-03-04 19:31:01,270 INFO] valid stats calculation
                           took: 3.9133803844451904 s.
[2024-03-04 19:31:01,271 INFO] Train perplexity: 19.9384
[2024-03-04 19:31:01,271 INFO] Train accuracy: 47.4716
[2024-03-04 19:31:01,271 INFO] Sentences processed: 76800
[2024-03-04 19:31:01,271 INFO] Average bsz:  171/ 386/64
[2024-03-04 19:31:01,271 INFO] Validation perplexity: 260.059
[2024-03-04 19:31:01,271 INFO] Validation accuracy: 21.9997
[2024-03-04 19:31:01,273 INFO] Saving checkpoint gt-ft-both/gt-finetune_8400_03_step_9600.pt
[2024-03-04 19:31:02,439 INFO] Step 9650/13400; acc: 71.0; ppl:   3.0; xent: 1.1; lr: 1.00000; sents:    3200; bsz:  134/ 361/64; 1322/3552 tok/s;     61 sec;
[2024-03-04 19:31:03,287 INFO] Step 9700/13400; acc: 68.2; ppl:   4.4; xent: 1.5; lr: 1.00000; sents:    3200; bsz:  156/ 378/64; 9218/22280 tok/s;     61 sec;
[2024-03-04 19:31:04,095 INFO] Step 9750/13400; acc: 71.0; ppl:   4.0; xent: 1.4; lr: 1.00000; sents:    3200; bsz:  183/ 394/64; 11314/24403 tok/s;     62 sec;
[2024-03-04 19:31:04,904 INFO] Step 9800/13400; acc: 68.5; ppl:   4.3; xent: 1.5; lr: 1.00000; sents:    3200; bsz:  166/ 384/64; 10292/23737 tok/s;     63 sec;
[2024-03-04 19:31:08,797 INFO] valid stats calculation
                           took: 3.892873525619507 s.
[2024-03-04 19:31:08,798 INFO] Train perplexity: 15.8474
[2024-03-04 19:31:08,798 INFO] Train accuracy: 50.5959
[2024-03-04 19:31:08,798 INFO] Sentences processed: 89600
[2024-03-04 19:31:08,798 INFO] Average bsz:  169/ 385/64
[2024-03-04 19:31:08,798 INFO] Validation perplexity: 303.936
[2024-03-04 19:31:08,798 INFO] Validation accuracy: 20.9704
[2024-03-04 19:31:08,800 INFO] Saving checkpoint gt-ft-both/gt-finetune_8400_03_step_9800.pt
[2024-03-04 19:31:10,128 INFO] Step 9850/13400; acc: 65.4; ppl:   6.2; xent: 1.8; lr: 1.00000; sents:    3200; bsz:  183/ 426/64; 1754/4080 tok/s;     68 sec;
[2024-03-04 19:31:10,807 INFO] Step 9900/13400; acc: 76.1; ppl:   2.4; xent: 0.9; lr: 1.00000; sents:    3200; bsz:  129/ 317/64; 9519/23372 tok/s;     69 sec;
[2024-03-04 19:31:11,560 INFO] Step 9950/13400; acc: 74.0; ppl:   2.9; xent: 1.1; lr: 1.00000; sents:    3200; bsz:  132/ 373/64; 8762/24788 tok/s;     70 sec;
[2024-03-04 19:31:12,311 INFO] Step 10000/13400; acc: 76.0; ppl:   2.9; xent: 1.1; lr: 1.00000; sents:    3200; bsz:  161/ 370/64; 10738/24603 tok/s;     70 sec;
[2024-03-04 19:31:16,224 INFO] valid stats calculation
                           took: 3.912391185760498 s.
[2024-03-04 19:31:16,224 INFO] Train perplexity: 13.1875
[2024-03-04 19:31:16,224 INFO] Train accuracy: 53.2463
[2024-03-04 19:31:16,224 INFO] Sentences processed: 102400
[2024-03-04 19:31:16,224 INFO] Average bsz:  167/ 384/64
[2024-03-04 19:31:16,224 INFO] Validation perplexity: 320.251
[2024-03-04 19:31:16,224 INFO] Validation accuracy: 22.2383
[2024-03-04 19:31:16,227 INFO] Saving checkpoint gt-ft-both/gt-finetune_8400_03_step_10000.pt
[2024-03-04 19:31:17,346 INFO] Step 10050/13400; acc: 78.5; ppl:   2.2; xent: 0.8; lr: 1.00000; sents:    3200; bsz:  138/ 337/64; 1373/3344 tok/s;     75 sec;
[2024-03-04 19:31:18,047 INFO] Step 10100/13400; acc: 82.1; ppl:   1.9; xent: 0.7; lr: 1.00000; sents:    3200; bsz:  146/ 335/64; 10411/23926 tok/s;     76 sec;
[2024-03-04 19:31:18,809 INFO] Step 10150/13400; acc: 77.3; ppl:   2.9; xent: 1.1; lr: 1.00000; sents:    3200; bsz:  182/ 376/64; 11914/24641 tok/s;     77 sec;
[2024-03-04 19:31:19,654 INFO] Step 10200/13400; acc: 68.6; ppl:   5.9; xent: 1.8; lr: 1.00000; sents:    3200; bsz:  175/ 407/64; 10338/24121 tok/s;     78 sec;
[2024-03-04 19:31:23,543 INFO] valid stats calculation
                           took: 3.888336658477783 s.
[2024-03-04 19:31:23,543 INFO] Train perplexity: 11.2805
[2024-03-04 19:31:23,543 INFO] Train accuracy: 55.6871
[2024-03-04 19:31:23,543 INFO] Sentences processed: 115200
[2024-03-04 19:31:23,543 INFO] Average bsz:  166/ 381/64
[2024-03-04 19:31:23,543 INFO] Validation perplexity: 284.884
[2024-03-04 19:31:23,543 INFO] Validation accuracy: 22.1567
[2024-03-04 19:31:23,545 INFO] Saving checkpoint gt-ft-both/gt-finetune_8400_03_step_10200.pt
[2024-03-04 19:31:24,738 INFO] Step 10250/13400; acc: 80.7; ppl:   2.3; xent: 0.8; lr: 1.00000; sents:    3200; bsz:  168/ 386/64; 1649/3794 tok/s;     83 sec;
[2024-03-04 19:31:25,515 INFO] Step 10300/13400; acc: 80.2; ppl:   2.3; xent: 0.8; lr: 1.00000; sents:    3200; bsz:  164/ 386/64; 10544/24865 tok/s;     84 sec;
[2024-03-04 19:31:26,301 INFO] Step 10350/13400; acc: 81.2; ppl:   2.4; xent: 0.9; lr: 1.00000; sents:    3200; bsz:  170/ 391/64; 10834/24883 tok/s;     84 sec;
[2024-03-04 19:31:27,078 INFO] Step 10400/13400; acc: 80.1; ppl:   2.8; xent: 1.0; lr: 1.00000; sents:    3200; bsz:  169/ 383/64; 10875/24640 tok/s;     85 sec;
[2024-03-04 19:31:30,966 INFO] valid stats calculation
                           took: 3.888659715652466 s.
[2024-03-04 19:31:30,967 INFO] Train perplexity: 9.67177
[2024-03-04 19:31:30,967 INFO] Train accuracy: 58.2063
[2024-03-04 19:31:30,967 INFO] Sentences processed: 128000
[2024-03-04 19:31:30,967 INFO] Average bsz:  166/ 382/64
[2024-03-04 19:31:30,967 INFO] Validation perplexity: 307.895
[2024-03-04 19:31:30,967 INFO] Validation accuracy: 21.5227
[2024-03-04 19:31:30,969 INFO] Saving checkpoint gt-ft-both/gt-finetune_8400_03_step_10400.pt
[2024-03-04 19:31:32,215 INFO] Step 10450/13400; acc: 77.4; ppl:   3.2; xent: 1.1; lr: 1.00000; sents:    3200; bsz:  169/ 382/64; 1648/3722 tok/s;     90 sec;
[2024-03-04 19:31:32,966 INFO] Step 10500/13400; acc: 84.4; ppl:   1.7; xent: 0.6; lr: 1.00000; sents:    3200; bsz:  147/ 369/64; 9813/24614 tok/s;     91 sec;
[2024-03-04 19:31:33,729 INFO] Step 10550/13400; acc: 77.1; ppl:   3.4; xent: 1.2; lr: 1.00000; sents:    3200; bsz:  165/ 371/64; 10813/24296 tok/s;     92 sec;
[2024-03-04 19:31:34,471 INFO] Step 10600/13400; acc: 80.3; ppl:   2.5; xent: 0.9; lr: 1.00000; sents:    3200; bsz:  145/ 354/64; 9758/23879 tok/s;     93 sec;
[2024-03-04 19:31:38,390 INFO] valid stats calculation
                           took: 3.9191579818725586 s.
[2024-03-04 19:31:38,390 INFO] Train perplexity: 8.62384
[2024-03-04 19:31:38,391 INFO] Train accuracy: 60.1065
[2024-03-04 19:31:38,391 INFO] Sentences processed: 140800
[2024-03-04 19:31:38,391 INFO] Average bsz:  166/ 381/64
[2024-03-04 19:31:38,391 INFO] Validation perplexity: 334.121
[2024-03-04 19:31:38,391 INFO] Validation accuracy: 20.8386
[2024-03-04 19:31:38,393 INFO] Saving checkpoint gt-ft-both/gt-finetune_8400_03_step_10600.pt
[2024-03-04 19:31:39,619 INFO] Step 10650/13400; acc: 78.1; ppl:   3.1; xent: 1.1; lr: 1.00000; sents:    3152; bsz:  164/ 368/63; 1592/3572 tok/s;     98 sec;
[2024-03-04 19:31:40,459 INFO] Step 10700/13400; acc: 73.4; ppl:   5.0; xent: 1.6; lr: 1.00000; sents:    3200; bsz:  171/ 398/64; 10172/23693 tok/s;     99 sec;
[2024-03-04 19:31:41,343 INFO] Step 10750/13400; acc: 80.9; ppl:   2.8; xent: 1.0; lr: 1.00000; sents:    3200; bsz:  180/ 427/64; 10186/24183 tok/s;     99 sec;
[2024-03-04 19:31:42,078 INFO] Step 10800/13400; acc: 81.5; ppl:   2.6; xent: 1.0; lr: 1.00000; sents:    3200; bsz:  160/ 357/64; 10887/24318 tok/s;    100 sec;
[2024-03-04 19:31:46,005 INFO] valid stats calculation
                           took: 3.9270732402801514 s.
[2024-03-04 19:31:46,006 INFO] Train perplexity: 7.94115
[2024-03-04 19:31:46,006 INFO] Train accuracy: 61.6619
[2024-03-04 19:31:46,006 INFO] Sentences processed: 153552
[2024-03-04 19:31:46,006 INFO] Average bsz:  166/ 381/64
[2024-03-04 19:31:46,006 INFO] Validation perplexity: 276.466
[2024-03-04 19:31:46,006 INFO] Validation accuracy: 21.9558
[2024-03-04 19:31:46,008 INFO] Saving checkpoint gt-ft-both/gt-finetune_8400_03_step_10800.pt
[2024-03-04 19:31:47,169 INFO] Step 10850/13400; acc: 81.6; ppl:   2.5; xent: 0.9; lr: 1.00000; sents:    3200; bsz:  169/ 360/64; 1659/3539 tok/s;    105 sec;
[2024-03-04 19:31:47,980 INFO] Step 10900/13400; acc: 86.4; ppl:   1.9; xent: 0.6; lr: 1.00000; sents:    3140; bsz:  156/ 361/63; 9632/22306 tok/s;    106 sec;
[2024-03-04 19:31:48,745 INFO] Step 10950/13400; acc: 82.9; ppl:   2.4; xent: 0.9; lr: 1.00000; sents:    3200; bsz:  135/ 365/64; 8793/23828 tok/s;    107 sec;
[2024-03-04 19:31:49,534 INFO] Step 11000/13400; acc: 83.1; ppl:   2.6; xent: 1.0; lr: 1.00000; sents:    3200; bsz:  138/ 384/64; 8773/24337 tok/s;    108 sec;
[2024-03-04 19:31:53,429 INFO] valid stats calculation
                           took: 3.894444465637207 s.
[2024-03-04 19:31:53,429 INFO] Train perplexity: 7.24807
[2024-03-04 19:31:53,429 INFO] Train accuracy: 63.2863
[2024-03-04 19:31:53,429 INFO] Sentences processed: 166292
[2024-03-04 19:31:53,429 INFO] Average bsz:  165/ 380/64
[2024-03-04 19:31:53,429 INFO] Validation perplexity: 277.561
[2024-03-04 19:31:53,429 INFO] Validation accuracy: 21.6608
[2024-03-04 19:31:53,431 INFO] Saving checkpoint gt-ft-both/gt-finetune_8400_03_step_11000.pt
[2024-03-04 19:31:54,624 INFO] Step 11050/13400; acc: 86.9; ppl:   1.8; xent: 0.6; lr: 1.00000; sents:    3200; bsz:  163/ 381/64; 1597/3741 tok/s;    113 sec;
[2024-03-04 19:31:55,375 INFO] Step 11100/13400; acc: 82.8; ppl:   2.7; xent: 1.0; lr: 1.00000; sents:    3200; bsz:  169/ 375/64; 11254/24958 tok/s;    113 sec;
[2024-03-04 19:31:56,131 INFO] Step 11150/13400; acc: 82.8; ppl:   2.5; xent: 0.9; lr: 1.00000; sents:    3200; bsz:  168/ 384/64; 11089/25363 tok/s;    114 sec;
[2024-03-04 19:31:56,878 INFO] Step 11200/13400; acc: 90.0; ppl:   1.4; xent: 0.4; lr: 1.00000; sents:    3200; bsz:  163/ 389/64; 10883/26030 tok/s;    115 sec;
[2024-03-04 19:32:01,036 INFO] valid stats calculation
                           took: 4.156890869140625 s.
[2024-03-04 19:32:01,036 INFO] Train perplexity: 6.61505
[2024-03-04 19:32:01,036 INFO] Train accuracy: 64.8912
[2024-03-04 19:32:01,036 INFO] Sentences processed: 179092
[2024-03-04 19:32:01,036 INFO] Average bsz:  165/ 380/64
[2024-03-04 19:32:01,036 INFO] Validation perplexity: 333.429
[2024-03-04 19:32:01,036 INFO] Validation accuracy: 21.2277
[2024-03-04 19:32:01,038 INFO] Saving checkpoint gt-ft-both/gt-finetune_8400_03_step_11200.pt
[2024-03-04 19:32:02,189 INFO] Step 11250/13400; acc: 81.7; ppl:   2.6; xent: 1.0; lr: 1.00000; sents:    3200; bsz:  159/ 379/64; 1494/3570 tok/s;    120 sec;
[2024-03-04 19:32:03,160 INFO] Step 11300/13400; acc: 72.8; ppl:   5.6; xent: 1.7; lr: 1.00000; sents:    3200; bsz:  173/ 404/64; 8932/20839 tok/s;    121 sec;
[2024-03-04 19:32:03,850 INFO] Step 11350/13400; acc: 85.5; ppl:   1.9; xent: 0.7; lr: 1.00000; sents:    3200; bsz:  142/ 353/64; 10295/25569 tok/s;    122 sec;
[2024-03-04 19:32:04,605 INFO] Step 11400/13400; acc: 88.2; ppl:   1.8; xent: 0.6; lr: 1.00000; sents:    3200; bsz:  173/ 393/64; 11442/25992 tok/s;    123 sec;
[2024-03-04 19:32:08,728 INFO] valid stats calculation
                           took: 4.122859239578247 s.
[2024-03-04 19:32:08,729 INFO] Train perplexity: 6.22847
[2024-03-04 19:32:08,729 INFO] Train accuracy: 66.0292
[2024-03-04 19:32:08,729 INFO] Sentences processed: 191892
[2024-03-04 19:32:08,729 INFO] Average bsz:  164/ 381/64
[2024-03-04 19:32:08,729 INFO] Validation perplexity: 297.827
[2024-03-04 19:32:08,729 INFO] Validation accuracy: 22.0437
[2024-03-04 19:32:08,731 INFO] Saving checkpoint gt-ft-both/gt-finetune_8400_03_step_11400.pt
[2024-03-04 19:32:09,891 INFO] Step 11450/13400; acc: 87.8; ppl:   1.8; xent: 0.6; lr: 1.00000; sents:    3200; bsz:  165/ 382/64; 1562/3618 tok/s;    128 sec;
[2024-03-04 19:32:10,892 INFO] Step 11500/13400; acc: 86.6; ppl:   2.3; xent: 0.8; lr: 1.00000; sents:    3200; bsz:  180/ 384/64; 8970/19180 tok/s;    129 sec;
[2024-03-04 19:32:11,735 INFO] Step 11550/13400; acc: 79.2; ppl:   3.3; xent: 1.2; lr: 1.00000; sents:    3200; bsz:  168/ 396/64; 9957/23470 tok/s;    130 sec;
[2024-03-04 19:32:12,682 INFO] Step 11600/13400; acc: 78.7; ppl:   3.4; xent: 1.2; lr: 1.00000; sents:    3200; bsz:  191/ 428/64; 10103/22607 tok/s;    131 sec;
[2024-03-04 19:32:16,621 INFO] valid stats calculation
                           took: 3.9386470317840576 s.
[2024-03-04 19:32:16,621 INFO] Train perplexity: 5.88789
[2024-03-04 19:32:16,621 INFO] Train accuracy: 67.1291
[2024-03-04 19:32:16,621 INFO] Sentences processed: 204692
[2024-03-04 19:32:16,621 INFO] Average bsz:  165/ 382/64
[2024-03-04 19:32:16,621 INFO] Validation perplexity: 356.073
[2024-03-04 19:32:16,621 INFO] Validation accuracy: 22.1378
[2024-03-04 19:32:16,623 INFO] Saving checkpoint gt-ft-both/gt-finetune_8400_03_step_11600.pt
[2024-03-04 19:32:17,924 INFO] Step 11650/13400; acc: 85.4; ppl:   2.1; xent: 0.7; lr: 1.00000; sents:    3200; bsz:  177/ 375/64; 1687/3573 tok/s;    136 sec;
[2024-03-04 19:32:18,719 INFO] Step 11700/13400; acc: 80.5; ppl:   3.2; xent: 1.2; lr: 1.00000; sents:    3200; bsz:  184/ 399/64; 11593/25077 tok/s;    137 sec;
[2024-03-04 19:32:19,444 INFO] Step 11750/13400; acc: 88.4; ppl:   1.6; xent: 0.5; lr: 1.00000; sents:    3200; bsz:  133/ 351/64; 9191/24240 tok/s;    138 sec;
[2024-03-04 19:32:20,280 INFO] Step 11800/13400; acc: 82.1; ppl:   2.7; xent: 1.0; lr: 1.00000; sents:    3200; bsz:  181/ 397/64; 10831/23773 tok/s;    138 sec;
[2024-03-04 19:32:24,171 INFO] valid stats calculation
                           took: 3.890622138977051 s.
[2024-03-04 19:32:24,171 INFO] Train perplexity: 5.58222
[2024-03-04 19:32:24,171 INFO] Train accuracy: 68.1163
[2024-03-04 19:32:24,171 INFO] Sentences processed: 217492
[2024-03-04 19:32:24,171 INFO] Average bsz:  165/ 382/64
[2024-03-04 19:32:24,171 INFO] Validation perplexity: 309.884
[2024-03-04 19:32:24,171 INFO] Validation accuracy: 22.3136
[2024-03-04 19:32:24,174 INFO] Saving checkpoint gt-ft-both/gt-finetune_8400_03_step_11800.pt
[2024-03-04 19:32:25,412 INFO] Step 11850/13400; acc: 77.9; ppl:   3.9; xent: 1.4; lr: 1.00000; sents:    3200; bsz:  164/ 376/64; 1595/3664 tok/s;    144 sec;
[2024-03-04 19:32:26,196 INFO] Step 11900/13400; acc: 82.8; ppl:   2.7; xent: 1.0; lr: 1.00000; sents:    3200; bsz:  148/ 392/64; 9469/24985 tok/s;    144 sec;
[2024-03-04 19:32:26,922 INFO] Step 11950/13400; acc: 89.5; ppl:   1.5; xent: 0.4; lr: 1.00000; sents:    3200; bsz:  119/ 356/64; 8205/24525 tok/s;    145 sec;
[2024-03-04 19:32:27,884 INFO] Step 12000/13400; acc: 85.2; ppl:   2.3; xent: 0.8; lr: 1.00000; sents:    3200; bsz:  200/ 409/64; 10376/21275 tok/s;    146 sec;
[2024-03-04 19:32:31,801 INFO] valid stats calculation
                           took: 3.9166131019592285 s.
[2024-03-04 19:32:31,802 INFO] Train perplexity: 5.32985
[2024-03-04 19:32:31,802 INFO] Train accuracy: 68.9902
[2024-03-04 19:32:31,802 INFO] Sentences processed: 230292
[2024-03-04 19:32:31,802 INFO] Average bsz:  165/ 382/64
[2024-03-04 19:32:31,802 INFO] Validation perplexity: 281.178
[2024-03-04 19:32:31,802 INFO] Validation accuracy: 22.9413
[2024-03-04 19:32:31,804 INFO] Saving checkpoint gt-ft-both/gt-finetune_8400_03_step_12000.pt
[2024-03-04 19:32:32,937 INFO] Step 12050/13400; acc: 93.0; ppl:   1.3; xent: 0.2; lr: 1.00000; sents:    3200; bsz:  148/ 353/64; 1470/3493 tok/s;    151 sec;
[2024-03-04 19:32:33,773 INFO] Step 12100/13400; acc: 83.6; ppl:   2.8; xent: 1.0; lr: 1.00000; sents:    3200; bsz:  169/ 415/64; 10133/24799 tok/s;    152 sec;
[2024-03-04 19:32:34,505 INFO] Step 12150/13400; acc: 92.7; ppl:   1.3; xent: 0.3; lr: 1.00000; sents:    3200; bsz:  151/ 359/64; 10322/24537 tok/s;    153 sec;
[2024-03-04 19:32:35,324 INFO] Step 12200/13400; acc: 82.8; ppl:   2.7; xent: 1.0; lr: 1.00000; sents:    3200; bsz:  186/ 390/64; 11348/23783 tok/s;    153 sec;
[2024-03-04 19:32:39,248 INFO] valid stats calculation
                           took: 3.92389178276062 s.
[2024-03-04 19:32:39,248 INFO] Train perplexity: 5.05483
[2024-03-04 19:32:39,249 INFO] Train accuracy: 69.9701
[2024-03-04 19:32:39,249 INFO] Sentences processed: 243092
[2024-03-04 19:32:39,249 INFO] Average bsz:  165/ 382/64
[2024-03-04 19:32:39,249 INFO] Validation perplexity: 340.702
[2024-03-04 19:32:39,249 INFO] Validation accuracy: 22.301
[2024-03-04 19:32:39,251 INFO] Saving checkpoint gt-ft-both/gt-finetune_8400_03_step_12200.pt
[2024-03-04 19:32:40,530 INFO] Step 12250/13400; acc: 77.0; ppl:   4.2; xent: 1.4; lr: 1.00000; sents:    3200; bsz:  200/ 430/64; 1920/4134 tok/s;    159 sec;
[2024-03-04 19:32:41,375 INFO] Step 12300/13400; acc: 83.1; ppl:   2.8; xent: 1.0; lr: 1.00000; sents:    3200; bsz:  185/ 391/64; 10944/23187 tok/s;    159 sec;
[2024-03-04 19:32:42,168 INFO] Step 12350/13400; acc: 85.5; ppl:   2.3; xent: 0.8; lr: 1.00000; sents:    3200; bsz:  170/ 394/64; 10724/24795 tok/s;    160 sec;
[2024-03-04 19:32:42,955 INFO] Step 12400/13400; acc: 88.8; ppl:   1.8; xent: 0.6; lr: 1.00000; sents:    3200; bsz:  183/ 390/64; 11641/24811 tok/s;    161 sec;
[2024-03-04 19:32:46,850 INFO] valid stats calculation
                           took: 3.8952083587646484 s.
[2024-03-04 19:32:46,851 INFO] Train perplexity: 4.88586
[2024-03-04 19:32:46,851 INFO] Train accuracy: 70.677
[2024-03-04 19:32:46,851 INFO] Sentences processed: 255892
[2024-03-04 19:32:46,851 INFO] Average bsz:  166/ 383/64
[2024-03-04 19:32:46,851 INFO] Validation perplexity: 290.464
[2024-03-04 19:32:46,851 INFO] Validation accuracy: 21.8428
[2024-03-04 19:32:46,853 INFO] Saving checkpoint gt-ft-both/gt-finetune_8400_03_step_12400.pt
[2024-03-04 19:32:48,030 INFO] Step 12450/13400; acc: 89.7; ppl:   1.6; xent: 0.4; lr: 1.00000; sents:    3200; bsz:  156/ 373/64; 1539/3678 tok/s;    166 sec;
[2024-03-04 19:32:48,854 INFO] Step 12500/13400; acc: 77.7; ppl:   3.6; xent: 1.3; lr: 1.00000; sents:    3200; bsz:  186/ 401/64; 11271/24339 tok/s;    167 sec;
[2024-03-04 19:32:49,824 INFO] Step 12550/13400; acc: 76.8; ppl:   4.3; xent: 1.4; lr: 1.00000; sents:    3200; bsz:  218/ 443/64; 11220/22814 tok/s;    168 sec;
[2024-03-04 19:32:50,534 INFO] Step 12600/13400; acc: 93.1; ppl:   1.3; xent: 0.2; lr: 1.00000; sents:    3200; bsz:  145/ 342/64; 10190/24069 tok/s;    169 sec;
[2024-03-04 19:32:54,420 INFO] valid stats calculation
                           took: 3.885849714279175 s.
[2024-03-04 19:32:54,421 INFO] Train perplexity: 4.72634
[2024-03-04 19:32:54,421 INFO] Train accuracy: 71.308
[2024-03-04 19:32:54,421 INFO] Sentences processed: 268692
[2024-03-04 19:32:54,421 INFO] Average bsz:  166/ 383/64
[2024-03-04 19:32:54,421 INFO] Validation perplexity: 290.106
[2024-03-04 19:32:54,421 INFO] Validation accuracy: 22.3826
[2024-03-04 19:32:54,423 INFO] Saving checkpoint gt-ft-both/gt-finetune_8400_03_step_12600.pt
[2024-03-04 19:32:55,601 INFO] Step 12650/13400; acc: 91.0; ppl:   1.5; xent: 0.4; lr: 1.00000; sents:    3200; bsz:  155/ 377/64; 1528/3721 tok/s;    174 sec;
[2024-03-04 19:32:56,350 INFO] Step 12700/13400; acc: 88.6; ppl:   1.7; xent: 0.6; lr: 1.00000; sents:    3200; bsz:  139/ 342/64; 9284/22875 tok/s;    174 sec;
[2024-03-04 19:32:57,210 INFO] Step 12750/13400; acc: 83.1; ppl:   2.6; xent: 1.0; lr: 1.00000; sents:    3200; bsz:  159/ 408/64; 9245/23698 tok/s;    175 sec;
[2024-03-04 19:32:58,035 INFO] Step 12800/13400; acc: 86.7; ppl:   2.2; xent: 0.8; lr: 1.00000; sents:    3200; bsz:  151/ 374/64; 9143/22638 tok/s;    176 sec;
[2024-03-04 19:33:01,937 INFO] valid stats calculation
                           took: 3.90120792388916 s.
[2024-03-04 19:33:01,937 INFO] Train perplexity: 4.54573
[2024-03-04 19:33:01,937 INFO] Train accuracy: 72.0183
[2024-03-04 19:33:01,937 INFO] Sentences processed: 281492
[2024-03-04 19:33:01,937 INFO] Average bsz:  166/ 382/64
[2024-03-04 19:33:01,937 INFO] Validation perplexity: 233.13
[2024-03-04 19:33:01,938 INFO] Validation accuracy: 22.7341
[2024-03-04 19:33:01,940 INFO] Saving checkpoint gt-ft-both/gt-finetune_8400_03_step_12800.pt
[2024-03-04 19:33:03,102 INFO] Step 12850/13400; acc: 90.5; ppl:   1.5; xent: 0.4; lr: 1.00000; sents:    3200; bsz:  142/ 364/64; 1402/3593 tok/s;    181 sec;
[2024-03-04 19:33:03,801 INFO] Step 12900/13400; acc: 93.0; ppl:   1.3; xent: 0.3; lr: 1.00000; sents:    3200; bsz:  148/ 333/64; 10617/23838 tok/s;    182 sec;
[2024-03-04 19:33:04,531 INFO] Step 12950/13400; acc: 89.7; ppl:   1.6; xent: 0.5; lr: 1.00000; sents:    3200; bsz:  133/ 356/64; 9130/24445 tok/s;    183 sec;
[2024-03-04 19:33:05,314 INFO] Step 13000/13400; acc: 88.7; ppl:   1.7; xent: 0.5; lr: 1.00000; sents:    3200; bsz:  153/ 381/64; 9799/24327 tok/s;    183 sec;
[2024-03-04 19:33:09,216 INFO] valid stats calculation
                           took: 3.9019694328308105 s.
[2024-03-04 19:33:09,217 INFO] Train perplexity: 4.34863
[2024-03-04 19:33:09,217 INFO] Train accuracy: 72.7694
[2024-03-04 19:33:09,217 INFO] Sentences processed: 294292
[2024-03-04 19:33:09,217 INFO] Average bsz:  165/ 381/64
[2024-03-04 19:33:09,217 INFO] Validation perplexity: 285.294
[2024-03-04 19:33:09,217 INFO] Validation accuracy: 21.598
[2024-03-04 19:33:09,219 INFO] Saving checkpoint gt-ft-both/gt-finetune_8400_03_step_13000.pt
[2024-03-04 19:33:10,451 INFO] Step 13050/13400; acc: 86.3; ppl:   2.3; xent: 0.8; lr: 1.00000; sents:    3200; bsz:  161/ 387/64; 1563/3763 tok/s;    189 sec;
[2024-03-04 19:33:11,179 INFO] Step 13100/13400; acc: 88.8; ppl:   1.7; xent: 0.5; lr: 1.00000; sents:    3200; bsz:  147/ 352/64; 10112/24191 tok/s;    189 sec;
[2024-03-04 19:33:11,963 INFO] Step 13150/13400; acc: 89.9; ppl:   1.6; xent: 0.5; lr: 1.00000; sents:    3200; bsz:  173/ 391/64; 11028/24976 tok/s;    190 sec;
[2024-03-04 19:33:12,718 INFO] Step 13200/13400; acc: 92.1; ppl:   1.4; xent: 0.4; lr: 1.00000; sents:    3200; bsz:  165/ 372/64; 10933/24628 tok/s;    191 sec;
[2024-03-04 19:33:16,622 INFO] valid stats calculation
                           took: 3.9037041664123535 s.
[2024-03-04 19:33:16,623 INFO] Train perplexity: 4.18788
[2024-03-04 19:33:16,623 INFO] Train accuracy: 73.4459
[2024-03-04 19:33:16,623 INFO] Sentences processed: 307092
[2024-03-04 19:33:16,623 INFO] Average bsz:  165/ 381/64
[2024-03-04 19:33:16,623 INFO] Validation perplexity: 291.227
[2024-03-04 19:33:16,623 INFO] Validation accuracy: 22.6274
[2024-03-04 19:33:16,625 INFO] Saving checkpoint gt-ft-both/gt-finetune_8400_03_step_13200.pt
[2024-03-04 19:33:17,794 INFO] Step 13250/13400; acc: 91.3; ppl:   1.5; xent: 0.4; lr: 1.00000; sents:    3200; bsz:  140/ 356/64; 1382/3504 tok/s;    196 sec;
[2024-03-04 19:33:18,552 INFO] Step 13300/13400; acc: 88.8; ppl:   1.7; xent: 0.5; lr: 1.00000; sents:    3200; bsz:  150/ 371/64; 9883/24506 tok/s;    197 sec;
[2024-03-04 19:33:19,391 INFO] Step 13350/13400; acc: 87.7; ppl:   1.9; xent: 0.6; lr: 1.00000; sents:    3152; bsz:  168/ 383/63; 10001/22825 tok/s;    197 sec;
[2024-03-04 19:33:20,175 INFO] Step 13400/13400; acc: 87.8; ppl:   2.0; xent: 0.7; lr: 1.00000; sents:    3200; bsz:  166/ 385/64; 10610/24563 tok/s;    198 sec;
[2024-03-04 19:33:24,085 INFO] valid stats calculation
                           took: 3.9096686840057373 s.
[2024-03-04 19:33:24,086 INFO] Train perplexity: 4.04958
[2024-03-04 19:33:24,086 INFO] Train accuracy: 74.0514
[2024-03-04 19:33:24,086 INFO] Sentences processed: 319844
[2024-03-04 19:33:24,086 INFO] Average bsz:  164/ 381/64
[2024-03-04 19:33:24,086 INFO] Validation perplexity: 257.222
[2024-03-04 19:33:24,086 INFO] Validation accuracy: 22.2194
[2024-03-04 19:33:24,088 INFO] Saving checkpoint gt-ft-both/gt-finetune_8400_03_step_13400.pt
