[2024-03-01 09:42:52,961 WARNING] Corpus corpus_1's weight should be given. We default it to 1 for you.
[2024-03-01 09:42:52,961 INFO] Parsed 2 corpora from -data.
[2024-03-01 09:42:52,961 INFO] Get special vocabs from Transforms: {'src': [], 'tgt': []}.
[2024-03-01 09:42:52,976 INFO] The first 10 tokens of the vocabs are:['<unk>', '<blank>', '<s>', '</s>', 'pt-1hand', 'po', 'pt-1hand:1', 'gebaren-a', 'po+pt', 'kunnen-a']
[2024-03-01 09:42:52,977 INFO] The decoder start token is: <s>
[2024-03-01 09:42:52,977 INFO] Building model...
[2024-03-01 09:42:53,155 INFO] Switching model to float32 for amp/apex_amp
[2024-03-01 09:42:53,155 INFO] Non quantized layer compute is fp32
[2024-03-01 09:42:54,889 INFO] NMTModel(
  (encoder): RNNEncoder(
    (embeddings): Embeddings(
      (make_embedding): Sequential(
        (emb_luts): Elementwise(
          (0): Embedding(3288, 500, padding_idx=1)
        )
      )
      (dropout): Dropout(p=0.3, inplace=False)
    )
    (rnn): LSTM(500, 500, num_layers=2, batch_first=True, dropout=0.3)
  )
  (decoder): InputFeedRNNDecoder(
    (embeddings): Embeddings(
      (make_embedding): Sequential(
        (emb_luts): Elementwise(
          (0): Embedding(11216, 500, padding_idx=1)
        )
      )
      (dropout): Dropout(p=0.3, inplace=False)
    )
    (dropout): Dropout(p=0.3, inplace=False)
    (rnn): StackedLSTM(
      (dropout): Dropout(p=0.3, inplace=False)
      (layers): ModuleList(
        (0): LSTMCell(1000, 500)
        (1): LSTMCell(500, 500)
      )
    )
    (attn): GlobalAttention(
      (linear_in): Linear(in_features=500, out_features=500, bias=False)
      (linear_out): Linear(in_features=1000, out_features=500, bias=False)
    )
  )
  (generator): Linear(in_features=500, out_features=11216, bias=True)
)
[2024-03-01 09:42:54,889 INFO] encoder: 5652000
[2024-03-01 09:42:54,889 INFO] decoder: 16985216
[2024-03-01 09:42:54,889 INFO] * number of parameters: 22637216
[2024-03-01 09:42:54,889 INFO] Trainable parameters = {'torch.float32': 22637216, 'torch.float16': 0, 'torch.uint8': 0, 'torch.int8': 0}
[2024-03-01 09:42:54,889 INFO] Non trainable parameters = {'torch.float32': 0, 'torch.float16': 0, 'torch.uint8': 0, 'torch.int8': 0}
[2024-03-01 09:42:54,889 INFO]  * src vocab size = 3288
[2024-03-01 09:42:54,889 INFO]  * tgt vocab size = 11216
[2024-03-01 09:42:54,890 INFO] Starting training on GPU: [0]
[2024-03-01 09:42:54,890 INFO] Start training loop and validate every 200 steps...
[2024-03-01 09:42:54,890 INFO] Scoring with: TransformPipe(InferFeatsTransform())
[2024-03-01 09:43:09,273 INFO] Step 50/10000; acc: 9.2; ppl: 29507.5; xent: 10.3; lr: 1.00000; sents:    3200; bsz:  190/ 413/64; 660/1437 tok/s;     14 sec;
[2024-03-01 09:44:56,069 WARNING] Corpus corpus_1's weight should be given. We default it to 1 for you.
[2024-03-01 09:44:56,069 INFO] Parsed 2 corpora from -data.
[2024-03-01 09:44:56,069 INFO] Get special vocabs from Transforms: {'src': [], 'tgt': []}.
[2024-03-01 09:44:56,085 INFO] The first 10 tokens of the vocabs are:['<unk>', '<blank>', '<s>', '</s>', 'pt-1hand', 'po', 'pt-1hand:1', 'gebaren-a', 'po+pt', 'kunnen-a']
[2024-03-01 09:44:56,085 INFO] The decoder start token is: <s>
[2024-03-01 09:44:56,085 INFO] Building model...
[2024-03-01 09:44:56,271 INFO] Switching model to float32 for amp/apex_amp
[2024-03-01 09:44:56,271 INFO] Non quantized layer compute is fp32
[2024-03-01 09:44:57,979 INFO] NMTModel(
  (encoder): RNNEncoder(
    (embeddings): Embeddings(
      (make_embedding): Sequential(
        (emb_luts): Elementwise(
          (0): Embedding(3288, 500, padding_idx=1)
        )
      )
      (dropout): Dropout(p=0.3, inplace=False)
    )
    (rnn): LSTM(500, 500, num_layers=2, batch_first=True, dropout=0.3)
  )
  (decoder): InputFeedRNNDecoder(
    (embeddings): Embeddings(
      (make_embedding): Sequential(
        (emb_luts): Elementwise(
          (0): Embedding(11216, 500, padding_idx=1)
        )
      )
      (dropout): Dropout(p=0.3, inplace=False)
    )
    (dropout): Dropout(p=0.3, inplace=False)
    (rnn): StackedLSTM(
      (dropout): Dropout(p=0.3, inplace=False)
      (layers): ModuleList(
        (0): LSTMCell(1000, 500)
        (1): LSTMCell(500, 500)
      )
    )
    (attn): GlobalAttention(
      (linear_in): Linear(in_features=500, out_features=500, bias=False)
      (linear_out): Linear(in_features=1000, out_features=500, bias=False)
    )
  )
  (generator): Linear(in_features=500, out_features=11216, bias=True)
)
[2024-03-01 09:44:57,980 INFO] encoder: 5652000
[2024-03-01 09:44:57,980 INFO] decoder: 16985216
[2024-03-01 09:44:57,980 INFO] * number of parameters: 22637216
[2024-03-01 09:44:57,980 INFO] Trainable parameters = {'torch.float32': 22637216, 'torch.float16': 0, 'torch.uint8': 0, 'torch.int8': 0}
[2024-03-01 09:44:57,980 INFO] Non trainable parameters = {'torch.float32': 0, 'torch.float16': 0, 'torch.uint8': 0, 'torch.int8': 0}
[2024-03-01 09:44:57,980 INFO]  * src vocab size = 3288
[2024-03-01 09:44:57,980 INFO]  * tgt vocab size = 11216
[2024-03-01 09:44:57,981 INFO] Starting training on GPU: [0]
[2024-03-01 09:44:57,981 INFO] Start training loop and validate every 200 steps...
[2024-03-01 09:44:57,982 INFO] Scoring with: TransformPipe(InferFeatsTransform())
[2024-03-01 09:45:03,631 INFO] Step 50/10000; acc: 5.8; ppl: 32083.9; xent: 10.4; lr: 1.00000; sents:    2265; bsz:  287/ 485/45; 2536/4289 tok/s;      6 sec;
[2024-03-01 09:45:06,027 INFO] Step 100/10000; acc: 6.0; ppl: 3733.8; xent: 8.2; lr: 1.00000; sents:    2367; bsz:  304/ 521/47; 6344/10876 tok/s;      8 sec;
[2024-03-01 09:45:08,385 INFO] Step 150/10000; acc: 7.1; ppl: 1579.9; xent: 7.4; lr: 1.00000; sents:    2360; bsz:  277/ 489/47; 5881/10364 tok/s;     10 sec;
[2024-03-01 09:45:10,818 INFO] Step 200/10000; acc: 7.1; ppl: 964.2; xent: 6.9; lr: 1.00000; sents:    2364; bsz:  300/ 514/47; 6161/10566 tok/s;     13 sec;
[2024-03-01 09:45:14,774 INFO] valid stats calculation
                           took: 3.9556996822357178 s.
[2024-03-01 09:45:14,775 INFO] Train perplexity: 3598.68
[2024-03-01 09:45:14,775 INFO] Train accuracy: 6.49247
[2024-03-01 09:45:14,775 INFO] Sentences processed: 9356
[2024-03-01 09:45:14,775 INFO] Average bsz:  292/ 502/47
[2024-03-01 09:45:14,775 INFO] Validation perplexity: 763.473
[2024-03-01 09:45:14,775 INFO] Validation accuracy: 3.68441
[2024-03-01 09:45:14,776 INFO] Saving checkpoint gt/gt_01_step_200.pt
[2024-03-01 09:45:17,249 INFO] Step 250/10000; acc: 8.0; ppl: 747.3; xent: 6.6; lr: 1.00000; sents:    2276; bsz:  274/ 486/46; 2134/3776 tok/s;     19 sec;
[2024-03-01 09:45:19,507 INFO] Step 300/10000; acc: 8.6; ppl: 647.3; xent: 6.5; lr: 1.00000; sents:    2367; bsz:  297/ 506/47; 6569/11196 tok/s;     22 sec;
[2024-03-01 09:45:22,010 INFO] Step 350/10000; acc: 8.5; ppl: 591.8; xent: 6.4; lr: 1.00000; sents:    2364; bsz:  303/ 522/47; 6057/10420 tok/s;     24 sec;
[2024-03-01 09:45:24,338 INFO] Step 400/10000; acc: 9.8; ppl: 530.1; xent: 6.3; lr: 1.00000; sents:    2257; bsz:  268/ 464/45; 5749/9979 tok/s;     26 sec;
[2024-03-01 09:45:28,266 INFO] valid stats calculation
                           took: 3.928061008453369 s.
[2024-03-01 09:45:28,267 INFO] Train perplexity: 1509.84
[2024-03-01 09:45:28,267 INFO] Train accuracy: 7.6016
[2024-03-01 09:45:28,267 INFO] Sentences processed: 18620
[2024-03-01 09:45:28,267 INFO] Average bsz:  289/ 498/47
[2024-03-01 09:45:28,267 INFO] Validation perplexity: 506.976
[2024-03-01 09:45:28,267 INFO] Validation accuracy: 11.8378
[2024-03-01 09:45:28,268 INFO] Saving checkpoint gt/gt_01_step_400.pt
[2024-03-01 09:45:30,787 INFO] Step 450/10000; acc: 10.5; ppl: 480.7; xent: 6.2; lr: 1.00000; sents:    2368; bsz:  299/ 517/47; 2321/4007 tok/s;     33 sec;
[2024-03-01 09:45:33,175 INFO] Step 500/10000; acc: 11.5; ppl: 421.0; xent: 6.0; lr: 1.00000; sents:    2378; bsz:  284/ 506/48; 5948/10586 tok/s;     35 sec;
[2024-03-01 09:45:35,362 INFO] Step 550/10000; acc: 12.4; ppl: 388.6; xent: 6.0; lr: 1.00000; sents:    2368; bsz:  296/ 504/47; 6776/11524 tok/s;     37 sec;
[2024-03-01 09:45:37,854 INFO] Step 600/10000; acc: 13.1; ppl: 363.7; xent: 5.9; lr: 1.00000; sents:    2265; bsz:  295/ 505/45; 5919/10129 tok/s;     40 sec;
[2024-03-01 09:45:41,804 INFO] valid stats calculation
                           took: 3.9496593475341797 s.
[2024-03-01 09:45:41,805 INFO] Train perplexity: 973.638
[2024-03-01 09:45:41,805 INFO] Train accuracy: 9.04159
[2024-03-01 09:45:41,805 INFO] Sentences processed: 27999
[2024-03-01 09:45:41,805 INFO] Average bsz:  290/ 501/47
[2024-03-01 09:45:41,805 INFO] Validation perplexity: 403.006
[2024-03-01 09:45:41,805 INFO] Validation accuracy: 11.6621
[2024-03-01 09:45:41,806 INFO] Saving checkpoint gt/gt_01_step_600.pt
[2024-03-01 09:45:44,278 INFO] Step 650/10000; acc: 14.7; ppl: 308.0; xent: 5.7; lr: 1.00000; sents:    2261; bsz:  283/ 485/45; 2202/3777 tok/s;     46 sec;
[2024-03-01 09:45:46,691 INFO] Step 700/10000; acc: 15.3; ppl: 287.7; xent: 5.7; lr: 1.00000; sents:    2362; bsz:  299/ 512/47; 6197/10614 tok/s;     49 sec;
[2024-03-01 09:45:49,005 INFO] Step 750/10000; acc: 16.4; ppl: 252.5; xent: 5.5; lr: 1.00000; sents:    2380; bsz:  282/ 505/48; 6089/10913 tok/s;     51 sec;
[2024-03-01 09:45:51,158 INFO] Step 800/10000; acc: 17.0; ppl: 236.3; xent: 5.5; lr: 1.00000; sents:    2366; bsz:  284/ 488/47; 6606/11339 tok/s;     53 sec;
[2024-03-01 09:45:55,130 INFO] valid stats calculation
                           took: 3.971510887145996 s.
[2024-03-01 09:45:55,131 INFO] Train perplexity: 707.62
[2024-03-01 09:45:55,131 INFO] Train accuracy: 10.7326
[2024-03-01 09:45:55,131 INFO] Sentences processed: 37368
[2024-03-01 09:45:55,131 INFO] Average bsz:  290/ 500/47
[2024-03-01 09:45:55,131 INFO] Validation perplexity: 239.001
[2024-03-01 09:45:55,131 INFO] Validation accuracy: 16.5704
[2024-03-01 09:45:55,132 INFO] Saving checkpoint gt/gt_01_step_800.pt
[2024-03-01 09:45:57,737 INFO] Step 850/10000; acc: 16.6; ppl: 236.2; xent: 5.5; lr: 1.00000; sents:    2372; bsz:  305/ 524/47; 2316/3982 tok/s;     60 sec;
[2024-03-01 09:46:00,115 INFO] Step 900/10000; acc: 17.1; ppl: 215.4; xent: 5.4; lr: 1.00000; sents:    2262; bsz:  281/ 485/45; 5903/10190 tok/s;     62 sec;
[2024-03-01 09:46:02,519 INFO] Step 950/10000; acc: 17.8; ppl: 197.0; xent: 5.3; lr: 1.00000; sents:    2365; bsz:  286/ 496/47; 5944/10327 tok/s;     65 sec;
[2024-03-01 09:46:04,913 INFO] Step 1000/10000; acc: 17.8; ppl: 197.2; xent: 5.3; lr: 1.00000; sents:    2381; bsz:  296/ 519/48; 6187/10850 tok/s;     67 sec;
[2024-03-01 09:46:08,839 INFO] valid stats calculation
                           took: 3.925802707672119 s.
[2024-03-01 09:46:08,839 INFO] Train perplexity: 554.313
[2024-03-01 09:46:08,840 INFO] Train accuracy: 12.0639
[2024-03-01 09:46:08,840 INFO] Sentences processed: 46748
[2024-03-01 09:46:08,840 INFO] Average bsz:  290/ 502/47
[2024-03-01 09:46:08,840 INFO] Validation perplexity: 193.773
[2024-03-01 09:46:08,840 INFO] Validation accuracy: 18.8865
[2024-03-01 09:46:08,841 INFO] Saving checkpoint gt/gt_01_step_1000.pt
[2024-03-01 09:46:11,142 INFO] Step 1050/10000; acc: 18.6; ppl: 179.7; xent: 5.2; lr: 1.00000; sents:    2266; bsz:  289/ 490/45; 2318/3935 tok/s;     73 sec;
[2024-03-01 09:46:13,656 INFO] Step 1100/10000; acc: 18.2; ppl: 179.9; xent: 5.2; lr: 1.00000; sents:    2368; bsz:  307/ 522/47; 6101/10383 tok/s;     76 sec;
[2024-03-01 09:46:16,008 INFO] Step 1150/10000; acc: 18.4; ppl: 169.3; xent: 5.1; lr: 1.00000; sents:    2261; bsz:  277/ 482/45; 5900/10254 tok/s;     78 sec;
[2024-03-01 09:46:18,394 INFO] Step 1200/10000; acc: 19.5; ppl: 155.6; xent: 5.0; lr: 1.00000; sents:    2363; bsz:  285/ 498/47; 5975/10444 tok/s;     80 sec;
[2024-03-01 09:46:22,316 INFO] valid stats calculation
                           took: 3.9222159385681152 s.
[2024-03-01 09:46:22,317 INFO] Train perplexity: 456.109
[2024-03-01 09:46:22,317 INFO] Train accuracy: 13.1617
[2024-03-01 09:46:22,317 INFO] Sentences processed: 56006
[2024-03-01 09:46:22,317 INFO] Average bsz:  290/ 501/47
[2024-03-01 09:46:22,317 INFO] Validation perplexity: 178.807
[2024-03-01 09:46:22,317 INFO] Validation accuracy: 18.535
[2024-03-01 09:46:22,318 INFO] Saving checkpoint gt/gt_01_step_1200.pt
[2024-03-01 09:46:24,765 INFO] Step 1250/10000; acc: 19.1; ppl: 157.8; xent: 5.1; lr: 1.00000; sents:    2275; bsz:  287/ 498/46; 2249/3907 tok/s;     87 sec;
[2024-03-01 09:46:26,953 INFO] Step 1300/10000; acc: 20.1; ppl: 144.6; xent: 5.0; lr: 1.00000; sents:    2467; bsz:  298/ 516/49; 6809/11782 tok/s;     89 sec;
[2024-03-01 09:46:29,477 INFO] Step 1350/10000; acc: 19.5; ppl: 145.0; xent: 5.0; lr: 1.00000; sents:    2251; bsz:  291/ 495/45; 5760/9811 tok/s;     91 sec;
[2024-03-01 09:46:31,825 INFO] Step 1400/10000; acc: 20.2; ppl: 134.5; xent: 4.9; lr: 1.00000; sents:    2257; bsz:  281/ 485/45; 5984/10326 tok/s;     94 sec;
[2024-03-01 09:46:35,725 INFO] valid stats calculation
                           took: 3.899576187133789 s.
[2024-03-01 09:46:35,725 INFO] Train perplexity: 387.644
[2024-03-01 09:46:35,726 INFO] Train accuracy: 14.0912
[2024-03-01 09:46:35,726 INFO] Sentences processed: 65256
[2024-03-01 09:46:35,726 INFO] Average bsz:  290/ 501/47
[2024-03-01 09:46:35,726 INFO] Validation perplexity: 173.686
[2024-03-01 09:46:35,726 INFO] Validation accuracy: 19.4514
[2024-03-01 09:46:35,727 INFO] Saving checkpoint gt/gt_01_step_1400.pt
[2024-03-01 09:46:38,288 INFO] Step 1450/10000; acc: 20.2; ppl: 132.3; xent: 4.9; lr: 1.00000; sents:    2371; bsz:  302/ 521/47; 2336/4030 tok/s;    100 sec;
[2024-03-01 09:46:40,546 INFO] Step 1500/10000; acc: 21.1; ppl: 122.0; xent: 4.8; lr: 1.00000; sents:    2383; bsz:  279/ 494/48; 6191/10945 tok/s;    103 sec;
[2024-03-01 09:46:42,859 INFO] Step 1550/10000; acc: 20.9; ppl: 123.3; xent: 4.8; lr: 1.00000; sents:    2361; bsz:  303/ 518/47; 6555/11191 tok/s;    105 sec;
[2024-03-01 09:46:45,265 INFO] Step 1600/10000; acc: 21.6; ppl: 113.2; xent: 4.7; lr: 1.00000; sents:    2265; bsz:  278/ 479/45; 5784/9944 tok/s;    107 sec;
[2024-03-01 09:46:49,186 INFO] valid stats calculation
                           took: 3.920531749725342 s.
[2024-03-01 09:46:49,187 INFO] Train perplexity: 335.55
[2024-03-01 09:46:49,187 INFO] Train accuracy: 14.9483
[2024-03-01 09:46:49,187 INFO] Sentences processed: 74636
[2024-03-01 09:46:49,187 INFO] Average bsz:  290/ 501/47
[2024-03-01 09:46:49,187 INFO] Validation perplexity: 155.455
[2024-03-01 09:46:49,187 INFO] Validation accuracy: 20.3804
[2024-03-01 09:46:49,188 INFO] Saving checkpoint gt/gt_01_step_1600.pt
[2024-03-01 09:46:51,605 INFO] Step 1650/10000; acc: 21.6; ppl: 111.8; xent: 4.7; lr: 1.00000; sents:    2365; bsz:  288/ 503/47; 2271/3964 tok/s;    114 sec;
[2024-03-01 09:46:54,050 INFO] Step 1700/10000; acc: 21.7; ppl: 108.5; xent: 4.7; lr: 1.00000; sents:    2367; bsz:  286/ 505/47; 5856/10317 tok/s;    116 sec;
[2024-03-01 09:46:56,301 INFO] Step 1750/10000; acc: 21.9; ppl: 106.2; xent: 4.7; lr: 1.00000; sents:    2385; bsz:  295/ 510/48; 6555/11333 tok/s;    118 sec;
[2024-03-01 09:46:58,651 INFO] Step 1800/10000; acc: 21.9; ppl: 101.1; xent: 4.6; lr: 1.00000; sents:    2255; bsz:  294/ 498/45; 6246/10595 tok/s;    121 sec;
[2024-03-01 09:47:02,610 INFO] valid stats calculation
                           took: 3.9578990936279297 s.
[2024-03-01 09:47:02,610 INFO] Train perplexity: 295.291
[2024-03-01 09:47:02,610 INFO] Train accuracy: 15.7115
[2024-03-01 09:47:02,610 INFO] Sentences processed: 84008
[2024-03-01 09:47:02,610 INFO] Average bsz:  290/ 501/47
[2024-03-01 09:47:02,610 INFO] Validation perplexity: 142.61
[2024-03-01 09:47:02,610 INFO] Validation accuracy: 20.826
[2024-03-01 09:47:02,611 INFO] Saving checkpoint gt/gt_01_step_1800.pt
[2024-03-01 09:47:05,147 INFO] Step 1850/10000; acc: 22.2; ppl:  99.7; xent: 4.6; lr: 1.00000; sents:    2272; bsz:  294/ 497/45; 2264/3827 tok/s;    127 sec;
[2024-03-01 09:47:07,471 INFO] Step 1900/10000; acc: 22.7; ppl:  91.6; xent: 4.5; lr: 1.00000; sents:    2468; bsz:  285/ 508/49; 6122/10921 tok/s;    129 sec;
[2024-03-01 09:47:09,982 INFO] Step 1950/10000; acc: 22.5; ppl:  92.0; xent: 4.5; lr: 1.00000; sents:    2270; bsz:  288/ 497/45; 5733/9891 tok/s;    132 sec;
[2024-03-01 09:47:12,224 INFO] Step 2000/10000; acc: 22.9; ppl:  89.4; xent: 4.5; lr: 1.00000; sents:    2380; bsz:  294/ 510/48; 6550/11373 tok/s;    134 sec;
[2024-03-01 09:47:16,162 INFO] valid stats calculation
                           took: 3.937868356704712 s.
[2024-03-01 09:47:16,162 INFO] Train perplexity: 263.009
[2024-03-01 09:47:16,162 INFO] Train accuracy: 16.4004
[2024-03-01 09:47:16,162 INFO] Sentences processed: 93398
[2024-03-01 09:47:16,163 INFO] Average bsz:  290/ 501/47
[2024-03-01 09:47:16,163 INFO] Validation perplexity: 129.548
[2024-03-01 09:47:16,163 INFO] Validation accuracy: 22.1504
[2024-03-01 09:47:16,163 INFO] Saving checkpoint gt/gt_01_step_2000.pt
[2024-03-01 09:47:18,560 INFO] Step 2050/10000; acc: 24.0; ppl:  82.9; xent: 4.4; lr: 1.00000; sents:    2359; bsz:  291/ 503/47; 2297/3968 tok/s;    141 sec;
[2024-03-01 09:47:21,031 INFO] Step 2100/10000; acc: 23.4; ppl:  83.3; xent: 4.4; lr: 1.00000; sents:    2270; bsz:  293/ 496/45; 5924/10044 tok/s;    143 sec;
[2024-03-01 09:47:23,376 INFO] Step 2150/10000; acc: 24.0; ppl:  77.5; xent: 4.3; lr: 1.00000; sents:    2364; bsz:  276/ 489/47; 5891/10432 tok/s;    145 sec;
[2024-03-01 09:47:25,891 INFO] Step 2200/10000; acc: 23.3; ppl:  79.5; xent: 4.4; lr: 1.00000; sents:    2268; bsz:  302/ 512/45; 6013/10172 tok/s;    148 sec;
[2024-03-01 09:47:29,847 INFO] valid stats calculation
                           took: 3.955730438232422 s.
[2024-03-01 09:47:29,848 INFO] Train perplexity: 236.304
[2024-03-01 09:47:29,848 INFO] Train accuracy: 17.0589
[2024-03-01 09:47:29,848 INFO] Sentences processed: 102659
[2024-03-01 09:47:29,848 INFO] Average bsz:  290/ 501/47
[2024-03-01 09:47:29,848 INFO] Validation perplexity: 135.344
[2024-03-01 09:47:29,848 INFO] Validation accuracy: 21.6985
[2024-03-01 09:47:29,849 INFO] Saving checkpoint gt/gt_01_step_2200.pt
[2024-03-01 09:47:32,156 INFO] Step 2250/10000; acc: 24.5; ppl:  74.2; xent: 4.3; lr: 1.00000; sents:    2375; bsz:  279/ 495/48; 2225/3954 tok/s;    154 sec;
[2024-03-01 09:47:34,465 INFO] Step 2300/10000; acc: 24.2; ppl:  73.7; xent: 4.3; lr: 1.00000; sents:    2355; bsz:  306/ 517/47; 6634/11198 tok/s;    156 sec;
[2024-03-01 09:47:36,846 INFO] Step 2350/10000; acc: 25.1; ppl:  68.4; xent: 4.2; lr: 1.00000; sents:    2372; bsz:  286/ 497/47; 5998/10432 tok/s;    159 sec;
[2024-03-01 09:47:39,272 INFO] Step 2400/10000; acc: 24.9; ppl:  66.7; xent: 4.2; lr: 1.00000; sents:    2253; bsz:  285/ 490/45; 5867/10095 tok/s;    161 sec;
[2024-03-01 09:47:43,196 INFO] valid stats calculation
                           took: 3.922785758972168 s.
[2024-03-01 09:47:43,196 INFO] Train perplexity: 213.761
[2024-03-01 09:47:43,196 INFO] Train accuracy: 17.691
[2024-03-01 09:47:43,196 INFO] Sentences processed: 112014
[2024-03-01 09:47:43,196 INFO] Average bsz:  290/ 501/47
[2024-03-01 09:47:43,196 INFO] Validation perplexity: 125.439
[2024-03-01 09:47:43,196 INFO] Validation accuracy: 22.9287
[2024-03-01 09:47:43,197 INFO] Saving checkpoint gt/gt_01_step_2400.pt
[2024-03-01 09:47:45,681 INFO] Step 2450/10000; acc: 25.5; ppl:  63.9; xent: 4.2; lr: 1.00000; sents:    2370; bsz:  281/ 497/47; 2195/3874 tok/s;    168 sec;
[2024-03-01 09:47:48,036 INFO] Step 2500/10000; acc: 25.1; ppl:  63.4; xent: 4.1; lr: 1.00000; sents:    2275; bsz:  285/ 492/46; 6052/10459 tok/s;    170 sec;
[2024-03-01 09:47:50,344 INFO] Step 2550/10000; acc: 25.5; ppl:  61.9; xent: 4.1; lr: 1.00000; sents:    2364; bsz:  305/ 519/47; 6605/11239 tok/s;    172 sec;
[2024-03-01 09:47:52,687 INFO] Step 2600/10000; acc: 26.3; ppl:  58.7; xent: 4.1; lr: 1.00000; sents:    2369; bsz:  286/ 496/47; 6101/10593 tok/s;    175 sec;
[2024-03-01 09:47:56,636 INFO] valid stats calculation
                           took: 3.9485223293304443 s.
[2024-03-01 09:47:56,637 INFO] Train perplexity: 194.338
[2024-03-01 09:47:56,637 INFO] Train accuracy: 18.2979
[2024-03-01 09:47:56,637 INFO] Sentences processed: 121392
[2024-03-01 09:47:56,637 INFO] Average bsz:  290/ 501/47
[2024-03-01 09:47:56,637 INFO] Validation perplexity: 122.87
[2024-03-01 09:47:56,637 INFO] Validation accuracy: 23.3179
[2024-03-01 09:47:56,638 INFO] Saving checkpoint gt/gt_01_step_2600.pt
[2024-03-01 09:47:59,337 INFO] Step 2650/10000; acc: 25.7; ppl:  58.9; xent: 4.1; lr: 1.00000; sents:    2258; bsz:  301/ 509/45; 2261/3830 tok/s;    181 sec;
[2024-03-01 09:48:01,733 INFO] Step 2700/10000; acc: 26.7; ppl:  54.2; xent: 4.0; lr: 1.00000; sents:    2370; bsz:  279/ 492/47; 5815/10269 tok/s;    184 sec;
[2024-03-01 09:48:04,036 INFO] Step 2750/10000; acc: 26.4; ppl:  54.2; xent: 4.0; lr: 1.00000; sents:    2378; bsz:  296/ 516/48; 6418/11193 tok/s;    186 sec;
[2024-03-01 09:48:06,414 INFO] Step 2800/10000; acc: 26.8; ppl:  52.2; xent: 4.0; lr: 1.00000; sents:    2257; bsz:  294/ 493/45; 6180/10377 tok/s;    188 sec;
[2024-03-01 09:48:10,348 INFO] valid stats calculation
                           took: 3.933849334716797 s.
[2024-03-01 09:48:10,349 INFO] Train perplexity: 177.504
[2024-03-01 09:48:10,349 INFO] Train accuracy: 18.8803
[2024-03-01 09:48:10,349 INFO] Sentences processed: 130655
[2024-03-01 09:48:10,349 INFO] Average bsz:  290/ 501/47
[2024-03-01 09:48:10,349 INFO] Validation perplexity: 118.814
[2024-03-01 09:48:10,349 INFO] Validation accuracy: 23.9581
[2024-03-01 09:48:10,350 INFO] Saving checkpoint gt/gt_01_step_2800.pt
[2024-03-01 09:48:12,800 INFO] Step 2850/10000; acc: 27.8; ppl:  48.4; xent: 3.9; lr: 1.00000; sents:    2370; bsz:  287/ 499/47; 2251/3907 tok/s;    195 sec;
[2024-03-01 09:48:15,322 INFO] Step 2900/10000; acc: 27.0; ppl:  48.2; xent: 3.9; lr: 1.00000; sents:    2261; bsz:  286/ 495/45; 5674/9809 tok/s;    197 sec;
[2024-03-01 09:48:17,620 INFO] Step 2950/10000; acc: 28.2; ppl:  46.4; xent: 3.8; lr: 1.00000; sents:    2480; bsz:  291/ 515/50; 6322/11196 tok/s;    200 sec;
[2024-03-01 09:48:19,868 INFO] Step 3000/10000; acc: 28.3; ppl:  44.6; xent: 3.8; lr: 1.00000; sents:    2274; bsz:  284/ 492/45; 6318/10941 tok/s;    202 sec;
[2024-03-01 09:48:23,775 INFO] valid stats calculation
                           took: 3.906557559967041 s.
[2024-03-01 09:48:23,776 INFO] Train perplexity: 162.453
[2024-03-01 09:48:23,776 INFO] Train accuracy: 19.4749
[2024-03-01 09:48:23,776 INFO] Sentences processed: 140040
[2024-03-01 09:48:23,776 INFO] Average bsz:  290/ 501/47
[2024-03-01 09:48:23,776 INFO] Validation perplexity: 130.673
[2024-03-01 09:48:23,776 INFO] Validation accuracy: 23.9832
[2024-03-01 09:48:23,777 INFO] Saving checkpoint gt/gt_01_step_3000.pt
[2024-03-01 09:48:26,140 INFO] Step 3050/10000; acc: 28.9; ppl:  42.4; xent: 3.7; lr: 1.00000; sents:    2362; bsz:  289/ 498/47; 2302/3967 tok/s;    208 sec;
[2024-03-01 09:48:28,559 INFO] Step 3100/10000; acc: 29.0; ppl:  42.2; xent: 3.7; lr: 1.00000; sents:    2373; bsz:  301/ 517/47; 6216/10695 tok/s;    211 sec;
[2024-03-01 09:48:31,032 INFO] Step 3150/10000; acc: 29.1; ppl:  40.1; xent: 3.7; lr: 1.00000; sents:    2265; bsz:  287/ 492/45; 5793/9957 tok/s;    213 sec;
[2024-03-01 09:48:33,508 INFO] Step 3200/10000; acc: 29.5; ppl:  39.6; xent: 3.7; lr: 1.00000; sents:    2369; bsz:  295/ 512/47; 5947/10345 tok/s;    216 sec;
[2024-03-01 09:48:37,426 INFO] valid stats calculation
                           took: 3.9175055027008057 s.
[2024-03-01 09:48:37,427 INFO] Train perplexity: 148.987
[2024-03-01 09:48:37,427 INFO] Train accuracy: 20.0829
[2024-03-01 09:48:37,427 INFO] Sentences processed: 149409
[2024-03-01 09:48:37,427 INFO] Average bsz:  290/ 501/47
[2024-03-01 09:48:37,427 INFO] Validation perplexity: 119.293
[2024-03-01 09:48:37,427 INFO] Validation accuracy: 24.1275
[2024-03-01 09:48:37,428 INFO] Saving checkpoint gt/gt_01_step_3200.pt
[2024-03-01 09:48:39,748 INFO] Step 3250/10000; acc: 30.1; ppl:  36.5; xent: 3.6; lr: 1.00000; sents:    2379; bsz:  281/ 495/48; 2248/3967 tok/s;    222 sec;
[2024-03-01 09:48:42,098 INFO] Step 3300/10000; acc: 29.8; ppl:  37.0; xent: 3.6; lr: 1.00000; sents:    2253; bsz:  294/ 495/45; 6265/10531 tok/s;    224 sec;
[2024-03-01 09:48:44,451 INFO] Step 3350/10000; acc: 30.9; ppl:  34.7; xent: 3.5; lr: 1.00000; sents:    2369; bsz:  287/ 499/47; 6098/10597 tok/s;    226 sec;
[2024-03-01 09:48:46,940 INFO] Step 3400/10000; acc: 30.4; ppl:  35.0; xent: 3.6; lr: 1.00000; sents:    2363; bsz:  293/ 511/47; 5892/10263 tok/s;    229 sec;
[2024-03-01 09:48:50,890 INFO] valid stats calculation
                           took: 3.950303792953491 s.
[2024-03-01 09:48:50,891 INFO] Train perplexity: 137.029
[2024-03-01 09:48:50,891 INFO] Train accuracy: 20.6817
[2024-03-01 09:48:50,891 INFO] Sentences processed: 158773
[2024-03-01 09:48:50,891 INFO] Average bsz:  290/ 501/47
[2024-03-01 09:48:50,891 INFO] Validation perplexity: 119.284
[2024-03-01 09:48:50,891 INFO] Validation accuracy: 24.7489
[2024-03-01 09:48:50,892 INFO] Saving checkpoint gt/gt_01_step_3400.pt
[2024-03-01 09:48:53,391 INFO] Step 3450/10000; acc: 30.7; ppl:  33.5; xent: 3.5; lr: 1.00000; sents:    2266; bsz:  287/ 493/45; 2224/3822 tok/s;    235 sec;
[2024-03-01 09:48:55,700 INFO] Step 3500/10000; acc: 31.5; ppl:  31.8; xent: 3.5; lr: 1.00000; sents:    2271; bsz:  286/ 492/45; 6189/10648 tok/s;    238 sec;
[2024-03-01 09:48:57,988 INFO] Step 3550/10000; acc: 31.6; ppl:  31.7; xent: 3.5; lr: 1.00000; sents:    2467; bsz:  299/ 521/49; 6536/11383 tok/s;    240 sec;
[2024-03-01 09:49:00,366 INFO] Step 3600/10000; acc: 31.9; ppl:  30.0; xent: 3.4; lr: 1.00000; sents:    2259; bsz:  289/ 492/45; 6071/10352 tok/s;    242 sec;
[2024-03-01 09:49:04,323 INFO] valid stats calculation
                           took: 3.9558451175689697 s.
[2024-03-01 09:49:04,323 INFO] Train perplexity: 126.368
[2024-03-01 09:49:04,323 INFO] Train accuracy: 21.2762
[2024-03-01 09:49:04,323 INFO] Sentences processed: 168036
[2024-03-01 09:49:04,323 INFO] Average bsz:  290/ 501/47
[2024-03-01 09:49:04,323 INFO] Validation perplexity: 123.17
[2024-03-01 09:49:04,323 INFO] Validation accuracy: 24.592
[2024-03-01 09:49:04,324 INFO] Saving checkpoint gt/gt_01_step_3600.pt
[2024-03-01 09:49:06,943 INFO] Step 3650/10000; acc: 32.1; ppl:  28.8; xent: 3.4; lr: 1.00000; sents:    2261; bsz:  286/ 493/45; 2177/3750 tok/s;    249 sec;
[2024-03-01 09:49:09,238 INFO] Step 3700/10000; acc: 32.7; ppl:  29.2; xent: 3.4; lr: 1.00000; sents:    2479; bsz:  293/ 519/50; 6385/11312 tok/s;    251 sec;
[2024-03-01 09:49:11,496 INFO] Step 3750/10000; acc: 33.2; ppl:  26.8; xent: 3.3; lr: 1.00000; sents:    2274; bsz:  286/ 490/45; 6326/10847 tok/s;    254 sec;
[2024-03-01 09:49:13,808 INFO] Step 3800/10000; acc: 32.7; ppl:  27.6; xent: 3.3; lr: 1.00000; sents:    2360; bsz:  303/ 519/47; 6565/11218 tok/s;    256 sec;
[2024-03-01 09:49:17,729 INFO] valid stats calculation
                           took: 3.9213948249816895 s.
[2024-03-01 09:49:17,730 INFO] Train perplexity: 116.679
[2024-03-01 09:49:17,730 INFO] Train accuracy: 21.8796
[2024-03-01 09:49:17,730 INFO] Sentences processed: 177410
[2024-03-01 09:49:17,730 INFO] Average bsz:  290/ 501/47
[2024-03-01 09:49:17,730 INFO] Validation perplexity: 121.714
[2024-03-01 09:49:17,730 INFO] Validation accuracy: 25.2197
[2024-03-01 09:49:17,731 INFO] Saving checkpoint gt/gt_01_step_3800.pt
[2024-03-01 09:49:20,130 INFO] Step 3850/10000; acc: 34.2; ppl:  25.2; xent: 3.2; lr: 1.00000; sents:    2369; bsz:  281/ 490/47; 2224/3878 tok/s;    262 sec;
[2024-03-01 09:49:22,610 INFO] Step 3900/10000; acc: 33.4; ppl:  25.3; xent: 3.2; lr: 1.00000; sents:    2263; bsz:  287/ 496/45; 5786/9997 tok/s;    265 sec;
[2024-03-01 09:49:24,959 INFO] Step 3950/10000; acc: 34.1; ppl:  24.7; xent: 3.2; lr: 1.00000; sents:    2374; bsz:  285/ 499/47; 6067/10627 tok/s;    267 sec;
[2024-03-01 09:49:27,199 INFO] Step 4000/10000; acc: 34.7; ppl:  23.8; xent: 3.2; lr: 1.00000; sents:    2383; bsz:  297/ 514/48; 6628/11469 tok/s;    269 sec;
[2024-03-01 09:49:31,146 INFO] valid stats calculation
                           took: 3.9468705654144287 s.
[2024-03-01 09:49:31,146 INFO] Train perplexity: 107.997
[2024-03-01 09:49:31,146 INFO] Train accuracy: 22.4899
[2024-03-01 09:49:31,146 INFO] Sentences processed: 186799
[2024-03-01 09:49:31,147 INFO] Average bsz:  290/ 501/47
[2024-03-01 09:49:31,147 INFO] Validation perplexity: 126.959
[2024-03-01 09:49:31,147 INFO] Validation accuracy: 25.2134
[2024-03-01 09:49:31,147 INFO] Saving checkpoint gt/gt_01_step_4000.pt
[2024-03-01 09:49:33,585 INFO] Step 4050/10000; acc: 35.0; ppl:  23.2; xent: 3.1; lr: 1.00000; sents:    2253; bsz:  292/ 494/45; 2286/3866 tok/s;    276 sec;
[2024-03-01 09:49:35,898 INFO] Step 4100/10000; acc: 35.3; ppl:  22.7; xent: 3.1; lr: 1.00000; sents:    2367; bsz:  294/ 506/47; 6346/10939 tok/s;    278 sec;
[2024-03-01 09:49:38,360 INFO] Step 4150/10000; acc: 35.7; ppl:  21.3; xent: 3.1; lr: 1.00000; sents:    2261; bsz:  273/ 480/45; 5543/9750 tok/s;    280 sec;
[2024-03-01 09:49:40,714 INFO] Step 4200/10000; acc: 34.8; ppl:  22.5; xent: 3.1; lr: 1.00000; sents:    2381; bsz:  303/ 522/48; 6429/11090 tok/s;    283 sec;
[2024-03-01 09:49:44,642 INFO] valid stats calculation
                           took: 3.927212715148926 s.
[2024-03-01 09:49:44,642 INFO] Train perplexity: 100.225
[2024-03-01 09:49:44,643 INFO] Train accuracy: 23.0928
[2024-03-01 09:49:44,643 INFO] Sentences processed: 196061
[2024-03-01 09:49:44,643 INFO] Average bsz:  290/ 501/47
[2024-03-01 09:49:44,643 INFO] Validation perplexity: 135.226
[2024-03-01 09:49:44,643 INFO] Validation accuracy: 24.8243
[2024-03-01 09:49:44,644 INFO] Saving checkpoint gt/gt_01_step_4200.pt
[2024-03-01 09:49:46,953 INFO] Step 4250/10000; acc: 36.4; ppl:  20.6; xent: 3.0; lr: 1.00000; sents:    2375; bsz:  293/ 507/48; 2349/4065 tok/s;    289 sec;
[2024-03-01 09:49:49,310 INFO] Step 4300/10000; acc: 36.3; ppl:  19.9; xent: 3.0; lr: 1.00000; sents:    2255; bsz:  280/ 480/45; 5949/10180 tok/s;    291 sec;
[2024-03-01 09:49:51,648 INFO] Step 4350/10000; acc: 36.8; ppl:  19.7; xent: 3.0; lr: 1.00000; sents:    2367; bsz:  293/ 507/47; 6264/10834 tok/s;    294 sec;
[2024-03-01 09:49:54,109 INFO] Step 4400/10000; acc: 36.9; ppl:  19.8; xent: 3.0; lr: 1.00000; sents:    2362; bsz:  297/ 515/47; 6044/10472 tok/s;    296 sec;
[2024-03-01 09:49:58,026 INFO] valid stats calculation
                           took: 3.916006088256836 s.
[2024-03-01 09:49:58,026 INFO] Train perplexity: 93.1333
[2024-03-01 09:49:58,026 INFO] Train accuracy: 23.7079
[2024-03-01 09:49:58,026 INFO] Sentences processed: 205420
[2024-03-01 09:49:58,027 INFO] Average bsz:  290/ 501/47
[2024-03-01 09:49:58,027 INFO] Validation perplexity: 137.783
[2024-03-01 09:49:58,027 INFO] Validation accuracy: 25.5021
[2024-03-01 09:49:58,027 INFO] Saving checkpoint gt/gt_01_step_4400.pt
[2024-03-01 09:50:00,453 INFO] Step 4450/10000; acc: 36.9; ppl:  19.1; xent: 2.9; lr: 1.00000; sents:    2379; bsz:  286/ 505/48; 2256/3980 tok/s;    302 sec;
[2024-03-01 09:50:02,770 INFO] Step 4500/10000; acc: 38.3; ppl:  17.7; xent: 2.9; lr: 1.00000; sents:    2265; bsz:  284/ 485/45; 6122/10460 tok/s;    305 sec;
[2024-03-01 09:50:05,159 INFO] Step 4550/10000; acc: 37.5; ppl:  18.7; xent: 2.9; lr: 1.00000; sents:    2361; bsz:  306/ 520/47; 6397/10878 tok/s;    307 sec;
[2024-03-01 09:50:07,533 INFO] Step 4600/10000; acc: 38.7; ppl:  16.9; xent: 2.8; lr: 1.00000; sents:    2360; bsz:  278/ 490/47; 5863/10329 tok/s;    310 sec;
[2024-03-01 09:50:11,451 INFO] valid stats calculation
                           took: 3.9173877239227295 s.
[2024-03-01 09:50:11,451 INFO] Train perplexity: 86.7484
[2024-03-01 09:50:11,451 INFO] Train accuracy: 24.3214
[2024-03-01 09:50:11,451 INFO] Sentences processed: 214785
[2024-03-01 09:50:11,451 INFO] Average bsz:  290/ 501/47
[2024-03-01 09:50:11,451 INFO] Validation perplexity: 145.205
[2024-03-01 09:50:11,451 INFO] Validation accuracy: 24.9686
[2024-03-01 09:50:11,452 INFO] Saving checkpoint gt/gt_01_step_4600.pt
[2024-03-01 09:50:14,015 INFO] Step 4650/10000; acc: 38.7; ppl:  17.1; xent: 2.8; lr: 1.00000; sents:    2261; bsz:  288/ 495/45; 2222/3816 tok/s;    316 sec;
[2024-03-01 09:50:16,445 INFO] Step 4700/10000; acc: 38.4; ppl:  16.9; xent: 2.8; lr: 1.00000; sents:    2274; bsz:  290/ 501/45; 5977/10305 tok/s;    318 sec;
[2024-03-01 09:50:18,646 INFO] Step 4750/10000; acc: 40.2; ppl:  15.7; xent: 2.8; lr: 1.00000; sents:    2368; bsz:  279/ 486/47; 6345/11037 tok/s;    321 sec;
[2024-03-01 09:50:20,997 INFO] Step 4800/10000; acc: 38.3; ppl:  16.9; xent: 2.8; lr: 1.00000; sents:    2366; bsz:  306/ 522/47; 6502/11104 tok/s;    323 sec;
[2024-03-01 09:50:24,927 INFO] valid stats calculation
                           took: 3.929628849029541 s.
[2024-03-01 09:50:24,928 INFO] Train perplexity: 80.9897
[2024-03-01 09:50:24,928 INFO] Train accuracy: 24.9275
[2024-03-01 09:50:24,928 INFO] Sentences processed: 224054
[2024-03-01 09:50:24,928 INFO] Average bsz:  290/ 501/47
[2024-03-01 09:50:24,928 INFO] Validation perplexity: 148.086
[2024-03-01 09:50:24,928 INFO] Validation accuracy: 25.408
[2024-03-01 09:50:24,929 INFO] Saving checkpoint gt/gt_01_step_4800.pt
[2024-03-01 09:50:27,454 INFO] Step 4850/10000; acc: 39.5; ppl:  16.1; xent: 2.8; lr: 1.00000; sents:    2366; bsz:  293/ 511/47; 2266/3954 tok/s;    329 sec;
[2024-03-01 09:50:29,758 INFO] Step 4900/10000; acc: 40.2; ppl:  15.0; xent: 2.7; lr: 1.00000; sents:    2361; bsz:  282/ 491/47; 6120/10663 tok/s;    332 sec;
[2024-03-01 09:50:32,212 INFO] Step 4950/10000; acc: 39.9; ppl:  15.1; xent: 2.7; lr: 1.00000; sents:    2277; bsz:  290/ 503/46; 5916/10260 tok/s;    334 sec;
[2024-03-01 09:50:34,375 INFO] Step 5000/10000; acc: 41.8; ppl:  14.0; xent: 2.6; lr: 1.00000; sents:    2367; bsz:  283/ 488/47; 6537/11290 tok/s;    336 sec;
[2024-03-01 09:50:38,306 INFO] valid stats calculation
                           took: 3.9300615787506104 s.
[2024-03-01 09:50:38,306 INFO] Train perplexity: 75.7421
[2024-03-01 09:50:38,306 INFO] Train accuracy: 25.5407
[2024-03-01 09:50:38,306 INFO] Sentences processed: 233425
[2024-03-01 09:50:38,306 INFO] Average bsz:  290/ 501/47
[2024-03-01 09:50:38,306 INFO] Validation perplexity: 156.359
[2024-03-01 09:50:38,306 INFO] Validation accuracy: 25.1193
[2024-03-01 09:50:38,307 INFO] Saving checkpoint gt/gt_01_step_5000.pt
[2024-03-01 09:50:40,789 INFO] Step 5050/10000; acc: 40.7; ppl:  14.5; xent: 2.7; lr: 1.00000; sents:    2267; bsz:  294/ 502/45; 2294/3918 tok/s;    343 sec;
[2024-03-01 09:50:43,233 INFO] Step 5100/10000; acc: 41.3; ppl:  14.2; xent: 2.7; lr: 1.00000; sents:    2362; bsz:  294/ 508/47; 6024/10398 tok/s;    345 sec;
[2024-03-01 09:50:45,584 INFO] Step 5150/10000; acc: 40.9; ppl:  14.3; xent: 2.7; lr: 1.00000; sents:    2370; bsz:  299/ 513/47; 6349/10901 tok/s;    348 sec;
[2024-03-01 09:50:47,998 INFO] Step 5200/10000; acc: 41.8; ppl:  13.4; xent: 2.6; lr: 1.00000; sents:    2275; bsz:  286/ 501/46; 5928/10374 tok/s;    350 sec;
[2024-03-01 09:50:51,921 INFO] valid stats calculation
                           took: 3.922682523727417 s.
[2024-03-01 09:50:51,922 INFO] Train perplexity: 70.9598
[2024-03-01 09:50:51,922 INFO] Train accuracy: 26.1474
[2024-03-01 09:50:51,922 INFO] Sentences processed: 242699
[2024-03-01 09:50:51,922 INFO] Average bsz:  290/ 501/47
[2024-03-01 09:50:51,922 INFO] Validation perplexity: 149.813
[2024-03-01 09:50:51,922 INFO] Validation accuracy: 25.8411
[2024-03-01 09:50:51,923 INFO] Saving checkpoint gt/gt_01_step_5200.pt
[2024-03-01 09:50:54,146 INFO] Step 5250/10000; acc: 42.7; ppl:  12.7; xent: 2.5; lr: 1.00000; sents:    2370; bsz:  284/ 488/47; 2312/3971 tok/s;    356 sec;
[2024-03-01 09:50:56,616 INFO] Step 5300/10000; acc: 42.2; ppl:  13.1; xent: 2.6; lr: 1.00000; sents:    2370; bsz:  290/ 508/47; 5862/10293 tok/s;    359 sec;
[2024-03-01 09:50:59,009 INFO] Step 5350/10000; acc: 42.6; ppl:  12.7; xent: 2.5; lr: 1.00000; sents:    2368; bsz:  292/ 505/47; 6097/10562 tok/s;    361 sec;
[2024-03-01 09:51:01,360 INFO] Step 5400/10000; acc: 42.6; ppl:  12.7; xent: 2.5; lr: 1.00000; sents:    2263; bsz:  290/ 493/45; 6159/10479 tok/s;    363 sec;
[2024-03-01 09:51:05,328 INFO] valid stats calculation
                           took: 3.967233419418335 s.
[2024-03-01 09:51:05,328 INFO] Train perplexity: 66.6228
[2024-03-01 09:51:05,328 INFO] Train accuracy: 26.7505
[2024-03-01 09:51:05,328 INFO] Sentences processed: 252070
[2024-03-01 09:51:05,328 INFO] Average bsz:  290/ 501/47
[2024-03-01 09:51:05,329 INFO] Validation perplexity: 160.904
[2024-03-01 09:51:05,329 INFO] Validation accuracy: 25.477
[2024-03-01 09:51:05,329 INFO] Saving checkpoint gt/gt_01_step_5400.pt
[2024-03-01 09:51:07,750 INFO] Step 5450/10000; acc: 43.4; ppl:  12.0; xent: 2.5; lr: 1.00000; sents:    2374; bsz:  282/ 503/47; 2211/3934 tok/s;    370 sec;
[2024-03-01 09:51:10,003 INFO] Step 5500/10000; acc: 43.3; ppl:  12.3; xent: 2.5; lr: 1.00000; sents:    2267; bsz:  302/ 504/45; 6693/11181 tok/s;    372 sec;
[2024-03-01 09:51:12,461 INFO] Step 5550/10000; acc: 44.0; ppl:  11.8; xent: 2.5; lr: 1.00000; sents:    2364; bsz:  290/ 504/47; 5902/10265 tok/s;    374 sec;
[2024-03-01 09:51:14,806 INFO] Step 5600/10000; acc: 43.7; ppl:  11.6; xent: 2.5; lr: 1.00000; sents:    2354; bsz:  291/ 504/47; 6213/10746 tok/s;    377 sec;
[2024-03-01 09:51:18,733 INFO] valid stats calculation
                           took: 3.9264190196990967 s.
[2024-03-01 09:51:18,733 INFO] Train perplexity: 62.632
[2024-03-01 09:51:18,733 INFO] Train accuracy: 27.3551
[2024-03-01 09:51:18,733 INFO] Sentences processed: 261429
[2024-03-01 09:51:18,734 INFO] Average bsz:  290/ 501/47
[2024-03-01 09:51:18,734 INFO] Validation perplexity: 165.123
[2024-03-01 09:51:18,734 INFO] Validation accuracy: 25.9666
[2024-03-01 09:51:18,734 INFO] Saving checkpoint gt/gt_01_step_5600.pt
[2024-03-01 09:51:21,145 INFO] Step 5650/10000; acc: 44.4; ppl:  11.2; xent: 2.4; lr: 1.00000; sents:    2265; bsz:  275/ 478/45; 2171/3773 tok/s;    383 sec;
[2024-03-01 09:51:23,507 INFO] Step 5700/10000; acc: 44.7; ppl:  11.3; xent: 2.4; lr: 1.00000; sents:    2382; bsz:  297/ 521/48; 6285/11028 tok/s;    386 sec;
[2024-03-01 09:51:25,707 INFO] Step 5750/10000; acc: 44.7; ppl:  11.1; xent: 2.4; lr: 1.00000; sents:    2366; bsz:  300/ 508/47; 6814/11556 tok/s;    388 sec;
[2024-03-01 09:51:28,138 INFO] Step 5800/10000; acc: 45.1; ppl:  10.9; xent: 2.4; lr: 1.00000; sents:    2371; bsz:  290/ 505/47; 5964/10383 tok/s;    390 sec;
[2024-03-01 09:51:32,052 INFO] valid stats calculation
                           took: 3.913909912109375 s.
[2024-03-01 09:51:32,052 INFO] Train perplexity: 58.9968
[2024-03-01 09:51:32,053 INFO] Train accuracy: 27.9565
[2024-03-01 09:51:32,053 INFO] Sentences processed: 270813
[2024-03-01 09:51:32,053 INFO] Average bsz:  290/ 501/47
[2024-03-01 09:51:32,053 INFO] Validation perplexity: 167.693
[2024-03-01 09:51:32,053 INFO] Validation accuracy: 25.5147
[2024-03-01 09:51:32,054 INFO] Saving checkpoint gt/gt_01_step_5800.pt
[2024-03-01 09:51:34,516 INFO] Step 5850/10000; acc: 46.3; ppl:  10.3; xent: 2.3; lr: 1.00000; sents:    2259; bsz:  280/ 484/45; 2196/3795 tok/s;    397 sec;
[2024-03-01 09:51:36,940 INFO] Step 5900/10000; acc: 44.6; ppl:  11.0; xent: 2.4; lr: 1.00000; sents:    2362; bsz:  299/ 515/47; 6167/10617 tok/s;    399 sec;
[2024-03-01 09:51:39,273 INFO] Step 5950/10000; acc: 46.5; ppl:   9.9; xent: 2.3; lr: 1.00000; sents:    2282; bsz:  286/ 497/46; 6129/10650 tok/s;    401 sec;
[2024-03-01 09:51:41,470 INFO] Step 6000/10000; acc: 46.8; ppl:   9.9; xent: 2.3; lr: 1.00000; sents:    2360; bsz:  285/ 493/47; 6494/11218 tok/s;    403 sec;
[2024-03-01 09:51:45,473 INFO] valid stats calculation
                           took: 4.002511501312256 s.
[2024-03-01 09:51:45,473 INFO] Train perplexity: 55.6816
[2024-03-01 09:51:45,473 INFO] Train accuracy: 28.5536
[2024-03-01 09:51:45,473 INFO] Sentences processed: 280076
[2024-03-01 09:51:45,473 INFO] Average bsz:  290/ 501/47
[2024-03-01 09:51:45,473 INFO] Validation perplexity: 175.219
[2024-03-01 09:51:45,473 INFO] Validation accuracy: 25.4896
[2024-03-01 09:51:45,474 INFO] Saving checkpoint gt/gt_01_step_6000.pt
[2024-03-01 09:51:48,051 INFO] Step 6050/10000; acc: 46.3; ppl:  10.0; xent: 2.3; lr: 1.00000; sents:    2265; bsz:  295/ 499/45; 2240/3790 tok/s;    410 sec;
[2024-03-01 09:51:50,417 INFO] Step 6100/10000; acc: 46.8; ppl:   9.7; xent: 2.3; lr: 1.00000; sents:    2366; bsz:  290/ 506/47; 6135/10699 tok/s;    412 sec;
[2024-03-01 09:51:52,851 INFO] Step 6150/10000; acc: 46.3; ppl:   9.9; xent: 2.3; lr: 1.00000; sents:    2368; bsz:  287/ 503/47; 5901/10343 tok/s;    415 sec;
[2024-03-01 09:51:55,117 INFO] Step 6200/10000; acc: 47.5; ppl:   9.3; xent: 2.2; lr: 1.00000; sents:    2384; bsz:  293/ 510/48; 6459/11252 tok/s;    417 sec;
[2024-03-01 09:51:59,031 INFO] valid stats calculation
                           took: 3.9139621257781982 s.
[2024-03-01 09:51:59,031 INFO] Train perplexity: 52.6136
[2024-03-01 09:51:59,032 INFO] Train accuracy: 29.1439
[2024-03-01 09:51:59,032 INFO] Sentences processed: 289459
[2024-03-01 09:51:59,032 INFO] Average bsz:  290/ 501/47
[2024-03-01 09:51:59,032 INFO] Validation perplexity: 184.179
[2024-03-01 09:51:59,032 INFO] Validation accuracy: 25.4896
[2024-03-01 09:51:59,033 INFO] Saving checkpoint gt/gt_01_step_6200.pt
[2024-03-01 09:52:01,363 INFO] Step 6250/10000; acc: 47.5; ppl:   9.3; xent: 2.2; lr: 1.00000; sents:    2366; bsz:  289/ 501/47; 2316/4011 tok/s;    423 sec;
[2024-03-01 09:52:03,905 INFO] Step 6300/10000; acc: 48.0; ppl:   9.1; xent: 2.2; lr: 1.00000; sents:    2262; bsz:  295/ 497/45; 5798/9775 tok/s;    426 sec;
[2024-03-01 09:52:06,245 INFO] Step 6350/10000; acc: 48.3; ppl:   8.9; xent: 2.2; lr: 1.00000; sents:    2264; bsz:  278/ 484/45; 5939/10352 tok/s;    428 sec;
[2024-03-01 09:52:08,693 INFO] Step 6400/10000; acc: 48.5; ppl:   8.8; xent: 2.2; lr: 1.00000; sents:    2371; bsz:  285/ 500/47; 5831/10217 tok/s;    431 sec;
[2024-03-01 09:52:12,681 INFO] valid stats calculation
                           took: 3.9878129959106445 s.
[2024-03-01 09:52:12,682 INFO] Train perplexity: 49.8277
[2024-03-01 09:52:12,682 INFO] Train accuracy: 29.7296
[2024-03-01 09:52:12,682 INFO] Sentences processed: 298722
[2024-03-01 09:52:12,682 INFO] Average bsz:  290/ 501/47
[2024-03-01 09:52:12,682 INFO] Validation perplexity: 190.446
[2024-03-01 09:52:12,682 INFO] Validation accuracy: 25.1255
[2024-03-01 09:52:12,683 INFO] Saving checkpoint gt/gt_01_step_6400.pt
[2024-03-01 09:52:15,072 INFO] Step 6450/10000; acc: 48.7; ppl:   8.6; xent: 2.2; lr: 1.00000; sents:    2380; bsz:  293/ 510/48; 2296/4002 tok/s;    437 sec;
[2024-03-01 09:52:17,400 INFO] Step 6500/10000; acc: 48.7; ppl:   8.8; xent: 2.2; lr: 1.00000; sents:    2252; bsz:  294/ 496/45; 6307/10662 tok/s;    439 sec;
[2024-03-01 09:52:19,827 INFO] Step 6550/10000; acc: 49.4; ppl:   8.5; xent: 2.1; lr: 1.00000; sents:    2474; bsz:  300/ 522/49; 6174/10765 tok/s;    442 sec;
[2024-03-01 09:52:22,212 INFO] Step 6600/10000; acc: 49.9; ppl:   8.3; xent: 2.1; lr: 1.00000; sents:    2257; bsz:  281/ 485/45; 5883/10158 tok/s;    444 sec;
[2024-03-01 09:52:26,125 INFO] valid stats calculation
                           took: 3.9127392768859863 s.
[2024-03-01 09:52:26,125 INFO] Train perplexity: 47.2242
[2024-03-01 09:52:26,125 INFO] Train accuracy: 30.3214
[2024-03-01 09:52:26,125 INFO] Sentences processed: 308085
[2024-03-01 09:52:26,125 INFO] Average bsz:  290/ 501/47
[2024-03-01 09:52:26,125 INFO] Validation perplexity: 190.373
[2024-03-01 09:52:26,125 INFO] Validation accuracy: 25.5775
[2024-03-01 09:52:26,126 INFO] Saving checkpoint gt/gt_01_step_6600.pt
[2024-03-01 09:52:28,638 INFO] Step 6650/10000; acc: 49.2; ppl:   8.3; xent: 2.1; lr: 1.00000; sents:    2370; bsz:  286/ 503/47; 2225/3911 tok/s;    451 sec;
[2024-03-01 09:52:30,923 INFO] Step 6700/10000; acc: 50.7; ppl:   8.0; xent: 2.1; lr: 1.00000; sents:    2378; bsz:  293/ 509/48; 6414/11148 tok/s;    453 sec;
[2024-03-01 09:52:33,299 INFO] Step 6750/10000; acc: 49.8; ppl:   8.2; xent: 2.1; lr: 1.00000; sents:    2253; bsz:  296/ 500/45; 6228/10531 tok/s;    455 sec;
[2024-03-01 09:52:35,681 INFO] Step 6800/10000; acc: 50.4; ppl:   7.9; xent: 2.1; lr: 1.00000; sents:    2371; bsz:  299/ 512/47; 6287/10741 tok/s;    458 sec;
[2024-03-01 09:52:39,630 INFO] valid stats calculation
                           took: 3.9492616653442383 s.
[2024-03-01 09:52:39,631 INFO] Train perplexity: 44.8176
[2024-03-01 09:52:39,631 INFO] Train accuracy: 30.9073
[2024-03-01 09:52:39,631 INFO] Sentences processed: 317457
[2024-03-01 09:52:39,631 INFO] Average bsz:  290/ 501/47
[2024-03-01 09:52:39,631 INFO] Validation perplexity: 212.589
[2024-03-01 09:52:39,631 INFO] Validation accuracy: 25.5272
[2024-03-01 09:52:39,632 INFO] Saving checkpoint gt/gt_01_step_6800.pt
[2024-03-01 09:52:42,125 INFO] Step 6850/10000; acc: 50.3; ppl:   7.9; xent: 2.1; lr: 1.00000; sents:    2258; bsz:  282/ 487/45; 2187/3775 tok/s;    464 sec;
[2024-03-01 09:52:44,518 INFO] Step 6900/10000; acc: 50.6; ppl:   7.7; xent: 2.0; lr: 1.00000; sents:    2369; bsz:  281/ 496/47; 5876/10366 tok/s;    467 sec;
[2024-03-01 09:52:46,833 INFO] Step 6950/10000; acc: 51.6; ppl:   7.3; xent: 2.0; lr: 1.00000; sents:    2276; bsz:  286/ 493/46; 6184/10655 tok/s;    469 sec;
[2024-03-01 09:52:49,153 INFO] Step 7000/10000; acc: 50.4; ppl:   8.0; xent: 2.1; lr: 1.00000; sents:    2362; bsz:  307/ 520/47; 6608/11220 tok/s;    471 sec;
[2024-03-01 09:52:53,110 INFO] valid stats calculation
                           took: 3.9560351371765137 s.
[2024-03-01 09:52:53,110 INFO] Train perplexity: 42.6294
[2024-03-01 09:52:53,110 INFO] Train accuracy: 31.4703
[2024-03-01 09:52:53,110 INFO] Sentences processed: 326722
[2024-03-01 09:52:53,110 INFO] Average bsz:  290/ 501/47
[2024-03-01 09:52:53,110 INFO] Validation perplexity: 198.436
[2024-03-01 09:52:53,110 INFO] Validation accuracy: 25.59
[2024-03-01 09:52:53,111 INFO] Saving checkpoint gt/gt_01_step_7000.pt
[2024-03-01 09:52:55,548 INFO] Step 7050/10000; acc: 52.2; ppl:   7.4; xent: 2.0; lr: 1.00000; sents:    2373; bsz:  285/ 495/47; 2228/3872 tok/s;    478 sec;
[2024-03-01 09:52:57,887 INFO] Step 7100/10000; acc: 51.9; ppl:   7.3; xent: 2.0; lr: 1.00000; sents:    2367; bsz:  280/ 494/47; 5990/10558 tok/s;    480 sec;
[2024-03-01 09:53:00,321 INFO] Step 7150/10000; acc: 51.1; ppl:   7.6; xent: 2.0; lr: 1.00000; sents:    2374; bsz:  296/ 513/47; 6076/10547 tok/s;    482 sec;
[2024-03-01 09:53:02,580 INFO] Step 7200/10000; acc: 52.5; ppl:   7.0; xent: 1.9; lr: 1.00000; sents:    2272; bsz:  284/ 492/45; 6292/10898 tok/s;    485 sec;
[2024-03-01 09:53:06,492 INFO] valid stats calculation
                           took: 3.911489725112915 s.
[2024-03-01 09:53:06,492 INFO] Train perplexity: 40.5998
[2024-03-01 09:53:06,492 INFO] Train accuracy: 32.0352
[2024-03-01 09:53:06,492 INFO] Sentences processed: 336108
[2024-03-01 09:53:06,492 INFO] Average bsz:  290/ 501/47
[2024-03-01 09:53:06,492 INFO] Validation perplexity: 224.523
[2024-03-01 09:53:06,492 INFO] Validation accuracy: 25.8348
[2024-03-01 09:53:06,493 INFO] Saving checkpoint gt/gt_01_step_7200.pt
[2024-03-01 09:53:08,850 INFO] Step 7250/10000; acc: 52.7; ppl:   7.0; xent: 2.0; lr: 1.00000; sents:    2360; bsz:  289/ 501/47; 2307/3995 tok/s;    491 sec;
[2024-03-01 09:53:11,276 INFO] Step 7300/10000; acc: 52.6; ppl:   7.0; xent: 1.9; lr: 1.00000; sents:    2271; bsz:  294/ 497/45; 6057/10251 tok/s;    493 sec;
[2024-03-01 09:53:13,733 INFO] Step 7350/10000; acc: 52.3; ppl:   7.2; xent: 2.0; lr: 1.00000; sents:    2366; bsz:  296/ 512/47; 6024/10428 tok/s;    496 sec;
[2024-03-01 09:53:16,065 INFO] Step 7400/10000; acc: 53.6; ppl:   6.7; xent: 1.9; lr: 1.00000; sents:    2371; bsz:  279/ 493/47; 5988/10566 tok/s;    498 sec;
[2024-03-01 09:53:19,974 INFO] valid stats calculation
                           took: 3.908987522125244 s.
[2024-03-01 09:53:19,975 INFO] Train perplexity: 38.7143
[2024-03-01 09:53:19,975 INFO] Train accuracy: 32.5957
[2024-03-01 09:53:19,975 INFO] Sentences processed: 345476
[2024-03-01 09:53:19,975 INFO] Average bsz:  290/ 501/47
[2024-03-01 09:53:19,975 INFO] Validation perplexity: 229.711
[2024-03-01 09:53:19,975 INFO] Validation accuracy: 25.7218
[2024-03-01 09:53:19,976 INFO] Saving checkpoint gt/gt_01_step_7400.pt
[2024-03-01 09:53:22,410 INFO] Step 7450/10000; acc: 52.6; ppl:   6.9; xent: 1.9; lr: 1.00000; sents:    2274; bsz:  299/ 512/45; 2357/4032 tok/s;    504 sec;
[2024-03-01 09:53:24,662 INFO] Step 7500/10000; acc: 53.6; ppl:   6.7; xent: 1.9; lr: 1.00000; sents:    2360; bsz:  289/ 497/47; 6428/11049 tok/s;    507 sec;
[2024-03-01 09:53:27,014 INFO] Step 7550/10000; acc: 53.9; ppl:   6.4; xent: 1.9; lr: 1.00000; sents:    2368; bsz:  286/ 497/47; 6086/10559 tok/s;    509 sec;
[2024-03-01 09:53:29,485 INFO] Step 7600/10000; acc: 53.4; ppl:   6.7; xent: 1.9; lr: 1.00000; sents:    2260; bsz:  285/ 492/45; 5774/9947 tok/s;    512 sec;
[2024-03-01 09:53:33,437 INFO] valid stats calculation
                           took: 3.9513590335845947 s.
[2024-03-01 09:53:33,437 INFO] Train perplexity: 36.9697
[2024-03-01 09:53:33,437 INFO] Train accuracy: 33.1405
[2024-03-01 09:53:33,437 INFO] Sentences processed: 354738
[2024-03-01 09:53:33,437 INFO] Average bsz:  290/ 501/47
[2024-03-01 09:53:33,437 INFO] Validation perplexity: 223.407
[2024-03-01 09:53:33,437 INFO] Validation accuracy: 25.8474
[2024-03-01 09:53:33,438 INFO] Saving checkpoint gt/gt_01_step_7600.pt
[2024-03-01 09:53:35,944 INFO] Step 7650/10000; acc: 53.4; ppl:   6.6; xent: 1.9; lr: 1.00000; sents:    2369; bsz:  294/ 513/47; 2278/3968 tok/s;    518 sec;
[2024-03-01 09:53:38,233 INFO] Step 7700/10000; acc: 54.9; ppl:   6.2; xent: 1.8; lr: 1.00000; sents:    2277; bsz:  289/ 496/46; 6316/10841 tok/s;    520 sec;
[2024-03-01 09:53:40,490 INFO] Step 7750/10000; acc: 54.9; ppl:   6.3; xent: 1.8; lr: 1.00000; sents:    2361; bsz:  287/ 496/47; 6361/10998 tok/s;    523 sec;
[2024-03-01 09:53:42,868 INFO] Step 7800/10000; acc: 54.3; ppl:   6.5; xent: 1.9; lr: 1.00000; sents:    2362; bsz:  300/ 514/47; 6310/10810 tok/s;    525 sec;
[2024-03-01 09:53:46,810 INFO] valid stats calculation
                           took: 3.9417431354522705 s.
[2024-03-01 09:53:46,810 INFO] Train perplexity: 35.3325
[2024-03-01 09:53:46,811 INFO] Train accuracy: 33.6881
[2024-03-01 09:53:46,811 INFO] Sentences processed: 364107
[2024-03-01 09:53:46,811 INFO] Average bsz:  290/ 501/47
[2024-03-01 09:53:46,811 INFO] Validation perplexity: 239.134
[2024-03-01 09:53:46,811 INFO] Validation accuracy: 25.3389
[2024-03-01 09:53:46,812 INFO] Saving checkpoint gt/gt_01_step_7800.pt
[2024-03-01 09:53:49,350 INFO] Step 7850/10000; acc: 54.2; ppl:   6.5; xent: 1.9; lr: 1.00000; sents:    2365; bsz:  295/ 513/47; 2275/3954 tok/s;    531 sec;
[2024-03-01 09:53:51,752 INFO] Step 7900/10000; acc: 55.0; ppl:   6.1; xent: 1.8; lr: 1.00000; sents:    2268; bsz:  285/ 492/45; 5932/10235 tok/s;    534 sec;
[2024-03-01 09:53:53,964 INFO] Step 7950/10000; acc: 56.3; ppl:   5.8; xent: 1.8; lr: 1.00000; sents:    2377; bsz:  282/ 496/48; 6366/11223 tok/s;    536 sec;
[2024-03-01 09:53:56,213 INFO] Step 8000/10000; acc: 55.3; ppl:   6.0; xent: 1.8; lr: 1.00000; sents:    2360; bsz:  290/ 499/47; 6452/11098 tok/s;    538 sec;
[2024-03-01 09:54:00,131 INFO] valid stats calculation
                           took: 3.9179422855377197 s.
[2024-03-01 09:54:00,132 INFO] Train perplexity: 33.8205
[2024-03-01 09:54:00,132 INFO] Train accuracy: 34.2238
[2024-03-01 09:54:00,132 INFO] Sentences processed: 373477
[2024-03-01 09:54:00,132 INFO] Average bsz:  290/ 501/47
[2024-03-01 09:54:00,132 INFO] Validation perplexity: 244.136
[2024-03-01 09:54:00,132 INFO] Validation accuracy: 25.6277
[2024-03-01 09:54:00,133 INFO] Saving checkpoint gt/gt_01_step_8000.pt
[2024-03-01 09:54:02,627 INFO] Step 8050/10000; acc: 55.2; ppl:   6.0; xent: 1.8; lr: 1.00000; sents:    2267; bsz:  291/ 494/45; 2268/3849 tok/s;    545 sec;
[2024-03-01 09:54:05,089 INFO] Step 8100/10000; acc: 55.1; ppl:   6.2; xent: 1.8; lr: 1.00000; sents:    2364; bsz:  293/ 513/47; 5955/10412 tok/s;    547 sec;
[2024-03-01 09:54:07,471 INFO] Step 8150/10000; acc: 55.5; ppl:   5.9; xent: 1.8; lr: 1.00000; sents:    2272; bsz:  288/ 494/45; 6038/10367 tok/s;    549 sec;
[2024-03-01 09:54:09,685 INFO] Step 8200/10000; acc: 56.4; ppl:   5.7; xent: 1.7; lr: 1.00000; sents:    2482; bsz:  291/ 516/50; 6566/11646 tok/s;    552 sec;
[2024-03-01 09:54:13,600 INFO] valid stats calculation
                           took: 3.914496898651123 s.
[2024-03-01 09:54:13,600 INFO] Train perplexity: 32.4097
[2024-03-01 09:54:13,600 INFO] Train accuracy: 34.747
[2024-03-01 09:54:13,600 INFO] Sentences processed: 382862
[2024-03-01 09:54:13,600 INFO] Average bsz:  290/ 501/47
[2024-03-01 09:54:13,600 INFO] Validation perplexity: 256.365
[2024-03-01 09:54:13,600 INFO] Validation accuracy: 25.4896
[2024-03-01 09:54:13,601 INFO] Saving checkpoint gt/gt_01_step_8200.pt
[2024-03-01 09:54:16,026 INFO] Step 8250/10000; acc: 56.3; ppl:   5.7; xent: 1.7; lr: 1.00000; sents:    2255; bsz:  292/ 493/45; 2303/3889 tok/s;    558 sec;
[2024-03-01 09:54:18,477 INFO] Step 8300/10000; acc: 56.3; ppl:   5.7; xent: 1.7; lr: 1.00000; sents:    2262; bsz:  289/ 494/45; 5903/10085 tok/s;    560 sec;
[2024-03-01 09:54:20,891 INFO] Step 8350/10000; acc: 56.4; ppl:   5.8; xent: 1.8; lr: 1.00000; sents:    2471; bsz:  290/ 515/49; 6014/10676 tok/s;    563 sec;
[2024-03-01 09:54:23,295 INFO] Step 8400/10000; acc: 56.4; ppl:   5.7; xent: 1.7; lr: 1.00000; sents:    2270; bsz:  288/ 493/45; 6000/10265 tok/s;    565 sec;
[2024-03-01 09:54:27,212 INFO] valid stats calculation
                           took: 3.9165773391723633 s.
[2024-03-01 09:54:27,212 INFO] Train perplexity: 31.1066
[2024-03-01 09:54:27,212 INFO] Train accuracy: 35.2587
[2024-03-01 09:54:27,212 INFO] Sentences processed: 392120
[2024-03-01 09:54:27,213 INFO] Average bsz:  290/ 501/47
[2024-03-01 09:54:27,213 INFO] Validation perplexity: 261.404
[2024-03-01 09:54:27,213 INFO] Validation accuracy: 25.521
[2024-03-01 09:54:27,213 INFO] Saving checkpoint gt/gt_01_step_8400.pt
[2024-03-01 09:54:29,612 INFO] Step 8450/10000; acc: 57.6; ppl:   5.4; xent: 1.7; lr: 1.00000; sents:    2278; bsz:  287/ 494/46; 2269/3914 tok/s;    572 sec;
[2024-03-01 09:54:31,950 INFO] Step 8500/10000; acc: 56.6; ppl:   5.6; xent: 1.7; lr: 1.00000; sents:    2359; bsz:  305/ 517/47; 6521/11066 tok/s;    574 sec;
[2024-03-01 09:54:34,271 INFO] Step 8550/10000; acc: 57.8; ppl:   5.3; xent: 1.7; lr: 1.00000; sents:    2366; bsz:  281/ 492/47; 6049/10599 tok/s;    576 sec;
[2024-03-01 09:54:36,743 INFO] Step 8600/10000; acc: 56.4; ppl:   5.7; xent: 1.7; lr: 1.00000; sents:    2370; bsz:  297/ 517/47; 6012/10457 tok/s;    579 sec;
[2024-03-01 09:54:40,664 INFO] valid stats calculation
                           took: 3.919834613800049 s.
[2024-03-01 09:54:40,664 INFO] Train perplexity: 29.8716
[2024-03-01 09:54:40,664 INFO] Train accuracy: 35.77
[2024-03-01 09:54:40,664 INFO] Sentences processed: 401493
[2024-03-01 09:54:40,664 INFO] Average bsz:  290/ 501/47
[2024-03-01 09:54:40,664 INFO] Validation perplexity: 256.519
[2024-03-01 09:54:40,664 INFO] Validation accuracy: 25.4833
[2024-03-01 09:54:40,665 INFO] Saving checkpoint gt/gt_01_step_8600.pt
[2024-03-01 09:54:43,133 INFO] Step 8650/10000; acc: 57.6; ppl:   5.4; xent: 1.7; lr: 1.00000; sents:    2372; bsz:  283/ 498/47; 2212/3897 tok/s;    585 sec;
[2024-03-01 09:54:45,430 INFO] Step 8700/10000; acc: 57.8; ppl:   5.2; xent: 1.7; lr: 1.00000; sents:    2271; bsz:  285/ 490/45; 6213/10677 tok/s;    587 sec;
[2024-03-01 09:54:47,839 INFO] Step 8750/10000; acc: 57.0; ppl:   5.6; xent: 1.7; lr: 1.00000; sents:    2360; bsz:  305/ 518/47; 6337/10760 tok/s;    590 sec;
[2024-03-01 09:54:50,232 INFO] Step 8800/10000; acc: 59.0; ppl:   5.0; xent: 1.6; lr: 1.00000; sents:    2260; bsz:  272/ 471/45; 5673/9849 tok/s;    592 sec;
[2024-03-01 09:54:54,138 INFO] valid stats calculation
                           took: 3.90514874458313 s.
[2024-03-01 09:54:54,138 INFO] Train perplexity: 28.7349
[2024-03-01 09:54:54,138 INFO] Train accuracy: 36.2651
[2024-03-01 09:54:54,138 INFO] Sentences processed: 410756
[2024-03-01 09:54:54,138 INFO] Average bsz:  290/ 501/47
[2024-03-01 09:54:54,138 INFO] Validation perplexity: 299.766
[2024-03-01 09:54:54,138 INFO] Validation accuracy: 25.3138
[2024-03-01 09:54:54,139 INFO] Saving checkpoint gt/gt_01_step_8800.pt
[2024-03-01 09:54:56,708 INFO] Step 8850/10000; acc: 57.0; ppl:   5.6; xent: 1.7; lr: 1.00000; sents:    2362; bsz:  296/ 514/47; 2283/3967 tok/s;    599 sec;
[2024-03-01 09:54:59,050 INFO] Step 8900/10000; acc: 57.6; ppl:   5.4; xent: 1.7; lr: 1.00000; sents:    2378; bsz:  299/ 519/48; 6383/11075 tok/s;    601 sec;
[2024-03-01 09:55:01,234 INFO] Step 8950/10000; acc: 59.7; ppl:   4.9; xent: 1.6; lr: 1.00000; sents:    2375; bsz:  280/ 491/48; 6416/11240 tok/s;    603 sec;
[2024-03-01 09:55:03,570 INFO] Step 9000/10000; acc: 58.4; ppl:   5.2; xent: 1.6; lr: 1.00000; sents:    2257; bsz:  295/ 498/45; 6316/10654 tok/s;    606 sec;
[2024-03-01 09:55:07,475 INFO] valid stats calculation
                           took: 3.9042155742645264 s.
[2024-03-01 09:55:07,475 INFO] Train perplexity: 27.6614
[2024-03-01 09:55:07,475 INFO] Train accuracy: 36.7555
[2024-03-01 09:55:07,475 INFO] Sentences processed: 420128
[2024-03-01 09:55:07,475 INFO] Average bsz:  290/ 501/47
[2024-03-01 09:55:07,475 INFO] Validation perplexity: 276.106
[2024-03-01 09:55:07,475 INFO] Validation accuracy: 25.2134
[2024-03-01 09:55:07,476 INFO] Saving checkpoint gt/gt_01_step_9000.pt
[2024-03-01 09:55:09,915 INFO] Step 9050/10000; acc: 58.4; ppl:   5.1; xent: 1.6; lr: 1.00000; sents:    2366; bsz:  294/ 506/47; 2313/3989 tok/s;    612 sec;
[2024-03-01 09:55:12,349 INFO] Step 9100/10000; acc: 58.5; ppl:   5.1; xent: 1.6; lr: 1.00000; sents:    2258; bsz:  273/ 478/45; 5605/9829 tok/s;    614 sec;
[2024-03-01 09:55:14,729 INFO] Step 9150/10000; acc: 58.5; ppl:   5.1; xent: 1.6; lr: 1.00000; sents:    2384; bsz:  303/ 523/48; 6360/10993 tok/s;    617 sec;
[2024-03-01 09:55:16,968 INFO] Step 9200/10000; acc: 59.8; ppl:   4.9; xent: 1.6; lr: 1.00000; sents:    2368; bsz:  294/ 506/47; 6560/11302 tok/s;    619 sec;
[2024-03-01 09:55:20,937 INFO] valid stats calculation
                           took: 3.9692113399505615 s.
[2024-03-01 09:55:20,938 INFO] Train perplexity: 26.654
[2024-03-01 09:55:20,938 INFO] Train accuracy: 37.2369
[2024-03-01 09:55:20,938 INFO] Sentences processed: 429504
[2024-03-01 09:55:20,938 INFO] Average bsz:  290/ 501/47
[2024-03-01 09:55:20,938 INFO] Validation perplexity: 278.775
[2024-03-01 09:55:20,938 INFO] Validation accuracy: 25.069
[2024-03-01 09:55:20,939 INFO] Saving checkpoint gt/gt_01_step_9200.pt
[2024-03-01 09:55:23,358 INFO] Step 9250/10000; acc: 59.5; ppl:   4.9; xent: 1.6; lr: 1.00000; sents:    2358; bsz:  288/ 499/47; 2253/3908 tok/s;    625 sec;
[2024-03-01 09:55:25,710 INFO] Step 9300/10000; acc: 59.3; ppl:   4.8; xent: 1.6; lr: 1.00000; sents:    2265; bsz:  283/ 485/45; 6021/10321 tok/s;    628 sec;
[2024-03-01 09:55:28,136 INFO] Step 9350/10000; acc: 59.2; ppl:   5.0; xent: 1.6; lr: 1.00000; sents:    2364; bsz:  284/ 499/47; 5845/10292 tok/s;    630 sec;
[2024-03-01 09:55:30,616 INFO] Step 9400/10000; acc: 58.8; ppl:   5.0; xent: 1.6; lr: 1.00000; sents:    2277; bsz:  306/ 521/46; 6176/10510 tok/s;    633 sec;
[2024-03-01 09:55:34,559 INFO] valid stats calculation
                           took: 3.9425628185272217 s.
[2024-03-01 09:55:34,560 INFO] Train perplexity: 25.7145
[2024-03-01 09:55:34,560 INFO] Train accuracy: 37.7043
[2024-03-01 09:55:34,560 INFO] Sentences processed: 438768
[2024-03-01 09:55:34,560 INFO] Average bsz:  290/ 501/47
[2024-03-01 09:55:34,560 INFO] Validation perplexity: 280.197
[2024-03-01 09:55:34,560 INFO] Validation accuracy: 25.6904
[2024-03-01 09:55:34,561 INFO] Saving checkpoint gt/gt_01_step_9400.pt
[2024-03-01 09:55:36,777 INFO] Step 9450/10000; acc: 61.2; ppl:   4.5; xent: 1.5; lr: 1.00000; sents:    2368; bsz:  279/ 484/47; 2268/3931 tok/s;    639 sec;
[2024-03-01 09:55:39,289 INFO] Step 9500/10000; acc: 59.2; ppl:   4.9; xent: 1.6; lr: 1.00000; sents:    2366; bsz:  305/ 524/47; 6066/10442 tok/s;    641 sec;
[2024-03-01 09:55:41,642 INFO] Step 9550/10000; acc: 60.6; ppl:   4.7; xent: 1.5; lr: 1.00000; sents:    2266; bsz:  284/ 485/45; 6036/10307 tok/s;    644 sec;
[2024-03-01 09:55:44,036 INFO] Step 9600/10000; acc: 59.7; ppl:   4.8; xent: 1.6; lr: 1.00000; sents:    2367; bsz:  283/ 496/47; 5902/10370 tok/s;    646 sec;
[2024-03-01 09:55:47,962 INFO] valid stats calculation
                           took: 3.925494432449341 s.
[2024-03-01 09:55:47,962 INFO] Train perplexity: 24.83
[2024-03-01 09:55:47,962 INFO] Train accuracy: 38.1683
[2024-03-01 09:55:47,962 INFO] Sentences processed: 448135
[2024-03-01 09:55:47,962 INFO] Average bsz:  290/ 501/47
[2024-03-01 09:55:47,962 INFO] Validation perplexity: 292.574
[2024-03-01 09:55:47,962 INFO] Validation accuracy: 24.9812
[2024-03-01 09:55:47,963 INFO] Saving checkpoint gt/gt_01_step_9600.pt
[2024-03-01 09:55:50,383 INFO] Step 9650/10000; acc: 60.3; ppl:   4.7; xent: 1.6; lr: 1.00000; sents:    2376; bsz:  286/ 505/48; 2252/3982 tok/s;    652 sec;
[2024-03-01 09:55:52,679 INFO] Step 9700/10000; acc: 60.6; ppl:   4.6; xent: 1.5; lr: 1.00000; sents:    2266; bsz:  300/ 502/45; 6542/10925 tok/s;    655 sec;
[2024-03-01 09:55:55,018 INFO] Step 9750/10000; acc: 61.1; ppl:   4.6; xent: 1.5; lr: 1.00000; sents:    2364; bsz:  289/ 503/47; 6178/10754 tok/s;    657 sec;
[2024-03-01 09:55:57,474 INFO] Step 9800/10000; acc: 60.8; ppl:   4.6; xent: 1.5; lr: 1.00000; sents:    2358; bsz:  291/ 509/47; 5929/10354 tok/s;    659 sec;
[2024-03-01 09:56:01,409 INFO] valid stats calculation
                           took: 3.934311866760254 s.
[2024-03-01 09:56:01,409 INFO] Train perplexity: 23.987
[2024-03-01 09:56:01,409 INFO] Train accuracy: 38.6304
[2024-03-01 09:56:01,409 INFO] Sentences processed: 457499
[2024-03-01 09:56:01,409 INFO] Average bsz:  290/ 501/47
[2024-03-01 09:56:01,409 INFO] Validation perplexity: 307.348
[2024-03-01 09:56:01,409 INFO] Validation accuracy: 25.5775
[2024-03-01 09:56:01,410 INFO] Saving checkpoint gt/gt_01_step_9800.pt
[2024-03-01 09:56:03,882 INFO] Step 9850/10000; acc: 60.0; ppl:   4.7; xent: 1.5; lr: 1.00000; sents:    2269; bsz:  291/ 493/45; 2274/3851 tok/s;    666 sec;
[2024-03-01 09:56:06,247 INFO] Step 9900/10000; acc: 61.0; ppl:   4.5; xent: 1.5; lr: 1.00000; sents:    2374; bsz:  281/ 502/47; 5951/10622 tok/s;    668 sec;
[2024-03-01 09:56:08,402 INFO] Step 9950/10000; acc: 62.6; ppl:   4.2; xent: 1.4; lr: 1.00000; sents:    2366; bsz:  283/ 488/47; 6576/11331 tok/s;    670 sec;
[2024-03-01 09:56:10,862 INFO] Step 10000/10000; acc: 60.6; ppl:   4.7; xent: 1.5; lr: 1.00000; sents:    2368; bsz:  305/ 524/47; 6203/10655 tok/s;    673 sec;
[2024-03-01 09:56:14,828 INFO] valid stats calculation
                           took: 3.9663872718811035 s.
[2024-03-01 09:56:14,829 INFO] Train perplexity: 23.1986
[2024-03-01 09:56:14,829 INFO] Train accuracy: 39.0795
[2024-03-01 09:56:14,829 INFO] Sentences processed: 466876
[2024-03-01 09:56:14,829 INFO] Average bsz:  290/ 501/47
[2024-03-01 09:56:14,829 INFO] Validation perplexity: 311.265
[2024-03-01 09:56:14,829 INFO] Validation accuracy: 25.2071
[2024-03-01 09:56:14,830 INFO] Saving checkpoint gt/gt_01_step_10000.pt
