[2024-02-24 11:37:32,520 WARNING] Corpus corpus_1's weight should be given. We default it to 1 for you.
[2024-02-24 11:37:32,520 INFO] Parsed 2 corpora from -data.
[2024-02-24 11:37:32,520 INFO] Get special vocabs from Transforms: {'src': [], 'tgt': []}.
[2024-02-24 11:37:32,536 INFO] Reading encoder embeddings from sonar-320.txt
[2024-02-24 11:37:39,624 INFO] 	Found 626711 total vectors in file.
[2024-02-24 11:37:39,624 INFO] Reading decoder embeddings from ngt_w2v.txt
[2024-02-24 11:37:46,818 INFO] 	Found 629649 total vectors in file
[2024-02-24 11:37:46,818 INFO] After filtering to vectors in vocab:
[2024-02-24 11:37:46,820 INFO] 	* enc: 3993 match, 7223 missing, (35.60%)
[2024-02-24 11:37:46,820 INFO] 	* dec: 2817 match, 471 missing, (85.68%)
[2024-02-24 11:37:46,821 INFO] 
Saving encoder embeddings as:
	* enc: tg-both.enc_embeddings.pt
[2024-02-24 11:37:51,867 INFO] 
Saving decoder embeddings as:
	* dec: tg-both.dec_embeddings.pt
[2024-02-24 11:37:53,057 INFO] The first 10 tokens of the vocabs are:['<unk>', '<blank>', '<s>', '</s>', 'het', 'dat', 'ik', 'de', 'een', 'is']
[2024-02-24 11:37:53,057 INFO] The decoder start token is: <s>
[2024-02-24 11:37:53,057 INFO] Building model...
[2024-02-24 11:37:53,195 INFO] Switching model to float32 for amp/apex_amp
[2024-02-24 11:37:53,195 INFO] Non quantized layer compute is fp32
[2024-02-24 11:37:55,114 INFO] NMTModel(
  (encoder): RNNEncoder(
    (embeddings): Embeddings(
      (make_embedding): Sequential(
        (emb_luts): Elementwise(
          (0): Embedding(11216, 320, padding_idx=1)
        )
      )
      (dropout): Dropout(p=0.3, inplace=False)
    )
    (rnn): LSTM(320, 500, num_layers=2, batch_first=True, dropout=0.3)
  )
  (decoder): InputFeedRNNDecoder(
    (embeddings): Embeddings(
      (make_embedding): Sequential(
        (emb_luts): Elementwise(
          (0): Embedding(3288, 320, padding_idx=1)
        )
      )
      (dropout): Dropout(p=0.3, inplace=False)
    )
    (dropout): Dropout(p=0.3, inplace=False)
    (rnn): StackedLSTM(
      (dropout): Dropout(p=0.3, inplace=False)
      (layers): ModuleList(
        (0): LSTMCell(820, 500)
        (1): LSTMCell(500, 500)
      )
    )
    (attn): GlobalAttention(
      (linear_in): Linear(in_features=500, out_features=500, bias=False)
      (linear_out): Linear(in_features=1000, out_features=500, bias=False)
    )
  )
  (generator): Linear(in_features=500, out_features=3288, bias=True)
)
[2024-02-24 11:37:55,114 INFO] encoder: 7237120
[2024-02-24 11:37:55,114 INFO] decoder: 8097448
[2024-02-24 11:37:55,114 INFO] * number of parameters: 15334568
[2024-02-24 11:37:55,114 INFO] Trainable parameters = {'torch.float32': 15334568, 'torch.float16': 0, 'torch.uint8': 0, 'torch.int8': 0}
[2024-02-24 11:37:55,114 INFO] Non trainable parameters = {'torch.float32': 0, 'torch.float16': 0, 'torch.uint8': 0, 'torch.int8': 0}
[2024-02-24 11:37:55,114 INFO]  * src vocab size = 11216
[2024-02-24 11:37:55,114 INFO]  * tgt vocab size = 3288
[2024-02-24 11:37:55,115 INFO] Starting training on GPU: [0]
[2024-02-24 11:37:55,115 INFO] Start training loop and validate every 200 steps...
[2024-02-24 11:37:55,115 INFO] Scoring with: TransformPipe(InferFeatsTransform())
[2024-02-24 11:38:10,530 INFO] Step 50/10000; acc: 19.2; ppl: 19936.1; xent: 9.9; lr: 1.00000; sents:    3200; bsz:  318/ 225/64; 1031/729 tok/s;     15 sec;
[2024-02-24 11:38:11,036 INFO] Step 100/10000; acc: 23.0; ppl: 1350.9; xent: 7.2; lr: 1.00000; sents:    3200; bsz:  289/ 222/64; 28578/21985 tok/s;     16 sec;
[2024-02-24 11:38:11,615 INFO] Step 150/10000; acc: 28.3; ppl: 242.1; xent: 5.5; lr: 1.00000; sents:    3200; bsz:  290/ 203/64; 25048/17549 tok/s;     16 sec;
[2024-02-24 11:38:12,117 INFO] Step 200/10000; acc: 29.8; ppl: 138.4; xent: 4.9; lr: 1.00000; sents:    3200; bsz:  306/ 195/64; 30521/19411 tok/s;     17 sec;
[2024-02-24 11:38:16,081 INFO] valid stats calculation
                           took: 3.963992118835449 s.
[2024-02-24 11:38:16,081 INFO] Train perplexity: 1082.45
[2024-02-24 11:38:16,081 INFO] Train accuracy: 24.8645
[2024-02-24 11:38:16,081 INFO] Sentences processed: 12800
[2024-02-24 11:38:16,081 INFO] Average bsz:  301/ 211/64
[2024-02-24 11:38:16,081 INFO] Validation perplexity: 772.419
[2024-02-24 11:38:16,081 INFO] Validation accuracy: 13.9863
[2024-02-24 11:38:16,082 INFO] Saving checkpoint tg-both/tg_03_step_200.pt
[2024-02-24 11:38:16,721 INFO] Step 250/10000; acc: 21.0; ppl: 258.2; xent: 5.6; lr: 1.00000; sents:    3200; bsz:  352/ 258/64; 3819/2800 tok/s;     22 sec;
[2024-02-24 11:38:17,337 INFO] Step 300/10000; acc: 24.0; ppl: 249.1; xent: 5.5; lr: 1.00000; sents:    3200; bsz:  332/ 218/64; 26977/17735 tok/s;     22 sec;
[2024-02-24 11:38:18,040 INFO] Step 350/10000; acc: 24.8; ppl: 170.7; xent: 5.1; lr: 1.00000; sents:    3200; bsz:  331/ 227/64; 23525/16172 tok/s;     23 sec;
[2024-02-24 11:38:18,687 INFO] Step 400/10000; acc: 27.8; ppl: 113.8; xent: 4.7; lr: 1.00000; sents:    3200; bsz:  284/ 218/64; 21959/16822 tok/s;     24 sec;
[2024-02-24 11:38:22,739 INFO] valid stats calculation
                           took: 4.051431894302368 s.
[2024-02-24 11:38:22,739 INFO] Train perplexity: 437.355
[2024-02-24 11:38:22,739 INFO] Train accuracy: 24.5527
[2024-02-24 11:38:22,739 INFO] Sentences processed: 25600
[2024-02-24 11:38:22,739 INFO] Average bsz:  313/ 221/64
[2024-02-24 11:38:22,739 INFO] Validation perplexity: 371.089
[2024-02-24 11:38:22,739 INFO] Validation accuracy: 15.4819
[2024-02-24 11:38:22,740 INFO] Saving checkpoint tg-both/tg_03_step_400.pt
[2024-02-24 11:38:23,366 INFO] Step 450/10000; acc: 30.3; ppl: 112.1; xent: 4.7; lr: 1.00000; sents:    3200; bsz:  283/ 204/64; 3023/2179 tok/s;     28 sec;
[2024-02-24 11:38:24,033 INFO] Step 500/10000; acc: 29.5; ppl: 107.2; xent: 4.7; lr: 1.00000; sents:    3200; bsz:  280/ 220/64; 21016/16503 tok/s;     29 sec;
[2024-02-24 11:38:24,773 INFO] Step 550/10000; acc: 25.6; ppl: 129.0; xent: 4.9; lr: 1.00000; sents:    3200; bsz:  335/ 250/64; 22660/16902 tok/s;     30 sec;
[2024-02-24 11:38:25,478 INFO] Step 600/10000; acc: 26.9; ppl: 123.9; xent: 4.8; lr: 1.00000; sents:    3200; bsz:  329/ 235/64; 23333/16681 tok/s;     30 sec;
[2024-02-24 11:38:29,625 INFO] valid stats calculation
                           took: 4.1467344760894775 s.
[2024-02-24 11:38:29,626 INFO] Train perplexity: 280.411
[2024-02-24 11:38:29,626 INFO] Train accuracy: 25.7002
[2024-02-24 11:38:29,626 INFO] Sentences processed: 38400
[2024-02-24 11:38:29,626 INFO] Average bsz:  311/ 223/64
[2024-02-24 11:38:29,626 INFO] Validation perplexity: 330.477
[2024-02-24 11:38:29,626 INFO] Validation accuracy: 14.8726
[2024-02-24 11:38:29,627 INFO] Saving checkpoint tg-both/tg_03_step_600.pt
[2024-02-24 11:38:30,293 INFO] Step 650/10000; acc: 33.0; ppl:  83.2; xent: 4.4; lr: 1.00000; sents:    3200; bsz:  305/ 198/64; 3164/2060 tok/s;     35 sec;
[2024-02-24 11:38:30,955 INFO] Step 700/10000; acc: 27.9; ppl: 104.4; xent: 4.6; lr: 1.00000; sents:    3200; bsz:  308/ 225/64; 23283/17029 tok/s;     36 sec;
[2024-02-24 11:38:31,566 INFO] Step 750/10000; acc: 38.2; ppl:  52.9; xent: 4.0; lr: 1.00000; sents:    3200; bsz:  252/ 178/64; 20611/14543 tok/s;     36 sec;
[2024-02-24 11:38:32,206 INFO] Step 800/10000; acc: 34.6; ppl:  61.0; xent: 4.1; lr: 1.00000; sents:    3200; bsz:  250/ 198/64; 19506/15505 tok/s;     37 sec;
[2024-02-24 11:38:36,239 INFO] valid stats calculation
                           took: 4.032481670379639 s.
[2024-02-24 11:38:36,240 INFO] Train perplexity: 206.531
[2024-02-24 11:38:36,240 INFO] Train accuracy: 27.4081
[2024-02-24 11:38:36,240 INFO] Sentences processed: 51200
[2024-02-24 11:38:36,240 INFO] Average bsz:  303/ 217/64
[2024-02-24 11:38:36,240 INFO] Validation perplexity: 582.844
[2024-02-24 11:38:36,240 INFO] Validation accuracy: 15.7219
[2024-02-24 11:38:36,241 INFO] Saving checkpoint tg-both/tg_03_step_800.pt
[2024-02-24 11:38:36,877 INFO] Step 850/10000; acc: 30.0; ppl:  94.5; xent: 4.5; lr: 1.00000; sents:    3200; bsz:  320/ 216/64; 3426/2315 tok/s;     42 sec;
[2024-02-24 11:38:37,554 INFO] Step 900/10000; acc: 33.1; ppl:  66.0; xent: 4.2; lr: 1.00000; sents:    3200; bsz:  282/ 202/64; 20799/14937 tok/s;     42 sec;
[2024-02-24 11:38:38,230 INFO] Step 950/10000; acc: 33.0; ppl:  68.3; xent: 4.2; lr: 1.00000; sents:    3200; bsz:  287/ 202/64; 21232/14925 tok/s;     43 sec;
[2024-02-24 11:38:38,873 INFO] Step 1000/10000; acc: 36.7; ppl:  57.5; xent: 4.1; lr: 1.00000; sents:    3200; bsz:  296/ 189/64; 22970/14648 tok/s;     44 sec;
[2024-02-24 11:38:42,829 INFO] valid stats calculation
                           took: 3.955300807952881 s.
[2024-02-24 11:38:42,829 INFO] Train perplexity: 168.826
[2024-02-24 11:38:42,829 INFO] Train accuracy: 28.4797
[2024-02-24 11:38:42,829 INFO] Sentences processed: 64000
[2024-02-24 11:38:42,829 INFO] Average bsz:  301/ 214/64
[2024-02-24 11:38:42,829 INFO] Validation perplexity: 1908.83
[2024-02-24 11:38:42,830 INFO] Validation accuracy: 14.7803
[2024-02-24 11:38:42,830 INFO] Saving checkpoint tg-both/tg_03_step_1000.pt
[2024-02-24 11:38:43,463 INFO] Step 1050/10000; acc: 31.5; ppl:  83.5; xent: 4.4; lr: 1.00000; sents:    3200; bsz:  316/ 210/64; 3438/2291 tok/s;     48 sec;
[2024-02-24 11:38:44,093 INFO] Step 1100/10000; acc: 33.2; ppl:  63.1; xent: 4.1; lr: 1.00000; sents:    3200; bsz:  271/ 206/64; 21569/16380 tok/s;     49 sec;
[2024-02-24 11:38:44,731 INFO] Step 1150/10000; acc: 35.5; ppl:  52.4; xent: 4.0; lr: 1.00000; sents:    3200; bsz:  293/ 198/64; 22950/15463 tok/s;     50 sec;
[2024-02-24 11:38:45,352 INFO] Step 1200/10000; acc: 35.1; ppl:  53.2; xent: 4.0; lr: 1.00000; sents:    3200; bsz:  274/ 201/64; 22067/16220 tok/s;     50 sec;
[2024-02-24 11:38:49,304 INFO] valid stats calculation
                           took: 3.951117515563965 s.
[2024-02-24 11:38:49,304 INFO] Train perplexity: 143.9
[2024-02-24 11:38:49,304 INFO] Train accuracy: 29.3319
[2024-02-24 11:38:49,304 INFO] Sentences processed: 76800
[2024-02-24 11:38:49,304 INFO] Average bsz:  299/ 212/64
[2024-02-24 11:38:49,304 INFO] Validation perplexity: 336.116
[2024-02-24 11:38:49,304 INFO] Validation accuracy: 15.2142
[2024-02-24 11:38:49,305 INFO] Saving checkpoint tg-both/tg_03_step_1200.pt
[2024-02-24 11:38:50,031 INFO] Step 1250/10000; acc: 27.5; ppl:  93.4; xent: 4.5; lr: 1.00000; sents:    3200; bsz:  346/ 256/64; 3694/2741 tok/s;     55 sec;
[2024-02-24 11:38:50,687 INFO] Step 1300/10000; acc: 33.5; ppl:  55.9; xent: 4.0; lr: 1.00000; sents:    3200; bsz:  310/ 215/64; 23629/16404 tok/s;     56 sec;
[2024-02-24 11:38:51,357 INFO] Step 1350/10000; acc: 31.3; ppl:  63.1; xent: 4.1; lr: 1.00000; sents:    3200; bsz:  282/ 212/64; 21026/15856 tok/s;     56 sec;
[2024-02-24 11:38:52,022 INFO] Step 1400/10000; acc: 30.4; ppl:  72.2; xent: 4.3; lr: 1.00000; sents:    3200; bsz:  323/ 223/64; 24231/16733 tok/s;     57 sec;
[2024-02-24 11:38:55,948 INFO] valid stats calculation
                           took: 3.9256911277770996 s.
[2024-02-24 11:38:55,949 INFO] Train perplexity: 129.294
[2024-02-24 11:38:55,949 INFO] Train accuracy: 29.5105
[2024-02-24 11:38:55,949 INFO] Sentences processed: 89600
[2024-02-24 11:38:55,949 INFO] Average bsz:  301/ 215/64
[2024-02-24 11:38:55,949 INFO] Validation perplexity: 227.079
[2024-02-24 11:38:55,949 INFO] Validation accuracy: 16.7836
[2024-02-24 11:38:55,950 INFO] Saving checkpoint tg-both/tg_03_step_1400.pt
[2024-02-24 11:38:56,583 INFO] Step 1450/10000; acc: 32.9; ppl:  58.5; xent: 4.1; lr: 1.00000; sents:    3200; bsz:  297/ 213/64; 3260/2340 tok/s;     61 sec;
[2024-02-24 11:38:57,411 INFO] Step 1500/10000; acc: 26.7; ppl: 112.8; xent: 4.7; lr: 1.00000; sents:    3200; bsz:  370/ 273/64; 22376/16477 tok/s;     62 sec;
[2024-02-24 11:38:58,087 INFO] Step 1550/10000; acc: 31.9; ppl:  58.4; xent: 4.1; lr: 1.00000; sents:    3200; bsz:  311/ 230/64; 23007/17022 tok/s;     63 sec;
[2024-02-24 11:38:58,744 INFO] Step 1600/10000; acc: 32.5; ppl:  53.4; xent: 4.0; lr: 1.00000; sents:    3200; bsz:  323/ 221/64; 24542/16786 tok/s;     64 sec;
[2024-02-24 11:39:02,686 INFO] valid stats calculation
                           took: 3.9410483837127686 s.
[2024-02-24 11:39:02,686 INFO] Train perplexity: 118.851
[2024-02-24 11:39:02,686 INFO] Train accuracy: 29.6748
[2024-02-24 11:39:02,686 INFO] Sentences processed: 102400
[2024-02-24 11:39:02,686 INFO] Average bsz:  304/ 217/64
[2024-02-24 11:39:02,686 INFO] Validation perplexity: 253.131
[2024-02-24 11:39:02,686 INFO] Validation accuracy: 16.1743
[2024-02-24 11:39:02,687 INFO] Saving checkpoint tg-both/tg_03_step_1600.pt
[2024-02-24 11:39:03,299 INFO] Step 1650/10000; acc: 31.2; ppl:  58.5; xent: 4.1; lr: 1.00000; sents:    3200; bsz:  320/ 221/64; 3513/2427 tok/s;     68 sec;
[2024-02-24 11:39:03,989 INFO] Step 1700/10000; acc: 34.9; ppl:  46.8; xent: 3.8; lr: 1.00000; sents:    3200; bsz:  320/ 207/64; 23189/14989 tok/s;     69 sec;
[2024-02-24 11:39:04,688 INFO] Step 1750/10000; acc: 32.7; ppl:  53.6; xent: 4.0; lr: 1.00000; sents:    3200; bsz:  291/ 221/64; 20845/15802 tok/s;     70 sec;
[2024-02-24 11:39:05,318 INFO] Step 1800/10000; acc: 36.5; ppl:  37.9; xent: 3.6; lr: 1.00000; sents:    3200; bsz:  305/ 201/64; 24178/15916 tok/s;     70 sec;
[2024-02-24 11:39:09,243 INFO] valid stats calculation
                           took: 3.9246156215667725 s.
[2024-02-24 11:39:09,244 INFO] Train perplexity: 107.879
[2024-02-24 11:39:09,244 INFO] Train accuracy: 30.1177
[2024-02-24 11:39:09,244 INFO] Sentences processed: 115200
[2024-02-24 11:39:09,244 INFO] Average bsz:  305/ 216/64
[2024-02-24 11:39:09,244 INFO] Validation perplexity: 357.316
[2024-02-24 11:39:09,244 INFO] Validation accuracy: 16.7374
[2024-02-24 11:39:09,245 INFO] Saving checkpoint tg-both/tg_03_step_1800.pt
[2024-02-24 11:39:09,851 INFO] Step 1850/10000; acc: 36.5; ppl:  37.3; xent: 3.6; lr: 1.00000; sents:    3200; bsz:  285/ 201/64; 3148/2220 tok/s;     75 sec;
[2024-02-24 11:39:10,493 INFO] Step 1900/10000; acc: 34.7; ppl:  41.6; xent: 3.7; lr: 1.00000; sents:    3200; bsz:  307/ 213/64; 23953/16642 tok/s;     75 sec;
[2024-02-24 11:39:11,156 INFO] Step 1950/10000; acc: 35.6; ppl:  38.8; xent: 3.7; lr: 1.00000; sents:    3200; bsz:  320/ 204/64; 24153/15409 tok/s;     76 sec;
[2024-02-24 11:39:11,776 INFO] Step 2000/10000; acc: 40.4; ppl:  25.4; xent: 3.2; lr: 1.00000; sents:    3200; bsz:  265/ 194/64; 21385/15651 tok/s;     77 sec;
[2024-02-24 11:39:15,738 INFO] valid stats calculation
                           took: 3.961672306060791 s.
[2024-02-24 11:39:15,738 INFO] Train perplexity: 97.0926
[2024-02-24 11:39:15,738 INFO] Train accuracy: 30.7441
[2024-02-24 11:39:15,739 INFO] Sentences processed: 128000
[2024-02-24 11:39:15,739 INFO] Average bsz:  304/ 215/64
[2024-02-24 11:39:15,739 INFO] Validation perplexity: 716.195
[2024-02-24 11:39:15,739 INFO] Validation accuracy: 16.2758
[2024-02-24 11:39:15,739 INFO] Saving checkpoint tg-both/tg_03_step_2000.pt
[2024-02-24 11:39:16,350 INFO] Step 2050/10000; acc: 36.4; ppl:  34.0; xent: 3.5; lr: 1.00000; sents:    3200; bsz:  279/ 205/64; 3050/2239 tok/s;     81 sec;
[2024-02-24 11:39:16,962 INFO] Step 2100/10000; acc: 33.5; ppl:  40.3; xent: 3.7; lr: 1.00000; sents:    3200; bsz:  315/ 228/64; 25763/18687 tok/s;     82 sec;
[2024-02-24 11:39:17,723 INFO] Step 2150/10000; acc: 30.3; ppl:  63.8; xent: 4.2; lr: 1.00000; sents:    3200; bsz:  367/ 247/64; 24138/16231 tok/s;     83 sec;
[2024-02-24 11:39:18,404 INFO] Step 2200/10000; acc: 35.6; ppl:  34.7; xent: 3.5; lr: 1.00000; sents:    3200; bsz:  299/ 218/64; 21935/15996 tok/s;     83 sec;
[2024-02-24 11:39:22,354 INFO] valid stats calculation
                           took: 3.9501423835754395 s.
[2024-02-24 11:39:22,355 INFO] Train perplexity: 89.7893
[2024-02-24 11:39:22,355 INFO] Train accuracy: 31.0294
[2024-02-24 11:39:22,355 INFO] Sentences processed: 140800
[2024-02-24 11:39:22,355 INFO] Average bsz:  305/ 216/64
[2024-02-24 11:39:22,355 INFO] Validation perplexity: 294.421
[2024-02-24 11:39:22,355 INFO] Validation accuracy: 16.7559
[2024-02-24 11:39:22,356 INFO] Saving checkpoint tg-both/tg_03_step_2200.pt
[2024-02-24 11:39:22,982 INFO] Step 2250/10000; acc: 39.6; ppl:  25.4; xent: 3.2; lr: 1.00000; sents:    3200; bsz:  283/ 197/64; 3089/2155 tok/s;     88 sec;
[2024-02-24 11:39:23,768 INFO] Step 2300/10000; acc: 27.4; ppl:  80.1; xent: 4.4; lr: 1.00000; sents:    3195; bsz:  400/ 274/64; 25424/17458 tok/s;     89 sec;
[2024-02-24 11:39:24,422 INFO] Step 2350/10000; acc: 38.3; ppl:  28.4; xent: 3.3; lr: 1.00000; sents:    3200; bsz:  303/ 209/64; 23181/15976 tok/s;     89 sec;
[2024-02-24 11:39:25,202 INFO] Step 2400/10000; acc: 31.7; ppl:  55.0; xent: 4.0; lr: 1.00000; sents:    3200; bsz:  346/ 247/64; 22213/15852 tok/s;     90 sec;
[2024-02-24 11:39:29,149 INFO] valid stats calculation
                           took: 3.946788787841797 s.
[2024-02-24 11:39:29,149 INFO] Train perplexity: 84.4316
[2024-02-24 11:39:29,149 INFO] Train accuracy: 31.2572
[2024-02-24 11:39:29,150 INFO] Sentences processed: 153595
[2024-02-24 11:39:29,150 INFO] Average bsz:  307/ 217/64
[2024-02-24 11:39:29,150 INFO] Validation perplexity: 228.336
[2024-02-24 11:39:29,150 INFO] Validation accuracy: 17.2544
[2024-02-24 11:39:29,151 INFO] Saving checkpoint tg-both/tg_03_step_2400.pt
[2024-02-24 11:39:29,733 INFO] Step 2450/10000; acc: 42.5; ppl:  20.1; xent: 3.0; lr: 1.00000; sents:    3200; bsz:  269/ 190/64; 2967/2098 tok/s;     95 sec;
[2024-02-24 11:39:30,377 INFO] Step 2500/10000; acc: 37.2; ppl:  25.4; xent: 3.2; lr: 1.00000; sents:    3200; bsz:  301/ 216/64; 23342/16780 tok/s;     95 sec;
[2024-02-24 11:39:31,085 INFO] Step 2550/10000; acc: 38.7; ppl:  21.9; xent: 3.1; lr: 1.00000; sents:    3200; bsz:  303/ 221/64; 21428/15641 tok/s;     96 sec;
[2024-02-24 11:39:31,935 INFO] Step 2600/10000; acc: 29.6; ppl:  52.9; xent: 4.0; lr: 1.00000; sents:    3155; bsz:  378/ 277/63; 22224/16293 tok/s;     97 sec;
[2024-02-24 11:39:35,873 INFO] valid stats calculation
                           took: 3.9380409717559814 s.
[2024-02-24 11:39:35,874 INFO] Train perplexity: 77.5614
[2024-02-24 11:39:35,874 INFO] Train accuracy: 31.6637
[2024-02-24 11:39:35,874 INFO] Sentences processed: 166350
[2024-02-24 11:39:35,874 INFO] Average bsz:  308/ 218/64
[2024-02-24 11:39:35,874 INFO] Validation perplexity: 251.332
[2024-02-24 11:39:35,874 INFO] Validation accuracy: 16.9775
[2024-02-24 11:39:35,875 INFO] Saving checkpoint tg-both/tg_03_step_2600.pt
[2024-02-24 11:39:36,509 INFO] Step 2650/10000; acc: 39.6; ppl:  21.7; xent: 3.1; lr: 1.00000; sents:    3200; bsz:  324/ 216/64; 3541/2362 tok/s;    101 sec;
[2024-02-24 11:39:37,213 INFO] Step 2700/10000; acc: 34.8; ppl:  37.2; xent: 3.6; lr: 1.00000; sents:    3200; bsz:  358/ 237/64; 25423/16848 tok/s;    102 sec;
[2024-02-24 11:39:37,877 INFO] Step 2750/10000; acc: 40.4; ppl:  20.1; xent: 3.0; lr: 1.00000; sents:    3200; bsz:  294/ 212/64; 22165/16000 tok/s;    103 sec;
[2024-02-24 11:39:38,607 INFO] Step 2800/10000; acc: 38.8; ppl:  22.8; xent: 3.1; lr: 1.00000; sents:    3200; bsz:  319/ 235/64; 21836/16105 tok/s;    103 sec;
[2024-02-24 11:39:42,508 INFO] valid stats calculation
                           took: 3.901078224182129 s.
[2024-02-24 11:39:42,509 INFO] Train perplexity: 71.3304
[2024-02-24 11:39:42,509 INFO] Train accuracy: 32.1524
[2024-02-24 11:39:42,509 INFO] Sentences processed: 179150
[2024-02-24 11:39:42,509 INFO] Average bsz:  309/ 219/64
[2024-02-24 11:39:42,509 INFO] Validation perplexity: 281.887
[2024-02-24 11:39:42,509 INFO] Validation accuracy: 17.3744
[2024-02-24 11:39:42,510 INFO] Saving checkpoint tg-both/tg_03_step_2800.pt
[2024-02-24 11:39:43,112 INFO] Step 2850/10000; acc: 47.1; ppl:  13.8; xent: 2.6; lr: 1.00000; sents:    3200; bsz:  294/ 194/64; 3267/2151 tok/s;    108 sec;
[2024-02-24 11:39:43,789 INFO] Step 2900/10000; acc: 41.1; ppl:  19.8; xent: 3.0; lr: 1.00000; sents:    3200; bsz:  326/ 228/64; 24084/16861 tok/s;    109 sec;
[2024-02-24 11:39:44,455 INFO] Step 2950/10000; acc: 42.8; ppl:  15.9; xent: 2.8; lr: 1.00000; sents:    3200; bsz:  296/ 214/64; 22222/16048 tok/s;    109 sec;
[2024-02-24 11:39:45,099 INFO] Step 3000/10000; acc: 46.2; ppl:  12.0; xent: 2.5; lr: 1.00000; sents:    3200; bsz:  278/ 206/64; 21564/15996 tok/s;    110 sec;
[2024-02-24 11:39:49,041 INFO] valid stats calculation
                           took: 3.941593647003174 s.
[2024-02-24 11:39:49,041 INFO] Train perplexity: 64.5874
[2024-02-24 11:39:49,041 INFO] Train accuracy: 32.9246
[2024-02-24 11:39:49,041 INFO] Sentences processed: 191950
[2024-02-24 11:39:49,041 INFO] Average bsz:  308/ 218/64
[2024-02-24 11:39:49,041 INFO] Validation perplexity: 321.288
[2024-02-24 11:39:49,041 INFO] Validation accuracy: 17.1621
[2024-02-24 11:39:49,042 INFO] Saving checkpoint tg-both/tg_03_step_3000.pt
[2024-02-24 11:39:49,685 INFO] Step 3050/10000; acc: 45.2; ppl:  13.2; xent: 2.6; lr: 1.00000; sents:    3200; bsz:  310/ 209/64; 3384/2281 tok/s;    115 sec;
[2024-02-24 11:39:50,304 INFO] Step 3100/10000; acc: 46.1; ppl:  12.5; xent: 2.5; lr: 1.00000; sents:    3200; bsz:  302/ 215/64; 24379/17337 tok/s;    115 sec;
[2024-02-24 11:39:50,960 INFO] Step 3150/10000; acc: 48.0; ppl:  11.5; xent: 2.4; lr: 1.00000; sents:    3200; bsz:  288/ 210/64; 22006/16054 tok/s;    116 sec;
[2024-02-24 11:39:51,610 INFO] Step 3200/10000; acc: 50.1; ppl:   9.6; xent: 2.3; lr: 1.00000; sents:    3200; bsz:  280/ 206/64; 21544/15812 tok/s;    116 sec;
[2024-02-24 11:39:55,752 INFO] valid stats calculation
                           took: 4.140984296798706 s.
[2024-02-24 11:39:55,752 INFO] Train perplexity: 58.2335
[2024-02-24 11:39:55,752 INFO] Train accuracy: 33.7941
[2024-02-24 11:39:55,752 INFO] Sentences processed: 204750
[2024-02-24 11:39:55,752 INFO] Average bsz:  307/ 217/64
[2024-02-24 11:39:55,752 INFO] Validation perplexity: 339.699
[2024-02-24 11:39:55,752 INFO] Validation accuracy: 16.7097
[2024-02-24 11:39:55,753 INFO] Saving checkpoint tg-both/tg_03_step_3200.pt
[2024-02-24 11:39:56,401 INFO] Step 3250/10000; acc: 39.1; ppl:  25.5; xent: 3.2; lr: 1.00000; sents:    3200; bsz:  352/ 259/64; 3674/2700 tok/s;    121 sec;
[2024-02-24 11:39:57,081 INFO] Step 3300/10000; acc: 46.4; ppl:  14.2; xent: 2.7; lr: 1.00000; sents:    3200; bsz:  313/ 222/64; 22974/16342 tok/s;    122 sec;
[2024-02-24 11:39:57,933 INFO] Step 3350/10000; acc: 39.3; ppl:  23.3; xent: 3.2; lr: 1.00000; sents:    3200; bsz:  344/ 272/64; 20212/15948 tok/s;    123 sec;
[2024-02-24 11:39:58,642 INFO] Step 3400/10000; acc: 51.4; ppl:  10.1; xent: 2.3; lr: 1.00000; sents:    3200; bsz:  309/ 221/64; 21798/15621 tok/s;    124 sec;
[2024-02-24 11:40:02,780 INFO] valid stats calculation
                           took: 4.137118577957153 s.
[2024-02-24 11:40:02,780 INFO] Train perplexity: 53.8551
[2024-02-24 11:40:02,780 INFO] Train accuracy: 34.4353
[2024-02-24 11:40:02,780 INFO] Sentences processed: 217550
[2024-02-24 11:40:02,780 INFO] Average bsz:  309/ 219/64
[2024-02-24 11:40:02,780 INFO] Validation perplexity: 473.579
[2024-02-24 11:40:02,780 INFO] Validation accuracy: 17.9007
[2024-02-24 11:40:02,781 INFO] Saving checkpoint tg-both/tg_03_step_3400.pt
[2024-02-24 11:40:03,288 INFO] Step 3450/10000; acc: 56.3; ppl:   6.4; xent: 1.9; lr: 1.00000; sents:    3200; bsz:  291/ 206/64; 3127/2218 tok/s;    128 sec;
[2024-02-24 11:40:06,425 INFO] Step 3500/10000; acc: 52.8; ppl:   9.9; xent: 2.3; lr: 1.00000; sents:    3200; bsz:  318/ 209/64; 5077/3333 tok/s;    131 sec;
[2024-02-24 11:40:07,242 INFO] Step 3550/10000; acc: 51.0; ppl:   9.7; xent: 2.3; lr: 1.00000; sents:    3155; bsz:  336/ 248/63; 20566/15170 tok/s;    132 sec;
[2024-02-24 11:40:07,826 INFO] Step 3600/10000; acc: 42.5; ppl:  23.5; xent: 3.2; lr: 1.00000; sents:    3200; bsz:  398/ 263/64; 34075/22498 tok/s;    133 sec;
[2024-02-24 11:40:11,800 INFO] valid stats calculation
                           took: 3.973594903945923 s.
[2024-02-24 11:40:11,800 INFO] Train perplexity: 49.1797
[2024-02-24 11:40:11,800 INFO] Train accuracy: 35.3553
[2024-02-24 11:40:11,800 INFO] Sentences processed: 230305
[2024-02-24 11:40:11,800 INFO] Average bsz:  310/ 220/64
[2024-02-24 11:40:11,800 INFO] Validation perplexity: 306.295
[2024-02-24 11:40:11,800 INFO] Validation accuracy: 15.8604
[2024-02-24 11:40:11,801 INFO] Saving checkpoint tg-both/tg_03_step_3600.pt
[2024-02-24 11:40:12,537 INFO] Step 3650/10000; acc: 43.0; ppl:  19.6; xent: 3.0; lr: 1.00000; sents:    3200; bsz:  354/ 267/64; 3752/2834 tok/s;    137 sec;
[2024-02-24 11:40:13,227 INFO] Step 3700/10000; acc: 53.8; ppl:   8.1; xent: 2.1; lr: 1.00000; sents:    3200; bsz:  350/ 233/64; 25378/16903 tok/s;    138 sec;
[2024-02-24 11:40:13,719 INFO] Step 3750/10000; acc: 61.4; ppl:   4.5; xent: 1.5; lr: 1.00000; sents:    3200; bsz:  305/ 209/64; 30948/21195 tok/s;    139 sec;
[2024-02-24 11:40:14,209 INFO] Step 3800/10000; acc: 58.0; ppl:   5.8; xent: 1.8; lr: 1.00000; sents:    3200; bsz:  338/ 242/64; 34479/24733 tok/s;    139 sec;
[2024-02-24 11:40:18,225 INFO] valid stats calculation
                           took: 4.0150134563446045 s.
[2024-02-24 11:40:18,225 INFO] Train perplexity: 44.4753
[2024-02-24 11:40:18,225 INFO] Train accuracy: 36.3861
[2024-02-24 11:40:18,225 INFO] Sentences processed: 243105
[2024-02-24 11:40:18,225 INFO] Average bsz:  312/ 221/64
[2024-02-24 11:40:18,225 INFO] Validation perplexity: 412.927
[2024-02-24 11:40:18,225 INFO] Validation accuracy: 17.4206
[2024-02-24 11:40:18,226 INFO] Saving checkpoint tg-both/tg_03_step_3800.pt
[2024-02-24 11:40:18,916 INFO] Step 3850/10000; acc: 63.5; ppl:   4.1; xent: 1.4; lr: 1.00000; sents:    3200; bsz:  269/ 202/64; 2856/2149 tok/s;    144 sec;
[2024-02-24 11:40:19,574 INFO] Step 3900/10000; acc: 59.7; ppl:   6.5; xent: 1.9; lr: 1.00000; sents:    3200; bsz:  273/ 204/64; 20764/15543 tok/s;    144 sec;
[2024-02-24 11:40:20,129 INFO] Step 3950/10000; acc: 60.3; ppl:   7.3; xent: 2.0; lr: 1.00000; sents:    3200; bsz:  297/ 221/64; 26746/19885 tok/s;    145 sec;
[2024-02-24 11:40:20,579 INFO] Step 4000/10000; acc: 70.8; ppl:   3.0; xent: 1.1; lr: 1.00000; sents:    3200; bsz:  311/ 204/64; 34527/22643 tok/s;    145 sec;
[2024-02-24 11:40:24,653 INFO] valid stats calculation
                           took: 4.073008060455322 s.
[2024-02-24 11:40:24,653 INFO] Train perplexity: 40.1055
[2024-02-24 11:40:24,653 INFO] Train accuracy: 37.6676
[2024-02-24 11:40:24,653 INFO] Sentences processed: 255905
[2024-02-24 11:40:24,653 INFO] Average bsz:  310/ 220/64
[2024-02-24 11:40:24,653 INFO] Validation perplexity: 472.118
[2024-02-24 11:40:24,653 INFO] Validation accuracy: 17.2637
[2024-02-24 11:40:24,654 INFO] Saving checkpoint tg-both/tg_03_step_4000.pt
[2024-02-24 11:40:25,374 INFO] Step 4050/10000; acc: 70.6; ppl:   3.4; xent: 1.2; lr: 1.00000; sents:    3200; bsz:  275/ 195/64; 2870/2037 tok/s;    150 sec;
[2024-02-24 11:40:26,062 INFO] Step 4100/10000; acc: 61.2; ppl:   6.9; xent: 1.9; lr: 1.00000; sents:    3200; bsz:  335/ 232/64; 24362/16877 tok/s;    151 sec;
[2024-02-24 11:40:26,576 INFO] Step 4150/10000; acc: 74.1; ppl:   2.6; xent: 0.9; lr: 1.00000; sents:    3200; bsz:  288/ 195/64; 28043/19020 tok/s;    151 sec;
[2024-02-24 11:40:27,075 INFO] Step 4200/10000; acc: 70.9; ppl:   3.7; xent: 1.3; lr: 1.00000; sents:    3200; bsz:  316/ 212/64; 31673/21281 tok/s;    152 sec;
[2024-02-24 11:40:31,150 INFO] valid stats calculation
                           took: 4.075449466705322 s.
[2024-02-24 11:40:31,151 INFO] Train perplexity: 36.1144
[2024-02-24 11:40:31,151 INFO] Train accuracy: 39.082
[2024-02-24 11:40:31,151 INFO] Sentences processed: 268705
[2024-02-24 11:40:31,151 INFO] Average bsz:  310/ 219/64
[2024-02-24 11:40:31,151 INFO] Validation perplexity: 1745.32
[2024-02-24 11:40:31,151 INFO] Validation accuracy: 14.9742
[2024-02-24 11:40:31,152 INFO] Saving checkpoint tg-both/tg_03_step_4200.pt
[2024-02-24 11:40:31,904 INFO] Step 4250/10000; acc: 70.3; ppl:   4.0; xent: 1.4; lr: 1.00000; sents:    3200; bsz:  305/ 221/64; 3155/2283 tok/s;    157 sec;
[2024-02-24 11:40:32,592 INFO] Step 4300/10000; acc: 64.4; ppl:   5.8; xent: 1.8; lr: 1.00000; sents:    3200; bsz:  306/ 245/64; 22245/17795 tok/s;    157 sec;
[2024-02-24 11:40:33,154 INFO] Step 4350/10000; acc: 64.6; ppl:   7.3; xent: 2.0; lr: 1.00000; sents:    3200; bsz:  325/ 236/64; 28891/21016 tok/s;    158 sec;
[2024-02-24 11:40:33,628 INFO] Step 4400/10000; acc: 78.8; ppl:   2.1; xent: 0.7; lr: 1.00000; sents:    3200; bsz:  308/ 229/64; 32544/24172 tok/s;    159 sec;
[2024-02-24 11:40:37,695 INFO] valid stats calculation
                           took: 4.066708087921143 s.
[2024-02-24 11:40:37,696 INFO] Train perplexity: 32.6305
[2024-02-24 11:40:37,696 INFO] Train accuracy: 40.5385
[2024-02-24 11:40:37,696 INFO] Sentences processed: 281505
[2024-02-24 11:40:37,696 INFO] Average bsz:  310/ 220/64
[2024-02-24 11:40:37,696 INFO] Validation perplexity: 552.725
[2024-02-24 11:40:37,696 INFO] Validation accuracy: 17.1621
[2024-02-24 11:40:37,697 INFO] Saving checkpoint tg-both/tg_03_step_4400.pt
[2024-02-24 11:40:38,448 INFO] Step 4450/10000; acc: 71.8; ppl:   4.3; xent: 1.5; lr: 1.00000; sents:    3200; bsz:  317/ 206/64; 3292/2138 tok/s;    163 sec;
[2024-02-24 11:40:39,091 INFO] Step 4500/10000; acc: 79.6; ppl:   2.5; xent: 0.9; lr: 1.00000; sents:    3200; bsz:  299/ 196/64; 23233/15282 tok/s;    164 sec;
[2024-02-24 11:40:39,565 INFO] Step 4550/10000; acc: 80.2; ppl:   2.0; xent: 0.7; lr: 1.00000; sents:    3200; bsz:  294/ 204/64; 31058/21471 tok/s;    164 sec;
[2024-02-24 11:40:40,087 INFO] Step 4600/10000; acc: 65.5; ppl:   6.5; xent: 1.9; lr: 1.00000; sents:    3200; bsz:  330/ 236/64; 31667/22640 tok/s;    165 sec;
[2024-02-24 11:40:44,216 INFO] valid stats calculation
                           took: 4.128891229629517 s.
[2024-02-24 11:40:44,217 INFO] Train perplexity: 29.7546
[2024-02-24 11:40:44,217 INFO] Train accuracy: 41.9272
[2024-02-24 11:40:44,217 INFO] Sentences processed: 294305
[2024-02-24 11:40:44,217 INFO] Average bsz:  310/ 220/64
[2024-02-24 11:40:44,217 INFO] Validation perplexity: 522.251
[2024-02-24 11:40:44,217 INFO] Validation accuracy: 16.6821
[2024-02-24 11:40:44,218 INFO] Saving checkpoint tg-both/tg_03_step_4600.pt
[2024-02-24 11:40:44,924 INFO] Step 4650/10000; acc: 82.6; ppl:   1.8; xent: 0.6; lr: 1.00000; sents:    3200; bsz:  292/ 220/64; 3017/2276 tok/s;    170 sec;
[2024-02-24 11:40:45,533 INFO] Step 4700/10000; acc: 83.7; ppl:   1.8; xent: 0.6; lr: 1.00000; sents:    3200; bsz:  269/ 201/64; 22101/16545 tok/s;    170 sec;
[2024-02-24 11:40:46,008 INFO] Step 4750/10000; acc: 84.7; ppl:   1.7; xent: 0.5; lr: 1.00000; sents:    3200; bsz:  262/ 189/64; 27613/19935 tok/s;    171 sec;
[2024-02-24 11:40:46,515 INFO] Step 4800/10000; acc: 65.8; ppl:   7.5; xent: 2.0; lr: 1.00000; sents:    3200; bsz:  352/ 244/64; 34716/24100 tok/s;    171 sec;
[2024-02-24 11:40:50,573 INFO] valid stats calculation
                           took: 4.057837009429932 s.
[2024-02-24 11:40:50,574 INFO] Train perplexity: 26.9923
[2024-02-24 11:40:50,574 INFO] Train accuracy: 43.4137
[2024-02-24 11:40:50,574 INFO] Sentences processed: 307105
[2024-02-24 11:40:50,574 INFO] Average bsz:  309/ 219/64
[2024-02-24 11:40:50,574 INFO] Validation perplexity: 501.647
[2024-02-24 11:40:50,574 INFO] Validation accuracy: 18.233
[2024-02-24 11:40:50,575 INFO] Saving checkpoint tg-both/tg_03_step_4800.pt
[2024-02-24 11:40:51,310 INFO] Step 4850/10000; acc: 84.9; ppl:   1.7; xent: 0.5; lr: 1.00000; sents:    3200; bsz:  297/ 205/64; 3097/2141 tok/s;    176 sec;
[2024-02-24 11:40:51,973 INFO] Step 4900/10000; acc: 86.1; ppl:   1.6; xent: 0.5; lr: 1.00000; sents:    3200; bsz:  312/ 216/64; 23555/16315 tok/s;    177 sec;
[2024-02-24 11:40:52,524 INFO] Step 4950/10000; acc: 73.9; ppl:   4.8; xent: 1.6; lr: 1.00000; sents:    3200; bsz:  329/ 233/64; 29862/21159 tok/s;    177 sec;
[2024-02-24 11:40:53,135 INFO] Step 5000/10000; acc: 70.4; ppl:   5.5; xent: 1.7; lr: 1.00000; sents:    3200; bsz:  342/ 245/64; 28031/20025 tok/s;    178 sec;
[2024-02-24 11:40:57,125 INFO] valid stats calculation
                           took: 3.9897680282592773 s.
[2024-02-24 11:40:57,125 INFO] Train perplexity: 24.6788
[2024-02-24 11:40:57,125 INFO] Train accuracy: 44.8462
[2024-02-24 11:40:57,125 INFO] Sentences processed: 319905
[2024-02-24 11:40:57,125 INFO] Average bsz:  310/ 220/64
[2024-02-24 11:40:57,125 INFO] Validation perplexity: 743.506
[2024-02-24 11:40:57,125 INFO] Validation accuracy: 17.4206
[2024-02-24 11:40:57,126 INFO] Saving checkpoint tg-both/tg_03_step_5000.pt
[2024-02-24 11:40:57,884 INFO] Step 5050/10000; acc: 72.5; ppl:   4.8; xent: 1.6; lr: 1.00000; sents:    3200; bsz:  330/ 231/64; 3477/2431 tok/s;    183 sec;
[2024-02-24 11:40:58,676 INFO] Step 5100/10000; acc: 62.0; ppl:  12.0; xent: 2.5; lr: 1.00000; sents:    3195; bsz:  419/ 278/64; 26503/17554 tok/s;    184 sec;
[2024-02-24 11:40:59,172 INFO] Step 5150/10000; acc: 79.9; ppl:   3.5; xent: 1.2; lr: 1.00000; sents:    3200; bsz:  334/ 223/64; 33683/22467 tok/s;    184 sec;
[2024-02-24 11:40:59,641 INFO] Step 5200/10000; acc: 83.0; ppl:   2.5; xent: 0.9; lr: 1.00000; sents:    3200; bsz:  273/ 208/64; 29090/22204 tok/s;    185 sec;
[2024-02-24 11:41:03,687 INFO] valid stats calculation
                           took: 4.0462470054626465 s.
[2024-02-24 11:41:03,688 INFO] Train perplexity: 23.1254
[2024-02-24 11:41:03,688 INFO] Train accuracy: 46.0209
[2024-02-24 11:41:03,688 INFO] Sentences processed: 332700
[2024-02-24 11:41:03,688 INFO] Average bsz:  311/ 220/64
[2024-02-24 11:41:03,688 INFO] Validation perplexity: 520.407
[2024-02-24 11:41:03,688 INFO] Validation accuracy: 16.6267
[2024-02-24 11:41:03,689 INFO] Saving checkpoint tg-both/tg_03_step_5200.pt
[2024-02-24 11:41:04,423 INFO] Step 5250/10000; acc: 90.1; ppl:   1.4; xent: 0.3; lr: 1.00000; sents:    3200; bsz:  266/ 201/64; 2784/2101 tok/s;    189 sec;
[2024-02-24 11:41:04,925 INFO] Step 5300/10000; acc: 84.2; ppl:   2.3; xent: 0.8; lr: 1.00000; sents:    3200; bsz:  300/ 207/64; 29812/20613 tok/s;    190 sec;
[2024-02-24 11:41:05,385 INFO] Step 5350/10000; acc: 90.4; ppl:   1.4; xent: 0.3; lr: 1.00000; sents:    3200; bsz:  291/ 198/64; 31591/21571 tok/s;    190 sec;
[2024-02-24 11:41:05,887 INFO] Step 5400/10000; acc: 85.1; ppl:   2.1; xent: 0.8; lr: 1.00000; sents:    3200; bsz:  321/ 226/64; 32004/22521 tok/s;    191 sec;
[2024-02-24 11:41:10,063 INFO] valid stats calculation
                           took: 4.175097465515137 s.
[2024-02-24 11:41:10,063 INFO] Train perplexity: 21.1386
[2024-02-24 11:41:10,063 INFO] Train accuracy: 47.4704
[2024-02-24 11:41:10,063 INFO] Sentences processed: 345500
[2024-02-24 11:41:10,063 INFO] Average bsz:  310/ 220/64
[2024-02-24 11:41:10,063 INFO] Validation perplexity: 871.854
[2024-02-24 11:41:10,063 INFO] Validation accuracy: 15.8604
[2024-02-24 11:41:10,064 INFO] Saving checkpoint tg-both/tg_03_step_5400.pt
[2024-02-24 11:41:10,740 INFO] Step 5450/10000; acc: 85.9; ppl:   2.1; xent: 0.7; lr: 1.00000; sents:    3200; bsz:  316/ 206/64; 3252/2125 tok/s;    196 sec;
[2024-02-24 11:41:11,274 INFO] Step 5500/10000; acc: 81.9; ppl:   3.0; xent: 1.1; lr: 1.00000; sents:    3200; bsz:  312/ 213/64; 29231/19947 tok/s;    196 sec;
[2024-02-24 11:41:11,721 INFO] Step 5550/10000; acc: 88.5; ppl:   1.6; xent: 0.5; lr: 1.00000; sents:    3200; bsz:  259/ 189/64; 28897/21168 tok/s;    197 sec;
[2024-02-24 11:41:12,185 INFO] Step 5600/10000; acc: 87.2; ppl:   1.9; xent: 0.6; lr: 1.00000; sents:    3200; bsz:  297/ 198/64; 32013/21359 tok/s;    197 sec;
[2024-02-24 11:41:16,200 INFO] valid stats calculation
                           took: 4.014435052871704 s.
[2024-02-24 11:41:16,200 INFO] Train perplexity: 19.5978
[2024-02-24 11:41:16,200 INFO] Train accuracy: 48.7287
[2024-02-24 11:41:16,200 INFO] Sentences processed: 358300
[2024-02-24 11:41:16,200 INFO] Average bsz:  310/ 219/64
[2024-02-24 11:41:16,200 INFO] Validation perplexity: 618.628
[2024-02-24 11:41:16,200 INFO] Validation accuracy: 16.1374
[2024-02-24 11:41:16,201 INFO] Saving checkpoint tg-both/tg_03_step_5600.pt
[2024-02-24 11:41:16,986 INFO] Step 5650/10000; acc: 80.2; ppl:   3.1; xent: 1.1; lr: 1.00000; sents:    3200; bsz:  318/ 234/64; 3312/2441 tok/s;    202 sec;
[2024-02-24 11:41:17,540 INFO] Step 5700/10000; acc: 90.7; ppl:   1.5; xent: 0.4; lr: 1.00000; sents:    3200; bsz:  303/ 234/64; 27397/21173 tok/s;    202 sec;
[2024-02-24 11:41:18,055 INFO] Step 5750/10000; acc: 80.1; ppl:   3.1; xent: 1.1; lr: 1.00000; sents:    3200; bsz:  330/ 234/64; 32087/22727 tok/s;    203 sec;
[2024-02-24 11:41:18,528 INFO] Step 5800/10000; acc: 85.1; ppl:   2.2; xent: 0.8; lr: 1.00000; sents:    3200; bsz:  268/ 209/64; 28267/22035 tok/s;    203 sec;
[2024-02-24 11:41:22,483 INFO] valid stats calculation
                           took: 3.9543697834014893 s.
[2024-02-24 11:41:22,483 INFO] Train perplexity: 18.1724
[2024-02-24 11:41:22,483 INFO] Train accuracy: 49.9921
[2024-02-24 11:41:22,483 INFO] Sentences processed: 371100
[2024-02-24 11:41:22,483 INFO] Average bsz:  310/ 219/64
[2024-02-24 11:41:22,483 INFO] Validation perplexity: 542.782
[2024-02-24 11:41:22,483 INFO] Validation accuracy: 17.7991
[2024-02-24 11:41:22,484 INFO] Saving checkpoint tg-both/tg_03_step_5800.pt
[2024-02-24 11:41:23,323 INFO] Step 5850/10000; acc: 87.6; ppl:   1.9; xent: 0.7; lr: 1.00000; sents:    3200; bsz:  279/ 227/64; 2906/2366 tok/s;    208 sec;
[2024-02-24 11:41:23,874 INFO] Step 5900/10000; acc: 94.1; ppl:   1.2; xent: 0.2; lr: 1.00000; sents:    3200; bsz:  298/ 214/64; 27083/19388 tok/s;    209 sec;
[2024-02-24 11:41:24,527 INFO] Step 5950/10000; acc: 72.8; ppl:   5.9; xent: 1.8; lr: 1.00000; sents:    3200; bsz:  375/ 281/64; 28719/21540 tok/s;    209 sec;
[2024-02-24 11:41:25,005 INFO] Step 6000/10000; acc: 84.3; ppl:   2.3; xent: 0.8; lr: 1.00000; sents:    3200; bsz:  305/ 203/64; 31895/21198 tok/s;    210 sec;
[2024-02-24 11:41:29,019 INFO] valid stats calculation
                           took: 4.013756036758423 s.
[2024-02-24 11:41:29,020 INFO] Train perplexity: 16.9639
[2024-02-24 11:41:29,020 INFO] Train accuracy: 51.1785
[2024-02-24 11:41:29,020 INFO] Sentences processed: 383900
[2024-02-24 11:41:29,020 INFO] Average bsz:  310/ 220/64
[2024-02-24 11:41:29,020 INFO] Validation perplexity: 722.25
[2024-02-24 11:41:29,020 INFO] Validation accuracy: 15.4727
[2024-02-24 11:41:29,021 INFO] Saving checkpoint tg-both/tg_03_step_6000.pt
[2024-02-24 11:41:29,780 INFO] Step 6050/10000; acc: 93.8; ppl:   1.3; xent: 0.2; lr: 1.00000; sents:    3200; bsz:  276/ 204/64; 2896/2132 tok/s;    215 sec;
[2024-02-24 11:41:30,313 INFO] Step 6100/10000; acc: 85.1; ppl:   2.4; xent: 0.9; lr: 1.00000; sents:    3200; bsz:  290/ 208/64; 27141/19479 tok/s;    215 sec;
[2024-02-24 11:41:30,813 INFO] Step 6150/10000; acc: 90.0; ppl:   1.8; xent: 0.6; lr: 1.00000; sents:    3200; bsz:  276/ 211/64; 27653/21096 tok/s;    216 sec;
[2024-02-24 11:41:31,280 INFO] Step 6200/10000; acc: 90.2; ppl:   1.6; xent: 0.5; lr: 1.00000; sents:    3200; bsz:  292/ 199/64; 31274/21319 tok/s;    216 sec;
[2024-02-24 11:41:35,288 INFO] valid stats calculation
                           took: 4.007314682006836 s.
[2024-02-24 11:41:35,288 INFO] Train perplexity: 15.829
[2024-02-24 11:41:35,288 INFO] Train accuracy: 52.3432
[2024-02-24 11:41:35,288 INFO] Sentences processed: 396700
[2024-02-24 11:41:35,288 INFO] Average bsz:  309/ 219/64
[2024-02-24 11:41:35,288 INFO] Validation perplexity: 836.692
[2024-02-24 11:41:35,289 INFO] Validation accuracy: 15.7773
[2024-02-24 11:41:35,289 INFO] Saving checkpoint tg-both/tg_03_step_6200.pt
[2024-02-24 11:41:36,056 INFO] Step 6250/10000; acc: 85.7; ppl:   2.4; xent: 0.9; lr: 1.00000; sents:    3200; bsz:  300/ 216/64; 3136/2261 tok/s;    221 sec;
[2024-02-24 11:41:36,546 INFO] Step 6300/10000; acc: 92.8; ppl:   1.4; xent: 0.3; lr: 1.00000; sents:    3200; bsz:  274/ 199/64; 27961/20299 tok/s;    221 sec;
[2024-02-24 11:41:37,033 INFO] Step 6350/10000; acc: 85.4; ppl:   2.5; xent: 0.9; lr: 1.00000; sents:    3200; bsz:  291/ 200/64; 29942/20601 tok/s;    222 sec;
[2024-02-24 11:41:37,501 INFO] Step 6400/10000; acc: 90.6; ppl:   1.8; xent: 0.6; lr: 1.00000; sents:    3200; bsz:  292/ 201/64; 31212/21494 tok/s;    222 sec;
[2024-02-24 11:41:41,574 INFO] valid stats calculation
                           took: 4.073119163513184 s.
[2024-02-24 11:41:41,575 INFO] Train perplexity: 14.8983
[2024-02-24 11:41:41,575 INFO] Train accuracy: 53.399
[2024-02-24 11:41:41,575 INFO] Sentences processed: 409500
[2024-02-24 11:41:41,575 INFO] Average bsz:  308/ 219/64
[2024-02-24 11:41:41,575 INFO] Validation perplexity: 505.752
[2024-02-24 11:41:41,575 INFO] Validation accuracy: 17.5406
[2024-02-24 11:41:41,576 INFO] Saving checkpoint tg-both/tg_03_step_6400.pt
[2024-02-24 11:41:42,400 INFO] Step 6450/10000; acc: 78.2; ppl:   4.2; xent: 1.4; lr: 1.00000; sents:    3200; bsz:  319/ 237/64; 3258/2423 tok/s;    227 sec;
[2024-02-24 11:41:43,058 INFO] Step 6500/10000; acc: 73.0; ppl:   5.8; xent: 1.8; lr: 1.00000; sents:    3200; bsz:  372/ 262/64; 28296/19876 tok/s;    228 sec;
[2024-02-24 11:41:43,529 INFO] Step 6550/10000; acc: 84.9; ppl:   2.5; xent: 0.9; lr: 1.00000; sents:    3200; bsz:  301/ 213/64; 31989/22643 tok/s;    228 sec;
[2024-02-24 11:41:43,978 INFO] Step 6600/10000; acc: 87.2; ppl:   2.1; xent: 0.7; lr: 1.00000; sents:    3200; bsz:  305/ 216/64; 33951/24097 tok/s;    229 sec;
[2024-02-24 11:41:48,167 INFO] valid stats calculation
                           took: 4.189112901687622 s.
[2024-02-24 11:41:48,168 INFO] Train perplexity: 14.2189
[2024-02-24 11:41:48,168 INFO] Train accuracy: 54.2634
[2024-02-24 11:41:48,168 INFO] Sentences processed: 422300
[2024-02-24 11:41:48,168 INFO] Average bsz:  309/ 219/64
[2024-02-24 11:41:48,168 INFO] Validation perplexity: 743.981
[2024-02-24 11:41:48,168 INFO] Validation accuracy: 16.1374
[2024-02-24 11:41:48,169 INFO] Saving checkpoint tg-both/tg_03_step_6600.pt
[2024-02-24 11:41:48,906 INFO] Step 6650/10000; acc: 89.8; ppl:   1.9; xent: 0.6; lr: 1.00000; sents:    3200; bsz:  315/ 207/64; 3195/2099 tok/s;    234 sec;
[2024-02-24 11:41:49,438 INFO] Step 6700/10000; acc: 79.9; ppl:   3.4; xent: 1.2; lr: 1.00000; sents:    3200; bsz:  310/ 232/64; 29134/21807 tok/s;    234 sec;
[2024-02-24 11:41:49,889 INFO] Step 6750/10000; acc: 87.1; ppl:   2.2; xent: 0.8; lr: 1.00000; sents:    3200; bsz:  301/ 204/64; 33364/22535 tok/s;    235 sec;
[2024-02-24 11:41:50,322 INFO] Step 6800/10000; acc: 91.6; ppl:   1.6; xent: 0.5; lr: 1.00000; sents:    3200; bsz:  317/ 212/64; 36734/24586 tok/s;    235 sec;
[2024-02-24 11:41:54,401 INFO] valid stats calculation
                           took: 4.079315662384033 s.
[2024-02-24 11:41:54,402 INFO] Train perplexity: 13.4779
[2024-02-24 11:41:54,402 INFO] Train accuracy: 55.2
[2024-02-24 11:41:54,402 INFO] Sentences processed: 435100
[2024-02-24 11:41:54,402 INFO] Average bsz:  309/ 219/64
[2024-02-24 11:41:54,402 INFO] Validation perplexity: 523.484
[2024-02-24 11:41:54,402 INFO] Validation accuracy: 14.4295
[2024-02-24 11:41:54,403 INFO] Saving checkpoint tg-both/tg_03_step_6800.pt
[2024-02-24 11:41:54,887 INFO] Step 6850/10000; acc: 87.3; ppl:   2.0; xent: 0.7; lr: 1.00000; sents:    3200; bsz:  291/ 196/64; 3191/2151 tok/s;    240 sec;
[2024-02-24 11:41:55,318 INFO] Step 6900/10000; acc: 86.5; ppl:   2.3; xent: 0.8; lr: 1.00000; sents:    3200; bsz:  290/ 206/64; 33588/23859 tok/s;    240 sec;
[2024-02-24 11:41:57,637 INFO] Step 6950/10000; acc: 96.0; ppl:   1.2; xent: 0.2; lr: 1.00000; sents:    3200; bsz:  282/ 199/64; 6073/4291 tok/s;    243 sec;
[2024-02-24 11:41:58,250 INFO] Step 7000/10000; acc: 82.8; ppl:   2.8; xent: 1.0; lr: 1.00000; sents:    3200; bsz:  327/ 233/64; 26730/19035 tok/s;    243 sec;
[2024-02-24 11:42:02,490 INFO] valid stats calculation
                           took: 4.239890098571777 s.
[2024-02-24 11:42:02,490 INFO] Train perplexity: 12.7974
[2024-02-24 11:42:02,490 INFO] Train accuracy: 56.0916
[2024-02-24 11:42:02,490 INFO] Sentences processed: 447900
[2024-02-24 11:42:02,491 INFO] Average bsz:  309/ 219/64
[2024-02-24 11:42:02,491 INFO] Validation perplexity: 473.845
[2024-02-24 11:42:02,491 INFO] Validation accuracy: 18.0668
[2024-02-24 11:42:02,492 INFO] Saving checkpoint tg-both/tg_03_step_7000.pt
[2024-02-24 11:42:03,295 INFO] Step 7050/10000; acc: 87.4; ppl:   2.2; xent: 0.8; lr: 1.00000; sents:    3200; bsz:  285/ 200/64; 2829/1986 tok/s;    248 sec;
[2024-02-24 11:42:03,956 INFO] Step 7100/10000; acc: 95.6; ppl:   1.2; xent: 0.2; lr: 1.00000; sents:    3200; bsz:  287/ 182/64; 21671/13738 tok/s;    249 sec;
[2024-02-24 11:42:04,777 INFO] Step 7150/10000; acc: 79.9; ppl:   3.3; xent: 1.2; lr: 1.00000; sents:    3200; bsz:  322/ 226/64; 19608/13743 tok/s;    250 sec;
[2024-02-24 11:42:05,505 INFO] Step 7200/10000; acc: 89.8; ppl:   1.8; xent: 0.6; lr: 1.00000; sents:    3200; bsz:  299/ 216/64; 20531/14881 tok/s;    250 sec;
[2024-02-24 11:42:10,185 INFO] valid stats calculation
                           took: 4.679542541503906 s.
[2024-02-24 11:42:10,185 INFO] Train perplexity: 12.1951
[2024-02-24 11:42:10,185 INFO] Train accuracy: 56.9225
[2024-02-24 11:42:10,185 INFO] Sentences processed: 460700
[2024-02-24 11:42:10,185 INFO] Average bsz:  308/ 218/64
[2024-02-24 11:42:10,185 INFO] Validation perplexity: 531.836
[2024-02-24 11:42:10,186 INFO] Validation accuracy: 17.4206
[2024-02-24 11:42:10,187 INFO] Saving checkpoint tg-both/tg_03_step_7200.pt
[2024-02-24 11:42:11,019 INFO] Step 7250/10000; acc: 82.8; ppl:   2.8; xent: 1.0; lr: 1.00000; sents:    3200; bsz:  323/ 230/64; 2927/2082 tok/s;    256 sec;
[2024-02-24 11:42:11,737 INFO] Step 7300/10000; acc: 80.9; ppl:   3.2; xent: 1.2; lr: 1.00000; sents:    3200; bsz:  319/ 228/64; 22211/15897 tok/s;    257 sec;
[2024-02-24 11:42:12,395 INFO] Step 7350/10000; acc: 88.4; ppl:   2.0; xent: 0.7; lr: 1.00000; sents:    3200; bsz:  316/ 207/64; 24018/15753 tok/s;    257 sec;
[2024-02-24 11:42:13,053 INFO] Step 7400/10000; acc: 93.7; ppl:   1.3; xent: 0.3; lr: 1.00000; sents:    3200; bsz:  308/ 211/64; 23457/16049 tok/s;    258 sec;
[2024-02-24 11:42:18,010 INFO] valid stats calculation
                           took: 4.956420660018921 s.
[2024-02-24 11:42:18,010 INFO] Train perplexity: 11.6469
[2024-02-24 11:42:18,011 INFO] Train accuracy: 57.7175
[2024-02-24 11:42:18,011 INFO] Sentences processed: 473500
[2024-02-24 11:42:18,011 INFO] Average bsz:  308/ 218/64
[2024-02-24 11:42:18,011 INFO] Validation perplexity: 654.851
[2024-02-24 11:42:18,011 INFO] Validation accuracy: 16.7374
[2024-02-24 11:42:18,012 INFO] Saving checkpoint tg-both/tg_03_step_7400.pt
[2024-02-24 11:42:18,647 INFO] Step 7450/10000; acc: 90.8; ppl:   1.8; xent: 0.6; lr: 1.00000; sents:    3200; bsz:  297/ 211/64; 2654/1886 tok/s;    264 sec;
[2024-02-24 11:42:19,213 INFO] Step 7500/10000; acc: 89.2; ppl:   1.8; xent: 0.6; lr: 1.00000; sents:    3200; bsz:  283/ 208/64; 25012/18381 tok/s;    264 sec;
[2024-02-24 11:42:19,860 INFO] Step 7550/10000; acc: 75.3; ppl:   4.7; xent: 1.5; lr: 1.00000; sents:    3200; bsz:  300/ 223/64; 23201/17232 tok/s;    265 sec;
[2024-02-24 11:42:20,490 INFO] Step 7600/10000; acc: 85.5; ppl:   2.4; xent: 0.9; lr: 1.00000; sents:    3200; bsz:  304/ 235/64; 24084/18623 tok/s;    265 sec;
[2024-02-24 11:42:25,499 INFO] valid stats calculation
                           took: 5.007836818695068 s.
[2024-02-24 11:42:25,499 INFO] Train perplexity: 11.1797
[2024-02-24 11:42:25,499 INFO] Train accuracy: 58.4393
[2024-02-24 11:42:25,499 INFO] Sentences processed: 486300
[2024-02-24 11:42:25,499 INFO] Average bsz:  308/ 218/64
[2024-02-24 11:42:25,499 INFO] Validation perplexity: 404.898
[2024-02-24 11:42:25,499 INFO] Validation accuracy: 17.9007
[2024-02-24 11:42:25,501 INFO] Saving checkpoint tg-both/tg_03_step_7600.pt
[2024-02-24 11:42:26,097 INFO] Step 7650/10000; acc: 90.4; ppl:   1.7; xent: 0.5; lr: 1.00000; sents:    3200; bsz:  284/ 221/64; 2534/1970 tok/s;    271 sec;
[2024-02-24 11:42:26,661 INFO] Step 7700/10000; acc: 79.1; ppl:   3.5; xent: 1.3; lr: 1.00000; sents:    3200; bsz:  330/ 244/64; 29314/21651 tok/s;    272 sec;
[2024-02-24 11:42:27,117 INFO] Step 7750/10000; acc: 95.8; ppl:   1.2; xent: 0.2; lr: 1.00000; sents:    3200; bsz:  274/ 202/64; 30028/22170 tok/s;    272 sec;
[2024-02-24 11:42:27,601 INFO] Step 7800/10000; acc: 89.6; ppl:   1.7; xent: 0.6; lr: 1.00000; sents:    3200; bsz:  297/ 211/64; 30702/21779 tok/s;    272 sec;
[2024-02-24 11:42:31,976 INFO] valid stats calculation
                           took: 4.375028371810913 s.
[2024-02-24 11:42:31,977 INFO] Train perplexity: 10.6811
[2024-02-24 11:42:31,977 INFO] Train accuracy: 59.2087
[2024-02-24 11:42:31,977 INFO] Sentences processed: 499100
[2024-02-24 11:42:31,977 INFO] Average bsz:  308/ 219/64
[2024-02-24 11:42:31,977 INFO] Validation perplexity: 587.488
[2024-02-24 11:42:31,977 INFO] Validation accuracy: 16.8759
[2024-02-24 11:42:31,979 INFO] Saving checkpoint tg-both/tg_03_step_7800.pt
[2024-02-24 11:42:32,901 INFO] Step 7850/10000; acc: 85.8; ppl:   2.4; xent: 0.9; lr: 1.00000; sents:    3200; bsz:  368/ 251/64; 3471/2366 tok/s;    278 sec;
[2024-02-24 11:42:33,672 INFO] Step 7900/10000; acc: 97.3; ppl:   1.1; xent: 0.1; lr: 1.00000; sents:    3200; bsz:  335/ 237/64; 21752/15359 tok/s;    279 sec;
[2024-02-24 11:42:34,497 INFO] Step 7950/10000; acc: 68.8; ppl:   7.0; xent: 2.0; lr: 1.00000; sents:    3200; bsz:  316/ 214/64; 19143/12991 tok/s;    279 sec;
[2024-02-24 11:42:35,304 INFO] Step 8000/10000; acc: 91.2; ppl:   1.7; xent: 0.5; lr: 1.00000; sents:    3200; bsz:  333/ 228/64; 20638/14127 tok/s;    280 sec;
[2024-02-24 11:42:40,707 INFO] valid stats calculation
                           took: 5.402804136276245 s.
[2024-02-24 11:42:40,708 INFO] Train perplexity: 10.2558
[2024-02-24 11:42:40,708 INFO] Train accuracy: 59.9237
[2024-02-24 11:42:40,708 INFO] Sentences processed: 511900
[2024-02-24 11:42:40,708 INFO] Average bsz:  309/ 219/64
[2024-02-24 11:42:40,708 INFO] Validation perplexity: 456.297
[2024-02-24 11:42:40,709 INFO] Validation accuracy: 19.2393
[2024-02-24 11:42:40,709 INFO] Saving checkpoint tg-both/tg_03_step_8000.pt
[2024-02-24 11:42:41,474 INFO] Step 8050/10000; acc: 80.6; ppl:   4.0; xent: 1.4; lr: 1.00000; sents:    3195; bsz:  338/ 247/64; 2741/1998 tok/s;    286 sec;
[2024-02-24 11:42:42,071 INFO] Step 8100/10000; acc: 87.2; ppl:   2.2; xent: 0.8; lr: 1.00000; sents:    3200; bsz:  288/ 212/64; 24109/17710 tok/s;    287 sec;
[2024-02-24 11:42:42,680 INFO] Step 8150/10000; acc: 87.7; ppl:   2.1; xent: 0.7; lr: 1.00000; sents:    3200; bsz:  292/ 223/64; 24002/18318 tok/s;    288 sec;
[2024-02-24 11:42:43,271 INFO] Step 8200/10000; acc: 96.0; ppl:   1.1; xent: 0.1; lr: 1.00000; sents:    3200; bsz:  274/ 198/64; 23174/16785 tok/s;    288 sec;
[2024-02-24 11:42:48,169 INFO] valid stats calculation
                           took: 4.89831805229187 s.
[2024-02-24 11:42:48,170 INFO] Train perplexity: 9.87637
[2024-02-24 11:42:48,170 INFO] Train accuracy: 60.5978
[2024-02-24 11:42:48,170 INFO] Sentences processed: 524695
[2024-02-24 11:42:48,170 INFO] Average bsz:  308/ 219/64
[2024-02-24 11:42:48,170 INFO] Validation perplexity: 422.292
[2024-02-24 11:42:48,170 INFO] Validation accuracy: 17.3375
[2024-02-24 11:42:48,172 INFO] Saving checkpoint tg-both/tg_03_step_8200.pt
[2024-02-24 11:42:48,932 INFO] Step 8250/10000; acc: 89.8; ppl:   1.9; xent: 0.7; lr: 1.00000; sents:    3200; bsz:  251/ 206/64; 2217/1816 tok/s;    294 sec;
[2024-02-24 11:42:49,639 INFO] Step 8300/10000; acc: 90.2; ppl:   1.7; xent: 0.6; lr: 1.00000; sents:    3200; bsz:  333/ 228/64; 23545/16164 tok/s;    295 sec;
[2024-02-24 11:42:50,273 INFO] Step 8350/10000; acc: 96.7; ppl:   1.1; xent: 0.1; lr: 1.00000; sents:    3200; bsz:  285/ 191/64; 22524/15050 tok/s;    295 sec;
[2024-02-24 11:42:50,941 INFO] Step 8400/10000; acc: 97.6; ppl:   1.1; xent: 0.1; lr: 1.00000; sents:    3200; bsz:  292/ 220/64; 21848/16482 tok/s;    296 sec;
[2024-02-24 11:42:56,263 INFO] valid stats calculation
                           took: 5.321070909500122 s.
[2024-02-24 11:42:56,263 INFO] Train perplexity: 9.44709
[2024-02-24 11:42:56,263 INFO] Train accuracy: 61.3545
[2024-02-24 11:42:56,264 INFO] Sentences processed: 537495
[2024-02-24 11:42:56,264 INFO] Average bsz:  308/ 219/64
[2024-02-24 11:42:56,264 INFO] Validation perplexity: 446.003
[2024-02-24 11:42:56,264 INFO] Validation accuracy: 17.8083
[2024-02-24 11:42:56,265 INFO] Saving checkpoint tg-both/tg_03_step_8400.pt
[2024-02-24 11:42:57,033 INFO] Step 8450/10000; acc: 93.3; ppl:   1.4; xent: 0.4; lr: 1.00000; sents:    3200; bsz:  340/ 219/64; 2792/1800 tok/s;    302 sec;
[2024-02-24 11:42:57,631 INFO] Step 8500/10000; acc: 90.0; ppl:   1.7; xent: 0.6; lr: 1.00000; sents:    3200; bsz:  280/ 191/64; 23379/15954 tok/s;    303 sec;
[2024-02-24 11:42:58,331 INFO] Step 8550/10000; acc: 84.2; ppl:   2.6; xent: 1.0; lr: 1.00000; sents:    3200; bsz:  317/ 234/64; 22710/16731 tok/s;    303 sec;
[2024-02-24 11:42:58,988 INFO] Step 8600/10000; acc: 95.4; ppl:   1.3; xent: 0.3; lr: 1.00000; sents:    3200; bsz:  349/ 236/64; 26584/17965 tok/s;    304 sec;
[2024-02-24 11:43:03,609 INFO] valid stats calculation
                           took: 4.620416879653931 s.
[2024-02-24 11:43:03,610 INFO] Train perplexity: 9.0768
[2024-02-24 11:43:03,610 INFO] Train accuracy: 62.041
[2024-02-24 11:43:03,610 INFO] Sentences processed: 550295
[2024-02-24 11:43:03,610 INFO] Average bsz:  308/ 219/64
[2024-02-24 11:43:03,610 INFO] Validation perplexity: 421.156
[2024-02-24 11:43:03,610 INFO] Validation accuracy: 19.0639
[2024-02-24 11:43:03,611 INFO] Saving checkpoint tg-both/tg_03_step_8600.pt
[2024-02-24 11:43:04,453 INFO] Step 8650/10000; acc: 89.7; ppl:   1.8; xent: 0.6; lr: 1.00000; sents:    3200; bsz:  308/ 218/64; 2822/1994 tok/s;    309 sec;
[2024-02-24 11:43:05,216 INFO] Step 8700/10000; acc: 88.6; ppl:   2.0; xent: 0.7; lr: 1.00000; sents:    3200; bsz:  310/ 221/64; 20327/14513 tok/s;    310 sec;
[2024-02-24 11:43:05,905 INFO] Step 8750/10000; acc: 96.8; ppl:   1.1; xent: 0.1; lr: 1.00000; sents:    3200; bsz:  289/ 196/64; 21006/14221 tok/s;    311 sec;
[2024-02-24 11:43:06,636 INFO] Step 8800/10000; acc: 92.0; ppl:   1.5; xent: 0.4; lr: 1.00000; sents:    3200; bsz:  310/ 223/64; 21207/15297 tok/s;    312 sec;
[2024-02-24 11:43:11,524 INFO] valid stats calculation
                           took: 4.888048410415649 s.
[2024-02-24 11:43:11,525 INFO] Train perplexity: 8.72962
[2024-02-24 11:43:11,525 INFO] Train accuracy: 62.7016
[2024-02-24 11:43:11,525 INFO] Sentences processed: 563095
[2024-02-24 11:43:11,525 INFO] Average bsz:  308/ 219/64
[2024-02-24 11:43:11,525 INFO] Validation perplexity: 394.403
[2024-02-24 11:43:11,525 INFO] Validation accuracy: 16.9036
[2024-02-24 11:43:11,526 INFO] Saving checkpoint tg-both/tg_03_step_8800.pt
[2024-02-24 11:43:12,480 INFO] Step 8850/10000; acc: 77.1; ppl:   4.0; xent: 1.4; lr: 1.00000; sents:    3200; bsz:  332/ 239/64; 2837/2044 tok/s;    317 sec;
[2024-02-24 11:43:13,322 INFO] Step 8900/10000; acc: 77.6; ppl:   4.2; xent: 1.4; lr: 1.00000; sents:    3200; bsz:  358/ 249/64; 21260/14790 tok/s;    318 sec;
[2024-02-24 11:43:14,080 INFO] Step 8950/10000; acc: 86.0; ppl:   2.4; xent: 0.9; lr: 1.00000; sents:    3200; bsz:  301/ 212/64; 19874/13966 tok/s;    319 sec;
[2024-02-24 11:43:14,845 INFO] Step 9000/10000; acc: 86.2; ppl:   2.4; xent: 0.9; lr: 1.00000; sents:    3200; bsz:  302/ 210/64; 19713/13754 tok/s;    320 sec;
[2024-02-24 11:43:19,725 INFO] valid stats calculation
                           took: 4.878821134567261 s.
[2024-02-24 11:43:19,725 INFO] Train perplexity: 8.52995
[2024-02-24 11:43:19,725 INFO] Train accuracy: 63.1344
[2024-02-24 11:43:19,726 INFO] Sentences processed: 575895
[2024-02-24 11:43:19,726 INFO] Average bsz:  308/ 219/64
[2024-02-24 11:43:19,726 INFO] Validation perplexity: 364.156
[2024-02-24 11:43:19,726 INFO] Validation accuracy: 18.9069
[2024-02-24 11:43:19,727 INFO] Saving checkpoint tg-both/tg_03_step_9000.pt
[2024-02-24 11:43:20,629 INFO] Step 9050/10000; acc: 87.5; ppl:   2.1; xent: 0.7; lr: 1.00000; sents:    3200; bsz:  328/ 243/64; 2833/2104 tok/s;    326 sec;
[2024-02-24 11:43:21,426 INFO] Step 9100/10000; acc: 86.3; ppl:   2.3; xent: 0.8; lr: 1.00000; sents:    3155; bsz:  325/ 212/63; 20396/13267 tok/s;    326 sec;
[2024-02-24 11:43:22,225 INFO] Step 9150/10000; acc: 81.6; ppl:   3.0; xent: 1.1; lr: 1.00000; sents:    3200; bsz:  324/ 229/64; 20294/14363 tok/s;    327 sec;
[2024-02-24 11:43:22,933 INFO] Step 9200/10000; acc: 93.5; ppl:   1.5; xent: 0.4; lr: 1.00000; sents:    3200; bsz:  285/ 205/64; 20183/14492 tok/s;    328 sec;
[2024-02-24 11:43:27,539 INFO] valid stats calculation
                           took: 4.605386734008789 s.
[2024-02-24 11:43:27,539 INFO] Train perplexity: 8.27473
[2024-02-24 11:43:27,539 INFO] Train accuracy: 63.663
[2024-02-24 11:43:27,539 INFO] Sentences processed: 588650
[2024-02-24 11:43:27,539 INFO] Average bsz:  309/ 219/64
[2024-02-24 11:43:27,539 INFO] Validation perplexity: 362.511
[2024-02-24 11:43:27,539 INFO] Validation accuracy: 19.2855
[2024-02-24 11:43:27,540 INFO] Saving checkpoint tg-both/tg_03_step_9200.pt
[2024-02-24 11:43:28,354 INFO] Step 9250/10000; acc: 89.4; ppl:   1.9; xent: 0.6; lr: 1.00000; sents:    3200; bsz:  310/ 211/64; 2862/1944 tok/s;    333 sec;
[2024-02-24 11:43:29,109 INFO] Step 9300/10000; acc: 92.1; ppl:   1.6; xent: 0.5; lr: 1.00000; sents:    3200; bsz:  301/ 218/64; 19932/14431 tok/s;    334 sec;
[2024-02-24 11:43:29,909 INFO] Step 9350/10000; acc: 84.4; ppl:   2.4; xent: 0.9; lr: 1.00000; sents:    3200; bsz:  317/ 235/64; 19850/14668 tok/s;    335 sec;
[2024-02-24 11:43:30,654 INFO] Step 9400/10000; acc: 92.6; ppl:   1.5; xent: 0.4; lr: 1.00000; sents:    3200; bsz:  273/ 193/64; 18357/12932 tok/s;    336 sec;
[2024-02-24 11:43:35,601 INFO] valid stats calculation
                           took: 4.946617126464844 s.
[2024-02-24 11:43:35,602 INFO] Train perplexity: 8.02012
[2024-02-24 11:43:35,602 INFO] Train accuracy: 64.1992
[2024-02-24 11:43:35,602 INFO] Sentences processed: 601450
[2024-02-24 11:43:35,602 INFO] Average bsz:  308/ 219/64
[2024-02-24 11:43:35,602 INFO] Validation perplexity: 415.853
[2024-02-24 11:43:35,602 INFO] Validation accuracy: 18.4823
[2024-02-24 11:43:35,603 INFO] Saving checkpoint tg-both/tg_03_step_9400.pt
[2024-02-24 11:43:36,474 INFO] Step 9450/10000; acc: 85.3; ppl:   2.3; xent: 0.8; lr: 1.00000; sents:    3200; bsz:  300/ 210/64; 2574/1806 tok/s;    341 sec;
[2024-02-24 11:43:37,154 INFO] Step 9500/10000; acc: 93.1; ppl:   1.4; xent: 0.3; lr: 1.00000; sents:    3200; bsz:  270/ 185/64; 19875/13579 tok/s;    342 sec;
[2024-02-24 11:43:37,868 INFO] Step 9550/10000; acc: 96.0; ppl:   1.2; xent: 0.2; lr: 1.00000; sents:    3200; bsz:  298/ 205/64; 20889/14328 tok/s;    343 sec;
[2024-02-24 11:43:38,565 INFO] Step 9600/10000; acc: 91.7; ppl:   1.5; xent: 0.4; lr: 1.00000; sents:    3200; bsz:  265/ 191/64; 19023/13693 tok/s;    343 sec;
[2024-02-24 11:43:44,045 INFO] valid stats calculation
                           took: 5.479681015014648 s.
[2024-02-24 11:43:44,046 INFO] Train perplexity: 7.77803
[2024-02-24 11:43:44,046 INFO] Train accuracy: 64.7119
[2024-02-24 11:43:44,046 INFO] Sentences processed: 614250
[2024-02-24 11:43:44,046 INFO] Average bsz:  308/ 218/64
[2024-02-24 11:43:44,046 INFO] Validation perplexity: 430.059
[2024-02-24 11:43:44,046 INFO] Validation accuracy: 17.8083
[2024-02-24 11:43:44,047 INFO] Saving checkpoint tg-both/tg_03_step_9600.pt
[2024-02-24 11:43:44,977 INFO] Step 9650/10000; acc: 87.7; ppl:   2.1; xent: 0.7; lr: 1.00000; sents:    3200; bsz:  348/ 242/64; 2712/1888 tok/s;    350 sec;
[2024-02-24 11:43:45,755 INFO] Step 9700/10000; acc: 84.1; ppl:   2.6; xent: 0.9; lr: 1.00000; sents:    3200; bsz:  317/ 220/64; 20377/14157 tok/s;    351 sec;
[2024-02-24 11:43:46,464 INFO] Step 9750/10000; acc: 93.9; ppl:   1.3; xent: 0.3; lr: 1.00000; sents:    3200; bsz:  283/ 194/64; 19970/13688 tok/s;    351 sec;
[2024-02-24 11:43:47,222 INFO] Step 9800/10000; acc: 97.7; ppl:   1.1; xent: 0.1; lr: 1.00000; sents:    3200; bsz:  307/ 220/64; 20264/14523 tok/s;    352 sec;
[2024-02-24 11:43:52,934 INFO] valid stats calculation
                           took: 5.711901426315308 s.
[2024-02-24 11:43:52,935 INFO] Train perplexity: 7.53901
[2024-02-24 11:43:52,935 INFO] Train accuracy: 65.2437
[2024-02-24 11:43:52,935 INFO] Sentences processed: 627050
[2024-02-24 11:43:52,935 INFO] Average bsz:  308/ 218/64
[2024-02-24 11:43:52,935 INFO] Validation perplexity: 497.599
[2024-02-24 11:43:52,935 INFO] Validation accuracy: 17.7437
[2024-02-24 11:43:52,936 INFO] Saving checkpoint tg-both/tg_03_step_9800.pt
[2024-02-24 11:43:53,776 INFO] Step 9850/10000; acc: 90.8; ppl:   1.6; xent: 0.5; lr: 1.00000; sents:    3200; bsz:  275/ 216/64; 2100/1648 tok/s;    359 sec;
[2024-02-24 11:43:54,598 INFO] Step 9900/10000; acc: 84.1; ppl:   2.7; xent: 1.0; lr: 1.00000; sents:    3200; bsz:  355/ 239/64; 21592/14543 tok/s;    359 sec;
[2024-02-24 11:43:55,372 INFO] Step 9950/10000; acc: 86.7; ppl:   2.2; xent: 0.8; lr: 1.00000; sents:    3200; bsz:  323/ 229/64; 20836/14797 tok/s;    360 sec;
[2024-02-24 11:43:56,118 INFO] Step 10000/10000; acc: 92.3; ppl:   1.5; xent: 0.4; lr: 1.00000; sents:    3200; bsz:  318/ 217/64; 21349/14559 tok/s;    361 sec;
[2024-02-24 11:44:01,347 INFO] valid stats calculation
                           took: 5.228217601776123 s.
[2024-02-24 11:44:01,347 INFO] Train perplexity: 7.3334
[2024-02-24 11:44:01,347 INFO] Train accuracy: 65.7202
[2024-02-24 11:44:01,348 INFO] Sentences processed: 639850
[2024-02-24 11:44:01,348 INFO] Average bsz:  308/ 219/64
[2024-02-24 11:44:01,348 INFO] Validation perplexity: 398.134
[2024-02-24 11:44:01,348 INFO] Validation accuracy: 18.1592
[2024-02-24 11:44:01,349 INFO] Saving checkpoint tg-both/tg_03_step_10000.pt
